[2024-05-30T11:15:37.353+0000] {processor.py:161} INFO - Started process (PID=35) to work on /home/airflow/.local/lib/python3.8/site-packages/airflow/example_dags/example_latest_only_with_trigger.py
[2024-05-30T11:15:37.354+0000] {processor.py:830} INFO - Processing file /home/airflow/.local/lib/python3.8/site-packages/airflow/example_dags/example_latest_only_with_trigger.py for tasks to queue
[2024-05-30T11:15:37.360+0000] {logging_mixin.py:188} INFO - [2024-05-30T11:15:37.360+0000] {dagbag.py:540} INFO - Filling up the DagBag from /home/airflow/.local/lib/python3.8/site-packages/airflow/example_dags/example_latest_only_with_trigger.py
[2024-05-30T11:15:37.404+0000] {processor.py:840} INFO - DAG(s) 'latest_only_with_trigger' retrieved from /home/airflow/.local/lib/python3.8/site-packages/airflow/example_dags/example_latest_only_with_trigger.py
[2024-05-30T11:15:37.470+0000] {logging_mixin.py:188} INFO - [2024-05-30T11:15:37.469+0000] {dag.py:3047} INFO - Sync 1 DAGs
[2024-05-30T11:15:37.502+0000] {logging_mixin.py:188} INFO - [2024-05-30T11:15:37.501+0000] {dag.py:3834} INFO - Setting next_dagrun for latest_only_with_trigger to 2024-05-30 04:00:00+00:00, run_after=2024-05-30 08:00:00+00:00
[2024-05-30T11:15:37.531+0000] {processor.py:183} INFO - Processing /home/airflow/.local/lib/python3.8/site-packages/airflow/example_dags/example_latest_only_with_trigger.py took 0.181 seconds
[2024-05-30T11:16:07.813+0000] {processor.py:161} INFO - Started process (PID=91) to work on /home/airflow/.local/lib/python3.8/site-packages/airflow/example_dags/example_latest_only_with_trigger.py
[2024-05-30T11:16:07.814+0000] {processor.py:830} INFO - Processing file /home/airflow/.local/lib/python3.8/site-packages/airflow/example_dags/example_latest_only_with_trigger.py for tasks to queue
[2024-05-30T11:16:07.818+0000] {logging_mixin.py:188} INFO - [2024-05-30T11:16:07.818+0000] {dagbag.py:540} INFO - Filling up the DagBag from /home/airflow/.local/lib/python3.8/site-packages/airflow/example_dags/example_latest_only_with_trigger.py
[2024-05-30T11:16:07.827+0000] {processor.py:840} INFO - DAG(s) 'latest_only_with_trigger' retrieved from /home/airflow/.local/lib/python3.8/site-packages/airflow/example_dags/example_latest_only_with_trigger.py
[2024-05-30T11:16:07.861+0000] {logging_mixin.py:188} INFO - [2024-05-30T11:16:07.861+0000] {dag.py:3047} INFO - Sync 1 DAGs
[2024-05-30T11:16:07.894+0000] {logging_mixin.py:188} INFO - [2024-05-30T11:16:07.894+0000] {dag.py:3834} INFO - Setting next_dagrun for latest_only_with_trigger to 2024-05-30 04:00:00+00:00, run_after=2024-05-30 08:00:00+00:00
[2024-05-30T11:16:07.943+0000] {processor.py:183} INFO - Processing /home/airflow/.local/lib/python3.8/site-packages/airflow/example_dags/example_latest_only_with_trigger.py took 0.134 seconds
[2024-05-30T11:16:38.309+0000] {processor.py:161} INFO - Started process (PID=148) to work on /home/airflow/.local/lib/python3.8/site-packages/airflow/example_dags/example_latest_only_with_trigger.py
[2024-05-30T11:16:38.311+0000] {processor.py:830} INFO - Processing file /home/airflow/.local/lib/python3.8/site-packages/airflow/example_dags/example_latest_only_with_trigger.py for tasks to queue
[2024-05-30T11:16:38.315+0000] {logging_mixin.py:188} INFO - [2024-05-30T11:16:38.314+0000] {dagbag.py:540} INFO - Filling up the DagBag from /home/airflow/.local/lib/python3.8/site-packages/airflow/example_dags/example_latest_only_with_trigger.py
[2024-05-30T11:16:38.324+0000] {processor.py:840} INFO - DAG(s) 'latest_only_with_trigger' retrieved from /home/airflow/.local/lib/python3.8/site-packages/airflow/example_dags/example_latest_only_with_trigger.py
[2024-05-30T11:16:38.359+0000] {logging_mixin.py:188} INFO - [2024-05-30T11:16:38.359+0000] {dag.py:3047} INFO - Sync 1 DAGs
[2024-05-30T11:16:38.396+0000] {logging_mixin.py:188} INFO - [2024-05-30T11:16:38.396+0000] {dag.py:3834} INFO - Setting next_dagrun for latest_only_with_trigger to 2024-05-30 04:00:00+00:00, run_after=2024-05-30 08:00:00+00:00
[2024-05-30T11:16:38.433+0000] {processor.py:183} INFO - Processing /home/airflow/.local/lib/python3.8/site-packages/airflow/example_dags/example_latest_only_with_trigger.py took 0.129 seconds
[2024-05-30T11:17:08.612+0000] {processor.py:161} INFO - Started process (PID=205) to work on /home/airflow/.local/lib/python3.8/site-packages/airflow/example_dags/example_latest_only_with_trigger.py
[2024-05-30T11:17:08.613+0000] {processor.py:830} INFO - Processing file /home/airflow/.local/lib/python3.8/site-packages/airflow/example_dags/example_latest_only_with_trigger.py for tasks to queue
[2024-05-30T11:17:08.616+0000] {logging_mixin.py:188} INFO - [2024-05-30T11:17:08.615+0000] {dagbag.py:540} INFO - Filling up the DagBag from /home/airflow/.local/lib/python3.8/site-packages/airflow/example_dags/example_latest_only_with_trigger.py
[2024-05-30T11:17:08.621+0000] {processor.py:840} INFO - DAG(s) 'latest_only_with_trigger' retrieved from /home/airflow/.local/lib/python3.8/site-packages/airflow/example_dags/example_latest_only_with_trigger.py
[2024-05-30T11:17:08.644+0000] {logging_mixin.py:188} INFO - [2024-05-30T11:17:08.643+0000] {dag.py:3047} INFO - Sync 1 DAGs
[2024-05-30T11:17:08.669+0000] {logging_mixin.py:188} INFO - [2024-05-30T11:17:08.669+0000] {dag.py:3834} INFO - Setting next_dagrun for latest_only_with_trigger to 2024-05-30 04:00:00+00:00, run_after=2024-05-30 08:00:00+00:00
[2024-05-30T11:17:08.693+0000] {processor.py:183} INFO - Processing /home/airflow/.local/lib/python3.8/site-packages/airflow/example_dags/example_latest_only_with_trigger.py took 0.083 seconds
[2024-05-30T11:17:38.888+0000] {processor.py:161} INFO - Started process (PID=262) to work on /home/airflow/.local/lib/python3.8/site-packages/airflow/example_dags/example_latest_only_with_trigger.py
[2024-05-30T11:17:38.889+0000] {processor.py:830} INFO - Processing file /home/airflow/.local/lib/python3.8/site-packages/airflow/example_dags/example_latest_only_with_trigger.py for tasks to queue
[2024-05-30T11:17:38.891+0000] {logging_mixin.py:188} INFO - [2024-05-30T11:17:38.891+0000] {dagbag.py:540} INFO - Filling up the DagBag from /home/airflow/.local/lib/python3.8/site-packages/airflow/example_dags/example_latest_only_with_trigger.py
[2024-05-30T11:17:38.896+0000] {processor.py:840} INFO - DAG(s) 'latest_only_with_trigger' retrieved from /home/airflow/.local/lib/python3.8/site-packages/airflow/example_dags/example_latest_only_with_trigger.py
[2024-05-30T11:17:38.919+0000] {logging_mixin.py:188} INFO - [2024-05-30T11:17:38.919+0000] {dag.py:3047} INFO - Sync 1 DAGs
[2024-05-30T11:17:38.945+0000] {logging_mixin.py:188} INFO - [2024-05-30T11:17:38.945+0000] {dag.py:3834} INFO - Setting next_dagrun for latest_only_with_trigger to 2024-05-30 04:00:00+00:00, run_after=2024-05-30 08:00:00+00:00
[2024-05-30T11:17:38.969+0000] {processor.py:183} INFO - Processing /home/airflow/.local/lib/python3.8/site-packages/airflow/example_dags/example_latest_only_with_trigger.py took 0.084 seconds
[2024-05-30T11:18:09.395+0000] {processor.py:161} INFO - Started process (PID=319) to work on /home/airflow/.local/lib/python3.8/site-packages/airflow/example_dags/example_latest_only_with_trigger.py
[2024-05-30T11:18:09.397+0000] {processor.py:830} INFO - Processing file /home/airflow/.local/lib/python3.8/site-packages/airflow/example_dags/example_latest_only_with_trigger.py for tasks to queue
[2024-05-30T11:18:09.399+0000] {logging_mixin.py:188} INFO - [2024-05-30T11:18:09.399+0000] {dagbag.py:540} INFO - Filling up the DagBag from /home/airflow/.local/lib/python3.8/site-packages/airflow/example_dags/example_latest_only_with_trigger.py
[2024-05-30T11:18:09.409+0000] {processor.py:840} INFO - DAG(s) 'latest_only_with_trigger' retrieved from /home/airflow/.local/lib/python3.8/site-packages/airflow/example_dags/example_latest_only_with_trigger.py
[2024-05-30T11:18:09.442+0000] {logging_mixin.py:188} INFO - [2024-05-30T11:18:09.442+0000] {dag.py:3047} INFO - Sync 1 DAGs
[2024-05-30T11:18:09.476+0000] {logging_mixin.py:188} INFO - [2024-05-30T11:18:09.476+0000] {dag.py:3834} INFO - Setting next_dagrun for latest_only_with_trigger to 2024-05-30 04:00:00+00:00, run_after=2024-05-30 08:00:00+00:00
[2024-05-30T11:18:09.502+0000] {processor.py:183} INFO - Processing /home/airflow/.local/lib/python3.8/site-packages/airflow/example_dags/example_latest_only_with_trigger.py took 0.112 seconds
[2024-05-30T11:18:39.649+0000] {processor.py:161} INFO - Started process (PID=376) to work on /home/airflow/.local/lib/python3.8/site-packages/airflow/example_dags/example_latest_only_with_trigger.py
[2024-05-30T11:18:39.651+0000] {processor.py:830} INFO - Processing file /home/airflow/.local/lib/python3.8/site-packages/airflow/example_dags/example_latest_only_with_trigger.py for tasks to queue
[2024-05-30T11:18:39.653+0000] {logging_mixin.py:188} INFO - [2024-05-30T11:18:39.652+0000] {dagbag.py:540} INFO - Filling up the DagBag from /home/airflow/.local/lib/python3.8/site-packages/airflow/example_dags/example_latest_only_with_trigger.py
[2024-05-30T11:18:39.658+0000] {processor.py:840} INFO - DAG(s) 'latest_only_with_trigger' retrieved from /home/airflow/.local/lib/python3.8/site-packages/airflow/example_dags/example_latest_only_with_trigger.py
[2024-05-30T11:18:39.680+0000] {logging_mixin.py:188} INFO - [2024-05-30T11:18:39.679+0000] {dag.py:3047} INFO - Sync 1 DAGs
[2024-05-30T11:18:39.706+0000] {logging_mixin.py:188} INFO - [2024-05-30T11:18:39.706+0000] {dag.py:3834} INFO - Setting next_dagrun for latest_only_with_trigger to 2024-05-30 04:00:00+00:00, run_after=2024-05-30 08:00:00+00:00
[2024-05-30T11:18:39.738+0000] {processor.py:183} INFO - Processing /home/airflow/.local/lib/python3.8/site-packages/airflow/example_dags/example_latest_only_with_trigger.py took 0.091 seconds
[2024-05-30T11:19:10.095+0000] {processor.py:161} INFO - Started process (PID=433) to work on /home/airflow/.local/lib/python3.8/site-packages/airflow/example_dags/example_latest_only_with_trigger.py
[2024-05-30T11:19:10.097+0000] {processor.py:830} INFO - Processing file /home/airflow/.local/lib/python3.8/site-packages/airflow/example_dags/example_latest_only_with_trigger.py for tasks to queue
[2024-05-30T11:19:10.100+0000] {logging_mixin.py:188} INFO - [2024-05-30T11:19:10.099+0000] {dagbag.py:540} INFO - Filling up the DagBag from /home/airflow/.local/lib/python3.8/site-packages/airflow/example_dags/example_latest_only_with_trigger.py
[2024-05-30T11:19:10.106+0000] {processor.py:840} INFO - DAG(s) 'latest_only_with_trigger' retrieved from /home/airflow/.local/lib/python3.8/site-packages/airflow/example_dags/example_latest_only_with_trigger.py
[2024-05-30T11:19:10.139+0000] {logging_mixin.py:188} INFO - [2024-05-30T11:19:10.138+0000] {dag.py:3047} INFO - Sync 1 DAGs
[2024-05-30T11:19:10.196+0000] {logging_mixin.py:188} INFO - [2024-05-30T11:19:10.195+0000] {dag.py:3834} INFO - Setting next_dagrun for latest_only_with_trigger to 2024-05-30 04:00:00+00:00, run_after=2024-05-30 08:00:00+00:00
[2024-05-30T11:19:10.228+0000] {processor.py:183} INFO - Processing /home/airflow/.local/lib/python3.8/site-packages/airflow/example_dags/example_latest_only_with_trigger.py took 0.136 seconds
[2024-05-30T11:19:40.714+0000] {processor.py:161} INFO - Started process (PID=490) to work on /home/airflow/.local/lib/python3.8/site-packages/airflow/example_dags/example_latest_only_with_trigger.py
[2024-05-30T11:19:40.716+0000] {processor.py:830} INFO - Processing file /home/airflow/.local/lib/python3.8/site-packages/airflow/example_dags/example_latest_only_with_trigger.py for tasks to queue
[2024-05-30T11:19:40.723+0000] {logging_mixin.py:188} INFO - [2024-05-30T11:19:40.722+0000] {dagbag.py:540} INFO - Filling up the DagBag from /home/airflow/.local/lib/python3.8/site-packages/airflow/example_dags/example_latest_only_with_trigger.py
[2024-05-30T11:19:40.738+0000] {processor.py:840} INFO - DAG(s) 'latest_only_with_trigger' retrieved from /home/airflow/.local/lib/python3.8/site-packages/airflow/example_dags/example_latest_only_with_trigger.py
[2024-05-30T11:19:40.779+0000] {logging_mixin.py:188} INFO - [2024-05-30T11:19:40.778+0000] {dag.py:3047} INFO - Sync 1 DAGs
[2024-05-30T11:19:40.825+0000] {logging_mixin.py:188} INFO - [2024-05-30T11:19:40.825+0000] {dag.py:3834} INFO - Setting next_dagrun for latest_only_with_trigger to 2024-05-30 04:00:00+00:00, run_after=2024-05-30 08:00:00+00:00
[2024-05-30T11:19:40.865+0000] {processor.py:183} INFO - Processing /home/airflow/.local/lib/python3.8/site-packages/airflow/example_dags/example_latest_only_with_trigger.py took 0.158 seconds
[2024-05-30T11:20:11.001+0000] {processor.py:161} INFO - Started process (PID=547) to work on /home/airflow/.local/lib/python3.8/site-packages/airflow/example_dags/example_latest_only_with_trigger.py
[2024-05-30T11:20:11.002+0000] {processor.py:830} INFO - Processing file /home/airflow/.local/lib/python3.8/site-packages/airflow/example_dags/example_latest_only_with_trigger.py for tasks to queue
[2024-05-30T11:20:11.004+0000] {logging_mixin.py:188} INFO - [2024-05-30T11:20:11.003+0000] {dagbag.py:540} INFO - Filling up the DagBag from /home/airflow/.local/lib/python3.8/site-packages/airflow/example_dags/example_latest_only_with_trigger.py
[2024-05-30T11:20:11.009+0000] {processor.py:840} INFO - DAG(s) 'latest_only_with_trigger' retrieved from /home/airflow/.local/lib/python3.8/site-packages/airflow/example_dags/example_latest_only_with_trigger.py
[2024-05-30T11:20:11.030+0000] {logging_mixin.py:188} INFO - [2024-05-30T11:20:11.030+0000] {dag.py:3047} INFO - Sync 1 DAGs
[2024-05-30T11:20:11.055+0000] {logging_mixin.py:188} INFO - [2024-05-30T11:20:11.055+0000] {dag.py:3834} INFO - Setting next_dagrun for latest_only_with_trigger to 2024-05-30 04:00:00+00:00, run_after=2024-05-30 08:00:00+00:00
[2024-05-30T11:20:11.078+0000] {processor.py:183} INFO - Processing /home/airflow/.local/lib/python3.8/site-packages/airflow/example_dags/example_latest_only_with_trigger.py took 0.080 seconds
[2024-05-30T11:20:41.458+0000] {processor.py:161} INFO - Started process (PID=604) to work on /home/airflow/.local/lib/python3.8/site-packages/airflow/example_dags/example_latest_only_with_trigger.py
[2024-05-30T11:20:41.459+0000] {processor.py:830} INFO - Processing file /home/airflow/.local/lib/python3.8/site-packages/airflow/example_dags/example_latest_only_with_trigger.py for tasks to queue
[2024-05-30T11:20:41.461+0000] {logging_mixin.py:188} INFO - [2024-05-30T11:20:41.461+0000] {dagbag.py:540} INFO - Filling up the DagBag from /home/airflow/.local/lib/python3.8/site-packages/airflow/example_dags/example_latest_only_with_trigger.py
[2024-05-30T11:20:41.466+0000] {processor.py:840} INFO - DAG(s) 'latest_only_with_trigger' retrieved from /home/airflow/.local/lib/python3.8/site-packages/airflow/example_dags/example_latest_only_with_trigger.py
[2024-05-30T11:20:41.488+0000] {logging_mixin.py:188} INFO - [2024-05-30T11:20:41.488+0000] {dag.py:3047} INFO - Sync 1 DAGs
[2024-05-30T11:20:41.514+0000] {logging_mixin.py:188} INFO - [2024-05-30T11:20:41.514+0000] {dag.py:3834} INFO - Setting next_dagrun for latest_only_with_trigger to 2024-05-30 04:00:00+00:00, run_after=2024-05-30 08:00:00+00:00
[2024-05-30T11:20:41.537+0000] {processor.py:183} INFO - Processing /home/airflow/.local/lib/python3.8/site-packages/airflow/example_dags/example_latest_only_with_trigger.py took 0.082 seconds
[2024-05-30T11:21:11.994+0000] {processor.py:161} INFO - Started process (PID=661) to work on /home/airflow/.local/lib/python3.8/site-packages/airflow/example_dags/example_latest_only_with_trigger.py
[2024-05-30T11:21:11.995+0000] {processor.py:830} INFO - Processing file /home/airflow/.local/lib/python3.8/site-packages/airflow/example_dags/example_latest_only_with_trigger.py for tasks to queue
[2024-05-30T11:21:11.997+0000] {logging_mixin.py:188} INFO - [2024-05-30T11:21:11.996+0000] {dagbag.py:540} INFO - Filling up the DagBag from /home/airflow/.local/lib/python3.8/site-packages/airflow/example_dags/example_latest_only_with_trigger.py
[2024-05-30T11:21:12.002+0000] {processor.py:840} INFO - DAG(s) 'latest_only_with_trigger' retrieved from /home/airflow/.local/lib/python3.8/site-packages/airflow/example_dags/example_latest_only_with_trigger.py
[2024-05-30T11:21:12.025+0000] {logging_mixin.py:188} INFO - [2024-05-30T11:21:12.025+0000] {dag.py:3047} INFO - Sync 1 DAGs
[2024-05-30T11:21:12.049+0000] {logging_mixin.py:188} INFO - [2024-05-30T11:21:12.049+0000] {dag.py:3834} INFO - Setting next_dagrun for latest_only_with_trigger to 2024-05-30 04:00:00+00:00, run_after=2024-05-30 08:00:00+00:00
[2024-05-30T11:21:12.072+0000] {processor.py:183} INFO - Processing /home/airflow/.local/lib/python3.8/site-packages/airflow/example_dags/example_latest_only_with_trigger.py took 0.081 seconds
[2024-05-30T11:21:42.422+0000] {processor.py:161} INFO - Started process (PID=718) to work on /home/airflow/.local/lib/python3.8/site-packages/airflow/example_dags/example_latest_only_with_trigger.py
[2024-05-30T11:21:42.423+0000] {processor.py:830} INFO - Processing file /home/airflow/.local/lib/python3.8/site-packages/airflow/example_dags/example_latest_only_with_trigger.py for tasks to queue
[2024-05-30T11:21:42.426+0000] {logging_mixin.py:188} INFO - [2024-05-30T11:21:42.425+0000] {dagbag.py:540} INFO - Filling up the DagBag from /home/airflow/.local/lib/python3.8/site-packages/airflow/example_dags/example_latest_only_with_trigger.py
[2024-05-30T11:21:42.432+0000] {processor.py:840} INFO - DAG(s) 'latest_only_with_trigger' retrieved from /home/airflow/.local/lib/python3.8/site-packages/airflow/example_dags/example_latest_only_with_trigger.py
[2024-05-30T11:21:42.458+0000] {logging_mixin.py:188} INFO - [2024-05-30T11:21:42.458+0000] {dag.py:3047} INFO - Sync 1 DAGs
[2024-05-30T11:21:42.486+0000] {logging_mixin.py:188} INFO - [2024-05-30T11:21:42.485+0000] {dag.py:3834} INFO - Setting next_dagrun for latest_only_with_trigger to 2024-05-30 04:00:00+00:00, run_after=2024-05-30 08:00:00+00:00
[2024-05-30T11:21:42.522+0000] {processor.py:183} INFO - Processing /home/airflow/.local/lib/python3.8/site-packages/airflow/example_dags/example_latest_only_with_trigger.py took 0.104 seconds
[2024-05-30T11:22:12.723+0000] {processor.py:161} INFO - Started process (PID=775) to work on /home/airflow/.local/lib/python3.8/site-packages/airflow/example_dags/example_latest_only_with_trigger.py
[2024-05-30T11:22:12.725+0000] {processor.py:830} INFO - Processing file /home/airflow/.local/lib/python3.8/site-packages/airflow/example_dags/example_latest_only_with_trigger.py for tasks to queue
[2024-05-30T11:22:12.729+0000] {logging_mixin.py:188} INFO - [2024-05-30T11:22:12.729+0000] {dagbag.py:540} INFO - Filling up the DagBag from /home/airflow/.local/lib/python3.8/site-packages/airflow/example_dags/example_latest_only_with_trigger.py
[2024-05-30T11:22:12.736+0000] {processor.py:840} INFO - DAG(s) 'latest_only_with_trigger' retrieved from /home/airflow/.local/lib/python3.8/site-packages/airflow/example_dags/example_latest_only_with_trigger.py
[2024-05-30T11:22:12.769+0000] {logging_mixin.py:188} INFO - [2024-05-30T11:22:12.769+0000] {dag.py:3047} INFO - Sync 1 DAGs
[2024-05-30T11:22:12.803+0000] {logging_mixin.py:188} INFO - [2024-05-30T11:22:12.802+0000] {dag.py:3834} INFO - Setting next_dagrun for latest_only_with_trigger to 2024-05-30 04:00:00+00:00, run_after=2024-05-30 08:00:00+00:00
[2024-05-30T11:22:12.840+0000] {processor.py:183} INFO - Processing /home/airflow/.local/lib/python3.8/site-packages/airflow/example_dags/example_latest_only_with_trigger.py took 0.121 seconds
[2024-05-30T11:22:43.257+0000] {processor.py:161} INFO - Started process (PID=832) to work on /home/airflow/.local/lib/python3.8/site-packages/airflow/example_dags/example_latest_only_with_trigger.py
[2024-05-30T11:22:43.259+0000] {processor.py:830} INFO - Processing file /home/airflow/.local/lib/python3.8/site-packages/airflow/example_dags/example_latest_only_with_trigger.py for tasks to queue
[2024-05-30T11:22:43.262+0000] {logging_mixin.py:188} INFO - [2024-05-30T11:22:43.261+0000] {dagbag.py:540} INFO - Filling up the DagBag from /home/airflow/.local/lib/python3.8/site-packages/airflow/example_dags/example_latest_only_with_trigger.py
[2024-05-30T11:22:43.272+0000] {processor.py:840} INFO - DAG(s) 'latest_only_with_trigger' retrieved from /home/airflow/.local/lib/python3.8/site-packages/airflow/example_dags/example_latest_only_with_trigger.py
[2024-05-30T11:22:43.307+0000] {logging_mixin.py:188} INFO - [2024-05-30T11:22:43.306+0000] {dag.py:3047} INFO - Sync 1 DAGs
[2024-05-30T11:22:43.373+0000] {logging_mixin.py:188} INFO - [2024-05-30T11:22:43.373+0000] {dag.py:3834} INFO - Setting next_dagrun for latest_only_with_trigger to 2024-05-30 04:00:00+00:00, run_after=2024-05-30 08:00:00+00:00
[2024-05-30T11:22:43.429+0000] {processor.py:183} INFO - Processing /home/airflow/.local/lib/python3.8/site-packages/airflow/example_dags/example_latest_only_with_trigger.py took 0.175 seconds
[2024-05-30T11:23:13.608+0000] {processor.py:161} INFO - Started process (PID=889) to work on /home/airflow/.local/lib/python3.8/site-packages/airflow/example_dags/example_latest_only_with_trigger.py
[2024-05-30T11:23:13.610+0000] {processor.py:830} INFO - Processing file /home/airflow/.local/lib/python3.8/site-packages/airflow/example_dags/example_latest_only_with_trigger.py for tasks to queue
[2024-05-30T11:23:13.612+0000] {logging_mixin.py:188} INFO - [2024-05-30T11:23:13.611+0000] {dagbag.py:540} INFO - Filling up the DagBag from /home/airflow/.local/lib/python3.8/site-packages/airflow/example_dags/example_latest_only_with_trigger.py
[2024-05-30T11:23:13.621+0000] {processor.py:840} INFO - DAG(s) 'latest_only_with_trigger' retrieved from /home/airflow/.local/lib/python3.8/site-packages/airflow/example_dags/example_latest_only_with_trigger.py
[2024-05-30T11:23:13.665+0000] {logging_mixin.py:188} INFO - [2024-05-30T11:23:13.665+0000] {dag.py:3047} INFO - Sync 1 DAGs
[2024-05-30T11:23:13.705+0000] {logging_mixin.py:188} INFO - [2024-05-30T11:23:13.705+0000] {dag.py:3834} INFO - Setting next_dagrun for latest_only_with_trigger to 2024-05-30 04:00:00+00:00, run_after=2024-05-30 08:00:00+00:00
[2024-05-30T11:23:13.736+0000] {processor.py:183} INFO - Processing /home/airflow/.local/lib/python3.8/site-packages/airflow/example_dags/example_latest_only_with_trigger.py took 0.132 seconds
[2024-05-30T11:23:44.163+0000] {processor.py:161} INFO - Started process (PID=946) to work on /home/airflow/.local/lib/python3.8/site-packages/airflow/example_dags/example_latest_only_with_trigger.py
[2024-05-30T11:23:44.166+0000] {processor.py:830} INFO - Processing file /home/airflow/.local/lib/python3.8/site-packages/airflow/example_dags/example_latest_only_with_trigger.py for tasks to queue
[2024-05-30T11:23:44.170+0000] {logging_mixin.py:188} INFO - [2024-05-30T11:23:44.169+0000] {dagbag.py:540} INFO - Filling up the DagBag from /home/airflow/.local/lib/python3.8/site-packages/airflow/example_dags/example_latest_only_with_trigger.py
[2024-05-30T11:23:44.183+0000] {processor.py:840} INFO - DAG(s) 'latest_only_with_trigger' retrieved from /home/airflow/.local/lib/python3.8/site-packages/airflow/example_dags/example_latest_only_with_trigger.py
[2024-05-30T11:23:44.235+0000] {logging_mixin.py:188} INFO - [2024-05-30T11:23:44.235+0000] {dag.py:3047} INFO - Sync 1 DAGs
[2024-05-30T11:23:44.288+0000] {logging_mixin.py:188} INFO - [2024-05-30T11:23:44.287+0000] {dag.py:3834} INFO - Setting next_dagrun for latest_only_with_trigger to 2024-05-30 04:00:00+00:00, run_after=2024-05-30 08:00:00+00:00
[2024-05-30T11:23:44.354+0000] {processor.py:183} INFO - Processing /home/airflow/.local/lib/python3.8/site-packages/airflow/example_dags/example_latest_only_with_trigger.py took 0.199 seconds
[2024-05-30T11:24:14.987+0000] {processor.py:161} INFO - Started process (PID=1003) to work on /home/airflow/.local/lib/python3.8/site-packages/airflow/example_dags/example_latest_only_with_trigger.py
[2024-05-30T11:24:14.988+0000] {processor.py:830} INFO - Processing file /home/airflow/.local/lib/python3.8/site-packages/airflow/example_dags/example_latest_only_with_trigger.py for tasks to queue
[2024-05-30T11:24:14.991+0000] {logging_mixin.py:188} INFO - [2024-05-30T11:24:14.991+0000] {dagbag.py:540} INFO - Filling up the DagBag from /home/airflow/.local/lib/python3.8/site-packages/airflow/example_dags/example_latest_only_with_trigger.py
[2024-05-30T11:24:15.001+0000] {processor.py:840} INFO - DAG(s) 'latest_only_with_trigger' retrieved from /home/airflow/.local/lib/python3.8/site-packages/airflow/example_dags/example_latest_only_with_trigger.py
[2024-05-30T11:24:15.038+0000] {logging_mixin.py:188} INFO - [2024-05-30T11:24:15.037+0000] {dag.py:3047} INFO - Sync 1 DAGs
[2024-05-30T11:24:15.081+0000] {logging_mixin.py:188} INFO - [2024-05-30T11:24:15.080+0000] {dag.py:3834} INFO - Setting next_dagrun for latest_only_with_trigger to 2024-05-30 04:00:00+00:00, run_after=2024-05-30 08:00:00+00:00
[2024-05-30T11:24:15.121+0000] {processor.py:183} INFO - Processing /home/airflow/.local/lib/python3.8/site-packages/airflow/example_dags/example_latest_only_with_trigger.py took 0.138 seconds
[2024-05-30T11:24:45.882+0000] {processor.py:161} INFO - Started process (PID=1060) to work on /home/airflow/.local/lib/python3.8/site-packages/airflow/example_dags/example_latest_only_with_trigger.py
[2024-05-30T11:24:45.884+0000] {processor.py:830} INFO - Processing file /home/airflow/.local/lib/python3.8/site-packages/airflow/example_dags/example_latest_only_with_trigger.py for tasks to queue
[2024-05-30T11:24:45.887+0000] {logging_mixin.py:188} INFO - [2024-05-30T11:24:45.886+0000] {dagbag.py:540} INFO - Filling up the DagBag from /home/airflow/.local/lib/python3.8/site-packages/airflow/example_dags/example_latest_only_with_trigger.py
[2024-05-30T11:24:45.897+0000] {processor.py:840} INFO - DAG(s) 'latest_only_with_trigger' retrieved from /home/airflow/.local/lib/python3.8/site-packages/airflow/example_dags/example_latest_only_with_trigger.py
[2024-05-30T11:24:45.944+0000] {logging_mixin.py:188} INFO - [2024-05-30T11:24:45.943+0000] {dag.py:3047} INFO - Sync 1 DAGs
[2024-05-30T11:24:46.003+0000] {logging_mixin.py:188} INFO - [2024-05-30T11:24:46.003+0000] {dag.py:3834} INFO - Setting next_dagrun for latest_only_with_trigger to 2024-05-30 04:00:00+00:00, run_after=2024-05-30 08:00:00+00:00
[2024-05-30T11:24:46.051+0000] {processor.py:183} INFO - Processing /home/airflow/.local/lib/python3.8/site-packages/airflow/example_dags/example_latest_only_with_trigger.py took 0.174 seconds
[2024-05-30T11:25:16.509+0000] {processor.py:161} INFO - Started process (PID=1123) to work on /home/airflow/.local/lib/python3.8/site-packages/airflow/example_dags/example_latest_only_with_trigger.py
[2024-05-30T11:25:16.511+0000] {processor.py:830} INFO - Processing file /home/airflow/.local/lib/python3.8/site-packages/airflow/example_dags/example_latest_only_with_trigger.py for tasks to queue
[2024-05-30T11:25:16.513+0000] {logging_mixin.py:188} INFO - [2024-05-30T11:25:16.512+0000] {dagbag.py:540} INFO - Filling up the DagBag from /home/airflow/.local/lib/python3.8/site-packages/airflow/example_dags/example_latest_only_with_trigger.py
[2024-05-30T11:25:16.519+0000] {processor.py:840} INFO - DAG(s) 'latest_only_with_trigger' retrieved from /home/airflow/.local/lib/python3.8/site-packages/airflow/example_dags/example_latest_only_with_trigger.py
[2024-05-30T11:25:16.549+0000] {logging_mixin.py:188} INFO - [2024-05-30T11:25:16.548+0000] {dag.py:3047} INFO - Sync 1 DAGs
[2024-05-30T11:25:16.588+0000] {logging_mixin.py:188} INFO - [2024-05-30T11:25:16.588+0000] {dag.py:3834} INFO - Setting next_dagrun for latest_only_with_trigger to 2024-05-30 04:00:00+00:00, run_after=2024-05-30 08:00:00+00:00
[2024-05-30T11:25:16.623+0000] {processor.py:183} INFO - Processing /home/airflow/.local/lib/python3.8/site-packages/airflow/example_dags/example_latest_only_with_trigger.py took 0.117 seconds
[2024-05-30T11:25:46.757+0000] {processor.py:161} INFO - Started process (PID=1180) to work on /home/airflow/.local/lib/python3.8/site-packages/airflow/example_dags/example_latest_only_with_trigger.py
[2024-05-30T11:25:46.759+0000] {processor.py:830} INFO - Processing file /home/airflow/.local/lib/python3.8/site-packages/airflow/example_dags/example_latest_only_with_trigger.py for tasks to queue
[2024-05-30T11:25:46.765+0000] {logging_mixin.py:188} INFO - [2024-05-30T11:25:46.764+0000] {dagbag.py:540} INFO - Filling up the DagBag from /home/airflow/.local/lib/python3.8/site-packages/airflow/example_dags/example_latest_only_with_trigger.py
[2024-05-30T11:25:46.776+0000] {processor.py:840} INFO - DAG(s) 'latest_only_with_trigger' retrieved from /home/airflow/.local/lib/python3.8/site-packages/airflow/example_dags/example_latest_only_with_trigger.py
[2024-05-30T11:25:46.816+0000] {logging_mixin.py:188} INFO - [2024-05-30T11:25:46.815+0000] {dag.py:3047} INFO - Sync 1 DAGs
[2024-05-30T11:25:46.862+0000] {logging_mixin.py:188} INFO - [2024-05-30T11:25:46.861+0000] {dag.py:3834} INFO - Setting next_dagrun for latest_only_with_trigger to 2024-05-30 04:00:00+00:00, run_after=2024-05-30 08:00:00+00:00
[2024-05-30T11:25:46.897+0000] {processor.py:183} INFO - Processing /home/airflow/.local/lib/python3.8/site-packages/airflow/example_dags/example_latest_only_with_trigger.py took 0.152 seconds
[2024-05-30T11:26:17.405+0000] {processor.py:161} INFO - Started process (PID=1237) to work on /home/airflow/.local/lib/python3.8/site-packages/airflow/example_dags/example_latest_only_with_trigger.py
[2024-05-30T11:26:17.407+0000] {processor.py:830} INFO - Processing file /home/airflow/.local/lib/python3.8/site-packages/airflow/example_dags/example_latest_only_with_trigger.py for tasks to queue
[2024-05-30T11:26:17.412+0000] {logging_mixin.py:188} INFO - [2024-05-30T11:26:17.411+0000] {dagbag.py:540} INFO - Filling up the DagBag from /home/airflow/.local/lib/python3.8/site-packages/airflow/example_dags/example_latest_only_with_trigger.py
[2024-05-30T11:26:17.429+0000] {processor.py:840} INFO - DAG(s) 'latest_only_with_trigger' retrieved from /home/airflow/.local/lib/python3.8/site-packages/airflow/example_dags/example_latest_only_with_trigger.py
[2024-05-30T11:26:17.484+0000] {logging_mixin.py:188} INFO - [2024-05-30T11:26:17.484+0000] {dag.py:3047} INFO - Sync 1 DAGs
[2024-05-30T11:26:17.533+0000] {logging_mixin.py:188} INFO - [2024-05-30T11:26:17.532+0000] {dag.py:3834} INFO - Setting next_dagrun for latest_only_with_trigger to 2024-05-30 04:00:00+00:00, run_after=2024-05-30 08:00:00+00:00
[2024-05-30T11:26:17.572+0000] {processor.py:183} INFO - Processing /home/airflow/.local/lib/python3.8/site-packages/airflow/example_dags/example_latest_only_with_trigger.py took 0.171 seconds
[2024-05-30T11:26:48.079+0000] {processor.py:161} INFO - Started process (PID=1294) to work on /home/airflow/.local/lib/python3.8/site-packages/airflow/example_dags/example_latest_only_with_trigger.py
[2024-05-30T11:26:48.080+0000] {processor.py:830} INFO - Processing file /home/airflow/.local/lib/python3.8/site-packages/airflow/example_dags/example_latest_only_with_trigger.py for tasks to queue
[2024-05-30T11:26:48.084+0000] {logging_mixin.py:188} INFO - [2024-05-30T11:26:48.083+0000] {dagbag.py:540} INFO - Filling up the DagBag from /home/airflow/.local/lib/python3.8/site-packages/airflow/example_dags/example_latest_only_with_trigger.py
[2024-05-30T11:26:48.093+0000] {processor.py:840} INFO - DAG(s) 'latest_only_with_trigger' retrieved from /home/airflow/.local/lib/python3.8/site-packages/airflow/example_dags/example_latest_only_with_trigger.py
[2024-05-30T11:26:48.132+0000] {logging_mixin.py:188} INFO - [2024-05-30T11:26:48.131+0000] {dag.py:3047} INFO - Sync 1 DAGs
[2024-05-30T11:26:48.175+0000] {logging_mixin.py:188} INFO - [2024-05-30T11:26:48.175+0000] {dag.py:3834} INFO - Setting next_dagrun for latest_only_with_trigger to 2024-05-30 04:00:00+00:00, run_after=2024-05-30 08:00:00+00:00
[2024-05-30T11:26:48.209+0000] {processor.py:183} INFO - Processing /home/airflow/.local/lib/python3.8/site-packages/airflow/example_dags/example_latest_only_with_trigger.py took 0.136 seconds
[2024-05-30T11:27:19.132+0000] {processor.py:161} INFO - Started process (PID=1351) to work on /home/airflow/.local/lib/python3.8/site-packages/airflow/example_dags/example_latest_only_with_trigger.py
[2024-05-30T11:27:19.134+0000] {processor.py:830} INFO - Processing file /home/airflow/.local/lib/python3.8/site-packages/airflow/example_dags/example_latest_only_with_trigger.py for tasks to queue
[2024-05-30T11:27:19.136+0000] {logging_mixin.py:188} INFO - [2024-05-30T11:27:19.136+0000] {dagbag.py:540} INFO - Filling up the DagBag from /home/airflow/.local/lib/python3.8/site-packages/airflow/example_dags/example_latest_only_with_trigger.py
[2024-05-30T11:27:19.142+0000] {processor.py:840} INFO - DAG(s) 'latest_only_with_trigger' retrieved from /home/airflow/.local/lib/python3.8/site-packages/airflow/example_dags/example_latest_only_with_trigger.py
[2024-05-30T11:27:19.171+0000] {logging_mixin.py:188} INFO - [2024-05-30T11:27:19.171+0000] {dag.py:3047} INFO - Sync 1 DAGs
[2024-05-30T11:27:19.213+0000] {logging_mixin.py:188} INFO - [2024-05-30T11:27:19.213+0000] {dag.py:3834} INFO - Setting next_dagrun for latest_only_with_trigger to 2024-05-30 04:00:00+00:00, run_after=2024-05-30 08:00:00+00:00
[2024-05-30T11:27:19.265+0000] {processor.py:183} INFO - Processing /home/airflow/.local/lib/python3.8/site-packages/airflow/example_dags/example_latest_only_with_trigger.py took 0.136 seconds
[2024-05-30T11:27:49.335+0000] {processor.py:161} INFO - Started process (PID=1408) to work on /home/airflow/.local/lib/python3.8/site-packages/airflow/example_dags/example_latest_only_with_trigger.py
[2024-05-30T11:27:49.336+0000] {processor.py:830} INFO - Processing file /home/airflow/.local/lib/python3.8/site-packages/airflow/example_dags/example_latest_only_with_trigger.py for tasks to queue
[2024-05-30T11:27:49.338+0000] {logging_mixin.py:188} INFO - [2024-05-30T11:27:49.338+0000] {dagbag.py:540} INFO - Filling up the DagBag from /home/airflow/.local/lib/python3.8/site-packages/airflow/example_dags/example_latest_only_with_trigger.py
[2024-05-30T11:27:49.346+0000] {processor.py:840} INFO - DAG(s) 'latest_only_with_trigger' retrieved from /home/airflow/.local/lib/python3.8/site-packages/airflow/example_dags/example_latest_only_with_trigger.py
[2024-05-30T11:27:49.381+0000] {logging_mixin.py:188} INFO - [2024-05-30T11:27:49.381+0000] {dag.py:3047} INFO - Sync 1 DAGs
[2024-05-30T11:27:49.427+0000] {logging_mixin.py:188} INFO - [2024-05-30T11:27:49.426+0000] {dag.py:3834} INFO - Setting next_dagrun for latest_only_with_trigger to 2024-05-30 04:00:00+00:00, run_after=2024-05-30 08:00:00+00:00
[2024-05-30T11:27:49.468+0000] {processor.py:183} INFO - Processing /home/airflow/.local/lib/python3.8/site-packages/airflow/example_dags/example_latest_only_with_trigger.py took 0.137 seconds
[2024-05-30T11:28:19.929+0000] {processor.py:161} INFO - Started process (PID=1465) to work on /home/airflow/.local/lib/python3.8/site-packages/airflow/example_dags/example_latest_only_with_trigger.py
[2024-05-30T11:28:19.931+0000] {processor.py:830} INFO - Processing file /home/airflow/.local/lib/python3.8/site-packages/airflow/example_dags/example_latest_only_with_trigger.py for tasks to queue
[2024-05-30T11:28:19.934+0000] {logging_mixin.py:188} INFO - [2024-05-30T11:28:19.933+0000] {dagbag.py:540} INFO - Filling up the DagBag from /home/airflow/.local/lib/python3.8/site-packages/airflow/example_dags/example_latest_only_with_trigger.py
[2024-05-30T11:28:19.940+0000] {processor.py:840} INFO - DAG(s) 'latest_only_with_trigger' retrieved from /home/airflow/.local/lib/python3.8/site-packages/airflow/example_dags/example_latest_only_with_trigger.py
[2024-05-30T11:28:19.970+0000] {logging_mixin.py:188} INFO - [2024-05-30T11:28:19.970+0000] {dag.py:3047} INFO - Sync 1 DAGs
[2024-05-30T11:28:20.006+0000] {logging_mixin.py:188} INFO - [2024-05-30T11:28:20.006+0000] {dag.py:3834} INFO - Setting next_dagrun for latest_only_with_trigger to 2024-05-30 04:00:00+00:00, run_after=2024-05-30 08:00:00+00:00
[2024-05-30T11:28:20.036+0000] {processor.py:183} INFO - Processing /home/airflow/.local/lib/python3.8/site-packages/airflow/example_dags/example_latest_only_with_trigger.py took 0.113 seconds
[2024-05-30T11:28:50.110+0000] {processor.py:161} INFO - Started process (PID=1522) to work on /home/airflow/.local/lib/python3.8/site-packages/airflow/example_dags/example_latest_only_with_trigger.py
[2024-05-30T11:28:50.112+0000] {processor.py:830} INFO - Processing file /home/airflow/.local/lib/python3.8/site-packages/airflow/example_dags/example_latest_only_with_trigger.py for tasks to queue
[2024-05-30T11:28:50.114+0000] {logging_mixin.py:188} INFO - [2024-05-30T11:28:50.114+0000] {dagbag.py:540} INFO - Filling up the DagBag from /home/airflow/.local/lib/python3.8/site-packages/airflow/example_dags/example_latest_only_with_trigger.py
[2024-05-30T11:28:50.122+0000] {processor.py:840} INFO - DAG(s) 'latest_only_with_trigger' retrieved from /home/airflow/.local/lib/python3.8/site-packages/airflow/example_dags/example_latest_only_with_trigger.py
[2024-05-30T11:28:50.152+0000] {logging_mixin.py:188} INFO - [2024-05-30T11:28:50.151+0000] {dag.py:3047} INFO - Sync 1 DAGs
[2024-05-30T11:28:50.191+0000] {logging_mixin.py:188} INFO - [2024-05-30T11:28:50.190+0000] {dag.py:3834} INFO - Setting next_dagrun for latest_only_with_trigger to 2024-05-30 04:00:00+00:00, run_after=2024-05-30 08:00:00+00:00
[2024-05-30T11:28:50.220+0000] {processor.py:183} INFO - Processing /home/airflow/.local/lib/python3.8/site-packages/airflow/example_dags/example_latest_only_with_trigger.py took 0.115 seconds
[2024-05-30T11:29:20.607+0000] {processor.py:161} INFO - Started process (PID=1579) to work on /home/airflow/.local/lib/python3.8/site-packages/airflow/example_dags/example_latest_only_with_trigger.py
[2024-05-30T11:29:20.609+0000] {processor.py:830} INFO - Processing file /home/airflow/.local/lib/python3.8/site-packages/airflow/example_dags/example_latest_only_with_trigger.py for tasks to queue
[2024-05-30T11:29:20.613+0000] {logging_mixin.py:188} INFO - [2024-05-30T11:29:20.612+0000] {dagbag.py:540} INFO - Filling up the DagBag from /home/airflow/.local/lib/python3.8/site-packages/airflow/example_dags/example_latest_only_with_trigger.py
[2024-05-30T11:29:20.626+0000] {processor.py:840} INFO - DAG(s) 'latest_only_with_trigger' retrieved from /home/airflow/.local/lib/python3.8/site-packages/airflow/example_dags/example_latest_only_with_trigger.py
[2024-05-30T11:29:20.684+0000] {logging_mixin.py:188} INFO - [2024-05-30T11:29:20.679+0000] {dag.py:3047} INFO - Sync 1 DAGs
[2024-05-30T11:29:20.747+0000] {logging_mixin.py:188} INFO - [2024-05-30T11:29:20.747+0000] {dag.py:3834} INFO - Setting next_dagrun for latest_only_with_trigger to 2024-05-30 04:00:00+00:00, run_after=2024-05-30 08:00:00+00:00
[2024-05-30T11:29:20.786+0000] {processor.py:183} INFO - Processing /home/airflow/.local/lib/python3.8/site-packages/airflow/example_dags/example_latest_only_with_trigger.py took 0.184 seconds
[2024-05-30T11:29:50.848+0000] {processor.py:161} INFO - Started process (PID=1636) to work on /home/airflow/.local/lib/python3.8/site-packages/airflow/example_dags/example_latest_only_with_trigger.py
[2024-05-30T11:29:50.849+0000] {processor.py:830} INFO - Processing file /home/airflow/.local/lib/python3.8/site-packages/airflow/example_dags/example_latest_only_with_trigger.py for tasks to queue
[2024-05-30T11:29:50.852+0000] {logging_mixin.py:188} INFO - [2024-05-30T11:29:50.851+0000] {dagbag.py:540} INFO - Filling up the DagBag from /home/airflow/.local/lib/python3.8/site-packages/airflow/example_dags/example_latest_only_with_trigger.py
[2024-05-30T11:29:50.856+0000] {processor.py:840} INFO - DAG(s) 'latest_only_with_trigger' retrieved from /home/airflow/.local/lib/python3.8/site-packages/airflow/example_dags/example_latest_only_with_trigger.py
[2024-05-30T11:29:50.880+0000] {logging_mixin.py:188} INFO - [2024-05-30T11:29:50.879+0000] {dag.py:3047} INFO - Sync 1 DAGs
[2024-05-30T11:29:50.908+0000] {logging_mixin.py:188} INFO - [2024-05-30T11:29:50.907+0000] {dag.py:3834} INFO - Setting next_dagrun for latest_only_with_trigger to 2024-05-30 04:00:00+00:00, run_after=2024-05-30 08:00:00+00:00
[2024-05-30T11:29:50.937+0000] {processor.py:183} INFO - Processing /home/airflow/.local/lib/python3.8/site-packages/airflow/example_dags/example_latest_only_with_trigger.py took 0.091 seconds
[2024-05-30T11:30:21.444+0000] {processor.py:161} INFO - Started process (PID=1693) to work on /home/airflow/.local/lib/python3.8/site-packages/airflow/example_dags/example_latest_only_with_trigger.py
[2024-05-30T11:30:21.445+0000] {processor.py:830} INFO - Processing file /home/airflow/.local/lib/python3.8/site-packages/airflow/example_dags/example_latest_only_with_trigger.py for tasks to queue
[2024-05-30T11:30:21.448+0000] {logging_mixin.py:188} INFO - [2024-05-30T11:30:21.447+0000] {dagbag.py:540} INFO - Filling up the DagBag from /home/airflow/.local/lib/python3.8/site-packages/airflow/example_dags/example_latest_only_with_trigger.py
[2024-05-30T11:30:21.454+0000] {processor.py:840} INFO - DAG(s) 'latest_only_with_trigger' retrieved from /home/airflow/.local/lib/python3.8/site-packages/airflow/example_dags/example_latest_only_with_trigger.py
[2024-05-30T11:30:21.480+0000] {logging_mixin.py:188} INFO - [2024-05-30T11:30:21.479+0000] {dag.py:3047} INFO - Sync 1 DAGs
[2024-05-30T11:30:21.506+0000] {logging_mixin.py:188} INFO - [2024-05-30T11:30:21.506+0000] {dag.py:3834} INFO - Setting next_dagrun for latest_only_with_trigger to 2024-05-30 04:00:00+00:00, run_after=2024-05-30 08:00:00+00:00
[2024-05-30T11:30:21.534+0000] {processor.py:183} INFO - Processing /home/airflow/.local/lib/python3.8/site-packages/airflow/example_dags/example_latest_only_with_trigger.py took 0.093 seconds
[2024-05-30T11:30:51.608+0000] {processor.py:161} INFO - Started process (PID=1750) to work on /home/airflow/.local/lib/python3.8/site-packages/airflow/example_dags/example_latest_only_with_trigger.py
[2024-05-30T11:30:51.610+0000] {processor.py:830} INFO - Processing file /home/airflow/.local/lib/python3.8/site-packages/airflow/example_dags/example_latest_only_with_trigger.py for tasks to queue
[2024-05-30T11:30:51.616+0000] {logging_mixin.py:188} INFO - [2024-05-30T11:30:51.614+0000] {dagbag.py:540} INFO - Filling up the DagBag from /home/airflow/.local/lib/python3.8/site-packages/airflow/example_dags/example_latest_only_with_trigger.py
[2024-05-30T11:30:51.633+0000] {processor.py:840} INFO - DAG(s) 'latest_only_with_trigger' retrieved from /home/airflow/.local/lib/python3.8/site-packages/airflow/example_dags/example_latest_only_with_trigger.py
[2024-05-30T11:30:51.679+0000] {logging_mixin.py:188} INFO - [2024-05-30T11:30:51.678+0000] {dag.py:3047} INFO - Sync 1 DAGs
[2024-05-30T11:30:51.721+0000] {logging_mixin.py:188} INFO - [2024-05-30T11:30:51.721+0000] {dag.py:3834} INFO - Setting next_dagrun for latest_only_with_trigger to 2024-05-30 04:00:00+00:00, run_after=2024-05-30 08:00:00+00:00
[2024-05-30T11:30:51.761+0000] {processor.py:183} INFO - Processing /home/airflow/.local/lib/python3.8/site-packages/airflow/example_dags/example_latest_only_with_trigger.py took 0.158 seconds
[2024-05-30T11:31:22.404+0000] {processor.py:161} INFO - Started process (PID=1807) to work on /home/airflow/.local/lib/python3.8/site-packages/airflow/example_dags/example_latest_only_with_trigger.py
[2024-05-30T11:31:22.405+0000] {processor.py:830} INFO - Processing file /home/airflow/.local/lib/python3.8/site-packages/airflow/example_dags/example_latest_only_with_trigger.py for tasks to queue
[2024-05-30T11:31:22.408+0000] {logging_mixin.py:188} INFO - [2024-05-30T11:31:22.407+0000] {dagbag.py:540} INFO - Filling up the DagBag from /home/airflow/.local/lib/python3.8/site-packages/airflow/example_dags/example_latest_only_with_trigger.py
[2024-05-30T11:31:22.413+0000] {processor.py:840} INFO - DAG(s) 'latest_only_with_trigger' retrieved from /home/airflow/.local/lib/python3.8/site-packages/airflow/example_dags/example_latest_only_with_trigger.py
[2024-05-30T11:31:22.440+0000] {logging_mixin.py:188} INFO - [2024-05-30T11:31:22.439+0000] {dag.py:3047} INFO - Sync 1 DAGs
[2024-05-30T11:31:22.468+0000] {logging_mixin.py:188} INFO - [2024-05-30T11:31:22.468+0000] {dag.py:3834} INFO - Setting next_dagrun for latest_only_with_trigger to 2024-05-30 04:00:00+00:00, run_after=2024-05-30 08:00:00+00:00
[2024-05-30T11:31:22.496+0000] {processor.py:183} INFO - Processing /home/airflow/.local/lib/python3.8/site-packages/airflow/example_dags/example_latest_only_with_trigger.py took 0.095 seconds
[2024-05-30T11:31:52.551+0000] {processor.py:161} INFO - Started process (PID=1864) to work on /home/airflow/.local/lib/python3.8/site-packages/airflow/example_dags/example_latest_only_with_trigger.py
[2024-05-30T11:31:52.553+0000] {processor.py:830} INFO - Processing file /home/airflow/.local/lib/python3.8/site-packages/airflow/example_dags/example_latest_only_with_trigger.py for tasks to queue
[2024-05-30T11:31:52.555+0000] {logging_mixin.py:188} INFO - [2024-05-30T11:31:52.555+0000] {dagbag.py:540} INFO - Filling up the DagBag from /home/airflow/.local/lib/python3.8/site-packages/airflow/example_dags/example_latest_only_with_trigger.py
[2024-05-30T11:31:52.562+0000] {processor.py:840} INFO - DAG(s) 'latest_only_with_trigger' retrieved from /home/airflow/.local/lib/python3.8/site-packages/airflow/example_dags/example_latest_only_with_trigger.py
[2024-05-30T11:31:52.587+0000] {logging_mixin.py:188} INFO - [2024-05-30T11:31:52.586+0000] {dag.py:3047} INFO - Sync 1 DAGs
[2024-05-30T11:31:52.612+0000] {logging_mixin.py:188} INFO - [2024-05-30T11:31:52.612+0000] {dag.py:3834} INFO - Setting next_dagrun for latest_only_with_trigger to 2024-05-30 04:00:00+00:00, run_after=2024-05-30 08:00:00+00:00
[2024-05-30T11:31:52.635+0000] {processor.py:183} INFO - Processing /home/airflow/.local/lib/python3.8/site-packages/airflow/example_dags/example_latest_only_with_trigger.py took 0.086 seconds
