[2024-05-30T11:15:42.299+0000] {processor.py:161} INFO - Started process (PID=67) to work on /home/airflow/.local/lib/python3.8/site-packages/airflow/example_dags/example_skip_dag.py
[2024-05-30T11:15:42.301+0000] {processor.py:830} INFO - Processing file /home/airflow/.local/lib/python3.8/site-packages/airflow/example_dags/example_skip_dag.py for tasks to queue
[2024-05-30T11:15:42.304+0000] {logging_mixin.py:188} INFO - [2024-05-30T11:15:42.303+0000] {dagbag.py:540} INFO - Filling up the DagBag from /home/airflow/.local/lib/python3.8/site-packages/airflow/example_dags/example_skip_dag.py
[2024-05-30T11:15:42.315+0000] {processor.py:840} INFO - DAG(s) 'example_skip_dag' retrieved from /home/airflow/.local/lib/python3.8/site-packages/airflow/example_dags/example_skip_dag.py
[2024-05-30T11:15:42.350+0000] {logging_mixin.py:188} INFO - [2024-05-30T11:15:42.350+0000] {dag.py:3047} INFO - Sync 1 DAGs
[2024-05-30T11:15:42.384+0000] {logging_mixin.py:188} INFO - [2024-05-30T11:15:42.384+0000] {dag.py:3834} INFO - Setting next_dagrun for example_skip_dag to 2024-05-29 00:00:00+00:00, run_after=2024-05-30 00:00:00+00:00
[2024-05-30T11:15:42.417+0000] {processor.py:183} INFO - Processing /home/airflow/.local/lib/python3.8/site-packages/airflow/example_dags/example_skip_dag.py took 0.123 seconds
[2024-05-30T11:16:12.690+0000] {processor.py:161} INFO - Started process (PID=123) to work on /home/airflow/.local/lib/python3.8/site-packages/airflow/example_dags/example_skip_dag.py
[2024-05-30T11:16:12.692+0000] {processor.py:830} INFO - Processing file /home/airflow/.local/lib/python3.8/site-packages/airflow/example_dags/example_skip_dag.py for tasks to queue
[2024-05-30T11:16:12.694+0000] {logging_mixin.py:188} INFO - [2024-05-30T11:16:12.694+0000] {dagbag.py:540} INFO - Filling up the DagBag from /home/airflow/.local/lib/python3.8/site-packages/airflow/example_dags/example_skip_dag.py
[2024-05-30T11:16:12.710+0000] {processor.py:840} INFO - DAG(s) 'example_skip_dag' retrieved from /home/airflow/.local/lib/python3.8/site-packages/airflow/example_dags/example_skip_dag.py
[2024-05-30T11:16:12.751+0000] {logging_mixin.py:188} INFO - [2024-05-30T11:16:12.750+0000] {dag.py:3047} INFO - Sync 1 DAGs
[2024-05-30T11:16:12.817+0000] {logging_mixin.py:188} INFO - [2024-05-30T11:16:12.817+0000] {dag.py:3834} INFO - Setting next_dagrun for example_skip_dag to 2024-05-29 00:00:00+00:00, run_after=2024-05-30 00:00:00+00:00
[2024-05-30T11:16:12.852+0000] {processor.py:183} INFO - Processing /home/airflow/.local/lib/python3.8/site-packages/airflow/example_dags/example_skip_dag.py took 0.165 seconds
[2024-05-30T11:16:43.122+0000] {processor.py:161} INFO - Started process (PID=180) to work on /home/airflow/.local/lib/python3.8/site-packages/airflow/example_dags/example_skip_dag.py
[2024-05-30T11:16:43.124+0000] {processor.py:830} INFO - Processing file /home/airflow/.local/lib/python3.8/site-packages/airflow/example_dags/example_skip_dag.py for tasks to queue
[2024-05-30T11:16:43.129+0000] {logging_mixin.py:188} INFO - [2024-05-30T11:16:43.128+0000] {dagbag.py:540} INFO - Filling up the DagBag from /home/airflow/.local/lib/python3.8/site-packages/airflow/example_dags/example_skip_dag.py
[2024-05-30T11:16:43.142+0000] {processor.py:840} INFO - DAG(s) 'example_skip_dag' retrieved from /home/airflow/.local/lib/python3.8/site-packages/airflow/example_dags/example_skip_dag.py
[2024-05-30T11:16:43.206+0000] {logging_mixin.py:188} INFO - [2024-05-30T11:16:43.205+0000] {dag.py:3047} INFO - Sync 1 DAGs
[2024-05-30T11:16:43.246+0000] {logging_mixin.py:188} INFO - [2024-05-30T11:16:43.245+0000] {dag.py:3834} INFO - Setting next_dagrun for example_skip_dag to 2024-05-29 00:00:00+00:00, run_after=2024-05-30 00:00:00+00:00
[2024-05-30T11:16:43.282+0000] {processor.py:183} INFO - Processing /home/airflow/.local/lib/python3.8/site-packages/airflow/example_dags/example_skip_dag.py took 0.165 seconds
[2024-05-30T11:17:13.366+0000] {processor.py:161} INFO - Started process (PID=237) to work on /home/airflow/.local/lib/python3.8/site-packages/airflow/example_dags/example_skip_dag.py
[2024-05-30T11:17:13.368+0000] {processor.py:830} INFO - Processing file /home/airflow/.local/lib/python3.8/site-packages/airflow/example_dags/example_skip_dag.py for tasks to queue
[2024-05-30T11:17:13.370+0000] {logging_mixin.py:188} INFO - [2024-05-30T11:17:13.369+0000] {dagbag.py:540} INFO - Filling up the DagBag from /home/airflow/.local/lib/python3.8/site-packages/airflow/example_dags/example_skip_dag.py
[2024-05-30T11:17:13.375+0000] {processor.py:840} INFO - DAG(s) 'example_skip_dag' retrieved from /home/airflow/.local/lib/python3.8/site-packages/airflow/example_dags/example_skip_dag.py
[2024-05-30T11:17:13.399+0000] {logging_mixin.py:188} INFO - [2024-05-30T11:17:13.399+0000] {dag.py:3047} INFO - Sync 1 DAGs
[2024-05-30T11:17:13.425+0000] {logging_mixin.py:188} INFO - [2024-05-30T11:17:13.425+0000] {dag.py:3834} INFO - Setting next_dagrun for example_skip_dag to 2024-05-29 00:00:00+00:00, run_after=2024-05-30 00:00:00+00:00
[2024-05-30T11:17:13.447+0000] {processor.py:183} INFO - Processing /home/airflow/.local/lib/python3.8/site-packages/airflow/example_dags/example_skip_dag.py took 0.084 seconds
[2024-05-30T11:17:44.942+0000] {processor.py:161} INFO - Started process (PID=295) to work on /home/airflow/.local/lib/python3.8/site-packages/airflow/example_dags/example_skip_dag.py
[2024-05-30T11:17:44.943+0000] {processor.py:830} INFO - Processing file /home/airflow/.local/lib/python3.8/site-packages/airflow/example_dags/example_skip_dag.py for tasks to queue
[2024-05-30T11:17:44.945+0000] {logging_mixin.py:188} INFO - [2024-05-30T11:17:44.945+0000] {dagbag.py:540} INFO - Filling up the DagBag from /home/airflow/.local/lib/python3.8/site-packages/airflow/example_dags/example_skip_dag.py
[2024-05-30T11:17:44.951+0000] {processor.py:840} INFO - DAG(s) 'example_skip_dag' retrieved from /home/airflow/.local/lib/python3.8/site-packages/airflow/example_dags/example_skip_dag.py
[2024-05-30T11:17:44.974+0000] {logging_mixin.py:188} INFO - [2024-05-30T11:17:44.973+0000] {dag.py:3047} INFO - Sync 1 DAGs
[2024-05-30T11:17:44.999+0000] {logging_mixin.py:188} INFO - [2024-05-30T11:17:44.999+0000] {dag.py:3834} INFO - Setting next_dagrun for example_skip_dag to 2024-05-29 00:00:00+00:00, run_after=2024-05-30 00:00:00+00:00
[2024-05-30T11:17:45.026+0000] {processor.py:183} INFO - Processing /home/airflow/.local/lib/python3.8/site-packages/airflow/example_dags/example_skip_dag.py took 0.087 seconds
[2024-05-30T11:18:15.154+0000] {processor.py:161} INFO - Started process (PID=352) to work on /home/airflow/.local/lib/python3.8/site-packages/airflow/example_dags/example_skip_dag.py
[2024-05-30T11:18:15.156+0000] {processor.py:830} INFO - Processing file /home/airflow/.local/lib/python3.8/site-packages/airflow/example_dags/example_skip_dag.py for tasks to queue
[2024-05-30T11:18:15.158+0000] {logging_mixin.py:188} INFO - [2024-05-30T11:18:15.157+0000] {dagbag.py:540} INFO - Filling up the DagBag from /home/airflow/.local/lib/python3.8/site-packages/airflow/example_dags/example_skip_dag.py
[2024-05-30T11:18:15.165+0000] {processor.py:840} INFO - DAG(s) 'example_skip_dag' retrieved from /home/airflow/.local/lib/python3.8/site-packages/airflow/example_dags/example_skip_dag.py
[2024-05-30T11:18:15.196+0000] {logging_mixin.py:188} INFO - [2024-05-30T11:18:15.195+0000] {dag.py:3047} INFO - Sync 1 DAGs
[2024-05-30T11:18:15.229+0000] {logging_mixin.py:188} INFO - [2024-05-30T11:18:15.229+0000] {dag.py:3834} INFO - Setting next_dagrun for example_skip_dag to 2024-05-29 00:00:00+00:00, run_after=2024-05-30 00:00:00+00:00
[2024-05-30T11:18:15.256+0000] {processor.py:183} INFO - Processing /home/airflow/.local/lib/python3.8/site-packages/airflow/example_dags/example_skip_dag.py took 0.104 seconds
[2024-05-30T11:18:45.584+0000] {processor.py:161} INFO - Started process (PID=408) to work on /home/airflow/.local/lib/python3.8/site-packages/airflow/example_dags/example_skip_dag.py
[2024-05-30T11:18:45.586+0000] {processor.py:830} INFO - Processing file /home/airflow/.local/lib/python3.8/site-packages/airflow/example_dags/example_skip_dag.py for tasks to queue
[2024-05-30T11:18:45.588+0000] {logging_mixin.py:188} INFO - [2024-05-30T11:18:45.588+0000] {dagbag.py:540} INFO - Filling up the DagBag from /home/airflow/.local/lib/python3.8/site-packages/airflow/example_dags/example_skip_dag.py
[2024-05-30T11:18:45.599+0000] {processor.py:840} INFO - DAG(s) 'example_skip_dag' retrieved from /home/airflow/.local/lib/python3.8/site-packages/airflow/example_dags/example_skip_dag.py
[2024-05-30T11:18:45.636+0000] {logging_mixin.py:188} INFO - [2024-05-30T11:18:45.635+0000] {dag.py:3047} INFO - Sync 1 DAGs
[2024-05-30T11:18:45.664+0000] {logging_mixin.py:188} INFO - [2024-05-30T11:18:45.664+0000] {dag.py:3834} INFO - Setting next_dagrun for example_skip_dag to 2024-05-29 00:00:00+00:00, run_after=2024-05-30 00:00:00+00:00
[2024-05-30T11:18:45.696+0000] {processor.py:183} INFO - Processing /home/airflow/.local/lib/python3.8/site-packages/airflow/example_dags/example_skip_dag.py took 0.116 seconds
[2024-05-30T11:19:16.358+0000] {processor.py:161} INFO - Started process (PID=471) to work on /home/airflow/.local/lib/python3.8/site-packages/airflow/example_dags/example_skip_dag.py
[2024-05-30T11:19:16.361+0000] {processor.py:830} INFO - Processing file /home/airflow/.local/lib/python3.8/site-packages/airflow/example_dags/example_skip_dag.py for tasks to queue
[2024-05-30T11:19:16.363+0000] {logging_mixin.py:188} INFO - [2024-05-30T11:19:16.363+0000] {dagbag.py:540} INFO - Filling up the DagBag from /home/airflow/.local/lib/python3.8/site-packages/airflow/example_dags/example_skip_dag.py
[2024-05-30T11:19:16.373+0000] {processor.py:840} INFO - DAG(s) 'example_skip_dag' retrieved from /home/airflow/.local/lib/python3.8/site-packages/airflow/example_dags/example_skip_dag.py
[2024-05-30T11:19:16.406+0000] {logging_mixin.py:188} INFO - [2024-05-30T11:19:16.406+0000] {dag.py:3047} INFO - Sync 1 DAGs
[2024-05-30T11:19:16.442+0000] {logging_mixin.py:188} INFO - [2024-05-30T11:19:16.441+0000] {dag.py:3834} INFO - Setting next_dagrun for example_skip_dag to 2024-05-29 00:00:00+00:00, run_after=2024-05-30 00:00:00+00:00
[2024-05-30T11:19:16.476+0000] {processor.py:183} INFO - Processing /home/airflow/.local/lib/python3.8/site-packages/airflow/example_dags/example_skip_dag.py took 0.122 seconds
[2024-05-30T11:19:46.651+0000] {processor.py:161} INFO - Started process (PID=526) to work on /home/airflow/.local/lib/python3.8/site-packages/airflow/example_dags/example_skip_dag.py
[2024-05-30T11:19:46.652+0000] {processor.py:830} INFO - Processing file /home/airflow/.local/lib/python3.8/site-packages/airflow/example_dags/example_skip_dag.py for tasks to queue
[2024-05-30T11:19:46.654+0000] {logging_mixin.py:188} INFO - [2024-05-30T11:19:46.653+0000] {dagbag.py:540} INFO - Filling up the DagBag from /home/airflow/.local/lib/python3.8/site-packages/airflow/example_dags/example_skip_dag.py
[2024-05-30T11:19:46.660+0000] {processor.py:840} INFO - DAG(s) 'example_skip_dag' retrieved from /home/airflow/.local/lib/python3.8/site-packages/airflow/example_dags/example_skip_dag.py
[2024-05-30T11:19:46.691+0000] {logging_mixin.py:188} INFO - [2024-05-30T11:19:46.691+0000] {dag.py:3047} INFO - Sync 1 DAGs
[2024-05-30T11:19:46.717+0000] {logging_mixin.py:188} INFO - [2024-05-30T11:19:46.716+0000] {dag.py:3834} INFO - Setting next_dagrun for example_skip_dag to 2024-05-29 00:00:00+00:00, run_after=2024-05-30 00:00:00+00:00
[2024-05-30T11:19:46.740+0000] {processor.py:183} INFO - Processing /home/airflow/.local/lib/python3.8/site-packages/airflow/example_dags/example_skip_dag.py took 0.091 seconds
[2024-05-30T11:20:18.728+0000] {processor.py:161} INFO - Started process (PID=586) to work on /home/airflow/.local/lib/python3.8/site-packages/airflow/example_dags/example_skip_dag.py
[2024-05-30T11:20:18.730+0000] {processor.py:830} INFO - Processing file /home/airflow/.local/lib/python3.8/site-packages/airflow/example_dags/example_skip_dag.py for tasks to queue
[2024-05-30T11:20:18.733+0000] {logging_mixin.py:188} INFO - [2024-05-30T11:20:18.733+0000] {dagbag.py:540} INFO - Filling up the DagBag from /home/airflow/.local/lib/python3.8/site-packages/airflow/example_dags/example_skip_dag.py
[2024-05-30T11:20:18.749+0000] {processor.py:840} INFO - DAG(s) 'example_skip_dag' retrieved from /home/airflow/.local/lib/python3.8/site-packages/airflow/example_dags/example_skip_dag.py
[2024-05-30T11:20:18.806+0000] {logging_mixin.py:188} INFO - [2024-05-30T11:20:18.805+0000] {dag.py:3047} INFO - Sync 1 DAGs
[2024-05-30T11:20:18.863+0000] {logging_mixin.py:188} INFO - [2024-05-30T11:20:18.862+0000] {dag.py:3834} INFO - Setting next_dagrun for example_skip_dag to 2024-05-29 00:00:00+00:00, run_after=2024-05-30 00:00:00+00:00
[2024-05-30T11:20:18.915+0000] {processor.py:183} INFO - Processing /home/airflow/.local/lib/python3.8/site-packages/airflow/example_dags/example_skip_dag.py took 0.191 seconds
[2024-05-30T11:20:49.116+0000] {processor.py:161} INFO - Started process (PID=641) to work on /home/airflow/.local/lib/python3.8/site-packages/airflow/example_dags/example_skip_dag.py
[2024-05-30T11:20:49.118+0000] {processor.py:830} INFO - Processing file /home/airflow/.local/lib/python3.8/site-packages/airflow/example_dags/example_skip_dag.py for tasks to queue
[2024-05-30T11:20:49.120+0000] {logging_mixin.py:188} INFO - [2024-05-30T11:20:49.120+0000] {dagbag.py:540} INFO - Filling up the DagBag from /home/airflow/.local/lib/python3.8/site-packages/airflow/example_dags/example_skip_dag.py
[2024-05-30T11:20:49.129+0000] {processor.py:840} INFO - DAG(s) 'example_skip_dag' retrieved from /home/airflow/.local/lib/python3.8/site-packages/airflow/example_dags/example_skip_dag.py
[2024-05-30T11:20:49.164+0000] {logging_mixin.py:188} INFO - [2024-05-30T11:20:49.163+0000] {dag.py:3047} INFO - Sync 1 DAGs
[2024-05-30T11:20:49.215+0000] {logging_mixin.py:188} INFO - [2024-05-30T11:20:49.214+0000] {dag.py:3834} INFO - Setting next_dagrun for example_skip_dag to 2024-05-29 00:00:00+00:00, run_after=2024-05-30 00:00:00+00:00
[2024-05-30T11:20:49.256+0000] {processor.py:183} INFO - Processing /home/airflow/.local/lib/python3.8/site-packages/airflow/example_dags/example_skip_dag.py took 0.143 seconds
[2024-05-30T11:21:19.882+0000] {processor.py:161} INFO - Started process (PID=697) to work on /home/airflow/.local/lib/python3.8/site-packages/airflow/example_dags/example_skip_dag.py
[2024-05-30T11:21:19.883+0000] {processor.py:830} INFO - Processing file /home/airflow/.local/lib/python3.8/site-packages/airflow/example_dags/example_skip_dag.py for tasks to queue
[2024-05-30T11:21:19.885+0000] {logging_mixin.py:188} INFO - [2024-05-30T11:21:19.885+0000] {dagbag.py:540} INFO - Filling up the DagBag from /home/airflow/.local/lib/python3.8/site-packages/airflow/example_dags/example_skip_dag.py
[2024-05-30T11:21:19.892+0000] {processor.py:840} INFO - DAG(s) 'example_skip_dag' retrieved from /home/airflow/.local/lib/python3.8/site-packages/airflow/example_dags/example_skip_dag.py
[2024-05-30T11:21:19.914+0000] {logging_mixin.py:188} INFO - [2024-05-30T11:21:19.913+0000] {dag.py:3047} INFO - Sync 1 DAGs
[2024-05-30T11:21:19.939+0000] {logging_mixin.py:188} INFO - [2024-05-30T11:21:19.939+0000] {dag.py:3834} INFO - Setting next_dagrun for example_skip_dag to 2024-05-29 00:00:00+00:00, run_after=2024-05-30 00:00:00+00:00
[2024-05-30T11:21:19.962+0000] {processor.py:183} INFO - Processing /home/airflow/.local/lib/python3.8/site-packages/airflow/example_dags/example_skip_dag.py took 0.083 seconds
[2024-05-30T11:21:50.649+0000] {processor.py:161} INFO - Started process (PID=754) to work on /home/airflow/.local/lib/python3.8/site-packages/airflow/example_dags/example_skip_dag.py
[2024-05-30T11:21:50.650+0000] {processor.py:830} INFO - Processing file /home/airflow/.local/lib/python3.8/site-packages/airflow/example_dags/example_skip_dag.py for tasks to queue
[2024-05-30T11:21:50.652+0000] {logging_mixin.py:188} INFO - [2024-05-30T11:21:50.651+0000] {dagbag.py:540} INFO - Filling up the DagBag from /home/airflow/.local/lib/python3.8/site-packages/airflow/example_dags/example_skip_dag.py
[2024-05-30T11:21:50.658+0000] {processor.py:840} INFO - DAG(s) 'example_skip_dag' retrieved from /home/airflow/.local/lib/python3.8/site-packages/airflow/example_dags/example_skip_dag.py
[2024-05-30T11:21:50.682+0000] {logging_mixin.py:188} INFO - [2024-05-30T11:21:50.681+0000] {dag.py:3047} INFO - Sync 1 DAGs
[2024-05-30T11:21:50.710+0000] {logging_mixin.py:188} INFO - [2024-05-30T11:21:50.710+0000] {dag.py:3834} INFO - Setting next_dagrun for example_skip_dag to 2024-05-29 00:00:00+00:00, run_after=2024-05-30 00:00:00+00:00
[2024-05-30T11:21:50.734+0000] {processor.py:183} INFO - Processing /home/airflow/.local/lib/python3.8/site-packages/airflow/example_dags/example_skip_dag.py took 0.088 seconds
[2024-05-30T11:22:20.886+0000] {processor.py:161} INFO - Started process (PID=811) to work on /home/airflow/.local/lib/python3.8/site-packages/airflow/example_dags/example_skip_dag.py
[2024-05-30T11:22:20.887+0000] {processor.py:830} INFO - Processing file /home/airflow/.local/lib/python3.8/site-packages/airflow/example_dags/example_skip_dag.py for tasks to queue
[2024-05-30T11:22:20.889+0000] {logging_mixin.py:188} INFO - [2024-05-30T11:22:20.889+0000] {dagbag.py:540} INFO - Filling up the DagBag from /home/airflow/.local/lib/python3.8/site-packages/airflow/example_dags/example_skip_dag.py
[2024-05-30T11:22:20.896+0000] {processor.py:840} INFO - DAG(s) 'example_skip_dag' retrieved from /home/airflow/.local/lib/python3.8/site-packages/airflow/example_dags/example_skip_dag.py
[2024-05-30T11:22:20.919+0000] {logging_mixin.py:188} INFO - [2024-05-30T11:22:20.919+0000] {dag.py:3047} INFO - Sync 1 DAGs
[2024-05-30T11:22:20.945+0000] {logging_mixin.py:188} INFO - [2024-05-30T11:22:20.945+0000] {dag.py:3834} INFO - Setting next_dagrun for example_skip_dag to 2024-05-29 00:00:00+00:00, run_after=2024-05-30 00:00:00+00:00
[2024-05-30T11:22:20.968+0000] {processor.py:183} INFO - Processing /home/airflow/.local/lib/python3.8/site-packages/airflow/example_dags/example_skip_dag.py took 0.085 seconds
[2024-05-30T11:22:51.624+0000] {processor.py:161} INFO - Started process (PID=868) to work on /home/airflow/.local/lib/python3.8/site-packages/airflow/example_dags/example_skip_dag.py
[2024-05-30T11:22:51.626+0000] {processor.py:830} INFO - Processing file /home/airflow/.local/lib/python3.8/site-packages/airflow/example_dags/example_skip_dag.py for tasks to queue
[2024-05-30T11:22:51.628+0000] {logging_mixin.py:188} INFO - [2024-05-30T11:22:51.627+0000] {dagbag.py:540} INFO - Filling up the DagBag from /home/airflow/.local/lib/python3.8/site-packages/airflow/example_dags/example_skip_dag.py
[2024-05-30T11:22:51.635+0000] {processor.py:840} INFO - DAG(s) 'example_skip_dag' retrieved from /home/airflow/.local/lib/python3.8/site-packages/airflow/example_dags/example_skip_dag.py
[2024-05-30T11:22:51.662+0000] {logging_mixin.py:188} INFO - [2024-05-30T11:22:51.662+0000] {dag.py:3047} INFO - Sync 1 DAGs
[2024-05-30T11:22:51.691+0000] {logging_mixin.py:188} INFO - [2024-05-30T11:22:51.690+0000] {dag.py:3834} INFO - Setting next_dagrun for example_skip_dag to 2024-05-29 00:00:00+00:00, run_after=2024-05-30 00:00:00+00:00
[2024-05-30T11:22:51.715+0000] {processor.py:183} INFO - Processing /home/airflow/.local/lib/python3.8/site-packages/airflow/example_dags/example_skip_dag.py took 0.093 seconds
[2024-05-30T11:23:22.380+0000] {processor.py:161} INFO - Started process (PID=926) to work on /home/airflow/.local/lib/python3.8/site-packages/airflow/example_dags/example_skip_dag.py
[2024-05-30T11:23:22.381+0000] {processor.py:830} INFO - Processing file /home/airflow/.local/lib/python3.8/site-packages/airflow/example_dags/example_skip_dag.py for tasks to queue
[2024-05-30T11:23:22.383+0000] {logging_mixin.py:188} INFO - [2024-05-30T11:23:22.383+0000] {dagbag.py:540} INFO - Filling up the DagBag from /home/airflow/.local/lib/python3.8/site-packages/airflow/example_dags/example_skip_dag.py
[2024-05-30T11:23:22.391+0000] {processor.py:840} INFO - DAG(s) 'example_skip_dag' retrieved from /home/airflow/.local/lib/python3.8/site-packages/airflow/example_dags/example_skip_dag.py
[2024-05-30T11:23:22.417+0000] {logging_mixin.py:188} INFO - [2024-05-30T11:23:22.416+0000] {dag.py:3047} INFO - Sync 1 DAGs
[2024-05-30T11:23:22.445+0000] {logging_mixin.py:188} INFO - [2024-05-30T11:23:22.445+0000] {dag.py:3834} INFO - Setting next_dagrun for example_skip_dag to 2024-05-29 00:00:00+00:00, run_after=2024-05-30 00:00:00+00:00
[2024-05-30T11:23:22.472+0000] {processor.py:183} INFO - Processing /home/airflow/.local/lib/python3.8/site-packages/airflow/example_dags/example_skip_dag.py took 0.096 seconds
[2024-05-30T11:23:53.347+0000] {processor.py:161} INFO - Started process (PID=983) to work on /home/airflow/.local/lib/python3.8/site-packages/airflow/example_dags/example_skip_dag.py
[2024-05-30T11:23:53.349+0000] {processor.py:830} INFO - Processing file /home/airflow/.local/lib/python3.8/site-packages/airflow/example_dags/example_skip_dag.py for tasks to queue
[2024-05-30T11:23:53.353+0000] {logging_mixin.py:188} INFO - [2024-05-30T11:23:53.353+0000] {dagbag.py:540} INFO - Filling up the DagBag from /home/airflow/.local/lib/python3.8/site-packages/airflow/example_dags/example_skip_dag.py
[2024-05-30T11:23:53.369+0000] {processor.py:840} INFO - DAG(s) 'example_skip_dag' retrieved from /home/airflow/.local/lib/python3.8/site-packages/airflow/example_dags/example_skip_dag.py
[2024-05-30T11:23:53.418+0000] {logging_mixin.py:188} INFO - [2024-05-30T11:23:53.418+0000] {dag.py:3047} INFO - Sync 1 DAGs
[2024-05-30T11:23:53.468+0000] {logging_mixin.py:188} INFO - [2024-05-30T11:23:53.467+0000] {dag.py:3834} INFO - Setting next_dagrun for example_skip_dag to 2024-05-29 00:00:00+00:00, run_after=2024-05-30 00:00:00+00:00
[2024-05-30T11:23:53.512+0000] {processor.py:183} INFO - Processing /home/airflow/.local/lib/python3.8/site-packages/airflow/example_dags/example_skip_dag.py took 0.170 seconds
[2024-05-30T11:24:24.394+0000] {processor.py:161} INFO - Started process (PID=1040) to work on /home/airflow/.local/lib/python3.8/site-packages/airflow/example_dags/example_skip_dag.py
[2024-05-30T11:24:24.398+0000] {processor.py:830} INFO - Processing file /home/airflow/.local/lib/python3.8/site-packages/airflow/example_dags/example_skip_dag.py for tasks to queue
[2024-05-30T11:24:24.401+0000] {logging_mixin.py:188} INFO - [2024-05-30T11:24:24.400+0000] {dagbag.py:540} INFO - Filling up the DagBag from /home/airflow/.local/lib/python3.8/site-packages/airflow/example_dags/example_skip_dag.py
[2024-05-30T11:24:24.411+0000] {processor.py:840} INFO - DAG(s) 'example_skip_dag' retrieved from /home/airflow/.local/lib/python3.8/site-packages/airflow/example_dags/example_skip_dag.py
[2024-05-30T11:24:24.444+0000] {logging_mixin.py:188} INFO - [2024-05-30T11:24:24.444+0000] {dag.py:3047} INFO - Sync 1 DAGs
[2024-05-30T11:24:24.512+0000] {logging_mixin.py:188} INFO - [2024-05-30T11:24:24.511+0000] {dag.py:3834} INFO - Setting next_dagrun for example_skip_dag to 2024-05-29 00:00:00+00:00, run_after=2024-05-30 00:00:00+00:00
[2024-05-30T11:24:24.576+0000] {processor.py:183} INFO - Processing /home/airflow/.local/lib/python3.8/site-packages/airflow/example_dags/example_skip_dag.py took 0.186 seconds
[2024-05-30T11:24:55.113+0000] {processor.py:161} INFO - Started process (PID=1097) to work on /home/airflow/.local/lib/python3.8/site-packages/airflow/example_dags/example_skip_dag.py
[2024-05-30T11:24:55.114+0000] {processor.py:830} INFO - Processing file /home/airflow/.local/lib/python3.8/site-packages/airflow/example_dags/example_skip_dag.py for tasks to queue
[2024-05-30T11:24:55.117+0000] {logging_mixin.py:188} INFO - [2024-05-30T11:24:55.116+0000] {dagbag.py:540} INFO - Filling up the DagBag from /home/airflow/.local/lib/python3.8/site-packages/airflow/example_dags/example_skip_dag.py
[2024-05-30T11:24:55.127+0000] {processor.py:840} INFO - DAG(s) 'example_skip_dag' retrieved from /home/airflow/.local/lib/python3.8/site-packages/airflow/example_dags/example_skip_dag.py
[2024-05-30T11:24:55.161+0000] {logging_mixin.py:188} INFO - [2024-05-30T11:24:55.160+0000] {dag.py:3047} INFO - Sync 1 DAGs
[2024-05-30T11:24:55.199+0000] {logging_mixin.py:188} INFO - [2024-05-30T11:24:55.198+0000] {dag.py:3834} INFO - Setting next_dagrun for example_skip_dag to 2024-05-29 00:00:00+00:00, run_after=2024-05-30 00:00:00+00:00
[2024-05-30T11:24:55.240+0000] {processor.py:183} INFO - Processing /home/airflow/.local/lib/python3.8/site-packages/airflow/example_dags/example_skip_dag.py took 0.131 seconds
[2024-05-30T11:25:26.184+0000] {processor.py:161} INFO - Started process (PID=1154) to work on /home/airflow/.local/lib/python3.8/site-packages/airflow/example_dags/example_skip_dag.py
[2024-05-30T11:25:26.185+0000] {processor.py:830} INFO - Processing file /home/airflow/.local/lib/python3.8/site-packages/airflow/example_dags/example_skip_dag.py for tasks to queue
[2024-05-30T11:25:26.188+0000] {logging_mixin.py:188} INFO - [2024-05-30T11:25:26.187+0000] {dagbag.py:540} INFO - Filling up the DagBag from /home/airflow/.local/lib/python3.8/site-packages/airflow/example_dags/example_skip_dag.py
[2024-05-30T11:25:26.197+0000] {processor.py:840} INFO - DAG(s) 'example_skip_dag' retrieved from /home/airflow/.local/lib/python3.8/site-packages/airflow/example_dags/example_skip_dag.py
[2024-05-30T11:25:26.231+0000] {logging_mixin.py:188} INFO - [2024-05-30T11:25:26.230+0000] {dag.py:3047} INFO - Sync 1 DAGs
[2024-05-30T11:25:26.273+0000] {logging_mixin.py:188} INFO - [2024-05-30T11:25:26.272+0000] {dag.py:3834} INFO - Setting next_dagrun for example_skip_dag to 2024-05-29 00:00:00+00:00, run_after=2024-05-30 00:00:00+00:00
[2024-05-30T11:25:26.302+0000] {processor.py:183} INFO - Processing /home/airflow/.local/lib/python3.8/site-packages/airflow/example_dags/example_skip_dag.py took 0.122 seconds
[2024-05-30T11:25:56.857+0000] {processor.py:161} INFO - Started process (PID=1211) to work on /home/airflow/.local/lib/python3.8/site-packages/airflow/example_dags/example_skip_dag.py
[2024-05-30T11:25:56.858+0000] {processor.py:830} INFO - Processing file /home/airflow/.local/lib/python3.8/site-packages/airflow/example_dags/example_skip_dag.py for tasks to queue
[2024-05-30T11:25:56.862+0000] {logging_mixin.py:188} INFO - [2024-05-30T11:25:56.861+0000] {dagbag.py:540} INFO - Filling up the DagBag from /home/airflow/.local/lib/python3.8/site-packages/airflow/example_dags/example_skip_dag.py
[2024-05-30T11:25:56.881+0000] {processor.py:840} INFO - DAG(s) 'example_skip_dag' retrieved from /home/airflow/.local/lib/python3.8/site-packages/airflow/example_dags/example_skip_dag.py
[2024-05-30T11:25:56.936+0000] {logging_mixin.py:188} INFO - [2024-05-30T11:25:56.935+0000] {dag.py:3047} INFO - Sync 1 DAGs
[2024-05-30T11:25:56.983+0000] {logging_mixin.py:188} INFO - [2024-05-30T11:25:56.982+0000] {dag.py:3834} INFO - Setting next_dagrun for example_skip_dag to 2024-05-29 00:00:00+00:00, run_after=2024-05-30 00:00:00+00:00
[2024-05-30T11:25:57.023+0000] {processor.py:183} INFO - Processing /home/airflow/.local/lib/python3.8/site-packages/airflow/example_dags/example_skip_dag.py took 0.176 seconds
[2024-05-30T11:26:27.454+0000] {processor.py:161} INFO - Started process (PID=1267) to work on /home/airflow/.local/lib/python3.8/site-packages/airflow/example_dags/example_skip_dag.py
[2024-05-30T11:26:27.455+0000] {processor.py:830} INFO - Processing file /home/airflow/.local/lib/python3.8/site-packages/airflow/example_dags/example_skip_dag.py for tasks to queue
[2024-05-30T11:26:27.458+0000] {logging_mixin.py:188} INFO - [2024-05-30T11:26:27.458+0000] {dagbag.py:540} INFO - Filling up the DagBag from /home/airflow/.local/lib/python3.8/site-packages/airflow/example_dags/example_skip_dag.py
[2024-05-30T11:26:27.471+0000] {processor.py:840} INFO - DAG(s) 'example_skip_dag' retrieved from /home/airflow/.local/lib/python3.8/site-packages/airflow/example_dags/example_skip_dag.py
[2024-05-30T11:26:27.542+0000] {logging_mixin.py:188} INFO - [2024-05-30T11:26:27.541+0000] {dag.py:3047} INFO - Sync 1 DAGs
[2024-05-30T11:26:27.614+0000] {logging_mixin.py:188} INFO - [2024-05-30T11:26:27.613+0000] {dag.py:3834} INFO - Setting next_dagrun for example_skip_dag to 2024-05-29 00:00:00+00:00, run_after=2024-05-30 00:00:00+00:00
[2024-05-30T11:26:27.670+0000] {processor.py:183} INFO - Processing /home/airflow/.local/lib/python3.8/site-packages/airflow/example_dags/example_skip_dag.py took 0.221 seconds
[2024-05-30T11:26:58.741+0000] {processor.py:161} INFO - Started process (PID=1324) to work on /home/airflow/.local/lib/python3.8/site-packages/airflow/example_dags/example_skip_dag.py
[2024-05-30T11:26:58.743+0000] {processor.py:830} INFO - Processing file /home/airflow/.local/lib/python3.8/site-packages/airflow/example_dags/example_skip_dag.py for tasks to queue
[2024-05-30T11:26:58.747+0000] {logging_mixin.py:188} INFO - [2024-05-30T11:26:58.746+0000] {dagbag.py:540} INFO - Filling up the DagBag from /home/airflow/.local/lib/python3.8/site-packages/airflow/example_dags/example_skip_dag.py
[2024-05-30T11:26:58.768+0000] {processor.py:840} INFO - DAG(s) 'example_skip_dag' retrieved from /home/airflow/.local/lib/python3.8/site-packages/airflow/example_dags/example_skip_dag.py
[2024-05-30T11:26:58.804+0000] {logging_mixin.py:188} INFO - [2024-05-30T11:26:58.804+0000] {dag.py:3047} INFO - Sync 1 DAGs
[2024-05-30T11:26:58.842+0000] {logging_mixin.py:188} INFO - [2024-05-30T11:26:58.842+0000] {dag.py:3834} INFO - Setting next_dagrun for example_skip_dag to 2024-05-29 00:00:00+00:00, run_after=2024-05-30 00:00:00+00:00
[2024-05-30T11:26:58.886+0000] {processor.py:183} INFO - Processing /home/airflow/.local/lib/python3.8/site-packages/airflow/example_dags/example_skip_dag.py took 0.154 seconds
[2024-05-30T11:27:29.278+0000] {processor.py:161} INFO - Started process (PID=1381) to work on /home/airflow/.local/lib/python3.8/site-packages/airflow/example_dags/example_skip_dag.py
[2024-05-30T11:27:29.279+0000] {processor.py:830} INFO - Processing file /home/airflow/.local/lib/python3.8/site-packages/airflow/example_dags/example_skip_dag.py for tasks to queue
[2024-05-30T11:27:29.282+0000] {logging_mixin.py:188} INFO - [2024-05-30T11:27:29.281+0000] {dagbag.py:540} INFO - Filling up the DagBag from /home/airflow/.local/lib/python3.8/site-packages/airflow/example_dags/example_skip_dag.py
[2024-05-30T11:27:29.294+0000] {processor.py:840} INFO - DAG(s) 'example_skip_dag' retrieved from /home/airflow/.local/lib/python3.8/site-packages/airflow/example_dags/example_skip_dag.py
[2024-05-30T11:27:29.328+0000] {logging_mixin.py:188} INFO - [2024-05-30T11:27:29.328+0000] {dag.py:3047} INFO - Sync 1 DAGs
[2024-05-30T11:27:29.381+0000] {logging_mixin.py:188} INFO - [2024-05-30T11:27:29.380+0000] {dag.py:3834} INFO - Setting next_dagrun for example_skip_dag to 2024-05-29 00:00:00+00:00, run_after=2024-05-30 00:00:00+00:00
[2024-05-30T11:27:29.417+0000] {processor.py:183} INFO - Processing /home/airflow/.local/lib/python3.8/site-packages/airflow/example_dags/example_skip_dag.py took 0.142 seconds
[2024-05-30T11:27:59.630+0000] {processor.py:161} INFO - Started process (PID=1438) to work on /home/airflow/.local/lib/python3.8/site-packages/airflow/example_dags/example_skip_dag.py
[2024-05-30T11:27:59.632+0000] {processor.py:830} INFO - Processing file /home/airflow/.local/lib/python3.8/site-packages/airflow/example_dags/example_skip_dag.py for tasks to queue
[2024-05-30T11:27:59.635+0000] {logging_mixin.py:188} INFO - [2024-05-30T11:27:59.635+0000] {dagbag.py:540} INFO - Filling up the DagBag from /home/airflow/.local/lib/python3.8/site-packages/airflow/example_dags/example_skip_dag.py
[2024-05-30T11:27:59.645+0000] {processor.py:840} INFO - DAG(s) 'example_skip_dag' retrieved from /home/airflow/.local/lib/python3.8/site-packages/airflow/example_dags/example_skip_dag.py
[2024-05-30T11:27:59.675+0000] {logging_mixin.py:188} INFO - [2024-05-30T11:27:59.675+0000] {dag.py:3047} INFO - Sync 1 DAGs
[2024-05-30T11:27:59.705+0000] {logging_mixin.py:188} INFO - [2024-05-30T11:27:59.705+0000] {dag.py:3834} INFO - Setting next_dagrun for example_skip_dag to 2024-05-29 00:00:00+00:00, run_after=2024-05-30 00:00:00+00:00
[2024-05-30T11:27:59.742+0000] {processor.py:183} INFO - Processing /home/airflow/.local/lib/python3.8/site-packages/airflow/example_dags/example_skip_dag.py took 0.115 seconds
[2024-05-30T11:28:29.829+0000] {processor.py:161} INFO - Started process (PID=1495) to work on /home/airflow/.local/lib/python3.8/site-packages/airflow/example_dags/example_skip_dag.py
[2024-05-30T11:28:29.830+0000] {processor.py:830} INFO - Processing file /home/airflow/.local/lib/python3.8/site-packages/airflow/example_dags/example_skip_dag.py for tasks to queue
[2024-05-30T11:28:29.833+0000] {logging_mixin.py:188} INFO - [2024-05-30T11:28:29.832+0000] {dagbag.py:540} INFO - Filling up the DagBag from /home/airflow/.local/lib/python3.8/site-packages/airflow/example_dags/example_skip_dag.py
[2024-05-30T11:28:29.840+0000] {processor.py:840} INFO - DAG(s) 'example_skip_dag' retrieved from /home/airflow/.local/lib/python3.8/site-packages/airflow/example_dags/example_skip_dag.py
[2024-05-30T11:28:29.870+0000] {logging_mixin.py:188} INFO - [2024-05-30T11:28:29.870+0000] {dag.py:3047} INFO - Sync 1 DAGs
[2024-05-30T11:28:29.901+0000] {logging_mixin.py:188} INFO - [2024-05-30T11:28:29.901+0000] {dag.py:3834} INFO - Setting next_dagrun for example_skip_dag to 2024-05-29 00:00:00+00:00, run_after=2024-05-30 00:00:00+00:00
[2024-05-30T11:28:29.936+0000] {processor.py:183} INFO - Processing /home/airflow/.local/lib/python3.8/site-packages/airflow/example_dags/example_skip_dag.py took 0.110 seconds
[2024-05-30T11:29:00.230+0000] {processor.py:161} INFO - Started process (PID=1552) to work on /home/airflow/.local/lib/python3.8/site-packages/airflow/example_dags/example_skip_dag.py
[2024-05-30T11:29:00.232+0000] {processor.py:830} INFO - Processing file /home/airflow/.local/lib/python3.8/site-packages/airflow/example_dags/example_skip_dag.py for tasks to queue
[2024-05-30T11:29:00.234+0000] {logging_mixin.py:188} INFO - [2024-05-30T11:29:00.234+0000] {dagbag.py:540} INFO - Filling up the DagBag from /home/airflow/.local/lib/python3.8/site-packages/airflow/example_dags/example_skip_dag.py
[2024-05-30T11:29:00.244+0000] {processor.py:840} INFO - DAG(s) 'example_skip_dag' retrieved from /home/airflow/.local/lib/python3.8/site-packages/airflow/example_dags/example_skip_dag.py
[2024-05-30T11:29:00.278+0000] {logging_mixin.py:188} INFO - [2024-05-30T11:29:00.278+0000] {dag.py:3047} INFO - Sync 1 DAGs
[2024-05-30T11:29:00.309+0000] {logging_mixin.py:188} INFO - [2024-05-30T11:29:00.309+0000] {dag.py:3834} INFO - Setting next_dagrun for example_skip_dag to 2024-05-29 00:00:00+00:00, run_after=2024-05-30 00:00:00+00:00
[2024-05-30T11:29:00.343+0000] {processor.py:183} INFO - Processing /home/airflow/.local/lib/python3.8/site-packages/airflow/example_dags/example_skip_dag.py took 0.117 seconds
[2024-05-30T11:29:31.057+0000] {processor.py:161} INFO - Started process (PID=1609) to work on /home/airflow/.local/lib/python3.8/site-packages/airflow/example_dags/example_skip_dag.py
[2024-05-30T11:29:31.058+0000] {processor.py:830} INFO - Processing file /home/airflow/.local/lib/python3.8/site-packages/airflow/example_dags/example_skip_dag.py for tasks to queue
[2024-05-30T11:29:31.061+0000] {logging_mixin.py:188} INFO - [2024-05-30T11:29:31.060+0000] {dagbag.py:540} INFO - Filling up the DagBag from /home/airflow/.local/lib/python3.8/site-packages/airflow/example_dags/example_skip_dag.py
[2024-05-30T11:29:31.069+0000] {processor.py:840} INFO - DAG(s) 'example_skip_dag' retrieved from /home/airflow/.local/lib/python3.8/site-packages/airflow/example_dags/example_skip_dag.py
[2024-05-30T11:29:31.106+0000] {logging_mixin.py:188} INFO - [2024-05-30T11:29:31.105+0000] {dag.py:3047} INFO - Sync 1 DAGs
[2024-05-30T11:29:31.151+0000] {logging_mixin.py:188} INFO - [2024-05-30T11:29:31.150+0000] {dag.py:3834} INFO - Setting next_dagrun for example_skip_dag to 2024-05-29 00:00:00+00:00, run_after=2024-05-30 00:00:00+00:00
[2024-05-30T11:29:31.200+0000] {processor.py:183} INFO - Processing /home/airflow/.local/lib/python3.8/site-packages/airflow/example_dags/example_skip_dag.py took 0.146 seconds
[2024-05-30T11:30:01.491+0000] {processor.py:161} INFO - Started process (PID=1666) to work on /home/airflow/.local/lib/python3.8/site-packages/airflow/example_dags/example_skip_dag.py
[2024-05-30T11:30:01.493+0000] {processor.py:830} INFO - Processing file /home/airflow/.local/lib/python3.8/site-packages/airflow/example_dags/example_skip_dag.py for tasks to queue
[2024-05-30T11:30:01.495+0000] {logging_mixin.py:188} INFO - [2024-05-30T11:30:01.494+0000] {dagbag.py:540} INFO - Filling up the DagBag from /home/airflow/.local/lib/python3.8/site-packages/airflow/example_dags/example_skip_dag.py
[2024-05-30T11:30:01.502+0000] {processor.py:840} INFO - DAG(s) 'example_skip_dag' retrieved from /home/airflow/.local/lib/python3.8/site-packages/airflow/example_dags/example_skip_dag.py
[2024-05-30T11:30:01.531+0000] {logging_mixin.py:188} INFO - [2024-05-30T11:30:01.530+0000] {dag.py:3047} INFO - Sync 1 DAGs
[2024-05-30T11:30:01.572+0000] {logging_mixin.py:188} INFO - [2024-05-30T11:30:01.571+0000] {dag.py:3834} INFO - Setting next_dagrun for example_skip_dag to 2024-05-29 00:00:00+00:00, run_after=2024-05-30 00:00:00+00:00
[2024-05-30T11:30:01.623+0000] {processor.py:183} INFO - Processing /home/airflow/.local/lib/python3.8/site-packages/airflow/example_dags/example_skip_dag.py took 0.134 seconds
[2024-05-30T11:30:31.744+0000] {processor.py:161} INFO - Started process (PID=1723) to work on /home/airflow/.local/lib/python3.8/site-packages/airflow/example_dags/example_skip_dag.py
[2024-05-30T11:30:31.746+0000] {processor.py:830} INFO - Processing file /home/airflow/.local/lib/python3.8/site-packages/airflow/example_dags/example_skip_dag.py for tasks to queue
[2024-05-30T11:30:31.747+0000] {logging_mixin.py:188} INFO - [2024-05-30T11:30:31.747+0000] {dagbag.py:540} INFO - Filling up the DagBag from /home/airflow/.local/lib/python3.8/site-packages/airflow/example_dags/example_skip_dag.py
[2024-05-30T11:30:31.753+0000] {processor.py:840} INFO - DAG(s) 'example_skip_dag' retrieved from /home/airflow/.local/lib/python3.8/site-packages/airflow/example_dags/example_skip_dag.py
[2024-05-30T11:30:31.778+0000] {logging_mixin.py:188} INFO - [2024-05-30T11:30:31.777+0000] {dag.py:3047} INFO - Sync 1 DAGs
[2024-05-30T11:30:31.807+0000] {logging_mixin.py:188} INFO - [2024-05-30T11:30:31.807+0000] {dag.py:3834} INFO - Setting next_dagrun for example_skip_dag to 2024-05-29 00:00:00+00:00, run_after=2024-05-30 00:00:00+00:00
[2024-05-30T11:30:31.831+0000] {processor.py:183} INFO - Processing /home/airflow/.local/lib/python3.8/site-packages/airflow/example_dags/example_skip_dag.py took 0.089 seconds
[2024-05-30T11:31:02.613+0000] {processor.py:161} INFO - Started process (PID=1780) to work on /home/airflow/.local/lib/python3.8/site-packages/airflow/example_dags/example_skip_dag.py
[2024-05-30T11:31:02.614+0000] {processor.py:830} INFO - Processing file /home/airflow/.local/lib/python3.8/site-packages/airflow/example_dags/example_skip_dag.py for tasks to queue
[2024-05-30T11:31:02.617+0000] {logging_mixin.py:188} INFO - [2024-05-30T11:31:02.616+0000] {dagbag.py:540} INFO - Filling up the DagBag from /home/airflow/.local/lib/python3.8/site-packages/airflow/example_dags/example_skip_dag.py
[2024-05-30T11:31:02.628+0000] {processor.py:840} INFO - DAG(s) 'example_skip_dag' retrieved from /home/airflow/.local/lib/python3.8/site-packages/airflow/example_dags/example_skip_dag.py
[2024-05-30T11:31:02.665+0000] {logging_mixin.py:188} INFO - [2024-05-30T11:31:02.664+0000] {dag.py:3047} INFO - Sync 1 DAGs
[2024-05-30T11:31:02.710+0000] {logging_mixin.py:188} INFO - [2024-05-30T11:31:02.709+0000] {dag.py:3834} INFO - Setting next_dagrun for example_skip_dag to 2024-05-29 00:00:00+00:00, run_after=2024-05-30 00:00:00+00:00
[2024-05-30T11:31:02.763+0000] {processor.py:183} INFO - Processing /home/airflow/.local/lib/python3.8/site-packages/airflow/example_dags/example_skip_dag.py took 0.153 seconds
[2024-05-30T11:31:33.172+0000] {processor.py:161} INFO - Started process (PID=1837) to work on /home/airflow/.local/lib/python3.8/site-packages/airflow/example_dags/example_skip_dag.py
[2024-05-30T11:31:33.174+0000] {processor.py:830} INFO - Processing file /home/airflow/.local/lib/python3.8/site-packages/airflow/example_dags/example_skip_dag.py for tasks to queue
[2024-05-30T11:31:33.177+0000] {logging_mixin.py:188} INFO - [2024-05-30T11:31:33.176+0000] {dagbag.py:540} INFO - Filling up the DagBag from /home/airflow/.local/lib/python3.8/site-packages/airflow/example_dags/example_skip_dag.py
[2024-05-30T11:31:33.189+0000] {processor.py:840} INFO - DAG(s) 'example_skip_dag' retrieved from /home/airflow/.local/lib/python3.8/site-packages/airflow/example_dags/example_skip_dag.py
[2024-05-30T11:31:33.247+0000] {logging_mixin.py:188} INFO - [2024-05-30T11:31:33.245+0000] {dag.py:3047} INFO - Sync 1 DAGs
[2024-05-30T11:31:33.312+0000] {logging_mixin.py:188} INFO - [2024-05-30T11:31:33.311+0000] {dag.py:3834} INFO - Setting next_dagrun for example_skip_dag to 2024-05-29 00:00:00+00:00, run_after=2024-05-30 00:00:00+00:00
[2024-05-30T11:31:33.369+0000] {processor.py:183} INFO - Processing /home/airflow/.local/lib/python3.8/site-packages/airflow/example_dags/example_skip_dag.py took 0.201 seconds
