[2024-05-30T11:15:41.896+0000] {processor.py:161} INFO - Started process (PID=64) to work on /home/airflow/.local/lib/python3.8/site-packages/airflow/example_dags/example_short_circuit_operator.py
[2024-05-30T11:15:41.898+0000] {processor.py:830} INFO - Processing file /home/airflow/.local/lib/python3.8/site-packages/airflow/example_dags/example_short_circuit_operator.py for tasks to queue
[2024-05-30T11:15:41.901+0000] {logging_mixin.py:188} INFO - [2024-05-30T11:15:41.900+0000] {dagbag.py:540} INFO - Filling up the DagBag from /home/airflow/.local/lib/python3.8/site-packages/airflow/example_dags/example_short_circuit_operator.py
[2024-05-30T11:15:41.916+0000] {processor.py:840} INFO - DAG(s) 'example_short_circuit_operator' retrieved from /home/airflow/.local/lib/python3.8/site-packages/airflow/example_dags/example_short_circuit_operator.py
[2024-05-30T11:15:41.954+0000] {logging_mixin.py:188} INFO - [2024-05-30T11:15:41.953+0000] {dag.py:3047} INFO - Sync 1 DAGs
[2024-05-30T11:15:41.986+0000] {logging_mixin.py:188} INFO - [2024-05-30T11:15:41.986+0000] {dag.py:3834} INFO - Setting next_dagrun for example_short_circuit_operator to 2024-05-29 00:00:00+00:00, run_after=2024-05-30 00:00:00+00:00
[2024-05-30T11:15:42.021+0000] {processor.py:183} INFO - Processing /home/airflow/.local/lib/python3.8/site-packages/airflow/example_dags/example_short_circuit_operator.py took 0.129 seconds
[2024-05-30T11:16:12.538+0000] {processor.py:161} INFO - Started process (PID=121) to work on /home/airflow/.local/lib/python3.8/site-packages/airflow/example_dags/example_short_circuit_operator.py
[2024-05-30T11:16:12.539+0000] {processor.py:830} INFO - Processing file /home/airflow/.local/lib/python3.8/site-packages/airflow/example_dags/example_short_circuit_operator.py for tasks to queue
[2024-05-30T11:16:12.541+0000] {logging_mixin.py:188} INFO - [2024-05-30T11:16:12.541+0000] {dagbag.py:540} INFO - Filling up the DagBag from /home/airflow/.local/lib/python3.8/site-packages/airflow/example_dags/example_short_circuit_operator.py
[2024-05-30T11:16:12.549+0000] {processor.py:840} INFO - DAG(s) 'example_short_circuit_operator' retrieved from /home/airflow/.local/lib/python3.8/site-packages/airflow/example_dags/example_short_circuit_operator.py
[2024-05-30T11:16:12.575+0000] {logging_mixin.py:188} INFO - [2024-05-30T11:16:12.575+0000] {dag.py:3047} INFO - Sync 1 DAGs
[2024-05-30T11:16:12.602+0000] {logging_mixin.py:188} INFO - [2024-05-30T11:16:12.602+0000] {dag.py:3834} INFO - Setting next_dagrun for example_short_circuit_operator to 2024-05-29 00:00:00+00:00, run_after=2024-05-30 00:00:00+00:00
[2024-05-30T11:16:12.649+0000] {processor.py:183} INFO - Processing /home/airflow/.local/lib/python3.8/site-packages/airflow/example_dags/example_short_circuit_operator.py took 0.113 seconds
[2024-05-30T11:16:42.886+0000] {processor.py:161} INFO - Started process (PID=178) to work on /home/airflow/.local/lib/python3.8/site-packages/airflow/example_dags/example_short_circuit_operator.py
[2024-05-30T11:16:42.888+0000] {processor.py:830} INFO - Processing file /home/airflow/.local/lib/python3.8/site-packages/airflow/example_dags/example_short_circuit_operator.py for tasks to queue
[2024-05-30T11:16:42.890+0000] {logging_mixin.py:188} INFO - [2024-05-30T11:16:42.890+0000] {dagbag.py:540} INFO - Filling up the DagBag from /home/airflow/.local/lib/python3.8/site-packages/airflow/example_dags/example_short_circuit_operator.py
[2024-05-30T11:16:42.900+0000] {processor.py:840} INFO - DAG(s) 'example_short_circuit_operator' retrieved from /home/airflow/.local/lib/python3.8/site-packages/airflow/example_dags/example_short_circuit_operator.py
[2024-05-30T11:16:42.942+0000] {logging_mixin.py:188} INFO - [2024-05-30T11:16:42.942+0000] {dag.py:3047} INFO - Sync 1 DAGs
[2024-05-30T11:16:42.992+0000] {logging_mixin.py:188} INFO - [2024-05-30T11:16:42.992+0000] {dag.py:3834} INFO - Setting next_dagrun for example_short_circuit_operator to 2024-05-29 00:00:00+00:00, run_after=2024-05-30 00:00:00+00:00
[2024-05-30T11:16:43.054+0000] {processor.py:183} INFO - Processing /home/airflow/.local/lib/python3.8/site-packages/airflow/example_dags/example_short_circuit_operator.py took 0.172 seconds
[2024-05-30T11:17:13.219+0000] {processor.py:161} INFO - Started process (PID=235) to work on /home/airflow/.local/lib/python3.8/site-packages/airflow/example_dags/example_short_circuit_operator.py
[2024-05-30T11:17:13.221+0000] {processor.py:830} INFO - Processing file /home/airflow/.local/lib/python3.8/site-packages/airflow/example_dags/example_short_circuit_operator.py for tasks to queue
[2024-05-30T11:17:13.224+0000] {logging_mixin.py:188} INFO - [2024-05-30T11:17:13.224+0000] {dagbag.py:540} INFO - Filling up the DagBag from /home/airflow/.local/lib/python3.8/site-packages/airflow/example_dags/example_short_circuit_operator.py
[2024-05-30T11:17:13.234+0000] {processor.py:840} INFO - DAG(s) 'example_short_circuit_operator' retrieved from /home/airflow/.local/lib/python3.8/site-packages/airflow/example_dags/example_short_circuit_operator.py
[2024-05-30T11:17:13.269+0000] {logging_mixin.py:188} INFO - [2024-05-30T11:17:13.269+0000] {dag.py:3047} INFO - Sync 1 DAGs
[2024-05-30T11:17:13.305+0000] {logging_mixin.py:188} INFO - [2024-05-30T11:17:13.305+0000] {dag.py:3834} INFO - Setting next_dagrun for example_short_circuit_operator to 2024-05-29 00:00:00+00:00, run_after=2024-05-30 00:00:00+00:00
[2024-05-30T11:17:13.329+0000] {processor.py:183} INFO - Processing /home/airflow/.local/lib/python3.8/site-packages/airflow/example_dags/example_short_circuit_operator.py took 0.113 seconds
[2024-05-30T11:17:44.514+0000] {processor.py:161} INFO - Started process (PID=292) to work on /home/airflow/.local/lib/python3.8/site-packages/airflow/example_dags/example_short_circuit_operator.py
[2024-05-30T11:17:44.515+0000] {processor.py:830} INFO - Processing file /home/airflow/.local/lib/python3.8/site-packages/airflow/example_dags/example_short_circuit_operator.py for tasks to queue
[2024-05-30T11:17:44.517+0000] {logging_mixin.py:188} INFO - [2024-05-30T11:17:44.517+0000] {dagbag.py:540} INFO - Filling up the DagBag from /home/airflow/.local/lib/python3.8/site-packages/airflow/example_dags/example_short_circuit_operator.py
[2024-05-30T11:17:44.527+0000] {processor.py:840} INFO - DAG(s) 'example_short_circuit_operator' retrieved from /home/airflow/.local/lib/python3.8/site-packages/airflow/example_dags/example_short_circuit_operator.py
[2024-05-30T11:17:44.554+0000] {logging_mixin.py:188} INFO - [2024-05-30T11:17:44.554+0000] {dag.py:3047} INFO - Sync 1 DAGs
[2024-05-30T11:17:44.580+0000] {logging_mixin.py:188} INFO - [2024-05-30T11:17:44.580+0000] {dag.py:3834} INFO - Setting next_dagrun for example_short_circuit_operator to 2024-05-29 00:00:00+00:00, run_after=2024-05-30 00:00:00+00:00
[2024-05-30T11:17:44.604+0000] {processor.py:183} INFO - Processing /home/airflow/.local/lib/python3.8/site-packages/airflow/example_dags/example_short_circuit_operator.py took 0.093 seconds
[2024-05-30T11:18:14.910+0000] {processor.py:161} INFO - Started process (PID=349) to work on /home/airflow/.local/lib/python3.8/site-packages/airflow/example_dags/example_short_circuit_operator.py
[2024-05-30T11:18:14.911+0000] {processor.py:830} INFO - Processing file /home/airflow/.local/lib/python3.8/site-packages/airflow/example_dags/example_short_circuit_operator.py for tasks to queue
[2024-05-30T11:18:14.913+0000] {logging_mixin.py:188} INFO - [2024-05-30T11:18:14.912+0000] {dagbag.py:540} INFO - Filling up the DagBag from /home/airflow/.local/lib/python3.8/site-packages/airflow/example_dags/example_short_circuit_operator.py
[2024-05-30T11:18:14.925+0000] {processor.py:840} INFO - DAG(s) 'example_short_circuit_operator' retrieved from /home/airflow/.local/lib/python3.8/site-packages/airflow/example_dags/example_short_circuit_operator.py
[2024-05-30T11:18:14.955+0000] {logging_mixin.py:188} INFO - [2024-05-30T11:18:14.954+0000] {dag.py:3047} INFO - Sync 1 DAGs
[2024-05-30T11:18:14.988+0000] {logging_mixin.py:188} INFO - [2024-05-30T11:18:14.987+0000] {dag.py:3834} INFO - Setting next_dagrun for example_short_circuit_operator to 2024-05-29 00:00:00+00:00, run_after=2024-05-30 00:00:00+00:00
[2024-05-30T11:18:15.022+0000] {processor.py:183} INFO - Processing /home/airflow/.local/lib/python3.8/site-packages/airflow/example_dags/example_short_circuit_operator.py took 0.115 seconds
[2024-05-30T11:18:45.451+0000] {processor.py:161} INFO - Started process (PID=406) to work on /home/airflow/.local/lib/python3.8/site-packages/airflow/example_dags/example_short_circuit_operator.py
[2024-05-30T11:18:45.452+0000] {processor.py:830} INFO - Processing file /home/airflow/.local/lib/python3.8/site-packages/airflow/example_dags/example_short_circuit_operator.py for tasks to queue
[2024-05-30T11:18:45.456+0000] {logging_mixin.py:188} INFO - [2024-05-30T11:18:45.456+0000] {dagbag.py:540} INFO - Filling up the DagBag from /home/airflow/.local/lib/python3.8/site-packages/airflow/example_dags/example_short_circuit_operator.py
[2024-05-30T11:18:45.465+0000] {processor.py:840} INFO - DAG(s) 'example_short_circuit_operator' retrieved from /home/airflow/.local/lib/python3.8/site-packages/airflow/example_dags/example_short_circuit_operator.py
[2024-05-30T11:18:45.491+0000] {logging_mixin.py:188} INFO - [2024-05-30T11:18:45.491+0000] {dag.py:3047} INFO - Sync 1 DAGs
[2024-05-30T11:18:45.519+0000] {logging_mixin.py:188} INFO - [2024-05-30T11:18:45.519+0000] {dag.py:3834} INFO - Setting next_dagrun for example_short_circuit_operator to 2024-05-29 00:00:00+00:00, run_after=2024-05-30 00:00:00+00:00
[2024-05-30T11:18:45.545+0000] {processor.py:183} INFO - Processing /home/airflow/.local/lib/python3.8/site-packages/airflow/example_dags/example_short_circuit_operator.py took 0.098 seconds
[2024-05-30T11:19:16.123+0000] {processor.py:161} INFO - Started process (PID=469) to work on /home/airflow/.local/lib/python3.8/site-packages/airflow/example_dags/example_short_circuit_operator.py
[2024-05-30T11:19:16.124+0000] {processor.py:830} INFO - Processing file /home/airflow/.local/lib/python3.8/site-packages/airflow/example_dags/example_short_circuit_operator.py for tasks to queue
[2024-05-30T11:19:16.126+0000] {logging_mixin.py:188} INFO - [2024-05-30T11:19:16.125+0000] {dagbag.py:540} INFO - Filling up the DagBag from /home/airflow/.local/lib/python3.8/site-packages/airflow/example_dags/example_short_circuit_operator.py
[2024-05-30T11:19:16.134+0000] {processor.py:840} INFO - DAG(s) 'example_short_circuit_operator' retrieved from /home/airflow/.local/lib/python3.8/site-packages/airflow/example_dags/example_short_circuit_operator.py
[2024-05-30T11:19:16.163+0000] {logging_mixin.py:188} INFO - [2024-05-30T11:19:16.163+0000] {dag.py:3047} INFO - Sync 1 DAGs
[2024-05-30T11:19:16.189+0000] {logging_mixin.py:188} INFO - [2024-05-30T11:19:16.189+0000] {dag.py:3834} INFO - Setting next_dagrun for example_short_circuit_operator to 2024-05-29 00:00:00+00:00, run_after=2024-05-30 00:00:00+00:00
[2024-05-30T11:19:16.211+0000] {processor.py:183} INFO - Processing /home/airflow/.local/lib/python3.8/site-packages/airflow/example_dags/example_short_circuit_operator.py took 0.092 seconds
[2024-05-30T11:19:46.536+0000] {processor.py:161} INFO - Started process (PID=524) to work on /home/airflow/.local/lib/python3.8/site-packages/airflow/example_dags/example_short_circuit_operator.py
[2024-05-30T11:19:46.537+0000] {processor.py:830} INFO - Processing file /home/airflow/.local/lib/python3.8/site-packages/airflow/example_dags/example_short_circuit_operator.py for tasks to queue
[2024-05-30T11:19:46.539+0000] {logging_mixin.py:188} INFO - [2024-05-30T11:19:46.539+0000] {dagbag.py:540} INFO - Filling up the DagBag from /home/airflow/.local/lib/python3.8/site-packages/airflow/example_dags/example_short_circuit_operator.py
[2024-05-30T11:19:46.547+0000] {processor.py:840} INFO - DAG(s) 'example_short_circuit_operator' retrieved from /home/airflow/.local/lib/python3.8/site-packages/airflow/example_dags/example_short_circuit_operator.py
[2024-05-30T11:19:46.572+0000] {logging_mixin.py:188} INFO - [2024-05-30T11:19:46.572+0000] {dag.py:3047} INFO - Sync 1 DAGs
[2024-05-30T11:19:46.598+0000] {logging_mixin.py:188} INFO - [2024-05-30T11:19:46.598+0000] {dag.py:3834} INFO - Setting next_dagrun for example_short_circuit_operator to 2024-05-29 00:00:00+00:00, run_after=2024-05-30 00:00:00+00:00
[2024-05-30T11:19:46.623+0000] {processor.py:183} INFO - Processing /home/airflow/.local/lib/python3.8/site-packages/airflow/example_dags/example_short_circuit_operator.py took 0.090 seconds
[2024-05-30T11:20:17.661+0000] {processor.py:161} INFO - Started process (PID=581) to work on /home/airflow/.local/lib/python3.8/site-packages/airflow/example_dags/example_short_circuit_operator.py
[2024-05-30T11:20:17.665+0000] {processor.py:830} INFO - Processing file /home/airflow/.local/lib/python3.8/site-packages/airflow/example_dags/example_short_circuit_operator.py for tasks to queue
[2024-05-30T11:20:17.668+0000] {logging_mixin.py:188} INFO - [2024-05-30T11:20:17.667+0000] {dagbag.py:540} INFO - Filling up the DagBag from /home/airflow/.local/lib/python3.8/site-packages/airflow/example_dags/example_short_circuit_operator.py
[2024-05-30T11:20:17.689+0000] {processor.py:840} INFO - DAG(s) 'example_short_circuit_operator' retrieved from /home/airflow/.local/lib/python3.8/site-packages/airflow/example_dags/example_short_circuit_operator.py
[2024-05-30T11:20:17.744+0000] {logging_mixin.py:188} INFO - [2024-05-30T11:20:17.743+0000] {dag.py:3047} INFO - Sync 1 DAGs
[2024-05-30T11:20:17.805+0000] {logging_mixin.py:188} INFO - [2024-05-30T11:20:17.804+0000] {dag.py:3834} INFO - Setting next_dagrun for example_short_circuit_operator to 2024-05-29 00:00:00+00:00, run_after=2024-05-30 00:00:00+00:00
[2024-05-30T11:20:17.857+0000] {processor.py:183} INFO - Processing /home/airflow/.local/lib/python3.8/site-packages/airflow/example_dags/example_short_circuit_operator.py took 0.203 seconds
[2024-05-30T11:20:48.856+0000] {processor.py:161} INFO - Started process (PID=638) to work on /home/airflow/.local/lib/python3.8/site-packages/airflow/example_dags/example_short_circuit_operator.py
[2024-05-30T11:20:48.858+0000] {processor.py:830} INFO - Processing file /home/airflow/.local/lib/python3.8/site-packages/airflow/example_dags/example_short_circuit_operator.py for tasks to queue
[2024-05-30T11:20:48.862+0000] {logging_mixin.py:188} INFO - [2024-05-30T11:20:48.861+0000] {dagbag.py:540} INFO - Filling up the DagBag from /home/airflow/.local/lib/python3.8/site-packages/airflow/example_dags/example_short_circuit_operator.py
[2024-05-30T11:20:48.876+0000] {processor.py:840} INFO - DAG(s) 'example_short_circuit_operator' retrieved from /home/airflow/.local/lib/python3.8/site-packages/airflow/example_dags/example_short_circuit_operator.py
[2024-05-30T11:20:48.928+0000] {logging_mixin.py:188} INFO - [2024-05-30T11:20:48.928+0000] {dag.py:3047} INFO - Sync 1 DAGs
[2024-05-30T11:20:48.982+0000] {logging_mixin.py:188} INFO - [2024-05-30T11:20:48.981+0000] {dag.py:3834} INFO - Setting next_dagrun for example_short_circuit_operator to 2024-05-29 00:00:00+00:00, run_after=2024-05-30 00:00:00+00:00
[2024-05-30T11:20:49.017+0000] {processor.py:183} INFO - Processing /home/airflow/.local/lib/python3.8/site-packages/airflow/example_dags/example_short_circuit_operator.py took 0.164 seconds
[2024-05-30T11:21:19.766+0000] {processor.py:161} INFO - Started process (PID=695) to work on /home/airflow/.local/lib/python3.8/site-packages/airflow/example_dags/example_short_circuit_operator.py
[2024-05-30T11:21:19.767+0000] {processor.py:830} INFO - Processing file /home/airflow/.local/lib/python3.8/site-packages/airflow/example_dags/example_short_circuit_operator.py for tasks to queue
[2024-05-30T11:21:19.769+0000] {logging_mixin.py:188} INFO - [2024-05-30T11:21:19.769+0000] {dagbag.py:540} INFO - Filling up the DagBag from /home/airflow/.local/lib/python3.8/site-packages/airflow/example_dags/example_short_circuit_operator.py
[2024-05-30T11:21:19.777+0000] {processor.py:840} INFO - DAG(s) 'example_short_circuit_operator' retrieved from /home/airflow/.local/lib/python3.8/site-packages/airflow/example_dags/example_short_circuit_operator.py
[2024-05-30T11:21:19.802+0000] {logging_mixin.py:188} INFO - [2024-05-30T11:21:19.801+0000] {dag.py:3047} INFO - Sync 1 DAGs
[2024-05-30T11:21:19.828+0000] {logging_mixin.py:188} INFO - [2024-05-30T11:21:19.828+0000] {dag.py:3834} INFO - Setting next_dagrun for example_short_circuit_operator to 2024-05-29 00:00:00+00:00, run_after=2024-05-30 00:00:00+00:00
[2024-05-30T11:21:19.855+0000] {processor.py:183} INFO - Processing /home/airflow/.local/lib/python3.8/site-packages/airflow/example_dags/example_short_circuit_operator.py took 0.092 seconds
[2024-05-30T11:21:50.502+0000] {processor.py:161} INFO - Started process (PID=752) to work on /home/airflow/.local/lib/python3.8/site-packages/airflow/example_dags/example_short_circuit_operator.py
[2024-05-30T11:21:50.504+0000] {processor.py:830} INFO - Processing file /home/airflow/.local/lib/python3.8/site-packages/airflow/example_dags/example_short_circuit_operator.py for tasks to queue
[2024-05-30T11:21:50.506+0000] {logging_mixin.py:188} INFO - [2024-05-30T11:21:50.505+0000] {dagbag.py:540} INFO - Filling up the DagBag from /home/airflow/.local/lib/python3.8/site-packages/airflow/example_dags/example_short_circuit_operator.py
[2024-05-30T11:21:50.515+0000] {processor.py:840} INFO - DAG(s) 'example_short_circuit_operator' retrieved from /home/airflow/.local/lib/python3.8/site-packages/airflow/example_dags/example_short_circuit_operator.py
[2024-05-30T11:21:50.547+0000] {logging_mixin.py:188} INFO - [2024-05-30T11:21:50.546+0000] {dag.py:3047} INFO - Sync 1 DAGs
[2024-05-30T11:21:50.578+0000] {logging_mixin.py:188} INFO - [2024-05-30T11:21:50.578+0000] {dag.py:3834} INFO - Setting next_dagrun for example_short_circuit_operator to 2024-05-29 00:00:00+00:00, run_after=2024-05-30 00:00:00+00:00
[2024-05-30T11:21:50.618+0000] {processor.py:183} INFO - Processing /home/airflow/.local/lib/python3.8/site-packages/airflow/example_dags/example_short_circuit_operator.py took 0.119 seconds
[2024-05-30T11:22:20.755+0000] {processor.py:161} INFO - Started process (PID=809) to work on /home/airflow/.local/lib/python3.8/site-packages/airflow/example_dags/example_short_circuit_operator.py
[2024-05-30T11:22:20.756+0000] {processor.py:830} INFO - Processing file /home/airflow/.local/lib/python3.8/site-packages/airflow/example_dags/example_short_circuit_operator.py for tasks to queue
[2024-05-30T11:22:20.758+0000] {logging_mixin.py:188} INFO - [2024-05-30T11:22:20.758+0000] {dagbag.py:540} INFO - Filling up the DagBag from /home/airflow/.local/lib/python3.8/site-packages/airflow/example_dags/example_short_circuit_operator.py
[2024-05-30T11:22:20.768+0000] {processor.py:840} INFO - DAG(s) 'example_short_circuit_operator' retrieved from /home/airflow/.local/lib/python3.8/site-packages/airflow/example_dags/example_short_circuit_operator.py
[2024-05-30T11:22:20.796+0000] {logging_mixin.py:188} INFO - [2024-05-30T11:22:20.796+0000] {dag.py:3047} INFO - Sync 1 DAGs
[2024-05-30T11:22:20.823+0000] {logging_mixin.py:188} INFO - [2024-05-30T11:22:20.822+0000] {dag.py:3834} INFO - Setting next_dagrun for example_short_circuit_operator to 2024-05-29 00:00:00+00:00, run_after=2024-05-30 00:00:00+00:00
[2024-05-30T11:22:20.850+0000] {processor.py:183} INFO - Processing /home/airflow/.local/lib/python3.8/site-packages/airflow/example_dags/example_short_circuit_operator.py took 0.098 seconds
[2024-05-30T11:22:51.495+0000] {processor.py:161} INFO - Started process (PID=866) to work on /home/airflow/.local/lib/python3.8/site-packages/airflow/example_dags/example_short_circuit_operator.py
[2024-05-30T11:22:51.496+0000] {processor.py:830} INFO - Processing file /home/airflow/.local/lib/python3.8/site-packages/airflow/example_dags/example_short_circuit_operator.py for tasks to queue
[2024-05-30T11:22:51.498+0000] {logging_mixin.py:188} INFO - [2024-05-30T11:22:51.497+0000] {dagbag.py:540} INFO - Filling up the DagBag from /home/airflow/.local/lib/python3.8/site-packages/airflow/example_dags/example_short_circuit_operator.py
[2024-05-30T11:22:51.505+0000] {processor.py:840} INFO - DAG(s) 'example_short_circuit_operator' retrieved from /home/airflow/.local/lib/python3.8/site-packages/airflow/example_dags/example_short_circuit_operator.py
[2024-05-30T11:22:51.535+0000] {logging_mixin.py:188} INFO - [2024-05-30T11:22:51.535+0000] {dag.py:3047} INFO - Sync 1 DAGs
[2024-05-30T11:22:51.568+0000] {logging_mixin.py:188} INFO - [2024-05-30T11:22:51.567+0000] {dag.py:3834} INFO - Setting next_dagrun for example_short_circuit_operator to 2024-05-29 00:00:00+00:00, run_after=2024-05-30 00:00:00+00:00
[2024-05-30T11:22:51.594+0000] {processor.py:183} INFO - Processing /home/airflow/.local/lib/python3.8/site-packages/airflow/example_dags/example_short_circuit_operator.py took 0.101 seconds
[2024-05-30T11:23:22.024+0000] {processor.py:161} INFO - Started process (PID=923) to work on /home/airflow/.local/lib/python3.8/site-packages/airflow/example_dags/example_short_circuit_operator.py
[2024-05-30T11:23:22.026+0000] {processor.py:830} INFO - Processing file /home/airflow/.local/lib/python3.8/site-packages/airflow/example_dags/example_short_circuit_operator.py for tasks to queue
[2024-05-30T11:23:22.031+0000] {logging_mixin.py:188} INFO - [2024-05-30T11:23:22.030+0000] {dagbag.py:540} INFO - Filling up the DagBag from /home/airflow/.local/lib/python3.8/site-packages/airflow/example_dags/example_short_circuit_operator.py
[2024-05-30T11:23:22.050+0000] {processor.py:840} INFO - DAG(s) 'example_short_circuit_operator' retrieved from /home/airflow/.local/lib/python3.8/site-packages/airflow/example_dags/example_short_circuit_operator.py
[2024-05-30T11:23:22.087+0000] {logging_mixin.py:188} INFO - [2024-05-30T11:23:22.086+0000] {dag.py:3047} INFO - Sync 1 DAGs
[2024-05-30T11:23:22.186+0000] {logging_mixin.py:188} INFO - [2024-05-30T11:23:22.179+0000] {dag.py:3834} INFO - Setting next_dagrun for example_short_circuit_operator to 2024-05-29 00:00:00+00:00, run_after=2024-05-30 00:00:00+00:00
[2024-05-30T11:23:22.230+0000] {processor.py:183} INFO - Processing /home/airflow/.local/lib/python3.8/site-packages/airflow/example_dags/example_short_circuit_operator.py took 0.209 seconds
[2024-05-30T11:23:53.025+0000] {processor.py:161} INFO - Started process (PID=980) to work on /home/airflow/.local/lib/python3.8/site-packages/airflow/example_dags/example_short_circuit_operator.py
[2024-05-30T11:23:53.027+0000] {processor.py:830} INFO - Processing file /home/airflow/.local/lib/python3.8/site-packages/airflow/example_dags/example_short_circuit_operator.py for tasks to queue
[2024-05-30T11:23:53.029+0000] {logging_mixin.py:188} INFO - [2024-05-30T11:23:53.029+0000] {dagbag.py:540} INFO - Filling up the DagBag from /home/airflow/.local/lib/python3.8/site-packages/airflow/example_dags/example_short_circuit_operator.py
[2024-05-30T11:23:53.045+0000] {processor.py:840} INFO - DAG(s) 'example_short_circuit_operator' retrieved from /home/airflow/.local/lib/python3.8/site-packages/airflow/example_dags/example_short_circuit_operator.py
[2024-05-30T11:23:53.093+0000] {logging_mixin.py:188} INFO - [2024-05-30T11:23:53.093+0000] {dag.py:3047} INFO - Sync 1 DAGs
[2024-05-30T11:23:53.138+0000] {logging_mixin.py:188} INFO - [2024-05-30T11:23:53.138+0000] {dag.py:3834} INFO - Setting next_dagrun for example_short_circuit_operator to 2024-05-29 00:00:00+00:00, run_after=2024-05-30 00:00:00+00:00
[2024-05-30T11:23:53.191+0000] {processor.py:183} INFO - Processing /home/airflow/.local/lib/python3.8/site-packages/airflow/example_dags/example_short_circuit_operator.py took 0.170 seconds
[2024-05-30T11:24:23.937+0000] {processor.py:161} INFO - Started process (PID=1037) to work on /home/airflow/.local/lib/python3.8/site-packages/airflow/example_dags/example_short_circuit_operator.py
[2024-05-30T11:24:23.939+0000] {processor.py:830} INFO - Processing file /home/airflow/.local/lib/python3.8/site-packages/airflow/example_dags/example_short_circuit_operator.py for tasks to queue
[2024-05-30T11:24:23.943+0000] {logging_mixin.py:188} INFO - [2024-05-30T11:24:23.942+0000] {dagbag.py:540} INFO - Filling up the DagBag from /home/airflow/.local/lib/python3.8/site-packages/airflow/example_dags/example_short_circuit_operator.py
[2024-05-30T11:24:23.976+0000] {processor.py:840} INFO - DAG(s) 'example_short_circuit_operator' retrieved from /home/airflow/.local/lib/python3.8/site-packages/airflow/example_dags/example_short_circuit_operator.py
[2024-05-30T11:24:24.064+0000] {logging_mixin.py:188} INFO - [2024-05-30T11:24:24.063+0000] {dag.py:3047} INFO - Sync 1 DAGs
[2024-05-30T11:24:24.142+0000] {logging_mixin.py:188} INFO - [2024-05-30T11:24:24.142+0000] {dag.py:3834} INFO - Setting next_dagrun for example_short_circuit_operator to 2024-05-29 00:00:00+00:00, run_after=2024-05-30 00:00:00+00:00
[2024-05-30T11:24:24.203+0000] {processor.py:183} INFO - Processing /home/airflow/.local/lib/python3.8/site-packages/airflow/example_dags/example_short_circuit_operator.py took 0.269 seconds
[2024-05-30T11:24:54.752+0000] {processor.py:161} INFO - Started process (PID=1094) to work on /home/airflow/.local/lib/python3.8/site-packages/airflow/example_dags/example_short_circuit_operator.py
[2024-05-30T11:24:54.753+0000] {processor.py:830} INFO - Processing file /home/airflow/.local/lib/python3.8/site-packages/airflow/example_dags/example_short_circuit_operator.py for tasks to queue
[2024-05-30T11:24:54.756+0000] {logging_mixin.py:188} INFO - [2024-05-30T11:24:54.756+0000] {dagbag.py:540} INFO - Filling up the DagBag from /home/airflow/.local/lib/python3.8/site-packages/airflow/example_dags/example_short_circuit_operator.py
[2024-05-30T11:24:54.770+0000] {processor.py:840} INFO - DAG(s) 'example_short_circuit_operator' retrieved from /home/airflow/.local/lib/python3.8/site-packages/airflow/example_dags/example_short_circuit_operator.py
[2024-05-30T11:24:54.827+0000] {logging_mixin.py:188} INFO - [2024-05-30T11:24:54.826+0000] {dag.py:3047} INFO - Sync 1 DAGs
[2024-05-30T11:24:54.897+0000] {logging_mixin.py:188} INFO - [2024-05-30T11:24:54.895+0000] {dag.py:3834} INFO - Setting next_dagrun for example_short_circuit_operator to 2024-05-29 00:00:00+00:00, run_after=2024-05-30 00:00:00+00:00
[2024-05-30T11:24:54.950+0000] {processor.py:183} INFO - Processing /home/airflow/.local/lib/python3.8/site-packages/airflow/example_dags/example_short_circuit_operator.py took 0.201 seconds
[2024-05-30T11:25:25.014+0000] {processor.py:161} INFO - Started process (PID=1151) to work on /home/airflow/.local/lib/python3.8/site-packages/airflow/example_dags/example_short_circuit_operator.py
[2024-05-30T11:25:25.015+0000] {processor.py:830} INFO - Processing file /home/airflow/.local/lib/python3.8/site-packages/airflow/example_dags/example_short_circuit_operator.py for tasks to queue
[2024-05-30T11:25:25.017+0000] {logging_mixin.py:188} INFO - [2024-05-30T11:25:25.017+0000] {dagbag.py:540} INFO - Filling up the DagBag from /home/airflow/.local/lib/python3.8/site-packages/airflow/example_dags/example_short_circuit_operator.py
[2024-05-30T11:25:25.027+0000] {processor.py:840} INFO - DAG(s) 'example_short_circuit_operator' retrieved from /home/airflow/.local/lib/python3.8/site-packages/airflow/example_dags/example_short_circuit_operator.py
[2024-05-30T11:25:25.059+0000] {logging_mixin.py:188} INFO - [2024-05-30T11:25:25.059+0000] {dag.py:3047} INFO - Sync 1 DAGs
[2024-05-30T11:25:25.091+0000] {logging_mixin.py:188} INFO - [2024-05-30T11:25:25.090+0000] {dag.py:3834} INFO - Setting next_dagrun for example_short_circuit_operator to 2024-05-29 00:00:00+00:00, run_after=2024-05-30 00:00:00+00:00
[2024-05-30T11:25:25.130+0000] {processor.py:183} INFO - Processing /home/airflow/.local/lib/python3.8/site-packages/airflow/example_dags/example_short_circuit_operator.py took 0.120 seconds
[2024-05-30T11:25:56.438+0000] {processor.py:161} INFO - Started process (PID=1208) to work on /home/airflow/.local/lib/python3.8/site-packages/airflow/example_dags/example_short_circuit_operator.py
[2024-05-30T11:25:56.440+0000] {processor.py:830} INFO - Processing file /home/airflow/.local/lib/python3.8/site-packages/airflow/example_dags/example_short_circuit_operator.py for tasks to queue
[2024-05-30T11:25:56.444+0000] {logging_mixin.py:188} INFO - [2024-05-30T11:25:56.443+0000] {dagbag.py:540} INFO - Filling up the DagBag from /home/airflow/.local/lib/python3.8/site-packages/airflow/example_dags/example_short_circuit_operator.py
[2024-05-30T11:25:56.464+0000] {processor.py:840} INFO - DAG(s) 'example_short_circuit_operator' retrieved from /home/airflow/.local/lib/python3.8/site-packages/airflow/example_dags/example_short_circuit_operator.py
[2024-05-30T11:25:56.556+0000] {logging_mixin.py:188} INFO - [2024-05-30T11:25:56.555+0000] {dag.py:3047} INFO - Sync 1 DAGs
[2024-05-30T11:25:56.629+0000] {logging_mixin.py:188} INFO - [2024-05-30T11:25:56.628+0000] {dag.py:3834} INFO - Setting next_dagrun for example_short_circuit_operator to 2024-05-29 00:00:00+00:00, run_after=2024-05-30 00:00:00+00:00
[2024-05-30T11:25:56.707+0000] {processor.py:183} INFO - Processing /home/airflow/.local/lib/python3.8/site-packages/airflow/example_dags/example_short_circuit_operator.py took 0.265 seconds
[2024-05-30T11:26:27.258+0000] {processor.py:161} INFO - Started process (PID=1265) to work on /home/airflow/.local/lib/python3.8/site-packages/airflow/example_dags/example_short_circuit_operator.py
[2024-05-30T11:26:27.260+0000] {processor.py:830} INFO - Processing file /home/airflow/.local/lib/python3.8/site-packages/airflow/example_dags/example_short_circuit_operator.py for tasks to queue
[2024-05-30T11:26:27.263+0000] {logging_mixin.py:188} INFO - [2024-05-30T11:26:27.263+0000] {dagbag.py:540} INFO - Filling up the DagBag from /home/airflow/.local/lib/python3.8/site-packages/airflow/example_dags/example_short_circuit_operator.py
[2024-05-30T11:26:27.276+0000] {processor.py:840} INFO - DAG(s) 'example_short_circuit_operator' retrieved from /home/airflow/.local/lib/python3.8/site-packages/airflow/example_dags/example_short_circuit_operator.py
[2024-05-30T11:26:27.319+0000] {logging_mixin.py:188} INFO - [2024-05-30T11:26:27.318+0000] {dag.py:3047} INFO - Sync 1 DAGs
[2024-05-30T11:26:27.366+0000] {logging_mixin.py:188} INFO - [2024-05-30T11:26:27.365+0000] {dag.py:3834} INFO - Setting next_dagrun for example_short_circuit_operator to 2024-05-29 00:00:00+00:00, run_after=2024-05-30 00:00:00+00:00
[2024-05-30T11:26:27.407+0000] {processor.py:183} INFO - Processing /home/airflow/.local/lib/python3.8/site-packages/airflow/example_dags/example_short_circuit_operator.py took 0.154 seconds
[2024-05-30T11:26:58.553+0000] {processor.py:161} INFO - Started process (PID=1322) to work on /home/airflow/.local/lib/python3.8/site-packages/airflow/example_dags/example_short_circuit_operator.py
[2024-05-30T11:26:58.554+0000] {processor.py:830} INFO - Processing file /home/airflow/.local/lib/python3.8/site-packages/airflow/example_dags/example_short_circuit_operator.py for tasks to queue
[2024-05-30T11:26:58.557+0000] {logging_mixin.py:188} INFO - [2024-05-30T11:26:58.557+0000] {dagbag.py:540} INFO - Filling up the DagBag from /home/airflow/.local/lib/python3.8/site-packages/airflow/example_dags/example_short_circuit_operator.py
[2024-05-30T11:26:58.569+0000] {processor.py:840} INFO - DAG(s) 'example_short_circuit_operator' retrieved from /home/airflow/.local/lib/python3.8/site-packages/airflow/example_dags/example_short_circuit_operator.py
[2024-05-30T11:26:58.613+0000] {logging_mixin.py:188} INFO - [2024-05-30T11:26:58.613+0000] {dag.py:3047} INFO - Sync 1 DAGs
[2024-05-30T11:26:58.664+0000] {logging_mixin.py:188} INFO - [2024-05-30T11:26:58.664+0000] {dag.py:3834} INFO - Setting next_dagrun for example_short_circuit_operator to 2024-05-29 00:00:00+00:00, run_after=2024-05-30 00:00:00+00:00
[2024-05-30T11:26:58.733+0000] {processor.py:183} INFO - Processing /home/airflow/.local/lib/python3.8/site-packages/airflow/example_dags/example_short_circuit_operator.py took 0.184 seconds
[2024-05-30T11:27:29.267+0000] {processor.py:161} INFO - Started process (PID=1380) to work on /home/airflow/.local/lib/python3.8/site-packages/airflow/example_dags/example_short_circuit_operator.py
[2024-05-30T11:27:29.269+0000] {processor.py:830} INFO - Processing file /home/airflow/.local/lib/python3.8/site-packages/airflow/example_dags/example_short_circuit_operator.py for tasks to queue
[2024-05-30T11:27:29.272+0000] {logging_mixin.py:188} INFO - [2024-05-30T11:27:29.271+0000] {dagbag.py:540} INFO - Filling up the DagBag from /home/airflow/.local/lib/python3.8/site-packages/airflow/example_dags/example_short_circuit_operator.py
[2024-05-30T11:27:29.286+0000] {processor.py:840} INFO - DAG(s) 'example_short_circuit_operator' retrieved from /home/airflow/.local/lib/python3.8/site-packages/airflow/example_dags/example_short_circuit_operator.py
[2024-05-30T11:27:29.328+0000] {logging_mixin.py:188} INFO - [2024-05-30T11:27:29.328+0000] {dag.py:3047} INFO - Sync 1 DAGs
[2024-05-30T11:27:29.381+0000] {logging_mixin.py:188} INFO - [2024-05-30T11:27:29.380+0000] {dag.py:3834} INFO - Setting next_dagrun for example_short_circuit_operator to 2024-05-29 00:00:00+00:00, run_after=2024-05-30 00:00:00+00:00
[2024-05-30T11:27:29.417+0000] {processor.py:183} INFO - Processing /home/airflow/.local/lib/python3.8/site-packages/airflow/example_dags/example_short_circuit_operator.py took 0.154 seconds
[2024-05-30T11:27:59.612+0000] {processor.py:161} INFO - Started process (PID=1437) to work on /home/airflow/.local/lib/python3.8/site-packages/airflow/example_dags/example_short_circuit_operator.py
[2024-05-30T11:27:59.614+0000] {processor.py:830} INFO - Processing file /home/airflow/.local/lib/python3.8/site-packages/airflow/example_dags/example_short_circuit_operator.py for tasks to queue
[2024-05-30T11:27:59.618+0000] {logging_mixin.py:188} INFO - [2024-05-30T11:27:59.617+0000] {dagbag.py:540} INFO - Filling up the DagBag from /home/airflow/.local/lib/python3.8/site-packages/airflow/example_dags/example_short_circuit_operator.py
[2024-05-30T11:27:59.628+0000] {processor.py:840} INFO - DAG(s) 'example_short_circuit_operator' retrieved from /home/airflow/.local/lib/python3.8/site-packages/airflow/example_dags/example_short_circuit_operator.py
[2024-05-30T11:27:59.665+0000] {logging_mixin.py:188} INFO - [2024-05-30T11:27:59.665+0000] {dag.py:3047} INFO - Sync 1 DAGs
[2024-05-30T11:27:59.699+0000] {logging_mixin.py:188} INFO - [2024-05-30T11:27:59.699+0000] {dag.py:3834} INFO - Setting next_dagrun for example_short_circuit_operator to 2024-05-29 00:00:00+00:00, run_after=2024-05-30 00:00:00+00:00
[2024-05-30T11:27:59.738+0000] {processor.py:183} INFO - Processing /home/airflow/.local/lib/python3.8/site-packages/airflow/example_dags/example_short_circuit_operator.py took 0.128 seconds
[2024-05-30T11:28:29.817+0000] {processor.py:161} INFO - Started process (PID=1494) to work on /home/airflow/.local/lib/python3.8/site-packages/airflow/example_dags/example_short_circuit_operator.py
[2024-05-30T11:28:29.819+0000] {processor.py:830} INFO - Processing file /home/airflow/.local/lib/python3.8/site-packages/airflow/example_dags/example_short_circuit_operator.py for tasks to queue
[2024-05-30T11:28:29.821+0000] {logging_mixin.py:188} INFO - [2024-05-30T11:28:29.821+0000] {dagbag.py:540} INFO - Filling up the DagBag from /home/airflow/.local/lib/python3.8/site-packages/airflow/example_dags/example_short_circuit_operator.py
[2024-05-30T11:28:29.831+0000] {processor.py:840} INFO - DAG(s) 'example_short_circuit_operator' retrieved from /home/airflow/.local/lib/python3.8/site-packages/airflow/example_dags/example_short_circuit_operator.py
[2024-05-30T11:28:29.865+0000] {logging_mixin.py:188} INFO - [2024-05-30T11:28:29.864+0000] {dag.py:3047} INFO - Sync 1 DAGs
[2024-05-30T11:28:29.897+0000] {logging_mixin.py:188} INFO - [2024-05-30T11:28:29.896+0000] {dag.py:3834} INFO - Setting next_dagrun for example_short_circuit_operator to 2024-05-29 00:00:00+00:00, run_after=2024-05-30 00:00:00+00:00
[2024-05-30T11:28:29.932+0000] {processor.py:183} INFO - Processing /home/airflow/.local/lib/python3.8/site-packages/airflow/example_dags/example_short_circuit_operator.py took 0.119 seconds
[2024-05-30T11:29:00.209+0000] {processor.py:161} INFO - Started process (PID=1551) to work on /home/airflow/.local/lib/python3.8/site-packages/airflow/example_dags/example_short_circuit_operator.py
[2024-05-30T11:29:00.210+0000] {processor.py:830} INFO - Processing file /home/airflow/.local/lib/python3.8/site-packages/airflow/example_dags/example_short_circuit_operator.py for tasks to queue
[2024-05-30T11:29:00.213+0000] {logging_mixin.py:188} INFO - [2024-05-30T11:29:00.213+0000] {dagbag.py:540} INFO - Filling up the DagBag from /home/airflow/.local/lib/python3.8/site-packages/airflow/example_dags/example_short_circuit_operator.py
[2024-05-30T11:29:00.226+0000] {processor.py:840} INFO - DAG(s) 'example_short_circuit_operator' retrieved from /home/airflow/.local/lib/python3.8/site-packages/airflow/example_dags/example_short_circuit_operator.py
[2024-05-30T11:29:00.268+0000] {logging_mixin.py:188} INFO - [2024-05-30T11:29:00.268+0000] {dag.py:3047} INFO - Sync 1 DAGs
[2024-05-30T11:29:00.304+0000] {logging_mixin.py:188} INFO - [2024-05-30T11:29:00.303+0000] {dag.py:3834} INFO - Setting next_dagrun for example_short_circuit_operator to 2024-05-29 00:00:00+00:00, run_after=2024-05-30 00:00:00+00:00
[2024-05-30T11:29:00.331+0000] {processor.py:183} INFO - Processing /home/airflow/.local/lib/python3.8/site-packages/airflow/example_dags/example_short_circuit_operator.py took 0.126 seconds
[2024-05-30T11:29:30.902+0000] {processor.py:161} INFO - Started process (PID=1607) to work on /home/airflow/.local/lib/python3.8/site-packages/airflow/example_dags/example_short_circuit_operator.py
[2024-05-30T11:29:30.903+0000] {processor.py:830} INFO - Processing file /home/airflow/.local/lib/python3.8/site-packages/airflow/example_dags/example_short_circuit_operator.py for tasks to queue
[2024-05-30T11:29:30.905+0000] {logging_mixin.py:188} INFO - [2024-05-30T11:29:30.905+0000] {dagbag.py:540} INFO - Filling up the DagBag from /home/airflow/.local/lib/python3.8/site-packages/airflow/example_dags/example_short_circuit_operator.py
[2024-05-30T11:29:30.913+0000] {processor.py:840} INFO - DAG(s) 'example_short_circuit_operator' retrieved from /home/airflow/.local/lib/python3.8/site-packages/airflow/example_dags/example_short_circuit_operator.py
[2024-05-30T11:29:30.945+0000] {logging_mixin.py:188} INFO - [2024-05-30T11:29:30.944+0000] {dag.py:3047} INFO - Sync 1 DAGs
[2024-05-30T11:29:30.983+0000] {logging_mixin.py:188} INFO - [2024-05-30T11:29:30.982+0000] {dag.py:3834} INFO - Setting next_dagrun for example_short_circuit_operator to 2024-05-29 00:00:00+00:00, run_after=2024-05-30 00:00:00+00:00
[2024-05-30T11:29:31.018+0000] {processor.py:183} INFO - Processing /home/airflow/.local/lib/python3.8/site-packages/airflow/example_dags/example_short_circuit_operator.py took 0.119 seconds
[2024-05-30T11:30:01.350+0000] {processor.py:161} INFO - Started process (PID=1664) to work on /home/airflow/.local/lib/python3.8/site-packages/airflow/example_dags/example_short_circuit_operator.py
[2024-05-30T11:30:01.352+0000] {processor.py:830} INFO - Processing file /home/airflow/.local/lib/python3.8/site-packages/airflow/example_dags/example_short_circuit_operator.py for tasks to queue
[2024-05-30T11:30:01.354+0000] {logging_mixin.py:188} INFO - [2024-05-30T11:30:01.354+0000] {dagbag.py:540} INFO - Filling up the DagBag from /home/airflow/.local/lib/python3.8/site-packages/airflow/example_dags/example_short_circuit_operator.py
[2024-05-30T11:30:01.367+0000] {processor.py:840} INFO - DAG(s) 'example_short_circuit_operator' retrieved from /home/airflow/.local/lib/python3.8/site-packages/airflow/example_dags/example_short_circuit_operator.py
[2024-05-30T11:30:01.402+0000] {logging_mixin.py:188} INFO - [2024-05-30T11:30:01.401+0000] {dag.py:3047} INFO - Sync 1 DAGs
[2024-05-30T11:30:01.431+0000] {logging_mixin.py:188} INFO - [2024-05-30T11:30:01.431+0000] {dag.py:3834} INFO - Setting next_dagrun for example_short_circuit_operator to 2024-05-29 00:00:00+00:00, run_after=2024-05-30 00:00:00+00:00
[2024-05-30T11:30:01.458+0000] {processor.py:183} INFO - Processing /home/airflow/.local/lib/python3.8/site-packages/airflow/example_dags/example_short_circuit_operator.py took 0.112 seconds
[2024-05-30T11:30:31.612+0000] {processor.py:161} INFO - Started process (PID=1721) to work on /home/airflow/.local/lib/python3.8/site-packages/airflow/example_dags/example_short_circuit_operator.py
[2024-05-30T11:30:31.613+0000] {processor.py:830} INFO - Processing file /home/airflow/.local/lib/python3.8/site-packages/airflow/example_dags/example_short_circuit_operator.py for tasks to queue
[2024-05-30T11:30:31.615+0000] {logging_mixin.py:188} INFO - [2024-05-30T11:30:31.615+0000] {dagbag.py:540} INFO - Filling up the DagBag from /home/airflow/.local/lib/python3.8/site-packages/airflow/example_dags/example_short_circuit_operator.py
[2024-05-30T11:30:31.623+0000] {processor.py:840} INFO - DAG(s) 'example_short_circuit_operator' retrieved from /home/airflow/.local/lib/python3.8/site-packages/airflow/example_dags/example_short_circuit_operator.py
[2024-05-30T11:30:31.653+0000] {logging_mixin.py:188} INFO - [2024-05-30T11:30:31.652+0000] {dag.py:3047} INFO - Sync 1 DAGs
[2024-05-30T11:30:31.688+0000] {logging_mixin.py:188} INFO - [2024-05-30T11:30:31.688+0000] {dag.py:3834} INFO - Setting next_dagrun for example_short_circuit_operator to 2024-05-29 00:00:00+00:00, run_after=2024-05-30 00:00:00+00:00
[2024-05-30T11:30:31.715+0000] {processor.py:183} INFO - Processing /home/airflow/.local/lib/python3.8/site-packages/airflow/example_dags/example_short_circuit_operator.py took 0.106 seconds
[2024-05-30T11:31:02.420+0000] {processor.py:161} INFO - Started process (PID=1778) to work on /home/airflow/.local/lib/python3.8/site-packages/airflow/example_dags/example_short_circuit_operator.py
[2024-05-30T11:31:02.423+0000] {processor.py:830} INFO - Processing file /home/airflow/.local/lib/python3.8/site-packages/airflow/example_dags/example_short_circuit_operator.py for tasks to queue
[2024-05-30T11:31:02.428+0000] {logging_mixin.py:188} INFO - [2024-05-30T11:31:02.427+0000] {dagbag.py:540} INFO - Filling up the DagBag from /home/airflow/.local/lib/python3.8/site-packages/airflow/example_dags/example_short_circuit_operator.py
[2024-05-30T11:31:02.445+0000] {processor.py:840} INFO - DAG(s) 'example_short_circuit_operator' retrieved from /home/airflow/.local/lib/python3.8/site-packages/airflow/example_dags/example_short_circuit_operator.py
[2024-05-30T11:31:02.485+0000] {logging_mixin.py:188} INFO - [2024-05-30T11:31:02.485+0000] {dag.py:3047} INFO - Sync 1 DAGs
[2024-05-30T11:31:02.531+0000] {logging_mixin.py:188} INFO - [2024-05-30T11:31:02.530+0000] {dag.py:3834} INFO - Setting next_dagrun for example_short_circuit_operator to 2024-05-29 00:00:00+00:00, run_after=2024-05-30 00:00:00+00:00
[2024-05-30T11:31:02.571+0000] {processor.py:183} INFO - Processing /home/airflow/.local/lib/python3.8/site-packages/airflow/example_dags/example_short_circuit_operator.py took 0.156 seconds
[2024-05-30T11:31:32.978+0000] {processor.py:161} INFO - Started process (PID=1835) to work on /home/airflow/.local/lib/python3.8/site-packages/airflow/example_dags/example_short_circuit_operator.py
[2024-05-30T11:31:32.980+0000] {processor.py:830} INFO - Processing file /home/airflow/.local/lib/python3.8/site-packages/airflow/example_dags/example_short_circuit_operator.py for tasks to queue
[2024-05-30T11:31:32.982+0000] {logging_mixin.py:188} INFO - [2024-05-30T11:31:32.982+0000] {dagbag.py:540} INFO - Filling up the DagBag from /home/airflow/.local/lib/python3.8/site-packages/airflow/example_dags/example_short_circuit_operator.py
[2024-05-30T11:31:33.001+0000] {processor.py:840} INFO - DAG(s) 'example_short_circuit_operator' retrieved from /home/airflow/.local/lib/python3.8/site-packages/airflow/example_dags/example_short_circuit_operator.py
[2024-05-30T11:31:33.050+0000] {logging_mixin.py:188} INFO - [2024-05-30T11:31:33.050+0000] {dag.py:3047} INFO - Sync 1 DAGs
[2024-05-30T11:31:33.091+0000] {logging_mixin.py:188} INFO - [2024-05-30T11:31:33.091+0000] {dag.py:3834} INFO - Setting next_dagrun for example_short_circuit_operator to 2024-05-29 00:00:00+00:00, run_after=2024-05-30 00:00:00+00:00
[2024-05-30T11:31:33.130+0000] {processor.py:183} INFO - Processing /home/airflow/.local/lib/python3.8/site-packages/airflow/example_dags/example_short_circuit_operator.py took 0.156 seconds
