[2024-05-30T11:15:38.596+0000] {processor.py:161} INFO - Started process (PID=42) to work on /home/airflow/.local/lib/python3.8/site-packages/airflow/example_dags/example_short_circuit_decorator.py
[2024-05-30T11:15:38.598+0000] {processor.py:830} INFO - Processing file /home/airflow/.local/lib/python3.8/site-packages/airflow/example_dags/example_short_circuit_decorator.py for tasks to queue
[2024-05-30T11:15:38.600+0000] {logging_mixin.py:188} INFO - [2024-05-30T11:15:38.600+0000] {dagbag.py:540} INFO - Filling up the DagBag from /home/airflow/.local/lib/python3.8/site-packages/airflow/example_dags/example_short_circuit_decorator.py
[2024-05-30T11:15:38.625+0000] {processor.py:840} INFO - DAG(s) 'example_short_circuit_decorator' retrieved from /home/airflow/.local/lib/python3.8/site-packages/airflow/example_dags/example_short_circuit_decorator.py
[2024-05-30T11:15:38.678+0000] {logging_mixin.py:188} INFO - [2024-05-30T11:15:38.677+0000] {dag.py:3047} INFO - Sync 1 DAGs
[2024-05-30T11:15:38.709+0000] {logging_mixin.py:188} INFO - [2024-05-30T11:15:38.709+0000] {dag.py:3834} INFO - Setting next_dagrun for example_short_circuit_decorator to 2024-05-29 00:00:00+00:00, run_after=2024-05-30 00:00:00+00:00
[2024-05-30T11:15:38.743+0000] {processor.py:183} INFO - Processing /home/airflow/.local/lib/python3.8/site-packages/airflow/example_dags/example_short_circuit_decorator.py took 0.149 seconds
[2024-05-30T11:16:09.488+0000] {processor.py:161} INFO - Started process (PID=99) to work on /home/airflow/.local/lib/python3.8/site-packages/airflow/example_dags/example_short_circuit_decorator.py
[2024-05-30T11:16:09.489+0000] {processor.py:830} INFO - Processing file /home/airflow/.local/lib/python3.8/site-packages/airflow/example_dags/example_short_circuit_decorator.py for tasks to queue
[2024-05-30T11:16:09.491+0000] {logging_mixin.py:188} INFO - [2024-05-30T11:16:09.490+0000] {dagbag.py:540} INFO - Filling up the DagBag from /home/airflow/.local/lib/python3.8/site-packages/airflow/example_dags/example_short_circuit_decorator.py
[2024-05-30T11:16:09.502+0000] {processor.py:840} INFO - DAG(s) 'example_short_circuit_decorator' retrieved from /home/airflow/.local/lib/python3.8/site-packages/airflow/example_dags/example_short_circuit_decorator.py
[2024-05-30T11:16:09.528+0000] {logging_mixin.py:188} INFO - [2024-05-30T11:16:09.528+0000] {dag.py:3047} INFO - Sync 1 DAGs
[2024-05-30T11:16:09.554+0000] {logging_mixin.py:188} INFO - [2024-05-30T11:16:09.554+0000] {dag.py:3834} INFO - Setting next_dagrun for example_short_circuit_decorator to 2024-05-29 00:00:00+00:00, run_after=2024-05-30 00:00:00+00:00
[2024-05-30T11:16:09.582+0000] {processor.py:183} INFO - Processing /home/airflow/.local/lib/python3.8/site-packages/airflow/example_dags/example_short_circuit_decorator.py took 0.097 seconds
[2024-05-30T11:16:39.728+0000] {processor.py:161} INFO - Started process (PID=154) to work on /home/airflow/.local/lib/python3.8/site-packages/airflow/example_dags/example_short_circuit_decorator.py
[2024-05-30T11:16:39.729+0000] {processor.py:830} INFO - Processing file /home/airflow/.local/lib/python3.8/site-packages/airflow/example_dags/example_short_circuit_decorator.py for tasks to queue
[2024-05-30T11:16:39.732+0000] {logging_mixin.py:188} INFO - [2024-05-30T11:16:39.731+0000] {dagbag.py:540} INFO - Filling up the DagBag from /home/airflow/.local/lib/python3.8/site-packages/airflow/example_dags/example_short_circuit_decorator.py
[2024-05-30T11:16:39.743+0000] {processor.py:840} INFO - DAG(s) 'example_short_circuit_decorator' retrieved from /home/airflow/.local/lib/python3.8/site-packages/airflow/example_dags/example_short_circuit_decorator.py
[2024-05-30T11:16:39.771+0000] {logging_mixin.py:188} INFO - [2024-05-30T11:16:39.771+0000] {dag.py:3047} INFO - Sync 1 DAGs
[2024-05-30T11:16:39.797+0000] {logging_mixin.py:188} INFO - [2024-05-30T11:16:39.796+0000] {dag.py:3834} INFO - Setting next_dagrun for example_short_circuit_decorator to 2024-05-29 00:00:00+00:00, run_after=2024-05-30 00:00:00+00:00
[2024-05-30T11:16:39.827+0000] {processor.py:183} INFO - Processing /home/airflow/.local/lib/python3.8/site-packages/airflow/example_dags/example_short_circuit_decorator.py took 0.102 seconds
[2024-05-30T11:17:09.907+0000] {processor.py:161} INFO - Started process (PID=211) to work on /home/airflow/.local/lib/python3.8/site-packages/airflow/example_dags/example_short_circuit_decorator.py
[2024-05-30T11:17:09.908+0000] {processor.py:830} INFO - Processing file /home/airflow/.local/lib/python3.8/site-packages/airflow/example_dags/example_short_circuit_decorator.py for tasks to queue
[2024-05-30T11:17:09.911+0000] {logging_mixin.py:188} INFO - [2024-05-30T11:17:09.911+0000] {dagbag.py:540} INFO - Filling up the DagBag from /home/airflow/.local/lib/python3.8/site-packages/airflow/example_dags/example_short_circuit_decorator.py
[2024-05-30T11:17:09.927+0000] {processor.py:840} INFO - DAG(s) 'example_short_circuit_decorator' retrieved from /home/airflow/.local/lib/python3.8/site-packages/airflow/example_dags/example_short_circuit_decorator.py
[2024-05-30T11:17:09.976+0000] {logging_mixin.py:188} INFO - [2024-05-30T11:17:09.976+0000] {dag.py:3047} INFO - Sync 1 DAGs
[2024-05-30T11:17:10.021+0000] {logging_mixin.py:188} INFO - [2024-05-30T11:17:10.020+0000] {dag.py:3834} INFO - Setting next_dagrun for example_short_circuit_decorator to 2024-05-29 00:00:00+00:00, run_after=2024-05-30 00:00:00+00:00
[2024-05-30T11:17:10.061+0000] {processor.py:183} INFO - Processing /home/airflow/.local/lib/python3.8/site-packages/airflow/example_dags/example_short_circuit_decorator.py took 0.157 seconds
[2024-05-30T11:17:40.218+0000] {processor.py:161} INFO - Started process (PID=268) to work on /home/airflow/.local/lib/python3.8/site-packages/airflow/example_dags/example_short_circuit_decorator.py
[2024-05-30T11:17:40.219+0000] {processor.py:830} INFO - Processing file /home/airflow/.local/lib/python3.8/site-packages/airflow/example_dags/example_short_circuit_decorator.py for tasks to queue
[2024-05-30T11:17:40.221+0000] {logging_mixin.py:188} INFO - [2024-05-30T11:17:40.220+0000] {dagbag.py:540} INFO - Filling up the DagBag from /home/airflow/.local/lib/python3.8/site-packages/airflow/example_dags/example_short_circuit_decorator.py
[2024-05-30T11:17:40.230+0000] {processor.py:840} INFO - DAG(s) 'example_short_circuit_decorator' retrieved from /home/airflow/.local/lib/python3.8/site-packages/airflow/example_dags/example_short_circuit_decorator.py
[2024-05-30T11:17:40.262+0000] {logging_mixin.py:188} INFO - [2024-05-30T11:17:40.262+0000] {dag.py:3047} INFO - Sync 1 DAGs
[2024-05-30T11:17:40.291+0000] {logging_mixin.py:188} INFO - [2024-05-30T11:17:40.291+0000] {dag.py:3834} INFO - Setting next_dagrun for example_short_circuit_decorator to 2024-05-29 00:00:00+00:00, run_after=2024-05-30 00:00:00+00:00
[2024-05-30T11:17:40.319+0000] {processor.py:183} INFO - Processing /home/airflow/.local/lib/python3.8/site-packages/airflow/example_dags/example_short_circuit_decorator.py took 0.105 seconds
[2024-05-30T11:18:10.761+0000] {processor.py:161} INFO - Started process (PID=325) to work on /home/airflow/.local/lib/python3.8/site-packages/airflow/example_dags/example_short_circuit_decorator.py
[2024-05-30T11:18:10.762+0000] {processor.py:830} INFO - Processing file /home/airflow/.local/lib/python3.8/site-packages/airflow/example_dags/example_short_circuit_decorator.py for tasks to queue
[2024-05-30T11:18:10.764+0000] {logging_mixin.py:188} INFO - [2024-05-30T11:18:10.764+0000] {dagbag.py:540} INFO - Filling up the DagBag from /home/airflow/.local/lib/python3.8/site-packages/airflow/example_dags/example_short_circuit_decorator.py
[2024-05-30T11:18:10.773+0000] {processor.py:840} INFO - DAG(s) 'example_short_circuit_decorator' retrieved from /home/airflow/.local/lib/python3.8/site-packages/airflow/example_dags/example_short_circuit_decorator.py
[2024-05-30T11:18:10.802+0000] {logging_mixin.py:188} INFO - [2024-05-30T11:18:10.802+0000] {dag.py:3047} INFO - Sync 1 DAGs
[2024-05-30T11:18:10.832+0000] {logging_mixin.py:188} INFO - [2024-05-30T11:18:10.831+0000] {dag.py:3834} INFO - Setting next_dagrun for example_short_circuit_decorator to 2024-05-29 00:00:00+00:00, run_after=2024-05-30 00:00:00+00:00
[2024-05-30T11:18:10.859+0000] {processor.py:183} INFO - Processing /home/airflow/.local/lib/python3.8/site-packages/airflow/example_dags/example_short_circuit_decorator.py took 0.102 seconds
[2024-05-30T11:18:41.009+0000] {processor.py:161} INFO - Started process (PID=382) to work on /home/airflow/.local/lib/python3.8/site-packages/airflow/example_dags/example_short_circuit_decorator.py
[2024-05-30T11:18:41.010+0000] {processor.py:830} INFO - Processing file /home/airflow/.local/lib/python3.8/site-packages/airflow/example_dags/example_short_circuit_decorator.py for tasks to queue
[2024-05-30T11:18:41.012+0000] {logging_mixin.py:188} INFO - [2024-05-30T11:18:41.012+0000] {dagbag.py:540} INFO - Filling up the DagBag from /home/airflow/.local/lib/python3.8/site-packages/airflow/example_dags/example_short_circuit_decorator.py
[2024-05-30T11:18:41.024+0000] {processor.py:840} INFO - DAG(s) 'example_short_circuit_decorator' retrieved from /home/airflow/.local/lib/python3.8/site-packages/airflow/example_dags/example_short_circuit_decorator.py
[2024-05-30T11:18:41.053+0000] {logging_mixin.py:188} INFO - [2024-05-30T11:18:41.053+0000] {dag.py:3047} INFO - Sync 1 DAGs
[2024-05-30T11:18:41.093+0000] {logging_mixin.py:188} INFO - [2024-05-30T11:18:41.093+0000] {dag.py:3834} INFO - Setting next_dagrun for example_short_circuit_decorator to 2024-05-29 00:00:00+00:00, run_after=2024-05-30 00:00:00+00:00
[2024-05-30T11:18:41.131+0000] {processor.py:183} INFO - Processing /home/airflow/.local/lib/python3.8/site-packages/airflow/example_dags/example_short_circuit_decorator.py took 0.127 seconds
[2024-05-30T11:19:11.513+0000] {processor.py:161} INFO - Started process (PID=439) to work on /home/airflow/.local/lib/python3.8/site-packages/airflow/example_dags/example_short_circuit_decorator.py
[2024-05-30T11:19:11.515+0000] {processor.py:830} INFO - Processing file /home/airflow/.local/lib/python3.8/site-packages/airflow/example_dags/example_short_circuit_decorator.py for tasks to queue
[2024-05-30T11:19:11.517+0000] {logging_mixin.py:188} INFO - [2024-05-30T11:19:11.517+0000] {dagbag.py:540} INFO - Filling up the DagBag from /home/airflow/.local/lib/python3.8/site-packages/airflow/example_dags/example_short_circuit_decorator.py
[2024-05-30T11:19:11.528+0000] {processor.py:840} INFO - DAG(s) 'example_short_circuit_decorator' retrieved from /home/airflow/.local/lib/python3.8/site-packages/airflow/example_dags/example_short_circuit_decorator.py
[2024-05-30T11:19:11.559+0000] {logging_mixin.py:188} INFO - [2024-05-30T11:19:11.558+0000] {dag.py:3047} INFO - Sync 1 DAGs
[2024-05-30T11:19:11.584+0000] {logging_mixin.py:188} INFO - [2024-05-30T11:19:11.584+0000] {dag.py:3834} INFO - Setting next_dagrun for example_short_circuit_decorator to 2024-05-29 00:00:00+00:00, run_after=2024-05-30 00:00:00+00:00
[2024-05-30T11:19:11.610+0000] {processor.py:183} INFO - Processing /home/airflow/.local/lib/python3.8/site-packages/airflow/example_dags/example_short_circuit_decorator.py took 0.100 seconds
[2024-05-30T11:19:42.112+0000] {processor.py:161} INFO - Started process (PID=496) to work on /home/airflow/.local/lib/python3.8/site-packages/airflow/example_dags/example_short_circuit_decorator.py
[2024-05-30T11:19:42.114+0000] {processor.py:830} INFO - Processing file /home/airflow/.local/lib/python3.8/site-packages/airflow/example_dags/example_short_circuit_decorator.py for tasks to queue
[2024-05-30T11:19:42.117+0000] {logging_mixin.py:188} INFO - [2024-05-30T11:19:42.116+0000] {dagbag.py:540} INFO - Filling up the DagBag from /home/airflow/.local/lib/python3.8/site-packages/airflow/example_dags/example_short_circuit_decorator.py
[2024-05-30T11:19:42.128+0000] {processor.py:840} INFO - DAG(s) 'example_short_circuit_decorator' retrieved from /home/airflow/.local/lib/python3.8/site-packages/airflow/example_dags/example_short_circuit_decorator.py
[2024-05-30T11:19:42.159+0000] {logging_mixin.py:188} INFO - [2024-05-30T11:19:42.159+0000] {dag.py:3047} INFO - Sync 1 DAGs
[2024-05-30T11:19:42.185+0000] {logging_mixin.py:188} INFO - [2024-05-30T11:19:42.185+0000] {dag.py:3834} INFO - Setting next_dagrun for example_short_circuit_decorator to 2024-05-29 00:00:00+00:00, run_after=2024-05-30 00:00:00+00:00
[2024-05-30T11:19:42.212+0000] {processor.py:183} INFO - Processing /home/airflow/.local/lib/python3.8/site-packages/airflow/example_dags/example_short_circuit_decorator.py took 0.103 seconds
[2024-05-30T11:20:12.411+0000] {processor.py:161} INFO - Started process (PID=553) to work on /home/airflow/.local/lib/python3.8/site-packages/airflow/example_dags/example_short_circuit_decorator.py
[2024-05-30T11:20:12.412+0000] {processor.py:830} INFO - Processing file /home/airflow/.local/lib/python3.8/site-packages/airflow/example_dags/example_short_circuit_decorator.py for tasks to queue
[2024-05-30T11:20:12.415+0000] {logging_mixin.py:188} INFO - [2024-05-30T11:20:12.414+0000] {dagbag.py:540} INFO - Filling up the DagBag from /home/airflow/.local/lib/python3.8/site-packages/airflow/example_dags/example_short_circuit_decorator.py
[2024-05-30T11:20:12.445+0000] {processor.py:840} INFO - DAG(s) 'example_short_circuit_decorator' retrieved from /home/airflow/.local/lib/python3.8/site-packages/airflow/example_dags/example_short_circuit_decorator.py
[2024-05-30T11:20:12.509+0000] {logging_mixin.py:188} INFO - [2024-05-30T11:20:12.508+0000] {dag.py:3047} INFO - Sync 1 DAGs
[2024-05-30T11:20:12.557+0000] {logging_mixin.py:188} INFO - [2024-05-30T11:20:12.557+0000] {dag.py:3834} INFO - Setting next_dagrun for example_short_circuit_decorator to 2024-05-29 00:00:00+00:00, run_after=2024-05-30 00:00:00+00:00
[2024-05-30T11:20:12.595+0000] {processor.py:183} INFO - Processing /home/airflow/.local/lib/python3.8/site-packages/airflow/example_dags/example_short_circuit_decorator.py took 0.189 seconds
[2024-05-30T11:20:42.734+0000] {processor.py:161} INFO - Started process (PID=610) to work on /home/airflow/.local/lib/python3.8/site-packages/airflow/example_dags/example_short_circuit_decorator.py
[2024-05-30T11:20:42.735+0000] {processor.py:830} INFO - Processing file /home/airflow/.local/lib/python3.8/site-packages/airflow/example_dags/example_short_circuit_decorator.py for tasks to queue
[2024-05-30T11:20:42.737+0000] {logging_mixin.py:188} INFO - [2024-05-30T11:20:42.737+0000] {dagbag.py:540} INFO - Filling up the DagBag from /home/airflow/.local/lib/python3.8/site-packages/airflow/example_dags/example_short_circuit_decorator.py
[2024-05-30T11:20:42.746+0000] {processor.py:840} INFO - DAG(s) 'example_short_circuit_decorator' retrieved from /home/airflow/.local/lib/python3.8/site-packages/airflow/example_dags/example_short_circuit_decorator.py
[2024-05-30T11:20:42.772+0000] {logging_mixin.py:188} INFO - [2024-05-30T11:20:42.772+0000] {dag.py:3047} INFO - Sync 1 DAGs
[2024-05-30T11:20:42.800+0000] {logging_mixin.py:188} INFO - [2024-05-30T11:20:42.800+0000] {dag.py:3834} INFO - Setting next_dagrun for example_short_circuit_decorator to 2024-05-29 00:00:00+00:00, run_after=2024-05-30 00:00:00+00:00
[2024-05-30T11:20:42.836+0000] {processor.py:183} INFO - Processing /home/airflow/.local/lib/python3.8/site-packages/airflow/example_dags/example_short_circuit_decorator.py took 0.106 seconds
[2024-05-30T11:21:13.272+0000] {processor.py:161} INFO - Started process (PID=667) to work on /home/airflow/.local/lib/python3.8/site-packages/airflow/example_dags/example_short_circuit_decorator.py
[2024-05-30T11:21:13.273+0000] {processor.py:830} INFO - Processing file /home/airflow/.local/lib/python3.8/site-packages/airflow/example_dags/example_short_circuit_decorator.py for tasks to queue
[2024-05-30T11:21:13.275+0000] {logging_mixin.py:188} INFO - [2024-05-30T11:21:13.274+0000] {dagbag.py:540} INFO - Filling up the DagBag from /home/airflow/.local/lib/python3.8/site-packages/airflow/example_dags/example_short_circuit_decorator.py
[2024-05-30T11:21:13.284+0000] {processor.py:840} INFO - DAG(s) 'example_short_circuit_decorator' retrieved from /home/airflow/.local/lib/python3.8/site-packages/airflow/example_dags/example_short_circuit_decorator.py
[2024-05-30T11:21:13.314+0000] {logging_mixin.py:188} INFO - [2024-05-30T11:21:13.314+0000] {dag.py:3047} INFO - Sync 1 DAGs
[2024-05-30T11:21:13.342+0000] {logging_mixin.py:188} INFO - [2024-05-30T11:21:13.342+0000] {dag.py:3834} INFO - Setting next_dagrun for example_short_circuit_decorator to 2024-05-29 00:00:00+00:00, run_after=2024-05-30 00:00:00+00:00
[2024-05-30T11:21:13.368+0000] {processor.py:183} INFO - Processing /home/airflow/.local/lib/python3.8/site-packages/airflow/example_dags/example_short_circuit_decorator.py took 0.099 seconds
[2024-05-30T11:21:43.739+0000] {processor.py:161} INFO - Started process (PID=724) to work on /home/airflow/.local/lib/python3.8/site-packages/airflow/example_dags/example_short_circuit_decorator.py
[2024-05-30T11:21:43.740+0000] {processor.py:830} INFO - Processing file /home/airflow/.local/lib/python3.8/site-packages/airflow/example_dags/example_short_circuit_decorator.py for tasks to queue
[2024-05-30T11:21:43.743+0000] {logging_mixin.py:188} INFO - [2024-05-30T11:21:43.743+0000] {dagbag.py:540} INFO - Filling up the DagBag from /home/airflow/.local/lib/python3.8/site-packages/airflow/example_dags/example_short_circuit_decorator.py
[2024-05-30T11:21:43.754+0000] {processor.py:840} INFO - DAG(s) 'example_short_circuit_decorator' retrieved from /home/airflow/.local/lib/python3.8/site-packages/airflow/example_dags/example_short_circuit_decorator.py
[2024-05-30T11:21:43.784+0000] {logging_mixin.py:188} INFO - [2024-05-30T11:21:43.784+0000] {dag.py:3047} INFO - Sync 1 DAGs
[2024-05-30T11:21:43.811+0000] {logging_mixin.py:188} INFO - [2024-05-30T11:21:43.810+0000] {dag.py:3834} INFO - Setting next_dagrun for example_short_circuit_decorator to 2024-05-29 00:00:00+00:00, run_after=2024-05-30 00:00:00+00:00
[2024-05-30T11:21:43.843+0000] {processor.py:183} INFO - Processing /home/airflow/.local/lib/python3.8/site-packages/airflow/example_dags/example_short_circuit_decorator.py took 0.107 seconds
[2024-05-30T11:22:14.069+0000] {processor.py:161} INFO - Started process (PID=781) to work on /home/airflow/.local/lib/python3.8/site-packages/airflow/example_dags/example_short_circuit_decorator.py
[2024-05-30T11:22:14.070+0000] {processor.py:830} INFO - Processing file /home/airflow/.local/lib/python3.8/site-packages/airflow/example_dags/example_short_circuit_decorator.py for tasks to queue
[2024-05-30T11:22:14.072+0000] {logging_mixin.py:188} INFO - [2024-05-30T11:22:14.071+0000] {dagbag.py:540} INFO - Filling up the DagBag from /home/airflow/.local/lib/python3.8/site-packages/airflow/example_dags/example_short_circuit_decorator.py
[2024-05-30T11:22:14.083+0000] {processor.py:840} INFO - DAG(s) 'example_short_circuit_decorator' retrieved from /home/airflow/.local/lib/python3.8/site-packages/airflow/example_dags/example_short_circuit_decorator.py
[2024-05-30T11:22:14.110+0000] {logging_mixin.py:188} INFO - [2024-05-30T11:22:14.109+0000] {dag.py:3047} INFO - Sync 1 DAGs
[2024-05-30T11:22:14.136+0000] {logging_mixin.py:188} INFO - [2024-05-30T11:22:14.136+0000] {dag.py:3834} INFO - Setting next_dagrun for example_short_circuit_decorator to 2024-05-29 00:00:00+00:00, run_after=2024-05-30 00:00:00+00:00
[2024-05-30T11:22:14.164+0000] {processor.py:183} INFO - Processing /home/airflow/.local/lib/python3.8/site-packages/airflow/example_dags/example_short_circuit_decorator.py took 0.098 seconds
[2024-05-30T11:22:44.825+0000] {processor.py:161} INFO - Started process (PID=838) to work on /home/airflow/.local/lib/python3.8/site-packages/airflow/example_dags/example_short_circuit_decorator.py
[2024-05-30T11:22:44.826+0000] {processor.py:830} INFO - Processing file /home/airflow/.local/lib/python3.8/site-packages/airflow/example_dags/example_short_circuit_decorator.py for tasks to queue
[2024-05-30T11:22:44.828+0000] {logging_mixin.py:188} INFO - [2024-05-30T11:22:44.828+0000] {dagbag.py:540} INFO - Filling up the DagBag from /home/airflow/.local/lib/python3.8/site-packages/airflow/example_dags/example_short_circuit_decorator.py
[2024-05-30T11:22:44.842+0000] {processor.py:840} INFO - DAG(s) 'example_short_circuit_decorator' retrieved from /home/airflow/.local/lib/python3.8/site-packages/airflow/example_dags/example_short_circuit_decorator.py
[2024-05-30T11:22:44.878+0000] {logging_mixin.py:188} INFO - [2024-05-30T11:22:44.878+0000] {dag.py:3047} INFO - Sync 1 DAGs
[2024-05-30T11:22:44.919+0000] {logging_mixin.py:188} INFO - [2024-05-30T11:22:44.919+0000] {dag.py:3834} INFO - Setting next_dagrun for example_short_circuit_decorator to 2024-05-29 00:00:00+00:00, run_after=2024-05-30 00:00:00+00:00
[2024-05-30T11:22:44.953+0000] {processor.py:183} INFO - Processing /home/airflow/.local/lib/python3.8/site-packages/airflow/example_dags/example_short_circuit_decorator.py took 0.132 seconds
[2024-05-30T11:23:15.096+0000] {processor.py:161} INFO - Started process (PID=895) to work on /home/airflow/.local/lib/python3.8/site-packages/airflow/example_dags/example_short_circuit_decorator.py
[2024-05-30T11:23:15.097+0000] {processor.py:830} INFO - Processing file /home/airflow/.local/lib/python3.8/site-packages/airflow/example_dags/example_short_circuit_decorator.py for tasks to queue
[2024-05-30T11:23:15.100+0000] {logging_mixin.py:188} INFO - [2024-05-30T11:23:15.099+0000] {dagbag.py:540} INFO - Filling up the DagBag from /home/airflow/.local/lib/python3.8/site-packages/airflow/example_dags/example_short_circuit_decorator.py
[2024-05-30T11:23:15.118+0000] {processor.py:840} INFO - DAG(s) 'example_short_circuit_decorator' retrieved from /home/airflow/.local/lib/python3.8/site-packages/airflow/example_dags/example_short_circuit_decorator.py
[2024-05-30T11:23:15.151+0000] {logging_mixin.py:188} INFO - [2024-05-30T11:23:15.151+0000] {dag.py:3047} INFO - Sync 1 DAGs
[2024-05-30T11:23:15.178+0000] {logging_mixin.py:188} INFO - [2024-05-30T11:23:15.177+0000] {dag.py:3834} INFO - Setting next_dagrun for example_short_circuit_decorator to 2024-05-29 00:00:00+00:00, run_after=2024-05-30 00:00:00+00:00
[2024-05-30T11:23:15.205+0000] {processor.py:183} INFO - Processing /home/airflow/.local/lib/python3.8/site-packages/airflow/example_dags/example_short_circuit_decorator.py took 0.113 seconds
[2024-05-30T11:23:45.672+0000] {processor.py:161} INFO - Started process (PID=952) to work on /home/airflow/.local/lib/python3.8/site-packages/airflow/example_dags/example_short_circuit_decorator.py
[2024-05-30T11:23:45.674+0000] {processor.py:830} INFO - Processing file /home/airflow/.local/lib/python3.8/site-packages/airflow/example_dags/example_short_circuit_decorator.py for tasks to queue
[2024-05-30T11:23:45.676+0000] {logging_mixin.py:188} INFO - [2024-05-30T11:23:45.676+0000] {dagbag.py:540} INFO - Filling up the DagBag from /home/airflow/.local/lib/python3.8/site-packages/airflow/example_dags/example_short_circuit_decorator.py
[2024-05-30T11:23:45.689+0000] {processor.py:840} INFO - DAG(s) 'example_short_circuit_decorator' retrieved from /home/airflow/.local/lib/python3.8/site-packages/airflow/example_dags/example_short_circuit_decorator.py
[2024-05-30T11:23:45.725+0000] {logging_mixin.py:188} INFO - [2024-05-30T11:23:45.724+0000] {dag.py:3047} INFO - Sync 1 DAGs
[2024-05-30T11:23:45.770+0000] {logging_mixin.py:188} INFO - [2024-05-30T11:23:45.769+0000] {dag.py:3834} INFO - Setting next_dagrun for example_short_circuit_decorator to 2024-05-29 00:00:00+00:00, run_after=2024-05-30 00:00:00+00:00
[2024-05-30T11:23:45.806+0000] {processor.py:183} INFO - Processing /home/airflow/.local/lib/python3.8/site-packages/airflow/example_dags/example_short_circuit_decorator.py took 0.137 seconds
[2024-05-30T11:24:16.610+0000] {processor.py:161} INFO - Started process (PID=1015) to work on /home/airflow/.local/lib/python3.8/site-packages/airflow/example_dags/example_short_circuit_decorator.py
[2024-05-30T11:24:16.614+0000] {processor.py:830} INFO - Processing file /home/airflow/.local/lib/python3.8/site-packages/airflow/example_dags/example_short_circuit_decorator.py for tasks to queue
[2024-05-30T11:24:16.617+0000] {logging_mixin.py:188} INFO - [2024-05-30T11:24:16.616+0000] {dagbag.py:540} INFO - Filling up the DagBag from /home/airflow/.local/lib/python3.8/site-packages/airflow/example_dags/example_short_circuit_decorator.py
[2024-05-30T11:24:16.640+0000] {processor.py:840} INFO - DAG(s) 'example_short_circuit_decorator' retrieved from /home/airflow/.local/lib/python3.8/site-packages/airflow/example_dags/example_short_circuit_decorator.py
[2024-05-30T11:24:16.713+0000] {logging_mixin.py:188} INFO - [2024-05-30T11:24:16.713+0000] {dag.py:3047} INFO - Sync 1 DAGs
[2024-05-30T11:24:16.775+0000] {logging_mixin.py:188} INFO - [2024-05-30T11:24:16.774+0000] {dag.py:3834} INFO - Setting next_dagrun for example_short_circuit_decorator to 2024-05-29 00:00:00+00:00, run_after=2024-05-30 00:00:00+00:00
[2024-05-30T11:24:16.830+0000] {processor.py:183} INFO - Processing /home/airflow/.local/lib/python3.8/site-packages/airflow/example_dags/example_short_circuit_decorator.py took 0.225 seconds
[2024-05-30T11:24:47.355+0000] {processor.py:161} INFO - Started process (PID=1072) to work on /home/airflow/.local/lib/python3.8/site-packages/airflow/example_dags/example_short_circuit_decorator.py
[2024-05-30T11:24:47.357+0000] {processor.py:830} INFO - Processing file /home/airflow/.local/lib/python3.8/site-packages/airflow/example_dags/example_short_circuit_decorator.py for tasks to queue
[2024-05-30T11:24:47.359+0000] {logging_mixin.py:188} INFO - [2024-05-30T11:24:47.359+0000] {dagbag.py:540} INFO - Filling up the DagBag from /home/airflow/.local/lib/python3.8/site-packages/airflow/example_dags/example_short_circuit_decorator.py
[2024-05-30T11:24:47.371+0000] {processor.py:840} INFO - DAG(s) 'example_short_circuit_decorator' retrieved from /home/airflow/.local/lib/python3.8/site-packages/airflow/example_dags/example_short_circuit_decorator.py
[2024-05-30T11:24:47.405+0000] {logging_mixin.py:188} INFO - [2024-05-30T11:24:47.404+0000] {dag.py:3047} INFO - Sync 1 DAGs
[2024-05-30T11:24:47.444+0000] {logging_mixin.py:188} INFO - [2024-05-30T11:24:47.443+0000] {dag.py:3834} INFO - Setting next_dagrun for example_short_circuit_decorator to 2024-05-29 00:00:00+00:00, run_after=2024-05-30 00:00:00+00:00
[2024-05-30T11:24:47.479+0000] {processor.py:183} INFO - Processing /home/airflow/.local/lib/python3.8/site-packages/airflow/example_dags/example_short_circuit_decorator.py took 0.127 seconds
[2024-05-30T11:25:17.885+0000] {processor.py:161} INFO - Started process (PID=1129) to work on /home/airflow/.local/lib/python3.8/site-packages/airflow/example_dags/example_short_circuit_decorator.py
[2024-05-30T11:25:17.886+0000] {processor.py:830} INFO - Processing file /home/airflow/.local/lib/python3.8/site-packages/airflow/example_dags/example_short_circuit_decorator.py for tasks to queue
[2024-05-30T11:25:17.889+0000] {logging_mixin.py:188} INFO - [2024-05-30T11:25:17.888+0000] {dagbag.py:540} INFO - Filling up the DagBag from /home/airflow/.local/lib/python3.8/site-packages/airflow/example_dags/example_short_circuit_decorator.py
[2024-05-30T11:25:17.903+0000] {processor.py:840} INFO - DAG(s) 'example_short_circuit_decorator' retrieved from /home/airflow/.local/lib/python3.8/site-packages/airflow/example_dags/example_short_circuit_decorator.py
[2024-05-30T11:25:17.935+0000] {logging_mixin.py:188} INFO - [2024-05-30T11:25:17.934+0000] {dag.py:3047} INFO - Sync 1 DAGs
[2024-05-30T11:25:17.970+0000] {logging_mixin.py:188} INFO - [2024-05-30T11:25:17.970+0000] {dag.py:3834} INFO - Setting next_dagrun for example_short_circuit_decorator to 2024-05-29 00:00:00+00:00, run_after=2024-05-30 00:00:00+00:00
[2024-05-30T11:25:18.004+0000] {processor.py:183} INFO - Processing /home/airflow/.local/lib/python3.8/site-packages/airflow/example_dags/example_short_circuit_decorator.py took 0.122 seconds
[2024-05-30T11:25:48.189+0000] {processor.py:161} INFO - Started process (PID=1186) to work on /home/airflow/.local/lib/python3.8/site-packages/airflow/example_dags/example_short_circuit_decorator.py
[2024-05-30T11:25:48.191+0000] {processor.py:830} INFO - Processing file /home/airflow/.local/lib/python3.8/site-packages/airflow/example_dags/example_short_circuit_decorator.py for tasks to queue
[2024-05-30T11:25:48.194+0000] {logging_mixin.py:188} INFO - [2024-05-30T11:25:48.193+0000] {dagbag.py:540} INFO - Filling up the DagBag from /home/airflow/.local/lib/python3.8/site-packages/airflow/example_dags/example_short_circuit_decorator.py
[2024-05-30T11:25:48.214+0000] {processor.py:840} INFO - DAG(s) 'example_short_circuit_decorator' retrieved from /home/airflow/.local/lib/python3.8/site-packages/airflow/example_dags/example_short_circuit_decorator.py
[2024-05-30T11:25:48.261+0000] {logging_mixin.py:188} INFO - [2024-05-30T11:25:48.260+0000] {dag.py:3047} INFO - Sync 1 DAGs
[2024-05-30T11:25:48.313+0000] {logging_mixin.py:188} INFO - [2024-05-30T11:25:48.313+0000] {dag.py:3834} INFO - Setting next_dagrun for example_short_circuit_decorator to 2024-05-29 00:00:00+00:00, run_after=2024-05-30 00:00:00+00:00
[2024-05-30T11:25:48.365+0000] {processor.py:183} INFO - Processing /home/airflow/.local/lib/python3.8/site-packages/airflow/example_dags/example_short_circuit_decorator.py took 0.181 seconds
[2024-05-30T11:26:18.899+0000] {processor.py:161} INFO - Started process (PID=1243) to work on /home/airflow/.local/lib/python3.8/site-packages/airflow/example_dags/example_short_circuit_decorator.py
[2024-05-30T11:26:18.900+0000] {processor.py:830} INFO - Processing file /home/airflow/.local/lib/python3.8/site-packages/airflow/example_dags/example_short_circuit_decorator.py for tasks to queue
[2024-05-30T11:26:18.903+0000] {logging_mixin.py:188} INFO - [2024-05-30T11:26:18.902+0000] {dagbag.py:540} INFO - Filling up the DagBag from /home/airflow/.local/lib/python3.8/site-packages/airflow/example_dags/example_short_circuit_decorator.py
[2024-05-30T11:26:18.918+0000] {processor.py:840} INFO - DAG(s) 'example_short_circuit_decorator' retrieved from /home/airflow/.local/lib/python3.8/site-packages/airflow/example_dags/example_short_circuit_decorator.py
[2024-05-30T11:26:18.962+0000] {logging_mixin.py:188} INFO - [2024-05-30T11:26:18.962+0000] {dag.py:3047} INFO - Sync 1 DAGs
[2024-05-30T11:26:19.006+0000] {logging_mixin.py:188} INFO - [2024-05-30T11:26:19.006+0000] {dag.py:3834} INFO - Setting next_dagrun for example_short_circuit_decorator to 2024-05-29 00:00:00+00:00, run_after=2024-05-30 00:00:00+00:00
[2024-05-30T11:26:19.044+0000] {processor.py:183} INFO - Processing /home/airflow/.local/lib/python3.8/site-packages/airflow/example_dags/example_short_circuit_decorator.py took 0.149 seconds
[2024-05-30T11:26:49.523+0000] {processor.py:161} INFO - Started process (PID=1300) to work on /home/airflow/.local/lib/python3.8/site-packages/airflow/example_dags/example_short_circuit_decorator.py
[2024-05-30T11:26:49.525+0000] {processor.py:830} INFO - Processing file /home/airflow/.local/lib/python3.8/site-packages/airflow/example_dags/example_short_circuit_decorator.py for tasks to queue
[2024-05-30T11:26:49.528+0000] {logging_mixin.py:188} INFO - [2024-05-30T11:26:49.528+0000] {dagbag.py:540} INFO - Filling up the DagBag from /home/airflow/.local/lib/python3.8/site-packages/airflow/example_dags/example_short_circuit_decorator.py
[2024-05-30T11:26:49.550+0000] {processor.py:840} INFO - DAG(s) 'example_short_circuit_decorator' retrieved from /home/airflow/.local/lib/python3.8/site-packages/airflow/example_dags/example_short_circuit_decorator.py
[2024-05-30T11:26:49.594+0000] {logging_mixin.py:188} INFO - [2024-05-30T11:26:49.593+0000] {dag.py:3047} INFO - Sync 1 DAGs
[2024-05-30T11:26:49.634+0000] {logging_mixin.py:188} INFO - [2024-05-30T11:26:49.633+0000] {dag.py:3834} INFO - Setting next_dagrun for example_short_circuit_decorator to 2024-05-29 00:00:00+00:00, run_after=2024-05-30 00:00:00+00:00
[2024-05-30T11:26:49.672+0000] {processor.py:183} INFO - Processing /home/airflow/.local/lib/python3.8/site-packages/airflow/example_dags/example_short_circuit_decorator.py took 0.154 seconds
[2024-05-30T11:27:19.796+0000] {processor.py:161} INFO - Started process (PID=1357) to work on /home/airflow/.local/lib/python3.8/site-packages/airflow/example_dags/example_short_circuit_decorator.py
[2024-05-30T11:27:19.797+0000] {processor.py:830} INFO - Processing file /home/airflow/.local/lib/python3.8/site-packages/airflow/example_dags/example_short_circuit_decorator.py for tasks to queue
[2024-05-30T11:27:19.801+0000] {logging_mixin.py:188} INFO - [2024-05-30T11:27:19.800+0000] {dagbag.py:540} INFO - Filling up the DagBag from /home/airflow/.local/lib/python3.8/site-packages/airflow/example_dags/example_short_circuit_decorator.py
[2024-05-30T11:27:19.816+0000] {processor.py:840} INFO - DAG(s) 'example_short_circuit_decorator' retrieved from /home/airflow/.local/lib/python3.8/site-packages/airflow/example_dags/example_short_circuit_decorator.py
[2024-05-30T11:27:19.853+0000] {logging_mixin.py:188} INFO - [2024-05-30T11:27:19.852+0000] {dag.py:3047} INFO - Sync 1 DAGs
[2024-05-30T11:27:19.887+0000] {logging_mixin.py:188} INFO - [2024-05-30T11:27:19.887+0000] {dag.py:3834} INFO - Setting next_dagrun for example_short_circuit_decorator to 2024-05-29 00:00:00+00:00, run_after=2024-05-30 00:00:00+00:00
[2024-05-30T11:27:19.926+0000] {processor.py:183} INFO - Processing /home/airflow/.local/lib/python3.8/site-packages/airflow/example_dags/example_short_circuit_decorator.py took 0.134 seconds
[2024-05-30T11:27:50.018+0000] {processor.py:161} INFO - Started process (PID=1414) to work on /home/airflow/.local/lib/python3.8/site-packages/airflow/example_dags/example_short_circuit_decorator.py
[2024-05-30T11:27:50.020+0000] {processor.py:830} INFO - Processing file /home/airflow/.local/lib/python3.8/site-packages/airflow/example_dags/example_short_circuit_decorator.py for tasks to queue
[2024-05-30T11:27:50.022+0000] {logging_mixin.py:188} INFO - [2024-05-30T11:27:50.022+0000] {dagbag.py:540} INFO - Filling up the DagBag from /home/airflow/.local/lib/python3.8/site-packages/airflow/example_dags/example_short_circuit_decorator.py
[2024-05-30T11:27:50.034+0000] {processor.py:840} INFO - DAG(s) 'example_short_circuit_decorator' retrieved from /home/airflow/.local/lib/python3.8/site-packages/airflow/example_dags/example_short_circuit_decorator.py
[2024-05-30T11:27:50.065+0000] {logging_mixin.py:188} INFO - [2024-05-30T11:27:50.065+0000] {dag.py:3047} INFO - Sync 1 DAGs
[2024-05-30T11:27:50.098+0000] {logging_mixin.py:188} INFO - [2024-05-30T11:27:50.098+0000] {dag.py:3834} INFO - Setting next_dagrun for example_short_circuit_decorator to 2024-05-29 00:00:00+00:00, run_after=2024-05-30 00:00:00+00:00
[2024-05-30T11:27:50.133+0000] {processor.py:183} INFO - Processing /home/airflow/.local/lib/python3.8/site-packages/airflow/example_dags/example_short_circuit_decorator.py took 0.117 seconds
[2024-05-30T11:28:20.425+0000] {processor.py:161} INFO - Started process (PID=1471) to work on /home/airflow/.local/lib/python3.8/site-packages/airflow/example_dags/example_short_circuit_decorator.py
[2024-05-30T11:28:20.426+0000] {processor.py:830} INFO - Processing file /home/airflow/.local/lib/python3.8/site-packages/airflow/example_dags/example_short_circuit_decorator.py for tasks to queue
[2024-05-30T11:28:20.429+0000] {logging_mixin.py:188} INFO - [2024-05-30T11:28:20.429+0000] {dagbag.py:540} INFO - Filling up the DagBag from /home/airflow/.local/lib/python3.8/site-packages/airflow/example_dags/example_short_circuit_decorator.py
[2024-05-30T11:28:20.446+0000] {processor.py:840} INFO - DAG(s) 'example_short_circuit_decorator' retrieved from /home/airflow/.local/lib/python3.8/site-packages/airflow/example_dags/example_short_circuit_decorator.py
[2024-05-30T11:28:20.506+0000] {logging_mixin.py:188} INFO - [2024-05-30T11:28:20.506+0000] {dag.py:3047} INFO - Sync 1 DAGs
[2024-05-30T11:28:20.563+0000] {logging_mixin.py:188} INFO - [2024-05-30T11:28:20.562+0000] {dag.py:3834} INFO - Setting next_dagrun for example_short_circuit_decorator to 2024-05-29 00:00:00+00:00, run_after=2024-05-30 00:00:00+00:00
[2024-05-30T11:28:20.612+0000] {processor.py:183} INFO - Processing /home/airflow/.local/lib/python3.8/site-packages/airflow/example_dags/example_short_circuit_decorator.py took 0.192 seconds
[2024-05-30T11:28:50.796+0000] {processor.py:161} INFO - Started process (PID=1528) to work on /home/airflow/.local/lib/python3.8/site-packages/airflow/example_dags/example_short_circuit_decorator.py
[2024-05-30T11:28:50.798+0000] {processor.py:830} INFO - Processing file /home/airflow/.local/lib/python3.8/site-packages/airflow/example_dags/example_short_circuit_decorator.py for tasks to queue
[2024-05-30T11:28:50.802+0000] {logging_mixin.py:188} INFO - [2024-05-30T11:28:50.802+0000] {dagbag.py:540} INFO - Filling up the DagBag from /home/airflow/.local/lib/python3.8/site-packages/airflow/example_dags/example_short_circuit_decorator.py
[2024-05-30T11:28:50.816+0000] {processor.py:840} INFO - DAG(s) 'example_short_circuit_decorator' retrieved from /home/airflow/.local/lib/python3.8/site-packages/airflow/example_dags/example_short_circuit_decorator.py
[2024-05-30T11:28:50.853+0000] {logging_mixin.py:188} INFO - [2024-05-30T11:28:50.852+0000] {dag.py:3047} INFO - Sync 1 DAGs
[2024-05-30T11:28:50.897+0000] {logging_mixin.py:188} INFO - [2024-05-30T11:28:50.897+0000] {dag.py:3834} INFO - Setting next_dagrun for example_short_circuit_decorator to 2024-05-29 00:00:00+00:00, run_after=2024-05-30 00:00:00+00:00
[2024-05-30T11:28:50.936+0000] {processor.py:183} INFO - Processing /home/airflow/.local/lib/python3.8/site-packages/airflow/example_dags/example_short_circuit_decorator.py took 0.144 seconds
[2024-05-30T11:29:21.140+0000] {processor.py:161} INFO - Started process (PID=1585) to work on /home/airflow/.local/lib/python3.8/site-packages/airflow/example_dags/example_short_circuit_decorator.py
[2024-05-30T11:29:21.142+0000] {processor.py:830} INFO - Processing file /home/airflow/.local/lib/python3.8/site-packages/airflow/example_dags/example_short_circuit_decorator.py for tasks to queue
[2024-05-30T11:29:21.144+0000] {logging_mixin.py:188} INFO - [2024-05-30T11:29:21.144+0000] {dagbag.py:540} INFO - Filling up the DagBag from /home/airflow/.local/lib/python3.8/site-packages/airflow/example_dags/example_short_circuit_decorator.py
[2024-05-30T11:29:21.157+0000] {processor.py:840} INFO - DAG(s) 'example_short_circuit_decorator' retrieved from /home/airflow/.local/lib/python3.8/site-packages/airflow/example_dags/example_short_circuit_decorator.py
[2024-05-30T11:29:21.194+0000] {logging_mixin.py:188} INFO - [2024-05-30T11:29:21.194+0000] {dag.py:3047} INFO - Sync 1 DAGs
[2024-05-30T11:29:21.226+0000] {logging_mixin.py:188} INFO - [2024-05-30T11:29:21.225+0000] {dag.py:3834} INFO - Setting next_dagrun for example_short_circuit_decorator to 2024-05-29 00:00:00+00:00, run_after=2024-05-30 00:00:00+00:00
[2024-05-30T11:29:21.258+0000] {processor.py:183} INFO - Processing /home/airflow/.local/lib/python3.8/site-packages/airflow/example_dags/example_short_circuit_decorator.py took 0.121 seconds
[2024-05-30T11:29:51.456+0000] {processor.py:161} INFO - Started process (PID=1642) to work on /home/airflow/.local/lib/python3.8/site-packages/airflow/example_dags/example_short_circuit_decorator.py
[2024-05-30T11:29:51.457+0000] {processor.py:830} INFO - Processing file /home/airflow/.local/lib/python3.8/site-packages/airflow/example_dags/example_short_circuit_decorator.py for tasks to queue
[2024-05-30T11:29:51.460+0000] {logging_mixin.py:188} INFO - [2024-05-30T11:29:51.459+0000] {dagbag.py:540} INFO - Filling up the DagBag from /home/airflow/.local/lib/python3.8/site-packages/airflow/example_dags/example_short_circuit_decorator.py
[2024-05-30T11:29:51.474+0000] {processor.py:840} INFO - DAG(s) 'example_short_circuit_decorator' retrieved from /home/airflow/.local/lib/python3.8/site-packages/airflow/example_dags/example_short_circuit_decorator.py
[2024-05-30T11:29:51.514+0000] {logging_mixin.py:188} INFO - [2024-05-30T11:29:51.513+0000] {dag.py:3047} INFO - Sync 1 DAGs
[2024-05-30T11:29:51.541+0000] {logging_mixin.py:188} INFO - [2024-05-30T11:29:51.541+0000] {dag.py:3834} INFO - Setting next_dagrun for example_short_circuit_decorator to 2024-05-29 00:00:00+00:00, run_after=2024-05-30 00:00:00+00:00
[2024-05-30T11:29:51.572+0000] {processor.py:183} INFO - Processing /home/airflow/.local/lib/python3.8/site-packages/airflow/example_dags/example_short_circuit_decorator.py took 0.120 seconds
[2024-05-30T11:30:21.804+0000] {processor.py:161} INFO - Started process (PID=1699) to work on /home/airflow/.local/lib/python3.8/site-packages/airflow/example_dags/example_short_circuit_decorator.py
[2024-05-30T11:30:21.805+0000] {processor.py:830} INFO - Processing file /home/airflow/.local/lib/python3.8/site-packages/airflow/example_dags/example_short_circuit_decorator.py for tasks to queue
[2024-05-30T11:30:21.808+0000] {logging_mixin.py:188} INFO - [2024-05-30T11:30:21.807+0000] {dagbag.py:540} INFO - Filling up the DagBag from /home/airflow/.local/lib/python3.8/site-packages/airflow/example_dags/example_short_circuit_decorator.py
[2024-05-30T11:30:21.818+0000] {processor.py:840} INFO - DAG(s) 'example_short_circuit_decorator' retrieved from /home/airflow/.local/lib/python3.8/site-packages/airflow/example_dags/example_short_circuit_decorator.py
[2024-05-30T11:30:21.846+0000] {logging_mixin.py:188} INFO - [2024-05-30T11:30:21.845+0000] {dag.py:3047} INFO - Sync 1 DAGs
[2024-05-30T11:30:21.874+0000] {logging_mixin.py:188} INFO - [2024-05-30T11:30:21.874+0000] {dag.py:3834} INFO - Setting next_dagrun for example_short_circuit_decorator to 2024-05-29 00:00:00+00:00, run_after=2024-05-30 00:00:00+00:00
[2024-05-30T11:30:21.904+0000] {processor.py:183} INFO - Processing /home/airflow/.local/lib/python3.8/site-packages/airflow/example_dags/example_short_circuit_decorator.py took 0.103 seconds
[2024-05-30T11:30:52.281+0000] {processor.py:161} INFO - Started process (PID=1756) to work on /home/airflow/.local/lib/python3.8/site-packages/airflow/example_dags/example_short_circuit_decorator.py
[2024-05-30T11:30:52.283+0000] {processor.py:830} INFO - Processing file /home/airflow/.local/lib/python3.8/site-packages/airflow/example_dags/example_short_circuit_decorator.py for tasks to queue
[2024-05-30T11:30:52.285+0000] {logging_mixin.py:188} INFO - [2024-05-30T11:30:52.284+0000] {dagbag.py:540} INFO - Filling up the DagBag from /home/airflow/.local/lib/python3.8/site-packages/airflow/example_dags/example_short_circuit_decorator.py
[2024-05-30T11:30:52.295+0000] {processor.py:840} INFO - DAG(s) 'example_short_circuit_decorator' retrieved from /home/airflow/.local/lib/python3.8/site-packages/airflow/example_dags/example_short_circuit_decorator.py
[2024-05-30T11:30:52.330+0000] {logging_mixin.py:188} INFO - [2024-05-30T11:30:52.329+0000] {dag.py:3047} INFO - Sync 1 DAGs
[2024-05-30T11:30:52.370+0000] {logging_mixin.py:188} INFO - [2024-05-30T11:30:52.369+0000] {dag.py:3834} INFO - Setting next_dagrun for example_short_circuit_decorator to 2024-05-29 00:00:00+00:00, run_after=2024-05-30 00:00:00+00:00
[2024-05-30T11:30:52.436+0000] {processor.py:183} INFO - Processing /home/airflow/.local/lib/python3.8/site-packages/airflow/example_dags/example_short_circuit_decorator.py took 0.157 seconds
[2024-05-30T11:31:22.872+0000] {processor.py:161} INFO - Started process (PID=1813) to work on /home/airflow/.local/lib/python3.8/site-packages/airflow/example_dags/example_short_circuit_decorator.py
[2024-05-30T11:31:22.873+0000] {processor.py:830} INFO - Processing file /home/airflow/.local/lib/python3.8/site-packages/airflow/example_dags/example_short_circuit_decorator.py for tasks to queue
[2024-05-30T11:31:22.876+0000] {logging_mixin.py:188} INFO - [2024-05-30T11:31:22.875+0000] {dagbag.py:540} INFO - Filling up the DagBag from /home/airflow/.local/lib/python3.8/site-packages/airflow/example_dags/example_short_circuit_decorator.py
[2024-05-30T11:31:22.893+0000] {processor.py:840} INFO - DAG(s) 'example_short_circuit_decorator' retrieved from /home/airflow/.local/lib/python3.8/site-packages/airflow/example_dags/example_short_circuit_decorator.py
[2024-05-30T11:31:22.943+0000] {logging_mixin.py:188} INFO - [2024-05-30T11:31:22.942+0000] {dag.py:3047} INFO - Sync 1 DAGs
[2024-05-30T11:31:22.985+0000] {logging_mixin.py:188} INFO - [2024-05-30T11:31:22.984+0000] {dag.py:3834} INFO - Setting next_dagrun for example_short_circuit_decorator to 2024-05-29 00:00:00+00:00, run_after=2024-05-30 00:00:00+00:00
[2024-05-30T11:31:23.029+0000] {processor.py:183} INFO - Processing /home/airflow/.local/lib/python3.8/site-packages/airflow/example_dags/example_short_circuit_decorator.py took 0.160 seconds
[2024-05-30T11:31:53.128+0000] {processor.py:161} INFO - Started process (PID=1870) to work on /home/airflow/.local/lib/python3.8/site-packages/airflow/example_dags/example_short_circuit_decorator.py
[2024-05-30T11:31:53.130+0000] {processor.py:830} INFO - Processing file /home/airflow/.local/lib/python3.8/site-packages/airflow/example_dags/example_short_circuit_decorator.py for tasks to queue
[2024-05-30T11:31:53.133+0000] {logging_mixin.py:188} INFO - [2024-05-30T11:31:53.133+0000] {dagbag.py:540} INFO - Filling up the DagBag from /home/airflow/.local/lib/python3.8/site-packages/airflow/example_dags/example_short_circuit_decorator.py
[2024-05-30T11:31:53.147+0000] {processor.py:840} INFO - DAG(s) 'example_short_circuit_decorator' retrieved from /home/airflow/.local/lib/python3.8/site-packages/airflow/example_dags/example_short_circuit_decorator.py
[2024-05-30T11:31:53.181+0000] {logging_mixin.py:188} INFO - [2024-05-30T11:31:53.180+0000] {dag.py:3047} INFO - Sync 1 DAGs
[2024-05-30T11:31:53.221+0000] {logging_mixin.py:188} INFO - [2024-05-30T11:31:53.221+0000] {dag.py:3834} INFO - Setting next_dagrun for example_short_circuit_decorator to 2024-05-29 00:00:00+00:00, run_after=2024-05-30 00:00:00+00:00
[2024-05-30T11:31:53.280+0000] {processor.py:183} INFO - Processing /home/airflow/.local/lib/python3.8/site-packages/airflow/example_dags/example_short_circuit_decorator.py took 0.155 seconds
