[2024-05-30T11:15:43.793+0000] {processor.py:161} INFO - Started process (PID=77) to work on /home/airflow/.local/lib/python3.8/site-packages/airflow/example_dags/example_params_ui_tutorial.py
[2024-05-30T11:15:43.794+0000] {processor.py:830} INFO - Processing file /home/airflow/.local/lib/python3.8/site-packages/airflow/example_dags/example_params_ui_tutorial.py for tasks to queue
[2024-05-30T11:15:43.797+0000] {logging_mixin.py:188} INFO - [2024-05-30T11:15:43.796+0000] {dagbag.py:540} INFO - Filling up the DagBag from /home/airflow/.local/lib/python3.8/site-packages/airflow/example_dags/example_params_ui_tutorial.py
[2024-05-30T11:15:43.815+0000] {processor.py:840} INFO - DAG(s) 'example_params_ui_tutorial' retrieved from /home/airflow/.local/lib/python3.8/site-packages/airflow/example_dags/example_params_ui_tutorial.py
[2024-05-30T11:15:44.016+0000] {logging_mixin.py:188} INFO - [2024-05-30T11:15:44.016+0000] {dag.py:3047} INFO - Sync 1 DAGs
[2024-05-30T11:15:44.030+0000] {logging_mixin.py:188} INFO - [2024-05-30T11:15:44.030+0000] {dag.py:3834} INFO - Setting next_dagrun for example_params_ui_tutorial to None, run_after=None
[2024-05-30T11:15:44.061+0000] {processor.py:183} INFO - Processing /home/airflow/.local/lib/python3.8/site-packages/airflow/example_dags/example_params_ui_tutorial.py took 0.272 seconds
[2024-05-30T11:16:14.669+0000] {processor.py:161} INFO - Started process (PID=134) to work on /home/airflow/.local/lib/python3.8/site-packages/airflow/example_dags/example_params_ui_tutorial.py
[2024-05-30T11:16:14.671+0000] {processor.py:830} INFO - Processing file /home/airflow/.local/lib/python3.8/site-packages/airflow/example_dags/example_params_ui_tutorial.py for tasks to queue
[2024-05-30T11:16:14.672+0000] {logging_mixin.py:188} INFO - [2024-05-30T11:16:14.672+0000] {dagbag.py:540} INFO - Filling up the DagBag from /home/airflow/.local/lib/python3.8/site-packages/airflow/example_dags/example_params_ui_tutorial.py
[2024-05-30T11:16:14.688+0000] {processor.py:840} INFO - DAG(s) 'example_params_ui_tutorial' retrieved from /home/airflow/.local/lib/python3.8/site-packages/airflow/example_dags/example_params_ui_tutorial.py
[2024-05-30T11:16:14.765+0000] {logging_mixin.py:188} INFO - [2024-05-30T11:16:14.765+0000] {dag.py:3047} INFO - Sync 1 DAGs
[2024-05-30T11:16:14.782+0000] {logging_mixin.py:188} INFO - [2024-05-30T11:16:14.782+0000] {dag.py:3834} INFO - Setting next_dagrun for example_params_ui_tutorial to None, run_after=None
[2024-05-30T11:16:14.813+0000] {processor.py:183} INFO - Processing /home/airflow/.local/lib/python3.8/site-packages/airflow/example_dags/example_params_ui_tutorial.py took 0.146 seconds
[2024-05-30T11:16:45.033+0000] {processor.py:161} INFO - Started process (PID=191) to work on /home/airflow/.local/lib/python3.8/site-packages/airflow/example_dags/example_params_ui_tutorial.py
[2024-05-30T11:16:45.035+0000] {processor.py:830} INFO - Processing file /home/airflow/.local/lib/python3.8/site-packages/airflow/example_dags/example_params_ui_tutorial.py for tasks to queue
[2024-05-30T11:16:45.037+0000] {logging_mixin.py:188} INFO - [2024-05-30T11:16:45.036+0000] {dagbag.py:540} INFO - Filling up the DagBag from /home/airflow/.local/lib/python3.8/site-packages/airflow/example_dags/example_params_ui_tutorial.py
[2024-05-30T11:16:45.050+0000] {processor.py:840} INFO - DAG(s) 'example_params_ui_tutorial' retrieved from /home/airflow/.local/lib/python3.8/site-packages/airflow/example_dags/example_params_ui_tutorial.py
[2024-05-30T11:16:45.147+0000] {logging_mixin.py:188} INFO - [2024-05-30T11:16:45.147+0000] {dag.py:3047} INFO - Sync 1 DAGs
[2024-05-30T11:16:45.164+0000] {logging_mixin.py:188} INFO - [2024-05-30T11:16:45.163+0000] {dag.py:3834} INFO - Setting next_dagrun for example_params_ui_tutorial to None, run_after=None
[2024-05-30T11:16:45.192+0000] {processor.py:183} INFO - Processing /home/airflow/.local/lib/python3.8/site-packages/airflow/example_dags/example_params_ui_tutorial.py took 0.161 seconds
[2024-05-30T11:17:15.292+0000] {processor.py:161} INFO - Started process (PID=248) to work on /home/airflow/.local/lib/python3.8/site-packages/airflow/example_dags/example_params_ui_tutorial.py
[2024-05-30T11:17:15.294+0000] {processor.py:830} INFO - Processing file /home/airflow/.local/lib/python3.8/site-packages/airflow/example_dags/example_params_ui_tutorial.py for tasks to queue
[2024-05-30T11:17:15.296+0000] {logging_mixin.py:188} INFO - [2024-05-30T11:17:15.295+0000] {dagbag.py:540} INFO - Filling up the DagBag from /home/airflow/.local/lib/python3.8/site-packages/airflow/example_dags/example_params_ui_tutorial.py
[2024-05-30T11:17:15.309+0000] {processor.py:840} INFO - DAG(s) 'example_params_ui_tutorial' retrieved from /home/airflow/.local/lib/python3.8/site-packages/airflow/example_dags/example_params_ui_tutorial.py
[2024-05-30T11:17:15.383+0000] {logging_mixin.py:188} INFO - [2024-05-30T11:17:15.383+0000] {dag.py:3047} INFO - Sync 1 DAGs
[2024-05-30T11:17:15.406+0000] {logging_mixin.py:188} INFO - [2024-05-30T11:17:15.406+0000] {dag.py:3834} INFO - Setting next_dagrun for example_params_ui_tutorial to None, run_after=None
[2024-05-30T11:17:15.443+0000] {processor.py:183} INFO - Processing /home/airflow/.local/lib/python3.8/site-packages/airflow/example_dags/example_params_ui_tutorial.py took 0.154 seconds
[2024-05-30T11:17:45.734+0000] {processor.py:161} INFO - Started process (PID=311) to work on /home/airflow/.local/lib/python3.8/site-packages/airflow/example_dags/example_params_ui_tutorial.py
[2024-05-30T11:17:45.735+0000] {processor.py:830} INFO - Processing file /home/airflow/.local/lib/python3.8/site-packages/airflow/example_dags/example_params_ui_tutorial.py for tasks to queue
[2024-05-30T11:17:45.739+0000] {logging_mixin.py:188} INFO - [2024-05-30T11:17:45.738+0000] {dagbag.py:540} INFO - Filling up the DagBag from /home/airflow/.local/lib/python3.8/site-packages/airflow/example_dags/example_params_ui_tutorial.py
[2024-05-30T11:17:45.759+0000] {processor.py:840} INFO - DAG(s) 'example_params_ui_tutorial' retrieved from /home/airflow/.local/lib/python3.8/site-packages/airflow/example_dags/example_params_ui_tutorial.py
[2024-05-30T11:17:45.876+0000] {logging_mixin.py:188} INFO - [2024-05-30T11:17:45.875+0000] {dag.py:3047} INFO - Sync 1 DAGs
[2024-05-30T11:17:45.891+0000] {logging_mixin.py:188} INFO - [2024-05-30T11:17:45.891+0000] {dag.py:3834} INFO - Setting next_dagrun for example_params_ui_tutorial to None, run_after=None
[2024-05-30T11:17:45.919+0000] {processor.py:183} INFO - Processing /home/airflow/.local/lib/python3.8/site-packages/airflow/example_dags/example_params_ui_tutorial.py took 0.190 seconds
[2024-05-30T11:18:16.101+0000] {processor.py:161} INFO - Started process (PID=368) to work on /home/airflow/.local/lib/python3.8/site-packages/airflow/example_dags/example_params_ui_tutorial.py
[2024-05-30T11:18:16.103+0000] {processor.py:830} INFO - Processing file /home/airflow/.local/lib/python3.8/site-packages/airflow/example_dags/example_params_ui_tutorial.py for tasks to queue
[2024-05-30T11:18:16.105+0000] {logging_mixin.py:188} INFO - [2024-05-30T11:18:16.104+0000] {dagbag.py:540} INFO - Filling up the DagBag from /home/airflow/.local/lib/python3.8/site-packages/airflow/example_dags/example_params_ui_tutorial.py
[2024-05-30T11:18:16.117+0000] {processor.py:840} INFO - DAG(s) 'example_params_ui_tutorial' retrieved from /home/airflow/.local/lib/python3.8/site-packages/airflow/example_dags/example_params_ui_tutorial.py
[2024-05-30T11:18:16.191+0000] {logging_mixin.py:188} INFO - [2024-05-30T11:18:16.191+0000] {dag.py:3047} INFO - Sync 1 DAGs
[2024-05-30T11:18:16.206+0000] {logging_mixin.py:188} INFO - [2024-05-30T11:18:16.206+0000] {dag.py:3834} INFO - Setting next_dagrun for example_params_ui_tutorial to None, run_after=None
[2024-05-30T11:18:16.231+0000] {processor.py:183} INFO - Processing /home/airflow/.local/lib/python3.8/site-packages/airflow/example_dags/example_params_ui_tutorial.py took 0.132 seconds
[2024-05-30T11:18:46.483+0000] {processor.py:161} INFO - Started process (PID=425) to work on /home/airflow/.local/lib/python3.8/site-packages/airflow/example_dags/example_params_ui_tutorial.py
[2024-05-30T11:18:46.484+0000] {processor.py:830} INFO - Processing file /home/airflow/.local/lib/python3.8/site-packages/airflow/example_dags/example_params_ui_tutorial.py for tasks to queue
[2024-05-30T11:18:46.486+0000] {logging_mixin.py:188} INFO - [2024-05-30T11:18:46.485+0000] {dagbag.py:540} INFO - Filling up the DagBag from /home/airflow/.local/lib/python3.8/site-packages/airflow/example_dags/example_params_ui_tutorial.py
[2024-05-30T11:18:46.498+0000] {processor.py:840} INFO - DAG(s) 'example_params_ui_tutorial' retrieved from /home/airflow/.local/lib/python3.8/site-packages/airflow/example_dags/example_params_ui_tutorial.py
[2024-05-30T11:18:46.594+0000] {logging_mixin.py:188} INFO - [2024-05-30T11:18:46.594+0000] {dag.py:3047} INFO - Sync 1 DAGs
[2024-05-30T11:18:46.639+0000] {logging_mixin.py:188} INFO - [2024-05-30T11:18:46.638+0000] {dag.py:3834} INFO - Setting next_dagrun for example_params_ui_tutorial to None, run_after=None
[2024-05-30T11:18:46.687+0000] {processor.py:183} INFO - Processing /home/airflow/.local/lib/python3.8/site-packages/airflow/example_dags/example_params_ui_tutorial.py took 0.207 seconds
[2024-05-30T11:19:17.602+0000] {processor.py:161} INFO - Started process (PID=483) to work on /home/airflow/.local/lib/python3.8/site-packages/airflow/example_dags/example_params_ui_tutorial.py
[2024-05-30T11:19:17.603+0000] {processor.py:830} INFO - Processing file /home/airflow/.local/lib/python3.8/site-packages/airflow/example_dags/example_params_ui_tutorial.py for tasks to queue
[2024-05-30T11:19:17.606+0000] {logging_mixin.py:188} INFO - [2024-05-30T11:19:17.605+0000] {dagbag.py:540} INFO - Filling up the DagBag from /home/airflow/.local/lib/python3.8/site-packages/airflow/example_dags/example_params_ui_tutorial.py
[2024-05-30T11:19:17.622+0000] {processor.py:840} INFO - DAG(s) 'example_params_ui_tutorial' retrieved from /home/airflow/.local/lib/python3.8/site-packages/airflow/example_dags/example_params_ui_tutorial.py
[2024-05-30T11:19:17.719+0000] {logging_mixin.py:188} INFO - [2024-05-30T11:19:17.719+0000] {dag.py:3047} INFO - Sync 1 DAGs
[2024-05-30T11:19:17.737+0000] {logging_mixin.py:188} INFO - [2024-05-30T11:19:17.737+0000] {dag.py:3834} INFO - Setting next_dagrun for example_params_ui_tutorial to None, run_after=None
[2024-05-30T11:19:17.764+0000] {processor.py:183} INFO - Processing /home/airflow/.local/lib/python3.8/site-packages/airflow/example_dags/example_params_ui_tutorial.py took 0.166 seconds
[2024-05-30T11:19:47.995+0000] {processor.py:161} INFO - Started process (PID=539) to work on /home/airflow/.local/lib/python3.8/site-packages/airflow/example_dags/example_params_ui_tutorial.py
[2024-05-30T11:19:47.996+0000] {processor.py:830} INFO - Processing file /home/airflow/.local/lib/python3.8/site-packages/airflow/example_dags/example_params_ui_tutorial.py for tasks to queue
[2024-05-30T11:19:47.998+0000] {logging_mixin.py:188} INFO - [2024-05-30T11:19:47.997+0000] {dagbag.py:540} INFO - Filling up the DagBag from /home/airflow/.local/lib/python3.8/site-packages/airflow/example_dags/example_params_ui_tutorial.py
[2024-05-30T11:19:48.011+0000] {processor.py:840} INFO - DAG(s) 'example_params_ui_tutorial' retrieved from /home/airflow/.local/lib/python3.8/site-packages/airflow/example_dags/example_params_ui_tutorial.py
[2024-05-30T11:19:48.096+0000] {logging_mixin.py:188} INFO - [2024-05-30T11:19:48.096+0000] {dag.py:3047} INFO - Sync 1 DAGs
[2024-05-30T11:19:48.112+0000] {logging_mixin.py:188} INFO - [2024-05-30T11:19:48.112+0000] {dag.py:3834} INFO - Setting next_dagrun for example_params_ui_tutorial to None, run_after=None
[2024-05-30T11:19:48.142+0000] {processor.py:183} INFO - Processing /home/airflow/.local/lib/python3.8/site-packages/airflow/example_dags/example_params_ui_tutorial.py took 0.150 seconds
[2024-05-30T11:20:19.763+0000] {processor.py:161} INFO - Started process (PID=596) to work on /home/airflow/.local/lib/python3.8/site-packages/airflow/example_dags/example_params_ui_tutorial.py
[2024-05-30T11:20:19.765+0000] {processor.py:830} INFO - Processing file /home/airflow/.local/lib/python3.8/site-packages/airflow/example_dags/example_params_ui_tutorial.py for tasks to queue
[2024-05-30T11:20:19.767+0000] {logging_mixin.py:188} INFO - [2024-05-30T11:20:19.767+0000] {dagbag.py:540} INFO - Filling up the DagBag from /home/airflow/.local/lib/python3.8/site-packages/airflow/example_dags/example_params_ui_tutorial.py
[2024-05-30T11:20:19.780+0000] {processor.py:840} INFO - DAG(s) 'example_params_ui_tutorial' retrieved from /home/airflow/.local/lib/python3.8/site-packages/airflow/example_dags/example_params_ui_tutorial.py
[2024-05-30T11:20:19.870+0000] {logging_mixin.py:188} INFO - [2024-05-30T11:20:19.869+0000] {dag.py:3047} INFO - Sync 1 DAGs
[2024-05-30T11:20:19.889+0000] {logging_mixin.py:188} INFO - [2024-05-30T11:20:19.889+0000] {dag.py:3834} INFO - Setting next_dagrun for example_params_ui_tutorial to None, run_after=None
[2024-05-30T11:20:19.921+0000] {processor.py:183} INFO - Processing /home/airflow/.local/lib/python3.8/site-packages/airflow/example_dags/example_params_ui_tutorial.py took 0.162 seconds
[2024-05-30T11:20:51.379+0000] {processor.py:161} INFO - Started process (PID=653) to work on /home/airflow/.local/lib/python3.8/site-packages/airflow/example_dags/example_params_ui_tutorial.py
[2024-05-30T11:20:51.391+0000] {processor.py:830} INFO - Processing file /home/airflow/.local/lib/python3.8/site-packages/airflow/example_dags/example_params_ui_tutorial.py for tasks to queue
[2024-05-30T11:20:51.395+0000] {logging_mixin.py:188} INFO - [2024-05-30T11:20:51.394+0000] {dagbag.py:540} INFO - Filling up the DagBag from /home/airflow/.local/lib/python3.8/site-packages/airflow/example_dags/example_params_ui_tutorial.py
[2024-05-30T11:20:51.415+0000] {processor.py:840} INFO - DAG(s) 'example_params_ui_tutorial' retrieved from /home/airflow/.local/lib/python3.8/site-packages/airflow/example_dags/example_params_ui_tutorial.py
[2024-05-30T11:20:51.525+0000] {logging_mixin.py:188} INFO - [2024-05-30T11:20:51.524+0000] {dag.py:3047} INFO - Sync 1 DAGs
[2024-05-30T11:20:51.554+0000] {logging_mixin.py:188} INFO - [2024-05-30T11:20:51.553+0000] {dag.py:3834} INFO - Setting next_dagrun for example_params_ui_tutorial to None, run_after=None
[2024-05-30T11:20:51.596+0000] {processor.py:183} INFO - Processing /home/airflow/.local/lib/python3.8/site-packages/airflow/example_dags/example_params_ui_tutorial.py took 0.222 seconds
[2024-05-30T11:21:22.191+0000] {processor.py:161} INFO - Started process (PID=710) to work on /home/airflow/.local/lib/python3.8/site-packages/airflow/example_dags/example_params_ui_tutorial.py
[2024-05-30T11:21:22.193+0000] {processor.py:830} INFO - Processing file /home/airflow/.local/lib/python3.8/site-packages/airflow/example_dags/example_params_ui_tutorial.py for tasks to queue
[2024-05-30T11:21:22.195+0000] {logging_mixin.py:188} INFO - [2024-05-30T11:21:22.194+0000] {dagbag.py:540} INFO - Filling up the DagBag from /home/airflow/.local/lib/python3.8/site-packages/airflow/example_dags/example_params_ui_tutorial.py
[2024-05-30T11:21:22.208+0000] {processor.py:840} INFO - DAG(s) 'example_params_ui_tutorial' retrieved from /home/airflow/.local/lib/python3.8/site-packages/airflow/example_dags/example_params_ui_tutorial.py
[2024-05-30T11:21:22.283+0000] {logging_mixin.py:188} INFO - [2024-05-30T11:21:22.282+0000] {dag.py:3047} INFO - Sync 1 DAGs
[2024-05-30T11:21:22.298+0000] {logging_mixin.py:188} INFO - [2024-05-30T11:21:22.298+0000] {dag.py:3834} INFO - Setting next_dagrun for example_params_ui_tutorial to None, run_after=None
[2024-05-30T11:21:22.326+0000] {processor.py:183} INFO - Processing /home/airflow/.local/lib/python3.8/site-packages/airflow/example_dags/example_params_ui_tutorial.py took 0.137 seconds
[2024-05-30T11:21:52.731+0000] {processor.py:161} INFO - Started process (PID=767) to work on /home/airflow/.local/lib/python3.8/site-packages/airflow/example_dags/example_params_ui_tutorial.py
[2024-05-30T11:21:52.733+0000] {processor.py:830} INFO - Processing file /home/airflow/.local/lib/python3.8/site-packages/airflow/example_dags/example_params_ui_tutorial.py for tasks to queue
[2024-05-30T11:21:52.735+0000] {logging_mixin.py:188} INFO - [2024-05-30T11:21:52.735+0000] {dagbag.py:540} INFO - Filling up the DagBag from /home/airflow/.local/lib/python3.8/site-packages/airflow/example_dags/example_params_ui_tutorial.py
[2024-05-30T11:21:52.749+0000] {processor.py:840} INFO - DAG(s) 'example_params_ui_tutorial' retrieved from /home/airflow/.local/lib/python3.8/site-packages/airflow/example_dags/example_params_ui_tutorial.py
[2024-05-30T11:21:52.845+0000] {logging_mixin.py:188} INFO - [2024-05-30T11:21:52.845+0000] {dag.py:3047} INFO - Sync 1 DAGs
[2024-05-30T11:21:52.864+0000] {logging_mixin.py:188} INFO - [2024-05-30T11:21:52.864+0000] {dag.py:3834} INFO - Setting next_dagrun for example_params_ui_tutorial to None, run_after=None
[2024-05-30T11:21:52.894+0000] {processor.py:183} INFO - Processing /home/airflow/.local/lib/python3.8/site-packages/airflow/example_dags/example_params_ui_tutorial.py took 0.168 seconds
[2024-05-30T11:22:23.825+0000] {processor.py:161} INFO - Started process (PID=824) to work on /home/airflow/.local/lib/python3.8/site-packages/airflow/example_dags/example_params_ui_tutorial.py
[2024-05-30T11:22:23.826+0000] {processor.py:830} INFO - Processing file /home/airflow/.local/lib/python3.8/site-packages/airflow/example_dags/example_params_ui_tutorial.py for tasks to queue
[2024-05-30T11:22:23.829+0000] {logging_mixin.py:188} INFO - [2024-05-30T11:22:23.828+0000] {dagbag.py:540} INFO - Filling up the DagBag from /home/airflow/.local/lib/python3.8/site-packages/airflow/example_dags/example_params_ui_tutorial.py
[2024-05-30T11:22:23.841+0000] {processor.py:840} INFO - DAG(s) 'example_params_ui_tutorial' retrieved from /home/airflow/.local/lib/python3.8/site-packages/airflow/example_dags/example_params_ui_tutorial.py
[2024-05-30T11:22:23.948+0000] {logging_mixin.py:188} INFO - [2024-05-30T11:22:23.948+0000] {dag.py:3047} INFO - Sync 1 DAGs
[2024-05-30T11:22:23.971+0000] {logging_mixin.py:188} INFO - [2024-05-30T11:22:23.971+0000] {dag.py:3834} INFO - Setting next_dagrun for example_params_ui_tutorial to None, run_after=None
[2024-05-30T11:22:24.005+0000] {processor.py:183} INFO - Processing /home/airflow/.local/lib/python3.8/site-packages/airflow/example_dags/example_params_ui_tutorial.py took 0.183 seconds
[2024-05-30T11:22:54.692+0000] {processor.py:161} INFO - Started process (PID=881) to work on /home/airflow/.local/lib/python3.8/site-packages/airflow/example_dags/example_params_ui_tutorial.py
[2024-05-30T11:22:54.693+0000] {processor.py:830} INFO - Processing file /home/airflow/.local/lib/python3.8/site-packages/airflow/example_dags/example_params_ui_tutorial.py for tasks to queue
[2024-05-30T11:22:54.696+0000] {logging_mixin.py:188} INFO - [2024-05-30T11:22:54.695+0000] {dagbag.py:540} INFO - Filling up the DagBag from /home/airflow/.local/lib/python3.8/site-packages/airflow/example_dags/example_params_ui_tutorial.py
[2024-05-30T11:22:54.708+0000] {processor.py:840} INFO - DAG(s) 'example_params_ui_tutorial' retrieved from /home/airflow/.local/lib/python3.8/site-packages/airflow/example_dags/example_params_ui_tutorial.py
[2024-05-30T11:22:54.803+0000] {logging_mixin.py:188} INFO - [2024-05-30T11:22:54.802+0000] {dag.py:3047} INFO - Sync 1 DAGs
[2024-05-30T11:22:54.820+0000] {logging_mixin.py:188} INFO - [2024-05-30T11:22:54.820+0000] {dag.py:3834} INFO - Setting next_dagrun for example_params_ui_tutorial to None, run_after=None
[2024-05-30T11:22:54.847+0000] {processor.py:183} INFO - Processing /home/airflow/.local/lib/python3.8/site-packages/airflow/example_dags/example_params_ui_tutorial.py took 0.159 seconds
[2024-05-30T11:23:25.325+0000] {processor.py:161} INFO - Started process (PID=936) to work on /home/airflow/.local/lib/python3.8/site-packages/airflow/example_dags/example_params_ui_tutorial.py
[2024-05-30T11:23:25.327+0000] {processor.py:830} INFO - Processing file /home/airflow/.local/lib/python3.8/site-packages/airflow/example_dags/example_params_ui_tutorial.py for tasks to queue
[2024-05-30T11:23:25.329+0000] {logging_mixin.py:188} INFO - [2024-05-30T11:23:25.328+0000] {dagbag.py:540} INFO - Filling up the DagBag from /home/airflow/.local/lib/python3.8/site-packages/airflow/example_dags/example_params_ui_tutorial.py
[2024-05-30T11:23:25.347+0000] {processor.py:840} INFO - DAG(s) 'example_params_ui_tutorial' retrieved from /home/airflow/.local/lib/python3.8/site-packages/airflow/example_dags/example_params_ui_tutorial.py
[2024-05-30T11:23:25.484+0000] {logging_mixin.py:188} INFO - [2024-05-30T11:23:25.483+0000] {dag.py:3047} INFO - Sync 1 DAGs
[2024-05-30T11:23:25.508+0000] {logging_mixin.py:188} INFO - [2024-05-30T11:23:25.508+0000] {dag.py:3834} INFO - Setting next_dagrun for example_params_ui_tutorial to None, run_after=None
[2024-05-30T11:23:25.538+0000] {processor.py:183} INFO - Processing /home/airflow/.local/lib/python3.8/site-packages/airflow/example_dags/example_params_ui_tutorial.py took 0.217 seconds
[2024-05-30T11:23:56.223+0000] {processor.py:161} INFO - Started process (PID=993) to work on /home/airflow/.local/lib/python3.8/site-packages/airflow/example_dags/example_params_ui_tutorial.py
[2024-05-30T11:23:56.225+0000] {processor.py:830} INFO - Processing file /home/airflow/.local/lib/python3.8/site-packages/airflow/example_dags/example_params_ui_tutorial.py for tasks to queue
[2024-05-30T11:23:56.228+0000] {logging_mixin.py:188} INFO - [2024-05-30T11:23:56.227+0000] {dagbag.py:540} INFO - Filling up the DagBag from /home/airflow/.local/lib/python3.8/site-packages/airflow/example_dags/example_params_ui_tutorial.py
[2024-05-30T11:23:56.246+0000] {processor.py:840} INFO - DAG(s) 'example_params_ui_tutorial' retrieved from /home/airflow/.local/lib/python3.8/site-packages/airflow/example_dags/example_params_ui_tutorial.py
[2024-05-30T11:23:56.350+0000] {logging_mixin.py:188} INFO - [2024-05-30T11:23:56.350+0000] {dag.py:3047} INFO - Sync 1 DAGs
[2024-05-30T11:23:56.377+0000] {logging_mixin.py:188} INFO - [2024-05-30T11:23:56.376+0000] {dag.py:3834} INFO - Setting next_dagrun for example_params_ui_tutorial to None, run_after=None
[2024-05-30T11:23:56.415+0000] {processor.py:183} INFO - Processing /home/airflow/.local/lib/python3.8/site-packages/airflow/example_dags/example_params_ui_tutorial.py took 0.196 seconds
[2024-05-30T11:24:26.539+0000] {processor.py:161} INFO - Started process (PID=1050) to work on /home/airflow/.local/lib/python3.8/site-packages/airflow/example_dags/example_params_ui_tutorial.py
[2024-05-30T11:24:26.541+0000] {processor.py:830} INFO - Processing file /home/airflow/.local/lib/python3.8/site-packages/airflow/example_dags/example_params_ui_tutorial.py for tasks to queue
[2024-05-30T11:24:26.542+0000] {logging_mixin.py:188} INFO - [2024-05-30T11:24:26.542+0000] {dagbag.py:540} INFO - Filling up the DagBag from /home/airflow/.local/lib/python3.8/site-packages/airflow/example_dags/example_params_ui_tutorial.py
[2024-05-30T11:24:26.555+0000] {processor.py:840} INFO - DAG(s) 'example_params_ui_tutorial' retrieved from /home/airflow/.local/lib/python3.8/site-packages/airflow/example_dags/example_params_ui_tutorial.py
[2024-05-30T11:24:26.668+0000] {logging_mixin.py:188} INFO - [2024-05-30T11:24:26.668+0000] {dag.py:3047} INFO - Sync 1 DAGs
[2024-05-30T11:24:26.695+0000] {logging_mixin.py:188} INFO - [2024-05-30T11:24:26.694+0000] {dag.py:3834} INFO - Setting next_dagrun for example_params_ui_tutorial to None, run_after=None
[2024-05-30T11:24:26.731+0000] {processor.py:183} INFO - Processing /home/airflow/.local/lib/python3.8/site-packages/airflow/example_dags/example_params_ui_tutorial.py took 0.195 seconds
[2024-05-30T11:24:57.194+0000] {processor.py:161} INFO - Started process (PID=1107) to work on /home/airflow/.local/lib/python3.8/site-packages/airflow/example_dags/example_params_ui_tutorial.py
[2024-05-30T11:24:57.196+0000] {processor.py:830} INFO - Processing file /home/airflow/.local/lib/python3.8/site-packages/airflow/example_dags/example_params_ui_tutorial.py for tasks to queue
[2024-05-30T11:24:57.198+0000] {logging_mixin.py:188} INFO - [2024-05-30T11:24:57.197+0000] {dagbag.py:540} INFO - Filling up the DagBag from /home/airflow/.local/lib/python3.8/site-packages/airflow/example_dags/example_params_ui_tutorial.py
[2024-05-30T11:24:57.212+0000] {processor.py:840} INFO - DAG(s) 'example_params_ui_tutorial' retrieved from /home/airflow/.local/lib/python3.8/site-packages/airflow/example_dags/example_params_ui_tutorial.py
[2024-05-30T11:24:57.327+0000] {logging_mixin.py:188} INFO - [2024-05-30T11:24:57.327+0000] {dag.py:3047} INFO - Sync 1 DAGs
[2024-05-30T11:24:57.350+0000] {logging_mixin.py:188} INFO - [2024-05-30T11:24:57.349+0000] {dag.py:3834} INFO - Setting next_dagrun for example_params_ui_tutorial to None, run_after=None
[2024-05-30T11:24:57.384+0000] {processor.py:183} INFO - Processing /home/airflow/.local/lib/python3.8/site-packages/airflow/example_dags/example_params_ui_tutorial.py took 0.192 seconds
[2024-05-30T11:25:28.061+0000] {processor.py:161} INFO - Started process (PID=1164) to work on /home/airflow/.local/lib/python3.8/site-packages/airflow/example_dags/example_params_ui_tutorial.py
[2024-05-30T11:25:28.062+0000] {processor.py:830} INFO - Processing file /home/airflow/.local/lib/python3.8/site-packages/airflow/example_dags/example_params_ui_tutorial.py for tasks to queue
[2024-05-30T11:25:28.065+0000] {logging_mixin.py:188} INFO - [2024-05-30T11:25:28.065+0000] {dagbag.py:540} INFO - Filling up the DagBag from /home/airflow/.local/lib/python3.8/site-packages/airflow/example_dags/example_params_ui_tutorial.py
[2024-05-30T11:25:28.087+0000] {processor.py:840} INFO - DAG(s) 'example_params_ui_tutorial' retrieved from /home/airflow/.local/lib/python3.8/site-packages/airflow/example_dags/example_params_ui_tutorial.py
[2024-05-30T11:25:28.212+0000] {logging_mixin.py:188} INFO - [2024-05-30T11:25:28.211+0000] {dag.py:3047} INFO - Sync 1 DAGs
[2024-05-30T11:25:28.240+0000] {logging_mixin.py:188} INFO - [2024-05-30T11:25:28.239+0000] {dag.py:3834} INFO - Setting next_dagrun for example_params_ui_tutorial to None, run_after=None
[2024-05-30T11:25:28.279+0000] {processor.py:183} INFO - Processing /home/airflow/.local/lib/python3.8/site-packages/airflow/example_dags/example_params_ui_tutorial.py took 0.221 seconds
[2024-05-30T11:25:58.941+0000] {processor.py:161} INFO - Started process (PID=1221) to work on /home/airflow/.local/lib/python3.8/site-packages/airflow/example_dags/example_params_ui_tutorial.py
[2024-05-30T11:25:58.943+0000] {processor.py:830} INFO - Processing file /home/airflow/.local/lib/python3.8/site-packages/airflow/example_dags/example_params_ui_tutorial.py for tasks to queue
[2024-05-30T11:25:58.946+0000] {logging_mixin.py:188} INFO - [2024-05-30T11:25:58.945+0000] {dagbag.py:540} INFO - Filling up the DagBag from /home/airflow/.local/lib/python3.8/site-packages/airflow/example_dags/example_params_ui_tutorial.py
[2024-05-30T11:25:58.964+0000] {processor.py:840} INFO - DAG(s) 'example_params_ui_tutorial' retrieved from /home/airflow/.local/lib/python3.8/site-packages/airflow/example_dags/example_params_ui_tutorial.py
[2024-05-30T11:25:59.068+0000] {logging_mixin.py:188} INFO - [2024-05-30T11:25:59.067+0000] {dag.py:3047} INFO - Sync 1 DAGs
[2024-05-30T11:25:59.095+0000] {logging_mixin.py:188} INFO - [2024-05-30T11:25:59.095+0000] {dag.py:3834} INFO - Setting next_dagrun for example_params_ui_tutorial to None, run_after=None
[2024-05-30T11:25:59.132+0000] {processor.py:183} INFO - Processing /home/airflow/.local/lib/python3.8/site-packages/airflow/example_dags/example_params_ui_tutorial.py took 0.196 seconds
[2024-05-30T11:26:29.798+0000] {processor.py:161} INFO - Started process (PID=1278) to work on /home/airflow/.local/lib/python3.8/site-packages/airflow/example_dags/example_params_ui_tutorial.py
[2024-05-30T11:26:29.800+0000] {processor.py:830} INFO - Processing file /home/airflow/.local/lib/python3.8/site-packages/airflow/example_dags/example_params_ui_tutorial.py for tasks to queue
[2024-05-30T11:26:29.803+0000] {logging_mixin.py:188} INFO - [2024-05-30T11:26:29.802+0000] {dagbag.py:540} INFO - Filling up the DagBag from /home/airflow/.local/lib/python3.8/site-packages/airflow/example_dags/example_params_ui_tutorial.py
[2024-05-30T11:26:29.826+0000] {processor.py:840} INFO - DAG(s) 'example_params_ui_tutorial' retrieved from /home/airflow/.local/lib/python3.8/site-packages/airflow/example_dags/example_params_ui_tutorial.py
[2024-05-30T11:26:29.980+0000] {logging_mixin.py:188} INFO - [2024-05-30T11:26:29.980+0000] {dag.py:3047} INFO - Sync 1 DAGs
[2024-05-30T11:26:30.006+0000] {logging_mixin.py:188} INFO - [2024-05-30T11:26:30.006+0000] {dag.py:3834} INFO - Setting next_dagrun for example_params_ui_tutorial to None, run_after=None
[2024-05-30T11:26:30.040+0000] {processor.py:183} INFO - Processing /home/airflow/.local/lib/python3.8/site-packages/airflow/example_dags/example_params_ui_tutorial.py took 0.247 seconds
[2024-05-30T11:27:00.722+0000] {processor.py:161} INFO - Started process (PID=1335) to work on /home/airflow/.local/lib/python3.8/site-packages/airflow/example_dags/example_params_ui_tutorial.py
[2024-05-30T11:27:00.723+0000] {processor.py:830} INFO - Processing file /home/airflow/.local/lib/python3.8/site-packages/airflow/example_dags/example_params_ui_tutorial.py for tasks to queue
[2024-05-30T11:27:00.726+0000] {logging_mixin.py:188} INFO - [2024-05-30T11:27:00.726+0000] {dagbag.py:540} INFO - Filling up the DagBag from /home/airflow/.local/lib/python3.8/site-packages/airflow/example_dags/example_params_ui_tutorial.py
[2024-05-30T11:27:00.741+0000] {processor.py:840} INFO - DAG(s) 'example_params_ui_tutorial' retrieved from /home/airflow/.local/lib/python3.8/site-packages/airflow/example_dags/example_params_ui_tutorial.py
[2024-05-30T11:27:00.874+0000] {logging_mixin.py:188} INFO - [2024-05-30T11:27:00.873+0000] {dag.py:3047} INFO - Sync 1 DAGs
[2024-05-30T11:27:00.905+0000] {logging_mixin.py:188} INFO - [2024-05-30T11:27:00.904+0000] {dag.py:3834} INFO - Setting next_dagrun for example_params_ui_tutorial to None, run_after=None
[2024-05-30T11:27:00.946+0000] {processor.py:183} INFO - Processing /home/airflow/.local/lib/python3.8/site-packages/airflow/example_dags/example_params_ui_tutorial.py took 0.228 seconds
[2024-05-30T11:27:31.808+0000] {processor.py:161} INFO - Started process (PID=1392) to work on /home/airflow/.local/lib/python3.8/site-packages/airflow/example_dags/example_params_ui_tutorial.py
[2024-05-30T11:27:31.809+0000] {processor.py:830} INFO - Processing file /home/airflow/.local/lib/python3.8/site-packages/airflow/example_dags/example_params_ui_tutorial.py for tasks to queue
[2024-05-30T11:27:31.812+0000] {logging_mixin.py:188} INFO - [2024-05-30T11:27:31.811+0000] {dagbag.py:540} INFO - Filling up the DagBag from /home/airflow/.local/lib/python3.8/site-packages/airflow/example_dags/example_params_ui_tutorial.py
[2024-05-30T11:27:31.828+0000] {processor.py:840} INFO - DAG(s) 'example_params_ui_tutorial' retrieved from /home/airflow/.local/lib/python3.8/site-packages/airflow/example_dags/example_params_ui_tutorial.py
[2024-05-30T11:27:31.931+0000] {logging_mixin.py:188} INFO - [2024-05-30T11:27:31.931+0000] {dag.py:3047} INFO - Sync 1 DAGs
[2024-05-30T11:27:31.953+0000] {logging_mixin.py:188} INFO - [2024-05-30T11:27:31.953+0000] {dag.py:3834} INFO - Setting next_dagrun for example_params_ui_tutorial to None, run_after=None
[2024-05-30T11:27:31.981+0000] {processor.py:183} INFO - Processing /home/airflow/.local/lib/python3.8/site-packages/airflow/example_dags/example_params_ui_tutorial.py took 0.176 seconds
[2024-05-30T11:28:02.335+0000] {processor.py:161} INFO - Started process (PID=1449) to work on /home/airflow/.local/lib/python3.8/site-packages/airflow/example_dags/example_params_ui_tutorial.py
[2024-05-30T11:28:02.337+0000] {processor.py:830} INFO - Processing file /home/airflow/.local/lib/python3.8/site-packages/airflow/example_dags/example_params_ui_tutorial.py for tasks to queue
[2024-05-30T11:28:02.339+0000] {logging_mixin.py:188} INFO - [2024-05-30T11:28:02.339+0000] {dagbag.py:540} INFO - Filling up the DagBag from /home/airflow/.local/lib/python3.8/site-packages/airflow/example_dags/example_params_ui_tutorial.py
[2024-05-30T11:28:02.357+0000] {processor.py:840} INFO - DAG(s) 'example_params_ui_tutorial' retrieved from /home/airflow/.local/lib/python3.8/site-packages/airflow/example_dags/example_params_ui_tutorial.py
[2024-05-30T11:28:02.450+0000] {logging_mixin.py:188} INFO - [2024-05-30T11:28:02.450+0000] {dag.py:3047} INFO - Sync 1 DAGs
[2024-05-30T11:28:02.476+0000] {logging_mixin.py:188} INFO - [2024-05-30T11:28:02.476+0000] {dag.py:3834} INFO - Setting next_dagrun for example_params_ui_tutorial to None, run_after=None
[2024-05-30T11:28:02.509+0000] {processor.py:183} INFO - Processing /home/airflow/.local/lib/python3.8/site-packages/airflow/example_dags/example_params_ui_tutorial.py took 0.178 seconds
[2024-05-30T11:28:33.289+0000] {processor.py:161} INFO - Started process (PID=1506) to work on /home/airflow/.local/lib/python3.8/site-packages/airflow/example_dags/example_params_ui_tutorial.py
[2024-05-30T11:28:33.291+0000] {processor.py:830} INFO - Processing file /home/airflow/.local/lib/python3.8/site-packages/airflow/example_dags/example_params_ui_tutorial.py for tasks to queue
[2024-05-30T11:28:33.296+0000] {logging_mixin.py:188} INFO - [2024-05-30T11:28:33.295+0000] {dagbag.py:540} INFO - Filling up the DagBag from /home/airflow/.local/lib/python3.8/site-packages/airflow/example_dags/example_params_ui_tutorial.py
[2024-05-30T11:28:33.319+0000] {processor.py:840} INFO - DAG(s) 'example_params_ui_tutorial' retrieved from /home/airflow/.local/lib/python3.8/site-packages/airflow/example_dags/example_params_ui_tutorial.py
[2024-05-30T11:28:33.491+0000] {logging_mixin.py:188} INFO - [2024-05-30T11:28:33.490+0000] {dag.py:3047} INFO - Sync 1 DAGs
[2024-05-30T11:28:33.520+0000] {logging_mixin.py:188} INFO - [2024-05-30T11:28:33.520+0000] {dag.py:3834} INFO - Setting next_dagrun for example_params_ui_tutorial to None, run_after=None
[2024-05-30T11:28:33.576+0000] {processor.py:183} INFO - Processing /home/airflow/.local/lib/python3.8/site-packages/airflow/example_dags/example_params_ui_tutorial.py took 0.297 seconds
[2024-05-30T11:29:03.729+0000] {processor.py:161} INFO - Started process (PID=1563) to work on /home/airflow/.local/lib/python3.8/site-packages/airflow/example_dags/example_params_ui_tutorial.py
[2024-05-30T11:29:03.731+0000] {processor.py:830} INFO - Processing file /home/airflow/.local/lib/python3.8/site-packages/airflow/example_dags/example_params_ui_tutorial.py for tasks to queue
[2024-05-30T11:29:03.737+0000] {logging_mixin.py:188} INFO - [2024-05-30T11:29:03.736+0000] {dagbag.py:540} INFO - Filling up the DagBag from /home/airflow/.local/lib/python3.8/site-packages/airflow/example_dags/example_params_ui_tutorial.py
[2024-05-30T11:29:03.767+0000] {processor.py:840} INFO - DAG(s) 'example_params_ui_tutorial' retrieved from /home/airflow/.local/lib/python3.8/site-packages/airflow/example_dags/example_params_ui_tutorial.py
[2024-05-30T11:29:03.941+0000] {logging_mixin.py:188} INFO - [2024-05-30T11:29:03.940+0000] {dag.py:3047} INFO - Sync 1 DAGs
[2024-05-30T11:29:03.981+0000] {logging_mixin.py:188} INFO - [2024-05-30T11:29:03.980+0000] {dag.py:3834} INFO - Setting next_dagrun for example_params_ui_tutorial to None, run_after=None
[2024-05-30T11:29:04.054+0000] {processor.py:183} INFO - Processing /home/airflow/.local/lib/python3.8/site-packages/airflow/example_dags/example_params_ui_tutorial.py took 0.330 seconds
[2024-05-30T11:29:34.127+0000] {processor.py:161} INFO - Started process (PID=1620) to work on /home/airflow/.local/lib/python3.8/site-packages/airflow/example_dags/example_params_ui_tutorial.py
[2024-05-30T11:29:34.129+0000] {processor.py:830} INFO - Processing file /home/airflow/.local/lib/python3.8/site-packages/airflow/example_dags/example_params_ui_tutorial.py for tasks to queue
[2024-05-30T11:29:34.132+0000] {logging_mixin.py:188} INFO - [2024-05-30T11:29:34.131+0000] {dagbag.py:540} INFO - Filling up the DagBag from /home/airflow/.local/lib/python3.8/site-packages/airflow/example_dags/example_params_ui_tutorial.py
[2024-05-30T11:29:34.154+0000] {processor.py:840} INFO - DAG(s) 'example_params_ui_tutorial' retrieved from /home/airflow/.local/lib/python3.8/site-packages/airflow/example_dags/example_params_ui_tutorial.py
[2024-05-30T11:29:34.252+0000] {logging_mixin.py:188} INFO - [2024-05-30T11:29:34.252+0000] {dag.py:3047} INFO - Sync 1 DAGs
[2024-05-30T11:29:34.265+0000] {logging_mixin.py:188} INFO - [2024-05-30T11:29:34.265+0000] {dag.py:3834} INFO - Setting next_dagrun for example_params_ui_tutorial to None, run_after=None
[2024-05-30T11:29:34.291+0000] {processor.py:183} INFO - Processing /home/airflow/.local/lib/python3.8/site-packages/airflow/example_dags/example_params_ui_tutorial.py took 0.168 seconds
[2024-05-30T11:30:04.435+0000] {processor.py:161} INFO - Started process (PID=1677) to work on /home/airflow/.local/lib/python3.8/site-packages/airflow/example_dags/example_params_ui_tutorial.py
[2024-05-30T11:30:04.437+0000] {processor.py:830} INFO - Processing file /home/airflow/.local/lib/python3.8/site-packages/airflow/example_dags/example_params_ui_tutorial.py for tasks to queue
[2024-05-30T11:30:04.439+0000] {logging_mixin.py:188} INFO - [2024-05-30T11:30:04.438+0000] {dagbag.py:540} INFO - Filling up the DagBag from /home/airflow/.local/lib/python3.8/site-packages/airflow/example_dags/example_params_ui_tutorial.py
[2024-05-30T11:30:04.450+0000] {processor.py:840} INFO - DAG(s) 'example_params_ui_tutorial' retrieved from /home/airflow/.local/lib/python3.8/site-packages/airflow/example_dags/example_params_ui_tutorial.py
[2024-05-30T11:30:04.519+0000] {logging_mixin.py:188} INFO - [2024-05-30T11:30:04.519+0000] {dag.py:3047} INFO - Sync 1 DAGs
[2024-05-30T11:30:04.534+0000] {logging_mixin.py:188} INFO - [2024-05-30T11:30:04.534+0000] {dag.py:3834} INFO - Setting next_dagrun for example_params_ui_tutorial to None, run_after=None
[2024-05-30T11:30:04.559+0000] {processor.py:183} INFO - Processing /home/airflow/.local/lib/python3.8/site-packages/airflow/example_dags/example_params_ui_tutorial.py took 0.126 seconds
[2024-05-30T11:30:34.795+0000] {processor.py:161} INFO - Started process (PID=1734) to work on /home/airflow/.local/lib/python3.8/site-packages/airflow/example_dags/example_params_ui_tutorial.py
[2024-05-30T11:30:34.797+0000] {processor.py:830} INFO - Processing file /home/airflow/.local/lib/python3.8/site-packages/airflow/example_dags/example_params_ui_tutorial.py for tasks to queue
[2024-05-30T11:30:34.799+0000] {logging_mixin.py:188} INFO - [2024-05-30T11:30:34.799+0000] {dagbag.py:540} INFO - Filling up the DagBag from /home/airflow/.local/lib/python3.8/site-packages/airflow/example_dags/example_params_ui_tutorial.py
[2024-05-30T11:30:34.817+0000] {processor.py:840} INFO - DAG(s) 'example_params_ui_tutorial' retrieved from /home/airflow/.local/lib/python3.8/site-packages/airflow/example_dags/example_params_ui_tutorial.py
[2024-05-30T11:30:34.947+0000] {logging_mixin.py:188} INFO - [2024-05-30T11:30:34.947+0000] {dag.py:3047} INFO - Sync 1 DAGs
[2024-05-30T11:30:34.971+0000] {logging_mixin.py:188} INFO - [2024-05-30T11:30:34.971+0000] {dag.py:3834} INFO - Setting next_dagrun for example_params_ui_tutorial to None, run_after=None
[2024-05-30T11:30:35.006+0000] {processor.py:183} INFO - Processing /home/airflow/.local/lib/python3.8/site-packages/airflow/example_dags/example_params_ui_tutorial.py took 0.214 seconds
[2024-05-30T11:31:05.725+0000] {processor.py:161} INFO - Started process (PID=1791) to work on /home/airflow/.local/lib/python3.8/site-packages/airflow/example_dags/example_params_ui_tutorial.py
[2024-05-30T11:31:05.727+0000] {processor.py:830} INFO - Processing file /home/airflow/.local/lib/python3.8/site-packages/airflow/example_dags/example_params_ui_tutorial.py for tasks to queue
[2024-05-30T11:31:05.730+0000] {logging_mixin.py:188} INFO - [2024-05-30T11:31:05.729+0000] {dagbag.py:540} INFO - Filling up the DagBag from /home/airflow/.local/lib/python3.8/site-packages/airflow/example_dags/example_params_ui_tutorial.py
[2024-05-30T11:31:05.748+0000] {processor.py:840} INFO - DAG(s) 'example_params_ui_tutorial' retrieved from /home/airflow/.local/lib/python3.8/site-packages/airflow/example_dags/example_params_ui_tutorial.py
[2024-05-30T11:31:05.899+0000] {logging_mixin.py:188} INFO - [2024-05-30T11:31:05.899+0000] {dag.py:3047} INFO - Sync 1 DAGs
[2024-05-30T11:31:05.926+0000] {logging_mixin.py:188} INFO - [2024-05-30T11:31:05.925+0000] {dag.py:3834} INFO - Setting next_dagrun for example_params_ui_tutorial to None, run_after=None
[2024-05-30T11:31:05.968+0000] {processor.py:183} INFO - Processing /home/airflow/.local/lib/python3.8/site-packages/airflow/example_dags/example_params_ui_tutorial.py took 0.247 seconds
[2024-05-30T11:31:36.159+0000] {processor.py:161} INFO - Started process (PID=1848) to work on /home/airflow/.local/lib/python3.8/site-packages/airflow/example_dags/example_params_ui_tutorial.py
[2024-05-30T11:31:36.161+0000] {processor.py:830} INFO - Processing file /home/airflow/.local/lib/python3.8/site-packages/airflow/example_dags/example_params_ui_tutorial.py for tasks to queue
[2024-05-30T11:31:36.163+0000] {logging_mixin.py:188} INFO - [2024-05-30T11:31:36.162+0000] {dagbag.py:540} INFO - Filling up the DagBag from /home/airflow/.local/lib/python3.8/site-packages/airflow/example_dags/example_params_ui_tutorial.py
[2024-05-30T11:31:36.175+0000] {processor.py:840} INFO - DAG(s) 'example_params_ui_tutorial' retrieved from /home/airflow/.local/lib/python3.8/site-packages/airflow/example_dags/example_params_ui_tutorial.py
[2024-05-30T11:31:36.254+0000] {logging_mixin.py:188} INFO - [2024-05-30T11:31:36.254+0000] {dag.py:3047} INFO - Sync 1 DAGs
[2024-05-30T11:31:36.269+0000] {logging_mixin.py:188} INFO - [2024-05-30T11:31:36.268+0000] {dag.py:3834} INFO - Setting next_dagrun for example_params_ui_tutorial to None, run_after=None
[2024-05-30T11:31:36.305+0000] {processor.py:183} INFO - Processing /home/airflow/.local/lib/python3.8/site-packages/airflow/example_dags/example_params_ui_tutorial.py took 0.149 seconds
