[2024-05-30T11:15:42.297+0000] {processor.py:161} INFO - Started process (PID=66) to work on /home/airflow/.local/lib/python3.8/site-packages/airflow/example_dags/example_dag_decorator.py
[2024-05-30T11:15:42.299+0000] {processor.py:830} INFO - Processing file /home/airflow/.local/lib/python3.8/site-packages/airflow/example_dags/example_dag_decorator.py for tasks to queue
[2024-05-30T11:15:42.302+0000] {logging_mixin.py:188} INFO - [2024-05-30T11:15:42.301+0000] {dagbag.py:540} INFO - Filling up the DagBag from /home/airflow/.local/lib/python3.8/site-packages/airflow/example_dags/example_dag_decorator.py
[2024-05-30T11:15:42.546+0000] {processor.py:840} INFO - DAG(s) 'example_dag_decorator' retrieved from /home/airflow/.local/lib/python3.8/site-packages/airflow/example_dags/example_dag_decorator.py
[2024-05-30T11:15:42.720+0000] {logging_mixin.py:188} INFO - [2024-05-30T11:15:42.719+0000] {dag.py:3047} INFO - Sync 1 DAGs
[2024-05-30T11:15:42.737+0000] {logging_mixin.py:188} INFO - [2024-05-30T11:15:42.737+0000] {dag.py:3834} INFO - Setting next_dagrun for example_dag_decorator to None, run_after=None
[2024-05-30T11:15:42.771+0000] {processor.py:183} INFO - Processing /home/airflow/.local/lib/python3.8/site-packages/airflow/example_dags/example_dag_decorator.py took 0.478 seconds
[2024-05-30T11:16:12.895+0000] {processor.py:161} INFO - Started process (PID=125) to work on /home/airflow/.local/lib/python3.8/site-packages/airflow/example_dags/example_dag_decorator.py
[2024-05-30T11:16:12.896+0000] {processor.py:830} INFO - Processing file /home/airflow/.local/lib/python3.8/site-packages/airflow/example_dags/example_dag_decorator.py for tasks to queue
[2024-05-30T11:16:12.900+0000] {logging_mixin.py:188} INFO - [2024-05-30T11:16:12.899+0000] {dagbag.py:540} INFO - Filling up the DagBag from /home/airflow/.local/lib/python3.8/site-packages/airflow/example_dags/example_dag_decorator.py
[2024-05-30T11:16:13.058+0000] {processor.py:840} INFO - DAG(s) 'example_dag_decorator' retrieved from /home/airflow/.local/lib/python3.8/site-packages/airflow/example_dags/example_dag_decorator.py
[2024-05-30T11:16:13.200+0000] {logging_mixin.py:188} INFO - [2024-05-30T11:16:13.199+0000] {dag.py:3047} INFO - Sync 1 DAGs
[2024-05-30T11:16:13.213+0000] {logging_mixin.py:188} INFO - [2024-05-30T11:16:13.213+0000] {dag.py:3834} INFO - Setting next_dagrun for example_dag_decorator to None, run_after=None
[2024-05-30T11:16:13.246+0000] {processor.py:183} INFO - Processing /home/airflow/.local/lib/python3.8/site-packages/airflow/example_dags/example_dag_decorator.py took 0.354 seconds
[2024-05-30T11:16:43.389+0000] {processor.py:161} INFO - Started process (PID=183) to work on /home/airflow/.local/lib/python3.8/site-packages/airflow/example_dags/example_dag_decorator.py
[2024-05-30T11:16:43.390+0000] {processor.py:830} INFO - Processing file /home/airflow/.local/lib/python3.8/site-packages/airflow/example_dags/example_dag_decorator.py for tasks to queue
[2024-05-30T11:16:43.393+0000] {logging_mixin.py:188} INFO - [2024-05-30T11:16:43.392+0000] {dagbag.py:540} INFO - Filling up the DagBag from /home/airflow/.local/lib/python3.8/site-packages/airflow/example_dags/example_dag_decorator.py
[2024-05-30T11:16:43.545+0000] {processor.py:840} INFO - DAG(s) 'example_dag_decorator' retrieved from /home/airflow/.local/lib/python3.8/site-packages/airflow/example_dags/example_dag_decorator.py
[2024-05-30T11:16:43.682+0000] {logging_mixin.py:188} INFO - [2024-05-30T11:16:43.682+0000] {dag.py:3047} INFO - Sync 1 DAGs
[2024-05-30T11:16:43.694+0000] {logging_mixin.py:188} INFO - [2024-05-30T11:16:43.694+0000] {dag.py:3834} INFO - Setting next_dagrun for example_dag_decorator to None, run_after=None
[2024-05-30T11:16:43.725+0000] {processor.py:183} INFO - Processing /home/airflow/.local/lib/python3.8/site-packages/airflow/example_dags/example_dag_decorator.py took 0.339 seconds
[2024-05-30T11:17:13.838+0000] {processor.py:161} INFO - Started process (PID=241) to work on /home/airflow/.local/lib/python3.8/site-packages/airflow/example_dags/example_dag_decorator.py
[2024-05-30T11:17:13.839+0000] {processor.py:830} INFO - Processing file /home/airflow/.local/lib/python3.8/site-packages/airflow/example_dags/example_dag_decorator.py for tasks to queue
[2024-05-30T11:17:13.841+0000] {logging_mixin.py:188} INFO - [2024-05-30T11:17:13.840+0000] {dagbag.py:540} INFO - Filling up the DagBag from /home/airflow/.local/lib/python3.8/site-packages/airflow/example_dags/example_dag_decorator.py
[2024-05-30T11:17:13.955+0000] {processor.py:840} INFO - DAG(s) 'example_dag_decorator' retrieved from /home/airflow/.local/lib/python3.8/site-packages/airflow/example_dags/example_dag_decorator.py
[2024-05-30T11:17:14.074+0000] {logging_mixin.py:188} INFO - [2024-05-30T11:17:14.073+0000] {dag.py:3047} INFO - Sync 1 DAGs
[2024-05-30T11:17:14.086+0000] {logging_mixin.py:188} INFO - [2024-05-30T11:17:14.086+0000] {dag.py:3834} INFO - Setting next_dagrun for example_dag_decorator to None, run_after=None
[2024-05-30T11:17:14.113+0000] {processor.py:183} INFO - Processing /home/airflow/.local/lib/python3.8/site-packages/airflow/example_dags/example_dag_decorator.py took 0.278 seconds
[2024-05-30T11:17:44.635+0000] {processor.py:161} INFO - Started process (PID=294) to work on /home/airflow/.local/lib/python3.8/site-packages/airflow/example_dags/example_dag_decorator.py
[2024-05-30T11:17:44.636+0000] {processor.py:830} INFO - Processing file /home/airflow/.local/lib/python3.8/site-packages/airflow/example_dags/example_dag_decorator.py for tasks to queue
[2024-05-30T11:17:44.638+0000] {logging_mixin.py:188} INFO - [2024-05-30T11:17:44.638+0000] {dagbag.py:540} INFO - Filling up the DagBag from /home/airflow/.local/lib/python3.8/site-packages/airflow/example_dags/example_dag_decorator.py
[2024-05-30T11:17:44.750+0000] {processor.py:840} INFO - DAG(s) 'example_dag_decorator' retrieved from /home/airflow/.local/lib/python3.8/site-packages/airflow/example_dags/example_dag_decorator.py
[2024-05-30T11:17:44.874+0000] {logging_mixin.py:188} INFO - [2024-05-30T11:17:44.873+0000] {dag.py:3047} INFO - Sync 1 DAGs
[2024-05-30T11:17:44.886+0000] {logging_mixin.py:188} INFO - [2024-05-30T11:17:44.885+0000] {dag.py:3834} INFO - Setting next_dagrun for example_dag_decorator to None, run_after=None
[2024-05-30T11:17:44.909+0000] {processor.py:183} INFO - Processing /home/airflow/.local/lib/python3.8/site-packages/airflow/example_dags/example_dag_decorator.py took 0.277 seconds
[2024-05-30T11:18:15.062+0000] {processor.py:161} INFO - Started process (PID=351) to work on /home/airflow/.local/lib/python3.8/site-packages/airflow/example_dags/example_dag_decorator.py
[2024-05-30T11:18:15.064+0000] {processor.py:830} INFO - Processing file /home/airflow/.local/lib/python3.8/site-packages/airflow/example_dags/example_dag_decorator.py for tasks to queue
[2024-05-30T11:18:15.066+0000] {logging_mixin.py:188} INFO - [2024-05-30T11:18:15.066+0000] {dagbag.py:540} INFO - Filling up the DagBag from /home/airflow/.local/lib/python3.8/site-packages/airflow/example_dags/example_dag_decorator.py
[2024-05-30T11:18:15.207+0000] {processor.py:840} INFO - DAG(s) 'example_dag_decorator' retrieved from /home/airflow/.local/lib/python3.8/site-packages/airflow/example_dags/example_dag_decorator.py
[2024-05-30T11:18:15.368+0000] {logging_mixin.py:188} INFO - [2024-05-30T11:18:15.367+0000] {dag.py:3047} INFO - Sync 1 DAGs
[2024-05-30T11:18:15.387+0000] {logging_mixin.py:188} INFO - [2024-05-30T11:18:15.387+0000] {dag.py:3834} INFO - Setting next_dagrun for example_dag_decorator to None, run_after=None
[2024-05-30T11:18:15.427+0000] {processor.py:183} INFO - Processing /home/airflow/.local/lib/python3.8/site-packages/airflow/example_dags/example_dag_decorator.py took 0.368 seconds
[2024-05-30T11:18:45.701+0000] {processor.py:161} INFO - Started process (PID=415) to work on /home/airflow/.local/lib/python3.8/site-packages/airflow/example_dags/example_dag_decorator.py
[2024-05-30T11:18:45.702+0000] {processor.py:830} INFO - Processing file /home/airflow/.local/lib/python3.8/site-packages/airflow/example_dags/example_dag_decorator.py for tasks to queue
[2024-05-30T11:18:45.704+0000] {logging_mixin.py:188} INFO - [2024-05-30T11:18:45.704+0000] {dagbag.py:540} INFO - Filling up the DagBag from /home/airflow/.local/lib/python3.8/site-packages/airflow/example_dags/example_dag_decorator.py
[2024-05-30T11:18:45.834+0000] {processor.py:840} INFO - DAG(s) 'example_dag_decorator' retrieved from /home/airflow/.local/lib/python3.8/site-packages/airflow/example_dags/example_dag_decorator.py
[2024-05-30T11:18:45.995+0000] {logging_mixin.py:188} INFO - [2024-05-30T11:18:45.994+0000] {dag.py:3047} INFO - Sync 1 DAGs
[2024-05-30T11:18:46.015+0000] {logging_mixin.py:188} INFO - [2024-05-30T11:18:46.015+0000] {dag.py:3834} INFO - Setting next_dagrun for example_dag_decorator to None, run_after=None
[2024-05-30T11:18:46.054+0000] {processor.py:183} INFO - Processing /home/airflow/.local/lib/python3.8/site-packages/airflow/example_dags/example_dag_decorator.py took 0.357 seconds
[2024-05-30T11:19:16.698+0000] {processor.py:161} INFO - Started process (PID=473) to work on /home/airflow/.local/lib/python3.8/site-packages/airflow/example_dags/example_dag_decorator.py
[2024-05-30T11:19:16.699+0000] {processor.py:830} INFO - Processing file /home/airflow/.local/lib/python3.8/site-packages/airflow/example_dags/example_dag_decorator.py for tasks to queue
[2024-05-30T11:19:16.701+0000] {logging_mixin.py:188} INFO - [2024-05-30T11:19:16.701+0000] {dagbag.py:540} INFO - Filling up the DagBag from /home/airflow/.local/lib/python3.8/site-packages/airflow/example_dags/example_dag_decorator.py
[2024-05-30T11:19:16.849+0000] {processor.py:840} INFO - DAG(s) 'example_dag_decorator' retrieved from /home/airflow/.local/lib/python3.8/site-packages/airflow/example_dags/example_dag_decorator.py
[2024-05-30T11:19:16.985+0000] {logging_mixin.py:188} INFO - [2024-05-30T11:19:16.984+0000] {dag.py:3047} INFO - Sync 1 DAGs
[2024-05-30T11:19:17.001+0000] {logging_mixin.py:188} INFO - [2024-05-30T11:19:17.001+0000] {dag.py:3834} INFO - Setting next_dagrun for example_dag_decorator to None, run_after=None
[2024-05-30T11:19:17.029+0000] {processor.py:183} INFO - Processing /home/airflow/.local/lib/python3.8/site-packages/airflow/example_dags/example_dag_decorator.py took 0.335 seconds
[2024-05-30T11:19:47.415+0000] {processor.py:161} INFO - Started process (PID=530) to work on /home/airflow/.local/lib/python3.8/site-packages/airflow/example_dags/example_dag_decorator.py
[2024-05-30T11:19:47.417+0000] {processor.py:830} INFO - Processing file /home/airflow/.local/lib/python3.8/site-packages/airflow/example_dags/example_dag_decorator.py for tasks to queue
[2024-05-30T11:19:47.418+0000] {logging_mixin.py:188} INFO - [2024-05-30T11:19:47.418+0000] {dagbag.py:540} INFO - Filling up the DagBag from /home/airflow/.local/lib/python3.8/site-packages/airflow/example_dags/example_dag_decorator.py
[2024-05-30T11:19:47.554+0000] {processor.py:840} INFO - DAG(s) 'example_dag_decorator' retrieved from /home/airflow/.local/lib/python3.8/site-packages/airflow/example_dags/example_dag_decorator.py
[2024-05-30T11:19:47.679+0000] {logging_mixin.py:188} INFO - [2024-05-30T11:19:47.679+0000] {dag.py:3047} INFO - Sync 1 DAGs
[2024-05-30T11:19:47.691+0000] {logging_mixin.py:188} INFO - [2024-05-30T11:19:47.691+0000] {dag.py:3834} INFO - Setting next_dagrun for example_dag_decorator to None, run_after=None
[2024-05-30T11:19:47.716+0000] {processor.py:183} INFO - Processing /home/airflow/.local/lib/python3.8/site-packages/airflow/example_dags/example_dag_decorator.py took 0.304 seconds
[2024-05-30T11:20:18.198+0000] {processor.py:161} INFO - Started process (PID=585) to work on /home/airflow/.local/lib/python3.8/site-packages/airflow/example_dags/example_dag_decorator.py
[2024-05-30T11:20:18.199+0000] {processor.py:830} INFO - Processing file /home/airflow/.local/lib/python3.8/site-packages/airflow/example_dags/example_dag_decorator.py for tasks to queue
[2024-05-30T11:20:18.202+0000] {logging_mixin.py:188} INFO - [2024-05-30T11:20:18.202+0000] {dagbag.py:540} INFO - Filling up the DagBag from /home/airflow/.local/lib/python3.8/site-packages/airflow/example_dags/example_dag_decorator.py
[2024-05-30T11:20:18.371+0000] {processor.py:840} INFO - DAG(s) 'example_dag_decorator' retrieved from /home/airflow/.local/lib/python3.8/site-packages/airflow/example_dags/example_dag_decorator.py
[2024-05-30T11:20:18.565+0000] {logging_mixin.py:188} INFO - [2024-05-30T11:20:18.564+0000] {dag.py:3047} INFO - Sync 1 DAGs
[2024-05-30T11:20:18.585+0000] {logging_mixin.py:188} INFO - [2024-05-30T11:20:18.584+0000] {dag.py:3834} INFO - Setting next_dagrun for example_dag_decorator to None, run_after=None
[2024-05-30T11:20:18.632+0000] {processor.py:183} INFO - Processing /home/airflow/.local/lib/python3.8/site-packages/airflow/example_dags/example_dag_decorator.py took 0.439 seconds
[2024-05-30T11:20:49.060+0000] {processor.py:161} INFO - Started process (PID=640) to work on /home/airflow/.local/lib/python3.8/site-packages/airflow/example_dags/example_dag_decorator.py
[2024-05-30T11:20:49.062+0000] {processor.py:830} INFO - Processing file /home/airflow/.local/lib/python3.8/site-packages/airflow/example_dags/example_dag_decorator.py for tasks to queue
[2024-05-30T11:20:49.065+0000] {logging_mixin.py:188} INFO - [2024-05-30T11:20:49.065+0000] {dagbag.py:540} INFO - Filling up the DagBag from /home/airflow/.local/lib/python3.8/site-packages/airflow/example_dags/example_dag_decorator.py
[2024-05-30T11:20:49.268+0000] {processor.py:840} INFO - DAG(s) 'example_dag_decorator' retrieved from /home/airflow/.local/lib/python3.8/site-packages/airflow/example_dags/example_dag_decorator.py
[2024-05-30T11:20:49.509+0000] {logging_mixin.py:188} INFO - [2024-05-30T11:20:49.508+0000] {dag.py:3047} INFO - Sync 1 DAGs
[2024-05-30T11:20:49.549+0000] {logging_mixin.py:188} INFO - [2024-05-30T11:20:49.548+0000] {dag.py:3834} INFO - Setting next_dagrun for example_dag_decorator to None, run_after=None
[2024-05-30T11:20:49.597+0000] {processor.py:183} INFO - Processing /home/airflow/.local/lib/python3.8/site-packages/airflow/example_dags/example_dag_decorator.py took 0.543 seconds
[2024-05-30T11:21:19.947+0000] {processor.py:161} INFO - Started process (PID=698) to work on /home/airflow/.local/lib/python3.8/site-packages/airflow/example_dags/example_dag_decorator.py
[2024-05-30T11:21:19.948+0000] {processor.py:830} INFO - Processing file /home/airflow/.local/lib/python3.8/site-packages/airflow/example_dags/example_dag_decorator.py for tasks to queue
[2024-05-30T11:21:19.950+0000] {logging_mixin.py:188} INFO - [2024-05-30T11:21:19.949+0000] {dagbag.py:540} INFO - Filling up the DagBag from /home/airflow/.local/lib/python3.8/site-packages/airflow/example_dags/example_dag_decorator.py
[2024-05-30T11:21:20.057+0000] {processor.py:840} INFO - DAG(s) 'example_dag_decorator' retrieved from /home/airflow/.local/lib/python3.8/site-packages/airflow/example_dags/example_dag_decorator.py
[2024-05-30T11:21:20.255+0000] {logging_mixin.py:188} INFO - [2024-05-30T11:21:20.255+0000] {dag.py:3047} INFO - Sync 1 DAGs
[2024-05-30T11:21:20.277+0000] {logging_mixin.py:188} INFO - [2024-05-30T11:21:20.277+0000] {dag.py:3834} INFO - Setting next_dagrun for example_dag_decorator to None, run_after=None
[2024-05-30T11:21:20.311+0000] {processor.py:183} INFO - Processing /home/airflow/.local/lib/python3.8/site-packages/airflow/example_dags/example_dag_decorator.py took 0.367 seconds
[2024-05-30T11:21:50.766+0000] {processor.py:161} INFO - Started process (PID=756) to work on /home/airflow/.local/lib/python3.8/site-packages/airflow/example_dags/example_dag_decorator.py
[2024-05-30T11:21:50.767+0000] {processor.py:830} INFO - Processing file /home/airflow/.local/lib/python3.8/site-packages/airflow/example_dags/example_dag_decorator.py for tasks to queue
[2024-05-30T11:21:50.770+0000] {logging_mixin.py:188} INFO - [2024-05-30T11:21:50.769+0000] {dagbag.py:540} INFO - Filling up the DagBag from /home/airflow/.local/lib/python3.8/site-packages/airflow/example_dags/example_dag_decorator.py
[2024-05-30T11:21:50.910+0000] {processor.py:840} INFO - DAG(s) 'example_dag_decorator' retrieved from /home/airflow/.local/lib/python3.8/site-packages/airflow/example_dags/example_dag_decorator.py
[2024-05-30T11:21:51.050+0000] {logging_mixin.py:188} INFO - [2024-05-30T11:21:51.050+0000] {dag.py:3047} INFO - Sync 1 DAGs
[2024-05-30T11:21:51.067+0000] {logging_mixin.py:188} INFO - [2024-05-30T11:21:51.066+0000] {dag.py:3834} INFO - Setting next_dagrun for example_dag_decorator to None, run_after=None
[2024-05-30T11:21:51.100+0000] {processor.py:183} INFO - Processing /home/airflow/.local/lib/python3.8/site-packages/airflow/example_dags/example_dag_decorator.py took 0.337 seconds
[2024-05-30T11:22:21.270+0000] {processor.py:161} INFO - Started process (PID=815) to work on /home/airflow/.local/lib/python3.8/site-packages/airflow/example_dags/example_dag_decorator.py
[2024-05-30T11:22:21.271+0000] {processor.py:830} INFO - Processing file /home/airflow/.local/lib/python3.8/site-packages/airflow/example_dags/example_dag_decorator.py for tasks to queue
[2024-05-30T11:22:21.273+0000] {logging_mixin.py:188} INFO - [2024-05-30T11:22:21.272+0000] {dagbag.py:540} INFO - Filling up the DagBag from /home/airflow/.local/lib/python3.8/site-packages/airflow/example_dags/example_dag_decorator.py
[2024-05-30T11:22:21.397+0000] {processor.py:840} INFO - DAG(s) 'example_dag_decorator' retrieved from /home/airflow/.local/lib/python3.8/site-packages/airflow/example_dags/example_dag_decorator.py
[2024-05-30T11:22:21.522+0000] {logging_mixin.py:188} INFO - [2024-05-30T11:22:21.521+0000] {dag.py:3047} INFO - Sync 1 DAGs
[2024-05-30T11:22:21.541+0000] {logging_mixin.py:188} INFO - [2024-05-30T11:22:21.541+0000] {dag.py:3834} INFO - Setting next_dagrun for example_dag_decorator to None, run_after=None
[2024-05-30T11:22:21.572+0000] {processor.py:183} INFO - Processing /home/airflow/.local/lib/python3.8/site-packages/airflow/example_dags/example_dag_decorator.py took 0.304 seconds
[2024-05-30T11:22:51.898+0000] {processor.py:161} INFO - Started process (PID=872) to work on /home/airflow/.local/lib/python3.8/site-packages/airflow/example_dags/example_dag_decorator.py
[2024-05-30T11:22:51.900+0000] {processor.py:830} INFO - Processing file /home/airflow/.local/lib/python3.8/site-packages/airflow/example_dags/example_dag_decorator.py for tasks to queue
[2024-05-30T11:22:51.902+0000] {logging_mixin.py:188} INFO - [2024-05-30T11:22:51.901+0000] {dagbag.py:540} INFO - Filling up the DagBag from /home/airflow/.local/lib/python3.8/site-packages/airflow/example_dags/example_dag_decorator.py
[2024-05-30T11:22:52.032+0000] {processor.py:840} INFO - DAG(s) 'example_dag_decorator' retrieved from /home/airflow/.local/lib/python3.8/site-packages/airflow/example_dags/example_dag_decorator.py
[2024-05-30T11:22:52.149+0000] {logging_mixin.py:188} INFO - [2024-05-30T11:22:52.149+0000] {dag.py:3047} INFO - Sync 1 DAGs
[2024-05-30T11:22:52.163+0000] {logging_mixin.py:188} INFO - [2024-05-30T11:22:52.163+0000] {dag.py:3834} INFO - Setting next_dagrun for example_dag_decorator to None, run_after=None
[2024-05-30T11:22:52.192+0000] {processor.py:183} INFO - Processing /home/airflow/.local/lib/python3.8/site-packages/airflow/example_dags/example_dag_decorator.py took 0.296 seconds
[2024-05-30T11:23:22.266+0000] {processor.py:161} INFO - Started process (PID=925) to work on /home/airflow/.local/lib/python3.8/site-packages/airflow/example_dags/example_dag_decorator.py
[2024-05-30T11:23:22.267+0000] {processor.py:830} INFO - Processing file /home/airflow/.local/lib/python3.8/site-packages/airflow/example_dags/example_dag_decorator.py for tasks to queue
[2024-05-30T11:23:22.270+0000] {logging_mixin.py:188} INFO - [2024-05-30T11:23:22.269+0000] {dagbag.py:540} INFO - Filling up the DagBag from /home/airflow/.local/lib/python3.8/site-packages/airflow/example_dags/example_dag_decorator.py
[2024-05-30T11:23:22.422+0000] {processor.py:840} INFO - DAG(s) 'example_dag_decorator' retrieved from /home/airflow/.local/lib/python3.8/site-packages/airflow/example_dags/example_dag_decorator.py
[2024-05-30T11:23:22.592+0000] {logging_mixin.py:188} INFO - [2024-05-30T11:23:22.591+0000] {dag.py:3047} INFO - Sync 1 DAGs
[2024-05-30T11:23:22.622+0000] {logging_mixin.py:188} INFO - [2024-05-30T11:23:22.621+0000] {dag.py:3834} INFO - Setting next_dagrun for example_dag_decorator to None, run_after=None
[2024-05-30T11:23:22.711+0000] {processor.py:183} INFO - Processing /home/airflow/.local/lib/python3.8/site-packages/airflow/example_dags/example_dag_decorator.py took 0.449 seconds
[2024-05-30T11:23:53.241+0000] {processor.py:161} INFO - Started process (PID=982) to work on /home/airflow/.local/lib/python3.8/site-packages/airflow/example_dags/example_dag_decorator.py
[2024-05-30T11:23:53.243+0000] {processor.py:830} INFO - Processing file /home/airflow/.local/lib/python3.8/site-packages/airflow/example_dags/example_dag_decorator.py for tasks to queue
[2024-05-30T11:23:53.245+0000] {logging_mixin.py:188} INFO - [2024-05-30T11:23:53.245+0000] {dagbag.py:540} INFO - Filling up the DagBag from /home/airflow/.local/lib/python3.8/site-packages/airflow/example_dags/example_dag_decorator.py
[2024-05-30T11:23:53.457+0000] {processor.py:840} INFO - DAG(s) 'example_dag_decorator' retrieved from /home/airflow/.local/lib/python3.8/site-packages/airflow/example_dags/example_dag_decorator.py
[2024-05-30T11:23:53.660+0000] {logging_mixin.py:188} INFO - [2024-05-30T11:23:53.659+0000] {dag.py:3047} INFO - Sync 1 DAGs
[2024-05-30T11:23:53.679+0000] {logging_mixin.py:188} INFO - [2024-05-30T11:23:53.679+0000] {dag.py:3834} INFO - Setting next_dagrun for example_dag_decorator to None, run_after=None
[2024-05-30T11:23:53.714+0000] {processor.py:183} INFO - Processing /home/airflow/.local/lib/python3.8/site-packages/airflow/example_dags/example_dag_decorator.py took 0.477 seconds
[2024-05-30T11:24:24.272+0000] {processor.py:161} INFO - Started process (PID=1039) to work on /home/airflow/.local/lib/python3.8/site-packages/airflow/example_dags/example_dag_decorator.py
[2024-05-30T11:24:24.274+0000] {processor.py:830} INFO - Processing file /home/airflow/.local/lib/python3.8/site-packages/airflow/example_dags/example_dag_decorator.py for tasks to queue
[2024-05-30T11:24:24.277+0000] {logging_mixin.py:188} INFO - [2024-05-30T11:24:24.276+0000] {dagbag.py:540} INFO - Filling up the DagBag from /home/airflow/.local/lib/python3.8/site-packages/airflow/example_dags/example_dag_decorator.py
[2024-05-30T11:24:24.488+0000] {processor.py:840} INFO - DAG(s) 'example_dag_decorator' retrieved from /home/airflow/.local/lib/python3.8/site-packages/airflow/example_dags/example_dag_decorator.py
[2024-05-30T11:24:24.813+0000] {logging_mixin.py:188} INFO - [2024-05-30T11:24:24.812+0000] {dag.py:3047} INFO - Sync 1 DAGs
[2024-05-30T11:24:24.843+0000] {logging_mixin.py:188} INFO - [2024-05-30T11:24:24.843+0000] {dag.py:3834} INFO - Setting next_dagrun for example_dag_decorator to None, run_after=None
[2024-05-30T11:24:24.881+0000] {processor.py:183} INFO - Processing /home/airflow/.local/lib/python3.8/site-packages/airflow/example_dags/example_dag_decorator.py took 0.613 seconds
[2024-05-30T11:24:55.006+0000] {processor.py:161} INFO - Started process (PID=1096) to work on /home/airflow/.local/lib/python3.8/site-packages/airflow/example_dags/example_dag_decorator.py
[2024-05-30T11:24:55.008+0000] {processor.py:830} INFO - Processing file /home/airflow/.local/lib/python3.8/site-packages/airflow/example_dags/example_dag_decorator.py for tasks to queue
[2024-05-30T11:24:55.011+0000] {logging_mixin.py:188} INFO - [2024-05-30T11:24:55.011+0000] {dagbag.py:540} INFO - Filling up the DagBag from /home/airflow/.local/lib/python3.8/site-packages/airflow/example_dags/example_dag_decorator.py
[2024-05-30T11:24:55.192+0000] {processor.py:840} INFO - DAG(s) 'example_dag_decorator' retrieved from /home/airflow/.local/lib/python3.8/site-packages/airflow/example_dags/example_dag_decorator.py
[2024-05-30T11:24:55.394+0000] {logging_mixin.py:188} INFO - [2024-05-30T11:24:55.393+0000] {dag.py:3047} INFO - Sync 1 DAGs
[2024-05-30T11:24:55.417+0000] {logging_mixin.py:188} INFO - [2024-05-30T11:24:55.417+0000] {dag.py:3834} INFO - Setting next_dagrun for example_dag_decorator to None, run_after=None
[2024-05-30T11:24:55.458+0000] {processor.py:183} INFO - Processing /home/airflow/.local/lib/python3.8/site-packages/airflow/example_dags/example_dag_decorator.py took 0.457 seconds
[2024-05-30T11:25:26.184+0000] {processor.py:161} INFO - Started process (PID=1153) to work on /home/airflow/.local/lib/python3.8/site-packages/airflow/example_dags/example_dag_decorator.py
[2024-05-30T11:25:26.186+0000] {processor.py:830} INFO - Processing file /home/airflow/.local/lib/python3.8/site-packages/airflow/example_dags/example_dag_decorator.py for tasks to queue
[2024-05-30T11:25:26.189+0000] {logging_mixin.py:188} INFO - [2024-05-30T11:25:26.189+0000] {dagbag.py:540} INFO - Filling up the DagBag from /home/airflow/.local/lib/python3.8/site-packages/airflow/example_dags/example_dag_decorator.py
[2024-05-30T11:25:26.343+0000] {processor.py:840} INFO - DAG(s) 'example_dag_decorator' retrieved from /home/airflow/.local/lib/python3.8/site-packages/airflow/example_dags/example_dag_decorator.py
[2024-05-30T11:25:26.476+0000] {logging_mixin.py:188} INFO - [2024-05-30T11:25:26.476+0000] {dag.py:3047} INFO - Sync 1 DAGs
[2024-05-30T11:25:26.492+0000] {logging_mixin.py:188} INFO - [2024-05-30T11:25:26.492+0000] {dag.py:3834} INFO - Setting next_dagrun for example_dag_decorator to None, run_after=None
[2024-05-30T11:25:26.519+0000] {processor.py:183} INFO - Processing /home/airflow/.local/lib/python3.8/site-packages/airflow/example_dags/example_dag_decorator.py took 0.339 seconds
[2024-05-30T11:25:56.786+0000] {processor.py:161} INFO - Started process (PID=1210) to work on /home/airflow/.local/lib/python3.8/site-packages/airflow/example_dags/example_dag_decorator.py
[2024-05-30T11:25:56.789+0000] {processor.py:830} INFO - Processing file /home/airflow/.local/lib/python3.8/site-packages/airflow/example_dags/example_dag_decorator.py for tasks to queue
[2024-05-30T11:25:56.792+0000] {logging_mixin.py:188} INFO - [2024-05-30T11:25:56.792+0000] {dagbag.py:540} INFO - Filling up the DagBag from /home/airflow/.local/lib/python3.8/site-packages/airflow/example_dags/example_dag_decorator.py
[2024-05-30T11:25:57.047+0000] {processor.py:840} INFO - DAG(s) 'example_dag_decorator' retrieved from /home/airflow/.local/lib/python3.8/site-packages/airflow/example_dags/example_dag_decorator.py
[2024-05-30T11:25:57.379+0000] {logging_mixin.py:188} INFO - [2024-05-30T11:25:57.378+0000] {dag.py:3047} INFO - Sync 1 DAGs
[2024-05-30T11:25:57.414+0000] {logging_mixin.py:188} INFO - [2024-05-30T11:25:57.413+0000] {dag.py:3834} INFO - Setting next_dagrun for example_dag_decorator to None, run_after=None
[2024-05-30T11:25:57.445+0000] {processor.py:183} INFO - Processing /home/airflow/.local/lib/python3.8/site-packages/airflow/example_dags/example_dag_decorator.py took 0.667 seconds
[2024-05-30T11:26:27.731+0000] {processor.py:161} INFO - Started process (PID=1269) to work on /home/airflow/.local/lib/python3.8/site-packages/airflow/example_dags/example_dag_decorator.py
[2024-05-30T11:26:27.733+0000] {processor.py:830} INFO - Processing file /home/airflow/.local/lib/python3.8/site-packages/airflow/example_dags/example_dag_decorator.py for tasks to queue
[2024-05-30T11:26:27.736+0000] {logging_mixin.py:188} INFO - [2024-05-30T11:26:27.735+0000] {dagbag.py:540} INFO - Filling up the DagBag from /home/airflow/.local/lib/python3.8/site-packages/airflow/example_dags/example_dag_decorator.py
[2024-05-30T11:26:27.966+0000] {processor.py:840} INFO - DAG(s) 'example_dag_decorator' retrieved from /home/airflow/.local/lib/python3.8/site-packages/airflow/example_dags/example_dag_decorator.py
[2024-05-30T11:26:28.175+0000] {logging_mixin.py:188} INFO - [2024-05-30T11:26:28.174+0000] {dag.py:3047} INFO - Sync 1 DAGs
[2024-05-30T11:26:28.207+0000] {logging_mixin.py:188} INFO - [2024-05-30T11:26:28.207+0000] {dag.py:3834} INFO - Setting next_dagrun for example_dag_decorator to None, run_after=None
[2024-05-30T11:26:28.271+0000] {processor.py:183} INFO - Processing /home/airflow/.local/lib/python3.8/site-packages/airflow/example_dags/example_dag_decorator.py took 0.547 seconds
[2024-05-30T11:26:58.932+0000] {processor.py:161} INFO - Started process (PID=1326) to work on /home/airflow/.local/lib/python3.8/site-packages/airflow/example_dags/example_dag_decorator.py
[2024-05-30T11:26:58.934+0000] {processor.py:830} INFO - Processing file /home/airflow/.local/lib/python3.8/site-packages/airflow/example_dags/example_dag_decorator.py for tasks to queue
[2024-05-30T11:26:58.937+0000] {logging_mixin.py:188} INFO - [2024-05-30T11:26:58.936+0000] {dagbag.py:540} INFO - Filling up the DagBag from /home/airflow/.local/lib/python3.8/site-packages/airflow/example_dags/example_dag_decorator.py
[2024-05-30T11:26:59.069+0000] {processor.py:840} INFO - DAG(s) 'example_dag_decorator' retrieved from /home/airflow/.local/lib/python3.8/site-packages/airflow/example_dags/example_dag_decorator.py
[2024-05-30T11:26:59.247+0000] {logging_mixin.py:188} INFO - [2024-05-30T11:26:59.246+0000] {dag.py:3047} INFO - Sync 1 DAGs
[2024-05-30T11:26:59.269+0000] {logging_mixin.py:188} INFO - [2024-05-30T11:26:59.268+0000] {dag.py:3834} INFO - Setting next_dagrun for example_dag_decorator to None, run_after=None
[2024-05-30T11:26:59.307+0000] {processor.py:183} INFO - Processing /home/airflow/.local/lib/python3.8/site-packages/airflow/example_dags/example_dag_decorator.py took 0.381 seconds
[2024-05-30T11:27:29.869+0000] {processor.py:161} INFO - Started process (PID=1385) to work on /home/airflow/.local/lib/python3.8/site-packages/airflow/example_dags/example_dag_decorator.py
[2024-05-30T11:27:29.870+0000] {processor.py:830} INFO - Processing file /home/airflow/.local/lib/python3.8/site-packages/airflow/example_dags/example_dag_decorator.py for tasks to queue
[2024-05-30T11:27:29.873+0000] {logging_mixin.py:188} INFO - [2024-05-30T11:27:29.873+0000] {dagbag.py:540} INFO - Filling up the DagBag from /home/airflow/.local/lib/python3.8/site-packages/airflow/example_dags/example_dag_decorator.py
[2024-05-30T11:27:30.106+0000] {processor.py:840} INFO - DAG(s) 'example_dag_decorator' retrieved from /home/airflow/.local/lib/python3.8/site-packages/airflow/example_dags/example_dag_decorator.py
[2024-05-30T11:27:30.338+0000] {logging_mixin.py:188} INFO - [2024-05-30T11:27:30.337+0000] {dag.py:3047} INFO - Sync 1 DAGs
[2024-05-30T11:27:30.376+0000] {logging_mixin.py:188} INFO - [2024-05-30T11:27:30.375+0000] {dag.py:3834} INFO - Setting next_dagrun for example_dag_decorator to None, run_after=None
[2024-05-30T11:27:30.450+0000] {processor.py:183} INFO - Processing /home/airflow/.local/lib/python3.8/site-packages/airflow/example_dags/example_dag_decorator.py took 0.585 seconds
[2024-05-30T11:28:00.524+0000] {processor.py:161} INFO - Started process (PID=1444) to work on /home/airflow/.local/lib/python3.8/site-packages/airflow/example_dags/example_dag_decorator.py
[2024-05-30T11:28:00.526+0000] {processor.py:830} INFO - Processing file /home/airflow/.local/lib/python3.8/site-packages/airflow/example_dags/example_dag_decorator.py for tasks to queue
[2024-05-30T11:28:00.530+0000] {logging_mixin.py:188} INFO - [2024-05-30T11:28:00.529+0000] {dagbag.py:540} INFO - Filling up the DagBag from /home/airflow/.local/lib/python3.8/site-packages/airflow/example_dags/example_dag_decorator.py
[2024-05-30T11:28:00.834+0000] {processor.py:840} INFO - DAG(s) 'example_dag_decorator' retrieved from /home/airflow/.local/lib/python3.8/site-packages/airflow/example_dags/example_dag_decorator.py
[2024-05-30T11:28:01.041+0000] {logging_mixin.py:188} INFO - [2024-05-30T11:28:01.040+0000] {dag.py:3047} INFO - Sync 1 DAGs
[2024-05-30T11:28:01.060+0000] {logging_mixin.py:188} INFO - [2024-05-30T11:28:01.059+0000] {dag.py:3834} INFO - Setting next_dagrun for example_dag_decorator to None, run_after=None
[2024-05-30T11:28:01.096+0000] {processor.py:183} INFO - Processing /home/airflow/.local/lib/python3.8/site-packages/airflow/example_dags/example_dag_decorator.py took 0.578 seconds
[2024-05-30T11:28:31.957+0000] {processor.py:161} INFO - Started process (PID=1502) to work on /home/airflow/.local/lib/python3.8/site-packages/airflow/example_dags/example_dag_decorator.py
[2024-05-30T11:28:31.959+0000] {processor.py:830} INFO - Processing file /home/airflow/.local/lib/python3.8/site-packages/airflow/example_dags/example_dag_decorator.py for tasks to queue
[2024-05-30T11:28:31.962+0000] {logging_mixin.py:188} INFO - [2024-05-30T11:28:31.961+0000] {dagbag.py:540} INFO - Filling up the DagBag from /home/airflow/.local/lib/python3.8/site-packages/airflow/example_dags/example_dag_decorator.py
[2024-05-30T11:28:32.121+0000] {processor.py:840} INFO - DAG(s) 'example_dag_decorator' retrieved from /home/airflow/.local/lib/python3.8/site-packages/airflow/example_dags/example_dag_decorator.py
[2024-05-30T11:28:32.274+0000] {logging_mixin.py:188} INFO - [2024-05-30T11:28:32.273+0000] {dag.py:3047} INFO - Sync 1 DAGs
[2024-05-30T11:28:32.290+0000] {logging_mixin.py:188} INFO - [2024-05-30T11:28:32.290+0000] {dag.py:3834} INFO - Setting next_dagrun for example_dag_decorator to None, run_after=None
[2024-05-30T11:28:32.319+0000] {processor.py:183} INFO - Processing /home/airflow/.local/lib/python3.8/site-packages/airflow/example_dags/example_dag_decorator.py took 0.366 seconds
[2024-05-30T11:29:02.424+0000] {processor.py:161} INFO - Started process (PID=1559) to work on /home/airflow/.local/lib/python3.8/site-packages/airflow/example_dags/example_dag_decorator.py
[2024-05-30T11:29:02.425+0000] {processor.py:830} INFO - Processing file /home/airflow/.local/lib/python3.8/site-packages/airflow/example_dags/example_dag_decorator.py for tasks to queue
[2024-05-30T11:29:02.427+0000] {logging_mixin.py:188} INFO - [2024-05-30T11:29:02.427+0000] {dagbag.py:540} INFO - Filling up the DagBag from /home/airflow/.local/lib/python3.8/site-packages/airflow/example_dags/example_dag_decorator.py
[2024-05-30T11:29:02.581+0000] {processor.py:840} INFO - DAG(s) 'example_dag_decorator' retrieved from /home/airflow/.local/lib/python3.8/site-packages/airflow/example_dags/example_dag_decorator.py
[2024-05-30T11:29:02.613+0000] {logging_mixin.py:188} INFO - [2024-05-30T11:29:02.612+0000] {dag.py:3047} INFO - Sync 1 DAGs
[2024-05-30T11:29:02.627+0000] {logging_mixin.py:188} INFO - [2024-05-30T11:29:02.627+0000] {dag.py:3834} INFO - Setting next_dagrun for example_dag_decorator to None, run_after=None
[2024-05-30T11:29:02.654+0000] {processor.py:183} INFO - Processing /home/airflow/.local/lib/python3.8/site-packages/airflow/example_dags/example_dag_decorator.py took 0.233 seconds
[2024-05-30T11:29:32.741+0000] {processor.py:161} INFO - Started process (PID=1616) to work on /home/airflow/.local/lib/python3.8/site-packages/airflow/example_dags/example_dag_decorator.py
[2024-05-30T11:29:32.743+0000] {processor.py:830} INFO - Processing file /home/airflow/.local/lib/python3.8/site-packages/airflow/example_dags/example_dag_decorator.py for tasks to queue
[2024-05-30T11:29:32.745+0000] {logging_mixin.py:188} INFO - [2024-05-30T11:29:32.744+0000] {dagbag.py:540} INFO - Filling up the DagBag from /home/airflow/.local/lib/python3.8/site-packages/airflow/example_dags/example_dag_decorator.py
[2024-05-30T11:29:32.868+0000] {processor.py:840} INFO - DAG(s) 'example_dag_decorator' retrieved from /home/airflow/.local/lib/python3.8/site-packages/airflow/example_dags/example_dag_decorator.py
[2024-05-30T11:29:33.030+0000] {logging_mixin.py:188} INFO - [2024-05-30T11:29:33.030+0000] {dag.py:3047} INFO - Sync 1 DAGs
[2024-05-30T11:29:33.046+0000] {logging_mixin.py:188} INFO - [2024-05-30T11:29:33.046+0000] {dag.py:3834} INFO - Setting next_dagrun for example_dag_decorator to None, run_after=None
[2024-05-30T11:29:33.074+0000] {processor.py:183} INFO - Processing /home/airflow/.local/lib/python3.8/site-packages/airflow/example_dags/example_dag_decorator.py took 0.336 seconds
[2024-05-30T11:30:03.151+0000] {processor.py:161} INFO - Started process (PID=1673) to work on /home/airflow/.local/lib/python3.8/site-packages/airflow/example_dags/example_dag_decorator.py
[2024-05-30T11:30:03.153+0000] {processor.py:830} INFO - Processing file /home/airflow/.local/lib/python3.8/site-packages/airflow/example_dags/example_dag_decorator.py for tasks to queue
[2024-05-30T11:30:03.156+0000] {logging_mixin.py:188} INFO - [2024-05-30T11:30:03.155+0000] {dagbag.py:540} INFO - Filling up the DagBag from /home/airflow/.local/lib/python3.8/site-packages/airflow/example_dags/example_dag_decorator.py
[2024-05-30T11:30:03.297+0000] {processor.py:840} INFO - DAG(s) 'example_dag_decorator' retrieved from /home/airflow/.local/lib/python3.8/site-packages/airflow/example_dags/example_dag_decorator.py
[2024-05-30T11:30:03.340+0000] {logging_mixin.py:188} INFO - [2024-05-30T11:30:03.339+0000] {dag.py:3047} INFO - Sync 1 DAGs
[2024-05-30T11:30:03.356+0000] {logging_mixin.py:188} INFO - [2024-05-30T11:30:03.356+0000] {dag.py:3834} INFO - Setting next_dagrun for example_dag_decorator to None, run_after=None
[2024-05-30T11:30:03.385+0000] {processor.py:183} INFO - Processing /home/airflow/.local/lib/python3.8/site-packages/airflow/example_dags/example_dag_decorator.py took 0.239 seconds
[2024-05-30T11:30:33.507+0000] {processor.py:161} INFO - Started process (PID=1731) to work on /home/airflow/.local/lib/python3.8/site-packages/airflow/example_dags/example_dag_decorator.py
[2024-05-30T11:30:33.508+0000] {processor.py:830} INFO - Processing file /home/airflow/.local/lib/python3.8/site-packages/airflow/example_dags/example_dag_decorator.py for tasks to queue
[2024-05-30T11:30:33.512+0000] {logging_mixin.py:188} INFO - [2024-05-30T11:30:33.512+0000] {dagbag.py:540} INFO - Filling up the DagBag from /home/airflow/.local/lib/python3.8/site-packages/airflow/example_dags/example_dag_decorator.py
[2024-05-30T11:30:33.727+0000] {processor.py:840} INFO - DAG(s) 'example_dag_decorator' retrieved from /home/airflow/.local/lib/python3.8/site-packages/airflow/example_dags/example_dag_decorator.py
[2024-05-30T11:30:33.906+0000] {logging_mixin.py:188} INFO - [2024-05-30T11:30:33.905+0000] {dag.py:3047} INFO - Sync 1 DAGs
[2024-05-30T11:30:33.930+0000] {logging_mixin.py:188} INFO - [2024-05-30T11:30:33.929+0000] {dag.py:3834} INFO - Setting next_dagrun for example_dag_decorator to None, run_after=None
[2024-05-30T11:30:33.967+0000] {processor.py:183} INFO - Processing /home/airflow/.local/lib/python3.8/site-packages/airflow/example_dags/example_dag_decorator.py took 0.465 seconds
[2024-05-30T11:31:04.409+0000] {processor.py:161} INFO - Started process (PID=1787) to work on /home/airflow/.local/lib/python3.8/site-packages/airflow/example_dags/example_dag_decorator.py
[2024-05-30T11:31:04.411+0000] {processor.py:830} INFO - Processing file /home/airflow/.local/lib/python3.8/site-packages/airflow/example_dags/example_dag_decorator.py for tasks to queue
[2024-05-30T11:31:04.414+0000] {logging_mixin.py:188} INFO - [2024-05-30T11:31:04.414+0000] {dagbag.py:540} INFO - Filling up the DagBag from /home/airflow/.local/lib/python3.8/site-packages/airflow/example_dags/example_dag_decorator.py
[2024-05-30T11:31:04.583+0000] {processor.py:840} INFO - DAG(s) 'example_dag_decorator' retrieved from /home/airflow/.local/lib/python3.8/site-packages/airflow/example_dags/example_dag_decorator.py
[2024-05-30T11:31:04.822+0000] {logging_mixin.py:188} INFO - [2024-05-30T11:31:04.821+0000] {dag.py:3047} INFO - Sync 1 DAGs
[2024-05-30T11:31:04.853+0000] {logging_mixin.py:188} INFO - [2024-05-30T11:31:04.852+0000] {dag.py:3834} INFO - Setting next_dagrun for example_dag_decorator to None, run_after=None
[2024-05-30T11:31:04.888+0000] {processor.py:183} INFO - Processing /home/airflow/.local/lib/python3.8/site-packages/airflow/example_dags/example_dag_decorator.py took 0.483 seconds
[2024-05-30T11:31:35.369+0000] {processor.py:161} INFO - Started process (PID=1844) to work on /home/airflow/.local/lib/python3.8/site-packages/airflow/example_dags/example_dag_decorator.py
[2024-05-30T11:31:35.374+0000] {processor.py:830} INFO - Processing file /home/airflow/.local/lib/python3.8/site-packages/airflow/example_dags/example_dag_decorator.py for tasks to queue
[2024-05-30T11:31:35.377+0000] {logging_mixin.py:188} INFO - [2024-05-30T11:31:35.376+0000] {dagbag.py:540} INFO - Filling up the DagBag from /home/airflow/.local/lib/python3.8/site-packages/airflow/example_dags/example_dag_decorator.py
[2024-05-30T11:31:35.631+0000] {processor.py:840} INFO - DAG(s) 'example_dag_decorator' retrieved from /home/airflow/.local/lib/python3.8/site-packages/airflow/example_dags/example_dag_decorator.py
[2024-05-30T11:31:35.764+0000] {logging_mixin.py:188} INFO - [2024-05-30T11:31:35.763+0000] {dag.py:3047} INFO - Sync 1 DAGs
[2024-05-30T11:31:35.840+0000] {logging_mixin.py:188} INFO - [2024-05-30T11:31:35.839+0000] {dag.py:3834} INFO - Setting next_dagrun for example_dag_decorator to None, run_after=None
[2024-05-30T11:31:35.908+0000] {processor.py:183} INFO - Processing /home/airflow/.local/lib/python3.8/site-packages/airflow/example_dags/example_dag_decorator.py took 0.544 seconds
