[2024-05-30T11:15:38.984+0000] {processor.py:161} INFO - Started process (PID=44) to work on /home/airflow/.local/lib/python3.8/site-packages/airflow/example_dags/example_subdag_operator.py
[2024-05-30T11:15:38.986+0000] {processor.py:830} INFO - Processing file /home/airflow/.local/lib/python3.8/site-packages/airflow/example_dags/example_subdag_operator.py for tasks to queue
[2024-05-30T11:15:38.989+0000] {logging_mixin.py:188} INFO - [2024-05-30T11:15:38.988+0000] {dagbag.py:540} INFO - Filling up the DagBag from /home/airflow/.local/lib/python3.8/site-packages/airflow/example_dags/example_subdag_operator.py
[2024-05-30T11:15:39.039+0000] {processor.py:840} INFO - DAG(s) 'example_subdag_operator.section-1', 'example_subdag_operator.section-2', 'example_subdag_operator' retrieved from /home/airflow/.local/lib/python3.8/site-packages/airflow/example_dags/example_subdag_operator.py
[2024-05-30T11:15:39.070+0000] {logging_mixin.py:188} INFO - [2024-05-30T11:15:39.069+0000] {dag.py:3047} INFO - Sync 3 DAGs
[2024-05-30T11:15:39.097+0000] {logging_mixin.py:188} INFO - [2024-05-30T11:15:39.097+0000] {dag.py:3834} INFO - Setting next_dagrun for example_subdag_operator to 2022-01-01 00:00:00+00:00, run_after=2022-01-01 00:00:00+00:00
[2024-05-30T11:15:39.103+0000] {logging_mixin.py:188} INFO - [2024-05-30T11:15:39.103+0000] {dag.py:3834} INFO - Setting next_dagrun for example_subdag_operator.section-1 to None, run_after=None
[2024-05-30T11:15:39.107+0000] {logging_mixin.py:188} INFO - [2024-05-30T11:15:39.106+0000] {dag.py:3834} INFO - Setting next_dagrun for example_subdag_operator.section-2 to None, run_after=None
[2024-05-30T11:15:39.121+0000] {logging_mixin.py:188} INFO - [2024-05-30T11:15:39.121+0000] {dag.py:3047} INFO - Sync 2 DAGs
[2024-05-30T11:15:39.130+0000] {logging_mixin.py:188} INFO - [2024-05-30T11:15:39.130+0000] {dag.py:3834} INFO - Setting next_dagrun for example_subdag_operator.section-1 to None, run_after=None
[2024-05-30T11:15:39.132+0000] {logging_mixin.py:188} INFO - [2024-05-30T11:15:39.131+0000] {dag.py:3834} INFO - Setting next_dagrun for example_subdag_operator.section-2 to None, run_after=None
[2024-05-30T11:15:39.159+0000] {processor.py:183} INFO - Processing /home/airflow/.local/lib/python3.8/site-packages/airflow/example_dags/example_subdag_operator.py took 0.185 seconds
[2024-05-30T11:16:09.771+0000] {processor.py:161} INFO - Started process (PID=101) to work on /home/airflow/.local/lib/python3.8/site-packages/airflow/example_dags/example_subdag_operator.py
[2024-05-30T11:16:09.772+0000] {processor.py:830} INFO - Processing file /home/airflow/.local/lib/python3.8/site-packages/airflow/example_dags/example_subdag_operator.py for tasks to queue
[2024-05-30T11:16:09.774+0000] {logging_mixin.py:188} INFO - [2024-05-30T11:16:09.773+0000] {dagbag.py:540} INFO - Filling up the DagBag from /home/airflow/.local/lib/python3.8/site-packages/airflow/example_dags/example_subdag_operator.py
[2024-05-30T11:16:09.802+0000] {processor.py:840} INFO - DAG(s) 'example_subdag_operator.section-1', 'example_subdag_operator.section-2', 'example_subdag_operator' retrieved from /home/airflow/.local/lib/python3.8/site-packages/airflow/example_dags/example_subdag_operator.py
[2024-05-30T11:16:09.822+0000] {logging_mixin.py:188} INFO - [2024-05-30T11:16:09.822+0000] {dag.py:3047} INFO - Sync 3 DAGs
[2024-05-30T11:16:09.851+0000] {logging_mixin.py:188} INFO - [2024-05-30T11:16:09.851+0000] {dag.py:3834} INFO - Setting next_dagrun for example_subdag_operator to 2022-01-01 00:00:00+00:00, run_after=2022-01-01 00:00:00+00:00
[2024-05-30T11:16:09.856+0000] {logging_mixin.py:188} INFO - [2024-05-30T11:16:09.856+0000] {dag.py:3834} INFO - Setting next_dagrun for example_subdag_operator.section-1 to None, run_after=None
[2024-05-30T11:16:09.859+0000] {logging_mixin.py:188} INFO - [2024-05-30T11:16:09.858+0000] {dag.py:3834} INFO - Setting next_dagrun for example_subdag_operator.section-2 to None, run_after=None
[2024-05-30T11:16:09.868+0000] {logging_mixin.py:188} INFO - [2024-05-30T11:16:09.867+0000] {dag.py:3047} INFO - Sync 2 DAGs
[2024-05-30T11:16:09.875+0000] {logging_mixin.py:188} INFO - [2024-05-30T11:16:09.875+0000] {dag.py:3834} INFO - Setting next_dagrun for example_subdag_operator.section-1 to None, run_after=None
[2024-05-30T11:16:09.876+0000] {logging_mixin.py:188} INFO - [2024-05-30T11:16:09.876+0000] {dag.py:3834} INFO - Setting next_dagrun for example_subdag_operator.section-2 to None, run_after=None
[2024-05-30T11:16:09.908+0000] {processor.py:183} INFO - Processing /home/airflow/.local/lib/python3.8/site-packages/airflow/example_dags/example_subdag_operator.py took 0.140 seconds
[2024-05-30T11:16:39.982+0000] {processor.py:161} INFO - Started process (PID=157) to work on /home/airflow/.local/lib/python3.8/site-packages/airflow/example_dags/example_subdag_operator.py
[2024-05-30T11:16:39.983+0000] {processor.py:830} INFO - Processing file /home/airflow/.local/lib/python3.8/site-packages/airflow/example_dags/example_subdag_operator.py for tasks to queue
[2024-05-30T11:16:39.986+0000] {logging_mixin.py:188} INFO - [2024-05-30T11:16:39.985+0000] {dagbag.py:540} INFO - Filling up the DagBag from /home/airflow/.local/lib/python3.8/site-packages/airflow/example_dags/example_subdag_operator.py
[2024-05-30T11:16:40.026+0000] {processor.py:840} INFO - DAG(s) 'example_subdag_operator.section-1', 'example_subdag_operator.section-2', 'example_subdag_operator' retrieved from /home/airflow/.local/lib/python3.8/site-packages/airflow/example_dags/example_subdag_operator.py
[2024-05-30T11:16:40.064+0000] {logging_mixin.py:188} INFO - [2024-05-30T11:16:40.064+0000] {dag.py:3047} INFO - Sync 3 DAGs
[2024-05-30T11:16:40.127+0000] {logging_mixin.py:188} INFO - [2024-05-30T11:16:40.126+0000] {dag.py:3834} INFO - Setting next_dagrun for example_subdag_operator to 2022-01-01 00:00:00+00:00, run_after=2022-01-01 00:00:00+00:00
[2024-05-30T11:16:40.136+0000] {logging_mixin.py:188} INFO - [2024-05-30T11:16:40.136+0000] {dag.py:3834} INFO - Setting next_dagrun for example_subdag_operator.section-1 to None, run_after=None
[2024-05-30T11:16:40.143+0000] {logging_mixin.py:188} INFO - [2024-05-30T11:16:40.139+0000] {dag.py:3834} INFO - Setting next_dagrun for example_subdag_operator.section-2 to None, run_after=None
[2024-05-30T11:16:40.167+0000] {logging_mixin.py:188} INFO - [2024-05-30T11:16:40.167+0000] {dag.py:3047} INFO - Sync 2 DAGs
[2024-05-30T11:16:40.184+0000] {logging_mixin.py:188} INFO - [2024-05-30T11:16:40.183+0000] {dag.py:3834} INFO - Setting next_dagrun for example_subdag_operator.section-1 to None, run_after=None
[2024-05-30T11:16:40.190+0000] {logging_mixin.py:188} INFO - [2024-05-30T11:16:40.189+0000] {dag.py:3834} INFO - Setting next_dagrun for example_subdag_operator.section-2 to None, run_after=None
[2024-05-30T11:16:40.235+0000] {processor.py:183} INFO - Processing /home/airflow/.local/lib/python3.8/site-packages/airflow/example_dags/example_subdag_operator.py took 0.257 seconds
[2024-05-30T11:17:11.134+0000] {processor.py:161} INFO - Started process (PID=213) to work on /home/airflow/.local/lib/python3.8/site-packages/airflow/example_dags/example_subdag_operator.py
[2024-05-30T11:17:11.135+0000] {processor.py:830} INFO - Processing file /home/airflow/.local/lib/python3.8/site-packages/airflow/example_dags/example_subdag_operator.py for tasks to queue
[2024-05-30T11:17:11.139+0000] {logging_mixin.py:188} INFO - [2024-05-30T11:17:11.138+0000] {dagbag.py:540} INFO - Filling up the DagBag from /home/airflow/.local/lib/python3.8/site-packages/airflow/example_dags/example_subdag_operator.py
[2024-05-30T11:17:11.218+0000] {processor.py:840} INFO - DAG(s) 'example_subdag_operator.section-1', 'example_subdag_operator.section-2', 'example_subdag_operator' retrieved from /home/airflow/.local/lib/python3.8/site-packages/airflow/example_dags/example_subdag_operator.py
[2024-05-30T11:17:11.253+0000] {logging_mixin.py:188} INFO - [2024-05-30T11:17:11.252+0000] {dag.py:3047} INFO - Sync 3 DAGs
[2024-05-30T11:17:11.302+0000] {logging_mixin.py:188} INFO - [2024-05-30T11:17:11.301+0000] {dag.py:3834} INFO - Setting next_dagrun for example_subdag_operator to 2022-01-01 00:00:00+00:00, run_after=2022-01-01 00:00:00+00:00
[2024-05-30T11:17:11.313+0000] {logging_mixin.py:188} INFO - [2024-05-30T11:17:11.313+0000] {dag.py:3834} INFO - Setting next_dagrun for example_subdag_operator.section-1 to None, run_after=None
[2024-05-30T11:17:11.317+0000] {logging_mixin.py:188} INFO - [2024-05-30T11:17:11.317+0000] {dag.py:3834} INFO - Setting next_dagrun for example_subdag_operator.section-2 to None, run_after=None
[2024-05-30T11:17:11.331+0000] {logging_mixin.py:188} INFO - [2024-05-30T11:17:11.331+0000] {dag.py:3047} INFO - Sync 2 DAGs
[2024-05-30T11:17:11.342+0000] {logging_mixin.py:188} INFO - [2024-05-30T11:17:11.341+0000] {dag.py:3834} INFO - Setting next_dagrun for example_subdag_operator.section-1 to None, run_after=None
[2024-05-30T11:17:11.343+0000] {logging_mixin.py:188} INFO - [2024-05-30T11:17:11.343+0000] {dag.py:3834} INFO - Setting next_dagrun for example_subdag_operator.section-2 to None, run_after=None
[2024-05-30T11:17:11.365+0000] {processor.py:183} INFO - Processing /home/airflow/.local/lib/python3.8/site-packages/airflow/example_dags/example_subdag_operator.py took 0.236 seconds
[2024-05-30T11:17:41.456+0000] {processor.py:161} INFO - Started process (PID=271) to work on /home/airflow/.local/lib/python3.8/site-packages/airflow/example_dags/example_subdag_operator.py
[2024-05-30T11:17:41.457+0000] {processor.py:830} INFO - Processing file /home/airflow/.local/lib/python3.8/site-packages/airflow/example_dags/example_subdag_operator.py for tasks to queue
[2024-05-30T11:17:41.459+0000] {logging_mixin.py:188} INFO - [2024-05-30T11:17:41.459+0000] {dagbag.py:540} INFO - Filling up the DagBag from /home/airflow/.local/lib/python3.8/site-packages/airflow/example_dags/example_subdag_operator.py
[2024-05-30T11:17:41.484+0000] {processor.py:840} INFO - DAG(s) 'example_subdag_operator.section-1', 'example_subdag_operator.section-2', 'example_subdag_operator' retrieved from /home/airflow/.local/lib/python3.8/site-packages/airflow/example_dags/example_subdag_operator.py
[2024-05-30T11:17:41.502+0000] {logging_mixin.py:188} INFO - [2024-05-30T11:17:41.502+0000] {dag.py:3047} INFO - Sync 3 DAGs
[2024-05-30T11:17:41.526+0000] {logging_mixin.py:188} INFO - [2024-05-30T11:17:41.526+0000] {dag.py:3834} INFO - Setting next_dagrun for example_subdag_operator to 2022-01-01 00:00:00+00:00, run_after=2022-01-01 00:00:00+00:00
[2024-05-30T11:17:41.532+0000] {logging_mixin.py:188} INFO - [2024-05-30T11:17:41.531+0000] {dag.py:3834} INFO - Setting next_dagrun for example_subdag_operator.section-1 to None, run_after=None
[2024-05-30T11:17:41.534+0000] {logging_mixin.py:188} INFO - [2024-05-30T11:17:41.534+0000] {dag.py:3834} INFO - Setting next_dagrun for example_subdag_operator.section-2 to None, run_after=None
[2024-05-30T11:17:41.542+0000] {logging_mixin.py:188} INFO - [2024-05-30T11:17:41.542+0000] {dag.py:3047} INFO - Sync 2 DAGs
[2024-05-30T11:17:41.549+0000] {logging_mixin.py:188} INFO - [2024-05-30T11:17:41.549+0000] {dag.py:3834} INFO - Setting next_dagrun for example_subdag_operator.section-1 to None, run_after=None
[2024-05-30T11:17:41.550+0000] {logging_mixin.py:188} INFO - [2024-05-30T11:17:41.550+0000] {dag.py:3834} INFO - Setting next_dagrun for example_subdag_operator.section-2 to None, run_after=None
[2024-05-30T11:17:41.574+0000] {processor.py:183} INFO - Processing /home/airflow/.local/lib/python3.8/site-packages/airflow/example_dags/example_subdag_operator.py took 0.120 seconds
[2024-05-30T11:18:11.903+0000] {processor.py:161} INFO - Started process (PID=327) to work on /home/airflow/.local/lib/python3.8/site-packages/airflow/example_dags/example_subdag_operator.py
[2024-05-30T11:18:11.904+0000] {processor.py:830} INFO - Processing file /home/airflow/.local/lib/python3.8/site-packages/airflow/example_dags/example_subdag_operator.py for tasks to queue
[2024-05-30T11:18:11.906+0000] {logging_mixin.py:188} INFO - [2024-05-30T11:18:11.906+0000] {dagbag.py:540} INFO - Filling up the DagBag from /home/airflow/.local/lib/python3.8/site-packages/airflow/example_dags/example_subdag_operator.py
[2024-05-30T11:18:11.930+0000] {processor.py:840} INFO - DAG(s) 'example_subdag_operator.section-1', 'example_subdag_operator.section-2', 'example_subdag_operator' retrieved from /home/airflow/.local/lib/python3.8/site-packages/airflow/example_dags/example_subdag_operator.py
[2024-05-30T11:18:11.952+0000] {logging_mixin.py:188} INFO - [2024-05-30T11:18:11.952+0000] {dag.py:3047} INFO - Sync 3 DAGs
[2024-05-30T11:18:11.985+0000] {logging_mixin.py:188} INFO - [2024-05-30T11:18:11.985+0000] {dag.py:3834} INFO - Setting next_dagrun for example_subdag_operator to 2022-01-01 00:00:00+00:00, run_after=2022-01-01 00:00:00+00:00
[2024-05-30T11:18:11.990+0000] {logging_mixin.py:188} INFO - [2024-05-30T11:18:11.990+0000] {dag.py:3834} INFO - Setting next_dagrun for example_subdag_operator.section-1 to None, run_after=None
[2024-05-30T11:18:11.993+0000] {logging_mixin.py:188} INFO - [2024-05-30T11:18:11.993+0000] {dag.py:3834} INFO - Setting next_dagrun for example_subdag_operator.section-2 to None, run_after=None
[2024-05-30T11:18:12.005+0000] {logging_mixin.py:188} INFO - [2024-05-30T11:18:12.005+0000] {dag.py:3047} INFO - Sync 2 DAGs
[2024-05-30T11:18:12.013+0000] {logging_mixin.py:188} INFO - [2024-05-30T11:18:12.013+0000] {dag.py:3834} INFO - Setting next_dagrun for example_subdag_operator.section-1 to None, run_after=None
[2024-05-30T11:18:12.014+0000] {logging_mixin.py:188} INFO - [2024-05-30T11:18:12.014+0000] {dag.py:3834} INFO - Setting next_dagrun for example_subdag_operator.section-2 to None, run_after=None
[2024-05-30T11:18:12.031+0000] {processor.py:183} INFO - Processing /home/airflow/.local/lib/python3.8/site-packages/airflow/example_dags/example_subdag_operator.py took 0.131 seconds
[2024-05-30T11:18:42.178+0000] {processor.py:161} INFO - Started process (PID=384) to work on /home/airflow/.local/lib/python3.8/site-packages/airflow/example_dags/example_subdag_operator.py
[2024-05-30T11:18:42.180+0000] {processor.py:830} INFO - Processing file /home/airflow/.local/lib/python3.8/site-packages/airflow/example_dags/example_subdag_operator.py for tasks to queue
[2024-05-30T11:18:42.182+0000] {logging_mixin.py:188} INFO - [2024-05-30T11:18:42.181+0000] {dagbag.py:540} INFO - Filling up the DagBag from /home/airflow/.local/lib/python3.8/site-packages/airflow/example_dags/example_subdag_operator.py
[2024-05-30T11:18:42.231+0000] {processor.py:840} INFO - DAG(s) 'example_subdag_operator.section-1', 'example_subdag_operator.section-2', 'example_subdag_operator' retrieved from /home/airflow/.local/lib/python3.8/site-packages/airflow/example_dags/example_subdag_operator.py
[2024-05-30T11:18:42.262+0000] {logging_mixin.py:188} INFO - [2024-05-30T11:18:42.261+0000] {dag.py:3047} INFO - Sync 3 DAGs
[2024-05-30T11:18:42.292+0000] {logging_mixin.py:188} INFO - [2024-05-30T11:18:42.292+0000] {dag.py:3834} INFO - Setting next_dagrun for example_subdag_operator to 2022-01-01 00:00:00+00:00, run_after=2022-01-01 00:00:00+00:00
[2024-05-30T11:18:42.298+0000] {logging_mixin.py:188} INFO - [2024-05-30T11:18:42.297+0000] {dag.py:3834} INFO - Setting next_dagrun for example_subdag_operator.section-1 to None, run_after=None
[2024-05-30T11:18:42.300+0000] {logging_mixin.py:188} INFO - [2024-05-30T11:18:42.300+0000] {dag.py:3834} INFO - Setting next_dagrun for example_subdag_operator.section-2 to None, run_after=None
[2024-05-30T11:18:42.312+0000] {logging_mixin.py:188} INFO - [2024-05-30T11:18:42.312+0000] {dag.py:3047} INFO - Sync 2 DAGs
[2024-05-30T11:18:42.320+0000] {logging_mixin.py:188} INFO - [2024-05-30T11:18:42.320+0000] {dag.py:3834} INFO - Setting next_dagrun for example_subdag_operator.section-1 to None, run_after=None
[2024-05-30T11:18:42.322+0000] {logging_mixin.py:188} INFO - [2024-05-30T11:18:42.321+0000] {dag.py:3834} INFO - Setting next_dagrun for example_subdag_operator.section-2 to None, run_after=None
[2024-05-30T11:18:42.338+0000] {processor.py:183} INFO - Processing /home/airflow/.local/lib/python3.8/site-packages/airflow/example_dags/example_subdag_operator.py took 0.164 seconds
[2024-05-30T11:19:12.662+0000] {processor.py:161} INFO - Started process (PID=441) to work on /home/airflow/.local/lib/python3.8/site-packages/airflow/example_dags/example_subdag_operator.py
[2024-05-30T11:19:12.663+0000] {processor.py:830} INFO - Processing file /home/airflow/.local/lib/python3.8/site-packages/airflow/example_dags/example_subdag_operator.py for tasks to queue
[2024-05-30T11:19:12.665+0000] {logging_mixin.py:188} INFO - [2024-05-30T11:19:12.665+0000] {dagbag.py:540} INFO - Filling up the DagBag from /home/airflow/.local/lib/python3.8/site-packages/airflow/example_dags/example_subdag_operator.py
[2024-05-30T11:19:12.698+0000] {processor.py:840} INFO - DAG(s) 'example_subdag_operator.section-1', 'example_subdag_operator.section-2', 'example_subdag_operator' retrieved from /home/airflow/.local/lib/python3.8/site-packages/airflow/example_dags/example_subdag_operator.py
[2024-05-30T11:19:12.722+0000] {logging_mixin.py:188} INFO - [2024-05-30T11:19:12.721+0000] {dag.py:3047} INFO - Sync 3 DAGs
[2024-05-30T11:19:12.752+0000] {logging_mixin.py:188} INFO - [2024-05-30T11:19:12.752+0000] {dag.py:3834} INFO - Setting next_dagrun for example_subdag_operator to 2022-01-01 00:00:00+00:00, run_after=2022-01-01 00:00:00+00:00
[2024-05-30T11:19:12.763+0000] {logging_mixin.py:188} INFO - [2024-05-30T11:19:12.762+0000] {dag.py:3834} INFO - Setting next_dagrun for example_subdag_operator.section-1 to None, run_after=None
[2024-05-30T11:19:12.766+0000] {logging_mixin.py:188} INFO - [2024-05-30T11:19:12.766+0000] {dag.py:3834} INFO - Setting next_dagrun for example_subdag_operator.section-2 to None, run_after=None
[2024-05-30T11:19:12.781+0000] {logging_mixin.py:188} INFO - [2024-05-30T11:19:12.781+0000] {dag.py:3047} INFO - Sync 2 DAGs
[2024-05-30T11:19:12.792+0000] {logging_mixin.py:188} INFO - [2024-05-30T11:19:12.792+0000] {dag.py:3834} INFO - Setting next_dagrun for example_subdag_operator.section-1 to None, run_after=None
[2024-05-30T11:19:12.794+0000] {logging_mixin.py:188} INFO - [2024-05-30T11:19:12.793+0000] {dag.py:3834} INFO - Setting next_dagrun for example_subdag_operator.section-2 to None, run_after=None
[2024-05-30T11:19:12.813+0000] {processor.py:183} INFO - Processing /home/airflow/.local/lib/python3.8/site-packages/airflow/example_dags/example_subdag_operator.py took 0.154 seconds
[2024-05-30T11:19:43.258+0000] {processor.py:161} INFO - Started process (PID=498) to work on /home/airflow/.local/lib/python3.8/site-packages/airflow/example_dags/example_subdag_operator.py
[2024-05-30T11:19:43.259+0000] {processor.py:830} INFO - Processing file /home/airflow/.local/lib/python3.8/site-packages/airflow/example_dags/example_subdag_operator.py for tasks to queue
[2024-05-30T11:19:43.261+0000] {logging_mixin.py:188} INFO - [2024-05-30T11:19:43.260+0000] {dagbag.py:540} INFO - Filling up the DagBag from /home/airflow/.local/lib/python3.8/site-packages/airflow/example_dags/example_subdag_operator.py
[2024-05-30T11:19:43.287+0000] {processor.py:840} INFO - DAG(s) 'example_subdag_operator.section-1', 'example_subdag_operator.section-2', 'example_subdag_operator' retrieved from /home/airflow/.local/lib/python3.8/site-packages/airflow/example_dags/example_subdag_operator.py
[2024-05-30T11:19:43.307+0000] {logging_mixin.py:188} INFO - [2024-05-30T11:19:43.307+0000] {dag.py:3047} INFO - Sync 3 DAGs
[2024-05-30T11:19:43.334+0000] {logging_mixin.py:188} INFO - [2024-05-30T11:19:43.333+0000] {dag.py:3834} INFO - Setting next_dagrun for example_subdag_operator to 2022-01-01 00:00:00+00:00, run_after=2022-01-01 00:00:00+00:00
[2024-05-30T11:19:43.339+0000] {logging_mixin.py:188} INFO - [2024-05-30T11:19:43.338+0000] {dag.py:3834} INFO - Setting next_dagrun for example_subdag_operator.section-1 to None, run_after=None
[2024-05-30T11:19:43.341+0000] {logging_mixin.py:188} INFO - [2024-05-30T11:19:43.341+0000] {dag.py:3834} INFO - Setting next_dagrun for example_subdag_operator.section-2 to None, run_after=None
[2024-05-30T11:19:43.351+0000] {logging_mixin.py:188} INFO - [2024-05-30T11:19:43.351+0000] {dag.py:3047} INFO - Sync 2 DAGs
[2024-05-30T11:19:43.359+0000] {logging_mixin.py:188} INFO - [2024-05-30T11:19:43.359+0000] {dag.py:3834} INFO - Setting next_dagrun for example_subdag_operator.section-1 to None, run_after=None
[2024-05-30T11:19:43.360+0000] {logging_mixin.py:188} INFO - [2024-05-30T11:19:43.360+0000] {dag.py:3834} INFO - Setting next_dagrun for example_subdag_operator.section-2 to None, run_after=None
[2024-05-30T11:19:43.375+0000] {processor.py:183} INFO - Processing /home/airflow/.local/lib/python3.8/site-packages/airflow/example_dags/example_subdag_operator.py took 0.120 seconds
[2024-05-30T11:20:13.676+0000] {processor.py:161} INFO - Started process (PID=555) to work on /home/airflow/.local/lib/python3.8/site-packages/airflow/example_dags/example_subdag_operator.py
[2024-05-30T11:20:13.678+0000] {processor.py:830} INFO - Processing file /home/airflow/.local/lib/python3.8/site-packages/airflow/example_dags/example_subdag_operator.py for tasks to queue
[2024-05-30T11:20:13.684+0000] {logging_mixin.py:188} INFO - [2024-05-30T11:20:13.682+0000] {dagbag.py:540} INFO - Filling up the DagBag from /home/airflow/.local/lib/python3.8/site-packages/airflow/example_dags/example_subdag_operator.py
[2024-05-30T11:20:13.747+0000] {processor.py:840} INFO - DAG(s) 'example_subdag_operator.section-1', 'example_subdag_operator.section-2', 'example_subdag_operator' retrieved from /home/airflow/.local/lib/python3.8/site-packages/airflow/example_dags/example_subdag_operator.py
[2024-05-30T11:20:13.809+0000] {logging_mixin.py:188} INFO - [2024-05-30T11:20:13.809+0000] {dag.py:3047} INFO - Sync 3 DAGs
[2024-05-30T11:20:13.879+0000] {logging_mixin.py:188} INFO - [2024-05-30T11:20:13.879+0000] {dag.py:3834} INFO - Setting next_dagrun for example_subdag_operator to 2022-01-01 00:00:00+00:00, run_after=2022-01-01 00:00:00+00:00
[2024-05-30T11:20:13.894+0000] {logging_mixin.py:188} INFO - [2024-05-30T11:20:13.891+0000] {dag.py:3834} INFO - Setting next_dagrun for example_subdag_operator.section-1 to None, run_after=None
[2024-05-30T11:20:13.898+0000] {logging_mixin.py:188} INFO - [2024-05-30T11:20:13.898+0000] {dag.py:3834} INFO - Setting next_dagrun for example_subdag_operator.section-2 to None, run_after=None
[2024-05-30T11:20:13.926+0000] {logging_mixin.py:188} INFO - [2024-05-30T11:20:13.924+0000] {dag.py:3047} INFO - Sync 2 DAGs
[2024-05-30T11:20:13.940+0000] {logging_mixin.py:188} INFO - [2024-05-30T11:20:13.939+0000] {dag.py:3834} INFO - Setting next_dagrun for example_subdag_operator.section-1 to None, run_after=None
[2024-05-30T11:20:13.941+0000] {logging_mixin.py:188} INFO - [2024-05-30T11:20:13.941+0000] {dag.py:3834} INFO - Setting next_dagrun for example_subdag_operator.section-2 to None, run_after=None
[2024-05-30T11:20:13.972+0000] {processor.py:183} INFO - Processing /home/airflow/.local/lib/python3.8/site-packages/airflow/example_dags/example_subdag_operator.py took 0.300 seconds
[2024-05-30T11:20:44.090+0000] {processor.py:161} INFO - Started process (PID=613) to work on /home/airflow/.local/lib/python3.8/site-packages/airflow/example_dags/example_subdag_operator.py
[2024-05-30T11:20:44.091+0000] {processor.py:830} INFO - Processing file /home/airflow/.local/lib/python3.8/site-packages/airflow/example_dags/example_subdag_operator.py for tasks to queue
[2024-05-30T11:20:44.093+0000] {logging_mixin.py:188} INFO - [2024-05-30T11:20:44.092+0000] {dagbag.py:540} INFO - Filling up the DagBag from /home/airflow/.local/lib/python3.8/site-packages/airflow/example_dags/example_subdag_operator.py
[2024-05-30T11:20:44.119+0000] {processor.py:840} INFO - DAG(s) 'example_subdag_operator.section-1', 'example_subdag_operator.section-2', 'example_subdag_operator' retrieved from /home/airflow/.local/lib/python3.8/site-packages/airflow/example_dags/example_subdag_operator.py
[2024-05-30T11:20:44.142+0000] {logging_mixin.py:188} INFO - [2024-05-30T11:20:44.141+0000] {dag.py:3047} INFO - Sync 3 DAGs
[2024-05-30T11:20:44.167+0000] {logging_mixin.py:188} INFO - [2024-05-30T11:20:44.167+0000] {dag.py:3834} INFO - Setting next_dagrun for example_subdag_operator to 2022-01-01 00:00:00+00:00, run_after=2022-01-01 00:00:00+00:00
[2024-05-30T11:20:44.172+0000] {logging_mixin.py:188} INFO - [2024-05-30T11:20:44.172+0000] {dag.py:3834} INFO - Setting next_dagrun for example_subdag_operator.section-1 to None, run_after=None
[2024-05-30T11:20:44.175+0000] {logging_mixin.py:188} INFO - [2024-05-30T11:20:44.174+0000] {dag.py:3834} INFO - Setting next_dagrun for example_subdag_operator.section-2 to None, run_after=None
[2024-05-30T11:20:44.184+0000] {logging_mixin.py:188} INFO - [2024-05-30T11:20:44.184+0000] {dag.py:3047} INFO - Sync 2 DAGs
[2024-05-30T11:20:44.191+0000] {logging_mixin.py:188} INFO - [2024-05-30T11:20:44.191+0000] {dag.py:3834} INFO - Setting next_dagrun for example_subdag_operator.section-1 to None, run_after=None
[2024-05-30T11:20:44.192+0000] {logging_mixin.py:188} INFO - [2024-05-30T11:20:44.192+0000] {dag.py:3834} INFO - Setting next_dagrun for example_subdag_operator.section-2 to None, run_after=None
[2024-05-30T11:20:44.209+0000] {processor.py:183} INFO - Processing /home/airflow/.local/lib/python3.8/site-packages/airflow/example_dags/example_subdag_operator.py took 0.122 seconds
[2024-05-30T11:21:14.410+0000] {processor.py:161} INFO - Started process (PID=669) to work on /home/airflow/.local/lib/python3.8/site-packages/airflow/example_dags/example_subdag_operator.py
[2024-05-30T11:21:14.412+0000] {processor.py:830} INFO - Processing file /home/airflow/.local/lib/python3.8/site-packages/airflow/example_dags/example_subdag_operator.py for tasks to queue
[2024-05-30T11:21:14.414+0000] {logging_mixin.py:188} INFO - [2024-05-30T11:21:14.413+0000] {dagbag.py:540} INFO - Filling up the DagBag from /home/airflow/.local/lib/python3.8/site-packages/airflow/example_dags/example_subdag_operator.py
[2024-05-30T11:21:14.438+0000] {processor.py:840} INFO - DAG(s) 'example_subdag_operator.section-1', 'example_subdag_operator.section-2', 'example_subdag_operator' retrieved from /home/airflow/.local/lib/python3.8/site-packages/airflow/example_dags/example_subdag_operator.py
[2024-05-30T11:21:14.457+0000] {logging_mixin.py:188} INFO - [2024-05-30T11:21:14.457+0000] {dag.py:3047} INFO - Sync 3 DAGs
[2024-05-30T11:21:14.485+0000] {logging_mixin.py:188} INFO - [2024-05-30T11:21:14.484+0000] {dag.py:3834} INFO - Setting next_dagrun for example_subdag_operator to 2022-01-01 00:00:00+00:00, run_after=2022-01-01 00:00:00+00:00
[2024-05-30T11:21:14.492+0000] {logging_mixin.py:188} INFO - [2024-05-30T11:21:14.492+0000] {dag.py:3834} INFO - Setting next_dagrun for example_subdag_operator.section-1 to None, run_after=None
[2024-05-30T11:21:14.496+0000] {logging_mixin.py:188} INFO - [2024-05-30T11:21:14.495+0000] {dag.py:3834} INFO - Setting next_dagrun for example_subdag_operator.section-2 to None, run_after=None
[2024-05-30T11:21:14.512+0000] {logging_mixin.py:188} INFO - [2024-05-30T11:21:14.512+0000] {dag.py:3047} INFO - Sync 2 DAGs
[2024-05-30T11:21:14.522+0000] {logging_mixin.py:188} INFO - [2024-05-30T11:21:14.522+0000] {dag.py:3834} INFO - Setting next_dagrun for example_subdag_operator.section-1 to None, run_after=None
[2024-05-30T11:21:14.523+0000] {logging_mixin.py:188} INFO - [2024-05-30T11:21:14.523+0000] {dag.py:3834} INFO - Setting next_dagrun for example_subdag_operator.section-2 to None, run_after=None
[2024-05-30T11:21:14.544+0000] {processor.py:183} INFO - Processing /home/airflow/.local/lib/python3.8/site-packages/airflow/example_dags/example_subdag_operator.py took 0.135 seconds
[2024-05-30T11:21:44.906+0000] {processor.py:161} INFO - Started process (PID=726) to work on /home/airflow/.local/lib/python3.8/site-packages/airflow/example_dags/example_subdag_operator.py
[2024-05-30T11:21:44.908+0000] {processor.py:830} INFO - Processing file /home/airflow/.local/lib/python3.8/site-packages/airflow/example_dags/example_subdag_operator.py for tasks to queue
[2024-05-30T11:21:44.911+0000] {logging_mixin.py:188} INFO - [2024-05-30T11:21:44.910+0000] {dagbag.py:540} INFO - Filling up the DagBag from /home/airflow/.local/lib/python3.8/site-packages/airflow/example_dags/example_subdag_operator.py
[2024-05-30T11:21:44.955+0000] {processor.py:840} INFO - DAG(s) 'example_subdag_operator.section-1', 'example_subdag_operator.section-2', 'example_subdag_operator' retrieved from /home/airflow/.local/lib/python3.8/site-packages/airflow/example_dags/example_subdag_operator.py
[2024-05-30T11:21:44.991+0000] {logging_mixin.py:188} INFO - [2024-05-30T11:21:44.990+0000] {dag.py:3047} INFO - Sync 3 DAGs
[2024-05-30T11:21:45.034+0000] {logging_mixin.py:188} INFO - [2024-05-30T11:21:45.034+0000] {dag.py:3834} INFO - Setting next_dagrun for example_subdag_operator to 2022-01-01 00:00:00+00:00, run_after=2022-01-01 00:00:00+00:00
[2024-05-30T11:21:45.044+0000] {logging_mixin.py:188} INFO - [2024-05-30T11:21:45.043+0000] {dag.py:3834} INFO - Setting next_dagrun for example_subdag_operator.section-1 to None, run_after=None
[2024-05-30T11:21:45.051+0000] {logging_mixin.py:188} INFO - [2024-05-30T11:21:45.050+0000] {dag.py:3834} INFO - Setting next_dagrun for example_subdag_operator.section-2 to None, run_after=None
[2024-05-30T11:21:45.076+0000] {logging_mixin.py:188} INFO - [2024-05-30T11:21:45.075+0000] {dag.py:3047} INFO - Sync 2 DAGs
[2024-05-30T11:21:45.095+0000] {logging_mixin.py:188} INFO - [2024-05-30T11:21:45.094+0000] {dag.py:3834} INFO - Setting next_dagrun for example_subdag_operator.section-1 to None, run_after=None
[2024-05-30T11:21:45.096+0000] {logging_mixin.py:188} INFO - [2024-05-30T11:21:45.096+0000] {dag.py:3834} INFO - Setting next_dagrun for example_subdag_operator.section-2 to None, run_after=None
[2024-05-30T11:21:45.128+0000] {processor.py:183} INFO - Processing /home/airflow/.local/lib/python3.8/site-packages/airflow/example_dags/example_subdag_operator.py took 0.226 seconds
[2024-05-30T11:22:15.240+0000] {processor.py:161} INFO - Started process (PID=783) to work on /home/airflow/.local/lib/python3.8/site-packages/airflow/example_dags/example_subdag_operator.py
[2024-05-30T11:22:15.242+0000] {processor.py:830} INFO - Processing file /home/airflow/.local/lib/python3.8/site-packages/airflow/example_dags/example_subdag_operator.py for tasks to queue
[2024-05-30T11:22:15.245+0000] {logging_mixin.py:188} INFO - [2024-05-30T11:22:15.244+0000] {dagbag.py:540} INFO - Filling up the DagBag from /home/airflow/.local/lib/python3.8/site-packages/airflow/example_dags/example_subdag_operator.py
[2024-05-30T11:22:15.281+0000] {processor.py:840} INFO - DAG(s) 'example_subdag_operator.section-1', 'example_subdag_operator.section-2', 'example_subdag_operator' retrieved from /home/airflow/.local/lib/python3.8/site-packages/airflow/example_dags/example_subdag_operator.py
[2024-05-30T11:22:15.300+0000] {logging_mixin.py:188} INFO - [2024-05-30T11:22:15.300+0000] {dag.py:3047} INFO - Sync 3 DAGs
[2024-05-30T11:22:15.327+0000] {logging_mixin.py:188} INFO - [2024-05-30T11:22:15.326+0000] {dag.py:3834} INFO - Setting next_dagrun for example_subdag_operator to 2022-01-01 00:00:00+00:00, run_after=2022-01-01 00:00:00+00:00
[2024-05-30T11:22:15.332+0000] {logging_mixin.py:188} INFO - [2024-05-30T11:22:15.332+0000] {dag.py:3834} INFO - Setting next_dagrun for example_subdag_operator.section-1 to None, run_after=None
[2024-05-30T11:22:15.335+0000] {logging_mixin.py:188} INFO - [2024-05-30T11:22:15.334+0000] {dag.py:3834} INFO - Setting next_dagrun for example_subdag_operator.section-2 to None, run_after=None
[2024-05-30T11:22:15.348+0000] {logging_mixin.py:188} INFO - [2024-05-30T11:22:15.348+0000] {dag.py:3047} INFO - Sync 2 DAGs
[2024-05-30T11:22:15.356+0000] {logging_mixin.py:188} INFO - [2024-05-30T11:22:15.355+0000] {dag.py:3834} INFO - Setting next_dagrun for example_subdag_operator.section-1 to None, run_after=None
[2024-05-30T11:22:15.356+0000] {logging_mixin.py:188} INFO - [2024-05-30T11:22:15.356+0000] {dag.py:3834} INFO - Setting next_dagrun for example_subdag_operator.section-2 to None, run_after=None
[2024-05-30T11:22:15.373+0000] {processor.py:183} INFO - Processing /home/airflow/.local/lib/python3.8/site-packages/airflow/example_dags/example_subdag_operator.py took 0.136 seconds
[2024-05-30T11:22:46.017+0000] {processor.py:161} INFO - Started process (PID=846) to work on /home/airflow/.local/lib/python3.8/site-packages/airflow/example_dags/example_subdag_operator.py
[2024-05-30T11:22:46.018+0000] {processor.py:830} INFO - Processing file /home/airflow/.local/lib/python3.8/site-packages/airflow/example_dags/example_subdag_operator.py for tasks to queue
[2024-05-30T11:22:46.021+0000] {logging_mixin.py:188} INFO - [2024-05-30T11:22:46.020+0000] {dagbag.py:540} INFO - Filling up the DagBag from /home/airflow/.local/lib/python3.8/site-packages/airflow/example_dags/example_subdag_operator.py
[2024-05-30T11:22:46.051+0000] {processor.py:840} INFO - DAG(s) 'example_subdag_operator.section-1', 'example_subdag_operator.section-2', 'example_subdag_operator' retrieved from /home/airflow/.local/lib/python3.8/site-packages/airflow/example_dags/example_subdag_operator.py
[2024-05-30T11:22:46.073+0000] {logging_mixin.py:188} INFO - [2024-05-30T11:22:46.073+0000] {dag.py:3047} INFO - Sync 3 DAGs
[2024-05-30T11:22:46.104+0000] {logging_mixin.py:188} INFO - [2024-05-30T11:22:46.103+0000] {dag.py:3834} INFO - Setting next_dagrun for example_subdag_operator to 2022-01-01 00:00:00+00:00, run_after=2022-01-01 00:00:00+00:00
[2024-05-30T11:22:46.111+0000] {logging_mixin.py:188} INFO - [2024-05-30T11:22:46.110+0000] {dag.py:3834} INFO - Setting next_dagrun for example_subdag_operator.section-1 to None, run_after=None
[2024-05-30T11:22:46.114+0000] {logging_mixin.py:188} INFO - [2024-05-30T11:22:46.113+0000] {dag.py:3834} INFO - Setting next_dagrun for example_subdag_operator.section-2 to None, run_after=None
[2024-05-30T11:22:46.124+0000] {logging_mixin.py:188} INFO - [2024-05-30T11:22:46.124+0000] {dag.py:3047} INFO - Sync 2 DAGs
[2024-05-30T11:22:46.133+0000] {logging_mixin.py:188} INFO - [2024-05-30T11:22:46.133+0000] {dag.py:3834} INFO - Setting next_dagrun for example_subdag_operator.section-1 to None, run_after=None
[2024-05-30T11:22:46.134+0000] {logging_mixin.py:188} INFO - [2024-05-30T11:22:46.134+0000] {dag.py:3834} INFO - Setting next_dagrun for example_subdag_operator.section-2 to None, run_after=None
[2024-05-30T11:22:46.152+0000] {processor.py:183} INFO - Processing /home/airflow/.local/lib/python3.8/site-packages/airflow/example_dags/example_subdag_operator.py took 0.139 seconds
[2024-05-30T11:23:16.251+0000] {processor.py:161} INFO - Started process (PID=903) to work on /home/airflow/.local/lib/python3.8/site-packages/airflow/example_dags/example_subdag_operator.py
[2024-05-30T11:23:16.252+0000] {processor.py:830} INFO - Processing file /home/airflow/.local/lib/python3.8/site-packages/airflow/example_dags/example_subdag_operator.py for tasks to queue
[2024-05-30T11:23:16.254+0000] {logging_mixin.py:188} INFO - [2024-05-30T11:23:16.254+0000] {dagbag.py:540} INFO - Filling up the DagBag from /home/airflow/.local/lib/python3.8/site-packages/airflow/example_dags/example_subdag_operator.py
[2024-05-30T11:23:16.285+0000] {processor.py:840} INFO - DAG(s) 'example_subdag_operator.section-1', 'example_subdag_operator.section-2', 'example_subdag_operator' retrieved from /home/airflow/.local/lib/python3.8/site-packages/airflow/example_dags/example_subdag_operator.py
[2024-05-30T11:23:16.316+0000] {logging_mixin.py:188} INFO - [2024-05-30T11:23:16.315+0000] {dag.py:3047} INFO - Sync 3 DAGs
[2024-05-30T11:23:16.355+0000] {logging_mixin.py:188} INFO - [2024-05-30T11:23:16.354+0000] {dag.py:3834} INFO - Setting next_dagrun for example_subdag_operator to 2022-01-01 00:00:00+00:00, run_after=2022-01-01 00:00:00+00:00
[2024-05-30T11:23:16.360+0000] {logging_mixin.py:188} INFO - [2024-05-30T11:23:16.360+0000] {dag.py:3834} INFO - Setting next_dagrun for example_subdag_operator.section-1 to None, run_after=None
[2024-05-30T11:23:16.364+0000] {logging_mixin.py:188} INFO - [2024-05-30T11:23:16.364+0000] {dag.py:3834} INFO - Setting next_dagrun for example_subdag_operator.section-2 to None, run_after=None
[2024-05-30T11:23:16.378+0000] {logging_mixin.py:188} INFO - [2024-05-30T11:23:16.377+0000] {dag.py:3047} INFO - Sync 2 DAGs
[2024-05-30T11:23:16.386+0000] {logging_mixin.py:188} INFO - [2024-05-30T11:23:16.386+0000] {dag.py:3834} INFO - Setting next_dagrun for example_subdag_operator.section-1 to None, run_after=None
[2024-05-30T11:23:16.387+0000] {logging_mixin.py:188} INFO - [2024-05-30T11:23:16.387+0000] {dag.py:3834} INFO - Setting next_dagrun for example_subdag_operator.section-2 to None, run_after=None
[2024-05-30T11:23:16.405+0000] {processor.py:183} INFO - Processing /home/airflow/.local/lib/python3.8/site-packages/airflow/example_dags/example_subdag_operator.py took 0.157 seconds
[2024-05-30T11:23:46.864+0000] {processor.py:161} INFO - Started process (PID=960) to work on /home/airflow/.local/lib/python3.8/site-packages/airflow/example_dags/example_subdag_operator.py
[2024-05-30T11:23:46.866+0000] {processor.py:830} INFO - Processing file /home/airflow/.local/lib/python3.8/site-packages/airflow/example_dags/example_subdag_operator.py for tasks to queue
[2024-05-30T11:23:46.869+0000] {logging_mixin.py:188} INFO - [2024-05-30T11:23:46.869+0000] {dagbag.py:540} INFO - Filling up the DagBag from /home/airflow/.local/lib/python3.8/site-packages/airflow/example_dags/example_subdag_operator.py
[2024-05-30T11:23:46.913+0000] {processor.py:840} INFO - DAG(s) 'example_subdag_operator.section-1', 'example_subdag_operator.section-2', 'example_subdag_operator' retrieved from /home/airflow/.local/lib/python3.8/site-packages/airflow/example_dags/example_subdag_operator.py
[2024-05-30T11:23:46.947+0000] {logging_mixin.py:188} INFO - [2024-05-30T11:23:46.947+0000] {dag.py:3047} INFO - Sync 3 DAGs
[2024-05-30T11:23:46.979+0000] {logging_mixin.py:188} INFO - [2024-05-30T11:23:46.979+0000] {dag.py:3834} INFO - Setting next_dagrun for example_subdag_operator to 2022-01-01 00:00:00+00:00, run_after=2022-01-01 00:00:00+00:00
[2024-05-30T11:23:46.987+0000] {logging_mixin.py:188} INFO - [2024-05-30T11:23:46.987+0000] {dag.py:3834} INFO - Setting next_dagrun for example_subdag_operator.section-1 to None, run_after=None
[2024-05-30T11:23:46.990+0000] {logging_mixin.py:188} INFO - [2024-05-30T11:23:46.990+0000] {dag.py:3834} INFO - Setting next_dagrun for example_subdag_operator.section-2 to None, run_after=None
[2024-05-30T11:23:47.004+0000] {logging_mixin.py:188} INFO - [2024-05-30T11:23:47.004+0000] {dag.py:3047} INFO - Sync 2 DAGs
[2024-05-30T11:23:47.019+0000] {logging_mixin.py:188} INFO - [2024-05-30T11:23:47.018+0000] {dag.py:3834} INFO - Setting next_dagrun for example_subdag_operator.section-1 to None, run_after=None
[2024-05-30T11:23:47.020+0000] {logging_mixin.py:188} INFO - [2024-05-30T11:23:47.019+0000] {dag.py:3834} INFO - Setting next_dagrun for example_subdag_operator.section-2 to None, run_after=None
[2024-05-30T11:23:47.041+0000] {processor.py:183} INFO - Processing /home/airflow/.local/lib/python3.8/site-packages/airflow/example_dags/example_subdag_operator.py took 0.180 seconds
[2024-05-30T11:24:17.187+0000] {processor.py:161} INFO - Started process (PID=1017) to work on /home/airflow/.local/lib/python3.8/site-packages/airflow/example_dags/example_subdag_operator.py
[2024-05-30T11:24:17.189+0000] {processor.py:830} INFO - Processing file /home/airflow/.local/lib/python3.8/site-packages/airflow/example_dags/example_subdag_operator.py for tasks to queue
[2024-05-30T11:24:17.193+0000] {logging_mixin.py:188} INFO - [2024-05-30T11:24:17.192+0000] {dagbag.py:540} INFO - Filling up the DagBag from /home/airflow/.local/lib/python3.8/site-packages/airflow/example_dags/example_subdag_operator.py
[2024-05-30T11:24:17.238+0000] {processor.py:840} INFO - DAG(s) 'example_subdag_operator.section-1', 'example_subdag_operator.section-2', 'example_subdag_operator' retrieved from /home/airflow/.local/lib/python3.8/site-packages/airflow/example_dags/example_subdag_operator.py
[2024-05-30T11:24:17.274+0000] {logging_mixin.py:188} INFO - [2024-05-30T11:24:17.274+0000] {dag.py:3047} INFO - Sync 3 DAGs
[2024-05-30T11:24:17.319+0000] {logging_mixin.py:188} INFO - [2024-05-30T11:24:17.318+0000] {dag.py:3834} INFO - Setting next_dagrun for example_subdag_operator to 2022-01-01 00:00:00+00:00, run_after=2022-01-01 00:00:00+00:00
[2024-05-30T11:24:17.330+0000] {logging_mixin.py:188} INFO - [2024-05-30T11:24:17.329+0000] {dag.py:3834} INFO - Setting next_dagrun for example_subdag_operator.section-1 to None, run_after=None
[2024-05-30T11:24:17.335+0000] {logging_mixin.py:188} INFO - [2024-05-30T11:24:17.334+0000] {dag.py:3834} INFO - Setting next_dagrun for example_subdag_operator.section-2 to None, run_after=None
[2024-05-30T11:24:17.352+0000] {logging_mixin.py:188} INFO - [2024-05-30T11:24:17.351+0000] {dag.py:3047} INFO - Sync 2 DAGs
[2024-05-30T11:24:17.368+0000] {logging_mixin.py:188} INFO - [2024-05-30T11:24:17.368+0000] {dag.py:3834} INFO - Setting next_dagrun for example_subdag_operator.section-1 to None, run_after=None
[2024-05-30T11:24:17.370+0000] {logging_mixin.py:188} INFO - [2024-05-30T11:24:17.369+0000] {dag.py:3834} INFO - Setting next_dagrun for example_subdag_operator.section-2 to None, run_after=None
[2024-05-30T11:24:17.398+0000] {processor.py:183} INFO - Processing /home/airflow/.local/lib/python3.8/site-packages/airflow/example_dags/example_subdag_operator.py took 0.216 seconds
[2024-05-30T11:24:47.519+0000] {processor.py:161} INFO - Started process (PID=1074) to work on /home/airflow/.local/lib/python3.8/site-packages/airflow/example_dags/example_subdag_operator.py
[2024-05-30T11:24:47.520+0000] {processor.py:830} INFO - Processing file /home/airflow/.local/lib/python3.8/site-packages/airflow/example_dags/example_subdag_operator.py for tasks to queue
[2024-05-30T11:24:47.525+0000] {logging_mixin.py:188} INFO - [2024-05-30T11:24:47.525+0000] {dagbag.py:540} INFO - Filling up the DagBag from /home/airflow/.local/lib/python3.8/site-packages/airflow/example_dags/example_subdag_operator.py
[2024-05-30T11:24:47.578+0000] {processor.py:840} INFO - DAG(s) 'example_subdag_operator.section-1', 'example_subdag_operator.section-2', 'example_subdag_operator' retrieved from /home/airflow/.local/lib/python3.8/site-packages/airflow/example_dags/example_subdag_operator.py
[2024-05-30T11:24:47.607+0000] {logging_mixin.py:188} INFO - [2024-05-30T11:24:47.607+0000] {dag.py:3047} INFO - Sync 3 DAGs
[2024-05-30T11:24:47.653+0000] {logging_mixin.py:188} INFO - [2024-05-30T11:24:47.653+0000] {dag.py:3834} INFO - Setting next_dagrun for example_subdag_operator to 2022-01-01 00:00:00+00:00, run_after=2022-01-01 00:00:00+00:00
[2024-05-30T11:24:47.660+0000] {logging_mixin.py:188} INFO - [2024-05-30T11:24:47.660+0000] {dag.py:3834} INFO - Setting next_dagrun for example_subdag_operator.section-1 to None, run_after=None
[2024-05-30T11:24:47.664+0000] {logging_mixin.py:188} INFO - [2024-05-30T11:24:47.663+0000] {dag.py:3834} INFO - Setting next_dagrun for example_subdag_operator.section-2 to None, run_after=None
[2024-05-30T11:24:47.678+0000] {logging_mixin.py:188} INFO - [2024-05-30T11:24:47.677+0000] {dag.py:3047} INFO - Sync 2 DAGs
[2024-05-30T11:24:47.688+0000] {logging_mixin.py:188} INFO - [2024-05-30T11:24:47.688+0000] {dag.py:3834} INFO - Setting next_dagrun for example_subdag_operator.section-1 to None, run_after=None
[2024-05-30T11:24:47.691+0000] {logging_mixin.py:188} INFO - [2024-05-30T11:24:47.691+0000] {dag.py:3834} INFO - Setting next_dagrun for example_subdag_operator.section-2 to None, run_after=None
[2024-05-30T11:24:47.718+0000] {processor.py:183} INFO - Processing /home/airflow/.local/lib/python3.8/site-packages/airflow/example_dags/example_subdag_operator.py took 0.204 seconds
[2024-05-30T11:25:18.042+0000] {processor.py:161} INFO - Started process (PID=1131) to work on /home/airflow/.local/lib/python3.8/site-packages/airflow/example_dags/example_subdag_operator.py
[2024-05-30T11:25:18.043+0000] {processor.py:830} INFO - Processing file /home/airflow/.local/lib/python3.8/site-packages/airflow/example_dags/example_subdag_operator.py for tasks to queue
[2024-05-30T11:25:18.046+0000] {logging_mixin.py:188} INFO - [2024-05-30T11:25:18.045+0000] {dagbag.py:540} INFO - Filling up the DagBag from /home/airflow/.local/lib/python3.8/site-packages/airflow/example_dags/example_subdag_operator.py
[2024-05-30T11:25:18.079+0000] {processor.py:840} INFO - DAG(s) 'example_subdag_operator.section-1', 'example_subdag_operator.section-2', 'example_subdag_operator' retrieved from /home/airflow/.local/lib/python3.8/site-packages/airflow/example_dags/example_subdag_operator.py
[2024-05-30T11:25:18.103+0000] {logging_mixin.py:188} INFO - [2024-05-30T11:25:18.102+0000] {dag.py:3047} INFO - Sync 3 DAGs
[2024-05-30T11:25:18.138+0000] {logging_mixin.py:188} INFO - [2024-05-30T11:25:18.138+0000] {dag.py:3834} INFO - Setting next_dagrun for example_subdag_operator to 2022-01-01 00:00:00+00:00, run_after=2022-01-01 00:00:00+00:00
[2024-05-30T11:25:18.145+0000] {logging_mixin.py:188} INFO - [2024-05-30T11:25:18.145+0000] {dag.py:3834} INFO - Setting next_dagrun for example_subdag_operator.section-1 to None, run_after=None
[2024-05-30T11:25:18.147+0000] {logging_mixin.py:188} INFO - [2024-05-30T11:25:18.147+0000] {dag.py:3834} INFO - Setting next_dagrun for example_subdag_operator.section-2 to None, run_after=None
[2024-05-30T11:25:18.159+0000] {logging_mixin.py:188} INFO - [2024-05-30T11:25:18.159+0000] {dag.py:3047} INFO - Sync 2 DAGs
[2024-05-30T11:25:18.168+0000] {logging_mixin.py:188} INFO - [2024-05-30T11:25:18.168+0000] {dag.py:3834} INFO - Setting next_dagrun for example_subdag_operator.section-1 to None, run_after=None
[2024-05-30T11:25:18.169+0000] {logging_mixin.py:188} INFO - [2024-05-30T11:25:18.169+0000] {dag.py:3834} INFO - Setting next_dagrun for example_subdag_operator.section-2 to None, run_after=None
[2024-05-30T11:25:18.188+0000] {processor.py:183} INFO - Processing /home/airflow/.local/lib/python3.8/site-packages/airflow/example_dags/example_subdag_operator.py took 0.150 seconds
[2024-05-30T11:25:48.402+0000] {processor.py:161} INFO - Started process (PID=1188) to work on /home/airflow/.local/lib/python3.8/site-packages/airflow/example_dags/example_subdag_operator.py
[2024-05-30T11:25:48.403+0000] {processor.py:830} INFO - Processing file /home/airflow/.local/lib/python3.8/site-packages/airflow/example_dags/example_subdag_operator.py for tasks to queue
[2024-05-30T11:25:48.406+0000] {logging_mixin.py:188} INFO - [2024-05-30T11:25:48.405+0000] {dagbag.py:540} INFO - Filling up the DagBag from /home/airflow/.local/lib/python3.8/site-packages/airflow/example_dags/example_subdag_operator.py
[2024-05-30T11:25:48.438+0000] {processor.py:840} INFO - DAG(s) 'example_subdag_operator.section-1', 'example_subdag_operator.section-2', 'example_subdag_operator' retrieved from /home/airflow/.local/lib/python3.8/site-packages/airflow/example_dags/example_subdag_operator.py
[2024-05-30T11:25:48.472+0000] {logging_mixin.py:188} INFO - [2024-05-30T11:25:48.471+0000] {dag.py:3047} INFO - Sync 3 DAGs
[2024-05-30T11:25:48.520+0000] {logging_mixin.py:188} INFO - [2024-05-30T11:25:48.519+0000] {dag.py:3834} INFO - Setting next_dagrun for example_subdag_operator to 2022-01-01 00:00:00+00:00, run_after=2022-01-01 00:00:00+00:00
[2024-05-30T11:25:48.529+0000] {logging_mixin.py:188} INFO - [2024-05-30T11:25:48.528+0000] {dag.py:3834} INFO - Setting next_dagrun for example_subdag_operator.section-1 to None, run_after=None
[2024-05-30T11:25:48.534+0000] {logging_mixin.py:188} INFO - [2024-05-30T11:25:48.533+0000] {dag.py:3834} INFO - Setting next_dagrun for example_subdag_operator.section-2 to None, run_after=None
[2024-05-30T11:25:48.548+0000] {logging_mixin.py:188} INFO - [2024-05-30T11:25:48.548+0000] {dag.py:3047} INFO - Sync 2 DAGs
[2024-05-30T11:25:48.559+0000] {logging_mixin.py:188} INFO - [2024-05-30T11:25:48.558+0000] {dag.py:3834} INFO - Setting next_dagrun for example_subdag_operator.section-1 to None, run_after=None
[2024-05-30T11:25:48.560+0000] {logging_mixin.py:188} INFO - [2024-05-30T11:25:48.559+0000] {dag.py:3834} INFO - Setting next_dagrun for example_subdag_operator.section-2 to None, run_after=None
[2024-05-30T11:25:48.581+0000] {processor.py:183} INFO - Processing /home/airflow/.local/lib/python3.8/site-packages/airflow/example_dags/example_subdag_operator.py took 0.182 seconds
[2024-05-30T11:26:19.082+0000] {processor.py:161} INFO - Started process (PID=1245) to work on /home/airflow/.local/lib/python3.8/site-packages/airflow/example_dags/example_subdag_operator.py
[2024-05-30T11:26:19.084+0000] {processor.py:830} INFO - Processing file /home/airflow/.local/lib/python3.8/site-packages/airflow/example_dags/example_subdag_operator.py for tasks to queue
[2024-05-30T11:26:19.087+0000] {logging_mixin.py:188} INFO - [2024-05-30T11:26:19.087+0000] {dagbag.py:540} INFO - Filling up the DagBag from /home/airflow/.local/lib/python3.8/site-packages/airflow/example_dags/example_subdag_operator.py
[2024-05-30T11:26:19.124+0000] {processor.py:840} INFO - DAG(s) 'example_subdag_operator.section-1', 'example_subdag_operator.section-2', 'example_subdag_operator' retrieved from /home/airflow/.local/lib/python3.8/site-packages/airflow/example_dags/example_subdag_operator.py
[2024-05-30T11:26:19.153+0000] {logging_mixin.py:188} INFO - [2024-05-30T11:26:19.153+0000] {dag.py:3047} INFO - Sync 3 DAGs
[2024-05-30T11:26:19.193+0000] {logging_mixin.py:188} INFO - [2024-05-30T11:26:19.193+0000] {dag.py:3834} INFO - Setting next_dagrun for example_subdag_operator to 2022-01-01 00:00:00+00:00, run_after=2022-01-01 00:00:00+00:00
[2024-05-30T11:26:19.199+0000] {logging_mixin.py:188} INFO - [2024-05-30T11:26:19.199+0000] {dag.py:3834} INFO - Setting next_dagrun for example_subdag_operator.section-1 to None, run_after=None
[2024-05-30T11:26:19.202+0000] {logging_mixin.py:188} INFO - [2024-05-30T11:26:19.202+0000] {dag.py:3834} INFO - Setting next_dagrun for example_subdag_operator.section-2 to None, run_after=None
[2024-05-30T11:26:19.216+0000] {logging_mixin.py:188} INFO - [2024-05-30T11:26:19.215+0000] {dag.py:3047} INFO - Sync 2 DAGs
[2024-05-30T11:26:19.226+0000] {logging_mixin.py:188} INFO - [2024-05-30T11:26:19.225+0000] {dag.py:3834} INFO - Setting next_dagrun for example_subdag_operator.section-1 to None, run_after=None
[2024-05-30T11:26:19.227+0000] {logging_mixin.py:188} INFO - [2024-05-30T11:26:19.227+0000] {dag.py:3834} INFO - Setting next_dagrun for example_subdag_operator.section-2 to None, run_after=None
[2024-05-30T11:26:19.248+0000] {processor.py:183} INFO - Processing /home/airflow/.local/lib/python3.8/site-packages/airflow/example_dags/example_subdag_operator.py took 0.171 seconds
[2024-05-30T11:26:49.708+0000] {processor.py:161} INFO - Started process (PID=1302) to work on /home/airflow/.local/lib/python3.8/site-packages/airflow/example_dags/example_subdag_operator.py
[2024-05-30T11:26:49.709+0000] {processor.py:830} INFO - Processing file /home/airflow/.local/lib/python3.8/site-packages/airflow/example_dags/example_subdag_operator.py for tasks to queue
[2024-05-30T11:26:49.711+0000] {logging_mixin.py:188} INFO - [2024-05-30T11:26:49.711+0000] {dagbag.py:540} INFO - Filling up the DagBag from /home/airflow/.local/lib/python3.8/site-packages/airflow/example_dags/example_subdag_operator.py
[2024-05-30T11:26:49.743+0000] {processor.py:840} INFO - DAG(s) 'example_subdag_operator.section-1', 'example_subdag_operator.section-2', 'example_subdag_operator' retrieved from /home/airflow/.local/lib/python3.8/site-packages/airflow/example_dags/example_subdag_operator.py
[2024-05-30T11:26:49.768+0000] {logging_mixin.py:188} INFO - [2024-05-30T11:26:49.767+0000] {dag.py:3047} INFO - Sync 3 DAGs
[2024-05-30T11:26:49.803+0000] {logging_mixin.py:188} INFO - [2024-05-30T11:26:49.803+0000] {dag.py:3834} INFO - Setting next_dagrun for example_subdag_operator to 2022-01-01 00:00:00+00:00, run_after=2022-01-01 00:00:00+00:00
[2024-05-30T11:26:49.810+0000] {logging_mixin.py:188} INFO - [2024-05-30T11:26:49.809+0000] {dag.py:3834} INFO - Setting next_dagrun for example_subdag_operator.section-1 to None, run_after=None
[2024-05-30T11:26:49.813+0000] {logging_mixin.py:188} INFO - [2024-05-30T11:26:49.813+0000] {dag.py:3834} INFO - Setting next_dagrun for example_subdag_operator.section-2 to None, run_after=None
[2024-05-30T11:26:49.824+0000] {logging_mixin.py:188} INFO - [2024-05-30T11:26:49.824+0000] {dag.py:3047} INFO - Sync 2 DAGs
[2024-05-30T11:26:49.834+0000] {logging_mixin.py:188} INFO - [2024-05-30T11:26:49.834+0000] {dag.py:3834} INFO - Setting next_dagrun for example_subdag_operator.section-1 to None, run_after=None
[2024-05-30T11:26:49.835+0000] {logging_mixin.py:188} INFO - [2024-05-30T11:26:49.835+0000] {dag.py:3834} INFO - Setting next_dagrun for example_subdag_operator.section-2 to None, run_after=None
[2024-05-30T11:26:49.855+0000] {processor.py:183} INFO - Processing /home/airflow/.local/lib/python3.8/site-packages/airflow/example_dags/example_subdag_operator.py took 0.150 seconds
[2024-05-30T11:27:19.961+0000] {processor.py:161} INFO - Started process (PID=1359) to work on /home/airflow/.local/lib/python3.8/site-packages/airflow/example_dags/example_subdag_operator.py
[2024-05-30T11:27:19.962+0000] {processor.py:830} INFO - Processing file /home/airflow/.local/lib/python3.8/site-packages/airflow/example_dags/example_subdag_operator.py for tasks to queue
[2024-05-30T11:27:19.964+0000] {logging_mixin.py:188} INFO - [2024-05-30T11:27:19.964+0000] {dagbag.py:540} INFO - Filling up the DagBag from /home/airflow/.local/lib/python3.8/site-packages/airflow/example_dags/example_subdag_operator.py
[2024-05-30T11:27:19.997+0000] {processor.py:840} INFO - DAG(s) 'example_subdag_operator.section-1', 'example_subdag_operator.section-2', 'example_subdag_operator' retrieved from /home/airflow/.local/lib/python3.8/site-packages/airflow/example_dags/example_subdag_operator.py
[2024-05-30T11:27:20.021+0000] {logging_mixin.py:188} INFO - [2024-05-30T11:27:20.021+0000] {dag.py:3047} INFO - Sync 3 DAGs
[2024-05-30T11:27:20.056+0000] {logging_mixin.py:188} INFO - [2024-05-30T11:27:20.055+0000] {dag.py:3834} INFO - Setting next_dagrun for example_subdag_operator to 2022-01-01 00:00:00+00:00, run_after=2022-01-01 00:00:00+00:00
[2024-05-30T11:27:20.062+0000] {logging_mixin.py:188} INFO - [2024-05-30T11:27:20.062+0000] {dag.py:3834} INFO - Setting next_dagrun for example_subdag_operator.section-1 to None, run_after=None
[2024-05-30T11:27:20.065+0000] {logging_mixin.py:188} INFO - [2024-05-30T11:27:20.065+0000] {dag.py:3834} INFO - Setting next_dagrun for example_subdag_operator.section-2 to None, run_after=None
[2024-05-30T11:27:20.079+0000] {logging_mixin.py:188} INFO - [2024-05-30T11:27:20.079+0000] {dag.py:3047} INFO - Sync 2 DAGs
[2024-05-30T11:27:20.095+0000] {logging_mixin.py:188} INFO - [2024-05-30T11:27:20.094+0000] {dag.py:3834} INFO - Setting next_dagrun for example_subdag_operator.section-1 to None, run_after=None
[2024-05-30T11:27:20.097+0000] {logging_mixin.py:188} INFO - [2024-05-30T11:27:20.096+0000] {dag.py:3834} INFO - Setting next_dagrun for example_subdag_operator.section-2 to None, run_after=None
[2024-05-30T11:27:20.121+0000] {processor.py:183} INFO - Processing /home/airflow/.local/lib/python3.8/site-packages/airflow/example_dags/example_subdag_operator.py took 0.163 seconds
[2024-05-30T11:27:50.179+0000] {processor.py:161} INFO - Started process (PID=1416) to work on /home/airflow/.local/lib/python3.8/site-packages/airflow/example_dags/example_subdag_operator.py
[2024-05-30T11:27:50.180+0000] {processor.py:830} INFO - Processing file /home/airflow/.local/lib/python3.8/site-packages/airflow/example_dags/example_subdag_operator.py for tasks to queue
[2024-05-30T11:27:50.184+0000] {logging_mixin.py:188} INFO - [2024-05-30T11:27:50.183+0000] {dagbag.py:540} INFO - Filling up the DagBag from /home/airflow/.local/lib/python3.8/site-packages/airflow/example_dags/example_subdag_operator.py
[2024-05-30T11:27:50.224+0000] {processor.py:840} INFO - DAG(s) 'example_subdag_operator.section-1', 'example_subdag_operator.section-2', 'example_subdag_operator' retrieved from /home/airflow/.local/lib/python3.8/site-packages/airflow/example_dags/example_subdag_operator.py
[2024-05-30T11:27:50.253+0000] {logging_mixin.py:188} INFO - [2024-05-30T11:27:50.253+0000] {dag.py:3047} INFO - Sync 3 DAGs
[2024-05-30T11:27:50.291+0000] {logging_mixin.py:188} INFO - [2024-05-30T11:27:50.290+0000] {dag.py:3834} INFO - Setting next_dagrun for example_subdag_operator to 2022-01-01 00:00:00+00:00, run_after=2022-01-01 00:00:00+00:00
[2024-05-30T11:27:50.300+0000] {logging_mixin.py:188} INFO - [2024-05-30T11:27:50.299+0000] {dag.py:3834} INFO - Setting next_dagrun for example_subdag_operator.section-1 to None, run_after=None
[2024-05-30T11:27:50.303+0000] {logging_mixin.py:188} INFO - [2024-05-30T11:27:50.303+0000] {dag.py:3834} INFO - Setting next_dagrun for example_subdag_operator.section-2 to None, run_after=None
[2024-05-30T11:27:50.321+0000] {logging_mixin.py:188} INFO - [2024-05-30T11:27:50.321+0000] {dag.py:3047} INFO - Sync 2 DAGs
[2024-05-30T11:27:50.338+0000] {logging_mixin.py:188} INFO - [2024-05-30T11:27:50.337+0000] {dag.py:3834} INFO - Setting next_dagrun for example_subdag_operator.section-1 to None, run_after=None
[2024-05-30T11:27:50.341+0000] {logging_mixin.py:188} INFO - [2024-05-30T11:27:50.341+0000] {dag.py:3834} INFO - Setting next_dagrun for example_subdag_operator.section-2 to None, run_after=None
[2024-05-30T11:27:50.369+0000] {processor.py:183} INFO - Processing /home/airflow/.local/lib/python3.8/site-packages/airflow/example_dags/example_subdag_operator.py took 0.195 seconds
[2024-05-30T11:28:20.712+0000] {processor.py:161} INFO - Started process (PID=1473) to work on /home/airflow/.local/lib/python3.8/site-packages/airflow/example_dags/example_subdag_operator.py
[2024-05-30T11:28:20.714+0000] {processor.py:830} INFO - Processing file /home/airflow/.local/lib/python3.8/site-packages/airflow/example_dags/example_subdag_operator.py for tasks to queue
[2024-05-30T11:28:20.718+0000] {logging_mixin.py:188} INFO - [2024-05-30T11:28:20.718+0000] {dagbag.py:540} INFO - Filling up the DagBag from /home/airflow/.local/lib/python3.8/site-packages/airflow/example_dags/example_subdag_operator.py
[2024-05-30T11:28:20.792+0000] {processor.py:840} INFO - DAG(s) 'example_subdag_operator.section-1', 'example_subdag_operator.section-2', 'example_subdag_operator' retrieved from /home/airflow/.local/lib/python3.8/site-packages/airflow/example_dags/example_subdag_operator.py
[2024-05-30T11:28:20.825+0000] {logging_mixin.py:188} INFO - [2024-05-30T11:28:20.825+0000] {dag.py:3047} INFO - Sync 3 DAGs
[2024-05-30T11:28:20.872+0000] {logging_mixin.py:188} INFO - [2024-05-30T11:28:20.871+0000] {dag.py:3834} INFO - Setting next_dagrun for example_subdag_operator to 2022-01-01 00:00:00+00:00, run_after=2022-01-01 00:00:00+00:00
[2024-05-30T11:28:20.880+0000] {logging_mixin.py:188} INFO - [2024-05-30T11:28:20.880+0000] {dag.py:3834} INFO - Setting next_dagrun for example_subdag_operator.section-1 to None, run_after=None
[2024-05-30T11:28:20.884+0000] {logging_mixin.py:188} INFO - [2024-05-30T11:28:20.884+0000] {dag.py:3834} INFO - Setting next_dagrun for example_subdag_operator.section-2 to None, run_after=None
[2024-05-30T11:28:20.898+0000] {logging_mixin.py:188} INFO - [2024-05-30T11:28:20.898+0000] {dag.py:3047} INFO - Sync 2 DAGs
[2024-05-30T11:28:20.909+0000] {logging_mixin.py:188} INFO - [2024-05-30T11:28:20.909+0000] {dag.py:3834} INFO - Setting next_dagrun for example_subdag_operator.section-1 to None, run_after=None
[2024-05-30T11:28:20.910+0000] {logging_mixin.py:188} INFO - [2024-05-30T11:28:20.910+0000] {dag.py:3834} INFO - Setting next_dagrun for example_subdag_operator.section-2 to None, run_after=None
[2024-05-30T11:28:20.939+0000] {processor.py:183} INFO - Processing /home/airflow/.local/lib/python3.8/site-packages/airflow/example_dags/example_subdag_operator.py took 0.234 seconds
[2024-05-30T11:28:50.987+0000] {processor.py:161} INFO - Started process (PID=1530) to work on /home/airflow/.local/lib/python3.8/site-packages/airflow/example_dags/example_subdag_operator.py
[2024-05-30T11:28:50.989+0000] {processor.py:830} INFO - Processing file /home/airflow/.local/lib/python3.8/site-packages/airflow/example_dags/example_subdag_operator.py for tasks to queue
[2024-05-30T11:28:50.992+0000] {logging_mixin.py:188} INFO - [2024-05-30T11:28:50.991+0000] {dagbag.py:540} INFO - Filling up the DagBag from /home/airflow/.local/lib/python3.8/site-packages/airflow/example_dags/example_subdag_operator.py
[2024-05-30T11:28:51.036+0000] {processor.py:840} INFO - DAG(s) 'example_subdag_operator.section-1', 'example_subdag_operator.section-2', 'example_subdag_operator' retrieved from /home/airflow/.local/lib/python3.8/site-packages/airflow/example_dags/example_subdag_operator.py
[2024-05-30T11:28:51.075+0000] {logging_mixin.py:188} INFO - [2024-05-30T11:28:51.075+0000] {dag.py:3047} INFO - Sync 3 DAGs
[2024-05-30T11:28:51.119+0000] {logging_mixin.py:188} INFO - [2024-05-30T11:28:51.118+0000] {dag.py:3834} INFO - Setting next_dagrun for example_subdag_operator to 2022-01-01 00:00:00+00:00, run_after=2022-01-01 00:00:00+00:00
[2024-05-30T11:28:51.134+0000] {logging_mixin.py:188} INFO - [2024-05-30T11:28:51.133+0000] {dag.py:3834} INFO - Setting next_dagrun for example_subdag_operator.section-1 to None, run_after=None
[2024-05-30T11:28:51.138+0000] {logging_mixin.py:188} INFO - [2024-05-30T11:28:51.138+0000] {dag.py:3834} INFO - Setting next_dagrun for example_subdag_operator.section-2 to None, run_after=None
[2024-05-30T11:28:51.154+0000] {logging_mixin.py:188} INFO - [2024-05-30T11:28:51.153+0000] {dag.py:3047} INFO - Sync 2 DAGs
[2024-05-30T11:28:51.165+0000] {logging_mixin.py:188} INFO - [2024-05-30T11:28:51.164+0000] {dag.py:3834} INFO - Setting next_dagrun for example_subdag_operator.section-1 to None, run_after=None
[2024-05-30T11:28:51.166+0000] {logging_mixin.py:188} INFO - [2024-05-30T11:28:51.166+0000] {dag.py:3834} INFO - Setting next_dagrun for example_subdag_operator.section-2 to None, run_after=None
[2024-05-30T11:28:51.190+0000] {processor.py:183} INFO - Processing /home/airflow/.local/lib/python3.8/site-packages/airflow/example_dags/example_subdag_operator.py took 0.208 seconds
[2024-05-30T11:29:21.301+0000] {processor.py:161} INFO - Started process (PID=1587) to work on /home/airflow/.local/lib/python3.8/site-packages/airflow/example_dags/example_subdag_operator.py
[2024-05-30T11:29:21.303+0000] {processor.py:830} INFO - Processing file /home/airflow/.local/lib/python3.8/site-packages/airflow/example_dags/example_subdag_operator.py for tasks to queue
[2024-05-30T11:29:21.305+0000] {logging_mixin.py:188} INFO - [2024-05-30T11:29:21.304+0000] {dagbag.py:540} INFO - Filling up the DagBag from /home/airflow/.local/lib/python3.8/site-packages/airflow/example_dags/example_subdag_operator.py
[2024-05-30T11:29:21.338+0000] {processor.py:840} INFO - DAG(s) 'example_subdag_operator.section-1', 'example_subdag_operator.section-2', 'example_subdag_operator' retrieved from /home/airflow/.local/lib/python3.8/site-packages/airflow/example_dags/example_subdag_operator.py
[2024-05-30T11:29:21.365+0000] {logging_mixin.py:188} INFO - [2024-05-30T11:29:21.365+0000] {dag.py:3047} INFO - Sync 3 DAGs
[2024-05-30T11:29:21.395+0000] {logging_mixin.py:188} INFO - [2024-05-30T11:29:21.395+0000] {dag.py:3834} INFO - Setting next_dagrun for example_subdag_operator to 2022-01-01 00:00:00+00:00, run_after=2022-01-01 00:00:00+00:00
[2024-05-30T11:29:21.400+0000] {logging_mixin.py:188} INFO - [2024-05-30T11:29:21.400+0000] {dag.py:3834} INFO - Setting next_dagrun for example_subdag_operator.section-1 to None, run_after=None
[2024-05-30T11:29:21.402+0000] {logging_mixin.py:188} INFO - [2024-05-30T11:29:21.402+0000] {dag.py:3834} INFO - Setting next_dagrun for example_subdag_operator.section-2 to None, run_after=None
[2024-05-30T11:29:21.412+0000] {logging_mixin.py:188} INFO - [2024-05-30T11:29:21.412+0000] {dag.py:3047} INFO - Sync 2 DAGs
[2024-05-30T11:29:21.420+0000] {logging_mixin.py:188} INFO - [2024-05-30T11:29:21.419+0000] {dag.py:3834} INFO - Setting next_dagrun for example_subdag_operator.section-1 to None, run_after=None
[2024-05-30T11:29:21.421+0000] {logging_mixin.py:188} INFO - [2024-05-30T11:29:21.420+0000] {dag.py:3834} INFO - Setting next_dagrun for example_subdag_operator.section-2 to None, run_after=None
[2024-05-30T11:29:21.437+0000] {processor.py:183} INFO - Processing /home/airflow/.local/lib/python3.8/site-packages/airflow/example_dags/example_subdag_operator.py took 0.141 seconds
[2024-05-30T11:29:51.632+0000] {processor.py:161} INFO - Started process (PID=1644) to work on /home/airflow/.local/lib/python3.8/site-packages/airflow/example_dags/example_subdag_operator.py
[2024-05-30T11:29:51.633+0000] {processor.py:830} INFO - Processing file /home/airflow/.local/lib/python3.8/site-packages/airflow/example_dags/example_subdag_operator.py for tasks to queue
[2024-05-30T11:29:51.635+0000] {logging_mixin.py:188} INFO - [2024-05-30T11:29:51.635+0000] {dagbag.py:540} INFO - Filling up the DagBag from /home/airflow/.local/lib/python3.8/site-packages/airflow/example_dags/example_subdag_operator.py
[2024-05-30T11:29:51.673+0000] {processor.py:840} INFO - DAG(s) 'example_subdag_operator.section-1', 'example_subdag_operator.section-2', 'example_subdag_operator' retrieved from /home/airflow/.local/lib/python3.8/site-packages/airflow/example_dags/example_subdag_operator.py
[2024-05-30T11:29:51.707+0000] {logging_mixin.py:188} INFO - [2024-05-30T11:29:51.707+0000] {dag.py:3047} INFO - Sync 3 DAGs
[2024-05-30T11:29:51.748+0000] {logging_mixin.py:188} INFO - [2024-05-30T11:29:51.747+0000] {dag.py:3834} INFO - Setting next_dagrun for example_subdag_operator to 2022-01-01 00:00:00+00:00, run_after=2022-01-01 00:00:00+00:00
[2024-05-30T11:29:51.756+0000] {logging_mixin.py:188} INFO - [2024-05-30T11:29:51.756+0000] {dag.py:3834} INFO - Setting next_dagrun for example_subdag_operator.section-1 to None, run_after=None
[2024-05-30T11:29:51.759+0000] {logging_mixin.py:188} INFO - [2024-05-30T11:29:51.759+0000] {dag.py:3834} INFO - Setting next_dagrun for example_subdag_operator.section-2 to None, run_after=None
[2024-05-30T11:29:51.775+0000] {logging_mixin.py:188} INFO - [2024-05-30T11:29:51.774+0000] {dag.py:3047} INFO - Sync 2 DAGs
[2024-05-30T11:29:51.787+0000] {logging_mixin.py:188} INFO - [2024-05-30T11:29:51.786+0000] {dag.py:3834} INFO - Setting next_dagrun for example_subdag_operator.section-1 to None, run_after=None
[2024-05-30T11:29:51.788+0000] {logging_mixin.py:188} INFO - [2024-05-30T11:29:51.788+0000] {dag.py:3834} INFO - Setting next_dagrun for example_subdag_operator.section-2 to None, run_after=None
[2024-05-30T11:29:51.828+0000] {processor.py:183} INFO - Processing /home/airflow/.local/lib/python3.8/site-packages/airflow/example_dags/example_subdag_operator.py took 0.200 seconds
[2024-05-30T11:30:21.936+0000] {processor.py:161} INFO - Started process (PID=1701) to work on /home/airflow/.local/lib/python3.8/site-packages/airflow/example_dags/example_subdag_operator.py
[2024-05-30T11:30:21.938+0000] {processor.py:830} INFO - Processing file /home/airflow/.local/lib/python3.8/site-packages/airflow/example_dags/example_subdag_operator.py for tasks to queue
[2024-05-30T11:30:21.940+0000] {logging_mixin.py:188} INFO - [2024-05-30T11:30:21.939+0000] {dagbag.py:540} INFO - Filling up the DagBag from /home/airflow/.local/lib/python3.8/site-packages/airflow/example_dags/example_subdag_operator.py
[2024-05-30T11:30:21.970+0000] {processor.py:840} INFO - DAG(s) 'example_subdag_operator.section-1', 'example_subdag_operator.section-2', 'example_subdag_operator' retrieved from /home/airflow/.local/lib/python3.8/site-packages/airflow/example_dags/example_subdag_operator.py
[2024-05-30T11:30:21.992+0000] {logging_mixin.py:188} INFO - [2024-05-30T11:30:21.992+0000] {dag.py:3047} INFO - Sync 3 DAGs
[2024-05-30T11:30:22.018+0000] {logging_mixin.py:188} INFO - [2024-05-30T11:30:22.018+0000] {dag.py:3834} INFO - Setting next_dagrun for example_subdag_operator to 2022-01-01 00:00:00+00:00, run_after=2022-01-01 00:00:00+00:00
[2024-05-30T11:30:22.023+0000] {logging_mixin.py:188} INFO - [2024-05-30T11:30:22.022+0000] {dag.py:3834} INFO - Setting next_dagrun for example_subdag_operator.section-1 to None, run_after=None
[2024-05-30T11:30:22.025+0000] {logging_mixin.py:188} INFO - [2024-05-30T11:30:22.025+0000] {dag.py:3834} INFO - Setting next_dagrun for example_subdag_operator.section-2 to None, run_after=None
[2024-05-30T11:30:22.034+0000] {logging_mixin.py:188} INFO - [2024-05-30T11:30:22.034+0000] {dag.py:3047} INFO - Sync 2 DAGs
[2024-05-30T11:30:22.043+0000] {logging_mixin.py:188} INFO - [2024-05-30T11:30:22.042+0000] {dag.py:3834} INFO - Setting next_dagrun for example_subdag_operator.section-1 to None, run_after=None
[2024-05-30T11:30:22.044+0000] {logging_mixin.py:188} INFO - [2024-05-30T11:30:22.044+0000] {dag.py:3834} INFO - Setting next_dagrun for example_subdag_operator.section-2 to None, run_after=None
[2024-05-30T11:30:22.066+0000] {processor.py:183} INFO - Processing /home/airflow/.local/lib/python3.8/site-packages/airflow/example_dags/example_subdag_operator.py took 0.133 seconds
[2024-05-30T11:30:52.519+0000] {processor.py:161} INFO - Started process (PID=1758) to work on /home/airflow/.local/lib/python3.8/site-packages/airflow/example_dags/example_subdag_operator.py
[2024-05-30T11:30:52.522+0000] {processor.py:830} INFO - Processing file /home/airflow/.local/lib/python3.8/site-packages/airflow/example_dags/example_subdag_operator.py for tasks to queue
[2024-05-30T11:30:52.527+0000] {logging_mixin.py:188} INFO - [2024-05-30T11:30:52.524+0000] {dagbag.py:540} INFO - Filling up the DagBag from /home/airflow/.local/lib/python3.8/site-packages/airflow/example_dags/example_subdag_operator.py
[2024-05-30T11:30:52.567+0000] {processor.py:840} INFO - DAG(s) 'example_subdag_operator.section-1', 'example_subdag_operator.section-2', 'example_subdag_operator' retrieved from /home/airflow/.local/lib/python3.8/site-packages/airflow/example_dags/example_subdag_operator.py
[2024-05-30T11:30:52.597+0000] {logging_mixin.py:188} INFO - [2024-05-30T11:30:52.596+0000] {dag.py:3047} INFO - Sync 3 DAGs
[2024-05-30T11:30:52.640+0000] {logging_mixin.py:188} INFO - [2024-05-30T11:30:52.639+0000] {dag.py:3834} INFO - Setting next_dagrun for example_subdag_operator to 2022-01-01 00:00:00+00:00, run_after=2022-01-01 00:00:00+00:00
[2024-05-30T11:30:52.646+0000] {logging_mixin.py:188} INFO - [2024-05-30T11:30:52.645+0000] {dag.py:3834} INFO - Setting next_dagrun for example_subdag_operator.section-1 to None, run_after=None
[2024-05-30T11:30:52.649+0000] {logging_mixin.py:188} INFO - [2024-05-30T11:30:52.648+0000] {dag.py:3834} INFO - Setting next_dagrun for example_subdag_operator.section-2 to None, run_after=None
[2024-05-30T11:30:52.660+0000] {logging_mixin.py:188} INFO - [2024-05-30T11:30:52.660+0000] {dag.py:3047} INFO - Sync 2 DAGs
[2024-05-30T11:30:52.670+0000] {logging_mixin.py:188} INFO - [2024-05-30T11:30:52.670+0000] {dag.py:3834} INFO - Setting next_dagrun for example_subdag_operator.section-1 to None, run_after=None
[2024-05-30T11:30:52.672+0000] {logging_mixin.py:188} INFO - [2024-05-30T11:30:52.672+0000] {dag.py:3834} INFO - Setting next_dagrun for example_subdag_operator.section-2 to None, run_after=None
[2024-05-30T11:30:52.697+0000] {processor.py:183} INFO - Processing /home/airflow/.local/lib/python3.8/site-packages/airflow/example_dags/example_subdag_operator.py took 0.184 seconds
[2024-05-30T11:31:23.060+0000] {processor.py:161} INFO - Started process (PID=1815) to work on /home/airflow/.local/lib/python3.8/site-packages/airflow/example_dags/example_subdag_operator.py
[2024-05-30T11:31:23.061+0000] {processor.py:830} INFO - Processing file /home/airflow/.local/lib/python3.8/site-packages/airflow/example_dags/example_subdag_operator.py for tasks to queue
[2024-05-30T11:31:23.063+0000] {logging_mixin.py:188} INFO - [2024-05-30T11:31:23.063+0000] {dagbag.py:540} INFO - Filling up the DagBag from /home/airflow/.local/lib/python3.8/site-packages/airflow/example_dags/example_subdag_operator.py
[2024-05-30T11:31:23.106+0000] {processor.py:840} INFO - DAG(s) 'example_subdag_operator.section-1', 'example_subdag_operator.section-2', 'example_subdag_operator' retrieved from /home/airflow/.local/lib/python3.8/site-packages/airflow/example_dags/example_subdag_operator.py
[2024-05-30T11:31:23.128+0000] {logging_mixin.py:188} INFO - [2024-05-30T11:31:23.128+0000] {dag.py:3047} INFO - Sync 3 DAGs
[2024-05-30T11:31:23.158+0000] {logging_mixin.py:188} INFO - [2024-05-30T11:31:23.158+0000] {dag.py:3834} INFO - Setting next_dagrun for example_subdag_operator to 2022-01-01 00:00:00+00:00, run_after=2022-01-01 00:00:00+00:00
[2024-05-30T11:31:23.164+0000] {logging_mixin.py:188} INFO - [2024-05-30T11:31:23.163+0000] {dag.py:3834} INFO - Setting next_dagrun for example_subdag_operator.section-1 to None, run_after=None
[2024-05-30T11:31:23.167+0000] {logging_mixin.py:188} INFO - [2024-05-30T11:31:23.167+0000] {dag.py:3834} INFO - Setting next_dagrun for example_subdag_operator.section-2 to None, run_after=None
[2024-05-30T11:31:23.177+0000] {logging_mixin.py:188} INFO - [2024-05-30T11:31:23.177+0000] {dag.py:3047} INFO - Sync 2 DAGs
[2024-05-30T11:31:23.189+0000] {logging_mixin.py:188} INFO - [2024-05-30T11:31:23.188+0000] {dag.py:3834} INFO - Setting next_dagrun for example_subdag_operator.section-1 to None, run_after=None
[2024-05-30T11:31:23.190+0000] {logging_mixin.py:188} INFO - [2024-05-30T11:31:23.190+0000] {dag.py:3834} INFO - Setting next_dagrun for example_subdag_operator.section-2 to None, run_after=None
[2024-05-30T11:31:23.234+0000] {processor.py:183} INFO - Processing /home/airflow/.local/lib/python3.8/site-packages/airflow/example_dags/example_subdag_operator.py took 0.177 seconds
[2024-05-30T11:31:53.355+0000] {processor.py:161} INFO - Started process (PID=1872) to work on /home/airflow/.local/lib/python3.8/site-packages/airflow/example_dags/example_subdag_operator.py
[2024-05-30T11:31:53.357+0000] {processor.py:830} INFO - Processing file /home/airflow/.local/lib/python3.8/site-packages/airflow/example_dags/example_subdag_operator.py for tasks to queue
[2024-05-30T11:31:53.360+0000] {logging_mixin.py:188} INFO - [2024-05-30T11:31:53.360+0000] {dagbag.py:540} INFO - Filling up the DagBag from /home/airflow/.local/lib/python3.8/site-packages/airflow/example_dags/example_subdag_operator.py
[2024-05-30T11:31:53.416+0000] {processor.py:840} INFO - DAG(s) 'example_subdag_operator.section-1', 'example_subdag_operator.section-2', 'example_subdag_operator' retrieved from /home/airflow/.local/lib/python3.8/site-packages/airflow/example_dags/example_subdag_operator.py
[2024-05-30T11:31:53.452+0000] {logging_mixin.py:188} INFO - [2024-05-30T11:31:53.452+0000] {dag.py:3047} INFO - Sync 3 DAGs
[2024-05-30T11:31:53.511+0000] {logging_mixin.py:188} INFO - [2024-05-30T11:31:53.509+0000] {dag.py:3834} INFO - Setting next_dagrun for example_subdag_operator to 2022-01-01 00:00:00+00:00, run_after=2022-01-01 00:00:00+00:00
[2024-05-30T11:31:53.523+0000] {logging_mixin.py:188} INFO - [2024-05-30T11:31:53.523+0000] {dag.py:3834} INFO - Setting next_dagrun for example_subdag_operator.section-1 to None, run_after=None
[2024-05-30T11:31:53.527+0000] {logging_mixin.py:188} INFO - [2024-05-30T11:31:53.527+0000] {dag.py:3834} INFO - Setting next_dagrun for example_subdag_operator.section-2 to None, run_after=None
[2024-05-30T11:31:53.554+0000] {logging_mixin.py:188} INFO - [2024-05-30T11:31:53.554+0000] {dag.py:3047} INFO - Sync 2 DAGs
[2024-05-30T11:31:53.576+0000] {logging_mixin.py:188} INFO - [2024-05-30T11:31:53.575+0000] {dag.py:3834} INFO - Setting next_dagrun for example_subdag_operator.section-1 to None, run_after=None
[2024-05-30T11:31:53.578+0000] {logging_mixin.py:188} INFO - [2024-05-30T11:31:53.577+0000] {dag.py:3834} INFO - Setting next_dagrun for example_subdag_operator.section-2 to None, run_after=None
[2024-05-30T11:31:53.617+0000] {processor.py:183} INFO - Processing /home/airflow/.local/lib/python3.8/site-packages/airflow/example_dags/example_subdag_operator.py took 0.267 seconds
