[2024-05-30T11:15:40.991+0000] {processor.py:161} INFO - Started process (PID=58) to work on /home/airflow/.local/lib/python3.8/site-packages/airflow/example_dags/example_datasets.py
[2024-05-30T11:15:40.993+0000] {processor.py:830} INFO - Processing file /home/airflow/.local/lib/python3.8/site-packages/airflow/example_dags/example_datasets.py for tasks to queue
[2024-05-30T11:15:40.996+0000] {logging_mixin.py:188} INFO - [2024-05-30T11:15:40.995+0000] {dagbag.py:540} INFO - Filling up the DagBag from /home/airflow/.local/lib/python3.8/site-packages/airflow/example_dags/example_datasets.py
[2024-05-30T11:15:41.010+0000] {processor.py:840} INFO - DAG(s) 'dataset_consumes_1_and_2', 'dataset_produces_1', 'dataset_consumes_unknown_never_scheduled', 'dataset_consumes_1', 'dataset_produces_2', 'dataset_consumes_1_never_scheduled' retrieved from /home/airflow/.local/lib/python3.8/site-packages/airflow/example_dags/example_datasets.py
[2024-05-30T11:15:41.064+0000] {logging_mixin.py:188} INFO - [2024-05-30T11:15:41.063+0000] {dag.py:3047} INFO - Sync 6 DAGs
[2024-05-30T11:15:41.093+0000] {logging_mixin.py:188} INFO - [2024-05-30T11:15:41.092+0000] {dag.py:3834} INFO - Setting next_dagrun for dataset_consumes_1 to None, run_after=None
[2024-05-30T11:15:41.097+0000] {logging_mixin.py:188} INFO - [2024-05-30T11:15:41.097+0000] {dag.py:3834} INFO - Setting next_dagrun for dataset_consumes_1_and_2 to None, run_after=None
[2024-05-30T11:15:41.100+0000] {logging_mixin.py:188} INFO - [2024-05-30T11:15:41.099+0000] {dag.py:3834} INFO - Setting next_dagrun for dataset_consumes_1_never_scheduled to None, run_after=None
[2024-05-30T11:15:41.102+0000] {logging_mixin.py:188} INFO - [2024-05-30T11:15:41.102+0000] {dag.py:3834} INFO - Setting next_dagrun for dataset_consumes_unknown_never_scheduled to None, run_after=None
[2024-05-30T11:15:41.107+0000] {logging_mixin.py:188} INFO - [2024-05-30T11:15:41.106+0000] {dag.py:3834} INFO - Setting next_dagrun for dataset_produces_1 to 2024-05-29 00:00:00+00:00, run_after=2024-05-30 00:00:00+00:00
[2024-05-30T11:15:41.109+0000] {logging_mixin.py:188} INFO - [2024-05-30T11:15:41.109+0000] {dag.py:3834} INFO - Setting next_dagrun for dataset_produces_2 to None, run_after=None
[2024-05-30T11:15:41.162+0000] {processor.py:183} INFO - Processing /home/airflow/.local/lib/python3.8/site-packages/airflow/example_dags/example_datasets.py took 0.174 seconds
[2024-05-30T11:16:12.021+0000] {processor.py:161} INFO - Started process (PID=115) to work on /home/airflow/.local/lib/python3.8/site-packages/airflow/example_dags/example_datasets.py
[2024-05-30T11:16:12.022+0000] {processor.py:830} INFO - Processing file /home/airflow/.local/lib/python3.8/site-packages/airflow/example_dags/example_datasets.py for tasks to queue
[2024-05-30T11:16:12.024+0000] {logging_mixin.py:188} INFO - [2024-05-30T11:16:12.024+0000] {dagbag.py:540} INFO - Filling up the DagBag from /home/airflow/.local/lib/python3.8/site-packages/airflow/example_dags/example_datasets.py
[2024-05-30T11:16:12.033+0000] {processor.py:840} INFO - DAG(s) 'dataset_produces_1', 'dataset_consumes_1', 'dataset_consumes_unknown_never_scheduled', 'dataset_consumes_1_and_2', 'dataset_produces_2', 'dataset_consumes_1_never_scheduled' retrieved from /home/airflow/.local/lib/python3.8/site-packages/airflow/example_dags/example_datasets.py
[2024-05-30T11:16:12.084+0000] {logging_mixin.py:188} INFO - [2024-05-30T11:16:12.084+0000] {dag.py:3047} INFO - Sync 6 DAGs
[2024-05-30T11:16:12.109+0000] {logging_mixin.py:188} INFO - [2024-05-30T11:16:12.108+0000] {dag.py:3834} INFO - Setting next_dagrun for dataset_consumes_1 to None, run_after=None
[2024-05-30T11:16:12.113+0000] {logging_mixin.py:188} INFO - [2024-05-30T11:16:12.113+0000] {dag.py:3834} INFO - Setting next_dagrun for dataset_consumes_1_and_2 to None, run_after=None
[2024-05-30T11:16:12.116+0000] {logging_mixin.py:188} INFO - [2024-05-30T11:16:12.116+0000] {dag.py:3834} INFO - Setting next_dagrun for dataset_consumes_1_never_scheduled to None, run_after=None
[2024-05-30T11:16:12.118+0000] {logging_mixin.py:188} INFO - [2024-05-30T11:16:12.118+0000] {dag.py:3834} INFO - Setting next_dagrun for dataset_consumes_unknown_never_scheduled to None, run_after=None
[2024-05-30T11:16:12.123+0000] {logging_mixin.py:188} INFO - [2024-05-30T11:16:12.122+0000] {dag.py:3834} INFO - Setting next_dagrun for dataset_produces_1 to 2024-05-29 00:00:00+00:00, run_after=2024-05-30 00:00:00+00:00
[2024-05-30T11:16:12.125+0000] {logging_mixin.py:188} INFO - [2024-05-30T11:16:12.125+0000] {dag.py:3834} INFO - Setting next_dagrun for dataset_produces_2 to None, run_after=None
[2024-05-30T11:16:12.168+0000] {processor.py:183} INFO - Processing /home/airflow/.local/lib/python3.8/site-packages/airflow/example_dags/example_datasets.py took 0.149 seconds
[2024-05-30T11:16:42.387+0000] {processor.py:161} INFO - Started process (PID=172) to work on /home/airflow/.local/lib/python3.8/site-packages/airflow/example_dags/example_datasets.py
[2024-05-30T11:16:42.389+0000] {processor.py:830} INFO - Processing file /home/airflow/.local/lib/python3.8/site-packages/airflow/example_dags/example_datasets.py for tasks to queue
[2024-05-30T11:16:42.392+0000] {logging_mixin.py:188} INFO - [2024-05-30T11:16:42.392+0000] {dagbag.py:540} INFO - Filling up the DagBag from /home/airflow/.local/lib/python3.8/site-packages/airflow/example_dags/example_datasets.py
[2024-05-30T11:16:42.408+0000] {processor.py:840} INFO - DAG(s) 'dataset_consumes_1_never_scheduled', 'dataset_produces_2', 'dataset_produces_1', 'dataset_consumes_1', 'dataset_consumes_1_and_2', 'dataset_consumes_unknown_never_scheduled' retrieved from /home/airflow/.local/lib/python3.8/site-packages/airflow/example_dags/example_datasets.py
[2024-05-30T11:16:42.456+0000] {logging_mixin.py:188} INFO - [2024-05-30T11:16:42.455+0000] {dag.py:3047} INFO - Sync 6 DAGs
[2024-05-30T11:16:42.485+0000] {logging_mixin.py:188} INFO - [2024-05-30T11:16:42.485+0000] {dag.py:3834} INFO - Setting next_dagrun for dataset_consumes_1 to None, run_after=None
[2024-05-30T11:16:42.491+0000] {logging_mixin.py:188} INFO - [2024-05-30T11:16:42.491+0000] {dag.py:3834} INFO - Setting next_dagrun for dataset_consumes_1_and_2 to None, run_after=None
[2024-05-30T11:16:42.494+0000] {logging_mixin.py:188} INFO - [2024-05-30T11:16:42.493+0000] {dag.py:3834} INFO - Setting next_dagrun for dataset_consumes_1_never_scheduled to None, run_after=None
[2024-05-30T11:16:42.496+0000] {logging_mixin.py:188} INFO - [2024-05-30T11:16:42.496+0000] {dag.py:3834} INFO - Setting next_dagrun for dataset_consumes_unknown_never_scheduled to None, run_after=None
[2024-05-30T11:16:42.501+0000] {logging_mixin.py:188} INFO - [2024-05-30T11:16:42.500+0000] {dag.py:3834} INFO - Setting next_dagrun for dataset_produces_1 to 2024-05-29 00:00:00+00:00, run_after=2024-05-30 00:00:00+00:00
[2024-05-30T11:16:42.503+0000] {logging_mixin.py:188} INFO - [2024-05-30T11:16:42.503+0000] {dag.py:3834} INFO - Setting next_dagrun for dataset_produces_2 to None, run_after=None
[2024-05-30T11:16:42.547+0000] {processor.py:183} INFO - Processing /home/airflow/.local/lib/python3.8/site-packages/airflow/example_dags/example_datasets.py took 0.162 seconds
[2024-05-30T11:17:12.683+0000] {processor.py:161} INFO - Started process (PID=229) to work on /home/airflow/.local/lib/python3.8/site-packages/airflow/example_dags/example_datasets.py
[2024-05-30T11:17:12.684+0000] {processor.py:830} INFO - Processing file /home/airflow/.local/lib/python3.8/site-packages/airflow/example_dags/example_datasets.py for tasks to queue
[2024-05-30T11:17:12.687+0000] {logging_mixin.py:188} INFO - [2024-05-30T11:17:12.686+0000] {dagbag.py:540} INFO - Filling up the DagBag from /home/airflow/.local/lib/python3.8/site-packages/airflow/example_dags/example_datasets.py
[2024-05-30T11:17:12.697+0000] {processor.py:840} INFO - DAG(s) 'dataset_consumes_1_never_scheduled', 'dataset_produces_2', 'dataset_consumes_unknown_never_scheduled', 'dataset_consumes_1_and_2', 'dataset_consumes_1', 'dataset_produces_1' retrieved from /home/airflow/.local/lib/python3.8/site-packages/airflow/example_dags/example_datasets.py
[2024-05-30T11:17:12.744+0000] {logging_mixin.py:188} INFO - [2024-05-30T11:17:12.743+0000] {dag.py:3047} INFO - Sync 6 DAGs
[2024-05-30T11:17:12.778+0000] {logging_mixin.py:188} INFO - [2024-05-30T11:17:12.778+0000] {dag.py:3834} INFO - Setting next_dagrun for dataset_consumes_1 to None, run_after=None
[2024-05-30T11:17:12.784+0000] {logging_mixin.py:188} INFO - [2024-05-30T11:17:12.784+0000] {dag.py:3834} INFO - Setting next_dagrun for dataset_consumes_1_and_2 to None, run_after=None
[2024-05-30T11:17:12.787+0000] {logging_mixin.py:188} INFO - [2024-05-30T11:17:12.787+0000] {dag.py:3834} INFO - Setting next_dagrun for dataset_consumes_1_never_scheduled to None, run_after=None
[2024-05-30T11:17:12.791+0000] {logging_mixin.py:188} INFO - [2024-05-30T11:17:12.790+0000] {dag.py:3834} INFO - Setting next_dagrun for dataset_consumes_unknown_never_scheduled to None, run_after=None
[2024-05-30T11:17:12.795+0000] {logging_mixin.py:188} INFO - [2024-05-30T11:17:12.795+0000] {dag.py:3834} INFO - Setting next_dagrun for dataset_produces_1 to 2024-05-29 00:00:00+00:00, run_after=2024-05-30 00:00:00+00:00
[2024-05-30T11:17:12.798+0000] {logging_mixin.py:188} INFO - [2024-05-30T11:17:12.798+0000] {dag.py:3834} INFO - Setting next_dagrun for dataset_produces_2 to None, run_after=None
[2024-05-30T11:17:12.852+0000] {processor.py:183} INFO - Processing /home/airflow/.local/lib/python3.8/site-packages/airflow/example_dags/example_datasets.py took 0.171 seconds
[2024-05-30T11:17:44.074+0000] {processor.py:161} INFO - Started process (PID=286) to work on /home/airflow/.local/lib/python3.8/site-packages/airflow/example_dags/example_datasets.py
[2024-05-30T11:17:44.076+0000] {processor.py:830} INFO - Processing file /home/airflow/.local/lib/python3.8/site-packages/airflow/example_dags/example_datasets.py for tasks to queue
[2024-05-30T11:17:44.079+0000] {logging_mixin.py:188} INFO - [2024-05-30T11:17:44.078+0000] {dagbag.py:540} INFO - Filling up the DagBag from /home/airflow/.local/lib/python3.8/site-packages/airflow/example_dags/example_datasets.py
[2024-05-30T11:17:44.090+0000] {processor.py:840} INFO - DAG(s) 'dataset_consumes_1', 'dataset_consumes_1_and_2', 'dataset_produces_1', 'dataset_consumes_1_never_scheduled', 'dataset_produces_2', 'dataset_consumes_unknown_never_scheduled' retrieved from /home/airflow/.local/lib/python3.8/site-packages/airflow/example_dags/example_datasets.py
[2024-05-30T11:17:44.139+0000] {logging_mixin.py:188} INFO - [2024-05-30T11:17:44.138+0000] {dag.py:3047} INFO - Sync 6 DAGs
[2024-05-30T11:17:44.167+0000] {logging_mixin.py:188} INFO - [2024-05-30T11:17:44.166+0000] {dag.py:3834} INFO - Setting next_dagrun for dataset_consumes_1 to None, run_after=None
[2024-05-30T11:17:44.171+0000] {logging_mixin.py:188} INFO - [2024-05-30T11:17:44.171+0000] {dag.py:3834} INFO - Setting next_dagrun for dataset_consumes_1_and_2 to None, run_after=None
[2024-05-30T11:17:44.174+0000] {logging_mixin.py:188} INFO - [2024-05-30T11:17:44.173+0000] {dag.py:3834} INFO - Setting next_dagrun for dataset_consumes_1_never_scheduled to None, run_after=None
[2024-05-30T11:17:44.176+0000] {logging_mixin.py:188} INFO - [2024-05-30T11:17:44.176+0000] {dag.py:3834} INFO - Setting next_dagrun for dataset_consumes_unknown_never_scheduled to None, run_after=None
[2024-05-30T11:17:44.180+0000] {logging_mixin.py:188} INFO - [2024-05-30T11:17:44.180+0000] {dag.py:3834} INFO - Setting next_dagrun for dataset_produces_1 to 2024-05-29 00:00:00+00:00, run_after=2024-05-30 00:00:00+00:00
[2024-05-30T11:17:44.183+0000] {logging_mixin.py:188} INFO - [2024-05-30T11:17:44.182+0000] {dag.py:3834} INFO - Setting next_dagrun for dataset_produces_2 to None, run_after=None
[2024-05-30T11:17:44.228+0000] {processor.py:183} INFO - Processing /home/airflow/.local/lib/python3.8/site-packages/airflow/example_dags/example_datasets.py took 0.157 seconds
[2024-05-30T11:18:14.327+0000] {processor.py:161} INFO - Started process (PID=343) to work on /home/airflow/.local/lib/python3.8/site-packages/airflow/example_dags/example_datasets.py
[2024-05-30T11:18:14.328+0000] {processor.py:830} INFO - Processing file /home/airflow/.local/lib/python3.8/site-packages/airflow/example_dags/example_datasets.py for tasks to queue
[2024-05-30T11:18:14.330+0000] {logging_mixin.py:188} INFO - [2024-05-30T11:18:14.329+0000] {dagbag.py:540} INFO - Filling up the DagBag from /home/airflow/.local/lib/python3.8/site-packages/airflow/example_dags/example_datasets.py
[2024-05-30T11:18:14.339+0000] {processor.py:840} INFO - DAG(s) 'dataset_produces_2', 'dataset_consumes_unknown_never_scheduled', 'dataset_produces_1', 'dataset_consumes_1', 'dataset_consumes_1_never_scheduled', 'dataset_consumes_1_and_2' retrieved from /home/airflow/.local/lib/python3.8/site-packages/airflow/example_dags/example_datasets.py
[2024-05-30T11:18:14.384+0000] {logging_mixin.py:188} INFO - [2024-05-30T11:18:14.384+0000] {dag.py:3047} INFO - Sync 6 DAGs
[2024-05-30T11:18:14.413+0000] {logging_mixin.py:188} INFO - [2024-05-30T11:18:14.412+0000] {dag.py:3834} INFO - Setting next_dagrun for dataset_consumes_1 to None, run_after=None
[2024-05-30T11:18:14.418+0000] {logging_mixin.py:188} INFO - [2024-05-30T11:18:14.417+0000] {dag.py:3834} INFO - Setting next_dagrun for dataset_consumes_1_and_2 to None, run_after=None
[2024-05-30T11:18:14.420+0000] {logging_mixin.py:188} INFO - [2024-05-30T11:18:14.420+0000] {dag.py:3834} INFO - Setting next_dagrun for dataset_consumes_1_never_scheduled to None, run_after=None
[2024-05-30T11:18:14.422+0000] {logging_mixin.py:188} INFO - [2024-05-30T11:18:14.422+0000] {dag.py:3834} INFO - Setting next_dagrun for dataset_consumes_unknown_never_scheduled to None, run_after=None
[2024-05-30T11:18:14.426+0000] {logging_mixin.py:188} INFO - [2024-05-30T11:18:14.426+0000] {dag.py:3834} INFO - Setting next_dagrun for dataset_produces_1 to 2024-05-29 00:00:00+00:00, run_after=2024-05-30 00:00:00+00:00
[2024-05-30T11:18:14.429+0000] {logging_mixin.py:188} INFO - [2024-05-30T11:18:14.428+0000] {dag.py:3834} INFO - Setting next_dagrun for dataset_produces_2 to None, run_after=None
[2024-05-30T11:18:14.474+0000] {processor.py:183} INFO - Processing /home/airflow/.local/lib/python3.8/site-packages/airflow/example_dags/example_datasets.py took 0.150 seconds
[2024-05-30T11:18:44.577+0000] {processor.py:161} INFO - Started process (PID=398) to work on /home/airflow/.local/lib/python3.8/site-packages/airflow/example_dags/example_datasets.py
[2024-05-30T11:18:44.579+0000] {processor.py:830} INFO - Processing file /home/airflow/.local/lib/python3.8/site-packages/airflow/example_dags/example_datasets.py for tasks to queue
[2024-05-30T11:18:44.581+0000] {logging_mixin.py:188} INFO - [2024-05-30T11:18:44.580+0000] {dagbag.py:540} INFO - Filling up the DagBag from /home/airflow/.local/lib/python3.8/site-packages/airflow/example_dags/example_datasets.py
[2024-05-30T11:18:44.590+0000] {processor.py:840} INFO - DAG(s) 'dataset_consumes_1', 'dataset_consumes_1_never_scheduled', 'dataset_consumes_1_and_2', 'dataset_produces_1', 'dataset_produces_2', 'dataset_consumes_unknown_never_scheduled' retrieved from /home/airflow/.local/lib/python3.8/site-packages/airflow/example_dags/example_datasets.py
[2024-05-30T11:18:44.637+0000] {logging_mixin.py:188} INFO - [2024-05-30T11:18:44.636+0000] {dag.py:3047} INFO - Sync 6 DAGs
[2024-05-30T11:18:44.662+0000] {logging_mixin.py:188} INFO - [2024-05-30T11:18:44.662+0000] {dag.py:3834} INFO - Setting next_dagrun for dataset_consumes_1 to None, run_after=None
[2024-05-30T11:18:44.667+0000] {logging_mixin.py:188} INFO - [2024-05-30T11:18:44.667+0000] {dag.py:3834} INFO - Setting next_dagrun for dataset_consumes_1_and_2 to None, run_after=None
[2024-05-30T11:18:44.669+0000] {logging_mixin.py:188} INFO - [2024-05-30T11:18:44.669+0000] {dag.py:3834} INFO - Setting next_dagrun for dataset_consumes_1_never_scheduled to None, run_after=None
[2024-05-30T11:18:44.671+0000] {logging_mixin.py:188} INFO - [2024-05-30T11:18:44.671+0000] {dag.py:3834} INFO - Setting next_dagrun for dataset_consumes_unknown_never_scheduled to None, run_after=None
[2024-05-30T11:18:44.675+0000] {logging_mixin.py:188} INFO - [2024-05-30T11:18:44.675+0000] {dag.py:3834} INFO - Setting next_dagrun for dataset_produces_1 to 2024-05-29 00:00:00+00:00, run_after=2024-05-30 00:00:00+00:00
[2024-05-30T11:18:44.678+0000] {logging_mixin.py:188} INFO - [2024-05-30T11:18:44.677+0000] {dag.py:3834} INFO - Setting next_dagrun for dataset_produces_2 to None, run_after=None
[2024-05-30T11:18:44.716+0000] {processor.py:183} INFO - Processing /home/airflow/.local/lib/python3.8/site-packages/airflow/example_dags/example_datasets.py took 0.142 seconds
[2024-05-30T11:19:15.510+0000] {processor.py:161} INFO - Started process (PID=455) to work on /home/airflow/.local/lib/python3.8/site-packages/airflow/example_dags/example_datasets.py
[2024-05-30T11:19:15.511+0000] {processor.py:830} INFO - Processing file /home/airflow/.local/lib/python3.8/site-packages/airflow/example_dags/example_datasets.py for tasks to queue
[2024-05-30T11:19:15.513+0000] {logging_mixin.py:188} INFO - [2024-05-30T11:19:15.512+0000] {dagbag.py:540} INFO - Filling up the DagBag from /home/airflow/.local/lib/python3.8/site-packages/airflow/example_dags/example_datasets.py
[2024-05-30T11:19:15.526+0000] {processor.py:840} INFO - DAG(s) 'dataset_consumes_1_and_2', 'dataset_consumes_unknown_never_scheduled', 'dataset_produces_2', 'dataset_consumes_1', 'dataset_consumes_1_never_scheduled', 'dataset_produces_1' retrieved from /home/airflow/.local/lib/python3.8/site-packages/airflow/example_dags/example_datasets.py
[2024-05-30T11:19:15.569+0000] {logging_mixin.py:188} INFO - [2024-05-30T11:19:15.569+0000] {dag.py:3047} INFO - Sync 6 DAGs
[2024-05-30T11:19:15.596+0000] {logging_mixin.py:188} INFO - [2024-05-30T11:19:15.596+0000] {dag.py:3834} INFO - Setting next_dagrun for dataset_consumes_1 to None, run_after=None
[2024-05-30T11:19:15.601+0000] {logging_mixin.py:188} INFO - [2024-05-30T11:19:15.601+0000] {dag.py:3834} INFO - Setting next_dagrun for dataset_consumes_1_and_2 to None, run_after=None
[2024-05-30T11:19:15.603+0000] {logging_mixin.py:188} INFO - [2024-05-30T11:19:15.603+0000] {dag.py:3834} INFO - Setting next_dagrun for dataset_consumes_1_never_scheduled to None, run_after=None
[2024-05-30T11:19:15.605+0000] {logging_mixin.py:188} INFO - [2024-05-30T11:19:15.605+0000] {dag.py:3834} INFO - Setting next_dagrun for dataset_consumes_unknown_never_scheduled to None, run_after=None
[2024-05-30T11:19:15.610+0000] {logging_mixin.py:188} INFO - [2024-05-30T11:19:15.609+0000] {dag.py:3834} INFO - Setting next_dagrun for dataset_produces_1 to 2024-05-29 00:00:00+00:00, run_after=2024-05-30 00:00:00+00:00
[2024-05-30T11:19:15.612+0000] {logging_mixin.py:188} INFO - [2024-05-30T11:19:15.612+0000] {dag.py:3834} INFO - Setting next_dagrun for dataset_produces_2 to None, run_after=None
[2024-05-30T11:19:15.670+0000] {processor.py:183} INFO - Processing /home/airflow/.local/lib/python3.8/site-packages/airflow/example_dags/example_datasets.py took 0.163 seconds
[2024-05-30T11:19:46.152+0000] {processor.py:161} INFO - Started process (PID=518) to work on /home/airflow/.local/lib/python3.8/site-packages/airflow/example_dags/example_datasets.py
[2024-05-30T11:19:46.153+0000] {processor.py:830} INFO - Processing file /home/airflow/.local/lib/python3.8/site-packages/airflow/example_dags/example_datasets.py for tasks to queue
[2024-05-30T11:19:46.155+0000] {logging_mixin.py:188} INFO - [2024-05-30T11:19:46.154+0000] {dagbag.py:540} INFO - Filling up the DagBag from /home/airflow/.local/lib/python3.8/site-packages/airflow/example_dags/example_datasets.py
[2024-05-30T11:19:46.164+0000] {processor.py:840} INFO - DAG(s) 'dataset_produces_2', 'dataset_produces_1', 'dataset_consumes_1', 'dataset_consumes_unknown_never_scheduled', 'dataset_consumes_1_and_2', 'dataset_consumes_1_never_scheduled' retrieved from /home/airflow/.local/lib/python3.8/site-packages/airflow/example_dags/example_datasets.py
[2024-05-30T11:19:46.207+0000] {logging_mixin.py:188} INFO - [2024-05-30T11:19:46.206+0000] {dag.py:3047} INFO - Sync 6 DAGs
[2024-05-30T11:19:46.240+0000] {logging_mixin.py:188} INFO - [2024-05-30T11:19:46.240+0000] {dag.py:3834} INFO - Setting next_dagrun for dataset_consumes_1 to None, run_after=None
[2024-05-30T11:19:46.246+0000] {logging_mixin.py:188} INFO - [2024-05-30T11:19:46.246+0000] {dag.py:3834} INFO - Setting next_dagrun for dataset_consumes_1_and_2 to None, run_after=None
[2024-05-30T11:19:46.249+0000] {logging_mixin.py:188} INFO - [2024-05-30T11:19:46.248+0000] {dag.py:3834} INFO - Setting next_dagrun for dataset_consumes_1_never_scheduled to None, run_after=None
[2024-05-30T11:19:46.252+0000] {logging_mixin.py:188} INFO - [2024-05-30T11:19:46.251+0000] {dag.py:3834} INFO - Setting next_dagrun for dataset_consumes_unknown_never_scheduled to None, run_after=None
[2024-05-30T11:19:46.256+0000] {logging_mixin.py:188} INFO - [2024-05-30T11:19:46.255+0000] {dag.py:3834} INFO - Setting next_dagrun for dataset_produces_1 to 2024-05-29 00:00:00+00:00, run_after=2024-05-30 00:00:00+00:00
[2024-05-30T11:19:46.258+0000] {logging_mixin.py:188} INFO - [2024-05-30T11:19:46.258+0000] {dag.py:3834} INFO - Setting next_dagrun for dataset_produces_2 to None, run_after=None
[2024-05-30T11:19:46.302+0000] {processor.py:183} INFO - Processing /home/airflow/.local/lib/python3.8/site-packages/airflow/example_dags/example_datasets.py took 0.153 seconds
[2024-05-30T11:20:16.852+0000] {processor.py:161} INFO - Started process (PID=575) to work on /home/airflow/.local/lib/python3.8/site-packages/airflow/example_dags/example_datasets.py
[2024-05-30T11:20:16.853+0000] {processor.py:830} INFO - Processing file /home/airflow/.local/lib/python3.8/site-packages/airflow/example_dags/example_datasets.py for tasks to queue
[2024-05-30T11:20:16.855+0000] {logging_mixin.py:188} INFO - [2024-05-30T11:20:16.855+0000] {dagbag.py:540} INFO - Filling up the DagBag from /home/airflow/.local/lib/python3.8/site-packages/airflow/example_dags/example_datasets.py
[2024-05-30T11:20:16.867+0000] {processor.py:840} INFO - DAG(s) 'dataset_consumes_1_and_2', 'dataset_consumes_1_never_scheduled', 'dataset_consumes_1', 'dataset_produces_1', 'dataset_produces_2', 'dataset_consumes_unknown_never_scheduled' retrieved from /home/airflow/.local/lib/python3.8/site-packages/airflow/example_dags/example_datasets.py
[2024-05-30T11:20:16.924+0000] {logging_mixin.py:188} INFO - [2024-05-30T11:20:16.924+0000] {dag.py:3047} INFO - Sync 6 DAGs
[2024-05-30T11:20:16.977+0000] {logging_mixin.py:188} INFO - [2024-05-30T11:20:16.977+0000] {dag.py:3834} INFO - Setting next_dagrun for dataset_consumes_1 to None, run_after=None
[2024-05-30T11:20:16.986+0000] {logging_mixin.py:188} INFO - [2024-05-30T11:20:16.985+0000] {dag.py:3834} INFO - Setting next_dagrun for dataset_consumes_1_and_2 to None, run_after=None
[2024-05-30T11:20:16.989+0000] {logging_mixin.py:188} INFO - [2024-05-30T11:20:16.989+0000] {dag.py:3834} INFO - Setting next_dagrun for dataset_consumes_1_never_scheduled to None, run_after=None
[2024-05-30T11:20:16.993+0000] {logging_mixin.py:188} INFO - [2024-05-30T11:20:16.993+0000] {dag.py:3834} INFO - Setting next_dagrun for dataset_consumes_unknown_never_scheduled to None, run_after=None
[2024-05-30T11:20:17.001+0000] {logging_mixin.py:188} INFO - [2024-05-30T11:20:17.000+0000] {dag.py:3834} INFO - Setting next_dagrun for dataset_produces_1 to 2024-05-29 00:00:00+00:00, run_after=2024-05-30 00:00:00+00:00
[2024-05-30T11:20:17.004+0000] {logging_mixin.py:188} INFO - [2024-05-30T11:20:17.003+0000] {dag.py:3834} INFO - Setting next_dagrun for dataset_produces_2 to None, run_after=None
[2024-05-30T11:20:17.073+0000] {processor.py:183} INFO - Processing /home/airflow/.local/lib/python3.8/site-packages/airflow/example_dags/example_datasets.py took 0.224 seconds
[2024-05-30T11:20:48.002+0000] {processor.py:161} INFO - Started process (PID=632) to work on /home/airflow/.local/lib/python3.8/site-packages/airflow/example_dags/example_datasets.py
[2024-05-30T11:20:48.004+0000] {processor.py:830} INFO - Processing file /home/airflow/.local/lib/python3.8/site-packages/airflow/example_dags/example_datasets.py for tasks to queue
[2024-05-30T11:20:48.007+0000] {logging_mixin.py:188} INFO - [2024-05-30T11:20:48.006+0000] {dagbag.py:540} INFO - Filling up the DagBag from /home/airflow/.local/lib/python3.8/site-packages/airflow/example_dags/example_datasets.py
[2024-05-30T11:20:48.026+0000] {processor.py:840} INFO - DAG(s) 'dataset_consumes_1_never_scheduled', 'dataset_consumes_1_and_2', 'dataset_produces_1', 'dataset_consumes_1', 'dataset_consumes_unknown_never_scheduled', 'dataset_produces_2' retrieved from /home/airflow/.local/lib/python3.8/site-packages/airflow/example_dags/example_datasets.py
[2024-05-30T11:20:48.129+0000] {logging_mixin.py:188} INFO - [2024-05-30T11:20:48.128+0000] {dag.py:3047} INFO - Sync 6 DAGs
[2024-05-30T11:20:48.173+0000] {logging_mixin.py:188} INFO - [2024-05-30T11:20:48.173+0000] {dag.py:3834} INFO - Setting next_dagrun for dataset_consumes_1 to None, run_after=None
[2024-05-30T11:20:48.181+0000] {logging_mixin.py:188} INFO - [2024-05-30T11:20:48.181+0000] {dag.py:3834} INFO - Setting next_dagrun for dataset_consumes_1_and_2 to None, run_after=None
[2024-05-30T11:20:48.184+0000] {logging_mixin.py:188} INFO - [2024-05-30T11:20:48.184+0000] {dag.py:3834} INFO - Setting next_dagrun for dataset_consumes_1_never_scheduled to None, run_after=None
[2024-05-30T11:20:48.187+0000] {logging_mixin.py:188} INFO - [2024-05-30T11:20:48.186+0000] {dag.py:3834} INFO - Setting next_dagrun for dataset_consumes_unknown_never_scheduled to None, run_after=None
[2024-05-30T11:20:48.194+0000] {logging_mixin.py:188} INFO - [2024-05-30T11:20:48.194+0000] {dag.py:3834} INFO - Setting next_dagrun for dataset_produces_1 to 2024-05-29 00:00:00+00:00, run_after=2024-05-30 00:00:00+00:00
[2024-05-30T11:20:48.197+0000] {logging_mixin.py:188} INFO - [2024-05-30T11:20:48.197+0000] {dag.py:3834} INFO - Setting next_dagrun for dataset_produces_2 to None, run_after=None
[2024-05-30T11:20:48.304+0000] {processor.py:183} INFO - Processing /home/airflow/.local/lib/python3.8/site-packages/airflow/example_dags/example_datasets.py took 0.306 seconds
[2024-05-30T11:21:18.416+0000] {processor.py:161} INFO - Started process (PID=690) to work on /home/airflow/.local/lib/python3.8/site-packages/airflow/example_dags/example_datasets.py
[2024-05-30T11:21:18.417+0000] {processor.py:830} INFO - Processing file /home/airflow/.local/lib/python3.8/site-packages/airflow/example_dags/example_datasets.py for tasks to queue
[2024-05-30T11:21:18.419+0000] {logging_mixin.py:188} INFO - [2024-05-30T11:21:18.419+0000] {dagbag.py:540} INFO - Filling up the DagBag from /home/airflow/.local/lib/python3.8/site-packages/airflow/example_dags/example_datasets.py
[2024-05-30T11:21:18.428+0000] {processor.py:840} INFO - DAG(s) 'dataset_consumes_unknown_never_scheduled', 'dataset_produces_2', 'dataset_consumes_1_and_2', 'dataset_consumes_1_never_scheduled', 'dataset_produces_1', 'dataset_consumes_1' retrieved from /home/airflow/.local/lib/python3.8/site-packages/airflow/example_dags/example_datasets.py
[2024-05-30T11:21:18.472+0000] {logging_mixin.py:188} INFO - [2024-05-30T11:21:18.472+0000] {dag.py:3047} INFO - Sync 6 DAGs
[2024-05-30T11:21:18.496+0000] {logging_mixin.py:188} INFO - [2024-05-30T11:21:18.496+0000] {dag.py:3834} INFO - Setting next_dagrun for dataset_consumes_1 to None, run_after=None
[2024-05-30T11:21:18.501+0000] {logging_mixin.py:188} INFO - [2024-05-30T11:21:18.501+0000] {dag.py:3834} INFO - Setting next_dagrun for dataset_consumes_1_and_2 to None, run_after=None
[2024-05-30T11:21:18.503+0000] {logging_mixin.py:188} INFO - [2024-05-30T11:21:18.503+0000] {dag.py:3834} INFO - Setting next_dagrun for dataset_consumes_1_never_scheduled to None, run_after=None
[2024-05-30T11:21:18.506+0000] {logging_mixin.py:188} INFO - [2024-05-30T11:21:18.505+0000] {dag.py:3834} INFO - Setting next_dagrun for dataset_consumes_unknown_never_scheduled to None, run_after=None
[2024-05-30T11:21:18.510+0000] {logging_mixin.py:188} INFO - [2024-05-30T11:21:18.509+0000] {dag.py:3834} INFO - Setting next_dagrun for dataset_produces_1 to 2024-05-29 00:00:00+00:00, run_after=2024-05-30 00:00:00+00:00
[2024-05-30T11:21:18.512+0000] {logging_mixin.py:188} INFO - [2024-05-30T11:21:18.512+0000] {dag.py:3834} INFO - Setting next_dagrun for dataset_produces_2 to None, run_after=None
[2024-05-30T11:21:18.551+0000] {processor.py:183} INFO - Processing /home/airflow/.local/lib/python3.8/site-packages/airflow/example_dags/example_datasets.py took 0.138 seconds
[2024-05-30T11:21:49.053+0000] {processor.py:161} INFO - Started process (PID=746) to work on /home/airflow/.local/lib/python3.8/site-packages/airflow/example_dags/example_datasets.py
[2024-05-30T11:21:49.054+0000] {processor.py:830} INFO - Processing file /home/airflow/.local/lib/python3.8/site-packages/airflow/example_dags/example_datasets.py for tasks to queue
[2024-05-30T11:21:49.057+0000] {logging_mixin.py:188} INFO - [2024-05-30T11:21:49.057+0000] {dagbag.py:540} INFO - Filling up the DagBag from /home/airflow/.local/lib/python3.8/site-packages/airflow/example_dags/example_datasets.py
[2024-05-30T11:21:49.073+0000] {processor.py:840} INFO - DAG(s) 'dataset_produces_1', 'dataset_consumes_1', 'dataset_consumes_1_and_2', 'dataset_consumes_1_never_scheduled', 'dataset_consumes_unknown_never_scheduled', 'dataset_produces_2' retrieved from /home/airflow/.local/lib/python3.8/site-packages/airflow/example_dags/example_datasets.py
[2024-05-30T11:21:49.132+0000] {logging_mixin.py:188} INFO - [2024-05-30T11:21:49.132+0000] {dag.py:3047} INFO - Sync 6 DAGs
[2024-05-30T11:21:49.164+0000] {logging_mixin.py:188} INFO - [2024-05-30T11:21:49.163+0000] {dag.py:3834} INFO - Setting next_dagrun for dataset_consumes_1 to None, run_after=None
[2024-05-30T11:21:49.170+0000] {logging_mixin.py:188} INFO - [2024-05-30T11:21:49.170+0000] {dag.py:3834} INFO - Setting next_dagrun for dataset_consumes_1_and_2 to None, run_after=None
[2024-05-30T11:21:49.173+0000] {logging_mixin.py:188} INFO - [2024-05-30T11:21:49.172+0000] {dag.py:3834} INFO - Setting next_dagrun for dataset_consumes_1_never_scheduled to None, run_after=None
[2024-05-30T11:21:49.175+0000] {logging_mixin.py:188} INFO - [2024-05-30T11:21:49.174+0000] {dag.py:3834} INFO - Setting next_dagrun for dataset_consumes_unknown_never_scheduled to None, run_after=None
[2024-05-30T11:21:49.179+0000] {logging_mixin.py:188} INFO - [2024-05-30T11:21:49.179+0000] {dag.py:3834} INFO - Setting next_dagrun for dataset_produces_1 to 2024-05-29 00:00:00+00:00, run_after=2024-05-30 00:00:00+00:00
[2024-05-30T11:21:49.181+0000] {logging_mixin.py:188} INFO - [2024-05-30T11:21:49.181+0000] {dag.py:3834} INFO - Setting next_dagrun for dataset_produces_2 to None, run_after=None
[2024-05-30T11:21:49.227+0000] {processor.py:183} INFO - Processing /home/airflow/.local/lib/python3.8/site-packages/airflow/example_dags/example_datasets.py took 0.180 seconds
[2024-05-30T11:22:19.372+0000] {processor.py:161} INFO - Started process (PID=804) to work on /home/airflow/.local/lib/python3.8/site-packages/airflow/example_dags/example_datasets.py
[2024-05-30T11:22:19.373+0000] {processor.py:830} INFO - Processing file /home/airflow/.local/lib/python3.8/site-packages/airflow/example_dags/example_datasets.py for tasks to queue
[2024-05-30T11:22:19.375+0000] {logging_mixin.py:188} INFO - [2024-05-30T11:22:19.374+0000] {dagbag.py:540} INFO - Filling up the DagBag from /home/airflow/.local/lib/python3.8/site-packages/airflow/example_dags/example_datasets.py
[2024-05-30T11:22:19.386+0000] {processor.py:840} INFO - DAG(s) 'dataset_consumes_1_never_scheduled', 'dataset_consumes_1_and_2', 'dataset_consumes_1', 'dataset_produces_2', 'dataset_produces_1', 'dataset_consumes_unknown_never_scheduled' retrieved from /home/airflow/.local/lib/python3.8/site-packages/airflow/example_dags/example_datasets.py
[2024-05-30T11:22:19.433+0000] {logging_mixin.py:188} INFO - [2024-05-30T11:22:19.432+0000] {dag.py:3047} INFO - Sync 6 DAGs
[2024-05-30T11:22:19.457+0000] {logging_mixin.py:188} INFO - [2024-05-30T11:22:19.457+0000] {dag.py:3834} INFO - Setting next_dagrun for dataset_consumes_1 to None, run_after=None
[2024-05-30T11:22:19.462+0000] {logging_mixin.py:188} INFO - [2024-05-30T11:22:19.462+0000] {dag.py:3834} INFO - Setting next_dagrun for dataset_consumes_1_and_2 to None, run_after=None
[2024-05-30T11:22:19.465+0000] {logging_mixin.py:188} INFO - [2024-05-30T11:22:19.464+0000] {dag.py:3834} INFO - Setting next_dagrun for dataset_consumes_1_never_scheduled to None, run_after=None
[2024-05-30T11:22:19.467+0000] {logging_mixin.py:188} INFO - [2024-05-30T11:22:19.467+0000] {dag.py:3834} INFO - Setting next_dagrun for dataset_consumes_unknown_never_scheduled to None, run_after=None
[2024-05-30T11:22:19.471+0000] {logging_mixin.py:188} INFO - [2024-05-30T11:22:19.470+0000] {dag.py:3834} INFO - Setting next_dagrun for dataset_produces_1 to 2024-05-29 00:00:00+00:00, run_after=2024-05-30 00:00:00+00:00
[2024-05-30T11:22:19.473+0000] {logging_mixin.py:188} INFO - [2024-05-30T11:22:19.473+0000] {dag.py:3834} INFO - Setting next_dagrun for dataset_produces_2 to None, run_after=None
[2024-05-30T11:22:19.520+0000] {processor.py:183} INFO - Processing /home/airflow/.local/lib/python3.8/site-packages/airflow/example_dags/example_datasets.py took 0.151 seconds
[2024-05-30T11:22:50.010+0000] {processor.py:161} INFO - Started process (PID=860) to work on /home/airflow/.local/lib/python3.8/site-packages/airflow/example_dags/example_datasets.py
[2024-05-30T11:22:50.011+0000] {processor.py:830} INFO - Processing file /home/airflow/.local/lib/python3.8/site-packages/airflow/example_dags/example_datasets.py for tasks to queue
[2024-05-30T11:22:50.013+0000] {logging_mixin.py:188} INFO - [2024-05-30T11:22:50.013+0000] {dagbag.py:540} INFO - Filling up the DagBag from /home/airflow/.local/lib/python3.8/site-packages/airflow/example_dags/example_datasets.py
[2024-05-30T11:22:50.023+0000] {processor.py:840} INFO - DAG(s) 'dataset_consumes_1_never_scheduled', 'dataset_consumes_1', 'dataset_produces_2', 'dataset_consumes_1_and_2', 'dataset_produces_1', 'dataset_consumes_unknown_never_scheduled' retrieved from /home/airflow/.local/lib/python3.8/site-packages/airflow/example_dags/example_datasets.py
[2024-05-30T11:22:50.077+0000] {logging_mixin.py:188} INFO - [2024-05-30T11:22:50.077+0000] {dag.py:3047} INFO - Sync 6 DAGs
[2024-05-30T11:22:50.135+0000] {logging_mixin.py:188} INFO - [2024-05-30T11:22:50.134+0000] {dag.py:3834} INFO - Setting next_dagrun for dataset_consumes_1 to None, run_after=None
[2024-05-30T11:22:50.142+0000] {logging_mixin.py:188} INFO - [2024-05-30T11:22:50.141+0000] {dag.py:3834} INFO - Setting next_dagrun for dataset_consumes_1_and_2 to None, run_after=None
[2024-05-30T11:22:50.146+0000] {logging_mixin.py:188} INFO - [2024-05-30T11:22:50.145+0000] {dag.py:3834} INFO - Setting next_dagrun for dataset_consumes_1_never_scheduled to None, run_after=None
[2024-05-30T11:22:50.150+0000] {logging_mixin.py:188} INFO - [2024-05-30T11:22:50.149+0000] {dag.py:3834} INFO - Setting next_dagrun for dataset_consumes_unknown_never_scheduled to None, run_after=None
[2024-05-30T11:22:50.158+0000] {logging_mixin.py:188} INFO - [2024-05-30T11:22:50.157+0000] {dag.py:3834} INFO - Setting next_dagrun for dataset_produces_1 to 2024-05-29 00:00:00+00:00, run_after=2024-05-30 00:00:00+00:00
[2024-05-30T11:22:50.162+0000] {logging_mixin.py:188} INFO - [2024-05-30T11:22:50.162+0000] {dag.py:3834} INFO - Setting next_dagrun for dataset_produces_2 to None, run_after=None
[2024-05-30T11:22:50.234+0000] {processor.py:183} INFO - Processing /home/airflow/.local/lib/python3.8/site-packages/airflow/example_dags/example_datasets.py took 0.227 seconds
[2024-05-30T11:23:20.513+0000] {processor.py:161} INFO - Started process (PID=918) to work on /home/airflow/.local/lib/python3.8/site-packages/airflow/example_dags/example_datasets.py
[2024-05-30T11:23:20.521+0000] {processor.py:830} INFO - Processing file /home/airflow/.local/lib/python3.8/site-packages/airflow/example_dags/example_datasets.py for tasks to queue
[2024-05-30T11:23:20.524+0000] {logging_mixin.py:188} INFO - [2024-05-30T11:23:20.524+0000] {dagbag.py:540} INFO - Filling up the DagBag from /home/airflow/.local/lib/python3.8/site-packages/airflow/example_dags/example_datasets.py
[2024-05-30T11:23:20.546+0000] {processor.py:840} INFO - DAG(s) 'dataset_produces_1', 'dataset_consumes_1_never_scheduled', 'dataset_consumes_unknown_never_scheduled', 'dataset_consumes_1_and_2', 'dataset_produces_2', 'dataset_consumes_1' retrieved from /home/airflow/.local/lib/python3.8/site-packages/airflow/example_dags/example_datasets.py
[2024-05-30T11:23:20.606+0000] {logging_mixin.py:188} INFO - [2024-05-30T11:23:20.606+0000] {dag.py:3047} INFO - Sync 6 DAGs
[2024-05-30T11:23:20.645+0000] {logging_mixin.py:188} INFO - [2024-05-30T11:23:20.644+0000] {dag.py:3834} INFO - Setting next_dagrun for dataset_consumes_1 to None, run_after=None
[2024-05-30T11:23:20.652+0000] {logging_mixin.py:188} INFO - [2024-05-30T11:23:20.651+0000] {dag.py:3834} INFO - Setting next_dagrun for dataset_consumes_1_and_2 to None, run_after=None
[2024-05-30T11:23:20.655+0000] {logging_mixin.py:188} INFO - [2024-05-30T11:23:20.655+0000] {dag.py:3834} INFO - Setting next_dagrun for dataset_consumes_1_never_scheduled to None, run_after=None
[2024-05-30T11:23:20.659+0000] {logging_mixin.py:188} INFO - [2024-05-30T11:23:20.658+0000] {dag.py:3834} INFO - Setting next_dagrun for dataset_consumes_unknown_never_scheduled to None, run_after=None
[2024-05-30T11:23:20.664+0000] {logging_mixin.py:188} INFO - [2024-05-30T11:23:20.664+0000] {dag.py:3834} INFO - Setting next_dagrun for dataset_produces_1 to 2024-05-29 00:00:00+00:00, run_after=2024-05-30 00:00:00+00:00
[2024-05-30T11:23:20.667+0000] {logging_mixin.py:188} INFO - [2024-05-30T11:23:20.666+0000] {dag.py:3834} INFO - Setting next_dagrun for dataset_produces_2 to None, run_after=None
[2024-05-30T11:23:20.720+0000] {processor.py:183} INFO - Processing /home/airflow/.local/lib/python3.8/site-packages/airflow/example_dags/example_datasets.py took 0.211 seconds
[2024-05-30T11:23:51.621+0000] {processor.py:161} INFO - Started process (PID=975) to work on /home/airflow/.local/lib/python3.8/site-packages/airflow/example_dags/example_datasets.py
[2024-05-30T11:23:51.623+0000] {processor.py:830} INFO - Processing file /home/airflow/.local/lib/python3.8/site-packages/airflow/example_dags/example_datasets.py for tasks to queue
[2024-05-30T11:23:51.624+0000] {logging_mixin.py:188} INFO - [2024-05-30T11:23:51.624+0000] {dagbag.py:540} INFO - Filling up the DagBag from /home/airflow/.local/lib/python3.8/site-packages/airflow/example_dags/example_datasets.py
[2024-05-30T11:23:51.636+0000] {processor.py:840} INFO - DAG(s) 'dataset_consumes_unknown_never_scheduled', 'dataset_produces_2', 'dataset_consumes_1_never_scheduled', 'dataset_consumes_1_and_2', 'dataset_produces_1', 'dataset_consumes_1' retrieved from /home/airflow/.local/lib/python3.8/site-packages/airflow/example_dags/example_datasets.py
[2024-05-30T11:23:51.691+0000] {logging_mixin.py:188} INFO - [2024-05-30T11:23:51.690+0000] {dag.py:3047} INFO - Sync 6 DAGs
[2024-05-30T11:23:51.724+0000] {logging_mixin.py:188} INFO - [2024-05-30T11:23:51.724+0000] {dag.py:3834} INFO - Setting next_dagrun for dataset_consumes_1 to None, run_after=None
[2024-05-30T11:23:51.731+0000] {logging_mixin.py:188} INFO - [2024-05-30T11:23:51.731+0000] {dag.py:3834} INFO - Setting next_dagrun for dataset_consumes_1_and_2 to None, run_after=None
[2024-05-30T11:23:51.734+0000] {logging_mixin.py:188} INFO - [2024-05-30T11:23:51.734+0000] {dag.py:3834} INFO - Setting next_dagrun for dataset_consumes_1_never_scheduled to None, run_after=None
[2024-05-30T11:23:51.737+0000] {logging_mixin.py:188} INFO - [2024-05-30T11:23:51.736+0000] {dag.py:3834} INFO - Setting next_dagrun for dataset_consumes_unknown_never_scheduled to None, run_after=None
[2024-05-30T11:23:51.743+0000] {logging_mixin.py:188} INFO - [2024-05-30T11:23:51.743+0000] {dag.py:3834} INFO - Setting next_dagrun for dataset_produces_1 to 2024-05-29 00:00:00+00:00, run_after=2024-05-30 00:00:00+00:00
[2024-05-30T11:23:51.747+0000] {logging_mixin.py:188} INFO - [2024-05-30T11:23:51.746+0000] {dag.py:3834} INFO - Setting next_dagrun for dataset_produces_2 to None, run_after=None
[2024-05-30T11:23:51.802+0000] {processor.py:183} INFO - Processing /home/airflow/.local/lib/python3.8/site-packages/airflow/example_dags/example_datasets.py took 0.184 seconds
[2024-05-30T11:24:22.227+0000] {processor.py:161} INFO - Started process (PID=1032) to work on /home/airflow/.local/lib/python3.8/site-packages/airflow/example_dags/example_datasets.py
[2024-05-30T11:24:22.229+0000] {processor.py:830} INFO - Processing file /home/airflow/.local/lib/python3.8/site-packages/airflow/example_dags/example_datasets.py for tasks to queue
[2024-05-30T11:24:22.232+0000] {logging_mixin.py:188} INFO - [2024-05-30T11:24:22.232+0000] {dagbag.py:540} INFO - Filling up the DagBag from /home/airflow/.local/lib/python3.8/site-packages/airflow/example_dags/example_datasets.py
[2024-05-30T11:24:22.244+0000] {processor.py:840} INFO - DAG(s) 'dataset_consumes_unknown_never_scheduled', 'dataset_consumes_1_and_2', 'dataset_produces_2', 'dataset_consumes_1', 'dataset_produces_1', 'dataset_consumes_1_never_scheduled' retrieved from /home/airflow/.local/lib/python3.8/site-packages/airflow/example_dags/example_datasets.py
[2024-05-30T11:24:22.313+0000] {logging_mixin.py:188} INFO - [2024-05-30T11:24:22.312+0000] {dag.py:3047} INFO - Sync 6 DAGs
[2024-05-30T11:24:22.357+0000] {logging_mixin.py:188} INFO - [2024-05-30T11:24:22.356+0000] {dag.py:3834} INFO - Setting next_dagrun for dataset_consumes_1 to None, run_after=None
[2024-05-30T11:24:22.363+0000] {logging_mixin.py:188} INFO - [2024-05-30T11:24:22.362+0000] {dag.py:3834} INFO - Setting next_dagrun for dataset_consumes_1_and_2 to None, run_after=None
[2024-05-30T11:24:22.366+0000] {logging_mixin.py:188} INFO - [2024-05-30T11:24:22.366+0000] {dag.py:3834} INFO - Setting next_dagrun for dataset_consumes_1_never_scheduled to None, run_after=None
[2024-05-30T11:24:22.370+0000] {logging_mixin.py:188} INFO - [2024-05-30T11:24:22.369+0000] {dag.py:3834} INFO - Setting next_dagrun for dataset_consumes_unknown_never_scheduled to None, run_after=None
[2024-05-30T11:24:22.376+0000] {logging_mixin.py:188} INFO - [2024-05-30T11:24:22.376+0000] {dag.py:3834} INFO - Setting next_dagrun for dataset_produces_1 to 2024-05-29 00:00:00+00:00, run_after=2024-05-30 00:00:00+00:00
[2024-05-30T11:24:22.379+0000] {logging_mixin.py:188} INFO - [2024-05-30T11:24:22.379+0000] {dag.py:3834} INFO - Setting next_dagrun for dataset_produces_2 to None, run_after=None
[2024-05-30T11:24:22.448+0000] {processor.py:183} INFO - Processing /home/airflow/.local/lib/python3.8/site-packages/airflow/example_dags/example_datasets.py took 0.224 seconds
[2024-05-30T11:24:53.149+0000] {processor.py:161} INFO - Started process (PID=1089) to work on /home/airflow/.local/lib/python3.8/site-packages/airflow/example_dags/example_datasets.py
[2024-05-30T11:24:53.151+0000] {processor.py:830} INFO - Processing file /home/airflow/.local/lib/python3.8/site-packages/airflow/example_dags/example_datasets.py for tasks to queue
[2024-05-30T11:24:53.160+0000] {logging_mixin.py:188} INFO - [2024-05-30T11:24:53.158+0000] {dagbag.py:540} INFO - Filling up the DagBag from /home/airflow/.local/lib/python3.8/site-packages/airflow/example_dags/example_datasets.py
[2024-05-30T11:24:53.187+0000] {processor.py:840} INFO - DAG(s) 'dataset_consumes_1_and_2', 'dataset_produces_2', 'dataset_produces_1', 'dataset_consumes_unknown_never_scheduled', 'dataset_consumes_1_never_scheduled', 'dataset_consumes_1' retrieved from /home/airflow/.local/lib/python3.8/site-packages/airflow/example_dags/example_datasets.py
[2024-05-30T11:24:53.297+0000] {logging_mixin.py:188} INFO - [2024-05-30T11:24:53.296+0000] {dag.py:3047} INFO - Sync 6 DAGs
[2024-05-30T11:24:53.355+0000] {logging_mixin.py:188} INFO - [2024-05-30T11:24:53.354+0000] {dag.py:3834} INFO - Setting next_dagrun for dataset_consumes_1 to None, run_after=None
[2024-05-30T11:24:53.374+0000] {logging_mixin.py:188} INFO - [2024-05-30T11:24:53.373+0000] {dag.py:3834} INFO - Setting next_dagrun for dataset_consumes_1_and_2 to None, run_after=None
[2024-05-30T11:24:53.379+0000] {logging_mixin.py:188} INFO - [2024-05-30T11:24:53.378+0000] {dag.py:3834} INFO - Setting next_dagrun for dataset_consumes_1_never_scheduled to None, run_after=None
[2024-05-30T11:24:53.390+0000] {logging_mixin.py:188} INFO - [2024-05-30T11:24:53.390+0000] {dag.py:3834} INFO - Setting next_dagrun for dataset_consumes_unknown_never_scheduled to None, run_after=None
[2024-05-30T11:24:53.400+0000] {logging_mixin.py:188} INFO - [2024-05-30T11:24:53.399+0000] {dag.py:3834} INFO - Setting next_dagrun for dataset_produces_1 to 2024-05-29 00:00:00+00:00, run_after=2024-05-30 00:00:00+00:00
[2024-05-30T11:24:53.411+0000] {logging_mixin.py:188} INFO - [2024-05-30T11:24:53.409+0000] {dag.py:3834} INFO - Setting next_dagrun for dataset_produces_2 to None, run_after=None
[2024-05-30T11:24:53.524+0000] {processor.py:183} INFO - Processing /home/airflow/.local/lib/python3.8/site-packages/airflow/example_dags/example_datasets.py took 0.381 seconds
[2024-05-30T11:25:23.611+0000] {processor.py:161} INFO - Started process (PID=1146) to work on /home/airflow/.local/lib/python3.8/site-packages/airflow/example_dags/example_datasets.py
[2024-05-30T11:25:23.613+0000] {processor.py:830} INFO - Processing file /home/airflow/.local/lib/python3.8/site-packages/airflow/example_dags/example_datasets.py for tasks to queue
[2024-05-30T11:25:23.615+0000] {logging_mixin.py:188} INFO - [2024-05-30T11:25:23.615+0000] {dagbag.py:540} INFO - Filling up the DagBag from /home/airflow/.local/lib/python3.8/site-packages/airflow/example_dags/example_datasets.py
[2024-05-30T11:25:23.627+0000] {processor.py:840} INFO - DAG(s) 'dataset_produces_1', 'dataset_consumes_unknown_never_scheduled', 'dataset_consumes_1', 'dataset_consumes_1_never_scheduled', 'dataset_produces_2', 'dataset_consumes_1_and_2' retrieved from /home/airflow/.local/lib/python3.8/site-packages/airflow/example_dags/example_datasets.py
[2024-05-30T11:25:23.681+0000] {logging_mixin.py:188} INFO - [2024-05-30T11:25:23.681+0000] {dag.py:3047} INFO - Sync 6 DAGs
[2024-05-30T11:25:23.714+0000] {logging_mixin.py:188} INFO - [2024-05-30T11:25:23.713+0000] {dag.py:3834} INFO - Setting next_dagrun for dataset_consumes_1 to None, run_after=None
[2024-05-30T11:25:23.720+0000] {logging_mixin.py:188} INFO - [2024-05-30T11:25:23.719+0000] {dag.py:3834} INFO - Setting next_dagrun for dataset_consumes_1_and_2 to None, run_after=None
[2024-05-30T11:25:23.722+0000] {logging_mixin.py:188} INFO - [2024-05-30T11:25:23.722+0000] {dag.py:3834} INFO - Setting next_dagrun for dataset_consumes_1_never_scheduled to None, run_after=None
[2024-05-30T11:25:23.725+0000] {logging_mixin.py:188} INFO - [2024-05-30T11:25:23.725+0000] {dag.py:3834} INFO - Setting next_dagrun for dataset_consumes_unknown_never_scheduled to None, run_after=None
[2024-05-30T11:25:23.731+0000] {logging_mixin.py:188} INFO - [2024-05-30T11:25:23.731+0000] {dag.py:3834} INFO - Setting next_dagrun for dataset_produces_1 to 2024-05-29 00:00:00+00:00, run_after=2024-05-30 00:00:00+00:00
[2024-05-30T11:25:23.734+0000] {logging_mixin.py:188} INFO - [2024-05-30T11:25:23.734+0000] {dag.py:3834} INFO - Setting next_dagrun for dataset_produces_2 to None, run_after=None
[2024-05-30T11:25:23.792+0000] {processor.py:183} INFO - Processing /home/airflow/.local/lib/python3.8/site-packages/airflow/example_dags/example_datasets.py took 0.184 seconds
[2024-05-30T11:25:54.678+0000] {processor.py:161} INFO - Started process (PID=1203) to work on /home/airflow/.local/lib/python3.8/site-packages/airflow/example_dags/example_datasets.py
[2024-05-30T11:25:54.680+0000] {processor.py:830} INFO - Processing file /home/airflow/.local/lib/python3.8/site-packages/airflow/example_dags/example_datasets.py for tasks to queue
[2024-05-30T11:25:54.682+0000] {logging_mixin.py:188} INFO - [2024-05-30T11:25:54.682+0000] {dagbag.py:540} INFO - Filling up the DagBag from /home/airflow/.local/lib/python3.8/site-packages/airflow/example_dags/example_datasets.py
[2024-05-30T11:25:54.694+0000] {processor.py:840} INFO - DAG(s) 'dataset_consumes_1_never_scheduled', 'dataset_consumes_unknown_never_scheduled', 'dataset_consumes_1_and_2', 'dataset_consumes_1', 'dataset_produces_1', 'dataset_produces_2' retrieved from /home/airflow/.local/lib/python3.8/site-packages/airflow/example_dags/example_datasets.py
[2024-05-30T11:25:54.764+0000] {logging_mixin.py:188} INFO - [2024-05-30T11:25:54.764+0000] {dag.py:3047} INFO - Sync 6 DAGs
[2024-05-30T11:25:54.809+0000] {logging_mixin.py:188} INFO - [2024-05-30T11:25:54.808+0000] {dag.py:3834} INFO - Setting next_dagrun for dataset_consumes_1 to None, run_after=None
[2024-05-30T11:25:54.821+0000] {logging_mixin.py:188} INFO - [2024-05-30T11:25:54.821+0000] {dag.py:3834} INFO - Setting next_dagrun for dataset_consumes_1_and_2 to None, run_after=None
[2024-05-30T11:25:54.824+0000] {logging_mixin.py:188} INFO - [2024-05-30T11:25:54.824+0000] {dag.py:3834} INFO - Setting next_dagrun for dataset_consumes_1_never_scheduled to None, run_after=None
[2024-05-30T11:25:54.828+0000] {logging_mixin.py:188} INFO - [2024-05-30T11:25:54.828+0000] {dag.py:3834} INFO - Setting next_dagrun for dataset_consumes_unknown_never_scheduled to None, run_after=None
[2024-05-30T11:25:54.835+0000] {logging_mixin.py:188} INFO - [2024-05-30T11:25:54.834+0000] {dag.py:3834} INFO - Setting next_dagrun for dataset_produces_1 to 2024-05-29 00:00:00+00:00, run_after=2024-05-30 00:00:00+00:00
[2024-05-30T11:25:54.838+0000] {logging_mixin.py:188} INFO - [2024-05-30T11:25:54.838+0000] {dag.py:3834} INFO - Setting next_dagrun for dataset_produces_2 to None, run_after=None
[2024-05-30T11:25:54.907+0000] {processor.py:183} INFO - Processing /home/airflow/.local/lib/python3.8/site-packages/airflow/example_dags/example_datasets.py took 0.233 seconds
[2024-05-30T11:26:25.636+0000] {processor.py:161} INFO - Started process (PID=1260) to work on /home/airflow/.local/lib/python3.8/site-packages/airflow/example_dags/example_datasets.py
[2024-05-30T11:26:25.638+0000] {processor.py:830} INFO - Processing file /home/airflow/.local/lib/python3.8/site-packages/airflow/example_dags/example_datasets.py for tasks to queue
[2024-05-30T11:26:25.645+0000] {logging_mixin.py:188} INFO - [2024-05-30T11:26:25.642+0000] {dagbag.py:540} INFO - Filling up the DagBag from /home/airflow/.local/lib/python3.8/site-packages/airflow/example_dags/example_datasets.py
[2024-05-30T11:26:25.674+0000] {processor.py:840} INFO - DAG(s) 'dataset_produces_2', 'dataset_consumes_1', 'dataset_consumes_unknown_never_scheduled', 'dataset_consumes_1_never_scheduled', 'dataset_produces_1', 'dataset_consumes_1_and_2' retrieved from /home/airflow/.local/lib/python3.8/site-packages/airflow/example_dags/example_datasets.py
[2024-05-30T11:26:25.795+0000] {logging_mixin.py:188} INFO - [2024-05-30T11:26:25.794+0000] {dag.py:3047} INFO - Sync 6 DAGs
[2024-05-30T11:26:25.845+0000] {logging_mixin.py:188} INFO - [2024-05-30T11:26:25.844+0000] {dag.py:3834} INFO - Setting next_dagrun for dataset_consumes_1 to None, run_after=None
[2024-05-30T11:26:25.854+0000] {logging_mixin.py:188} INFO - [2024-05-30T11:26:25.853+0000] {dag.py:3834} INFO - Setting next_dagrun for dataset_consumes_1_and_2 to None, run_after=None
[2024-05-30T11:26:25.857+0000] {logging_mixin.py:188} INFO - [2024-05-30T11:26:25.857+0000] {dag.py:3834} INFO - Setting next_dagrun for dataset_consumes_1_never_scheduled to None, run_after=None
[2024-05-30T11:26:25.862+0000] {logging_mixin.py:188} INFO - [2024-05-30T11:26:25.862+0000] {dag.py:3834} INFO - Setting next_dagrun for dataset_consumes_unknown_never_scheduled to None, run_after=None
[2024-05-30T11:26:25.869+0000] {logging_mixin.py:188} INFO - [2024-05-30T11:26:25.868+0000] {dag.py:3834} INFO - Setting next_dagrun for dataset_produces_1 to 2024-05-29 00:00:00+00:00, run_after=2024-05-30 00:00:00+00:00
[2024-05-30T11:26:25.872+0000] {logging_mixin.py:188} INFO - [2024-05-30T11:26:25.872+0000] {dag.py:3834} INFO - Setting next_dagrun for dataset_produces_2 to None, run_after=None
[2024-05-30T11:26:25.990+0000] {processor.py:183} INFO - Processing /home/airflow/.local/lib/python3.8/site-packages/airflow/example_dags/example_datasets.py took 0.358 seconds
[2024-05-30T11:26:56.857+0000] {processor.py:161} INFO - Started process (PID=1317) to work on /home/airflow/.local/lib/python3.8/site-packages/airflow/example_dags/example_datasets.py
[2024-05-30T11:26:56.858+0000] {processor.py:830} INFO - Processing file /home/airflow/.local/lib/python3.8/site-packages/airflow/example_dags/example_datasets.py for tasks to queue
[2024-05-30T11:26:56.861+0000] {logging_mixin.py:188} INFO - [2024-05-30T11:26:56.861+0000] {dagbag.py:540} INFO - Filling up the DagBag from /home/airflow/.local/lib/python3.8/site-packages/airflow/example_dags/example_datasets.py
[2024-05-30T11:26:56.876+0000] {processor.py:840} INFO - DAG(s) 'dataset_produces_2', 'dataset_consumes_unknown_never_scheduled', 'dataset_consumes_1', 'dataset_produces_1', 'dataset_consumes_1_and_2', 'dataset_consumes_1_never_scheduled' retrieved from /home/airflow/.local/lib/python3.8/site-packages/airflow/example_dags/example_datasets.py
[2024-05-30T11:26:56.930+0000] {logging_mixin.py:188} INFO - [2024-05-30T11:26:56.930+0000] {dag.py:3047} INFO - Sync 6 DAGs
[2024-05-30T11:26:56.958+0000] {logging_mixin.py:188} INFO - [2024-05-30T11:26:56.957+0000] {dag.py:3834} INFO - Setting next_dagrun for dataset_consumes_1 to None, run_after=None
[2024-05-30T11:26:56.963+0000] {logging_mixin.py:188} INFO - [2024-05-30T11:26:56.963+0000] {dag.py:3834} INFO - Setting next_dagrun for dataset_consumes_1_and_2 to None, run_after=None
[2024-05-30T11:26:56.966+0000] {logging_mixin.py:188} INFO - [2024-05-30T11:26:56.966+0000] {dag.py:3834} INFO - Setting next_dagrun for dataset_consumes_1_never_scheduled to None, run_after=None
[2024-05-30T11:26:56.968+0000] {logging_mixin.py:188} INFO - [2024-05-30T11:26:56.968+0000] {dag.py:3834} INFO - Setting next_dagrun for dataset_consumes_unknown_never_scheduled to None, run_after=None
[2024-05-30T11:26:56.973+0000] {logging_mixin.py:188} INFO - [2024-05-30T11:26:56.973+0000] {dag.py:3834} INFO - Setting next_dagrun for dataset_produces_1 to 2024-05-29 00:00:00+00:00, run_after=2024-05-30 00:00:00+00:00
[2024-05-30T11:26:56.976+0000] {logging_mixin.py:188} INFO - [2024-05-30T11:26:56.975+0000] {dag.py:3834} INFO - Setting next_dagrun for dataset_produces_2 to None, run_after=None
[2024-05-30T11:26:57.023+0000] {processor.py:183} INFO - Processing /home/airflow/.local/lib/python3.8/site-packages/airflow/example_dags/example_datasets.py took 0.170 seconds
[2024-05-30T11:27:27.423+0000] {processor.py:161} INFO - Started process (PID=1374) to work on /home/airflow/.local/lib/python3.8/site-packages/airflow/example_dags/example_datasets.py
[2024-05-30T11:27:27.424+0000] {processor.py:830} INFO - Processing file /home/airflow/.local/lib/python3.8/site-packages/airflow/example_dags/example_datasets.py for tasks to queue
[2024-05-30T11:27:27.427+0000] {logging_mixin.py:188} INFO - [2024-05-30T11:27:27.427+0000] {dagbag.py:540} INFO - Filling up the DagBag from /home/airflow/.local/lib/python3.8/site-packages/airflow/example_dags/example_datasets.py
[2024-05-30T11:27:27.451+0000] {processor.py:840} INFO - DAG(s) 'dataset_consumes_1_and_2', 'dataset_produces_2', 'dataset_consumes_unknown_never_scheduled', 'dataset_consumes_1_never_scheduled', 'dataset_produces_1', 'dataset_consumes_1' retrieved from /home/airflow/.local/lib/python3.8/site-packages/airflow/example_dags/example_datasets.py
[2024-05-30T11:27:27.542+0000] {logging_mixin.py:188} INFO - [2024-05-30T11:27:27.542+0000] {dag.py:3047} INFO - Sync 6 DAGs
[2024-05-30T11:27:27.609+0000] {logging_mixin.py:188} INFO - [2024-05-30T11:27:27.608+0000] {dag.py:3834} INFO - Setting next_dagrun for dataset_consumes_1 to None, run_after=None
[2024-05-30T11:27:27.626+0000] {logging_mixin.py:188} INFO - [2024-05-30T11:27:27.625+0000] {dag.py:3834} INFO - Setting next_dagrun for dataset_consumes_1_and_2 to None, run_after=None
[2024-05-30T11:27:27.630+0000] {logging_mixin.py:188} INFO - [2024-05-30T11:27:27.629+0000] {dag.py:3834} INFO - Setting next_dagrun for dataset_consumes_1_never_scheduled to None, run_after=None
[2024-05-30T11:27:27.643+0000] {logging_mixin.py:188} INFO - [2024-05-30T11:27:27.642+0000] {dag.py:3834} INFO - Setting next_dagrun for dataset_consumes_unknown_never_scheduled to None, run_after=None
[2024-05-30T11:27:27.660+0000] {logging_mixin.py:188} INFO - [2024-05-30T11:27:27.659+0000] {dag.py:3834} INFO - Setting next_dagrun for dataset_produces_1 to 2024-05-29 00:00:00+00:00, run_after=2024-05-30 00:00:00+00:00
[2024-05-30T11:27:27.663+0000] {logging_mixin.py:188} INFO - [2024-05-30T11:27:27.663+0000] {dag.py:3834} INFO - Setting next_dagrun for dataset_produces_2 to None, run_after=None
[2024-05-30T11:27:27.808+0000] {processor.py:183} INFO - Processing /home/airflow/.local/lib/python3.8/site-packages/airflow/example_dags/example_datasets.py took 0.392 seconds
[2024-05-30T11:27:58.069+0000] {processor.py:161} INFO - Started process (PID=1432) to work on /home/airflow/.local/lib/python3.8/site-packages/airflow/example_dags/example_datasets.py
[2024-05-30T11:27:58.070+0000] {processor.py:830} INFO - Processing file /home/airflow/.local/lib/python3.8/site-packages/airflow/example_dags/example_datasets.py for tasks to queue
[2024-05-30T11:27:58.072+0000] {logging_mixin.py:188} INFO - [2024-05-30T11:27:58.072+0000] {dagbag.py:540} INFO - Filling up the DagBag from /home/airflow/.local/lib/python3.8/site-packages/airflow/example_dags/example_datasets.py
[2024-05-30T11:27:58.085+0000] {processor.py:840} INFO - DAG(s) 'dataset_consumes_1', 'dataset_produces_2', 'dataset_produces_1', 'dataset_consumes_unknown_never_scheduled', 'dataset_consumes_1_and_2', 'dataset_consumes_1_never_scheduled' retrieved from /home/airflow/.local/lib/python3.8/site-packages/airflow/example_dags/example_datasets.py
[2024-05-30T11:27:58.139+0000] {logging_mixin.py:188} INFO - [2024-05-30T11:27:58.139+0000] {dag.py:3047} INFO - Sync 6 DAGs
[2024-05-30T11:27:58.180+0000] {logging_mixin.py:188} INFO - [2024-05-30T11:27:58.180+0000] {dag.py:3834} INFO - Setting next_dagrun for dataset_consumes_1 to None, run_after=None
[2024-05-30T11:27:58.187+0000] {logging_mixin.py:188} INFO - [2024-05-30T11:27:58.187+0000] {dag.py:3834} INFO - Setting next_dagrun for dataset_consumes_1_and_2 to None, run_after=None
[2024-05-30T11:27:58.190+0000] {logging_mixin.py:188} INFO - [2024-05-30T11:27:58.189+0000] {dag.py:3834} INFO - Setting next_dagrun for dataset_consumes_1_never_scheduled to None, run_after=None
[2024-05-30T11:27:58.192+0000] {logging_mixin.py:188} INFO - [2024-05-30T11:27:58.192+0000] {dag.py:3834} INFO - Setting next_dagrun for dataset_consumes_unknown_never_scheduled to None, run_after=None
[2024-05-30T11:27:58.197+0000] {logging_mixin.py:188} INFO - [2024-05-30T11:27:58.196+0000] {dag.py:3834} INFO - Setting next_dagrun for dataset_produces_1 to 2024-05-29 00:00:00+00:00, run_after=2024-05-30 00:00:00+00:00
[2024-05-30T11:27:58.200+0000] {logging_mixin.py:188} INFO - [2024-05-30T11:27:58.200+0000] {dag.py:3834} INFO - Setting next_dagrun for dataset_produces_2 to None, run_after=None
[2024-05-30T11:27:58.255+0000] {processor.py:183} INFO - Processing /home/airflow/.local/lib/python3.8/site-packages/airflow/example_dags/example_datasets.py took 0.190 seconds
[2024-05-30T11:28:28.316+0000] {processor.py:161} INFO - Started process (PID=1489) to work on /home/airflow/.local/lib/python3.8/site-packages/airflow/example_dags/example_datasets.py
[2024-05-30T11:28:28.318+0000] {processor.py:830} INFO - Processing file /home/airflow/.local/lib/python3.8/site-packages/airflow/example_dags/example_datasets.py for tasks to queue
[2024-05-30T11:28:28.322+0000] {logging_mixin.py:188} INFO - [2024-05-30T11:28:28.321+0000] {dagbag.py:540} INFO - Filling up the DagBag from /home/airflow/.local/lib/python3.8/site-packages/airflow/example_dags/example_datasets.py
[2024-05-30T11:28:28.340+0000] {processor.py:840} INFO - DAG(s) 'dataset_consumes_1_never_scheduled', 'dataset_produces_1', 'dataset_consumes_unknown_never_scheduled', 'dataset_consumes_1_and_2', 'dataset_consumes_1', 'dataset_produces_2' retrieved from /home/airflow/.local/lib/python3.8/site-packages/airflow/example_dags/example_datasets.py
[2024-05-30T11:28:28.400+0000] {logging_mixin.py:188} INFO - [2024-05-30T11:28:28.400+0000] {dag.py:3047} INFO - Sync 6 DAGs
[2024-05-30T11:28:28.432+0000] {logging_mixin.py:188} INFO - [2024-05-30T11:28:28.432+0000] {dag.py:3834} INFO - Setting next_dagrun for dataset_consumes_1 to None, run_after=None
[2024-05-30T11:28:28.438+0000] {logging_mixin.py:188} INFO - [2024-05-30T11:28:28.438+0000] {dag.py:3834} INFO - Setting next_dagrun for dataset_consumes_1_and_2 to None, run_after=None
[2024-05-30T11:28:28.441+0000] {logging_mixin.py:188} INFO - [2024-05-30T11:28:28.441+0000] {dag.py:3834} INFO - Setting next_dagrun for dataset_consumes_1_never_scheduled to None, run_after=None
[2024-05-30T11:28:28.444+0000] {logging_mixin.py:188} INFO - [2024-05-30T11:28:28.444+0000] {dag.py:3834} INFO - Setting next_dagrun for dataset_consumes_unknown_never_scheduled to None, run_after=None
[2024-05-30T11:28:28.449+0000] {logging_mixin.py:188} INFO - [2024-05-30T11:28:28.449+0000] {dag.py:3834} INFO - Setting next_dagrun for dataset_produces_1 to 2024-05-29 00:00:00+00:00, run_after=2024-05-30 00:00:00+00:00
[2024-05-30T11:28:28.451+0000] {logging_mixin.py:188} INFO - [2024-05-30T11:28:28.451+0000] {dag.py:3834} INFO - Setting next_dagrun for dataset_produces_2 to None, run_after=None
[2024-05-30T11:28:28.508+0000] {processor.py:183} INFO - Processing /home/airflow/.local/lib/python3.8/site-packages/airflow/example_dags/example_datasets.py took 0.196 seconds
[2024-05-30T11:28:58.640+0000] {processor.py:161} INFO - Started process (PID=1545) to work on /home/airflow/.local/lib/python3.8/site-packages/airflow/example_dags/example_datasets.py
[2024-05-30T11:28:58.642+0000] {processor.py:830} INFO - Processing file /home/airflow/.local/lib/python3.8/site-packages/airflow/example_dags/example_datasets.py for tasks to queue
[2024-05-30T11:28:58.645+0000] {logging_mixin.py:188} INFO - [2024-05-30T11:28:58.644+0000] {dagbag.py:540} INFO - Filling up the DagBag from /home/airflow/.local/lib/python3.8/site-packages/airflow/example_dags/example_datasets.py
[2024-05-30T11:28:58.658+0000] {processor.py:840} INFO - DAG(s) 'dataset_consumes_1_never_scheduled', 'dataset_produces_2', 'dataset_produces_1', 'dataset_consumes_unknown_never_scheduled', 'dataset_consumes_1', 'dataset_consumes_1_and_2' retrieved from /home/airflow/.local/lib/python3.8/site-packages/airflow/example_dags/example_datasets.py
[2024-05-30T11:28:58.712+0000] {logging_mixin.py:188} INFO - [2024-05-30T11:28:58.711+0000] {dag.py:3047} INFO - Sync 6 DAGs
[2024-05-30T11:28:58.749+0000] {logging_mixin.py:188} INFO - [2024-05-30T11:28:58.749+0000] {dag.py:3834} INFO - Setting next_dagrun for dataset_consumes_1 to None, run_after=None
[2024-05-30T11:28:58.757+0000] {logging_mixin.py:188} INFO - [2024-05-30T11:28:58.756+0000] {dag.py:3834} INFO - Setting next_dagrun for dataset_consumes_1_and_2 to None, run_after=None
[2024-05-30T11:28:58.760+0000] {logging_mixin.py:188} INFO - [2024-05-30T11:28:58.759+0000] {dag.py:3834} INFO - Setting next_dagrun for dataset_consumes_1_never_scheduled to None, run_after=None
[2024-05-30T11:28:58.763+0000] {logging_mixin.py:188} INFO - [2024-05-30T11:28:58.762+0000] {dag.py:3834} INFO - Setting next_dagrun for dataset_consumes_unknown_never_scheduled to None, run_after=None
[2024-05-30T11:28:58.768+0000] {logging_mixin.py:188} INFO - [2024-05-30T11:28:58.767+0000] {dag.py:3834} INFO - Setting next_dagrun for dataset_produces_1 to 2024-05-29 00:00:00+00:00, run_after=2024-05-30 00:00:00+00:00
[2024-05-30T11:28:58.770+0000] {logging_mixin.py:188} INFO - [2024-05-30T11:28:58.770+0000] {dag.py:3834} INFO - Setting next_dagrun for dataset_produces_2 to None, run_after=None
[2024-05-30T11:28:58.829+0000] {processor.py:183} INFO - Processing /home/airflow/.local/lib/python3.8/site-packages/airflow/example_dags/example_datasets.py took 0.192 seconds
[2024-05-30T11:29:29.521+0000] {processor.py:161} INFO - Started process (PID=1602) to work on /home/airflow/.local/lib/python3.8/site-packages/airflow/example_dags/example_datasets.py
[2024-05-30T11:29:29.523+0000] {processor.py:830} INFO - Processing file /home/airflow/.local/lib/python3.8/site-packages/airflow/example_dags/example_datasets.py for tasks to queue
[2024-05-30T11:29:29.526+0000] {logging_mixin.py:188} INFO - [2024-05-30T11:29:29.526+0000] {dagbag.py:540} INFO - Filling up the DagBag from /home/airflow/.local/lib/python3.8/site-packages/airflow/example_dags/example_datasets.py
[2024-05-30T11:29:29.546+0000] {processor.py:840} INFO - DAG(s) 'dataset_consumes_1', 'dataset_consumes_1_never_scheduled', 'dataset_consumes_unknown_never_scheduled', 'dataset_consumes_1_and_2', 'dataset_produces_2', 'dataset_produces_1' retrieved from /home/airflow/.local/lib/python3.8/site-packages/airflow/example_dags/example_datasets.py
[2024-05-30T11:29:29.609+0000] {logging_mixin.py:188} INFO - [2024-05-30T11:29:29.609+0000] {dag.py:3047} INFO - Sync 6 DAGs
[2024-05-30T11:29:29.647+0000] {logging_mixin.py:188} INFO - [2024-05-30T11:29:29.647+0000] {dag.py:3834} INFO - Setting next_dagrun for dataset_consumes_1 to None, run_after=None
[2024-05-30T11:29:29.654+0000] {logging_mixin.py:188} INFO - [2024-05-30T11:29:29.653+0000] {dag.py:3834} INFO - Setting next_dagrun for dataset_consumes_1_and_2 to None, run_after=None
[2024-05-30T11:29:29.657+0000] {logging_mixin.py:188} INFO - [2024-05-30T11:29:29.657+0000] {dag.py:3834} INFO - Setting next_dagrun for dataset_consumes_1_never_scheduled to None, run_after=None
[2024-05-30T11:29:29.659+0000] {logging_mixin.py:188} INFO - [2024-05-30T11:29:29.659+0000] {dag.py:3834} INFO - Setting next_dagrun for dataset_consumes_unknown_never_scheduled to None, run_after=None
[2024-05-30T11:29:29.664+0000] {logging_mixin.py:188} INFO - [2024-05-30T11:29:29.664+0000] {dag.py:3834} INFO - Setting next_dagrun for dataset_produces_1 to 2024-05-29 00:00:00+00:00, run_after=2024-05-30 00:00:00+00:00
[2024-05-30T11:29:29.667+0000] {logging_mixin.py:188} INFO - [2024-05-30T11:29:29.666+0000] {dag.py:3834} INFO - Setting next_dagrun for dataset_produces_2 to None, run_after=None
[2024-05-30T11:29:29.724+0000] {processor.py:183} INFO - Processing /home/airflow/.local/lib/python3.8/site-packages/airflow/example_dags/example_datasets.py took 0.208 seconds
[2024-05-30T11:29:59.876+0000] {processor.py:161} INFO - Started process (PID=1659) to work on /home/airflow/.local/lib/python3.8/site-packages/airflow/example_dags/example_datasets.py
[2024-05-30T11:29:59.877+0000] {processor.py:830} INFO - Processing file /home/airflow/.local/lib/python3.8/site-packages/airflow/example_dags/example_datasets.py for tasks to queue
[2024-05-30T11:29:59.880+0000] {logging_mixin.py:188} INFO - [2024-05-30T11:29:59.879+0000] {dagbag.py:540} INFO - Filling up the DagBag from /home/airflow/.local/lib/python3.8/site-packages/airflow/example_dags/example_datasets.py
[2024-05-30T11:29:59.889+0000] {processor.py:840} INFO - DAG(s) 'dataset_produces_1', 'dataset_consumes_unknown_never_scheduled', 'dataset_consumes_1_and_2', 'dataset_consumes_1', 'dataset_consumes_1_never_scheduled', 'dataset_produces_2' retrieved from /home/airflow/.local/lib/python3.8/site-packages/airflow/example_dags/example_datasets.py
[2024-05-30T11:29:59.964+0000] {logging_mixin.py:188} INFO - [2024-05-30T11:29:59.964+0000] {dag.py:3047} INFO - Sync 6 DAGs
[2024-05-30T11:30:00.030+0000] {logging_mixin.py:188} INFO - [2024-05-30T11:30:00.029+0000] {dag.py:3834} INFO - Setting next_dagrun for dataset_consumes_1 to None, run_after=None
[2024-05-30T11:30:00.045+0000] {logging_mixin.py:188} INFO - [2024-05-30T11:30:00.044+0000] {dag.py:3834} INFO - Setting next_dagrun for dataset_consumes_1_and_2 to None, run_after=None
[2024-05-30T11:30:00.056+0000] {logging_mixin.py:188} INFO - [2024-05-30T11:30:00.056+0000] {dag.py:3834} INFO - Setting next_dagrun for dataset_consumes_1_never_scheduled to None, run_after=None
[2024-05-30T11:30:00.061+0000] {logging_mixin.py:188} INFO - [2024-05-30T11:30:00.061+0000] {dag.py:3834} INFO - Setting next_dagrun for dataset_consumes_unknown_never_scheduled to None, run_after=None
[2024-05-30T11:30:00.074+0000] {logging_mixin.py:188} INFO - [2024-05-30T11:30:00.073+0000] {dag.py:3834} INFO - Setting next_dagrun for dataset_produces_1 to 2024-05-29 00:00:00+00:00, run_after=2024-05-30 00:00:00+00:00
[2024-05-30T11:30:00.078+0000] {logging_mixin.py:188} INFO - [2024-05-30T11:30:00.078+0000] {dag.py:3834} INFO - Setting next_dagrun for dataset_produces_2 to None, run_after=None
[2024-05-30T11:30:00.162+0000] {processor.py:183} INFO - Processing /home/airflow/.local/lib/python3.8/site-packages/airflow/example_dags/example_datasets.py took 0.289 seconds
[2024-05-30T11:30:30.288+0000] {processor.py:161} INFO - Started process (PID=1716) to work on /home/airflow/.local/lib/python3.8/site-packages/airflow/example_dags/example_datasets.py
[2024-05-30T11:30:30.289+0000] {processor.py:830} INFO - Processing file /home/airflow/.local/lib/python3.8/site-packages/airflow/example_dags/example_datasets.py for tasks to queue
[2024-05-30T11:30:30.291+0000] {logging_mixin.py:188} INFO - [2024-05-30T11:30:30.291+0000] {dagbag.py:540} INFO - Filling up the DagBag from /home/airflow/.local/lib/python3.8/site-packages/airflow/example_dags/example_datasets.py
[2024-05-30T11:30:30.301+0000] {processor.py:840} INFO - DAG(s) 'dataset_consumes_1', 'dataset_produces_1', 'dataset_consumes_unknown_never_scheduled', 'dataset_produces_2', 'dataset_consumes_1_never_scheduled', 'dataset_consumes_1_and_2' retrieved from /home/airflow/.local/lib/python3.8/site-packages/airflow/example_dags/example_datasets.py
[2024-05-30T11:30:30.349+0000] {logging_mixin.py:188} INFO - [2024-05-30T11:30:30.348+0000] {dag.py:3047} INFO - Sync 6 DAGs
[2024-05-30T11:30:30.375+0000] {logging_mixin.py:188} INFO - [2024-05-30T11:30:30.375+0000] {dag.py:3834} INFO - Setting next_dagrun for dataset_consumes_1 to None, run_after=None
[2024-05-30T11:30:30.380+0000] {logging_mixin.py:188} INFO - [2024-05-30T11:30:30.380+0000] {dag.py:3834} INFO - Setting next_dagrun for dataset_consumes_1_and_2 to None, run_after=None
[2024-05-30T11:30:30.383+0000] {logging_mixin.py:188} INFO - [2024-05-30T11:30:30.382+0000] {dag.py:3834} INFO - Setting next_dagrun for dataset_consumes_1_never_scheduled to None, run_after=None
[2024-05-30T11:30:30.385+0000] {logging_mixin.py:188} INFO - [2024-05-30T11:30:30.384+0000] {dag.py:3834} INFO - Setting next_dagrun for dataset_consumes_unknown_never_scheduled to None, run_after=None
[2024-05-30T11:30:30.389+0000] {logging_mixin.py:188} INFO - [2024-05-30T11:30:30.388+0000] {dag.py:3834} INFO - Setting next_dagrun for dataset_produces_1 to 2024-05-29 00:00:00+00:00, run_after=2024-05-30 00:00:00+00:00
[2024-05-30T11:30:30.391+0000] {logging_mixin.py:188} INFO - [2024-05-30T11:30:30.391+0000] {dag.py:3834} INFO - Setting next_dagrun for dataset_produces_2 to None, run_after=None
[2024-05-30T11:30:30.463+0000] {processor.py:183} INFO - Processing /home/airflow/.local/lib/python3.8/site-packages/airflow/example_dags/example_datasets.py took 0.177 seconds
[2024-05-30T11:31:00.855+0000] {processor.py:161} INFO - Started process (PID=1773) to work on /home/airflow/.local/lib/python3.8/site-packages/airflow/example_dags/example_datasets.py
[2024-05-30T11:31:00.858+0000] {processor.py:830} INFO - Processing file /home/airflow/.local/lib/python3.8/site-packages/airflow/example_dags/example_datasets.py for tasks to queue
[2024-05-30T11:31:00.865+0000] {logging_mixin.py:188} INFO - [2024-05-30T11:31:00.864+0000] {dagbag.py:540} INFO - Filling up the DagBag from /home/airflow/.local/lib/python3.8/site-packages/airflow/example_dags/example_datasets.py
[2024-05-30T11:31:00.881+0000] {processor.py:840} INFO - DAG(s) 'dataset_consumes_unknown_never_scheduled', 'dataset_produces_2', 'dataset_consumes_1_and_2', 'dataset_consumes_1', 'dataset_consumes_1_never_scheduled', 'dataset_produces_1' retrieved from /home/airflow/.local/lib/python3.8/site-packages/airflow/example_dags/example_datasets.py
[2024-05-30T11:31:00.969+0000] {logging_mixin.py:188} INFO - [2024-05-30T11:31:00.969+0000] {dag.py:3047} INFO - Sync 6 DAGs
[2024-05-30T11:31:01.025+0000] {logging_mixin.py:188} INFO - [2024-05-30T11:31:01.025+0000] {dag.py:3834} INFO - Setting next_dagrun for dataset_consumes_1 to None, run_after=None
[2024-05-30T11:31:01.034+0000] {logging_mixin.py:188} INFO - [2024-05-30T11:31:01.033+0000] {dag.py:3834} INFO - Setting next_dagrun for dataset_consumes_1_and_2 to None, run_after=None
[2024-05-30T11:31:01.038+0000] {logging_mixin.py:188} INFO - [2024-05-30T11:31:01.037+0000] {dag.py:3834} INFO - Setting next_dagrun for dataset_consumes_1_never_scheduled to None, run_after=None
[2024-05-30T11:31:01.042+0000] {logging_mixin.py:188} INFO - [2024-05-30T11:31:01.042+0000] {dag.py:3834} INFO - Setting next_dagrun for dataset_consumes_unknown_never_scheduled to None, run_after=None
[2024-05-30T11:31:01.050+0000] {logging_mixin.py:188} INFO - [2024-05-30T11:31:01.049+0000] {dag.py:3834} INFO - Setting next_dagrun for dataset_produces_1 to 2024-05-29 00:00:00+00:00, run_after=2024-05-30 00:00:00+00:00
[2024-05-30T11:31:01.053+0000] {logging_mixin.py:188} INFO - [2024-05-30T11:31:01.053+0000] {dag.py:3834} INFO - Setting next_dagrun for dataset_produces_2 to None, run_after=None
[2024-05-30T11:31:01.137+0000] {processor.py:183} INFO - Processing /home/airflow/.local/lib/python3.8/site-packages/airflow/example_dags/example_datasets.py took 0.286 seconds
[2024-05-30T11:31:31.294+0000] {processor.py:161} INFO - Started process (PID=1830) to work on /home/airflow/.local/lib/python3.8/site-packages/airflow/example_dags/example_datasets.py
[2024-05-30T11:31:31.295+0000] {processor.py:830} INFO - Processing file /home/airflow/.local/lib/python3.8/site-packages/airflow/example_dags/example_datasets.py for tasks to queue
[2024-05-30T11:31:31.298+0000] {logging_mixin.py:188} INFO - [2024-05-30T11:31:31.297+0000] {dagbag.py:540} INFO - Filling up the DagBag from /home/airflow/.local/lib/python3.8/site-packages/airflow/example_dags/example_datasets.py
[2024-05-30T11:31:31.312+0000] {processor.py:840} INFO - DAG(s) 'dataset_produces_1', 'dataset_consumes_unknown_never_scheduled', 'dataset_consumes_1_and_2', 'dataset_consumes_1_never_scheduled', 'dataset_consumes_1', 'dataset_produces_2' retrieved from /home/airflow/.local/lib/python3.8/site-packages/airflow/example_dags/example_datasets.py
[2024-05-30T11:31:31.373+0000] {logging_mixin.py:188} INFO - [2024-05-30T11:31:31.372+0000] {dag.py:3047} INFO - Sync 6 DAGs
[2024-05-30T11:31:31.404+0000] {logging_mixin.py:188} INFO - [2024-05-30T11:31:31.403+0000] {dag.py:3834} INFO - Setting next_dagrun for dataset_consumes_1 to None, run_after=None
[2024-05-30T11:31:31.411+0000] {logging_mixin.py:188} INFO - [2024-05-30T11:31:31.410+0000] {dag.py:3834} INFO - Setting next_dagrun for dataset_consumes_1_and_2 to None, run_after=None
[2024-05-30T11:31:31.414+0000] {logging_mixin.py:188} INFO - [2024-05-30T11:31:31.413+0000] {dag.py:3834} INFO - Setting next_dagrun for dataset_consumes_1_never_scheduled to None, run_after=None
[2024-05-30T11:31:31.418+0000] {logging_mixin.py:188} INFO - [2024-05-30T11:31:31.417+0000] {dag.py:3834} INFO - Setting next_dagrun for dataset_consumes_unknown_never_scheduled to None, run_after=None
[2024-05-30T11:31:31.426+0000] {logging_mixin.py:188} INFO - [2024-05-30T11:31:31.425+0000] {dag.py:3834} INFO - Setting next_dagrun for dataset_produces_1 to 2024-05-29 00:00:00+00:00, run_after=2024-05-30 00:00:00+00:00
[2024-05-30T11:31:31.429+0000] {logging_mixin.py:188} INFO - [2024-05-30T11:31:31.428+0000] {dag.py:3834} INFO - Setting next_dagrun for dataset_produces_2 to None, run_after=None
[2024-05-30T11:31:31.531+0000] {processor.py:183} INFO - Processing /home/airflow/.local/lib/python3.8/site-packages/airflow/example_dags/example_datasets.py took 0.241 seconds
                                                                                                                                                                                                                                                                                                                                                                                                                                                                                                                                                                                                                                                                                                                                                                                                                                                                                                                                                                                                                                                                                                                                                                                                                                                                                                                                                                                                                                                                                                                                                                                                                                                                                                                                                                                                                                                                                                                                                                                                                                                                                                                                                                                                                                                                                                                                                                                                                                                                                                           