[2024-05-30T11:15:38.801+0000] {processor.py:161} INFO - Started process (PID=43) to work on /home/airflow/.local/lib/python3.8/site-packages/airflow/example_dags/example_task_group.py
[2024-05-30T11:15:38.804+0000] {processor.py:830} INFO - Processing file /home/airflow/.local/lib/python3.8/site-packages/airflow/example_dags/example_task_group.py for tasks to queue
[2024-05-30T11:15:38.809+0000] {logging_mixin.py:188} INFO - [2024-05-30T11:15:38.809+0000] {dagbag.py:540} INFO - Filling up the DagBag from /home/airflow/.local/lib/python3.8/site-packages/airflow/example_dags/example_task_group.py
[2024-05-30T11:15:38.834+0000] {processor.py:840} INFO - DAG(s) 'example_task_group' retrieved from /home/airflow/.local/lib/python3.8/site-packages/airflow/example_dags/example_task_group.py
[2024-05-30T11:15:38.897+0000] {logging_mixin.py:188} INFO - [2024-05-30T11:15:38.897+0000] {dag.py:3047} INFO - Sync 1 DAGs
[2024-05-30T11:15:38.942+0000] {logging_mixin.py:188} INFO - [2024-05-30T11:15:38.941+0000] {dag.py:3834} INFO - Setting next_dagrun for example_task_group to 2024-05-29 00:00:00+00:00, run_after=2024-05-30 00:00:00+00:00
[2024-05-30T11:15:38.979+0000] {processor.py:183} INFO - Processing /home/airflow/.local/lib/python3.8/site-packages/airflow/example_dags/example_task_group.py took 0.185 seconds
[2024-05-30T11:16:09.625+0000] {processor.py:161} INFO - Started process (PID=100) to work on /home/airflow/.local/lib/python3.8/site-packages/airflow/example_dags/example_task_group.py
[2024-05-30T11:16:09.627+0000] {processor.py:830} INFO - Processing file /home/airflow/.local/lib/python3.8/site-packages/airflow/example_dags/example_task_group.py for tasks to queue
[2024-05-30T11:16:09.630+0000] {logging_mixin.py:188} INFO - [2024-05-30T11:16:09.629+0000] {dagbag.py:540} INFO - Filling up the DagBag from /home/airflow/.local/lib/python3.8/site-packages/airflow/example_dags/example_task_group.py
[2024-05-30T11:16:09.640+0000] {processor.py:840} INFO - DAG(s) 'example_task_group' retrieved from /home/airflow/.local/lib/python3.8/site-packages/airflow/example_dags/example_task_group.py
[2024-05-30T11:16:09.669+0000] {logging_mixin.py:188} INFO - [2024-05-30T11:16:09.669+0000] {dag.py:3047} INFO - Sync 1 DAGs
[2024-05-30T11:16:09.708+0000] {logging_mixin.py:188} INFO - [2024-05-30T11:16:09.707+0000] {dag.py:3834} INFO - Setting next_dagrun for example_task_group to 2024-05-29 00:00:00+00:00, run_after=2024-05-30 00:00:00+00:00
[2024-05-30T11:16:09.736+0000] {processor.py:183} INFO - Processing /home/airflow/.local/lib/python3.8/site-packages/airflow/example_dags/example_task_group.py took 0.115 seconds
[2024-05-30T11:16:39.820+0000] {processor.py:161} INFO - Started process (PID=155) to work on /home/airflow/.local/lib/python3.8/site-packages/airflow/example_dags/example_task_group.py
[2024-05-30T11:16:39.821+0000] {processor.py:830} INFO - Processing file /home/airflow/.local/lib/python3.8/site-packages/airflow/example_dags/example_task_group.py for tasks to queue
[2024-05-30T11:16:39.823+0000] {logging_mixin.py:188} INFO - [2024-05-30T11:16:39.823+0000] {dagbag.py:540} INFO - Filling up the DagBag from /home/airflow/.local/lib/python3.8/site-packages/airflow/example_dags/example_task_group.py
[2024-05-30T11:16:39.834+0000] {processor.py:840} INFO - DAG(s) 'example_task_group' retrieved from /home/airflow/.local/lib/python3.8/site-packages/airflow/example_dags/example_task_group.py
[2024-05-30T11:16:39.865+0000] {logging_mixin.py:188} INFO - [2024-05-30T11:16:39.865+0000] {dag.py:3047} INFO - Sync 1 DAGs
[2024-05-30T11:16:39.896+0000] {logging_mixin.py:188} INFO - [2024-05-30T11:16:39.896+0000] {dag.py:3834} INFO - Setting next_dagrun for example_task_group to 2024-05-29 00:00:00+00:00, run_after=2024-05-30 00:00:00+00:00
[2024-05-30T11:16:39.933+0000] {processor.py:183} INFO - Processing /home/airflow/.local/lib/python3.8/site-packages/airflow/example_dags/example_task_group.py took 0.117 seconds
[2024-05-30T11:17:10.058+0000] {processor.py:161} INFO - Started process (PID=212) to work on /home/airflow/.local/lib/python3.8/site-packages/airflow/example_dags/example_task_group.py
[2024-05-30T11:17:10.060+0000] {processor.py:830} INFO - Processing file /home/airflow/.local/lib/python3.8/site-packages/airflow/example_dags/example_task_group.py for tasks to queue
[2024-05-30T11:17:10.063+0000] {logging_mixin.py:188} INFO - [2024-05-30T11:17:10.062+0000] {dagbag.py:540} INFO - Filling up the DagBag from /home/airflow/.local/lib/python3.8/site-packages/airflow/example_dags/example_task_group.py
[2024-05-30T11:17:10.084+0000] {processor.py:840} INFO - DAG(s) 'example_task_group' retrieved from /home/airflow/.local/lib/python3.8/site-packages/airflow/example_dags/example_task_group.py
[2024-05-30T11:17:10.128+0000] {logging_mixin.py:188} INFO - [2024-05-30T11:17:10.128+0000] {dag.py:3047} INFO - Sync 1 DAGs
[2024-05-30T11:17:10.185+0000] {logging_mixin.py:188} INFO - [2024-05-30T11:17:10.184+0000] {dag.py:3834} INFO - Setting next_dagrun for example_task_group to 2024-05-29 00:00:00+00:00, run_after=2024-05-30 00:00:00+00:00
[2024-05-30T11:17:10.214+0000] {processor.py:183} INFO - Processing /home/airflow/.local/lib/python3.8/site-packages/airflow/example_dags/example_task_group.py took 0.159 seconds
[2024-05-30T11:17:40.322+0000] {processor.py:161} INFO - Started process (PID=269) to work on /home/airflow/.local/lib/python3.8/site-packages/airflow/example_dags/example_task_group.py
[2024-05-30T11:17:40.323+0000] {processor.py:830} INFO - Processing file /home/airflow/.local/lib/python3.8/site-packages/airflow/example_dags/example_task_group.py for tasks to queue
[2024-05-30T11:17:40.325+0000] {logging_mixin.py:188} INFO - [2024-05-30T11:17:40.325+0000] {dagbag.py:540} INFO - Filling up the DagBag from /home/airflow/.local/lib/python3.8/site-packages/airflow/example_dags/example_task_group.py
[2024-05-30T11:17:40.336+0000] {processor.py:840} INFO - DAG(s) 'example_task_group' retrieved from /home/airflow/.local/lib/python3.8/site-packages/airflow/example_dags/example_task_group.py
[2024-05-30T11:17:40.359+0000] {logging_mixin.py:188} INFO - [2024-05-30T11:17:40.359+0000] {dag.py:3047} INFO - Sync 1 DAGs
[2024-05-30T11:17:40.390+0000] {logging_mixin.py:188} INFO - [2024-05-30T11:17:40.389+0000] {dag.py:3834} INFO - Setting next_dagrun for example_task_group to 2024-05-29 00:00:00+00:00, run_after=2024-05-30 00:00:00+00:00
[2024-05-30T11:17:40.417+0000] {processor.py:183} INFO - Processing /home/airflow/.local/lib/python3.8/site-packages/airflow/example_dags/example_task_group.py took 0.098 seconds
[2024-05-30T11:18:10.853+0000] {processor.py:161} INFO - Started process (PID=326) to work on /home/airflow/.local/lib/python3.8/site-packages/airflow/example_dags/example_task_group.py
[2024-05-30T11:18:10.854+0000] {processor.py:830} INFO - Processing file /home/airflow/.local/lib/python3.8/site-packages/airflow/example_dags/example_task_group.py for tasks to queue
[2024-05-30T11:18:10.857+0000] {logging_mixin.py:188} INFO - [2024-05-30T11:18:10.856+0000] {dagbag.py:540} INFO - Filling up the DagBag from /home/airflow/.local/lib/python3.8/site-packages/airflow/example_dags/example_task_group.py
[2024-05-30T11:18:10.865+0000] {processor.py:840} INFO - DAG(s) 'example_task_group' retrieved from /home/airflow/.local/lib/python3.8/site-packages/airflow/example_dags/example_task_group.py
[2024-05-30T11:18:10.889+0000] {logging_mixin.py:188} INFO - [2024-05-30T11:18:10.889+0000] {dag.py:3047} INFO - Sync 1 DAGs
[2024-05-30T11:18:10.913+0000] {logging_mixin.py:188} INFO - [2024-05-30T11:18:10.913+0000] {dag.py:3834} INFO - Setting next_dagrun for example_task_group to 2024-05-29 00:00:00+00:00, run_after=2024-05-30 00:00:00+00:00
[2024-05-30T11:18:10.937+0000] {processor.py:183} INFO - Processing /home/airflow/.local/lib/python3.8/site-packages/airflow/example_dags/example_task_group.py took 0.087 seconds
[2024-05-30T11:18:41.135+0000] {processor.py:161} INFO - Started process (PID=383) to work on /home/airflow/.local/lib/python3.8/site-packages/airflow/example_dags/example_task_group.py
[2024-05-30T11:18:41.137+0000] {processor.py:830} INFO - Processing file /home/airflow/.local/lib/python3.8/site-packages/airflow/example_dags/example_task_group.py for tasks to queue
[2024-05-30T11:18:41.140+0000] {logging_mixin.py:188} INFO - [2024-05-30T11:18:41.139+0000] {dagbag.py:540} INFO - Filling up the DagBag from /home/airflow/.local/lib/python3.8/site-packages/airflow/example_dags/example_task_group.py
[2024-05-30T11:18:41.149+0000] {processor.py:840} INFO - DAG(s) 'example_task_group' retrieved from /home/airflow/.local/lib/python3.8/site-packages/airflow/example_dags/example_task_group.py
[2024-05-30T11:18:41.178+0000] {logging_mixin.py:188} INFO - [2024-05-30T11:18:41.177+0000] {dag.py:3047} INFO - Sync 1 DAGs
[2024-05-30T11:18:41.204+0000] {logging_mixin.py:188} INFO - [2024-05-30T11:18:41.203+0000] {dag.py:3834} INFO - Setting next_dagrun for example_task_group to 2024-05-29 00:00:00+00:00, run_after=2024-05-30 00:00:00+00:00
[2024-05-30T11:18:41.227+0000] {processor.py:183} INFO - Processing /home/airflow/.local/lib/python3.8/site-packages/airflow/example_dags/example_task_group.py took 0.096 seconds
[2024-05-30T11:19:11.616+0000] {processor.py:161} INFO - Started process (PID=440) to work on /home/airflow/.local/lib/python3.8/site-packages/airflow/example_dags/example_task_group.py
[2024-05-30T11:19:11.617+0000] {processor.py:830} INFO - Processing file /home/airflow/.local/lib/python3.8/site-packages/airflow/example_dags/example_task_group.py for tasks to queue
[2024-05-30T11:19:11.620+0000] {logging_mixin.py:188} INFO - [2024-05-30T11:19:11.619+0000] {dagbag.py:540} INFO - Filling up the DagBag from /home/airflow/.local/lib/python3.8/site-packages/airflow/example_dags/example_task_group.py
[2024-05-30T11:19:11.629+0000] {processor.py:840} INFO - DAG(s) 'example_task_group' retrieved from /home/airflow/.local/lib/python3.8/site-packages/airflow/example_dags/example_task_group.py
[2024-05-30T11:19:11.651+0000] {logging_mixin.py:188} INFO - [2024-05-30T11:19:11.650+0000] {dag.py:3047} INFO - Sync 1 DAGs
[2024-05-30T11:19:11.677+0000] {logging_mixin.py:188} INFO - [2024-05-30T11:19:11.676+0000] {dag.py:3834} INFO - Setting next_dagrun for example_task_group to 2024-05-29 00:00:00+00:00, run_after=2024-05-30 00:00:00+00:00
[2024-05-30T11:19:11.698+0000] {processor.py:183} INFO - Processing /home/airflow/.local/lib/python3.8/site-packages/airflow/example_dags/example_task_group.py took 0.085 seconds
[2024-05-30T11:19:42.206+0000] {processor.py:161} INFO - Started process (PID=497) to work on /home/airflow/.local/lib/python3.8/site-packages/airflow/example_dags/example_task_group.py
[2024-05-30T11:19:42.207+0000] {processor.py:830} INFO - Processing file /home/airflow/.local/lib/python3.8/site-packages/airflow/example_dags/example_task_group.py for tasks to queue
[2024-05-30T11:19:42.209+0000] {logging_mixin.py:188} INFO - [2024-05-30T11:19:42.209+0000] {dagbag.py:540} INFO - Filling up the DagBag from /home/airflow/.local/lib/python3.8/site-packages/airflow/example_dags/example_task_group.py
[2024-05-30T11:19:42.217+0000] {processor.py:840} INFO - DAG(s) 'example_task_group' retrieved from /home/airflow/.local/lib/python3.8/site-packages/airflow/example_dags/example_task_group.py
[2024-05-30T11:19:42.246+0000] {logging_mixin.py:188} INFO - [2024-05-30T11:19:42.245+0000] {dag.py:3047} INFO - Sync 1 DAGs
[2024-05-30T11:19:42.274+0000] {logging_mixin.py:188} INFO - [2024-05-30T11:19:42.274+0000] {dag.py:3834} INFO - Setting next_dagrun for example_task_group to 2024-05-29 00:00:00+00:00, run_after=2024-05-30 00:00:00+00:00
[2024-05-30T11:19:42.300+0000] {processor.py:183} INFO - Processing /home/airflow/.local/lib/python3.8/site-packages/airflow/example_dags/example_task_group.py took 0.097 seconds
[2024-05-30T11:20:12.613+0000] {processor.py:161} INFO - Started process (PID=554) to work on /home/airflow/.local/lib/python3.8/site-packages/airflow/example_dags/example_task_group.py
[2024-05-30T11:20:12.615+0000] {processor.py:830} INFO - Processing file /home/airflow/.local/lib/python3.8/site-packages/airflow/example_dags/example_task_group.py for tasks to queue
[2024-05-30T11:20:12.618+0000] {logging_mixin.py:188} INFO - [2024-05-30T11:20:12.617+0000] {dagbag.py:540} INFO - Filling up the DagBag from /home/airflow/.local/lib/python3.8/site-packages/airflow/example_dags/example_task_group.py
[2024-05-30T11:20:12.630+0000] {processor.py:840} INFO - DAG(s) 'example_task_group' retrieved from /home/airflow/.local/lib/python3.8/site-packages/airflow/example_dags/example_task_group.py
[2024-05-30T11:20:12.663+0000] {logging_mixin.py:188} INFO - [2024-05-30T11:20:12.662+0000] {dag.py:3047} INFO - Sync 1 DAGs
[2024-05-30T11:20:12.702+0000] {logging_mixin.py:188} INFO - [2024-05-30T11:20:12.702+0000] {dag.py:3834} INFO - Setting next_dagrun for example_task_group to 2024-05-29 00:00:00+00:00, run_after=2024-05-30 00:00:00+00:00
[2024-05-30T11:20:12.739+0000] {processor.py:183} INFO - Processing /home/airflow/.local/lib/python3.8/site-packages/airflow/example_dags/example_task_group.py took 0.131 seconds
[2024-05-30T11:20:42.828+0000] {processor.py:161} INFO - Started process (PID=611) to work on /home/airflow/.local/lib/python3.8/site-packages/airflow/example_dags/example_task_group.py
[2024-05-30T11:20:42.829+0000] {processor.py:830} INFO - Processing file /home/airflow/.local/lib/python3.8/site-packages/airflow/example_dags/example_task_group.py for tasks to queue
[2024-05-30T11:20:42.832+0000] {logging_mixin.py:188} INFO - [2024-05-30T11:20:42.831+0000] {dagbag.py:540} INFO - Filling up the DagBag from /home/airflow/.local/lib/python3.8/site-packages/airflow/example_dags/example_task_group.py
[2024-05-30T11:20:42.844+0000] {processor.py:840} INFO - DAG(s) 'example_task_group' retrieved from /home/airflow/.local/lib/python3.8/site-packages/airflow/example_dags/example_task_group.py
[2024-05-30T11:20:42.872+0000] {logging_mixin.py:188} INFO - [2024-05-30T11:20:42.871+0000] {dag.py:3047} INFO - Sync 1 DAGs
[2024-05-30T11:20:42.902+0000] {logging_mixin.py:188} INFO - [2024-05-30T11:20:42.901+0000] {dag.py:3834} INFO - Setting next_dagrun for example_task_group to 2024-05-29 00:00:00+00:00, run_after=2024-05-30 00:00:00+00:00
[2024-05-30T11:20:42.926+0000] {processor.py:183} INFO - Processing /home/airflow/.local/lib/python3.8/site-packages/airflow/example_dags/example_task_group.py took 0.102 seconds
[2024-05-30T11:21:13.362+0000] {processor.py:161} INFO - Started process (PID=668) to work on /home/airflow/.local/lib/python3.8/site-packages/airflow/example_dags/example_task_group.py
[2024-05-30T11:21:13.363+0000] {processor.py:830} INFO - Processing file /home/airflow/.local/lib/python3.8/site-packages/airflow/example_dags/example_task_group.py for tasks to queue
[2024-05-30T11:21:13.365+0000] {logging_mixin.py:188} INFO - [2024-05-30T11:21:13.364+0000] {dagbag.py:540} INFO - Filling up the DagBag from /home/airflow/.local/lib/python3.8/site-packages/airflow/example_dags/example_task_group.py
[2024-05-30T11:21:13.372+0000] {processor.py:840} INFO - DAG(s) 'example_task_group' retrieved from /home/airflow/.local/lib/python3.8/site-packages/airflow/example_dags/example_task_group.py
[2024-05-30T11:21:13.396+0000] {logging_mixin.py:188} INFO - [2024-05-30T11:21:13.395+0000] {dag.py:3047} INFO - Sync 1 DAGs
[2024-05-30T11:21:13.424+0000] {logging_mixin.py:188} INFO - [2024-05-30T11:21:13.424+0000] {dag.py:3834} INFO - Setting next_dagrun for example_task_group to 2024-05-29 00:00:00+00:00, run_after=2024-05-30 00:00:00+00:00
[2024-05-30T11:21:13.446+0000] {processor.py:183} INFO - Processing /home/airflow/.local/lib/python3.8/site-packages/airflow/example_dags/example_task_group.py took 0.086 seconds
[2024-05-30T11:21:43.850+0000] {processor.py:161} INFO - Started process (PID=725) to work on /home/airflow/.local/lib/python3.8/site-packages/airflow/example_dags/example_task_group.py
[2024-05-30T11:21:43.852+0000] {processor.py:830} INFO - Processing file /home/airflow/.local/lib/python3.8/site-packages/airflow/example_dags/example_task_group.py for tasks to queue
[2024-05-30T11:21:43.855+0000] {logging_mixin.py:188} INFO - [2024-05-30T11:21:43.854+0000] {dagbag.py:540} INFO - Filling up the DagBag from /home/airflow/.local/lib/python3.8/site-packages/airflow/example_dags/example_task_group.py
[2024-05-30T11:21:43.866+0000] {processor.py:840} INFO - DAG(s) 'example_task_group' retrieved from /home/airflow/.local/lib/python3.8/site-packages/airflow/example_dags/example_task_group.py
[2024-05-30T11:21:43.889+0000] {logging_mixin.py:188} INFO - [2024-05-30T11:21:43.889+0000] {dag.py:3047} INFO - Sync 1 DAGs
[2024-05-30T11:21:43.917+0000] {logging_mixin.py:188} INFO - [2024-05-30T11:21:43.917+0000] {dag.py:3834} INFO - Setting next_dagrun for example_task_group to 2024-05-29 00:00:00+00:00, run_after=2024-05-30 00:00:00+00:00
[2024-05-30T11:21:43.942+0000] {processor.py:183} INFO - Processing /home/airflow/.local/lib/python3.8/site-packages/airflow/example_dags/example_task_group.py took 0.096 seconds
[2024-05-30T11:22:14.159+0000] {processor.py:161} INFO - Started process (PID=782) to work on /home/airflow/.local/lib/python3.8/site-packages/airflow/example_dags/example_task_group.py
[2024-05-30T11:22:14.160+0000] {processor.py:830} INFO - Processing file /home/airflow/.local/lib/python3.8/site-packages/airflow/example_dags/example_task_group.py for tasks to queue
[2024-05-30T11:22:14.162+0000] {logging_mixin.py:188} INFO - [2024-05-30T11:22:14.161+0000] {dagbag.py:540} INFO - Filling up the DagBag from /home/airflow/.local/lib/python3.8/site-packages/airflow/example_dags/example_task_group.py
[2024-05-30T11:22:14.169+0000] {processor.py:840} INFO - DAG(s) 'example_task_group' retrieved from /home/airflow/.local/lib/python3.8/site-packages/airflow/example_dags/example_task_group.py
[2024-05-30T11:22:14.192+0000] {logging_mixin.py:188} INFO - [2024-05-30T11:22:14.192+0000] {dag.py:3047} INFO - Sync 1 DAGs
[2024-05-30T11:22:14.215+0000] {logging_mixin.py:188} INFO - [2024-05-30T11:22:14.215+0000] {dag.py:3834} INFO - Setting next_dagrun for example_task_group to 2024-05-29 00:00:00+00:00, run_after=2024-05-30 00:00:00+00:00
[2024-05-30T11:22:14.244+0000] {processor.py:183} INFO - Processing /home/airflow/.local/lib/python3.8/site-packages/airflow/example_dags/example_task_group.py took 0.087 seconds
[2024-05-30T11:22:44.935+0000] {processor.py:161} INFO - Started process (PID=839) to work on /home/airflow/.local/lib/python3.8/site-packages/airflow/example_dags/example_task_group.py
[2024-05-30T11:22:44.936+0000] {processor.py:830} INFO - Processing file /home/airflow/.local/lib/python3.8/site-packages/airflow/example_dags/example_task_group.py for tasks to queue
[2024-05-30T11:22:44.939+0000] {logging_mixin.py:188} INFO - [2024-05-30T11:22:44.938+0000] {dagbag.py:540} INFO - Filling up the DagBag from /home/airflow/.local/lib/python3.8/site-packages/airflow/example_dags/example_task_group.py
[2024-05-30T11:22:44.948+0000] {processor.py:840} INFO - DAG(s) 'example_task_group' retrieved from /home/airflow/.local/lib/python3.8/site-packages/airflow/example_dags/example_task_group.py
[2024-05-30T11:22:44.986+0000] {logging_mixin.py:188} INFO - [2024-05-30T11:22:44.985+0000] {dag.py:3047} INFO - Sync 1 DAGs
[2024-05-30T11:22:45.021+0000] {logging_mixin.py:188} INFO - [2024-05-30T11:22:45.020+0000] {dag.py:3834} INFO - Setting next_dagrun for example_task_group to 2024-05-29 00:00:00+00:00, run_after=2024-05-30 00:00:00+00:00
[2024-05-30T11:22:45.052+0000] {processor.py:183} INFO - Processing /home/airflow/.local/lib/python3.8/site-packages/airflow/example_dags/example_task_group.py took 0.120 seconds
[2024-05-30T11:23:15.124+0000] {processor.py:161} INFO - Started process (PID=896) to work on /home/airflow/.local/lib/python3.8/site-packages/airflow/example_dags/example_task_group.py
[2024-05-30T11:23:15.126+0000] {processor.py:830} INFO - Processing file /home/airflow/.local/lib/python3.8/site-packages/airflow/example_dags/example_task_group.py for tasks to queue
[2024-05-30T11:23:15.128+0000] {logging_mixin.py:188} INFO - [2024-05-30T11:23:15.128+0000] {dagbag.py:540} INFO - Filling up the DagBag from /home/airflow/.local/lib/python3.8/site-packages/airflow/example_dags/example_task_group.py
[2024-05-30T11:23:15.137+0000] {processor.py:840} INFO - DAG(s) 'example_task_group' retrieved from /home/airflow/.local/lib/python3.8/site-packages/airflow/example_dags/example_task_group.py
[2024-05-30T11:23:15.165+0000] {logging_mixin.py:188} INFO - [2024-05-30T11:23:15.165+0000] {dag.py:3047} INFO - Sync 1 DAGs
[2024-05-30T11:23:15.195+0000] {logging_mixin.py:188} INFO - [2024-05-30T11:23:15.194+0000] {dag.py:3834} INFO - Setting next_dagrun for example_task_group to 2024-05-29 00:00:00+00:00, run_after=2024-05-30 00:00:00+00:00
[2024-05-30T11:23:15.222+0000] {processor.py:183} INFO - Processing /home/airflow/.local/lib/python3.8/site-packages/airflow/example_dags/example_task_group.py took 0.102 seconds
[2024-05-30T11:23:45.795+0000] {processor.py:161} INFO - Started process (PID=953) to work on /home/airflow/.local/lib/python3.8/site-packages/airflow/example_dags/example_task_group.py
[2024-05-30T11:23:45.796+0000] {processor.py:830} INFO - Processing file /home/airflow/.local/lib/python3.8/site-packages/airflow/example_dags/example_task_group.py for tasks to queue
[2024-05-30T11:23:45.799+0000] {logging_mixin.py:188} INFO - [2024-05-30T11:23:45.799+0000] {dagbag.py:540} INFO - Filling up the DagBag from /home/airflow/.local/lib/python3.8/site-packages/airflow/example_dags/example_task_group.py
[2024-05-30T11:23:45.808+0000] {processor.py:840} INFO - DAG(s) 'example_task_group' retrieved from /home/airflow/.local/lib/python3.8/site-packages/airflow/example_dags/example_task_group.py
[2024-05-30T11:23:45.843+0000] {logging_mixin.py:188} INFO - [2024-05-30T11:23:45.842+0000] {dag.py:3047} INFO - Sync 1 DAGs
[2024-05-30T11:23:45.873+0000] {logging_mixin.py:188} INFO - [2024-05-30T11:23:45.873+0000] {dag.py:3834} INFO - Setting next_dagrun for example_task_group to 2024-05-29 00:00:00+00:00, run_after=2024-05-30 00:00:00+00:00
[2024-05-30T11:23:45.904+0000] {processor.py:183} INFO - Processing /home/airflow/.local/lib/python3.8/site-packages/airflow/example_dags/example_task_group.py took 0.112 seconds
[2024-05-30T11:24:16.848+0000] {processor.py:161} INFO - Started process (PID=1016) to work on /home/airflow/.local/lib/python3.8/site-packages/airflow/example_dags/example_task_group.py
[2024-05-30T11:24:16.851+0000] {processor.py:830} INFO - Processing file /home/airflow/.local/lib/python3.8/site-packages/airflow/example_dags/example_task_group.py for tasks to queue
[2024-05-30T11:24:16.855+0000] {logging_mixin.py:188} INFO - [2024-05-30T11:24:16.854+0000] {dagbag.py:540} INFO - Filling up the DagBag from /home/airflow/.local/lib/python3.8/site-packages/airflow/example_dags/example_task_group.py
[2024-05-30T11:24:16.870+0000] {processor.py:840} INFO - DAG(s) 'example_task_group' retrieved from /home/airflow/.local/lib/python3.8/site-packages/airflow/example_dags/example_task_group.py
[2024-05-30T11:24:16.937+0000] {logging_mixin.py:188} INFO - [2024-05-30T11:24:16.937+0000] {dag.py:3047} INFO - Sync 1 DAGs
[2024-05-30T11:24:17.018+0000] {logging_mixin.py:188} INFO - [2024-05-30T11:24:17.017+0000] {dag.py:3834} INFO - Setting next_dagrun for example_task_group to 2024-05-29 00:00:00+00:00, run_after=2024-05-30 00:00:00+00:00
[2024-05-30T11:24:17.092+0000] {processor.py:183} INFO - Processing /home/airflow/.local/lib/python3.8/site-packages/airflow/example_dags/example_task_group.py took 0.251 seconds
[2024-05-30T11:24:47.474+0000] {processor.py:161} INFO - Started process (PID=1073) to work on /home/airflow/.local/lib/python3.8/site-packages/airflow/example_dags/example_task_group.py
[2024-05-30T11:24:47.475+0000] {processor.py:830} INFO - Processing file /home/airflow/.local/lib/python3.8/site-packages/airflow/example_dags/example_task_group.py for tasks to queue
[2024-05-30T11:24:47.478+0000] {logging_mixin.py:188} INFO - [2024-05-30T11:24:47.477+0000] {dagbag.py:540} INFO - Filling up the DagBag from /home/airflow/.local/lib/python3.8/site-packages/airflow/example_dags/example_task_group.py
[2024-05-30T11:24:47.488+0000] {processor.py:840} INFO - DAG(s) 'example_task_group' retrieved from /home/airflow/.local/lib/python3.8/site-packages/airflow/example_dags/example_task_group.py
[2024-05-30T11:24:47.529+0000] {logging_mixin.py:188} INFO - [2024-05-30T11:24:47.528+0000] {dag.py:3047} INFO - Sync 1 DAGs
[2024-05-30T11:24:47.586+0000] {logging_mixin.py:188} INFO - [2024-05-30T11:24:47.586+0000] {dag.py:3834} INFO - Setting next_dagrun for example_task_group to 2024-05-29 00:00:00+00:00, run_after=2024-05-30 00:00:00+00:00
[2024-05-30T11:24:47.623+0000] {processor.py:183} INFO - Processing /home/airflow/.local/lib/python3.8/site-packages/airflow/example_dags/example_task_group.py took 0.153 seconds
[2024-05-30T11:25:17.994+0000] {processor.py:161} INFO - Started process (PID=1130) to work on /home/airflow/.local/lib/python3.8/site-packages/airflow/example_dags/example_task_group.py
[2024-05-30T11:25:17.995+0000] {processor.py:830} INFO - Processing file /home/airflow/.local/lib/python3.8/site-packages/airflow/example_dags/example_task_group.py for tasks to queue
[2024-05-30T11:25:17.997+0000] {logging_mixin.py:188} INFO - [2024-05-30T11:25:17.997+0000] {dagbag.py:540} INFO - Filling up the DagBag from /home/airflow/.local/lib/python3.8/site-packages/airflow/example_dags/example_task_group.py
[2024-05-30T11:25:18.007+0000] {processor.py:840} INFO - DAG(s) 'example_task_group' retrieved from /home/airflow/.local/lib/python3.8/site-packages/airflow/example_dags/example_task_group.py
[2024-05-30T11:25:18.043+0000] {logging_mixin.py:188} INFO - [2024-05-30T11:25:18.043+0000] {dag.py:3047} INFO - Sync 1 DAGs
[2024-05-30T11:25:18.076+0000] {logging_mixin.py:188} INFO - [2024-05-30T11:25:18.076+0000] {dag.py:3834} INFO - Setting next_dagrun for example_task_group to 2024-05-29 00:00:00+00:00, run_after=2024-05-30 00:00:00+00:00
[2024-05-30T11:25:18.104+0000] {processor.py:183} INFO - Processing /home/airflow/.local/lib/python3.8/site-packages/airflow/example_dags/example_task_group.py took 0.114 seconds
[2024-05-30T11:25:48.343+0000] {processor.py:161} INFO - Started process (PID=1187) to work on /home/airflow/.local/lib/python3.8/site-packages/airflow/example_dags/example_task_group.py
[2024-05-30T11:25:48.345+0000] {processor.py:830} INFO - Processing file /home/airflow/.local/lib/python3.8/site-packages/airflow/example_dags/example_task_group.py for tasks to queue
[2024-05-30T11:25:48.348+0000] {logging_mixin.py:188} INFO - [2024-05-30T11:25:48.347+0000] {dagbag.py:540} INFO - Filling up the DagBag from /home/airflow/.local/lib/python3.8/site-packages/airflow/example_dags/example_task_group.py
[2024-05-30T11:25:48.359+0000] {processor.py:840} INFO - DAG(s) 'example_task_group' retrieved from /home/airflow/.local/lib/python3.8/site-packages/airflow/example_dags/example_task_group.py
[2024-05-30T11:25:48.394+0000] {logging_mixin.py:188} INFO - [2024-05-30T11:25:48.393+0000] {dag.py:3047} INFO - Sync 1 DAGs
[2024-05-30T11:25:48.429+0000] {logging_mixin.py:188} INFO - [2024-05-30T11:25:48.429+0000] {dag.py:3834} INFO - Setting next_dagrun for example_task_group to 2024-05-29 00:00:00+00:00, run_after=2024-05-30 00:00:00+00:00
[2024-05-30T11:25:48.464+0000] {processor.py:183} INFO - Processing /home/airflow/.local/lib/python3.8/site-packages/airflow/example_dags/example_task_group.py took 0.126 seconds
[2024-05-30T11:26:19.020+0000] {processor.py:161} INFO - Started process (PID=1244) to work on /home/airflow/.local/lib/python3.8/site-packages/airflow/example_dags/example_task_group.py
[2024-05-30T11:26:19.022+0000] {processor.py:830} INFO - Processing file /home/airflow/.local/lib/python3.8/site-packages/airflow/example_dags/example_task_group.py for tasks to queue
[2024-05-30T11:26:19.024+0000] {logging_mixin.py:188} INFO - [2024-05-30T11:26:19.024+0000] {dagbag.py:540} INFO - Filling up the DagBag from /home/airflow/.local/lib/python3.8/site-packages/airflow/example_dags/example_task_group.py
[2024-05-30T11:26:19.036+0000] {processor.py:840} INFO - DAG(s) 'example_task_group' retrieved from /home/airflow/.local/lib/python3.8/site-packages/airflow/example_dags/example_task_group.py
[2024-05-30T11:26:19.073+0000] {logging_mixin.py:188} INFO - [2024-05-30T11:26:19.073+0000] {dag.py:3047} INFO - Sync 1 DAGs
[2024-05-30T11:26:19.115+0000] {logging_mixin.py:188} INFO - [2024-05-30T11:26:19.115+0000] {dag.py:3834} INFO - Setting next_dagrun for example_task_group to 2024-05-29 00:00:00+00:00, run_after=2024-05-30 00:00:00+00:00
[2024-05-30T11:26:19.150+0000] {processor.py:183} INFO - Processing /home/airflow/.local/lib/python3.8/site-packages/airflow/example_dags/example_task_group.py took 0.134 seconds
[2024-05-30T11:26:49.663+0000] {processor.py:161} INFO - Started process (PID=1301) to work on /home/airflow/.local/lib/python3.8/site-packages/airflow/example_dags/example_task_group.py
[2024-05-30T11:26:49.665+0000] {processor.py:830} INFO - Processing file /home/airflow/.local/lib/python3.8/site-packages/airflow/example_dags/example_task_group.py for tasks to queue
[2024-05-30T11:26:49.668+0000] {logging_mixin.py:188} INFO - [2024-05-30T11:26:49.667+0000] {dagbag.py:540} INFO - Filling up the DagBag from /home/airflow/.local/lib/python3.8/site-packages/airflow/example_dags/example_task_group.py
[2024-05-30T11:26:49.679+0000] {processor.py:840} INFO - DAG(s) 'example_task_group' retrieved from /home/airflow/.local/lib/python3.8/site-packages/airflow/example_dags/example_task_group.py
[2024-05-30T11:26:49.713+0000] {logging_mixin.py:188} INFO - [2024-05-30T11:26:49.713+0000] {dag.py:3047} INFO - Sync 1 DAGs
[2024-05-30T11:26:49.746+0000] {logging_mixin.py:188} INFO - [2024-05-30T11:26:49.745+0000] {dag.py:3834} INFO - Setting next_dagrun for example_task_group to 2024-05-29 00:00:00+00:00, run_after=2024-05-30 00:00:00+00:00
[2024-05-30T11:26:49.775+0000] {processor.py:183} INFO - Processing /home/airflow/.local/lib/python3.8/site-packages/airflow/example_dags/example_task_group.py took 0.115 seconds
[2024-05-30T11:27:19.919+0000] {processor.py:161} INFO - Started process (PID=1358) to work on /home/airflow/.local/lib/python3.8/site-packages/airflow/example_dags/example_task_group.py
[2024-05-30T11:27:19.920+0000] {processor.py:830} INFO - Processing file /home/airflow/.local/lib/python3.8/site-packages/airflow/example_dags/example_task_group.py for tasks to queue
[2024-05-30T11:27:19.922+0000] {logging_mixin.py:188} INFO - [2024-05-30T11:27:19.922+0000] {dagbag.py:540} INFO - Filling up the DagBag from /home/airflow/.local/lib/python3.8/site-packages/airflow/example_dags/example_task_group.py
[2024-05-30T11:27:19.932+0000] {processor.py:840} INFO - DAG(s) 'example_task_group' retrieved from /home/airflow/.local/lib/python3.8/site-packages/airflow/example_dags/example_task_group.py
[2024-05-30T11:27:19.969+0000] {logging_mixin.py:188} INFO - [2024-05-30T11:27:19.968+0000] {dag.py:3047} INFO - Sync 1 DAGs
[2024-05-30T11:27:20.002+0000] {logging_mixin.py:188} INFO - [2024-05-30T11:27:20.002+0000] {dag.py:3834} INFO - Setting next_dagrun for example_task_group to 2024-05-29 00:00:00+00:00, run_after=2024-05-30 00:00:00+00:00
[2024-05-30T11:27:20.032+0000] {processor.py:183} INFO - Processing /home/airflow/.local/lib/python3.8/site-packages/airflow/example_dags/example_task_group.py took 0.117 seconds
[2024-05-30T11:27:50.140+0000] {processor.py:161} INFO - Started process (PID=1415) to work on /home/airflow/.local/lib/python3.8/site-packages/airflow/example_dags/example_task_group.py
[2024-05-30T11:27:50.142+0000] {processor.py:830} INFO - Processing file /home/airflow/.local/lib/python3.8/site-packages/airflow/example_dags/example_task_group.py for tasks to queue
[2024-05-30T11:27:50.145+0000] {logging_mixin.py:188} INFO - [2024-05-30T11:27:50.144+0000] {dagbag.py:540} INFO - Filling up the DagBag from /home/airflow/.local/lib/python3.8/site-packages/airflow/example_dags/example_task_group.py
[2024-05-30T11:27:50.157+0000] {processor.py:840} INFO - DAG(s) 'example_task_group' retrieved from /home/airflow/.local/lib/python3.8/site-packages/airflow/example_dags/example_task_group.py
[2024-05-30T11:27:50.196+0000] {logging_mixin.py:188} INFO - [2024-05-30T11:27:50.196+0000] {dag.py:3047} INFO - Sync 1 DAGs
[2024-05-30T11:27:50.231+0000] {logging_mixin.py:188} INFO - [2024-05-30T11:27:50.231+0000] {dag.py:3834} INFO - Setting next_dagrun for example_task_group to 2024-05-29 00:00:00+00:00, run_after=2024-05-30 00:00:00+00:00
[2024-05-30T11:27:50.257+0000] {processor.py:183} INFO - Processing /home/airflow/.local/lib/python3.8/site-packages/airflow/example_dags/example_task_group.py took 0.120 seconds
[2024-05-30T11:28:20.509+0000] {processor.py:161} INFO - Started process (PID=1472) to work on /home/airflow/.local/lib/python3.8/site-packages/airflow/example_dags/example_task_group.py
[2024-05-30T11:28:20.512+0000] {processor.py:830} INFO - Processing file /home/airflow/.local/lib/python3.8/site-packages/airflow/example_dags/example_task_group.py for tasks to queue
[2024-05-30T11:28:20.516+0000] {logging_mixin.py:188} INFO - [2024-05-30T11:28:20.515+0000] {dagbag.py:540} INFO - Filling up the DagBag from /home/airflow/.local/lib/python3.8/site-packages/airflow/example_dags/example_task_group.py
[2024-05-30T11:28:20.533+0000] {processor.py:840} INFO - DAG(s) 'example_task_group' retrieved from /home/airflow/.local/lib/python3.8/site-packages/airflow/example_dags/example_task_group.py
[2024-05-30T11:28:20.577+0000] {logging_mixin.py:188} INFO - [2024-05-30T11:28:20.576+0000] {dag.py:3047} INFO - Sync 1 DAGs
[2024-05-30T11:28:20.664+0000] {logging_mixin.py:188} INFO - [2024-05-30T11:28:20.664+0000] {dag.py:3834} INFO - Setting next_dagrun for example_task_group to 2024-05-29 00:00:00+00:00, run_after=2024-05-30 00:00:00+00:00
[2024-05-30T11:28:20.732+0000] {processor.py:183} INFO - Processing /home/airflow/.local/lib/python3.8/site-packages/airflow/example_dags/example_task_group.py took 0.228 seconds
[2024-05-30T11:28:50.947+0000] {processor.py:161} INFO - Started process (PID=1529) to work on /home/airflow/.local/lib/python3.8/site-packages/airflow/example_dags/example_task_group.py
[2024-05-30T11:28:50.949+0000] {processor.py:830} INFO - Processing file /home/airflow/.local/lib/python3.8/site-packages/airflow/example_dags/example_task_group.py for tasks to queue
[2024-05-30T11:28:50.953+0000] {logging_mixin.py:188} INFO - [2024-05-30T11:28:50.952+0000] {dagbag.py:540} INFO - Filling up the DagBag from /home/airflow/.local/lib/python3.8/site-packages/airflow/example_dags/example_task_group.py
[2024-05-30T11:28:50.967+0000] {processor.py:840} INFO - DAG(s) 'example_task_group' retrieved from /home/airflow/.local/lib/python3.8/site-packages/airflow/example_dags/example_task_group.py
[2024-05-30T11:28:51.011+0000] {logging_mixin.py:188} INFO - [2024-05-30T11:28:51.010+0000] {dag.py:3047} INFO - Sync 1 DAGs
[2024-05-30T11:28:51.060+0000] {logging_mixin.py:188} INFO - [2024-05-30T11:28:51.059+0000] {dag.py:3834} INFO - Setting next_dagrun for example_task_group to 2024-05-29 00:00:00+00:00, run_after=2024-05-30 00:00:00+00:00
[2024-05-30T11:28:51.097+0000] {processor.py:183} INFO - Processing /home/airflow/.local/lib/python3.8/site-packages/airflow/example_dags/example_task_group.py took 0.154 seconds
[2024-05-30T11:29:21.200+0000] {processor.py:161} INFO - Started process (PID=1586) to work on /home/airflow/.local/lib/python3.8/site-packages/airflow/example_dags/example_task_group.py
[2024-05-30T11:29:21.201+0000] {processor.py:830} INFO - Processing file /home/airflow/.local/lib/python3.8/site-packages/airflow/example_dags/example_task_group.py for tasks to queue
[2024-05-30T11:29:21.203+0000] {logging_mixin.py:188} INFO - [2024-05-30T11:29:21.203+0000] {dagbag.py:540} INFO - Filling up the DagBag from /home/airflow/.local/lib/python3.8/site-packages/airflow/example_dags/example_task_group.py
[2024-05-30T11:29:21.212+0000] {processor.py:840} INFO - DAG(s) 'example_task_group' retrieved from /home/airflow/.local/lib/python3.8/site-packages/airflow/example_dags/example_task_group.py
[2024-05-30T11:29:21.244+0000] {logging_mixin.py:188} INFO - [2024-05-30T11:29:21.244+0000] {dag.py:3047} INFO - Sync 1 DAGs
[2024-05-30T11:29:21.289+0000] {logging_mixin.py:188} INFO - [2024-05-30T11:29:21.289+0000] {dag.py:3834} INFO - Setting next_dagrun for example_task_group to 2024-05-29 00:00:00+00:00, run_after=2024-05-30 00:00:00+00:00
[2024-05-30T11:29:21.318+0000] {processor.py:183} INFO - Processing /home/airflow/.local/lib/python3.8/site-packages/airflow/example_dags/example_task_group.py took 0.122 seconds
[2024-05-30T11:29:51.631+0000] {processor.py:161} INFO - Started process (PID=1643) to work on /home/airflow/.local/lib/python3.8/site-packages/airflow/example_dags/example_task_group.py
[2024-05-30T11:29:51.632+0000] {processor.py:830} INFO - Processing file /home/airflow/.local/lib/python3.8/site-packages/airflow/example_dags/example_task_group.py for tasks to queue
[2024-05-30T11:29:51.635+0000] {logging_mixin.py:188} INFO - [2024-05-30T11:29:51.634+0000] {dagbag.py:540} INFO - Filling up the DagBag from /home/airflow/.local/lib/python3.8/site-packages/airflow/example_dags/example_task_group.py
[2024-05-30T11:29:51.647+0000] {processor.py:840} INFO - DAG(s) 'example_task_group' retrieved from /home/airflow/.local/lib/python3.8/site-packages/airflow/example_dags/example_task_group.py
[2024-05-30T11:29:51.683+0000] {logging_mixin.py:188} INFO - [2024-05-30T11:29:51.683+0000] {dag.py:3047} INFO - Sync 1 DAGs
[2024-05-30T11:29:51.724+0000] {logging_mixin.py:188} INFO - [2024-05-30T11:29:51.724+0000] {dag.py:3834} INFO - Setting next_dagrun for example_task_group to 2024-05-29 00:00:00+00:00, run_after=2024-05-30 00:00:00+00:00
[2024-05-30T11:29:51.758+0000] {processor.py:183} INFO - Processing /home/airflow/.local/lib/python3.8/site-packages/airflow/example_dags/example_task_group.py took 0.130 seconds
[2024-05-30T11:30:21.835+0000] {processor.py:161} INFO - Started process (PID=1700) to work on /home/airflow/.local/lib/python3.8/site-packages/airflow/example_dags/example_task_group.py
[2024-05-30T11:30:21.837+0000] {processor.py:830} INFO - Processing file /home/airflow/.local/lib/python3.8/site-packages/airflow/example_dags/example_task_group.py for tasks to queue
[2024-05-30T11:30:21.838+0000] {logging_mixin.py:188} INFO - [2024-05-30T11:30:21.838+0000] {dagbag.py:540} INFO - Filling up the DagBag from /home/airflow/.local/lib/python3.8/site-packages/airflow/example_dags/example_task_group.py
[2024-05-30T11:30:21.846+0000] {processor.py:840} INFO - DAG(s) 'example_task_group' retrieved from /home/airflow/.local/lib/python3.8/site-packages/airflow/example_dags/example_task_group.py
[2024-05-30T11:30:21.869+0000] {logging_mixin.py:188} INFO - [2024-05-30T11:30:21.869+0000] {dag.py:3047} INFO - Sync 1 DAGs
[2024-05-30T11:30:21.906+0000] {logging_mixin.py:188} INFO - [2024-05-30T11:30:21.905+0000] {dag.py:3834} INFO - Setting next_dagrun for example_task_group to 2024-05-29 00:00:00+00:00, run_after=2024-05-30 00:00:00+00:00
[2024-05-30T11:30:21.937+0000] {processor.py:183} INFO - Processing /home/airflow/.local/lib/python3.8/site-packages/airflow/example_dags/example_task_group.py took 0.104 seconds
[2024-05-30T11:30:52.281+0000] {processor.py:161} INFO - Started process (PID=1757) to work on /home/airflow/.local/lib/python3.8/site-packages/airflow/example_dags/example_task_group.py
[2024-05-30T11:30:52.283+0000] {processor.py:830} INFO - Processing file /home/airflow/.local/lib/python3.8/site-packages/airflow/example_dags/example_task_group.py for tasks to queue
[2024-05-30T11:30:52.285+0000] {logging_mixin.py:188} INFO - [2024-05-30T11:30:52.284+0000] {dagbag.py:540} INFO - Filling up the DagBag from /home/airflow/.local/lib/python3.8/site-packages/airflow/example_dags/example_task_group.py
[2024-05-30T11:30:52.293+0000] {processor.py:840} INFO - DAG(s) 'example_task_group' retrieved from /home/airflow/.local/lib/python3.8/site-packages/airflow/example_dags/example_task_group.py
[2024-05-30T11:30:52.324+0000] {logging_mixin.py:188} INFO - [2024-05-30T11:30:52.323+0000] {dag.py:3047} INFO - Sync 1 DAGs
[2024-05-30T11:30:52.362+0000] {logging_mixin.py:188} INFO - [2024-05-30T11:30:52.362+0000] {dag.py:3834} INFO - Setting next_dagrun for example_task_group to 2024-05-29 00:00:00+00:00, run_after=2024-05-30 00:00:00+00:00
[2024-05-30T11:30:52.424+0000] {processor.py:183} INFO - Processing /home/airflow/.local/lib/python3.8/site-packages/airflow/example_dags/example_task_group.py took 0.146 seconds
[2024-05-30T11:31:22.957+0000] {processor.py:161} INFO - Started process (PID=1814) to work on /home/airflow/.local/lib/python3.8/site-packages/airflow/example_dags/example_task_group.py
[2024-05-30T11:31:22.959+0000] {processor.py:830} INFO - Processing file /home/airflow/.local/lib/python3.8/site-packages/airflow/example_dags/example_task_group.py for tasks to queue
[2024-05-30T11:31:22.961+0000] {logging_mixin.py:188} INFO - [2024-05-30T11:31:22.960+0000] {dagbag.py:540} INFO - Filling up the DagBag from /home/airflow/.local/lib/python3.8/site-packages/airflow/example_dags/example_task_group.py
[2024-05-30T11:31:22.972+0000] {processor.py:840} INFO - DAG(s) 'example_task_group' retrieved from /home/airflow/.local/lib/python3.8/site-packages/airflow/example_dags/example_task_group.py
[2024-05-30T11:31:23.005+0000] {logging_mixin.py:188} INFO - [2024-05-30T11:31:23.005+0000] {dag.py:3047} INFO - Sync 1 DAGs
[2024-05-30T11:31:23.033+0000] {logging_mixin.py:188} INFO - [2024-05-30T11:31:23.033+0000] {dag.py:3834} INFO - Setting next_dagrun for example_task_group to 2024-05-29 00:00:00+00:00, run_after=2024-05-30 00:00:00+00:00
[2024-05-30T11:31:23.060+0000] {processor.py:183} INFO - Processing /home/airflow/.local/lib/python3.8/site-packages/airflow/example_dags/example_task_group.py took 0.106 seconds
[2024-05-30T11:31:53.150+0000] {processor.py:161} INFO - Started process (PID=1871) to work on /home/airflow/.local/lib/python3.8/site-packages/airflow/example_dags/example_task_group.py
[2024-05-30T11:31:53.152+0000] {processor.py:830} INFO - Processing file /home/airflow/.local/lib/python3.8/site-packages/airflow/example_dags/example_task_group.py for tasks to queue
[2024-05-30T11:31:53.156+0000] {logging_mixin.py:188} INFO - [2024-05-30T11:31:53.156+0000] {dagbag.py:540} INFO - Filling up the DagBag from /home/airflow/.local/lib/python3.8/site-packages/airflow/example_dags/example_task_group.py
[2024-05-30T11:31:53.167+0000] {processor.py:840} INFO - DAG(s) 'example_task_group' retrieved from /home/airflow/.local/lib/python3.8/site-packages/airflow/example_dags/example_task_group.py
[2024-05-30T11:31:53.201+0000] {logging_mixin.py:188} INFO - [2024-05-30T11:31:53.200+0000] {dag.py:3047} INFO - Sync 1 DAGs
[2024-05-30T11:31:53.262+0000] {logging_mixin.py:188} INFO - [2024-05-30T11:31:53.261+0000] {dag.py:3834} INFO - Setting next_dagrun for example_task_group to 2024-05-29 00:00:00+00:00, run_after=2024-05-30 00:00:00+00:00
[2024-05-30T11:31:53.330+0000] {processor.py:183} INFO - Processing /home/airflow/.local/lib/python3.8/site-packages/airflow/example_dags/example_task_group.py took 0.184 seconds
