[2024-05-30T11:15:39.611+0000] {processor.py:161} INFO - Started process (PID=49) to work on /home/airflow/.local/lib/python3.8/site-packages/airflow/example_dags/example_setup_teardown.py
[2024-05-30T11:15:39.612+0000] {processor.py:830} INFO - Processing file /home/airflow/.local/lib/python3.8/site-packages/airflow/example_dags/example_setup_teardown.py for tasks to queue
[2024-05-30T11:15:39.615+0000] {logging_mixin.py:188} INFO - [2024-05-30T11:15:39.614+0000] {dagbag.py:540} INFO - Filling up the DagBag from /home/airflow/.local/lib/python3.8/site-packages/airflow/example_dags/example_setup_teardown.py
[2024-05-30T11:15:39.626+0000] {processor.py:840} INFO - DAG(s) 'example_setup_teardown' retrieved from /home/airflow/.local/lib/python3.8/site-packages/airflow/example_dags/example_setup_teardown.py
[2024-05-30T11:15:39.674+0000] {logging_mixin.py:188} INFO - [2024-05-30T11:15:39.673+0000] {dag.py:3047} INFO - Sync 1 DAGs
[2024-05-30T11:15:39.727+0000] {logging_mixin.py:188} INFO - [2024-05-30T11:15:39.726+0000] {dag.py:3834} INFO - Setting next_dagrun for example_setup_teardown to 2024-05-29 00:00:00+00:00, run_after=2024-05-30 00:00:00+00:00
[2024-05-30T11:15:39.771+0000] {processor.py:183} INFO - Processing /home/airflow/.local/lib/python3.8/site-packages/airflow/example_dags/example_setup_teardown.py took 0.165 seconds
[2024-05-30T11:16:10.204+0000] {processor.py:161} INFO - Started process (PID=106) to work on /home/airflow/.local/lib/python3.8/site-packages/airflow/example_dags/example_setup_teardown.py
[2024-05-30T11:16:10.206+0000] {processor.py:830} INFO - Processing file /home/airflow/.local/lib/python3.8/site-packages/airflow/example_dags/example_setup_teardown.py for tasks to queue
[2024-05-30T11:16:10.208+0000] {logging_mixin.py:188} INFO - [2024-05-30T11:16:10.207+0000] {dagbag.py:540} INFO - Filling up the DagBag from /home/airflow/.local/lib/python3.8/site-packages/airflow/example_dags/example_setup_teardown.py
[2024-05-30T11:16:10.224+0000] {processor.py:840} INFO - DAG(s) 'example_setup_teardown' retrieved from /home/airflow/.local/lib/python3.8/site-packages/airflow/example_dags/example_setup_teardown.py
[2024-05-30T11:16:10.265+0000] {logging_mixin.py:188} INFO - [2024-05-30T11:16:10.265+0000] {dag.py:3047} INFO - Sync 1 DAGs
[2024-05-30T11:16:10.307+0000] {logging_mixin.py:188} INFO - [2024-05-30T11:16:10.306+0000] {dag.py:3834} INFO - Setting next_dagrun for example_setup_teardown to 2024-05-29 00:00:00+00:00, run_after=2024-05-30 00:00:00+00:00
[2024-05-30T11:16:10.337+0000] {processor.py:183} INFO - Processing /home/airflow/.local/lib/python3.8/site-packages/airflow/example_dags/example_setup_teardown.py took 0.137 seconds
[2024-05-30T11:16:41.276+0000] {processor.py:161} INFO - Started process (PID=163) to work on /home/airflow/.local/lib/python3.8/site-packages/airflow/example_dags/example_setup_teardown.py
[2024-05-30T11:16:41.278+0000] {processor.py:830} INFO - Processing file /home/airflow/.local/lib/python3.8/site-packages/airflow/example_dags/example_setup_teardown.py for tasks to queue
[2024-05-30T11:16:41.281+0000] {logging_mixin.py:188} INFO - [2024-05-30T11:16:41.280+0000] {dagbag.py:540} INFO - Filling up the DagBag from /home/airflow/.local/lib/python3.8/site-packages/airflow/example_dags/example_setup_teardown.py
[2024-05-30T11:16:41.293+0000] {processor.py:840} INFO - DAG(s) 'example_setup_teardown' retrieved from /home/airflow/.local/lib/python3.8/site-packages/airflow/example_dags/example_setup_teardown.py
[2024-05-30T11:16:41.332+0000] {logging_mixin.py:188} INFO - [2024-05-30T11:16:41.332+0000] {dag.py:3047} INFO - Sync 1 DAGs
[2024-05-30T11:16:41.375+0000] {logging_mixin.py:188} INFO - [2024-05-30T11:16:41.375+0000] {dag.py:3834} INFO - Setting next_dagrun for example_setup_teardown to 2024-05-29 00:00:00+00:00, run_after=2024-05-30 00:00:00+00:00
[2024-05-30T11:16:41.408+0000] {processor.py:183} INFO - Processing /home/airflow/.local/lib/python3.8/site-packages/airflow/example_dags/example_setup_teardown.py took 0.137 seconds
[2024-05-30T11:17:11.699+0000] {processor.py:161} INFO - Started process (PID=220) to work on /home/airflow/.local/lib/python3.8/site-packages/airflow/example_dags/example_setup_teardown.py
[2024-05-30T11:17:11.701+0000] {processor.py:830} INFO - Processing file /home/airflow/.local/lib/python3.8/site-packages/airflow/example_dags/example_setup_teardown.py for tasks to queue
[2024-05-30T11:17:11.704+0000] {logging_mixin.py:188} INFO - [2024-05-30T11:17:11.703+0000] {dagbag.py:540} INFO - Filling up the DagBag from /home/airflow/.local/lib/python3.8/site-packages/airflow/example_dags/example_setup_teardown.py
[2024-05-30T11:17:11.715+0000] {processor.py:840} INFO - DAG(s) 'example_setup_teardown' retrieved from /home/airflow/.local/lib/python3.8/site-packages/airflow/example_dags/example_setup_teardown.py
[2024-05-30T11:17:11.750+0000] {logging_mixin.py:188} INFO - [2024-05-30T11:17:11.750+0000] {dag.py:3047} INFO - Sync 1 DAGs
[2024-05-30T11:17:11.797+0000] {logging_mixin.py:188} INFO - [2024-05-30T11:17:11.797+0000] {dag.py:3834} INFO - Setting next_dagrun for example_setup_teardown to 2024-05-29 00:00:00+00:00, run_after=2024-05-30 00:00:00+00:00
[2024-05-30T11:17:11.830+0000] {processor.py:183} INFO - Processing /home/airflow/.local/lib/python3.8/site-packages/airflow/example_dags/example_setup_teardown.py took 0.135 seconds
[2024-05-30T11:17:41.965+0000] {processor.py:161} INFO - Started process (PID=275) to work on /home/airflow/.local/lib/python3.8/site-packages/airflow/example_dags/example_setup_teardown.py
[2024-05-30T11:17:41.967+0000] {processor.py:830} INFO - Processing file /home/airflow/.local/lib/python3.8/site-packages/airflow/example_dags/example_setup_teardown.py for tasks to queue
[2024-05-30T11:17:41.972+0000] {logging_mixin.py:188} INFO - [2024-05-30T11:17:41.971+0000] {dagbag.py:540} INFO - Filling up the DagBag from /home/airflow/.local/lib/python3.8/site-packages/airflow/example_dags/example_setup_teardown.py
[2024-05-30T11:17:41.984+0000] {processor.py:840} INFO - DAG(s) 'example_setup_teardown' retrieved from /home/airflow/.local/lib/python3.8/site-packages/airflow/example_dags/example_setup_teardown.py
[2024-05-30T11:17:42.014+0000] {logging_mixin.py:188} INFO - [2024-05-30T11:17:42.013+0000] {dag.py:3047} INFO - Sync 1 DAGs
[2024-05-30T11:17:42.044+0000] {logging_mixin.py:188} INFO - [2024-05-30T11:17:42.044+0000] {dag.py:3834} INFO - Setting next_dagrun for example_setup_teardown to 2024-05-29 00:00:00+00:00, run_after=2024-05-30 00:00:00+00:00
[2024-05-30T11:17:42.069+0000] {processor.py:183} INFO - Processing /home/airflow/.local/lib/python3.8/site-packages/airflow/example_dags/example_setup_teardown.py took 0.109 seconds
[2024-05-30T11:18:12.156+0000] {processor.py:161} INFO - Started process (PID=332) to work on /home/airflow/.local/lib/python3.8/site-packages/airflow/example_dags/example_setup_teardown.py
[2024-05-30T11:18:12.157+0000] {processor.py:830} INFO - Processing file /home/airflow/.local/lib/python3.8/site-packages/airflow/example_dags/example_setup_teardown.py for tasks to queue
[2024-05-30T11:18:12.159+0000] {logging_mixin.py:188} INFO - [2024-05-30T11:18:12.159+0000] {dagbag.py:540} INFO - Filling up the DagBag from /home/airflow/.local/lib/python3.8/site-packages/airflow/example_dags/example_setup_teardown.py
[2024-05-30T11:18:12.167+0000] {processor.py:840} INFO - DAG(s) 'example_setup_teardown' retrieved from /home/airflow/.local/lib/python3.8/site-packages/airflow/example_dags/example_setup_teardown.py
[2024-05-30T11:18:12.192+0000] {logging_mixin.py:188} INFO - [2024-05-30T11:18:12.192+0000] {dag.py:3047} INFO - Sync 1 DAGs
[2024-05-30T11:18:12.221+0000] {logging_mixin.py:188} INFO - [2024-05-30T11:18:12.221+0000] {dag.py:3834} INFO - Setting next_dagrun for example_setup_teardown to 2024-05-29 00:00:00+00:00, run_after=2024-05-30 00:00:00+00:00
[2024-05-30T11:18:12.244+0000] {processor.py:183} INFO - Processing /home/airflow/.local/lib/python3.8/site-packages/airflow/example_dags/example_setup_teardown.py took 0.091 seconds
[2024-05-30T11:18:42.515+0000] {processor.py:161} INFO - Started process (PID=389) to work on /home/airflow/.local/lib/python3.8/site-packages/airflow/example_dags/example_setup_teardown.py
[2024-05-30T11:18:42.517+0000] {processor.py:830} INFO - Processing file /home/airflow/.local/lib/python3.8/site-packages/airflow/example_dags/example_setup_teardown.py for tasks to queue
[2024-05-30T11:18:42.520+0000] {logging_mixin.py:188} INFO - [2024-05-30T11:18:42.520+0000] {dagbag.py:540} INFO - Filling up the DagBag from /home/airflow/.local/lib/python3.8/site-packages/airflow/example_dags/example_setup_teardown.py
[2024-05-30T11:18:42.534+0000] {processor.py:840} INFO - DAG(s) 'example_setup_teardown' retrieved from /home/airflow/.local/lib/python3.8/site-packages/airflow/example_dags/example_setup_teardown.py
[2024-05-30T11:18:42.569+0000] {logging_mixin.py:188} INFO - [2024-05-30T11:18:42.568+0000] {dag.py:3047} INFO - Sync 1 DAGs
[2024-05-30T11:18:42.631+0000] {logging_mixin.py:188} INFO - [2024-05-30T11:18:42.631+0000] {dag.py:3834} INFO - Setting next_dagrun for example_setup_teardown to 2024-05-29 00:00:00+00:00, run_after=2024-05-30 00:00:00+00:00
[2024-05-30T11:18:42.675+0000] {processor.py:183} INFO - Processing /home/airflow/.local/lib/python3.8/site-packages/airflow/example_dags/example_setup_teardown.py took 0.163 seconds
[2024-05-30T11:19:12.977+0000] {processor.py:161} INFO - Started process (PID=446) to work on /home/airflow/.local/lib/python3.8/site-packages/airflow/example_dags/example_setup_teardown.py
[2024-05-30T11:19:12.978+0000] {processor.py:830} INFO - Processing file /home/airflow/.local/lib/python3.8/site-packages/airflow/example_dags/example_setup_teardown.py for tasks to queue
[2024-05-30T11:19:12.981+0000] {logging_mixin.py:188} INFO - [2024-05-30T11:19:12.980+0000] {dagbag.py:540} INFO - Filling up the DagBag from /home/airflow/.local/lib/python3.8/site-packages/airflow/example_dags/example_setup_teardown.py
[2024-05-30T11:19:12.988+0000] {processor.py:840} INFO - DAG(s) 'example_setup_teardown' retrieved from /home/airflow/.local/lib/python3.8/site-packages/airflow/example_dags/example_setup_teardown.py
[2024-05-30T11:19:13.016+0000] {logging_mixin.py:188} INFO - [2024-05-30T11:19:13.016+0000] {dag.py:3047} INFO - Sync 1 DAGs
[2024-05-30T11:19:13.046+0000] {logging_mixin.py:188} INFO - [2024-05-30T11:19:13.046+0000] {dag.py:3834} INFO - Setting next_dagrun for example_setup_teardown to 2024-05-29 00:00:00+00:00, run_after=2024-05-30 00:00:00+00:00
[2024-05-30T11:19:13.071+0000] {processor.py:183} INFO - Processing /home/airflow/.local/lib/python3.8/site-packages/airflow/example_dags/example_setup_teardown.py took 0.097 seconds
[2024-05-30T11:19:43.499+0000] {processor.py:161} INFO - Started process (PID=503) to work on /home/airflow/.local/lib/python3.8/site-packages/airflow/example_dags/example_setup_teardown.py
[2024-05-30T11:19:43.500+0000] {processor.py:830} INFO - Processing file /home/airflow/.local/lib/python3.8/site-packages/airflow/example_dags/example_setup_teardown.py for tasks to queue
[2024-05-30T11:19:43.503+0000] {logging_mixin.py:188} INFO - [2024-05-30T11:19:43.503+0000] {dagbag.py:540} INFO - Filling up the DagBag from /home/airflow/.local/lib/python3.8/site-packages/airflow/example_dags/example_setup_teardown.py
[2024-05-30T11:19:43.509+0000] {processor.py:840} INFO - DAG(s) 'example_setup_teardown' retrieved from /home/airflow/.local/lib/python3.8/site-packages/airflow/example_dags/example_setup_teardown.py
[2024-05-30T11:19:43.540+0000] {logging_mixin.py:188} INFO - [2024-05-30T11:19:43.539+0000] {dag.py:3047} INFO - Sync 1 DAGs
[2024-05-30T11:19:43.582+0000] {logging_mixin.py:188} INFO - [2024-05-30T11:19:43.582+0000] {dag.py:3834} INFO - Setting next_dagrun for example_setup_teardown to 2024-05-29 00:00:00+00:00, run_after=2024-05-30 00:00:00+00:00
[2024-05-30T11:19:43.619+0000] {processor.py:183} INFO - Processing /home/airflow/.local/lib/python3.8/site-packages/airflow/example_dags/example_setup_teardown.py took 0.122 seconds
[2024-05-30T11:20:14.201+0000] {processor.py:161} INFO - Started process (PID=560) to work on /home/airflow/.local/lib/python3.8/site-packages/airflow/example_dags/example_setup_teardown.py
[2024-05-30T11:20:14.203+0000] {processor.py:830} INFO - Processing file /home/airflow/.local/lib/python3.8/site-packages/airflow/example_dags/example_setup_teardown.py for tasks to queue
[2024-05-30T11:20:14.206+0000] {logging_mixin.py:188} INFO - [2024-05-30T11:20:14.205+0000] {dagbag.py:540} INFO - Filling up the DagBag from /home/airflow/.local/lib/python3.8/site-packages/airflow/example_dags/example_setup_teardown.py
[2024-05-30T11:20:14.223+0000] {processor.py:840} INFO - DAG(s) 'example_setup_teardown' retrieved from /home/airflow/.local/lib/python3.8/site-packages/airflow/example_dags/example_setup_teardown.py
[2024-05-30T11:20:14.258+0000] {logging_mixin.py:188} INFO - [2024-05-30T11:20:14.257+0000] {dag.py:3047} INFO - Sync 1 DAGs
[2024-05-30T11:20:14.296+0000] {logging_mixin.py:188} INFO - [2024-05-30T11:20:14.296+0000] {dag.py:3834} INFO - Setting next_dagrun for example_setup_teardown to 2024-05-29 00:00:00+00:00, run_after=2024-05-30 00:00:00+00:00
[2024-05-30T11:20:14.326+0000] {processor.py:183} INFO - Processing /home/airflow/.local/lib/python3.8/site-packages/airflow/example_dags/example_setup_teardown.py took 0.129 seconds
[2024-05-30T11:20:44.371+0000] {processor.py:161} INFO - Started process (PID=617) to work on /home/airflow/.local/lib/python3.8/site-packages/airflow/example_dags/example_setup_teardown.py
[2024-05-30T11:20:44.373+0000] {processor.py:830} INFO - Processing file /home/airflow/.local/lib/python3.8/site-packages/airflow/example_dags/example_setup_teardown.py for tasks to queue
[2024-05-30T11:20:44.375+0000] {logging_mixin.py:188} INFO - [2024-05-30T11:20:44.375+0000] {dagbag.py:540} INFO - Filling up the DagBag from /home/airflow/.local/lib/python3.8/site-packages/airflow/example_dags/example_setup_teardown.py
[2024-05-30T11:20:44.383+0000] {processor.py:840} INFO - DAG(s) 'example_setup_teardown' retrieved from /home/airflow/.local/lib/python3.8/site-packages/airflow/example_dags/example_setup_teardown.py
[2024-05-30T11:20:44.406+0000] {logging_mixin.py:188} INFO - [2024-05-30T11:20:44.406+0000] {dag.py:3047} INFO - Sync 1 DAGs
[2024-05-30T11:20:44.444+0000] {logging_mixin.py:188} INFO - [2024-05-30T11:20:44.443+0000] {dag.py:3834} INFO - Setting next_dagrun for example_setup_teardown to 2024-05-29 00:00:00+00:00, run_after=2024-05-30 00:00:00+00:00
[2024-05-30T11:20:44.475+0000] {processor.py:183} INFO - Processing /home/airflow/.local/lib/python3.8/site-packages/airflow/example_dags/example_setup_teardown.py took 0.108 seconds
[2024-05-30T11:21:14.706+0000] {processor.py:161} INFO - Started process (PID=674) to work on /home/airflow/.local/lib/python3.8/site-packages/airflow/example_dags/example_setup_teardown.py
[2024-05-30T11:21:14.708+0000] {processor.py:830} INFO - Processing file /home/airflow/.local/lib/python3.8/site-packages/airflow/example_dags/example_setup_teardown.py for tasks to queue
[2024-05-30T11:21:14.710+0000] {logging_mixin.py:188} INFO - [2024-05-30T11:21:14.710+0000] {dagbag.py:540} INFO - Filling up the DagBag from /home/airflow/.local/lib/python3.8/site-packages/airflow/example_dags/example_setup_teardown.py
[2024-05-30T11:21:14.718+0000] {processor.py:840} INFO - DAG(s) 'example_setup_teardown' retrieved from /home/airflow/.local/lib/python3.8/site-packages/airflow/example_dags/example_setup_teardown.py
[2024-05-30T11:21:14.742+0000] {logging_mixin.py:188} INFO - [2024-05-30T11:21:14.742+0000] {dag.py:3047} INFO - Sync 1 DAGs
[2024-05-30T11:21:14.778+0000] {logging_mixin.py:188} INFO - [2024-05-30T11:21:14.777+0000] {dag.py:3834} INFO - Setting next_dagrun for example_setup_teardown to 2024-05-29 00:00:00+00:00, run_after=2024-05-30 00:00:00+00:00
[2024-05-30T11:21:14.807+0000] {processor.py:183} INFO - Processing /home/airflow/.local/lib/python3.8/site-packages/airflow/example_dags/example_setup_teardown.py took 0.103 seconds
[2024-05-30T11:21:45.327+0000] {processor.py:161} INFO - Started process (PID=731) to work on /home/airflow/.local/lib/python3.8/site-packages/airflow/example_dags/example_setup_teardown.py
[2024-05-30T11:21:45.328+0000] {processor.py:830} INFO - Processing file /home/airflow/.local/lib/python3.8/site-packages/airflow/example_dags/example_setup_teardown.py for tasks to queue
[2024-05-30T11:21:45.332+0000] {logging_mixin.py:188} INFO - [2024-05-30T11:21:45.331+0000] {dagbag.py:540} INFO - Filling up the DagBag from /home/airflow/.local/lib/python3.8/site-packages/airflow/example_dags/example_setup_teardown.py
[2024-05-30T11:21:45.339+0000] {processor.py:840} INFO - DAG(s) 'example_setup_teardown' retrieved from /home/airflow/.local/lib/python3.8/site-packages/airflow/example_dags/example_setup_teardown.py
[2024-05-30T11:21:45.370+0000] {logging_mixin.py:188} INFO - [2024-05-30T11:21:45.370+0000] {dag.py:3047} INFO - Sync 1 DAGs
[2024-05-30T11:21:45.414+0000] {logging_mixin.py:188} INFO - [2024-05-30T11:21:45.414+0000] {dag.py:3834} INFO - Setting next_dagrun for example_setup_teardown to 2024-05-29 00:00:00+00:00, run_after=2024-05-30 00:00:00+00:00
[2024-05-30T11:21:45.458+0000] {processor.py:183} INFO - Processing /home/airflow/.local/lib/python3.8/site-packages/airflow/example_dags/example_setup_teardown.py took 0.134 seconds
[2024-05-30T11:22:15.545+0000] {processor.py:161} INFO - Started process (PID=788) to work on /home/airflow/.local/lib/python3.8/site-packages/airflow/example_dags/example_setup_teardown.py
[2024-05-30T11:22:15.546+0000] {processor.py:830} INFO - Processing file /home/airflow/.local/lib/python3.8/site-packages/airflow/example_dags/example_setup_teardown.py for tasks to queue
[2024-05-30T11:22:15.549+0000] {logging_mixin.py:188} INFO - [2024-05-30T11:22:15.548+0000] {dagbag.py:540} INFO - Filling up the DagBag from /home/airflow/.local/lib/python3.8/site-packages/airflow/example_dags/example_setup_teardown.py
[2024-05-30T11:22:15.556+0000] {processor.py:840} INFO - DAG(s) 'example_setup_teardown' retrieved from /home/airflow/.local/lib/python3.8/site-packages/airflow/example_dags/example_setup_teardown.py
[2024-05-30T11:22:15.583+0000] {logging_mixin.py:188} INFO - [2024-05-30T11:22:15.583+0000] {dag.py:3047} INFO - Sync 1 DAGs
[2024-05-30T11:22:15.620+0000] {logging_mixin.py:188} INFO - [2024-05-30T11:22:15.620+0000] {dag.py:3834} INFO - Setting next_dagrun for example_setup_teardown to 2024-05-29 00:00:00+00:00, run_after=2024-05-30 00:00:00+00:00
[2024-05-30T11:22:15.651+0000] {processor.py:183} INFO - Processing /home/airflow/.local/lib/python3.8/site-packages/airflow/example_dags/example_setup_teardown.py took 0.110 seconds
[2024-05-30T11:22:46.324+0000] {processor.py:161} INFO - Started process (PID=851) to work on /home/airflow/.local/lib/python3.8/site-packages/airflow/example_dags/example_setup_teardown.py
[2024-05-30T11:22:46.325+0000] {processor.py:830} INFO - Processing file /home/airflow/.local/lib/python3.8/site-packages/airflow/example_dags/example_setup_teardown.py for tasks to queue
[2024-05-30T11:22:46.328+0000] {logging_mixin.py:188} INFO - [2024-05-30T11:22:46.328+0000] {dagbag.py:540} INFO - Filling up the DagBag from /home/airflow/.local/lib/python3.8/site-packages/airflow/example_dags/example_setup_teardown.py
[2024-05-30T11:22:46.337+0000] {processor.py:840} INFO - DAG(s) 'example_setup_teardown' retrieved from /home/airflow/.local/lib/python3.8/site-packages/airflow/example_dags/example_setup_teardown.py
[2024-05-30T11:22:46.366+0000] {logging_mixin.py:188} INFO - [2024-05-30T11:22:46.365+0000] {dag.py:3047} INFO - Sync 1 DAGs
[2024-05-30T11:22:46.402+0000] {logging_mixin.py:188} INFO - [2024-05-30T11:22:46.402+0000] {dag.py:3834} INFO - Setting next_dagrun for example_setup_teardown to 2024-05-29 00:00:00+00:00, run_after=2024-05-30 00:00:00+00:00
[2024-05-30T11:22:46.432+0000] {processor.py:183} INFO - Processing /home/airflow/.local/lib/python3.8/site-packages/airflow/example_dags/example_setup_teardown.py took 0.112 seconds
[2024-05-30T11:23:16.554+0000] {processor.py:161} INFO - Started process (PID=908) to work on /home/airflow/.local/lib/python3.8/site-packages/airflow/example_dags/example_setup_teardown.py
[2024-05-30T11:23:16.555+0000] {processor.py:830} INFO - Processing file /home/airflow/.local/lib/python3.8/site-packages/airflow/example_dags/example_setup_teardown.py for tasks to queue
[2024-05-30T11:23:16.557+0000] {logging_mixin.py:188} INFO - [2024-05-30T11:23:16.556+0000] {dagbag.py:540} INFO - Filling up the DagBag from /home/airflow/.local/lib/python3.8/site-packages/airflow/example_dags/example_setup_teardown.py
[2024-05-30T11:23:16.565+0000] {processor.py:840} INFO - DAG(s) 'example_setup_teardown' retrieved from /home/airflow/.local/lib/python3.8/site-packages/airflow/example_dags/example_setup_teardown.py
[2024-05-30T11:23:16.589+0000] {logging_mixin.py:188} INFO - [2024-05-30T11:23:16.588+0000] {dag.py:3047} INFO - Sync 1 DAGs
[2024-05-30T11:23:16.624+0000] {logging_mixin.py:188} INFO - [2024-05-30T11:23:16.624+0000] {dag.py:3834} INFO - Setting next_dagrun for example_setup_teardown to 2024-05-29 00:00:00+00:00, run_after=2024-05-30 00:00:00+00:00
[2024-05-30T11:23:16.653+0000] {processor.py:183} INFO - Processing /home/airflow/.local/lib/python3.8/site-packages/airflow/example_dags/example_setup_teardown.py took 0.102 seconds
[2024-05-30T11:23:47.396+0000] {processor.py:161} INFO - Started process (PID=965) to work on /home/airflow/.local/lib/python3.8/site-packages/airflow/example_dags/example_setup_teardown.py
[2024-05-30T11:23:47.399+0000] {processor.py:830} INFO - Processing file /home/airflow/.local/lib/python3.8/site-packages/airflow/example_dags/example_setup_teardown.py for tasks to queue
[2024-05-30T11:23:47.408+0000] {logging_mixin.py:188} INFO - [2024-05-30T11:23:47.406+0000] {dagbag.py:540} INFO - Filling up the DagBag from /home/airflow/.local/lib/python3.8/site-packages/airflow/example_dags/example_setup_teardown.py
[2024-05-30T11:23:47.428+0000] {processor.py:840} INFO - DAG(s) 'example_setup_teardown' retrieved from /home/airflow/.local/lib/python3.8/site-packages/airflow/example_dags/example_setup_teardown.py
[2024-05-30T11:23:47.481+0000] {logging_mixin.py:188} INFO - [2024-05-30T11:23:47.480+0000] {dag.py:3047} INFO - Sync 1 DAGs
[2024-05-30T11:23:47.553+0000] {logging_mixin.py:188} INFO - [2024-05-30T11:23:47.552+0000] {dag.py:3834} INFO - Setting next_dagrun for example_setup_teardown to 2024-05-29 00:00:00+00:00, run_after=2024-05-30 00:00:00+00:00
[2024-05-30T11:23:47.627+0000] {processor.py:183} INFO - Processing /home/airflow/.local/lib/python3.8/site-packages/airflow/example_dags/example_setup_teardown.py took 0.236 seconds
[2024-05-30T11:24:17.766+0000] {processor.py:161} INFO - Started process (PID=1022) to work on /home/airflow/.local/lib/python3.8/site-packages/airflow/example_dags/example_setup_teardown.py
[2024-05-30T11:24:17.768+0000] {processor.py:830} INFO - Processing file /home/airflow/.local/lib/python3.8/site-packages/airflow/example_dags/example_setup_teardown.py for tasks to queue
[2024-05-30T11:24:17.771+0000] {logging_mixin.py:188} INFO - [2024-05-30T11:24:17.770+0000] {dagbag.py:540} INFO - Filling up the DagBag from /home/airflow/.local/lib/python3.8/site-packages/airflow/example_dags/example_setup_teardown.py
[2024-05-30T11:24:17.792+0000] {processor.py:840} INFO - DAG(s) 'example_setup_teardown' retrieved from /home/airflow/.local/lib/python3.8/site-packages/airflow/example_dags/example_setup_teardown.py
[2024-05-30T11:24:17.906+0000] {logging_mixin.py:188} INFO - [2024-05-30T11:24:17.905+0000] {dag.py:3047} INFO - Sync 1 DAGs
[2024-05-30T11:24:18.008+0000] {logging_mixin.py:188} INFO - [2024-05-30T11:24:18.008+0000] {dag.py:3834} INFO - Setting next_dagrun for example_setup_teardown to 2024-05-29 00:00:00+00:00, run_after=2024-05-30 00:00:00+00:00
[2024-05-30T11:24:18.111+0000] {processor.py:183} INFO - Processing /home/airflow/.local/lib/python3.8/site-packages/airflow/example_dags/example_setup_teardown.py took 0.356 seconds
[2024-05-30T11:24:48.990+0000] {processor.py:161} INFO - Started process (PID=1079) to work on /home/airflow/.local/lib/python3.8/site-packages/airflow/example_dags/example_setup_teardown.py
[2024-05-30T11:24:48.992+0000] {processor.py:830} INFO - Processing file /home/airflow/.local/lib/python3.8/site-packages/airflow/example_dags/example_setup_teardown.py for tasks to queue
[2024-05-30T11:24:49.000+0000] {logging_mixin.py:188} INFO - [2024-05-30T11:24:49.000+0000] {dagbag.py:540} INFO - Filling up the DagBag from /home/airflow/.local/lib/python3.8/site-packages/airflow/example_dags/example_setup_teardown.py
[2024-05-30T11:24:49.016+0000] {processor.py:840} INFO - DAG(s) 'example_setup_teardown' retrieved from /home/airflow/.local/lib/python3.8/site-packages/airflow/example_dags/example_setup_teardown.py
[2024-05-30T11:24:49.066+0000] {logging_mixin.py:188} INFO - [2024-05-30T11:24:49.066+0000] {dag.py:3047} INFO - Sync 1 DAGs
[2024-05-30T11:24:49.128+0000] {logging_mixin.py:188} INFO - [2024-05-30T11:24:49.127+0000] {dag.py:3834} INFO - Setting next_dagrun for example_setup_teardown to 2024-05-29 00:00:00+00:00, run_after=2024-05-30 00:00:00+00:00
[2024-05-30T11:24:49.165+0000] {processor.py:183} INFO - Processing /home/airflow/.local/lib/python3.8/site-packages/airflow/example_dags/example_setup_teardown.py took 0.179 seconds
[2024-05-30T11:25:19.379+0000] {processor.py:161} INFO - Started process (PID=1136) to work on /home/airflow/.local/lib/python3.8/site-packages/airflow/example_dags/example_setup_teardown.py
[2024-05-30T11:25:19.381+0000] {processor.py:830} INFO - Processing file /home/airflow/.local/lib/python3.8/site-packages/airflow/example_dags/example_setup_teardown.py for tasks to queue
[2024-05-30T11:25:19.387+0000] {logging_mixin.py:188} INFO - [2024-05-30T11:25:19.386+0000] {dagbag.py:540} INFO - Filling up the DagBag from /home/airflow/.local/lib/python3.8/site-packages/airflow/example_dags/example_setup_teardown.py
[2024-05-30T11:25:19.399+0000] {processor.py:840} INFO - DAG(s) 'example_setup_teardown' retrieved from /home/airflow/.local/lib/python3.8/site-packages/airflow/example_dags/example_setup_teardown.py
[2024-05-30T11:25:19.438+0000] {logging_mixin.py:188} INFO - [2024-05-30T11:25:19.437+0000] {dag.py:3047} INFO - Sync 1 DAGs
[2024-05-30T11:25:19.498+0000] {logging_mixin.py:188} INFO - [2024-05-30T11:25:19.497+0000] {dag.py:3834} INFO - Setting next_dagrun for example_setup_teardown to 2024-05-29 00:00:00+00:00, run_after=2024-05-30 00:00:00+00:00
[2024-05-30T11:25:19.538+0000] {processor.py:183} INFO - Processing /home/airflow/.local/lib/python3.8/site-packages/airflow/example_dags/example_setup_teardown.py took 0.164 seconds
[2024-05-30T11:25:49.792+0000] {processor.py:161} INFO - Started process (PID=1193) to work on /home/airflow/.local/lib/python3.8/site-packages/airflow/example_dags/example_setup_teardown.py
[2024-05-30T11:25:49.794+0000] {processor.py:830} INFO - Processing file /home/airflow/.local/lib/python3.8/site-packages/airflow/example_dags/example_setup_teardown.py for tasks to queue
[2024-05-30T11:25:49.797+0000] {logging_mixin.py:188} INFO - [2024-05-30T11:25:49.796+0000] {dagbag.py:540} INFO - Filling up the DagBag from /home/airflow/.local/lib/python3.8/site-packages/airflow/example_dags/example_setup_teardown.py
[2024-05-30T11:25:49.807+0000] {processor.py:840} INFO - DAG(s) 'example_setup_teardown' retrieved from /home/airflow/.local/lib/python3.8/site-packages/airflow/example_dags/example_setup_teardown.py
[2024-05-30T11:25:49.846+0000] {logging_mixin.py:188} INFO - [2024-05-30T11:25:49.846+0000] {dag.py:3047} INFO - Sync 1 DAGs
[2024-05-30T11:25:49.881+0000] {logging_mixin.py:188} INFO - [2024-05-30T11:25:49.880+0000] {dag.py:3834} INFO - Setting next_dagrun for example_setup_teardown to 2024-05-29 00:00:00+00:00, run_after=2024-05-30 00:00:00+00:00
[2024-05-30T11:25:49.908+0000] {processor.py:183} INFO - Processing /home/airflow/.local/lib/python3.8/site-packages/airflow/example_dags/example_setup_teardown.py took 0.120 seconds
[2024-05-30T11:26:20.555+0000] {processor.py:161} INFO - Started process (PID=1250) to work on /home/airflow/.local/lib/python3.8/site-packages/airflow/example_dags/example_setup_teardown.py
[2024-05-30T11:26:20.557+0000] {processor.py:830} INFO - Processing file /home/airflow/.local/lib/python3.8/site-packages/airflow/example_dags/example_setup_teardown.py for tasks to queue
[2024-05-30T11:26:20.560+0000] {logging_mixin.py:188} INFO - [2024-05-30T11:26:20.560+0000] {dagbag.py:540} INFO - Filling up the DagBag from /home/airflow/.local/lib/python3.8/site-packages/airflow/example_dags/example_setup_teardown.py
[2024-05-30T11:26:20.577+0000] {processor.py:840} INFO - DAG(s) 'example_setup_teardown' retrieved from /home/airflow/.local/lib/python3.8/site-packages/airflow/example_dags/example_setup_teardown.py
[2024-05-30T11:26:20.633+0000] {logging_mixin.py:188} INFO - [2024-05-30T11:26:20.633+0000] {dag.py:3047} INFO - Sync 1 DAGs
[2024-05-30T11:26:20.724+0000] {logging_mixin.py:188} INFO - [2024-05-30T11:26:20.723+0000] {dag.py:3834} INFO - Setting next_dagrun for example_setup_teardown to 2024-05-29 00:00:00+00:00, run_after=2024-05-30 00:00:00+00:00
[2024-05-30T11:26:20.767+0000] {processor.py:183} INFO - Processing /home/airflow/.local/lib/python3.8/site-packages/airflow/example_dags/example_setup_teardown.py took 0.217 seconds
[2024-05-30T11:26:51.040+0000] {processor.py:161} INFO - Started process (PID=1307) to work on /home/airflow/.local/lib/python3.8/site-packages/airflow/example_dags/example_setup_teardown.py
[2024-05-30T11:26:51.042+0000] {processor.py:830} INFO - Processing file /home/airflow/.local/lib/python3.8/site-packages/airflow/example_dags/example_setup_teardown.py for tasks to queue
[2024-05-30T11:26:51.044+0000] {logging_mixin.py:188} INFO - [2024-05-30T11:26:51.044+0000] {dagbag.py:540} INFO - Filling up the DagBag from /home/airflow/.local/lib/python3.8/site-packages/airflow/example_dags/example_setup_teardown.py
[2024-05-30T11:26:51.051+0000] {processor.py:840} INFO - DAG(s) 'example_setup_teardown' retrieved from /home/airflow/.local/lib/python3.8/site-packages/airflow/example_dags/example_setup_teardown.py
[2024-05-30T11:26:51.075+0000] {logging_mixin.py:188} INFO - [2024-05-30T11:26:51.075+0000] {dag.py:3047} INFO - Sync 1 DAGs
[2024-05-30T11:26:51.106+0000] {logging_mixin.py:188} INFO - [2024-05-30T11:26:51.106+0000] {dag.py:3834} INFO - Setting next_dagrun for example_setup_teardown to 2024-05-29 00:00:00+00:00, run_after=2024-05-30 00:00:00+00:00
[2024-05-30T11:26:51.135+0000] {processor.py:183} INFO - Processing /home/airflow/.local/lib/python3.8/site-packages/airflow/example_dags/example_setup_teardown.py took 0.098 seconds
[2024-05-30T11:27:21.467+0000] {processor.py:161} INFO - Started process (PID=1364) to work on /home/airflow/.local/lib/python3.8/site-packages/airflow/example_dags/example_setup_teardown.py
[2024-05-30T11:27:21.469+0000] {processor.py:830} INFO - Processing file /home/airflow/.local/lib/python3.8/site-packages/airflow/example_dags/example_setup_teardown.py for tasks to queue
[2024-05-30T11:27:21.476+0000] {logging_mixin.py:188} INFO - [2024-05-30T11:27:21.474+0000] {dagbag.py:540} INFO - Filling up the DagBag from /home/airflow/.local/lib/python3.8/site-packages/airflow/example_dags/example_setup_teardown.py
[2024-05-30T11:27:21.497+0000] {processor.py:840} INFO - DAG(s) 'example_setup_teardown' retrieved from /home/airflow/.local/lib/python3.8/site-packages/airflow/example_dags/example_setup_teardown.py
[2024-05-30T11:27:21.543+0000] {logging_mixin.py:188} INFO - [2024-05-30T11:27:21.543+0000] {dag.py:3047} INFO - Sync 1 DAGs
[2024-05-30T11:27:21.578+0000] {logging_mixin.py:188} INFO - [2024-05-30T11:27:21.578+0000] {dag.py:3834} INFO - Setting next_dagrun for example_setup_teardown to 2024-05-29 00:00:00+00:00, run_after=2024-05-30 00:00:00+00:00
[2024-05-30T11:27:21.611+0000] {processor.py:183} INFO - Processing /home/airflow/.local/lib/python3.8/site-packages/airflow/example_dags/example_setup_teardown.py took 0.149 seconds
[2024-05-30T11:27:51.729+0000] {processor.py:161} INFO - Started process (PID=1421) to work on /home/airflow/.local/lib/python3.8/site-packages/airflow/example_dags/example_setup_teardown.py
[2024-05-30T11:27:51.732+0000] {processor.py:830} INFO - Processing file /home/airflow/.local/lib/python3.8/site-packages/airflow/example_dags/example_setup_teardown.py for tasks to queue
[2024-05-30T11:27:51.738+0000] {logging_mixin.py:188} INFO - [2024-05-30T11:27:51.737+0000] {dagbag.py:540} INFO - Filling up the DagBag from /home/airflow/.local/lib/python3.8/site-packages/airflow/example_dags/example_setup_teardown.py
[2024-05-30T11:27:51.759+0000] {processor.py:840} INFO - DAG(s) 'example_setup_teardown' retrieved from /home/airflow/.local/lib/python3.8/site-packages/airflow/example_dags/example_setup_teardown.py
[2024-05-30T11:27:51.812+0000] {logging_mixin.py:188} INFO - [2024-05-30T11:27:51.812+0000] {dag.py:3047} INFO - Sync 1 DAGs
[2024-05-30T11:27:51.872+0000] {logging_mixin.py:188} INFO - [2024-05-30T11:27:51.871+0000] {dag.py:3834} INFO - Setting next_dagrun for example_setup_teardown to 2024-05-29 00:00:00+00:00, run_after=2024-05-30 00:00:00+00:00
[2024-05-30T11:27:51.916+0000] {processor.py:183} INFO - Processing /home/airflow/.local/lib/python3.8/site-packages/airflow/example_dags/example_setup_teardown.py took 0.192 seconds
[2024-05-30T11:28:22.015+0000] {processor.py:161} INFO - Started process (PID=1478) to work on /home/airflow/.local/lib/python3.8/site-packages/airflow/example_dags/example_setup_teardown.py
[2024-05-30T11:28:22.017+0000] {processor.py:830} INFO - Processing file /home/airflow/.local/lib/python3.8/site-packages/airflow/example_dags/example_setup_teardown.py for tasks to queue
[2024-05-30T11:28:22.020+0000] {logging_mixin.py:188} INFO - [2024-05-30T11:28:22.019+0000] {dagbag.py:540} INFO - Filling up the DagBag from /home/airflow/.local/lib/python3.8/site-packages/airflow/example_dags/example_setup_teardown.py
[2024-05-30T11:28:22.031+0000] {processor.py:840} INFO - DAG(s) 'example_setup_teardown' retrieved from /home/airflow/.local/lib/python3.8/site-packages/airflow/example_dags/example_setup_teardown.py
[2024-05-30T11:28:22.067+0000] {logging_mixin.py:188} INFO - [2024-05-30T11:28:22.067+0000] {dag.py:3047} INFO - Sync 1 DAGs
[2024-05-30T11:28:22.108+0000] {logging_mixin.py:188} INFO - [2024-05-30T11:28:22.108+0000] {dag.py:3834} INFO - Setting next_dagrun for example_setup_teardown to 2024-05-29 00:00:00+00:00, run_after=2024-05-30 00:00:00+00:00
[2024-05-30T11:28:22.141+0000] {processor.py:183} INFO - Processing /home/airflow/.local/lib/python3.8/site-packages/airflow/example_dags/example_setup_teardown.py took 0.130 seconds
[2024-05-30T11:28:52.440+0000] {processor.py:161} INFO - Started process (PID=1535) to work on /home/airflow/.local/lib/python3.8/site-packages/airflow/example_dags/example_setup_teardown.py
[2024-05-30T11:28:52.442+0000] {processor.py:830} INFO - Processing file /home/airflow/.local/lib/python3.8/site-packages/airflow/example_dags/example_setup_teardown.py for tasks to queue
[2024-05-30T11:28:52.445+0000] {logging_mixin.py:188} INFO - [2024-05-30T11:28:52.445+0000] {dagbag.py:540} INFO - Filling up the DagBag from /home/airflow/.local/lib/python3.8/site-packages/airflow/example_dags/example_setup_teardown.py
[2024-05-30T11:28:52.458+0000] {processor.py:840} INFO - DAG(s) 'example_setup_teardown' retrieved from /home/airflow/.local/lib/python3.8/site-packages/airflow/example_dags/example_setup_teardown.py
[2024-05-30T11:28:52.500+0000] {logging_mixin.py:188} INFO - [2024-05-30T11:28:52.499+0000] {dag.py:3047} INFO - Sync 1 DAGs
[2024-05-30T11:28:52.555+0000] {logging_mixin.py:188} INFO - [2024-05-30T11:28:52.555+0000] {dag.py:3834} INFO - Setting next_dagrun for example_setup_teardown to 2024-05-29 00:00:00+00:00, run_after=2024-05-30 00:00:00+00:00
[2024-05-30T11:28:52.605+0000] {processor.py:183} INFO - Processing /home/airflow/.local/lib/python3.8/site-packages/airflow/example_dags/example_setup_teardown.py took 0.170 seconds
[2024-05-30T11:29:22.713+0000] {processor.py:161} INFO - Started process (PID=1592) to work on /home/airflow/.local/lib/python3.8/site-packages/airflow/example_dags/example_setup_teardown.py
[2024-05-30T11:29:22.715+0000] {processor.py:830} INFO - Processing file /home/airflow/.local/lib/python3.8/site-packages/airflow/example_dags/example_setup_teardown.py for tasks to queue
[2024-05-30T11:29:22.717+0000] {logging_mixin.py:188} INFO - [2024-05-30T11:29:22.717+0000] {dagbag.py:540} INFO - Filling up the DagBag from /home/airflow/.local/lib/python3.8/site-packages/airflow/example_dags/example_setup_teardown.py
[2024-05-30T11:29:22.729+0000] {processor.py:840} INFO - DAG(s) 'example_setup_teardown' retrieved from /home/airflow/.local/lib/python3.8/site-packages/airflow/example_dags/example_setup_teardown.py
[2024-05-30T11:29:22.757+0000] {logging_mixin.py:188} INFO - [2024-05-30T11:29:22.757+0000] {dag.py:3047} INFO - Sync 1 DAGs
[2024-05-30T11:29:22.823+0000] {logging_mixin.py:188} INFO - [2024-05-30T11:29:22.822+0000] {dag.py:3834} INFO - Setting next_dagrun for example_setup_teardown to 2024-05-29 00:00:00+00:00, run_after=2024-05-30 00:00:00+00:00
[2024-05-30T11:29:22.860+0000] {processor.py:183} INFO - Processing /home/airflow/.local/lib/python3.8/site-packages/airflow/example_dags/example_setup_teardown.py took 0.152 seconds
[2024-05-30T11:29:53.067+0000] {processor.py:161} INFO - Started process (PID=1649) to work on /home/airflow/.local/lib/python3.8/site-packages/airflow/example_dags/example_setup_teardown.py
[2024-05-30T11:29:53.069+0000] {processor.py:830} INFO - Processing file /home/airflow/.local/lib/python3.8/site-packages/airflow/example_dags/example_setup_teardown.py for tasks to queue
[2024-05-30T11:29:53.072+0000] {logging_mixin.py:188} INFO - [2024-05-30T11:29:53.071+0000] {dagbag.py:540} INFO - Filling up the DagBag from /home/airflow/.local/lib/python3.8/site-packages/airflow/example_dags/example_setup_teardown.py
[2024-05-30T11:29:53.080+0000] {processor.py:840} INFO - DAG(s) 'example_setup_teardown' retrieved from /home/airflow/.local/lib/python3.8/site-packages/airflow/example_dags/example_setup_teardown.py
[2024-05-30T11:29:53.109+0000] {logging_mixin.py:188} INFO - [2024-05-30T11:29:53.109+0000] {dag.py:3047} INFO - Sync 1 DAGs
[2024-05-30T11:29:53.148+0000] {logging_mixin.py:188} INFO - [2024-05-30T11:29:53.147+0000] {dag.py:3834} INFO - Setting next_dagrun for example_setup_teardown to 2024-05-29 00:00:00+00:00, run_after=2024-05-30 00:00:00+00:00
[2024-05-30T11:29:53.192+0000] {processor.py:183} INFO - Processing /home/airflow/.local/lib/python3.8/site-packages/airflow/example_dags/example_setup_teardown.py took 0.129 seconds
[2024-05-30T11:30:23.239+0000] {processor.py:161} INFO - Started process (PID=1706) to work on /home/airflow/.local/lib/python3.8/site-packages/airflow/example_dags/example_setup_teardown.py
[2024-05-30T11:30:23.241+0000] {processor.py:830} INFO - Processing file /home/airflow/.local/lib/python3.8/site-packages/airflow/example_dags/example_setup_teardown.py for tasks to queue
[2024-05-30T11:30:23.252+0000] {logging_mixin.py:188} INFO - [2024-05-30T11:30:23.252+0000] {dagbag.py:540} INFO - Filling up the DagBag from /home/airflow/.local/lib/python3.8/site-packages/airflow/example_dags/example_setup_teardown.py
[2024-05-30T11:30:23.268+0000] {processor.py:840} INFO - DAG(s) 'example_setup_teardown' retrieved from /home/airflow/.local/lib/python3.8/site-packages/airflow/example_dags/example_setup_teardown.py
[2024-05-30T11:30:23.296+0000] {logging_mixin.py:188} INFO - [2024-05-30T11:30:23.296+0000] {dag.py:3047} INFO - Sync 1 DAGs
[2024-05-30T11:30:23.330+0000] {logging_mixin.py:188} INFO - [2024-05-30T11:30:23.330+0000] {dag.py:3834} INFO - Setting next_dagrun for example_setup_teardown to 2024-05-29 00:00:00+00:00, run_after=2024-05-30 00:00:00+00:00
[2024-05-30T11:30:23.354+0000] {processor.py:183} INFO - Processing /home/airflow/.local/lib/python3.8/site-packages/airflow/example_dags/example_setup_teardown.py took 0.119 seconds
[2024-05-30T11:30:53.978+0000] {processor.py:161} INFO - Started process (PID=1763) to work on /home/airflow/.local/lib/python3.8/site-packages/airflow/example_dags/example_setup_teardown.py
[2024-05-30T11:30:53.980+0000] {processor.py:830} INFO - Processing file /home/airflow/.local/lib/python3.8/site-packages/airflow/example_dags/example_setup_teardown.py for tasks to queue
[2024-05-30T11:30:53.983+0000] {logging_mixin.py:188} INFO - [2024-05-30T11:30:53.983+0000] {dagbag.py:540} INFO - Filling up the DagBag from /home/airflow/.local/lib/python3.8/site-packages/airflow/example_dags/example_setup_teardown.py
[2024-05-30T11:30:54.001+0000] {processor.py:840} INFO - DAG(s) 'example_setup_teardown' retrieved from /home/airflow/.local/lib/python3.8/site-packages/airflow/example_dags/example_setup_teardown.py
[2024-05-30T11:30:54.043+0000] {logging_mixin.py:188} INFO - [2024-05-30T11:30:54.042+0000] {dag.py:3047} INFO - Sync 1 DAGs
[2024-05-30T11:30:54.092+0000] {logging_mixin.py:188} INFO - [2024-05-30T11:30:54.091+0000] {dag.py:3834} INFO - Setting next_dagrun for example_setup_teardown to 2024-05-29 00:00:00+00:00, run_after=2024-05-30 00:00:00+00:00
[2024-05-30T11:30:54.136+0000] {processor.py:183} INFO - Processing /home/airflow/.local/lib/python3.8/site-packages/airflow/example_dags/example_setup_teardown.py took 0.163 seconds
[2024-05-30T11:31:24.451+0000] {processor.py:161} INFO - Started process (PID=1820) to work on /home/airflow/.local/lib/python3.8/site-packages/airflow/example_dags/example_setup_teardown.py
[2024-05-30T11:31:24.453+0000] {processor.py:830} INFO - Processing file /home/airflow/.local/lib/python3.8/site-packages/airflow/example_dags/example_setup_teardown.py for tasks to queue
[2024-05-30T11:31:24.455+0000] {logging_mixin.py:188} INFO - [2024-05-30T11:31:24.454+0000] {dagbag.py:540} INFO - Filling up the DagBag from /home/airflow/.local/lib/python3.8/site-packages/airflow/example_dags/example_setup_teardown.py
[2024-05-30T11:31:24.462+0000] {processor.py:840} INFO - DAG(s) 'example_setup_teardown' retrieved from /home/airflow/.local/lib/python3.8/site-packages/airflow/example_dags/example_setup_teardown.py
[2024-05-30T11:31:24.488+0000] {logging_mixin.py:188} INFO - [2024-05-30T11:31:24.488+0000] {dag.py:3047} INFO - Sync 1 DAGs
[2024-05-30T11:31:24.517+0000] {logging_mixin.py:188} INFO - [2024-05-30T11:31:24.516+0000] {dag.py:3834} INFO - Setting next_dagrun for example_setup_teardown to 2024-05-29 00:00:00+00:00, run_after=2024-05-30 00:00:00+00:00
[2024-05-30T11:31:24.543+0000] {processor.py:183} INFO - Processing /home/airflow/.local/lib/python3.8/site-packages/airflow/example_dags/example_setup_teardown.py took 0.096 seconds
[2024-05-30T11:31:54.774+0000] {processor.py:161} INFO - Started process (PID=1877) to work on /home/airflow/.local/lib/python3.8/site-packages/airflow/example_dags/example_setup_teardown.py
[2024-05-30T11:31:54.775+0000] {processor.py:830} INFO - Processing file /home/airflow/.local/lib/python3.8/site-packages/airflow/example_dags/example_setup_teardown.py for tasks to queue
[2024-05-30T11:31:54.778+0000] {logging_mixin.py:188} INFO - [2024-05-30T11:31:54.777+0000] {dagbag.py:540} INFO - Filling up the DagBag from /home/airflow/.local/lib/python3.8/site-packages/airflow/example_dags/example_setup_teardown.py
[2024-05-30T11:31:54.786+0000] {processor.py:840} INFO - DAG(s) 'example_setup_teardown' retrieved from /home/airflow/.local/lib/python3.8/site-packages/airflow/example_dags/example_setup_teardown.py
[2024-05-30T11:31:54.816+0000] {logging_mixin.py:188} INFO - [2024-05-30T11:31:54.815+0000] {dag.py:3047} INFO - Sync 1 DAGs
[2024-05-30T11:31:54.855+0000] {logging_mixin.py:188} INFO - [2024-05-30T11:31:54.855+0000] {dag.py:3834} INFO - Setting next_dagrun for example_setup_teardown to 2024-05-29 00:00:00+00:00, run_after=2024-05-30 00:00:00+00:00
[2024-05-30T11:31:54.886+0000] {processor.py:183} INFO - Processing /home/airflow/.local/lib/python3.8/site-packages/airflow/example_dags/example_setup_teardown.py took 0.114 seconds
