[2024-05-30T11:15:40.719+0000] {processor.py:161} INFO - Started process (PID=56) to work on /home/airflow/.local/lib/python3.8/site-packages/airflow/example_dags/example_python_decorator.py
[2024-05-30T11:15:40.722+0000] {processor.py:830} INFO - Processing file /home/airflow/.local/lib/python3.8/site-packages/airflow/example_dags/example_python_decorator.py for tasks to queue
[2024-05-30T11:15:40.732+0000] {logging_mixin.py:188} INFO - [2024-05-30T11:15:40.731+0000] {dagbag.py:540} INFO - Filling up the DagBag from /home/airflow/.local/lib/python3.8/site-packages/airflow/example_dags/example_python_decorator.py
[2024-05-30T11:15:40.775+0000] {processor.py:840} INFO - DAG(s) 'example_python_decorator' retrieved from /home/airflow/.local/lib/python3.8/site-packages/airflow/example_dags/example_python_decorator.py
[2024-05-30T11:15:40.975+0000] {logging_mixin.py:188} INFO - [2024-05-30T11:15:40.974+0000] {dag.py:3047} INFO - Sync 1 DAGs
[2024-05-30T11:15:40.990+0000] {logging_mixin.py:188} INFO - [2024-05-30T11:15:40.989+0000] {dag.py:3834} INFO - Setting next_dagrun for example_python_decorator to None, run_after=None
[2024-05-30T11:15:41.026+0000] {processor.py:183} INFO - Processing /home/airflow/.local/lib/python3.8/site-packages/airflow/example_dags/example_python_decorator.py took 0.311 seconds
[2024-05-30T11:16:11.860+0000] {processor.py:161} INFO - Started process (PID=113) to work on /home/airflow/.local/lib/python3.8/site-packages/airflow/example_dags/example_python_decorator.py
[2024-05-30T11:16:11.863+0000] {processor.py:830} INFO - Processing file /home/airflow/.local/lib/python3.8/site-packages/airflow/example_dags/example_python_decorator.py for tasks to queue
[2024-05-30T11:16:11.868+0000] {logging_mixin.py:188} INFO - [2024-05-30T11:16:11.868+0000] {dagbag.py:540} INFO - Filling up the DagBag from /home/airflow/.local/lib/python3.8/site-packages/airflow/example_dags/example_python_decorator.py
[2024-05-30T11:16:11.890+0000] {processor.py:840} INFO - DAG(s) 'example_python_decorator' retrieved from /home/airflow/.local/lib/python3.8/site-packages/airflow/example_dags/example_python_decorator.py
[2024-05-30T11:16:11.930+0000] {logging_mixin.py:188} INFO - [2024-05-30T11:16:11.929+0000] {dag.py:3047} INFO - Sync 1 DAGs
[2024-05-30T11:16:11.957+0000] {logging_mixin.py:188} INFO - [2024-05-30T11:16:11.957+0000] {dag.py:3834} INFO - Setting next_dagrun for example_python_decorator to None, run_after=None
[2024-05-30T11:16:11.983+0000] {processor.py:183} INFO - Processing /home/airflow/.local/lib/python3.8/site-packages/airflow/example_dags/example_python_decorator.py took 0.128 seconds
[2024-05-30T11:16:42.056+0000] {processor.py:161} INFO - Started process (PID=170) to work on /home/airflow/.local/lib/python3.8/site-packages/airflow/example_dags/example_python_decorator.py
[2024-05-30T11:16:42.058+0000] {processor.py:830} INFO - Processing file /home/airflow/.local/lib/python3.8/site-packages/airflow/example_dags/example_python_decorator.py for tasks to queue
[2024-05-30T11:16:42.063+0000] {logging_mixin.py:188} INFO - [2024-05-30T11:16:42.062+0000] {dagbag.py:540} INFO - Filling up the DagBag from /home/airflow/.local/lib/python3.8/site-packages/airflow/example_dags/example_python_decorator.py
[2024-05-30T11:16:42.087+0000] {processor.py:840} INFO - DAG(s) 'example_python_decorator' retrieved from /home/airflow/.local/lib/python3.8/site-packages/airflow/example_dags/example_python_decorator.py
[2024-05-30T11:16:42.137+0000] {logging_mixin.py:188} INFO - [2024-05-30T11:16:42.136+0000] {dag.py:3047} INFO - Sync 1 DAGs
[2024-05-30T11:16:42.156+0000] {logging_mixin.py:188} INFO - [2024-05-30T11:16:42.156+0000] {dag.py:3834} INFO - Setting next_dagrun for example_python_decorator to None, run_after=None
[2024-05-30T11:16:42.187+0000] {processor.py:183} INFO - Processing /home/airflow/.local/lib/python3.8/site-packages/airflow/example_dags/example_python_decorator.py took 0.135 seconds
[2024-05-30T11:17:12.574+0000] {processor.py:161} INFO - Started process (PID=227) to work on /home/airflow/.local/lib/python3.8/site-packages/airflow/example_dags/example_python_decorator.py
[2024-05-30T11:17:12.575+0000] {processor.py:830} INFO - Processing file /home/airflow/.local/lib/python3.8/site-packages/airflow/example_dags/example_python_decorator.py for tasks to queue
[2024-05-30T11:17:12.577+0000] {logging_mixin.py:188} INFO - [2024-05-30T11:17:12.577+0000] {dagbag.py:540} INFO - Filling up the DagBag from /home/airflow/.local/lib/python3.8/site-packages/airflow/example_dags/example_python_decorator.py
[2024-05-30T11:17:12.593+0000] {processor.py:840} INFO - DAG(s) 'example_python_decorator' retrieved from /home/airflow/.local/lib/python3.8/site-packages/airflow/example_dags/example_python_decorator.py
[2024-05-30T11:17:12.618+0000] {logging_mixin.py:188} INFO - [2024-05-30T11:17:12.617+0000] {dag.py:3047} INFO - Sync 1 DAGs
[2024-05-30T11:17:12.632+0000] {logging_mixin.py:188} INFO - [2024-05-30T11:17:12.632+0000] {dag.py:3834} INFO - Setting next_dagrun for example_python_decorator to None, run_after=None
[2024-05-30T11:17:12.655+0000] {processor.py:183} INFO - Processing /home/airflow/.local/lib/python3.8/site-packages/airflow/example_dags/example_python_decorator.py took 0.085 seconds
[2024-05-30T11:17:43.837+0000] {processor.py:161} INFO - Started process (PID=284) to work on /home/airflow/.local/lib/python3.8/site-packages/airflow/example_dags/example_python_decorator.py
[2024-05-30T11:17:43.838+0000] {processor.py:830} INFO - Processing file /home/airflow/.local/lib/python3.8/site-packages/airflow/example_dags/example_python_decorator.py for tasks to queue
[2024-05-30T11:17:43.840+0000] {logging_mixin.py:188} INFO - [2024-05-30T11:17:43.840+0000] {dagbag.py:540} INFO - Filling up the DagBag from /home/airflow/.local/lib/python3.8/site-packages/airflow/example_dags/example_python_decorator.py
[2024-05-30T11:17:43.881+0000] {processor.py:840} INFO - DAG(s) 'example_python_decorator' retrieved from /home/airflow/.local/lib/python3.8/site-packages/airflow/example_dags/example_python_decorator.py
[2024-05-30T11:17:43.908+0000] {logging_mixin.py:188} INFO - [2024-05-30T11:17:43.908+0000] {dag.py:3047} INFO - Sync 1 DAGs
[2024-05-30T11:17:43.922+0000] {logging_mixin.py:188} INFO - [2024-05-30T11:17:43.922+0000] {dag.py:3834} INFO - Setting next_dagrun for example_python_decorator to None, run_after=None
[2024-05-30T11:17:43.946+0000] {processor.py:183} INFO - Processing /home/airflow/.local/lib/python3.8/site-packages/airflow/example_dags/example_python_decorator.py took 0.112 seconds
[2024-05-30T11:18:14.089+0000] {processor.py:161} INFO - Started process (PID=340) to work on /home/airflow/.local/lib/python3.8/site-packages/airflow/example_dags/example_python_decorator.py
[2024-05-30T11:18:14.090+0000] {processor.py:830} INFO - Processing file /home/airflow/.local/lib/python3.8/site-packages/airflow/example_dags/example_python_decorator.py for tasks to queue
[2024-05-30T11:18:14.092+0000] {logging_mixin.py:188} INFO - [2024-05-30T11:18:14.091+0000] {dagbag.py:540} INFO - Filling up the DagBag from /home/airflow/.local/lib/python3.8/site-packages/airflow/example_dags/example_python_decorator.py
[2024-05-30T11:18:14.106+0000] {processor.py:840} INFO - DAG(s) 'example_python_decorator' retrieved from /home/airflow/.local/lib/python3.8/site-packages/airflow/example_dags/example_python_decorator.py
[2024-05-30T11:18:14.133+0000] {logging_mixin.py:188} INFO - [2024-05-30T11:18:14.132+0000] {dag.py:3047} INFO - Sync 1 DAGs
[2024-05-30T11:18:14.148+0000] {logging_mixin.py:188} INFO - [2024-05-30T11:18:14.147+0000] {dag.py:3834} INFO - Setting next_dagrun for example_python_decorator to None, run_after=None
[2024-05-30T11:18:14.171+0000] {processor.py:183} INFO - Processing /home/airflow/.local/lib/python3.8/site-packages/airflow/example_dags/example_python_decorator.py took 0.086 seconds
[2024-05-30T11:18:44.373+0000] {processor.py:161} INFO - Started process (PID=396) to work on /home/airflow/.local/lib/python3.8/site-packages/airflow/example_dags/example_python_decorator.py
[2024-05-30T11:18:44.375+0000] {processor.py:830} INFO - Processing file /home/airflow/.local/lib/python3.8/site-packages/airflow/example_dags/example_python_decorator.py for tasks to queue
[2024-05-30T11:18:44.378+0000] {logging_mixin.py:188} INFO - [2024-05-30T11:18:44.377+0000] {dagbag.py:540} INFO - Filling up the DagBag from /home/airflow/.local/lib/python3.8/site-packages/airflow/example_dags/example_python_decorator.py
[2024-05-30T11:18:44.413+0000] {processor.py:840} INFO - DAG(s) 'example_python_decorator' retrieved from /home/airflow/.local/lib/python3.8/site-packages/airflow/example_dags/example_python_decorator.py
[2024-05-30T11:18:44.471+0000] {logging_mixin.py:188} INFO - [2024-05-30T11:18:44.470+0000] {dag.py:3047} INFO - Sync 1 DAGs
[2024-05-30T11:18:44.497+0000] {logging_mixin.py:188} INFO - [2024-05-30T11:18:44.496+0000] {dag.py:3834} INFO - Setting next_dagrun for example_python_decorator to None, run_after=None
[2024-05-30T11:18:44.530+0000] {processor.py:183} INFO - Processing /home/airflow/.local/lib/python3.8/site-packages/airflow/example_dags/example_python_decorator.py took 0.161 seconds
[2024-05-30T11:19:15.405+0000] {processor.py:161} INFO - Started process (PID=453) to work on /home/airflow/.local/lib/python3.8/site-packages/airflow/example_dags/example_python_decorator.py
[2024-05-30T11:19:15.406+0000] {processor.py:830} INFO - Processing file /home/airflow/.local/lib/python3.8/site-packages/airflow/example_dags/example_python_decorator.py for tasks to queue
[2024-05-30T11:19:15.408+0000] {logging_mixin.py:188} INFO - [2024-05-30T11:19:15.407+0000] {dagbag.py:540} INFO - Filling up the DagBag from /home/airflow/.local/lib/python3.8/site-packages/airflow/example_dags/example_python_decorator.py
[2024-05-30T11:19:15.421+0000] {processor.py:840} INFO - DAG(s) 'example_python_decorator' retrieved from /home/airflow/.local/lib/python3.8/site-packages/airflow/example_dags/example_python_decorator.py
[2024-05-30T11:19:15.444+0000] {logging_mixin.py:188} INFO - [2024-05-30T11:19:15.443+0000] {dag.py:3047} INFO - Sync 1 DAGs
[2024-05-30T11:19:15.457+0000] {logging_mixin.py:188} INFO - [2024-05-30T11:19:15.457+0000] {dag.py:3834} INFO - Setting next_dagrun for example_python_decorator to None, run_after=None
[2024-05-30T11:19:15.481+0000] {processor.py:183} INFO - Processing /home/airflow/.local/lib/python3.8/site-packages/airflow/example_dags/example_python_decorator.py took 0.079 seconds
[2024-05-30T11:19:46.047+0000] {processor.py:161} INFO - Started process (PID=516) to work on /home/airflow/.local/lib/python3.8/site-packages/airflow/example_dags/example_python_decorator.py
[2024-05-30T11:19:46.049+0000] {processor.py:830} INFO - Processing file /home/airflow/.local/lib/python3.8/site-packages/airflow/example_dags/example_python_decorator.py for tasks to queue
[2024-05-30T11:19:46.051+0000] {logging_mixin.py:188} INFO - [2024-05-30T11:19:46.050+0000] {dagbag.py:540} INFO - Filling up the DagBag from /home/airflow/.local/lib/python3.8/site-packages/airflow/example_dags/example_python_decorator.py
[2024-05-30T11:19:46.063+0000] {processor.py:840} INFO - DAG(s) 'example_python_decorator' retrieved from /home/airflow/.local/lib/python3.8/site-packages/airflow/example_dags/example_python_decorator.py
[2024-05-30T11:19:46.086+0000] {logging_mixin.py:188} INFO - [2024-05-30T11:19:46.085+0000] {dag.py:3047} INFO - Sync 1 DAGs
[2024-05-30T11:19:46.100+0000] {logging_mixin.py:188} INFO - [2024-05-30T11:19:46.099+0000] {dag.py:3834} INFO - Setting next_dagrun for example_python_decorator to None, run_after=None
[2024-05-30T11:19:46.123+0000] {processor.py:183} INFO - Processing /home/airflow/.local/lib/python3.8/site-packages/airflow/example_dags/example_python_decorator.py took 0.078 seconds
[2024-05-30T11:20:16.690+0000] {processor.py:161} INFO - Started process (PID=573) to work on /home/airflow/.local/lib/python3.8/site-packages/airflow/example_dags/example_python_decorator.py
[2024-05-30T11:20:16.694+0000] {processor.py:830} INFO - Processing file /home/airflow/.local/lib/python3.8/site-packages/airflow/example_dags/example_python_decorator.py for tasks to queue
[2024-05-30T11:20:16.697+0000] {logging_mixin.py:188} INFO - [2024-05-30T11:20:16.696+0000] {dagbag.py:540} INFO - Filling up the DagBag from /home/airflow/.local/lib/python3.8/site-packages/airflow/example_dags/example_python_decorator.py
[2024-05-30T11:20:16.718+0000] {processor.py:840} INFO - DAG(s) 'example_python_decorator' retrieved from /home/airflow/.local/lib/python3.8/site-packages/airflow/example_dags/example_python_decorator.py
[2024-05-30T11:20:16.762+0000] {logging_mixin.py:188} INFO - [2024-05-30T11:20:16.762+0000] {dag.py:3047} INFO - Sync 1 DAGs
[2024-05-30T11:20:16.781+0000] {logging_mixin.py:188} INFO - [2024-05-30T11:20:16.781+0000] {dag.py:3834} INFO - Setting next_dagrun for example_python_decorator to None, run_after=None
[2024-05-30T11:20:16.816+0000] {processor.py:183} INFO - Processing /home/airflow/.local/lib/python3.8/site-packages/airflow/example_dags/example_python_decorator.py took 0.129 seconds
[2024-05-30T11:20:46.882+0000] {processor.py:161} INFO - Started process (PID=630) to work on /home/airflow/.local/lib/python3.8/site-packages/airflow/example_dags/example_python_decorator.py
[2024-05-30T11:20:46.883+0000] {processor.py:830} INFO - Processing file /home/airflow/.local/lib/python3.8/site-packages/airflow/example_dags/example_python_decorator.py for tasks to queue
[2024-05-30T11:20:46.886+0000] {logging_mixin.py:188} INFO - [2024-05-30T11:20:46.886+0000] {dagbag.py:540} INFO - Filling up the DagBag from /home/airflow/.local/lib/python3.8/site-packages/airflow/example_dags/example_python_decorator.py
[2024-05-30T11:20:46.910+0000] {processor.py:840} INFO - DAG(s) 'example_python_decorator' retrieved from /home/airflow/.local/lib/python3.8/site-packages/airflow/example_dags/example_python_decorator.py
[2024-05-30T11:20:46.946+0000] {logging_mixin.py:188} INFO - [2024-05-30T11:20:46.946+0000] {dag.py:3047} INFO - Sync 1 DAGs
[2024-05-30T11:20:46.964+0000] {logging_mixin.py:188} INFO - [2024-05-30T11:20:46.963+0000] {dag.py:3834} INFO - Setting next_dagrun for example_python_decorator to None, run_after=None
[2024-05-30T11:20:47.004+0000] {processor.py:183} INFO - Processing /home/airflow/.local/lib/python3.8/site-packages/airflow/example_dags/example_python_decorator.py took 0.127 seconds
[2024-05-30T11:21:17.135+0000] {processor.py:161} INFO - Started process (PID=687) to work on /home/airflow/.local/lib/python3.8/site-packages/airflow/example_dags/example_python_decorator.py
[2024-05-30T11:21:17.136+0000] {processor.py:830} INFO - Processing file /home/airflow/.local/lib/python3.8/site-packages/airflow/example_dags/example_python_decorator.py for tasks to queue
[2024-05-30T11:21:17.139+0000] {logging_mixin.py:188} INFO - [2024-05-30T11:21:17.138+0000] {dagbag.py:540} INFO - Filling up the DagBag from /home/airflow/.local/lib/python3.8/site-packages/airflow/example_dags/example_python_decorator.py
[2024-05-30T11:21:17.163+0000] {processor.py:840} INFO - DAG(s) 'example_python_decorator' retrieved from /home/airflow/.local/lib/python3.8/site-packages/airflow/example_dags/example_python_decorator.py
[2024-05-30T11:21:17.199+0000] {logging_mixin.py:188} INFO - [2024-05-30T11:21:17.198+0000] {dag.py:3047} INFO - Sync 1 DAGs
[2024-05-30T11:21:17.222+0000] {logging_mixin.py:188} INFO - [2024-05-30T11:21:17.221+0000] {dag.py:3834} INFO - Setting next_dagrun for example_python_decorator to None, run_after=None
[2024-05-30T11:21:17.253+0000] {processor.py:183} INFO - Processing /home/airflow/.local/lib/python3.8/site-packages/airflow/example_dags/example_python_decorator.py took 0.121 seconds
[2024-05-30T11:21:47.911+0000] {processor.py:161} INFO - Started process (PID=744) to work on /home/airflow/.local/lib/python3.8/site-packages/airflow/example_dags/example_python_decorator.py
[2024-05-30T11:21:47.912+0000] {processor.py:830} INFO - Processing file /home/airflow/.local/lib/python3.8/site-packages/airflow/example_dags/example_python_decorator.py for tasks to queue
[2024-05-30T11:21:47.914+0000] {logging_mixin.py:188} INFO - [2024-05-30T11:21:47.914+0000] {dagbag.py:540} INFO - Filling up the DagBag from /home/airflow/.local/lib/python3.8/site-packages/airflow/example_dags/example_python_decorator.py
[2024-05-30T11:21:47.927+0000] {processor.py:840} INFO - DAG(s) 'example_python_decorator' retrieved from /home/airflow/.local/lib/python3.8/site-packages/airflow/example_dags/example_python_decorator.py
[2024-05-30T11:21:47.950+0000] {logging_mixin.py:188} INFO - [2024-05-30T11:21:47.949+0000] {dag.py:3047} INFO - Sync 1 DAGs
[2024-05-30T11:21:47.963+0000] {logging_mixin.py:188} INFO - [2024-05-30T11:21:47.963+0000] {dag.py:3834} INFO - Setting next_dagrun for example_python_decorator to None, run_after=None
[2024-05-30T11:21:47.986+0000] {processor.py:183} INFO - Processing /home/airflow/.local/lib/python3.8/site-packages/airflow/example_dags/example_python_decorator.py took 0.078 seconds
[2024-05-30T11:22:18.068+0000] {processor.py:161} INFO - Started process (PID=801) to work on /home/airflow/.local/lib/python3.8/site-packages/airflow/example_dags/example_python_decorator.py
[2024-05-30T11:22:18.069+0000] {processor.py:830} INFO - Processing file /home/airflow/.local/lib/python3.8/site-packages/airflow/example_dags/example_python_decorator.py for tasks to queue
[2024-05-30T11:22:18.072+0000] {logging_mixin.py:188} INFO - [2024-05-30T11:22:18.071+0000] {dagbag.py:540} INFO - Filling up the DagBag from /home/airflow/.local/lib/python3.8/site-packages/airflow/example_dags/example_python_decorator.py
[2024-05-30T11:22:18.092+0000] {processor.py:840} INFO - DAG(s) 'example_python_decorator' retrieved from /home/airflow/.local/lib/python3.8/site-packages/airflow/example_dags/example_python_decorator.py
[2024-05-30T11:22:18.124+0000] {logging_mixin.py:188} INFO - [2024-05-30T11:22:18.123+0000] {dag.py:3047} INFO - Sync 1 DAGs
[2024-05-30T11:22:18.145+0000] {logging_mixin.py:188} INFO - [2024-05-30T11:22:18.145+0000] {dag.py:3834} INFO - Setting next_dagrun for example_python_decorator to None, run_after=None
[2024-05-30T11:22:18.172+0000] {processor.py:183} INFO - Processing /home/airflow/.local/lib/python3.8/site-packages/airflow/example_dags/example_python_decorator.py took 0.112 seconds
[2024-05-30T11:22:48.867+0000] {processor.py:161} INFO - Started process (PID=858) to work on /home/airflow/.local/lib/python3.8/site-packages/airflow/example_dags/example_python_decorator.py
[2024-05-30T11:22:48.869+0000] {processor.py:830} INFO - Processing file /home/airflow/.local/lib/python3.8/site-packages/airflow/example_dags/example_python_decorator.py for tasks to queue
[2024-05-30T11:22:48.871+0000] {logging_mixin.py:188} INFO - [2024-05-30T11:22:48.870+0000] {dagbag.py:540} INFO - Filling up the DagBag from /home/airflow/.local/lib/python3.8/site-packages/airflow/example_dags/example_python_decorator.py
[2024-05-30T11:22:48.887+0000] {processor.py:840} INFO - DAG(s) 'example_python_decorator' retrieved from /home/airflow/.local/lib/python3.8/site-packages/airflow/example_dags/example_python_decorator.py
[2024-05-30T11:22:48.916+0000] {logging_mixin.py:188} INFO - [2024-05-30T11:22:48.916+0000] {dag.py:3047} INFO - Sync 1 DAGs
[2024-05-30T11:22:48.934+0000] {logging_mixin.py:188} INFO - [2024-05-30T11:22:48.934+0000] {dag.py:3834} INFO - Setting next_dagrun for example_python_decorator to None, run_after=None
[2024-05-30T11:22:48.958+0000] {processor.py:183} INFO - Processing /home/airflow/.local/lib/python3.8/site-packages/airflow/example_dags/example_python_decorator.py took 0.094 seconds
[2024-05-30T11:23:19.107+0000] {processor.py:161} INFO - Started process (PID=915) to work on /home/airflow/.local/lib/python3.8/site-packages/airflow/example_dags/example_python_decorator.py
[2024-05-30T11:23:19.108+0000] {processor.py:830} INFO - Processing file /home/airflow/.local/lib/python3.8/site-packages/airflow/example_dags/example_python_decorator.py for tasks to queue
[2024-05-30T11:23:19.110+0000] {logging_mixin.py:188} INFO - [2024-05-30T11:23:19.110+0000] {dagbag.py:540} INFO - Filling up the DagBag from /home/airflow/.local/lib/python3.8/site-packages/airflow/example_dags/example_python_decorator.py
[2024-05-30T11:23:19.123+0000] {processor.py:840} INFO - DAG(s) 'example_python_decorator' retrieved from /home/airflow/.local/lib/python3.8/site-packages/airflow/example_dags/example_python_decorator.py
[2024-05-30T11:23:19.148+0000] {logging_mixin.py:188} INFO - [2024-05-30T11:23:19.148+0000] {dag.py:3047} INFO - Sync 1 DAGs
[2024-05-30T11:23:19.162+0000] {logging_mixin.py:188} INFO - [2024-05-30T11:23:19.162+0000] {dag.py:3834} INFO - Setting next_dagrun for example_python_decorator to None, run_after=None
[2024-05-30T11:23:19.187+0000] {processor.py:183} INFO - Processing /home/airflow/.local/lib/python3.8/site-packages/airflow/example_dags/example_python_decorator.py took 0.083 seconds
[2024-05-30T11:23:49.304+0000] {processor.py:161} INFO - Started process (PID=972) to work on /home/airflow/.local/lib/python3.8/site-packages/airflow/example_dags/example_python_decorator.py
[2024-05-30T11:23:49.306+0000] {processor.py:830} INFO - Processing file /home/airflow/.local/lib/python3.8/site-packages/airflow/example_dags/example_python_decorator.py for tasks to queue
[2024-05-30T11:23:49.309+0000] {logging_mixin.py:188} INFO - [2024-05-30T11:23:49.308+0000] {dagbag.py:540} INFO - Filling up the DagBag from /home/airflow/.local/lib/python3.8/site-packages/airflow/example_dags/example_python_decorator.py
[2024-05-30T11:23:49.338+0000] {processor.py:840} INFO - DAG(s) 'example_python_decorator' retrieved from /home/airflow/.local/lib/python3.8/site-packages/airflow/example_dags/example_python_decorator.py
[2024-05-30T11:23:49.385+0000] {logging_mixin.py:188} INFO - [2024-05-30T11:23:49.384+0000] {dag.py:3047} INFO - Sync 1 DAGs
[2024-05-30T11:23:49.416+0000] {logging_mixin.py:188} INFO - [2024-05-30T11:23:49.414+0000] {dag.py:3834} INFO - Setting next_dagrun for example_python_decorator to None, run_after=None
[2024-05-30T11:23:49.464+0000] {processor.py:183} INFO - Processing /home/airflow/.local/lib/python3.8/site-packages/airflow/example_dags/example_python_decorator.py took 0.166 seconds
[2024-05-30T11:24:19.934+0000] {processor.py:161} INFO - Started process (PID=1029) to work on /home/airflow/.local/lib/python3.8/site-packages/airflow/example_dags/example_python_decorator.py
[2024-05-30T11:24:19.937+0000] {processor.py:830} INFO - Processing file /home/airflow/.local/lib/python3.8/site-packages/airflow/example_dags/example_python_decorator.py for tasks to queue
[2024-05-30T11:24:19.940+0000] {logging_mixin.py:188} INFO - [2024-05-30T11:24:19.939+0000] {dagbag.py:540} INFO - Filling up the DagBag from /home/airflow/.local/lib/python3.8/site-packages/airflow/example_dags/example_python_decorator.py
[2024-05-30T11:24:19.974+0000] {processor.py:840} INFO - DAG(s) 'example_python_decorator' retrieved from /home/airflow/.local/lib/python3.8/site-packages/airflow/example_dags/example_python_decorator.py
[2024-05-30T11:24:20.026+0000] {logging_mixin.py:188} INFO - [2024-05-30T11:24:20.025+0000] {dag.py:3047} INFO - Sync 1 DAGs
[2024-05-30T11:24:20.070+0000] {logging_mixin.py:188} INFO - [2024-05-30T11:24:20.069+0000] {dag.py:3834} INFO - Setting next_dagrun for example_python_decorator to None, run_after=None
[2024-05-30T11:24:20.151+0000] {processor.py:183} INFO - Processing /home/airflow/.local/lib/python3.8/site-packages/airflow/example_dags/example_python_decorator.py took 0.222 seconds
[2024-05-30T11:24:50.847+0000] {processor.py:161} INFO - Started process (PID=1086) to work on /home/airflow/.local/lib/python3.8/site-packages/airflow/example_dags/example_python_decorator.py
[2024-05-30T11:24:50.848+0000] {processor.py:830} INFO - Processing file /home/airflow/.local/lib/python3.8/site-packages/airflow/example_dags/example_python_decorator.py for tasks to queue
[2024-05-30T11:24:50.851+0000] {logging_mixin.py:188} INFO - [2024-05-30T11:24:50.851+0000] {dagbag.py:540} INFO - Filling up the DagBag from /home/airflow/.local/lib/python3.8/site-packages/airflow/example_dags/example_python_decorator.py
[2024-05-30T11:24:50.871+0000] {processor.py:840} INFO - DAG(s) 'example_python_decorator' retrieved from /home/airflow/.local/lib/python3.8/site-packages/airflow/example_dags/example_python_decorator.py
[2024-05-30T11:24:50.910+0000] {logging_mixin.py:188} INFO - [2024-05-30T11:24:50.909+0000] {dag.py:3047} INFO - Sync 1 DAGs
[2024-05-30T11:24:50.934+0000] {logging_mixin.py:188} INFO - [2024-05-30T11:24:50.933+0000] {dag.py:3834} INFO - Setting next_dagrun for example_python_decorator to None, run_after=None
[2024-05-30T11:24:50.967+0000] {processor.py:183} INFO - Processing /home/airflow/.local/lib/python3.8/site-packages/airflow/example_dags/example_python_decorator.py took 0.123 seconds
[2024-05-30T11:25:21.096+0000] {processor.py:161} INFO - Started process (PID=1143) to work on /home/airflow/.local/lib/python3.8/site-packages/airflow/example_dags/example_python_decorator.py
[2024-05-30T11:25:21.097+0000] {processor.py:830} INFO - Processing file /home/airflow/.local/lib/python3.8/site-packages/airflow/example_dags/example_python_decorator.py for tasks to queue
[2024-05-30T11:25:21.100+0000] {logging_mixin.py:188} INFO - [2024-05-30T11:25:21.099+0000] {dagbag.py:540} INFO - Filling up the DagBag from /home/airflow/.local/lib/python3.8/site-packages/airflow/example_dags/example_python_decorator.py
[2024-05-30T11:25:21.119+0000] {processor.py:840} INFO - DAG(s) 'example_python_decorator' retrieved from /home/airflow/.local/lib/python3.8/site-packages/airflow/example_dags/example_python_decorator.py
[2024-05-30T11:25:21.151+0000] {logging_mixin.py:188} INFO - [2024-05-30T11:25:21.151+0000] {dag.py:3047} INFO - Sync 1 DAGs
[2024-05-30T11:25:21.173+0000] {logging_mixin.py:188} INFO - [2024-05-30T11:25:21.173+0000] {dag.py:3834} INFO - Setting next_dagrun for example_python_decorator to None, run_after=None
[2024-05-30T11:25:21.230+0000] {processor.py:183} INFO - Processing /home/airflow/.local/lib/python3.8/site-packages/airflow/example_dags/example_python_decorator.py took 0.138 seconds
[2024-05-30T11:25:51.421+0000] {processor.py:161} INFO - Started process (PID=1200) to work on /home/airflow/.local/lib/python3.8/site-packages/airflow/example_dags/example_python_decorator.py
[2024-05-30T11:25:51.425+0000] {processor.py:830} INFO - Processing file /home/airflow/.local/lib/python3.8/site-packages/airflow/example_dags/example_python_decorator.py for tasks to queue
[2024-05-30T11:25:51.428+0000] {logging_mixin.py:188} INFO - [2024-05-30T11:25:51.427+0000] {dagbag.py:540} INFO - Filling up the DagBag from /home/airflow/.local/lib/python3.8/site-packages/airflow/example_dags/example_python_decorator.py
[2024-05-30T11:25:51.449+0000] {processor.py:840} INFO - DAG(s) 'example_python_decorator' retrieved from /home/airflow/.local/lib/python3.8/site-packages/airflow/example_dags/example_python_decorator.py
[2024-05-30T11:25:51.481+0000] {logging_mixin.py:188} INFO - [2024-05-30T11:25:51.480+0000] {dag.py:3047} INFO - Sync 1 DAGs
[2024-05-30T11:25:51.506+0000] {logging_mixin.py:188} INFO - [2024-05-30T11:25:51.505+0000] {dag.py:3834} INFO - Setting next_dagrun for example_python_decorator to None, run_after=None
[2024-05-30T11:25:51.549+0000] {processor.py:183} INFO - Processing /home/airflow/.local/lib/python3.8/site-packages/airflow/example_dags/example_python_decorator.py took 0.135 seconds
[2024-05-30T11:26:22.246+0000] {processor.py:161} INFO - Started process (PID=1257) to work on /home/airflow/.local/lib/python3.8/site-packages/airflow/example_dags/example_python_decorator.py
[2024-05-30T11:26:22.248+0000] {processor.py:830} INFO - Processing file /home/airflow/.local/lib/python3.8/site-packages/airflow/example_dags/example_python_decorator.py for tasks to queue
[2024-05-30T11:26:22.250+0000] {logging_mixin.py:188} INFO - [2024-05-30T11:26:22.250+0000] {dagbag.py:540} INFO - Filling up the DagBag from /home/airflow/.local/lib/python3.8/site-packages/airflow/example_dags/example_python_decorator.py
[2024-05-30T11:26:22.269+0000] {processor.py:840} INFO - DAG(s) 'example_python_decorator' retrieved from /home/airflow/.local/lib/python3.8/site-packages/airflow/example_dags/example_python_decorator.py
[2024-05-30T11:26:22.307+0000] {logging_mixin.py:188} INFO - [2024-05-30T11:26:22.307+0000] {dag.py:3047} INFO - Sync 1 DAGs
[2024-05-30T11:26:22.331+0000] {logging_mixin.py:188} INFO - [2024-05-30T11:26:22.331+0000] {dag.py:3834} INFO - Setting next_dagrun for example_python_decorator to None, run_after=None
[2024-05-30T11:26:22.372+0000] {processor.py:183} INFO - Processing /home/airflow/.local/lib/python3.8/site-packages/airflow/example_dags/example_python_decorator.py took 0.130 seconds
[2024-05-30T11:26:52.565+0000] {processor.py:161} INFO - Started process (PID=1314) to work on /home/airflow/.local/lib/python3.8/site-packages/airflow/example_dags/example_python_decorator.py
[2024-05-30T11:26:52.572+0000] {processor.py:830} INFO - Processing file /home/airflow/.local/lib/python3.8/site-packages/airflow/example_dags/example_python_decorator.py for tasks to queue
[2024-05-30T11:26:52.576+0000] {logging_mixin.py:188} INFO - [2024-05-30T11:26:52.575+0000] {dagbag.py:540} INFO - Filling up the DagBag from /home/airflow/.local/lib/python3.8/site-packages/airflow/example_dags/example_python_decorator.py
[2024-05-30T11:26:52.600+0000] {processor.py:840} INFO - DAG(s) 'example_python_decorator' retrieved from /home/airflow/.local/lib/python3.8/site-packages/airflow/example_dags/example_python_decorator.py
[2024-05-30T11:26:52.632+0000] {logging_mixin.py:188} INFO - [2024-05-30T11:26:52.631+0000] {dag.py:3047} INFO - Sync 1 DAGs
[2024-05-30T11:26:52.660+0000] {logging_mixin.py:188} INFO - [2024-05-30T11:26:52.660+0000] {dag.py:3834} INFO - Setting next_dagrun for example_python_decorator to None, run_after=None
[2024-05-30T11:26:52.701+0000] {processor.py:183} INFO - Processing /home/airflow/.local/lib/python3.8/site-packages/airflow/example_dags/example_python_decorator.py took 0.143 seconds
[2024-05-30T11:27:23.190+0000] {processor.py:161} INFO - Started process (PID=1371) to work on /home/airflow/.local/lib/python3.8/site-packages/airflow/example_dags/example_python_decorator.py
[2024-05-30T11:27:23.192+0000] {processor.py:830} INFO - Processing file /home/airflow/.local/lib/python3.8/site-packages/airflow/example_dags/example_python_decorator.py for tasks to queue
[2024-05-30T11:27:23.194+0000] {logging_mixin.py:188} INFO - [2024-05-30T11:27:23.193+0000] {dagbag.py:540} INFO - Filling up the DagBag from /home/airflow/.local/lib/python3.8/site-packages/airflow/example_dags/example_python_decorator.py
[2024-05-30T11:27:23.211+0000] {processor.py:840} INFO - DAG(s) 'example_python_decorator' retrieved from /home/airflow/.local/lib/python3.8/site-packages/airflow/example_dags/example_python_decorator.py
[2024-05-30T11:27:23.245+0000] {logging_mixin.py:188} INFO - [2024-05-30T11:27:23.244+0000] {dag.py:3047} INFO - Sync 1 DAGs
[2024-05-30T11:27:23.272+0000] {logging_mixin.py:188} INFO - [2024-05-30T11:27:23.271+0000] {dag.py:3834} INFO - Setting next_dagrun for example_python_decorator to None, run_after=None
[2024-05-30T11:27:23.313+0000] {processor.py:183} INFO - Processing /home/airflow/.local/lib/python3.8/site-packages/airflow/example_dags/example_python_decorator.py took 0.126 seconds
[2024-05-30T11:27:53.508+0000] {processor.py:161} INFO - Started process (PID=1428) to work on /home/airflow/.local/lib/python3.8/site-packages/airflow/example_dags/example_python_decorator.py
[2024-05-30T11:27:53.510+0000] {processor.py:830} INFO - Processing file /home/airflow/.local/lib/python3.8/site-packages/airflow/example_dags/example_python_decorator.py for tasks to queue
[2024-05-30T11:27:53.513+0000] {logging_mixin.py:188} INFO - [2024-05-30T11:27:53.513+0000] {dagbag.py:540} INFO - Filling up the DagBag from /home/airflow/.local/lib/python3.8/site-packages/airflow/example_dags/example_python_decorator.py
[2024-05-30T11:27:53.546+0000] {processor.py:840} INFO - DAG(s) 'example_python_decorator' retrieved from /home/airflow/.local/lib/python3.8/site-packages/airflow/example_dags/example_python_decorator.py
[2024-05-30T11:27:53.590+0000] {logging_mixin.py:188} INFO - [2024-05-30T11:27:53.589+0000] {dag.py:3047} INFO - Sync 1 DAGs
[2024-05-30T11:27:53.614+0000] {logging_mixin.py:188} INFO - [2024-05-30T11:27:53.613+0000] {dag.py:3834} INFO - Setting next_dagrun for example_python_decorator to None, run_after=None
[2024-05-30T11:27:53.647+0000] {processor.py:183} INFO - Processing /home/airflow/.local/lib/python3.8/site-packages/airflow/example_dags/example_python_decorator.py took 0.144 seconds
[2024-05-30T11:28:23.720+0000] {processor.py:161} INFO - Started process (PID=1485) to work on /home/airflow/.local/lib/python3.8/site-packages/airflow/example_dags/example_python_decorator.py
[2024-05-30T11:28:23.721+0000] {processor.py:830} INFO - Processing file /home/airflow/.local/lib/python3.8/site-packages/airflow/example_dags/example_python_decorator.py for tasks to queue
[2024-05-30T11:28:23.723+0000] {logging_mixin.py:188} INFO - [2024-05-30T11:28:23.723+0000] {dagbag.py:540} INFO - Filling up the DagBag from /home/airflow/.local/lib/python3.8/site-packages/airflow/example_dags/example_python_decorator.py
[2024-05-30T11:28:23.740+0000] {processor.py:840} INFO - DAG(s) 'example_python_decorator' retrieved from /home/airflow/.local/lib/python3.8/site-packages/airflow/example_dags/example_python_decorator.py
[2024-05-30T11:28:23.769+0000] {logging_mixin.py:188} INFO - [2024-05-30T11:28:23.769+0000] {dag.py:3047} INFO - Sync 1 DAGs
[2024-05-30T11:28:23.786+0000] {logging_mixin.py:188} INFO - [2024-05-30T11:28:23.786+0000] {dag.py:3834} INFO - Setting next_dagrun for example_python_decorator to None, run_after=None
[2024-05-30T11:28:23.817+0000] {processor.py:183} INFO - Processing /home/airflow/.local/lib/python3.8/site-packages/airflow/example_dags/example_python_decorator.py took 0.100 seconds
[2024-05-30T11:28:54.316+0000] {processor.py:161} INFO - Started process (PID=1542) to work on /home/airflow/.local/lib/python3.8/site-packages/airflow/example_dags/example_python_decorator.py
[2024-05-30T11:28:54.318+0000] {processor.py:830} INFO - Processing file /home/airflow/.local/lib/python3.8/site-packages/airflow/example_dags/example_python_decorator.py for tasks to queue
[2024-05-30T11:28:54.323+0000] {logging_mixin.py:188} INFO - [2024-05-30T11:28:54.322+0000] {dagbag.py:540} INFO - Filling up the DagBag from /home/airflow/.local/lib/python3.8/site-packages/airflow/example_dags/example_python_decorator.py
[2024-05-30T11:28:54.347+0000] {processor.py:840} INFO - DAG(s) 'example_python_decorator' retrieved from /home/airflow/.local/lib/python3.8/site-packages/airflow/example_dags/example_python_decorator.py
[2024-05-30T11:28:54.385+0000] {logging_mixin.py:188} INFO - [2024-05-30T11:28:54.385+0000] {dag.py:3047} INFO - Sync 1 DAGs
[2024-05-30T11:28:54.409+0000] {logging_mixin.py:188} INFO - [2024-05-30T11:28:54.409+0000] {dag.py:3834} INFO - Setting next_dagrun for example_python_decorator to None, run_after=None
[2024-05-30T11:28:54.447+0000] {processor.py:183} INFO - Processing /home/airflow/.local/lib/python3.8/site-packages/airflow/example_dags/example_python_decorator.py took 0.135 seconds
[2024-05-30T11:29:25.297+0000] {processor.py:161} INFO - Started process (PID=1599) to work on /home/airflow/.local/lib/python3.8/site-packages/airflow/example_dags/example_python_decorator.py
[2024-05-30T11:29:25.298+0000] {processor.py:830} INFO - Processing file /home/airflow/.local/lib/python3.8/site-packages/airflow/example_dags/example_python_decorator.py for tasks to queue
[2024-05-30T11:29:25.301+0000] {logging_mixin.py:188} INFO - [2024-05-30T11:29:25.300+0000] {dagbag.py:540} INFO - Filling up the DagBag from /home/airflow/.local/lib/python3.8/site-packages/airflow/example_dags/example_python_decorator.py
[2024-05-30T11:29:25.320+0000] {processor.py:840} INFO - DAG(s) 'example_python_decorator' retrieved from /home/airflow/.local/lib/python3.8/site-packages/airflow/example_dags/example_python_decorator.py
[2024-05-30T11:29:25.348+0000] {logging_mixin.py:188} INFO - [2024-05-30T11:29:25.348+0000] {dag.py:3047} INFO - Sync 1 DAGs
[2024-05-30T11:29:25.368+0000] {logging_mixin.py:188} INFO - [2024-05-30T11:29:25.367+0000] {dag.py:3834} INFO - Setting next_dagrun for example_python_decorator to None, run_after=None
[2024-05-30T11:29:25.398+0000] {processor.py:183} INFO - Processing /home/airflow/.local/lib/python3.8/site-packages/airflow/example_dags/example_python_decorator.py took 0.104 seconds
[2024-05-30T11:29:55.618+0000] {processor.py:161} INFO - Started process (PID=1656) to work on /home/airflow/.local/lib/python3.8/site-packages/airflow/example_dags/example_python_decorator.py
[2024-05-30T11:29:55.619+0000] {processor.py:830} INFO - Processing file /home/airflow/.local/lib/python3.8/site-packages/airflow/example_dags/example_python_decorator.py for tasks to queue
[2024-05-30T11:29:55.621+0000] {logging_mixin.py:188} INFO - [2024-05-30T11:29:55.621+0000] {dagbag.py:540} INFO - Filling up the DagBag from /home/airflow/.local/lib/python3.8/site-packages/airflow/example_dags/example_python_decorator.py
[2024-05-30T11:29:55.635+0000] {processor.py:840} INFO - DAG(s) 'example_python_decorator' retrieved from /home/airflow/.local/lib/python3.8/site-packages/airflow/example_dags/example_python_decorator.py
[2024-05-30T11:29:55.661+0000] {logging_mixin.py:188} INFO - [2024-05-30T11:29:55.661+0000] {dag.py:3047} INFO - Sync 1 DAGs
[2024-05-30T11:29:55.676+0000] {logging_mixin.py:188} INFO - [2024-05-30T11:29:55.676+0000] {dag.py:3834} INFO - Setting next_dagrun for example_python_decorator to None, run_after=None
[2024-05-30T11:29:55.702+0000] {processor.py:183} INFO - Processing /home/airflow/.local/lib/python3.8/site-packages/airflow/example_dags/example_python_decorator.py took 0.087 seconds
[2024-05-30T11:30:25.878+0000] {processor.py:161} INFO - Started process (PID=1713) to work on /home/airflow/.local/lib/python3.8/site-packages/airflow/example_dags/example_python_decorator.py
[2024-05-30T11:30:25.880+0000] {processor.py:830} INFO - Processing file /home/airflow/.local/lib/python3.8/site-packages/airflow/example_dags/example_python_decorator.py for tasks to queue
[2024-05-30T11:30:25.882+0000] {logging_mixin.py:188} INFO - [2024-05-30T11:30:25.881+0000] {dagbag.py:540} INFO - Filling up the DagBag from /home/airflow/.local/lib/python3.8/site-packages/airflow/example_dags/example_python_decorator.py
[2024-05-30T11:30:25.904+0000] {processor.py:840} INFO - DAG(s) 'example_python_decorator' retrieved from /home/airflow/.local/lib/python3.8/site-packages/airflow/example_dags/example_python_decorator.py
[2024-05-30T11:30:25.933+0000] {logging_mixin.py:188} INFO - [2024-05-30T11:30:25.933+0000] {dag.py:3047} INFO - Sync 1 DAGs
[2024-05-30T11:30:25.949+0000] {logging_mixin.py:188} INFO - [2024-05-30T11:30:25.948+0000] {dag.py:3834} INFO - Setting next_dagrun for example_python_decorator to None, run_after=None
[2024-05-30T11:30:25.974+0000] {processor.py:183} INFO - Processing /home/airflow/.local/lib/python3.8/site-packages/airflow/example_dags/example_python_decorator.py took 0.099 seconds
[2024-05-30T11:30:56.563+0000] {processor.py:161} INFO - Started process (PID=1770) to work on /home/airflow/.local/lib/python3.8/site-packages/airflow/example_dags/example_python_decorator.py
[2024-05-30T11:30:56.565+0000] {processor.py:830} INFO - Processing file /home/airflow/.local/lib/python3.8/site-packages/airflow/example_dags/example_python_decorator.py for tasks to queue
[2024-05-30T11:30:56.567+0000] {logging_mixin.py:188} INFO - [2024-05-30T11:30:56.567+0000] {dagbag.py:540} INFO - Filling up the DagBag from /home/airflow/.local/lib/python3.8/site-packages/airflow/example_dags/example_python_decorator.py
[2024-05-30T11:30:56.593+0000] {processor.py:840} INFO - DAG(s) 'example_python_decorator' retrieved from /home/airflow/.local/lib/python3.8/site-packages/airflow/example_dags/example_python_decorator.py
[2024-05-30T11:30:56.624+0000] {logging_mixin.py:188} INFO - [2024-05-30T11:30:56.624+0000] {dag.py:3047} INFO - Sync 1 DAGs
[2024-05-30T11:30:56.647+0000] {logging_mixin.py:188} INFO - [2024-05-30T11:30:56.647+0000] {dag.py:3834} INFO - Setting next_dagrun for example_python_decorator to None, run_after=None
[2024-05-30T11:30:56.679+0000] {processor.py:183} INFO - Processing /home/airflow/.local/lib/python3.8/site-packages/airflow/example_dags/example_python_decorator.py took 0.119 seconds
[2024-05-30T11:31:26.990+0000] {processor.py:161} INFO - Started process (PID=1827) to work on /home/airflow/.local/lib/python3.8/site-packages/airflow/example_dags/example_python_decorator.py
[2024-05-30T11:31:26.991+0000] {processor.py:830} INFO - Processing file /home/airflow/.local/lib/python3.8/site-packages/airflow/example_dags/example_python_decorator.py for tasks to queue
[2024-05-30T11:31:26.994+0000] {logging_mixin.py:188} INFO - [2024-05-30T11:31:26.993+0000] {dagbag.py:540} INFO - Filling up the DagBag from /home/airflow/.local/lib/python3.8/site-packages/airflow/example_dags/example_python_decorator.py
[2024-05-30T11:31:27.015+0000] {processor.py:840} INFO - DAG(s) 'example_python_decorator' retrieved from /home/airflow/.local/lib/python3.8/site-packages/airflow/example_dags/example_python_decorator.py
[2024-05-30T11:31:27.048+0000] {logging_mixin.py:188} INFO - [2024-05-30T11:31:27.048+0000] {dag.py:3047} INFO - Sync 1 DAGs
[2024-05-30T11:31:27.066+0000] {logging_mixin.py:188} INFO - [2024-05-30T11:31:27.066+0000] {dag.py:3834} INFO - Setting next_dagrun for example_python_decorator to None, run_after=None
[2024-05-30T11:31:27.097+0000] {processor.py:183} INFO - Processing /home/airflow/.local/lib/python3.8/site-packages/airflow/example_dags/example_python_decorator.py took 0.111 seconds
[2024-05-30T11:31:57.279+0000] {processor.py:161} INFO - Started process (PID=1884) to work on /home/airflow/.local/lib/python3.8/site-packages/airflow/example_dags/example_python_decorator.py
[2024-05-30T11:31:57.280+0000] {processor.py:830} INFO - Processing file /home/airflow/.local/lib/python3.8/site-packages/airflow/example_dags/example_python_decorator.py for tasks to queue
[2024-05-30T11:31:57.283+0000] {logging_mixin.py:188} INFO - [2024-05-30T11:31:57.283+0000] {dagbag.py:540} INFO - Filling up the DagBag from /home/airflow/.local/lib/python3.8/site-packages/airflow/example_dags/example_python_decorator.py
[2024-05-30T11:31:57.301+0000] {processor.py:840} INFO - DAG(s) 'example_python_decorator' retrieved from /home/airflow/.local/lib/python3.8/site-packages/airflow/example_dags/example_python_decorator.py
[2024-05-30T11:31:57.326+0000] {logging_mixin.py:188} INFO - [2024-05-30T11:31:57.326+0000] {dag.py:3047} INFO - Sync 1 DAGs
[2024-05-30T11:31:57.342+0000] {logging_mixin.py:188} INFO - [2024-05-30T11:31:57.341+0000] {dag.py:3834} INFO - Setting next_dagrun for example_python_decorator to None, run_after=None
[2024-05-30T11:31:57.365+0000] {processor.py:183} INFO - Processing /home/airflow/.local/lib/python3.8/site-packages/airflow/example_dags/example_python_decorator.py took 0.089 seconds
