[2024-05-30T11:15:41.058+0000] {processor.py:161} INFO - Started process (PID=59) to work on /home/airflow/.local/lib/python3.8/site-packages/airflow/example_dags/example_python_operator.py
[2024-05-30T11:15:41.059+0000] {processor.py:830} INFO - Processing file /home/airflow/.local/lib/python3.8/site-packages/airflow/example_dags/example_python_operator.py for tasks to queue
[2024-05-30T11:15:41.061+0000] {logging_mixin.py:188} INFO - [2024-05-30T11:15:41.061+0000] {dagbag.py:540} INFO - Filling up the DagBag from /home/airflow/.local/lib/python3.8/site-packages/airflow/example_dags/example_python_operator.py
[2024-05-30T11:15:41.073+0000] {processor.py:840} INFO - DAG(s) 'example_python_operator' retrieved from /home/airflow/.local/lib/python3.8/site-packages/airflow/example_dags/example_python_operator.py
[2024-05-30T11:15:41.250+0000] {logging_mixin.py:188} INFO - [2024-05-30T11:15:41.249+0000] {dag.py:3047} INFO - Sync 1 DAGs
[2024-05-30T11:15:41.291+0000] {logging_mixin.py:188} INFO - [2024-05-30T11:15:41.291+0000] {dag.py:3834} INFO - Setting next_dagrun for example_python_operator to None, run_after=None
[2024-05-30T11:15:41.341+0000] {processor.py:183} INFO - Processing /home/airflow/.local/lib/python3.8/site-packages/airflow/example_dags/example_python_operator.py took 0.286 seconds
[2024-05-30T11:16:12.231+0000] {processor.py:161} INFO - Started process (PID=116) to work on /home/airflow/.local/lib/python3.8/site-packages/airflow/example_dags/example_python_operator.py
[2024-05-30T11:16:12.233+0000] {processor.py:830} INFO - Processing file /home/airflow/.local/lib/python3.8/site-packages/airflow/example_dags/example_python_operator.py for tasks to queue
[2024-05-30T11:16:12.235+0000] {logging_mixin.py:188} INFO - [2024-05-30T11:16:12.235+0000] {dagbag.py:540} INFO - Filling up the DagBag from /home/airflow/.local/lib/python3.8/site-packages/airflow/example_dags/example_python_operator.py
[2024-05-30T11:16:12.246+0000] {processor.py:840} INFO - DAG(s) 'example_python_operator' retrieved from /home/airflow/.local/lib/python3.8/site-packages/airflow/example_dags/example_python_operator.py
[2024-05-30T11:16:12.273+0000] {logging_mixin.py:188} INFO - [2024-05-30T11:16:12.272+0000] {dag.py:3047} INFO - Sync 1 DAGs
[2024-05-30T11:16:12.290+0000] {logging_mixin.py:188} INFO - [2024-05-30T11:16:12.290+0000] {dag.py:3834} INFO - Setting next_dagrun for example_python_operator to None, run_after=None
[2024-05-30T11:16:12.314+0000] {processor.py:183} INFO - Processing /home/airflow/.local/lib/python3.8/site-packages/airflow/example_dags/example_python_operator.py took 0.088 seconds
[2024-05-30T11:16:42.388+0000] {processor.py:161} INFO - Started process (PID=173) to work on /home/airflow/.local/lib/python3.8/site-packages/airflow/example_dags/example_python_operator.py
[2024-05-30T11:16:42.389+0000] {processor.py:830} INFO - Processing file /home/airflow/.local/lib/python3.8/site-packages/airflow/example_dags/example_python_operator.py for tasks to queue
[2024-05-30T11:16:42.392+0000] {logging_mixin.py:188} INFO - [2024-05-30T11:16:42.392+0000] {dagbag.py:540} INFO - Filling up the DagBag from /home/airflow/.local/lib/python3.8/site-packages/airflow/example_dags/example_python_operator.py
[2024-05-30T11:16:42.409+0000] {processor.py:840} INFO - DAG(s) 'example_python_operator' retrieved from /home/airflow/.local/lib/python3.8/site-packages/airflow/example_dags/example_python_operator.py
[2024-05-30T11:16:42.433+0000] {logging_mixin.py:188} INFO - [2024-05-30T11:16:42.432+0000] {dag.py:3047} INFO - Sync 1 DAGs
[2024-05-30T11:16:42.447+0000] {logging_mixin.py:188} INFO - [2024-05-30T11:16:42.446+0000] {dag.py:3834} INFO - Setting next_dagrun for example_python_operator to None, run_after=None
[2024-05-30T11:16:42.470+0000] {processor.py:183} INFO - Processing /home/airflow/.local/lib/python3.8/site-packages/airflow/example_dags/example_python_operator.py took 0.085 seconds
[2024-05-30T11:17:12.719+0000] {processor.py:161} INFO - Started process (PID=230) to work on /home/airflow/.local/lib/python3.8/site-packages/airflow/example_dags/example_python_operator.py
[2024-05-30T11:17:12.720+0000] {processor.py:830} INFO - Processing file /home/airflow/.local/lib/python3.8/site-packages/airflow/example_dags/example_python_operator.py for tasks to queue
[2024-05-30T11:17:12.722+0000] {logging_mixin.py:188} INFO - [2024-05-30T11:17:12.722+0000] {dagbag.py:540} INFO - Filling up the DagBag from /home/airflow/.local/lib/python3.8/site-packages/airflow/example_dags/example_python_operator.py
[2024-05-30T11:17:12.732+0000] {processor.py:840} INFO - DAG(s) 'example_python_operator' retrieved from /home/airflow/.local/lib/python3.8/site-packages/airflow/example_dags/example_python_operator.py
[2024-05-30T11:17:12.757+0000] {logging_mixin.py:188} INFO - [2024-05-30T11:17:12.757+0000] {dag.py:3047} INFO - Sync 1 DAGs
[2024-05-30T11:17:12.776+0000] {logging_mixin.py:188} INFO - [2024-05-30T11:17:12.775+0000] {dag.py:3834} INFO - Setting next_dagrun for example_python_operator to None, run_after=None
[2024-05-30T11:17:12.806+0000] {processor.py:183} INFO - Processing /home/airflow/.local/lib/python3.8/site-packages/airflow/example_dags/example_python_operator.py took 0.090 seconds
[2024-05-30T11:17:44.105+0000] {processor.py:161} INFO - Started process (PID=287) to work on /home/airflow/.local/lib/python3.8/site-packages/airflow/example_dags/example_python_operator.py
[2024-05-30T11:17:44.106+0000] {processor.py:830} INFO - Processing file /home/airflow/.local/lib/python3.8/site-packages/airflow/example_dags/example_python_operator.py for tasks to queue
[2024-05-30T11:17:44.109+0000] {logging_mixin.py:188} INFO - [2024-05-30T11:17:44.108+0000] {dagbag.py:540} INFO - Filling up the DagBag from /home/airflow/.local/lib/python3.8/site-packages/airflow/example_dags/example_python_operator.py
[2024-05-30T11:17:44.119+0000] {processor.py:840} INFO - DAG(s) 'example_python_operator' retrieved from /home/airflow/.local/lib/python3.8/site-packages/airflow/example_dags/example_python_operator.py
[2024-05-30T11:17:44.143+0000] {logging_mixin.py:188} INFO - [2024-05-30T11:17:44.142+0000] {dag.py:3047} INFO - Sync 1 DAGs
[2024-05-30T11:17:44.156+0000] {logging_mixin.py:188} INFO - [2024-05-30T11:17:44.156+0000] {dag.py:3834} INFO - Setting next_dagrun for example_python_operator to None, run_after=None
[2024-05-30T11:17:44.179+0000] {processor.py:183} INFO - Processing /home/airflow/.local/lib/python3.8/site-packages/airflow/example_dags/example_python_operator.py took 0.077 seconds
[2024-05-30T11:18:14.506+0000] {processor.py:161} INFO - Started process (PID=344) to work on /home/airflow/.local/lib/python3.8/site-packages/airflow/example_dags/example_python_operator.py
[2024-05-30T11:18:14.507+0000] {processor.py:830} INFO - Processing file /home/airflow/.local/lib/python3.8/site-packages/airflow/example_dags/example_python_operator.py for tasks to queue
[2024-05-30T11:18:14.509+0000] {logging_mixin.py:188} INFO - [2024-05-30T11:18:14.509+0000] {dagbag.py:540} INFO - Filling up the DagBag from /home/airflow/.local/lib/python3.8/site-packages/airflow/example_dags/example_python_operator.py
[2024-05-30T11:18:14.521+0000] {processor.py:840} INFO - DAG(s) 'example_python_operator' retrieved from /home/airflow/.local/lib/python3.8/site-packages/airflow/example_dags/example_python_operator.py
[2024-05-30T11:18:14.544+0000] {logging_mixin.py:188} INFO - [2024-05-30T11:18:14.544+0000] {dag.py:3047} INFO - Sync 1 DAGs
[2024-05-30T11:18:14.558+0000] {logging_mixin.py:188} INFO - [2024-05-30T11:18:14.558+0000] {dag.py:3834} INFO - Setting next_dagrun for example_python_operator to None, run_after=None
[2024-05-30T11:18:14.583+0000] {processor.py:183} INFO - Processing /home/airflow/.local/lib/python3.8/site-packages/airflow/example_dags/example_python_operator.py took 0.080 seconds
[2024-05-30T11:18:44.752+0000] {processor.py:161} INFO - Started process (PID=399) to work on /home/airflow/.local/lib/python3.8/site-packages/airflow/example_dags/example_python_operator.py
[2024-05-30T11:18:44.753+0000] {processor.py:830} INFO - Processing file /home/airflow/.local/lib/python3.8/site-packages/airflow/example_dags/example_python_operator.py for tasks to queue
[2024-05-30T11:18:44.755+0000] {logging_mixin.py:188} INFO - [2024-05-30T11:18:44.755+0000] {dagbag.py:540} INFO - Filling up the DagBag from /home/airflow/.local/lib/python3.8/site-packages/airflow/example_dags/example_python_operator.py
[2024-05-30T11:18:44.764+0000] {processor.py:840} INFO - DAG(s) 'example_python_operator' retrieved from /home/airflow/.local/lib/python3.8/site-packages/airflow/example_dags/example_python_operator.py
[2024-05-30T11:18:44.788+0000] {logging_mixin.py:188} INFO - [2024-05-30T11:18:44.788+0000] {dag.py:3047} INFO - Sync 1 DAGs
[2024-05-30T11:18:44.801+0000] {logging_mixin.py:188} INFO - [2024-05-30T11:18:44.801+0000] {dag.py:3834} INFO - Setting next_dagrun for example_python_operator to None, run_after=None
[2024-05-30T11:18:44.823+0000] {processor.py:183} INFO - Processing /home/airflow/.local/lib/python3.8/site-packages/airflow/example_dags/example_python_operator.py took 0.074 seconds
[2024-05-30T11:19:15.527+0000] {processor.py:161} INFO - Started process (PID=456) to work on /home/airflow/.local/lib/python3.8/site-packages/airflow/example_dags/example_python_operator.py
[2024-05-30T11:19:15.528+0000] {processor.py:830} INFO - Processing file /home/airflow/.local/lib/python3.8/site-packages/airflow/example_dags/example_python_operator.py for tasks to queue
[2024-05-30T11:19:15.530+0000] {logging_mixin.py:188} INFO - [2024-05-30T11:19:15.529+0000] {dagbag.py:540} INFO - Filling up the DagBag from /home/airflow/.local/lib/python3.8/site-packages/airflow/example_dags/example_python_operator.py
[2024-05-30T11:19:15.540+0000] {processor.py:840} INFO - DAG(s) 'example_python_operator' retrieved from /home/airflow/.local/lib/python3.8/site-packages/airflow/example_dags/example_python_operator.py
[2024-05-30T11:19:15.565+0000] {logging_mixin.py:188} INFO - [2024-05-30T11:19:15.564+0000] {dag.py:3047} INFO - Sync 1 DAGs
[2024-05-30T11:19:15.582+0000] {logging_mixin.py:188} INFO - [2024-05-30T11:19:15.582+0000] {dag.py:3834} INFO - Setting next_dagrun for example_python_operator to None, run_after=None
[2024-05-30T11:19:15.606+0000] {processor.py:183} INFO - Processing /home/airflow/.local/lib/python3.8/site-packages/airflow/example_dags/example_python_operator.py took 0.082 seconds
[2024-05-30T11:19:46.164+0000] {processor.py:161} INFO - Started process (PID=519) to work on /home/airflow/.local/lib/python3.8/site-packages/airflow/example_dags/example_python_operator.py
[2024-05-30T11:19:46.165+0000] {processor.py:830} INFO - Processing file /home/airflow/.local/lib/python3.8/site-packages/airflow/example_dags/example_python_operator.py for tasks to queue
[2024-05-30T11:19:46.167+0000] {logging_mixin.py:188} INFO - [2024-05-30T11:19:46.167+0000] {dagbag.py:540} INFO - Filling up the DagBag from /home/airflow/.local/lib/python3.8/site-packages/airflow/example_dags/example_python_operator.py
[2024-05-30T11:19:46.177+0000] {processor.py:840} INFO - DAG(s) 'example_python_operator' retrieved from /home/airflow/.local/lib/python3.8/site-packages/airflow/example_dags/example_python_operator.py
[2024-05-30T11:19:46.200+0000] {logging_mixin.py:188} INFO - [2024-05-30T11:19:46.200+0000] {dag.py:3047} INFO - Sync 1 DAGs
[2024-05-30T11:19:46.215+0000] {logging_mixin.py:188} INFO - [2024-05-30T11:19:46.215+0000] {dag.py:3834} INFO - Setting next_dagrun for example_python_operator to None, run_after=None
[2024-05-30T11:19:46.243+0000] {processor.py:183} INFO - Processing /home/airflow/.local/lib/python3.8/site-packages/airflow/example_dags/example_python_operator.py took 0.081 seconds
[2024-05-30T11:20:17.121+0000] {processor.py:161} INFO - Started process (PID=576) to work on /home/airflow/.local/lib/python3.8/site-packages/airflow/example_dags/example_python_operator.py
[2024-05-30T11:20:17.123+0000] {processor.py:830} INFO - Processing file /home/airflow/.local/lib/python3.8/site-packages/airflow/example_dags/example_python_operator.py for tasks to queue
[2024-05-30T11:20:17.126+0000] {logging_mixin.py:188} INFO - [2024-05-30T11:20:17.125+0000] {dagbag.py:540} INFO - Filling up the DagBag from /home/airflow/.local/lib/python3.8/site-packages/airflow/example_dags/example_python_operator.py
[2024-05-30T11:20:17.143+0000] {processor.py:840} INFO - DAG(s) 'example_python_operator' retrieved from /home/airflow/.local/lib/python3.8/site-packages/airflow/example_dags/example_python_operator.py
[2024-05-30T11:20:17.185+0000] {logging_mixin.py:188} INFO - [2024-05-30T11:20:17.185+0000] {dag.py:3047} INFO - Sync 1 DAGs
[2024-05-30T11:20:17.207+0000] {logging_mixin.py:188} INFO - [2024-05-30T11:20:17.207+0000] {dag.py:3834} INFO - Setting next_dagrun for example_python_operator to None, run_after=None
[2024-05-30T11:20:17.256+0000] {processor.py:183} INFO - Processing /home/airflow/.local/lib/python3.8/site-packages/airflow/example_dags/example_python_operator.py took 0.138 seconds
[2024-05-30T11:20:48.003+0000] {processor.py:161} INFO - Started process (PID=633) to work on /home/airflow/.local/lib/python3.8/site-packages/airflow/example_dags/example_python_operator.py
[2024-05-30T11:20:48.006+0000] {processor.py:830} INFO - Processing file /home/airflow/.local/lib/python3.8/site-packages/airflow/example_dags/example_python_operator.py for tasks to queue
[2024-05-30T11:20:48.009+0000] {logging_mixin.py:188} INFO - [2024-05-30T11:20:48.008+0000] {dagbag.py:540} INFO - Filling up the DagBag from /home/airflow/.local/lib/python3.8/site-packages/airflow/example_dags/example_python_operator.py
[2024-05-30T11:20:48.027+0000] {processor.py:840} INFO - DAG(s) 'example_python_operator' retrieved from /home/airflow/.local/lib/python3.8/site-packages/airflow/example_dags/example_python_operator.py
[2024-05-30T11:20:48.084+0000] {logging_mixin.py:188} INFO - [2024-05-30T11:20:48.084+0000] {dag.py:3047} INFO - Sync 1 DAGs
[2024-05-30T11:20:48.112+0000] {logging_mixin.py:188} INFO - [2024-05-30T11:20:48.112+0000] {dag.py:3834} INFO - Setting next_dagrun for example_python_operator to None, run_after=None
[2024-05-30T11:20:48.151+0000] {processor.py:183} INFO - Processing /home/airflow/.local/lib/python3.8/site-packages/airflow/example_dags/example_python_operator.py took 0.152 seconds
[2024-05-30T11:21:18.306+0000] {processor.py:161} INFO - Started process (PID=689) to work on /home/airflow/.local/lib/python3.8/site-packages/airflow/example_dags/example_python_operator.py
[2024-05-30T11:21:18.308+0000] {processor.py:830} INFO - Processing file /home/airflow/.local/lib/python3.8/site-packages/airflow/example_dags/example_python_operator.py for tasks to queue
[2024-05-30T11:21:18.309+0000] {logging_mixin.py:188} INFO - [2024-05-30T11:21:18.309+0000] {dagbag.py:540} INFO - Filling up the DagBag from /home/airflow/.local/lib/python3.8/site-packages/airflow/example_dags/example_python_operator.py
[2024-05-30T11:21:18.319+0000] {processor.py:840} INFO - DAG(s) 'example_python_operator' retrieved from /home/airflow/.local/lib/python3.8/site-packages/airflow/example_dags/example_python_operator.py
[2024-05-30T11:21:18.342+0000] {logging_mixin.py:188} INFO - [2024-05-30T11:21:18.342+0000] {dag.py:3047} INFO - Sync 1 DAGs
[2024-05-30T11:21:18.356+0000] {logging_mixin.py:188} INFO - [2024-05-30T11:21:18.355+0000] {dag.py:3834} INFO - Setting next_dagrun for example_python_operator to None, run_after=None
[2024-05-30T11:21:18.378+0000] {processor.py:183} INFO - Processing /home/airflow/.local/lib/python3.8/site-packages/airflow/example_dags/example_python_operator.py took 0.074 seconds
[2024-05-30T11:21:49.052+0000] {processor.py:161} INFO - Started process (PID=747) to work on /home/airflow/.local/lib/python3.8/site-packages/airflow/example_dags/example_python_operator.py
[2024-05-30T11:21:49.053+0000] {processor.py:830} INFO - Processing file /home/airflow/.local/lib/python3.8/site-packages/airflow/example_dags/example_python_operator.py for tasks to queue
[2024-05-30T11:21:49.056+0000] {logging_mixin.py:188} INFO - [2024-05-30T11:21:49.056+0000] {dagbag.py:540} INFO - Filling up the DagBag from /home/airflow/.local/lib/python3.8/site-packages/airflow/example_dags/example_python_operator.py
[2024-05-30T11:21:49.072+0000] {processor.py:840} INFO - DAG(s) 'example_python_operator' retrieved from /home/airflow/.local/lib/python3.8/site-packages/airflow/example_dags/example_python_operator.py
[2024-05-30T11:21:49.105+0000] {logging_mixin.py:188} INFO - [2024-05-30T11:21:49.104+0000] {dag.py:3047} INFO - Sync 1 DAGs
[2024-05-30T11:21:49.121+0000] {logging_mixin.py:188} INFO - [2024-05-30T11:21:49.121+0000] {dag.py:3834} INFO - Setting next_dagrun for example_python_operator to None, run_after=None
[2024-05-30T11:21:49.146+0000] {processor.py:183} INFO - Processing /home/airflow/.local/lib/python3.8/site-packages/airflow/example_dags/example_python_operator.py took 0.100 seconds
[2024-05-30T11:22:19.231+0000] {processor.py:161} INFO - Started process (PID=803) to work on /home/airflow/.local/lib/python3.8/site-packages/airflow/example_dags/example_python_operator.py
[2024-05-30T11:22:19.232+0000] {processor.py:830} INFO - Processing file /home/airflow/.local/lib/python3.8/site-packages/airflow/example_dags/example_python_operator.py for tasks to queue
[2024-05-30T11:22:19.235+0000] {logging_mixin.py:188} INFO - [2024-05-30T11:22:19.234+0000] {dagbag.py:540} INFO - Filling up the DagBag from /home/airflow/.local/lib/python3.8/site-packages/airflow/example_dags/example_python_operator.py
[2024-05-30T11:22:19.251+0000] {processor.py:840} INFO - DAG(s) 'example_python_operator' retrieved from /home/airflow/.local/lib/python3.8/site-packages/airflow/example_dags/example_python_operator.py
[2024-05-30T11:22:19.281+0000] {logging_mixin.py:188} INFO - [2024-05-30T11:22:19.281+0000] {dag.py:3047} INFO - Sync 1 DAGs
[2024-05-30T11:22:19.296+0000] {logging_mixin.py:188} INFO - [2024-05-30T11:22:19.296+0000] {dag.py:3834} INFO - Setting next_dagrun for example_python_operator to None, run_after=None
[2024-05-30T11:22:19.325+0000] {processor.py:183} INFO - Processing /home/airflow/.local/lib/python3.8/site-packages/airflow/example_dags/example_python_operator.py took 0.098 seconds
[2024-05-30T11:22:50.011+0000] {processor.py:161} INFO - Started process (PID=861) to work on /home/airflow/.local/lib/python3.8/site-packages/airflow/example_dags/example_python_operator.py
[2024-05-30T11:22:50.012+0000] {processor.py:830} INFO - Processing file /home/airflow/.local/lib/python3.8/site-packages/airflow/example_dags/example_python_operator.py for tasks to queue
[2024-05-30T11:22:50.015+0000] {logging_mixin.py:188} INFO - [2024-05-30T11:22:50.014+0000] {dagbag.py:540} INFO - Filling up the DagBag from /home/airflow/.local/lib/python3.8/site-packages/airflow/example_dags/example_python_operator.py
[2024-05-30T11:22:50.031+0000] {processor.py:840} INFO - DAG(s) 'example_python_operator' retrieved from /home/airflow/.local/lib/python3.8/site-packages/airflow/example_dags/example_python_operator.py
[2024-05-30T11:22:50.057+0000] {logging_mixin.py:188} INFO - [2024-05-30T11:22:50.056+0000] {dag.py:3047} INFO - Sync 1 DAGs
[2024-05-30T11:22:50.075+0000] {logging_mixin.py:188} INFO - [2024-05-30T11:22:50.074+0000] {dag.py:3834} INFO - Setting next_dagrun for example_python_operator to None, run_after=None
[2024-05-30T11:22:50.126+0000] {processor.py:183} INFO - Processing /home/airflow/.local/lib/python3.8/site-packages/airflow/example_dags/example_python_operator.py took 0.120 seconds
[2024-05-30T11:23:20.270+0000] {processor.py:161} INFO - Started process (PID=917) to work on /home/airflow/.local/lib/python3.8/site-packages/airflow/example_dags/example_python_operator.py
[2024-05-30T11:23:20.273+0000] {processor.py:830} INFO - Processing file /home/airflow/.local/lib/python3.8/site-packages/airflow/example_dags/example_python_operator.py for tasks to queue
[2024-05-30T11:23:20.276+0000] {logging_mixin.py:188} INFO - [2024-05-30T11:23:20.276+0000] {dagbag.py:540} INFO - Filling up the DagBag from /home/airflow/.local/lib/python3.8/site-packages/airflow/example_dags/example_python_operator.py
[2024-05-30T11:23:20.304+0000] {processor.py:840} INFO - DAG(s) 'example_python_operator' retrieved from /home/airflow/.local/lib/python3.8/site-packages/airflow/example_dags/example_python_operator.py
[2024-05-30T11:23:20.353+0000] {logging_mixin.py:188} INFO - [2024-05-30T11:23:20.352+0000] {dag.py:3047} INFO - Sync 1 DAGs
[2024-05-30T11:23:20.383+0000] {logging_mixin.py:188} INFO - [2024-05-30T11:23:20.383+0000] {dag.py:3834} INFO - Setting next_dagrun for example_python_operator to None, run_after=None
[2024-05-30T11:23:20.439+0000] {processor.py:183} INFO - Processing /home/airflow/.local/lib/python3.8/site-packages/airflow/example_dags/example_python_operator.py took 0.174 seconds
[2024-05-30T11:23:50.557+0000] {processor.py:161} INFO - Started process (PID=974) to work on /home/airflow/.local/lib/python3.8/site-packages/airflow/example_dags/example_python_operator.py
[2024-05-30T11:23:50.559+0000] {processor.py:830} INFO - Processing file /home/airflow/.local/lib/python3.8/site-packages/airflow/example_dags/example_python_operator.py for tasks to queue
[2024-05-30T11:23:50.562+0000] {logging_mixin.py:188} INFO - [2024-05-30T11:23:50.561+0000] {dagbag.py:540} INFO - Filling up the DagBag from /home/airflow/.local/lib/python3.8/site-packages/airflow/example_dags/example_python_operator.py
[2024-05-30T11:23:50.575+0000] {processor.py:840} INFO - DAG(s) 'example_python_operator' retrieved from /home/airflow/.local/lib/python3.8/site-packages/airflow/example_dags/example_python_operator.py
[2024-05-30T11:23:50.611+0000] {logging_mixin.py:188} INFO - [2024-05-30T11:23:50.611+0000] {dag.py:3047} INFO - Sync 1 DAGs
[2024-05-30T11:23:50.637+0000] {logging_mixin.py:188} INFO - [2024-05-30T11:23:50.637+0000] {dag.py:3834} INFO - Setting next_dagrun for example_python_operator to None, run_after=None
[2024-05-30T11:23:50.668+0000] {processor.py:183} INFO - Processing /home/airflow/.local/lib/python3.8/site-packages/airflow/example_dags/example_python_operator.py took 0.116 seconds
[2024-05-30T11:24:21.230+0000] {processor.py:161} INFO - Started process (PID=1031) to work on /home/airflow/.local/lib/python3.8/site-packages/airflow/example_dags/example_python_operator.py
[2024-05-30T11:24:21.233+0000] {processor.py:830} INFO - Processing file /home/airflow/.local/lib/python3.8/site-packages/airflow/example_dags/example_python_operator.py for tasks to queue
[2024-05-30T11:24:21.236+0000] {logging_mixin.py:188} INFO - [2024-05-30T11:24:21.235+0000] {dagbag.py:540} INFO - Filling up the DagBag from /home/airflow/.local/lib/python3.8/site-packages/airflow/example_dags/example_python_operator.py
[2024-05-30T11:24:21.254+0000] {processor.py:840} INFO - DAG(s) 'example_python_operator' retrieved from /home/airflow/.local/lib/python3.8/site-packages/airflow/example_dags/example_python_operator.py
[2024-05-30T11:24:21.301+0000] {logging_mixin.py:188} INFO - [2024-05-30T11:24:21.300+0000] {dag.py:3047} INFO - Sync 1 DAGs
[2024-05-30T11:24:21.335+0000] {logging_mixin.py:188} INFO - [2024-05-30T11:24:21.334+0000] {dag.py:3834} INFO - Setting next_dagrun for example_python_operator to None, run_after=None
[2024-05-30T11:24:21.405+0000] {processor.py:183} INFO - Processing /home/airflow/.local/lib/python3.8/site-packages/airflow/example_dags/example_python_operator.py took 0.179 seconds
[2024-05-30T11:24:52.044+0000] {processor.py:161} INFO - Started process (PID=1088) to work on /home/airflow/.local/lib/python3.8/site-packages/airflow/example_dags/example_python_operator.py
[2024-05-30T11:24:52.045+0000] {processor.py:830} INFO - Processing file /home/airflow/.local/lib/python3.8/site-packages/airflow/example_dags/example_python_operator.py for tasks to queue
[2024-05-30T11:24:52.048+0000] {logging_mixin.py:188} INFO - [2024-05-30T11:24:52.047+0000] {dagbag.py:540} INFO - Filling up the DagBag from /home/airflow/.local/lib/python3.8/site-packages/airflow/example_dags/example_python_operator.py
[2024-05-30T11:24:52.067+0000] {processor.py:840} INFO - DAG(s) 'example_python_operator' retrieved from /home/airflow/.local/lib/python3.8/site-packages/airflow/example_dags/example_python_operator.py
[2024-05-30T11:24:52.156+0000] {logging_mixin.py:188} INFO - [2024-05-30T11:24:52.156+0000] {dag.py:3047} INFO - Sync 1 DAGs
[2024-05-30T11:24:52.272+0000] {logging_mixin.py:188} INFO - [2024-05-30T11:24:52.265+0000] {dag.py:3834} INFO - Setting next_dagrun for example_python_operator to None, run_after=None
[2024-05-30T11:24:52.325+0000] {processor.py:183} INFO - Processing /home/airflow/.local/lib/python3.8/site-packages/airflow/example_dags/example_python_operator.py took 0.287 seconds
[2024-05-30T11:25:22.454+0000] {processor.py:161} INFO - Started process (PID=1145) to work on /home/airflow/.local/lib/python3.8/site-packages/airflow/example_dags/example_python_operator.py
[2024-05-30T11:25:22.455+0000] {processor.py:830} INFO - Processing file /home/airflow/.local/lib/python3.8/site-packages/airflow/example_dags/example_python_operator.py for tasks to queue
[2024-05-30T11:25:22.458+0000] {logging_mixin.py:188} INFO - [2024-05-30T11:25:22.457+0000] {dagbag.py:540} INFO - Filling up the DagBag from /home/airflow/.local/lib/python3.8/site-packages/airflow/example_dags/example_python_operator.py
[2024-05-30T11:25:22.470+0000] {processor.py:840} INFO - DAG(s) 'example_python_operator' retrieved from /home/airflow/.local/lib/python3.8/site-packages/airflow/example_dags/example_python_operator.py
[2024-05-30T11:25:22.496+0000] {logging_mixin.py:188} INFO - [2024-05-30T11:25:22.496+0000] {dag.py:3047} INFO - Sync 1 DAGs
[2024-05-30T11:25:22.511+0000] {logging_mixin.py:188} INFO - [2024-05-30T11:25:22.511+0000] {dag.py:3834} INFO - Setting next_dagrun for example_python_operator to None, run_after=None
[2024-05-30T11:25:22.552+0000] {processor.py:183} INFO - Processing /home/airflow/.local/lib/python3.8/site-packages/airflow/example_dags/example_python_operator.py took 0.101 seconds
[2024-05-30T11:25:52.603+0000] {processor.py:161} INFO - Started process (PID=1202) to work on /home/airflow/.local/lib/python3.8/site-packages/airflow/example_dags/example_python_operator.py
[2024-05-30T11:25:52.604+0000] {processor.py:830} INFO - Processing file /home/airflow/.local/lib/python3.8/site-packages/airflow/example_dags/example_python_operator.py for tasks to queue
[2024-05-30T11:25:52.608+0000] {logging_mixin.py:188} INFO - [2024-05-30T11:25:52.607+0000] {dagbag.py:540} INFO - Filling up the DagBag from /home/airflow/.local/lib/python3.8/site-packages/airflow/example_dags/example_python_operator.py
[2024-05-30T11:25:52.620+0000] {processor.py:840} INFO - DAG(s) 'example_python_operator' retrieved from /home/airflow/.local/lib/python3.8/site-packages/airflow/example_dags/example_python_operator.py
[2024-05-30T11:25:52.654+0000] {logging_mixin.py:188} INFO - [2024-05-30T11:25:52.653+0000] {dag.py:3047} INFO - Sync 1 DAGs
[2024-05-30T11:25:52.671+0000] {logging_mixin.py:188} INFO - [2024-05-30T11:25:52.671+0000] {dag.py:3834} INFO - Setting next_dagrun for example_python_operator to None, run_after=None
[2024-05-30T11:25:52.698+0000] {processor.py:183} INFO - Processing /home/airflow/.local/lib/python3.8/site-packages/airflow/example_dags/example_python_operator.py took 0.098 seconds
[2024-05-30T11:26:23.500+0000] {processor.py:161} INFO - Started process (PID=1259) to work on /home/airflow/.local/lib/python3.8/site-packages/airflow/example_dags/example_python_operator.py
[2024-05-30T11:26:23.501+0000] {processor.py:830} INFO - Processing file /home/airflow/.local/lib/python3.8/site-packages/airflow/example_dags/example_python_operator.py for tasks to queue
[2024-05-30T11:26:23.505+0000] {logging_mixin.py:188} INFO - [2024-05-30T11:26:23.504+0000] {dagbag.py:540} INFO - Filling up the DagBag from /home/airflow/.local/lib/python3.8/site-packages/airflow/example_dags/example_python_operator.py
[2024-05-30T11:26:23.535+0000] {processor.py:840} INFO - DAG(s) 'example_python_operator' retrieved from /home/airflow/.local/lib/python3.8/site-packages/airflow/example_dags/example_python_operator.py
[2024-05-30T11:26:23.589+0000] {logging_mixin.py:188} INFO - [2024-05-30T11:26:23.589+0000] {dag.py:3047} INFO - Sync 1 DAGs
[2024-05-30T11:26:23.615+0000] {logging_mixin.py:188} INFO - [2024-05-30T11:26:23.615+0000] {dag.py:3834} INFO - Setting next_dagrun for example_python_operator to None, run_after=None
[2024-05-30T11:26:23.654+0000] {processor.py:183} INFO - Processing /home/airflow/.local/lib/python3.8/site-packages/airflow/example_dags/example_python_operator.py took 0.163 seconds
[2024-05-30T11:26:53.756+0000] {processor.py:161} INFO - Started process (PID=1316) to work on /home/airflow/.local/lib/python3.8/site-packages/airflow/example_dags/example_python_operator.py
[2024-05-30T11:26:53.758+0000] {processor.py:830} INFO - Processing file /home/airflow/.local/lib/python3.8/site-packages/airflow/example_dags/example_python_operator.py for tasks to queue
[2024-05-30T11:26:53.760+0000] {logging_mixin.py:188} INFO - [2024-05-30T11:26:53.760+0000] {dagbag.py:540} INFO - Filling up the DagBag from /home/airflow/.local/lib/python3.8/site-packages/airflow/example_dags/example_python_operator.py
[2024-05-30T11:26:53.774+0000] {processor.py:840} INFO - DAG(s) 'example_python_operator' retrieved from /home/airflow/.local/lib/python3.8/site-packages/airflow/example_dags/example_python_operator.py
[2024-05-30T11:26:53.804+0000] {logging_mixin.py:188} INFO - [2024-05-30T11:26:53.803+0000] {dag.py:3047} INFO - Sync 1 DAGs
[2024-05-30T11:26:53.820+0000] {logging_mixin.py:188} INFO - [2024-05-30T11:26:53.820+0000] {dag.py:3834} INFO - Setting next_dagrun for example_python_operator to None, run_after=None
[2024-05-30T11:26:53.847+0000] {processor.py:183} INFO - Processing /home/airflow/.local/lib/python3.8/site-packages/airflow/example_dags/example_python_operator.py took 0.094 seconds
[2024-05-30T11:27:24.378+0000] {processor.py:161} INFO - Started process (PID=1373) to work on /home/airflow/.local/lib/python3.8/site-packages/airflow/example_dags/example_python_operator.py
[2024-05-30T11:27:24.379+0000] {processor.py:830} INFO - Processing file /home/airflow/.local/lib/python3.8/site-packages/airflow/example_dags/example_python_operator.py for tasks to queue
[2024-05-30T11:27:24.382+0000] {logging_mixin.py:188} INFO - [2024-05-30T11:27:24.381+0000] {dagbag.py:540} INFO - Filling up the DagBag from /home/airflow/.local/lib/python3.8/site-packages/airflow/example_dags/example_python_operator.py
[2024-05-30T11:27:24.395+0000] {processor.py:840} INFO - DAG(s) 'example_python_operator' retrieved from /home/airflow/.local/lib/python3.8/site-packages/airflow/example_dags/example_python_operator.py
[2024-05-30T11:27:24.428+0000] {logging_mixin.py:188} INFO - [2024-05-30T11:27:24.428+0000] {dag.py:3047} INFO - Sync 1 DAGs
[2024-05-30T11:27:24.446+0000] {logging_mixin.py:188} INFO - [2024-05-30T11:27:24.445+0000] {dag.py:3834} INFO - Setting next_dagrun for example_python_operator to None, run_after=None
[2024-05-30T11:27:24.477+0000] {processor.py:183} INFO - Processing /home/airflow/.local/lib/python3.8/site-packages/airflow/example_dags/example_python_operator.py took 0.102 seconds
[2024-05-30T11:27:54.699+0000] {processor.py:161} INFO - Started process (PID=1430) to work on /home/airflow/.local/lib/python3.8/site-packages/airflow/example_dags/example_python_operator.py
[2024-05-30T11:27:54.700+0000] {processor.py:830} INFO - Processing file /home/airflow/.local/lib/python3.8/site-packages/airflow/example_dags/example_python_operator.py for tasks to queue
[2024-05-30T11:27:54.702+0000] {logging_mixin.py:188} INFO - [2024-05-30T11:27:54.702+0000] {dagbag.py:540} INFO - Filling up the DagBag from /home/airflow/.local/lib/python3.8/site-packages/airflow/example_dags/example_python_operator.py
[2024-05-30T11:27:54.712+0000] {processor.py:840} INFO - DAG(s) 'example_python_operator' retrieved from /home/airflow/.local/lib/python3.8/site-packages/airflow/example_dags/example_python_operator.py
[2024-05-30T11:27:54.736+0000] {logging_mixin.py:188} INFO - [2024-05-30T11:27:54.735+0000] {dag.py:3047} INFO - Sync 1 DAGs
[2024-05-30T11:27:54.749+0000] {logging_mixin.py:188} INFO - [2024-05-30T11:27:54.749+0000] {dag.py:3834} INFO - Setting next_dagrun for example_python_operator to None, run_after=None
[2024-05-30T11:27:54.771+0000] {processor.py:183} INFO - Processing /home/airflow/.local/lib/python3.8/site-packages/airflow/example_dags/example_python_operator.py took 0.074 seconds
[2024-05-30T11:28:24.968+0000] {processor.py:161} INFO - Started process (PID=1487) to work on /home/airflow/.local/lib/python3.8/site-packages/airflow/example_dags/example_python_operator.py
[2024-05-30T11:28:24.969+0000] {processor.py:830} INFO - Processing file /home/airflow/.local/lib/python3.8/site-packages/airflow/example_dags/example_python_operator.py for tasks to queue
[2024-05-30T11:28:24.972+0000] {logging_mixin.py:188} INFO - [2024-05-30T11:28:24.971+0000] {dagbag.py:540} INFO - Filling up the DagBag from /home/airflow/.local/lib/python3.8/site-packages/airflow/example_dags/example_python_operator.py
[2024-05-30T11:28:24.986+0000] {processor.py:840} INFO - DAG(s) 'example_python_operator' retrieved from /home/airflow/.local/lib/python3.8/site-packages/airflow/example_dags/example_python_operator.py
[2024-05-30T11:28:25.017+0000] {logging_mixin.py:188} INFO - [2024-05-30T11:28:25.016+0000] {dag.py:3047} INFO - Sync 1 DAGs
[2024-05-30T11:28:25.032+0000] {logging_mixin.py:188} INFO - [2024-05-30T11:28:25.032+0000] {dag.py:3834} INFO - Setting next_dagrun for example_python_operator to None, run_after=None
[2024-05-30T11:28:25.056+0000] {processor.py:183} INFO - Processing /home/airflow/.local/lib/python3.8/site-packages/airflow/example_dags/example_python_operator.py took 0.093 seconds
[2024-05-30T11:28:55.511+0000] {processor.py:161} INFO - Started process (PID=1544) to work on /home/airflow/.local/lib/python3.8/site-packages/airflow/example_dags/example_python_operator.py
[2024-05-30T11:28:55.513+0000] {processor.py:830} INFO - Processing file /home/airflow/.local/lib/python3.8/site-packages/airflow/example_dags/example_python_operator.py for tasks to queue
[2024-05-30T11:28:55.515+0000] {logging_mixin.py:188} INFO - [2024-05-30T11:28:55.515+0000] {dagbag.py:540} INFO - Filling up the DagBag from /home/airflow/.local/lib/python3.8/site-packages/airflow/example_dags/example_python_operator.py
[2024-05-30T11:28:55.534+0000] {processor.py:840} INFO - DAG(s) 'example_python_operator' retrieved from /home/airflow/.local/lib/python3.8/site-packages/airflow/example_dags/example_python_operator.py
[2024-05-30T11:28:55.576+0000] {logging_mixin.py:188} INFO - [2024-05-30T11:28:55.575+0000] {dag.py:3047} INFO - Sync 1 DAGs
[2024-05-30T11:28:55.594+0000] {logging_mixin.py:188} INFO - [2024-05-30T11:28:55.593+0000] {dag.py:3834} INFO - Setting next_dagrun for example_python_operator to None, run_after=None
[2024-05-30T11:28:55.622+0000] {processor.py:183} INFO - Processing /home/airflow/.local/lib/python3.8/site-packages/airflow/example_dags/example_python_operator.py took 0.116 seconds
[2024-05-30T11:29:26.472+0000] {processor.py:161} INFO - Started process (PID=1601) to work on /home/airflow/.local/lib/python3.8/site-packages/airflow/example_dags/example_python_operator.py
[2024-05-30T11:29:26.474+0000] {processor.py:830} INFO - Processing file /home/airflow/.local/lib/python3.8/site-packages/airflow/example_dags/example_python_operator.py for tasks to queue
[2024-05-30T11:29:26.477+0000] {logging_mixin.py:188} INFO - [2024-05-30T11:29:26.476+0000] {dagbag.py:540} INFO - Filling up the DagBag from /home/airflow/.local/lib/python3.8/site-packages/airflow/example_dags/example_python_operator.py
[2024-05-30T11:29:26.496+0000] {processor.py:840} INFO - DAG(s) 'example_python_operator' retrieved from /home/airflow/.local/lib/python3.8/site-packages/airflow/example_dags/example_python_operator.py
[2024-05-30T11:29:26.536+0000] {logging_mixin.py:188} INFO - [2024-05-30T11:29:26.535+0000] {dag.py:3047} INFO - Sync 1 DAGs
[2024-05-30T11:29:26.566+0000] {logging_mixin.py:188} INFO - [2024-05-30T11:29:26.565+0000] {dag.py:3834} INFO - Setting next_dagrun for example_python_operator to None, run_after=None
[2024-05-30T11:29:26.605+0000] {processor.py:183} INFO - Processing /home/airflow/.local/lib/python3.8/site-packages/airflow/example_dags/example_python_operator.py took 0.136 seconds
[2024-05-30T11:29:56.755+0000] {processor.py:161} INFO - Started process (PID=1658) to work on /home/airflow/.local/lib/python3.8/site-packages/airflow/example_dags/example_python_operator.py
[2024-05-30T11:29:56.756+0000] {processor.py:830} INFO - Processing file /home/airflow/.local/lib/python3.8/site-packages/airflow/example_dags/example_python_operator.py for tasks to queue
[2024-05-30T11:29:56.758+0000] {logging_mixin.py:188} INFO - [2024-05-30T11:29:56.757+0000] {dagbag.py:540} INFO - Filling up the DagBag from /home/airflow/.local/lib/python3.8/site-packages/airflow/example_dags/example_python_operator.py
[2024-05-30T11:29:56.767+0000] {processor.py:840} INFO - DAG(s) 'example_python_operator' retrieved from /home/airflow/.local/lib/python3.8/site-packages/airflow/example_dags/example_python_operator.py
[2024-05-30T11:29:56.791+0000] {logging_mixin.py:188} INFO - [2024-05-30T11:29:56.791+0000] {dag.py:3047} INFO - Sync 1 DAGs
[2024-05-30T11:29:56.805+0000] {logging_mixin.py:188} INFO - [2024-05-30T11:29:56.804+0000] {dag.py:3834} INFO - Setting next_dagrun for example_python_operator to None, run_after=None
[2024-05-30T11:29:56.828+0000] {processor.py:183} INFO - Processing /home/airflow/.local/lib/python3.8/site-packages/airflow/example_dags/example_python_operator.py took 0.076 seconds
[2024-05-30T11:30:27.032+0000] {processor.py:161} INFO - Started process (PID=1715) to work on /home/airflow/.local/lib/python3.8/site-packages/airflow/example_dags/example_python_operator.py
[2024-05-30T11:30:27.033+0000] {processor.py:830} INFO - Processing file /home/airflow/.local/lib/python3.8/site-packages/airflow/example_dags/example_python_operator.py for tasks to queue
[2024-05-30T11:30:27.035+0000] {logging_mixin.py:188} INFO - [2024-05-30T11:30:27.035+0000] {dagbag.py:540} INFO - Filling up the DagBag from /home/airflow/.local/lib/python3.8/site-packages/airflow/example_dags/example_python_operator.py
[2024-05-30T11:30:27.046+0000] {processor.py:840} INFO - DAG(s) 'example_python_operator' retrieved from /home/airflow/.local/lib/python3.8/site-packages/airflow/example_dags/example_python_operator.py
[2024-05-30T11:30:27.114+0000] {logging_mixin.py:188} INFO - [2024-05-30T11:30:27.113+0000] {dag.py:3047} INFO - Sync 1 DAGs
[2024-05-30T11:30:27.183+0000] {logging_mixin.py:188} INFO - [2024-05-30T11:30:27.183+0000] {dag.py:3834} INFO - Setting next_dagrun for example_python_operator to None, run_after=None
[2024-05-30T11:30:27.228+0000] {processor.py:183} INFO - Processing /home/airflow/.local/lib/python3.8/site-packages/airflow/example_dags/example_python_operator.py took 0.198 seconds
[2024-05-30T11:30:57.730+0000] {processor.py:161} INFO - Started process (PID=1772) to work on /home/airflow/.local/lib/python3.8/site-packages/airflow/example_dags/example_python_operator.py
[2024-05-30T11:30:57.731+0000] {processor.py:830} INFO - Processing file /home/airflow/.local/lib/python3.8/site-packages/airflow/example_dags/example_python_operator.py for tasks to queue
[2024-05-30T11:30:57.733+0000] {logging_mixin.py:188} INFO - [2024-05-30T11:30:57.733+0000] {dagbag.py:540} INFO - Filling up the DagBag from /home/airflow/.local/lib/python3.8/site-packages/airflow/example_dags/example_python_operator.py
[2024-05-30T11:30:57.743+0000] {processor.py:840} INFO - DAG(s) 'example_python_operator' retrieved from /home/airflow/.local/lib/python3.8/site-packages/airflow/example_dags/example_python_operator.py
[2024-05-30T11:30:57.770+0000] {logging_mixin.py:188} INFO - [2024-05-30T11:30:57.770+0000] {dag.py:3047} INFO - Sync 1 DAGs
[2024-05-30T11:30:57.789+0000] {logging_mixin.py:188} INFO - [2024-05-30T11:30:57.789+0000] {dag.py:3834} INFO - Setting next_dagrun for example_python_operator to None, run_after=None
[2024-05-30T11:30:57.824+0000] {processor.py:183} INFO - Processing /home/airflow/.local/lib/python3.8/site-packages/airflow/example_dags/example_python_operator.py took 0.096 seconds
[2024-05-30T11:31:28.158+0000] {processor.py:161} INFO - Started process (PID=1829) to work on /home/airflow/.local/lib/python3.8/site-packages/airflow/example_dags/example_python_operator.py
[2024-05-30T11:31:28.159+0000] {processor.py:830} INFO - Processing file /home/airflow/.local/lib/python3.8/site-packages/airflow/example_dags/example_python_operator.py for tasks to queue
[2024-05-30T11:31:28.162+0000] {logging_mixin.py:188} INFO - [2024-05-30T11:31:28.161+0000] {dagbag.py:540} INFO - Filling up the DagBag from /home/airflow/.local/lib/python3.8/site-packages/airflow/example_dags/example_python_operator.py
[2024-05-30T11:31:28.180+0000] {processor.py:840} INFO - DAG(s) 'example_python_operator' retrieved from /home/airflow/.local/lib/python3.8/site-packages/airflow/example_dags/example_python_operator.py
[2024-05-30T11:31:28.225+0000] {logging_mixin.py:188} INFO - [2024-05-30T11:31:28.224+0000] {dag.py:3047} INFO - Sync 1 DAGs
[2024-05-30T11:31:28.248+0000] {logging_mixin.py:188} INFO - [2024-05-30T11:31:28.247+0000] {dag.py:3834} INFO - Setting next_dagrun for example_python_operator to None, run_after=None
[2024-05-30T11:31:28.283+0000] {processor.py:183} INFO - Processing /home/airflow/.local/lib/python3.8/site-packages/airflow/example_dags/example_python_operator.py took 0.129 seconds
[2024-05-30T11:31:58.416+0000] {processor.py:161} INFO - Started process (PID=1886) to work on /home/airflow/.local/lib/python3.8/site-packages/airflow/example_dags/example_python_operator.py
[2024-05-30T11:31:58.418+0000] {processor.py:830} INFO - Processing file /home/airflow/.local/lib/python3.8/site-packages/airflow/example_dags/example_python_operator.py for tasks to queue
[2024-05-30T11:31:58.420+0000] {logging_mixin.py:188} INFO - [2024-05-30T11:31:58.419+0000] {dagbag.py:540} INFO - Filling up the DagBag from /home/airflow/.local/lib/python3.8/site-packages/airflow/example_dags/example_python_operator.py
[2024-05-30T11:31:58.429+0000] {processor.py:840} INFO - DAG(s) 'example_python_operator' retrieved from /home/airflow/.local/lib/python3.8/site-packages/airflow/example_dags/example_python_operator.py
[2024-05-30T11:31:58.452+0000] {logging_mixin.py:188} INFO - [2024-05-30T11:31:58.452+0000] {dag.py:3047} INFO - Sync 1 DAGs
[2024-05-30T11:31:58.474+0000] {logging_mixin.py:188} INFO - [2024-05-30T11:31:58.473+0000] {dag.py:3834} INFO - Setting next_dagrun for example_python_operator to None, run_after=None
[2024-05-30T11:31:58.518+0000] {processor.py:183} INFO - Processing /home/airflow/.local/lib/python3.8/site-packages/airflow/example_dags/example_python_operator.py took 0.104 seconds
