[2024-05-30T11:15:38.420+0000] {processor.py:161} INFO - Started process (PID=41) to work on /home/airflow/.local/lib/python3.8/site-packages/airflow/example_dags/example_latest_only.py
[2024-05-30T11:15:38.422+0000] {processor.py:830} INFO - Processing file /home/airflow/.local/lib/python3.8/site-packages/airflow/example_dags/example_latest_only.py for tasks to queue
[2024-05-30T11:15:38.424+0000] {logging_mixin.py:188} INFO - [2024-05-30T11:15:38.423+0000] {dagbag.py:540} INFO - Filling up the DagBag from /home/airflow/.local/lib/python3.8/site-packages/airflow/example_dags/example_latest_only.py
[2024-05-30T11:15:38.435+0000] {processor.py:840} INFO - DAG(s) 'latest_only' retrieved from /home/airflow/.local/lib/python3.8/site-packages/airflow/example_dags/example_latest_only.py
[2024-05-30T11:15:38.492+0000] {logging_mixin.py:188} INFO - [2024-05-30T11:15:38.491+0000] {dag.py:3047} INFO - Sync 1 DAGs
[2024-05-30T11:15:38.523+0000] {logging_mixin.py:188} INFO - [2024-05-30T11:15:38.523+0000] {dag.py:3834} INFO - Setting next_dagrun for latest_only to 2024-05-30 04:00:00+00:00, run_after=2024-05-30 08:00:00+00:00
[2024-05-30T11:15:38.553+0000] {processor.py:183} INFO - Processing /home/airflow/.local/lib/python3.8/site-packages/airflow/example_dags/example_latest_only.py took 0.137 seconds
[2024-05-30T11:16:09.375+0000] {processor.py:161} INFO - Started process (PID=98) to work on /home/airflow/.local/lib/python3.8/site-packages/airflow/example_dags/example_latest_only.py
[2024-05-30T11:16:09.376+0000] {processor.py:830} INFO - Processing file /home/airflow/.local/lib/python3.8/site-packages/airflow/example_dags/example_latest_only.py for tasks to queue
[2024-05-30T11:16:09.378+0000] {logging_mixin.py:188} INFO - [2024-05-30T11:16:09.378+0000] {dagbag.py:540} INFO - Filling up the DagBag from /home/airflow/.local/lib/python3.8/site-packages/airflow/example_dags/example_latest_only.py
[2024-05-30T11:16:09.384+0000] {processor.py:840} INFO - DAG(s) 'latest_only' retrieved from /home/airflow/.local/lib/python3.8/site-packages/airflow/example_dags/example_latest_only.py
[2024-05-30T11:16:09.404+0000] {logging_mixin.py:188} INFO - [2024-05-30T11:16:09.403+0000] {dag.py:3047} INFO - Sync 1 DAGs
[2024-05-30T11:16:09.433+0000] {logging_mixin.py:188} INFO - [2024-05-30T11:16:09.433+0000] {dag.py:3834} INFO - Setting next_dagrun for latest_only to 2024-05-30 04:00:00+00:00, run_after=2024-05-30 08:00:00+00:00
[2024-05-30T11:16:09.456+0000] {processor.py:183} INFO - Processing /home/airflow/.local/lib/python3.8/site-packages/airflow/example_dags/example_latest_only.py took 0.084 seconds
[2024-05-30T11:16:39.696+0000] {processor.py:161} INFO - Started process (PID=153) to work on /home/airflow/.local/lib/python3.8/site-packages/airflow/example_dags/example_latest_only.py
[2024-05-30T11:16:39.697+0000] {processor.py:830} INFO - Processing file /home/airflow/.local/lib/python3.8/site-packages/airflow/example_dags/example_latest_only.py for tasks to queue
[2024-05-30T11:16:39.699+0000] {logging_mixin.py:188} INFO - [2024-05-30T11:16:39.699+0000] {dagbag.py:540} INFO - Filling up the DagBag from /home/airflow/.local/lib/python3.8/site-packages/airflow/example_dags/example_latest_only.py
[2024-05-30T11:16:39.704+0000] {processor.py:840} INFO - DAG(s) 'latest_only' retrieved from /home/airflow/.local/lib/python3.8/site-packages/airflow/example_dags/example_latest_only.py
[2024-05-30T11:16:39.731+0000] {logging_mixin.py:188} INFO - [2024-05-30T11:16:39.731+0000] {dag.py:3047} INFO - Sync 1 DAGs
[2024-05-30T11:16:39.759+0000] {logging_mixin.py:188} INFO - [2024-05-30T11:16:39.759+0000] {dag.py:3834} INFO - Setting next_dagrun for latest_only to 2024-05-30 04:00:00+00:00, run_after=2024-05-30 08:00:00+00:00
[2024-05-30T11:16:39.783+0000] {processor.py:183} INFO - Processing /home/airflow/.local/lib/python3.8/site-packages/airflow/example_dags/example_latest_only.py took 0.089 seconds
[2024-05-30T11:17:09.884+0000] {processor.py:161} INFO - Started process (PID=210) to work on /home/airflow/.local/lib/python3.8/site-packages/airflow/example_dags/example_latest_only.py
[2024-05-30T11:17:09.886+0000] {processor.py:830} INFO - Processing file /home/airflow/.local/lib/python3.8/site-packages/airflow/example_dags/example_latest_only.py for tasks to queue
[2024-05-30T11:17:09.889+0000] {logging_mixin.py:188} INFO - [2024-05-30T11:17:09.888+0000] {dagbag.py:540} INFO - Filling up the DagBag from /home/airflow/.local/lib/python3.8/site-packages/airflow/example_dags/example_latest_only.py
[2024-05-30T11:17:09.895+0000] {processor.py:840} INFO - DAG(s) 'latest_only' retrieved from /home/airflow/.local/lib/python3.8/site-packages/airflow/example_dags/example_latest_only.py
[2024-05-30T11:17:09.924+0000] {logging_mixin.py:188} INFO - [2024-05-30T11:17:09.923+0000] {dag.py:3047} INFO - Sync 1 DAGs
[2024-05-30T11:17:09.977+0000] {logging_mixin.py:188} INFO - [2024-05-30T11:17:09.976+0000] {dag.py:3834} INFO - Setting next_dagrun for latest_only to 2024-05-30 04:00:00+00:00, run_after=2024-05-30 08:00:00+00:00
[2024-05-30T11:17:10.016+0000] {processor.py:183} INFO - Processing /home/airflow/.local/lib/python3.8/site-packages/airflow/example_dags/example_latest_only.py took 0.137 seconds
[2024-05-30T11:17:40.198+0000] {processor.py:161} INFO - Started process (PID=267) to work on /home/airflow/.local/lib/python3.8/site-packages/airflow/example_dags/example_latest_only.py
[2024-05-30T11:17:40.199+0000] {processor.py:830} INFO - Processing file /home/airflow/.local/lib/python3.8/site-packages/airflow/example_dags/example_latest_only.py for tasks to queue
[2024-05-30T11:17:40.202+0000] {logging_mixin.py:188} INFO - [2024-05-30T11:17:40.201+0000] {dagbag.py:540} INFO - Filling up the DagBag from /home/airflow/.local/lib/python3.8/site-packages/airflow/example_dags/example_latest_only.py
[2024-05-30T11:17:40.209+0000] {processor.py:840} INFO - DAG(s) 'latest_only' retrieved from /home/airflow/.local/lib/python3.8/site-packages/airflow/example_dags/example_latest_only.py
[2024-05-30T11:17:40.231+0000] {logging_mixin.py:188} INFO - [2024-05-30T11:17:40.231+0000] {dag.py:3047} INFO - Sync 1 DAGs
[2024-05-30T11:17:40.264+0000] {logging_mixin.py:188} INFO - [2024-05-30T11:17:40.263+0000] {dag.py:3834} INFO - Setting next_dagrun for latest_only to 2024-05-30 04:00:00+00:00, run_after=2024-05-30 08:00:00+00:00
[2024-05-30T11:17:40.290+0000] {processor.py:183} INFO - Processing /home/airflow/.local/lib/python3.8/site-packages/airflow/example_dags/example_latest_only.py took 0.097 seconds
[2024-05-30T11:18:10.739+0000] {processor.py:161} INFO - Started process (PID=324) to work on /home/airflow/.local/lib/python3.8/site-packages/airflow/example_dags/example_latest_only.py
[2024-05-30T11:18:10.740+0000] {processor.py:830} INFO - Processing file /home/airflow/.local/lib/python3.8/site-packages/airflow/example_dags/example_latest_only.py for tasks to queue
[2024-05-30T11:18:10.743+0000] {logging_mixin.py:188} INFO - [2024-05-30T11:18:10.743+0000] {dagbag.py:540} INFO - Filling up the DagBag from /home/airflow/.local/lib/python3.8/site-packages/airflow/example_dags/example_latest_only.py
[2024-05-30T11:18:10.749+0000] {processor.py:840} INFO - DAG(s) 'latest_only' retrieved from /home/airflow/.local/lib/python3.8/site-packages/airflow/example_dags/example_latest_only.py
[2024-05-30T11:18:10.771+0000] {logging_mixin.py:188} INFO - [2024-05-30T11:18:10.771+0000] {dag.py:3047} INFO - Sync 1 DAGs
[2024-05-30T11:18:10.801+0000] {logging_mixin.py:188} INFO - [2024-05-30T11:18:10.801+0000] {dag.py:3834} INFO - Setting next_dagrun for latest_only to 2024-05-30 04:00:00+00:00, run_after=2024-05-30 08:00:00+00:00
[2024-05-30T11:18:10.824+0000] {processor.py:183} INFO - Processing /home/airflow/.local/lib/python3.8/site-packages/airflow/example_dags/example_latest_only.py took 0.088 seconds
[2024-05-30T11:18:40.985+0000] {processor.py:161} INFO - Started process (PID=381) to work on /home/airflow/.local/lib/python3.8/site-packages/airflow/example_dags/example_latest_only.py
[2024-05-30T11:18:40.986+0000] {processor.py:830} INFO - Processing file /home/airflow/.local/lib/python3.8/site-packages/airflow/example_dags/example_latest_only.py for tasks to queue
[2024-05-30T11:18:40.990+0000] {logging_mixin.py:188} INFO - [2024-05-30T11:18:40.989+0000] {dagbag.py:540} INFO - Filling up the DagBag from /home/airflow/.local/lib/python3.8/site-packages/airflow/example_dags/example_latest_only.py
[2024-05-30T11:18:40.997+0000] {processor.py:840} INFO - DAG(s) 'latest_only' retrieved from /home/airflow/.local/lib/python3.8/site-packages/airflow/example_dags/example_latest_only.py
[2024-05-30T11:18:41.023+0000] {logging_mixin.py:188} INFO - [2024-05-30T11:18:41.023+0000] {dag.py:3047} INFO - Sync 1 DAGs
[2024-05-30T11:18:41.054+0000] {logging_mixin.py:188} INFO - [2024-05-30T11:18:41.054+0000] {dag.py:3834} INFO - Setting next_dagrun for latest_only to 2024-05-30 04:00:00+00:00, run_after=2024-05-30 08:00:00+00:00
[2024-05-30T11:18:41.092+0000] {processor.py:183} INFO - Processing /home/airflow/.local/lib/python3.8/site-packages/airflow/example_dags/example_latest_only.py took 0.111 seconds
[2024-05-30T11:19:11.499+0000] {processor.py:161} INFO - Started process (PID=438) to work on /home/airflow/.local/lib/python3.8/site-packages/airflow/example_dags/example_latest_only.py
[2024-05-30T11:19:11.500+0000] {processor.py:830} INFO - Processing file /home/airflow/.local/lib/python3.8/site-packages/airflow/example_dags/example_latest_only.py for tasks to queue
[2024-05-30T11:19:11.502+0000] {logging_mixin.py:188} INFO - [2024-05-30T11:19:11.502+0000] {dagbag.py:540} INFO - Filling up the DagBag from /home/airflow/.local/lib/python3.8/site-packages/airflow/example_dags/example_latest_only.py
[2024-05-30T11:19:11.509+0000] {processor.py:840} INFO - DAG(s) 'latest_only' retrieved from /home/airflow/.local/lib/python3.8/site-packages/airflow/example_dags/example_latest_only.py
[2024-05-30T11:19:11.532+0000] {logging_mixin.py:188} INFO - [2024-05-30T11:19:11.531+0000] {dag.py:3047} INFO - Sync 1 DAGs
[2024-05-30T11:19:11.564+0000] {logging_mixin.py:188} INFO - [2024-05-30T11:19:11.564+0000] {dag.py:3834} INFO - Setting next_dagrun for latest_only to 2024-05-30 04:00:00+00:00, run_after=2024-05-30 08:00:00+00:00
[2024-05-30T11:19:11.588+0000] {processor.py:183} INFO - Processing /home/airflow/.local/lib/python3.8/site-packages/airflow/example_dags/example_latest_only.py took 0.093 seconds
[2024-05-30T11:19:42.087+0000] {processor.py:161} INFO - Started process (PID=495) to work on /home/airflow/.local/lib/python3.8/site-packages/airflow/example_dags/example_latest_only.py
[2024-05-30T11:19:42.088+0000] {processor.py:830} INFO - Processing file /home/airflow/.local/lib/python3.8/site-packages/airflow/example_dags/example_latest_only.py for tasks to queue
[2024-05-30T11:19:42.091+0000] {logging_mixin.py:188} INFO - [2024-05-30T11:19:42.090+0000] {dagbag.py:540} INFO - Filling up the DagBag from /home/airflow/.local/lib/python3.8/site-packages/airflow/example_dags/example_latest_only.py
[2024-05-30T11:19:42.096+0000] {processor.py:840} INFO - DAG(s) 'latest_only' retrieved from /home/airflow/.local/lib/python3.8/site-packages/airflow/example_dags/example_latest_only.py
[2024-05-30T11:19:42.121+0000] {logging_mixin.py:188} INFO - [2024-05-30T11:19:42.120+0000] {dag.py:3047} INFO - Sync 1 DAGs
[2024-05-30T11:19:42.152+0000] {logging_mixin.py:188} INFO - [2024-05-30T11:19:42.152+0000] {dag.py:3834} INFO - Setting next_dagrun for latest_only to 2024-05-30 04:00:00+00:00, run_after=2024-05-30 08:00:00+00:00
[2024-05-30T11:19:42.176+0000] {processor.py:183} INFO - Processing /home/airflow/.local/lib/python3.8/site-packages/airflow/example_dags/example_latest_only.py took 0.092 seconds
[2024-05-30T11:20:12.371+0000] {processor.py:161} INFO - Started process (PID=552) to work on /home/airflow/.local/lib/python3.8/site-packages/airflow/example_dags/example_latest_only.py
[2024-05-30T11:20:12.372+0000] {processor.py:830} INFO - Processing file /home/airflow/.local/lib/python3.8/site-packages/airflow/example_dags/example_latest_only.py for tasks to queue
[2024-05-30T11:20:12.375+0000] {logging_mixin.py:188} INFO - [2024-05-30T11:20:12.374+0000] {dagbag.py:540} INFO - Filling up the DagBag from /home/airflow/.local/lib/python3.8/site-packages/airflow/example_dags/example_latest_only.py
[2024-05-30T11:20:12.390+0000] {processor.py:840} INFO - DAG(s) 'latest_only' retrieved from /home/airflow/.local/lib/python3.8/site-packages/airflow/example_dags/example_latest_only.py
[2024-05-30T11:20:12.435+0000] {logging_mixin.py:188} INFO - [2024-05-30T11:20:12.434+0000] {dag.py:3047} INFO - Sync 1 DAGs
[2024-05-30T11:20:12.532+0000] {logging_mixin.py:188} INFO - [2024-05-30T11:20:12.530+0000] {dag.py:3834} INFO - Setting next_dagrun for latest_only to 2024-05-30 04:00:00+00:00, run_after=2024-05-30 08:00:00+00:00
[2024-05-30T11:20:12.570+0000] {processor.py:183} INFO - Processing /home/airflow/.local/lib/python3.8/site-packages/airflow/example_dags/example_latest_only.py took 0.203 seconds
[2024-05-30T11:20:42.714+0000] {processor.py:161} INFO - Started process (PID=609) to work on /home/airflow/.local/lib/python3.8/site-packages/airflow/example_dags/example_latest_only.py
[2024-05-30T11:20:42.716+0000] {processor.py:830} INFO - Processing file /home/airflow/.local/lib/python3.8/site-packages/airflow/example_dags/example_latest_only.py for tasks to queue
[2024-05-30T11:20:42.718+0000] {logging_mixin.py:188} INFO - [2024-05-30T11:20:42.717+0000] {dagbag.py:540} INFO - Filling up the DagBag from /home/airflow/.local/lib/python3.8/site-packages/airflow/example_dags/example_latest_only.py
[2024-05-30T11:20:42.723+0000] {processor.py:840} INFO - DAG(s) 'latest_only' retrieved from /home/airflow/.local/lib/python3.8/site-packages/airflow/example_dags/example_latest_only.py
[2024-05-30T11:20:42.744+0000] {logging_mixin.py:188} INFO - [2024-05-30T11:20:42.744+0000] {dag.py:3047} INFO - Sync 1 DAGs
[2024-05-30T11:20:42.768+0000] {logging_mixin.py:188} INFO - [2024-05-30T11:20:42.768+0000] {dag.py:3834} INFO - Setting next_dagrun for latest_only to 2024-05-30 04:00:00+00:00, run_after=2024-05-30 08:00:00+00:00
[2024-05-30T11:20:42.791+0000] {processor.py:183} INFO - Processing /home/airflow/.local/lib/python3.8/site-packages/airflow/example_dags/example_latest_only.py took 0.079 seconds
[2024-05-30T11:21:13.254+0000] {processor.py:161} INFO - Started process (PID=666) to work on /home/airflow/.local/lib/python3.8/site-packages/airflow/example_dags/example_latest_only.py
[2024-05-30T11:21:13.255+0000] {processor.py:830} INFO - Processing file /home/airflow/.local/lib/python3.8/site-packages/airflow/example_dags/example_latest_only.py for tasks to queue
[2024-05-30T11:21:13.257+0000] {logging_mixin.py:188} INFO - [2024-05-30T11:21:13.257+0000] {dagbag.py:540} INFO - Filling up the DagBag from /home/airflow/.local/lib/python3.8/site-packages/airflow/example_dags/example_latest_only.py
[2024-05-30T11:21:13.263+0000] {processor.py:840} INFO - DAG(s) 'latest_only' retrieved from /home/airflow/.local/lib/python3.8/site-packages/airflow/example_dags/example_latest_only.py
[2024-05-30T11:21:13.285+0000] {logging_mixin.py:188} INFO - [2024-05-30T11:21:13.285+0000] {dag.py:3047} INFO - Sync 1 DAGs
[2024-05-30T11:21:13.312+0000] {logging_mixin.py:188} INFO - [2024-05-30T11:21:13.312+0000] {dag.py:3834} INFO - Setting next_dagrun for latest_only to 2024-05-30 04:00:00+00:00, run_after=2024-05-30 08:00:00+00:00
[2024-05-30T11:21:13.336+0000] {processor.py:183} INFO - Processing /home/airflow/.local/lib/python3.8/site-packages/airflow/example_dags/example_latest_only.py took 0.085 seconds
[2024-05-30T11:21:43.720+0000] {processor.py:161} INFO - Started process (PID=723) to work on /home/airflow/.local/lib/python3.8/site-packages/airflow/example_dags/example_latest_only.py
[2024-05-30T11:21:43.722+0000] {processor.py:830} INFO - Processing file /home/airflow/.local/lib/python3.8/site-packages/airflow/example_dags/example_latest_only.py for tasks to queue
[2024-05-30T11:21:43.724+0000] {logging_mixin.py:188} INFO - [2024-05-30T11:21:43.724+0000] {dagbag.py:540} INFO - Filling up the DagBag from /home/airflow/.local/lib/python3.8/site-packages/airflow/example_dags/example_latest_only.py
[2024-05-30T11:21:43.732+0000] {processor.py:840} INFO - DAG(s) 'latest_only' retrieved from /home/airflow/.local/lib/python3.8/site-packages/airflow/example_dags/example_latest_only.py
[2024-05-30T11:21:43.756+0000] {logging_mixin.py:188} INFO - [2024-05-30T11:21:43.755+0000] {dag.py:3047} INFO - Sync 1 DAGs
[2024-05-30T11:21:43.786+0000] {logging_mixin.py:188} INFO - [2024-05-30T11:21:43.786+0000] {dag.py:3834} INFO - Setting next_dagrun for latest_only to 2024-05-30 04:00:00+00:00, run_after=2024-05-30 08:00:00+00:00
[2024-05-30T11:21:43.815+0000] {processor.py:183} INFO - Processing /home/airflow/.local/lib/python3.8/site-packages/airflow/example_dags/example_latest_only.py took 0.099 seconds
[2024-05-30T11:22:14.045+0000] {processor.py:161} INFO - Started process (PID=780) to work on /home/airflow/.local/lib/python3.8/site-packages/airflow/example_dags/example_latest_only.py
[2024-05-30T11:22:14.047+0000] {processor.py:830} INFO - Processing file /home/airflow/.local/lib/python3.8/site-packages/airflow/example_dags/example_latest_only.py for tasks to queue
[2024-05-30T11:22:14.049+0000] {logging_mixin.py:188} INFO - [2024-05-30T11:22:14.049+0000] {dagbag.py:540} INFO - Filling up the DagBag from /home/airflow/.local/lib/python3.8/site-packages/airflow/example_dags/example_latest_only.py
[2024-05-30T11:22:14.054+0000] {processor.py:840} INFO - DAG(s) 'latest_only' retrieved from /home/airflow/.local/lib/python3.8/site-packages/airflow/example_dags/example_latest_only.py
[2024-05-30T11:22:14.077+0000] {logging_mixin.py:188} INFO - [2024-05-30T11:22:14.077+0000] {dag.py:3047} INFO - Sync 1 DAGs
[2024-05-30T11:22:14.105+0000] {logging_mixin.py:188} INFO - [2024-05-30T11:22:14.104+0000] {dag.py:3834} INFO - Setting next_dagrun for latest_only to 2024-05-30 04:00:00+00:00, run_after=2024-05-30 08:00:00+00:00
[2024-05-30T11:22:14.130+0000] {processor.py:183} INFO - Processing /home/airflow/.local/lib/python3.8/site-packages/airflow/example_dags/example_latest_only.py took 0.089 seconds
[2024-05-30T11:22:44.793+0000] {processor.py:161} INFO - Started process (PID=837) to work on /home/airflow/.local/lib/python3.8/site-packages/airflow/example_dags/example_latest_only.py
[2024-05-30T11:22:44.794+0000] {processor.py:830} INFO - Processing file /home/airflow/.local/lib/python3.8/site-packages/airflow/example_dags/example_latest_only.py for tasks to queue
[2024-05-30T11:22:44.797+0000] {logging_mixin.py:188} INFO - [2024-05-30T11:22:44.796+0000] {dagbag.py:540} INFO - Filling up the DagBag from /home/airflow/.local/lib/python3.8/site-packages/airflow/example_dags/example_latest_only.py
[2024-05-30T11:22:44.804+0000] {processor.py:840} INFO - DAG(s) 'latest_only' retrieved from /home/airflow/.local/lib/python3.8/site-packages/airflow/example_dags/example_latest_only.py
[2024-05-30T11:22:44.833+0000] {logging_mixin.py:188} INFO - [2024-05-30T11:22:44.833+0000] {dag.py:3047} INFO - Sync 1 DAGs
[2024-05-30T11:22:44.867+0000] {logging_mixin.py:188} INFO - [2024-05-30T11:22:44.866+0000] {dag.py:3834} INFO - Setting next_dagrun for latest_only to 2024-05-30 04:00:00+00:00, run_after=2024-05-30 08:00:00+00:00
[2024-05-30T11:22:44.899+0000] {processor.py:183} INFO - Processing /home/airflow/.local/lib/python3.8/site-packages/airflow/example_dags/example_latest_only.py took 0.111 seconds
[2024-05-30T11:23:14.977+0000] {processor.py:161} INFO - Started process (PID=894) to work on /home/airflow/.local/lib/python3.8/site-packages/airflow/example_dags/example_latest_only.py
[2024-05-30T11:23:14.978+0000] {processor.py:830} INFO - Processing file /home/airflow/.local/lib/python3.8/site-packages/airflow/example_dags/example_latest_only.py for tasks to queue
[2024-05-30T11:23:14.981+0000] {logging_mixin.py:188} INFO - [2024-05-30T11:23:14.981+0000] {dagbag.py:540} INFO - Filling up the DagBag from /home/airflow/.local/lib/python3.8/site-packages/airflow/example_dags/example_latest_only.py
[2024-05-30T11:23:14.989+0000] {processor.py:840} INFO - DAG(s) 'latest_only' retrieved from /home/airflow/.local/lib/python3.8/site-packages/airflow/example_dags/example_latest_only.py
[2024-05-30T11:23:15.015+0000] {logging_mixin.py:188} INFO - [2024-05-30T11:23:15.014+0000] {dag.py:3047} INFO - Sync 1 DAGs
[2024-05-30T11:23:15.046+0000] {logging_mixin.py:188} INFO - [2024-05-30T11:23:15.046+0000] {dag.py:3834} INFO - Setting next_dagrun for latest_only to 2024-05-30 04:00:00+00:00, run_after=2024-05-30 08:00:00+00:00
[2024-05-30T11:23:15.087+0000] {processor.py:183} INFO - Processing /home/airflow/.local/lib/python3.8/site-packages/airflow/example_dags/example_latest_only.py took 0.113 seconds
[2024-05-30T11:23:45.640+0000] {processor.py:161} INFO - Started process (PID=951) to work on /home/airflow/.local/lib/python3.8/site-packages/airflow/example_dags/example_latest_only.py
[2024-05-30T11:23:45.642+0000] {processor.py:830} INFO - Processing file /home/airflow/.local/lib/python3.8/site-packages/airflow/example_dags/example_latest_only.py for tasks to queue
[2024-05-30T11:23:45.646+0000] {logging_mixin.py:188} INFO - [2024-05-30T11:23:45.645+0000] {dagbag.py:540} INFO - Filling up the DagBag from /home/airflow/.local/lib/python3.8/site-packages/airflow/example_dags/example_latest_only.py
[2024-05-30T11:23:45.654+0000] {processor.py:840} INFO - DAG(s) 'latest_only' retrieved from /home/airflow/.local/lib/python3.8/site-packages/airflow/example_dags/example_latest_only.py
[2024-05-30T11:23:45.684+0000] {logging_mixin.py:188} INFO - [2024-05-30T11:23:45.684+0000] {dag.py:3047} INFO - Sync 1 DAGs
[2024-05-30T11:23:45.720+0000] {logging_mixin.py:188} INFO - [2024-05-30T11:23:45.720+0000] {dag.py:3834} INFO - Setting next_dagrun for latest_only to 2024-05-30 04:00:00+00:00, run_after=2024-05-30 08:00:00+00:00
[2024-05-30T11:23:45.758+0000] {processor.py:183} INFO - Processing /home/airflow/.local/lib/python3.8/site-packages/airflow/example_dags/example_latest_only.py took 0.121 seconds
[2024-05-30T11:24:16.566+0000] {processor.py:161} INFO - Started process (PID=1014) to work on /home/airflow/.local/lib/python3.8/site-packages/airflow/example_dags/example_latest_only.py
[2024-05-30T11:24:16.568+0000] {processor.py:830} INFO - Processing file /home/airflow/.local/lib/python3.8/site-packages/airflow/example_dags/example_latest_only.py for tasks to queue
[2024-05-30T11:24:16.574+0000] {logging_mixin.py:188} INFO - [2024-05-30T11:24:16.571+0000] {dagbag.py:540} INFO - Filling up the DagBag from /home/airflow/.local/lib/python3.8/site-packages/airflow/example_dags/example_latest_only.py
[2024-05-30T11:24:16.587+0000] {processor.py:840} INFO - DAG(s) 'latest_only' retrieved from /home/airflow/.local/lib/python3.8/site-packages/airflow/example_dags/example_latest_only.py
[2024-05-30T11:24:16.648+0000] {logging_mixin.py:188} INFO - [2024-05-30T11:24:16.647+0000] {dag.py:3047} INFO - Sync 1 DAGs
[2024-05-30T11:24:16.729+0000] {logging_mixin.py:188} INFO - [2024-05-30T11:24:16.729+0000] {dag.py:3834} INFO - Setting next_dagrun for latest_only to 2024-05-30 04:00:00+00:00, run_after=2024-05-30 08:00:00+00:00
[2024-05-30T11:24:16.786+0000] {processor.py:183} INFO - Processing /home/airflow/.local/lib/python3.8/site-packages/airflow/example_dags/example_latest_only.py took 0.224 seconds
[2024-05-30T11:24:47.332+0000] {processor.py:161} INFO - Started process (PID=1071) to work on /home/airflow/.local/lib/python3.8/site-packages/airflow/example_dags/example_latest_only.py
[2024-05-30T11:24:47.334+0000] {processor.py:830} INFO - Processing file /home/airflow/.local/lib/python3.8/site-packages/airflow/example_dags/example_latest_only.py for tasks to queue
[2024-05-30T11:24:47.337+0000] {logging_mixin.py:188} INFO - [2024-05-30T11:24:47.336+0000] {dagbag.py:540} INFO - Filling up the DagBag from /home/airflow/.local/lib/python3.8/site-packages/airflow/example_dags/example_latest_only.py
[2024-05-30T11:24:47.345+0000] {processor.py:840} INFO - DAG(s) 'latest_only' retrieved from /home/airflow/.local/lib/python3.8/site-packages/airflow/example_dags/example_latest_only.py
[2024-05-30T11:24:47.370+0000] {logging_mixin.py:188} INFO - [2024-05-30T11:24:47.370+0000] {dag.py:3047} INFO - Sync 1 DAGs
[2024-05-30T11:24:47.403+0000] {logging_mixin.py:188} INFO - [2024-05-30T11:24:47.403+0000] {dag.py:3834} INFO - Setting next_dagrun for latest_only to 2024-05-30 04:00:00+00:00, run_after=2024-05-30 08:00:00+00:00
[2024-05-30T11:24:47.436+0000] {processor.py:183} INFO - Processing /home/airflow/.local/lib/python3.8/site-packages/airflow/example_dags/example_latest_only.py took 0.108 seconds
[2024-05-30T11:25:17.855+0000] {processor.py:161} INFO - Started process (PID=1128) to work on /home/airflow/.local/lib/python3.8/site-packages/airflow/example_dags/example_latest_only.py
[2024-05-30T11:25:17.857+0000] {processor.py:830} INFO - Processing file /home/airflow/.local/lib/python3.8/site-packages/airflow/example_dags/example_latest_only.py for tasks to queue
[2024-05-30T11:25:17.860+0000] {logging_mixin.py:188} INFO - [2024-05-30T11:25:17.859+0000] {dagbag.py:540} INFO - Filling up the DagBag from /home/airflow/.local/lib/python3.8/site-packages/airflow/example_dags/example_latest_only.py
[2024-05-30T11:25:17.866+0000] {processor.py:840} INFO - DAG(s) 'latest_only' retrieved from /home/airflow/.local/lib/python3.8/site-packages/airflow/example_dags/example_latest_only.py
[2024-05-30T11:25:17.893+0000] {logging_mixin.py:188} INFO - [2024-05-30T11:25:17.893+0000] {dag.py:3047} INFO - Sync 1 DAGs
[2024-05-30T11:25:17.927+0000] {logging_mixin.py:188} INFO - [2024-05-30T11:25:17.926+0000] {dag.py:3834} INFO - Setting next_dagrun for latest_only to 2024-05-30 04:00:00+00:00, run_after=2024-05-30 08:00:00+00:00
[2024-05-30T11:25:17.956+0000] {processor.py:183} INFO - Processing /home/airflow/.local/lib/python3.8/site-packages/airflow/example_dags/example_latest_only.py took 0.104 seconds
[2024-05-30T11:25:48.155+0000] {processor.py:161} INFO - Started process (PID=1185) to work on /home/airflow/.local/lib/python3.8/site-packages/airflow/example_dags/example_latest_only.py
[2024-05-30T11:25:48.156+0000] {processor.py:830} INFO - Processing file /home/airflow/.local/lib/python3.8/site-packages/airflow/example_dags/example_latest_only.py for tasks to queue
[2024-05-30T11:25:48.159+0000] {logging_mixin.py:188} INFO - [2024-05-30T11:25:48.159+0000] {dagbag.py:540} INFO - Filling up the DagBag from /home/airflow/.local/lib/python3.8/site-packages/airflow/example_dags/example_latest_only.py
[2024-05-30T11:25:48.165+0000] {processor.py:840} INFO - DAG(s) 'latest_only' retrieved from /home/airflow/.local/lib/python3.8/site-packages/airflow/example_dags/example_latest_only.py
[2024-05-30T11:25:48.200+0000] {logging_mixin.py:188} INFO - [2024-05-30T11:25:48.199+0000] {dag.py:3047} INFO - Sync 1 DAGs
[2024-05-30T11:25:48.248+0000] {logging_mixin.py:188} INFO - [2024-05-30T11:25:48.247+0000] {dag.py:3834} INFO - Setting next_dagrun for latest_only to 2024-05-30 04:00:00+00:00, run_after=2024-05-30 08:00:00+00:00
[2024-05-30T11:25:48.291+0000] {processor.py:183} INFO - Processing /home/airflow/.local/lib/python3.8/site-packages/airflow/example_dags/example_latest_only.py took 0.139 seconds
[2024-05-30T11:26:18.856+0000] {processor.py:161} INFO - Started process (PID=1242) to work on /home/airflow/.local/lib/python3.8/site-packages/airflow/example_dags/example_latest_only.py
[2024-05-30T11:26:18.857+0000] {processor.py:830} INFO - Processing file /home/airflow/.local/lib/python3.8/site-packages/airflow/example_dags/example_latest_only.py for tasks to queue
[2024-05-30T11:26:18.861+0000] {logging_mixin.py:188} INFO - [2024-05-30T11:26:18.860+0000] {dagbag.py:540} INFO - Filling up the DagBag from /home/airflow/.local/lib/python3.8/site-packages/airflow/example_dags/example_latest_only.py
[2024-05-30T11:26:18.868+0000] {processor.py:840} INFO - DAG(s) 'latest_only' retrieved from /home/airflow/.local/lib/python3.8/site-packages/airflow/example_dags/example_latest_only.py
[2024-05-30T11:26:18.907+0000] {logging_mixin.py:188} INFO - [2024-05-30T11:26:18.907+0000] {dag.py:3047} INFO - Sync 1 DAGs
[2024-05-30T11:26:18.948+0000] {logging_mixin.py:188} INFO - [2024-05-30T11:26:18.948+0000] {dag.py:3834} INFO - Setting next_dagrun for latest_only to 2024-05-30 04:00:00+00:00, run_after=2024-05-30 08:00:00+00:00
[2024-05-30T11:26:18.984+0000] {processor.py:183} INFO - Processing /home/airflow/.local/lib/python3.8/site-packages/airflow/example_dags/example_latest_only.py took 0.132 seconds
[2024-05-30T11:26:49.471+0000] {processor.py:161} INFO - Started process (PID=1299) to work on /home/airflow/.local/lib/python3.8/site-packages/airflow/example_dags/example_latest_only.py
[2024-05-30T11:26:49.473+0000] {processor.py:830} INFO - Processing file /home/airflow/.local/lib/python3.8/site-packages/airflow/example_dags/example_latest_only.py for tasks to queue
[2024-05-30T11:26:49.476+0000] {logging_mixin.py:188} INFO - [2024-05-30T11:26:49.475+0000] {dagbag.py:540} INFO - Filling up the DagBag from /home/airflow/.local/lib/python3.8/site-packages/airflow/example_dags/example_latest_only.py
[2024-05-30T11:26:49.485+0000] {processor.py:840} INFO - DAG(s) 'latest_only' retrieved from /home/airflow/.local/lib/python3.8/site-packages/airflow/example_dags/example_latest_only.py
[2024-05-30T11:26:49.528+0000] {logging_mixin.py:188} INFO - [2024-05-30T11:26:49.528+0000] {dag.py:3047} INFO - Sync 1 DAGs
[2024-05-30T11:26:49.585+0000] {logging_mixin.py:188} INFO - [2024-05-30T11:26:49.585+0000] {dag.py:3834} INFO - Setting next_dagrun for latest_only to 2024-05-30 04:00:00+00:00, run_after=2024-05-30 08:00:00+00:00
[2024-05-30T11:26:49.623+0000] {processor.py:183} INFO - Processing /home/airflow/.local/lib/python3.8/site-packages/airflow/example_dags/example_latest_only.py took 0.156 seconds
[2024-05-30T11:27:19.766+0000] {processor.py:161} INFO - Started process (PID=1356) to work on /home/airflow/.local/lib/python3.8/site-packages/airflow/example_dags/example_latest_only.py
[2024-05-30T11:27:19.768+0000] {processor.py:830} INFO - Processing file /home/airflow/.local/lib/python3.8/site-packages/airflow/example_dags/example_latest_only.py for tasks to queue
[2024-05-30T11:27:19.770+0000] {logging_mixin.py:188} INFO - [2024-05-30T11:27:19.770+0000] {dagbag.py:540} INFO - Filling up the DagBag from /home/airflow/.local/lib/python3.8/site-packages/airflow/example_dags/example_latest_only.py
[2024-05-30T11:27:19.777+0000] {processor.py:840} INFO - DAG(s) 'latest_only' retrieved from /home/airflow/.local/lib/python3.8/site-packages/airflow/example_dags/example_latest_only.py
[2024-05-30T11:27:19.809+0000] {logging_mixin.py:188} INFO - [2024-05-30T11:27:19.809+0000] {dag.py:3047} INFO - Sync 1 DAGs
[2024-05-30T11:27:19.852+0000] {logging_mixin.py:188} INFO - [2024-05-30T11:27:19.851+0000] {dag.py:3834} INFO - Setting next_dagrun for latest_only to 2024-05-30 04:00:00+00:00, run_after=2024-05-30 08:00:00+00:00
[2024-05-30T11:27:19.879+0000] {processor.py:183} INFO - Processing /home/airflow/.local/lib/python3.8/site-packages/airflow/example_dags/example_latest_only.py took 0.117 seconds
[2024-05-30T11:27:49.996+0000] {processor.py:161} INFO - Started process (PID=1413) to work on /home/airflow/.local/lib/python3.8/site-packages/airflow/example_dags/example_latest_only.py
[2024-05-30T11:27:49.997+0000] {processor.py:830} INFO - Processing file /home/airflow/.local/lib/python3.8/site-packages/airflow/example_dags/example_latest_only.py for tasks to queue
[2024-05-30T11:27:50.000+0000] {logging_mixin.py:188} INFO - [2024-05-30T11:27:49.999+0000] {dagbag.py:540} INFO - Filling up the DagBag from /home/airflow/.local/lib/python3.8/site-packages/airflow/example_dags/example_latest_only.py
[2024-05-30T11:27:50.008+0000] {processor.py:840} INFO - DAG(s) 'latest_only' retrieved from /home/airflow/.local/lib/python3.8/site-packages/airflow/example_dags/example_latest_only.py
[2024-05-30T11:27:50.033+0000] {logging_mixin.py:188} INFO - [2024-05-30T11:27:50.032+0000] {dag.py:3047} INFO - Sync 1 DAGs
[2024-05-30T11:27:50.067+0000] {logging_mixin.py:188} INFO - [2024-05-30T11:27:50.067+0000] {dag.py:3834} INFO - Setting next_dagrun for latest_only to 2024-05-30 04:00:00+00:00, run_after=2024-05-30 08:00:00+00:00
[2024-05-30T11:27:50.097+0000] {processor.py:183} INFO - Processing /home/airflow/.local/lib/python3.8/site-packages/airflow/example_dags/example_latest_only.py took 0.105 seconds
[2024-05-30T11:28:20.297+0000] {processor.py:161} INFO - Started process (PID=1470) to work on /home/airflow/.local/lib/python3.8/site-packages/airflow/example_dags/example_latest_only.py
[2024-05-30T11:28:20.299+0000] {processor.py:830} INFO - Processing file /home/airflow/.local/lib/python3.8/site-packages/airflow/example_dags/example_latest_only.py for tasks to queue
[2024-05-30T11:28:20.301+0000] {logging_mixin.py:188} INFO - [2024-05-30T11:28:20.300+0000] {dagbag.py:540} INFO - Filling up the DagBag from /home/airflow/.local/lib/python3.8/site-packages/airflow/example_dags/example_latest_only.py
[2024-05-30T11:28:20.307+0000] {processor.py:840} INFO - DAG(s) 'latest_only' retrieved from /home/airflow/.local/lib/python3.8/site-packages/airflow/example_dags/example_latest_only.py
[2024-05-30T11:28:20.348+0000] {logging_mixin.py:188} INFO - [2024-05-30T11:28:20.348+0000] {dag.py:3047} INFO - Sync 1 DAGs
[2024-05-30T11:28:20.408+0000] {logging_mixin.py:188} INFO - [2024-05-30T11:28:20.404+0000] {dag.py:3834} INFO - Setting next_dagrun for latest_only to 2024-05-30 04:00:00+00:00, run_after=2024-05-30 08:00:00+00:00
[2024-05-30T11:28:20.457+0000] {processor.py:183} INFO - Processing /home/airflow/.local/lib/python3.8/site-packages/airflow/example_dags/example_latest_only.py took 0.163 seconds
[2024-05-30T11:28:50.773+0000] {processor.py:161} INFO - Started process (PID=1527) to work on /home/airflow/.local/lib/python3.8/site-packages/airflow/example_dags/example_latest_only.py
[2024-05-30T11:28:50.774+0000] {processor.py:830} INFO - Processing file /home/airflow/.local/lib/python3.8/site-packages/airflow/example_dags/example_latest_only.py for tasks to queue
[2024-05-30T11:28:50.777+0000] {logging_mixin.py:188} INFO - [2024-05-30T11:28:50.777+0000] {dagbag.py:540} INFO - Filling up the DagBag from /home/airflow/.local/lib/python3.8/site-packages/airflow/example_dags/example_latest_only.py
[2024-05-30T11:28:50.786+0000] {processor.py:840} INFO - DAG(s) 'latest_only' retrieved from /home/airflow/.local/lib/python3.8/site-packages/airflow/example_dags/example_latest_only.py
[2024-05-30T11:28:50.817+0000] {logging_mixin.py:188} INFO - [2024-05-30T11:28:50.817+0000] {dag.py:3047} INFO - Sync 1 DAGs
[2024-05-30T11:28:50.858+0000] {logging_mixin.py:188} INFO - [2024-05-30T11:28:50.858+0000] {dag.py:3834} INFO - Setting next_dagrun for latest_only to 2024-05-30 04:00:00+00:00, run_after=2024-05-30 08:00:00+00:00
[2024-05-30T11:28:50.899+0000] {processor.py:183} INFO - Processing /home/airflow/.local/lib/python3.8/site-packages/airflow/example_dags/example_latest_only.py took 0.131 seconds
[2024-05-30T11:29:21.067+0000] {processor.py:161} INFO - Started process (PID=1584) to work on /home/airflow/.local/lib/python3.8/site-packages/airflow/example_dags/example_latest_only.py
[2024-05-30T11:29:21.069+0000] {processor.py:830} INFO - Processing file /home/airflow/.local/lib/python3.8/site-packages/airflow/example_dags/example_latest_only.py for tasks to queue
[2024-05-30T11:29:21.071+0000] {logging_mixin.py:188} INFO - [2024-05-30T11:29:21.071+0000] {dagbag.py:540} INFO - Filling up the DagBag from /home/airflow/.local/lib/python3.8/site-packages/airflow/example_dags/example_latest_only.py
[2024-05-30T11:29:21.076+0000] {processor.py:840} INFO - DAG(s) 'latest_only' retrieved from /home/airflow/.local/lib/python3.8/site-packages/airflow/example_dags/example_latest_only.py
[2024-05-30T11:29:21.101+0000] {logging_mixin.py:188} INFO - [2024-05-30T11:29:21.101+0000] {dag.py:3047} INFO - Sync 1 DAGs
[2024-05-30T11:29:21.138+0000] {logging_mixin.py:188} INFO - [2024-05-30T11:29:21.138+0000] {dag.py:3834} INFO - Setting next_dagrun for latest_only to 2024-05-30 04:00:00+00:00, run_after=2024-05-30 08:00:00+00:00
[2024-05-30T11:29:21.168+0000] {processor.py:183} INFO - Processing /home/airflow/.local/lib/python3.8/site-packages/airflow/example_dags/example_latest_only.py took 0.104 seconds
[2024-05-30T11:29:51.296+0000] {processor.py:161} INFO - Started process (PID=1641) to work on /home/airflow/.local/lib/python3.8/site-packages/airflow/example_dags/example_latest_only.py
[2024-05-30T11:29:51.298+0000] {processor.py:830} INFO - Processing file /home/airflow/.local/lib/python3.8/site-packages/airflow/example_dags/example_latest_only.py for tasks to queue
[2024-05-30T11:29:51.300+0000] {logging_mixin.py:188} INFO - [2024-05-30T11:29:51.300+0000] {dagbag.py:540} INFO - Filling up the DagBag from /home/airflow/.local/lib/python3.8/site-packages/airflow/example_dags/example_latest_only.py
[2024-05-30T11:29:51.306+0000] {processor.py:840} INFO - DAG(s) 'latest_only' retrieved from /home/airflow/.local/lib/python3.8/site-packages/airflow/example_dags/example_latest_only.py
[2024-05-30T11:29:51.335+0000] {logging_mixin.py:188} INFO - [2024-05-30T11:29:51.334+0000] {dag.py:3047} INFO - Sync 1 DAGs
[2024-05-30T11:29:51.381+0000] {logging_mixin.py:188} INFO - [2024-05-30T11:29:51.380+0000] {dag.py:3834} INFO - Setting next_dagrun for latest_only to 2024-05-30 04:00:00+00:00, run_after=2024-05-30 08:00:00+00:00
[2024-05-30T11:29:51.412+0000] {processor.py:183} INFO - Processing /home/airflow/.local/lib/python3.8/site-packages/airflow/example_dags/example_latest_only.py took 0.120 seconds
[2024-05-30T11:30:21.723+0000] {processor.py:161} INFO - Started process (PID=1698) to work on /home/airflow/.local/lib/python3.8/site-packages/airflow/example_dags/example_latest_only.py
[2024-05-30T11:30:21.724+0000] {processor.py:830} INFO - Processing file /home/airflow/.local/lib/python3.8/site-packages/airflow/example_dags/example_latest_only.py for tasks to queue
[2024-05-30T11:30:21.726+0000] {logging_mixin.py:188} INFO - [2024-05-30T11:30:21.726+0000] {dagbag.py:540} INFO - Filling up the DagBag from /home/airflow/.local/lib/python3.8/site-packages/airflow/example_dags/example_latest_only.py
[2024-05-30T11:30:21.731+0000] {processor.py:840} INFO - DAG(s) 'latest_only' retrieved from /home/airflow/.local/lib/python3.8/site-packages/airflow/example_dags/example_latest_only.py
[2024-05-30T11:30:21.751+0000] {logging_mixin.py:188} INFO - [2024-05-30T11:30:21.751+0000] {dag.py:3047} INFO - Sync 1 DAGs
[2024-05-30T11:30:21.778+0000] {logging_mixin.py:188} INFO - [2024-05-30T11:30:21.777+0000] {dag.py:3834} INFO - Setting next_dagrun for latest_only to 2024-05-30 04:00:00+00:00, run_after=2024-05-30 08:00:00+00:00
[2024-05-30T11:30:21.804+0000] {processor.py:183} INFO - Processing /home/airflow/.local/lib/python3.8/site-packages/airflow/example_dags/example_latest_only.py took 0.084 seconds
[2024-05-30T11:30:52.140+0000] {processor.py:161} INFO - Started process (PID=1755) to work on /home/airflow/.local/lib/python3.8/site-packages/airflow/example_dags/example_latest_only.py
[2024-05-30T11:30:52.141+0000] {processor.py:830} INFO - Processing file /home/airflow/.local/lib/python3.8/site-packages/airflow/example_dags/example_latest_only.py for tasks to queue
[2024-05-30T11:30:52.143+0000] {logging_mixin.py:188} INFO - [2024-05-30T11:30:52.143+0000] {dagbag.py:540} INFO - Filling up the DagBag from /home/airflow/.local/lib/python3.8/site-packages/airflow/example_dags/example_latest_only.py
[2024-05-30T11:30:52.149+0000] {processor.py:840} INFO - DAG(s) 'latest_only' retrieved from /home/airflow/.local/lib/python3.8/site-packages/airflow/example_dags/example_latest_only.py
[2024-05-30T11:30:52.173+0000] {logging_mixin.py:188} INFO - [2024-05-30T11:30:52.173+0000] {dag.py:3047} INFO - Sync 1 DAGs
[2024-05-30T11:30:52.208+0000] {logging_mixin.py:188} INFO - [2024-05-30T11:30:52.208+0000] {dag.py:3834} INFO - Setting next_dagrun for latest_only to 2024-05-30 04:00:00+00:00, run_after=2024-05-30 08:00:00+00:00
[2024-05-30T11:30:52.245+0000] {processor.py:183} INFO - Processing /home/airflow/.local/lib/python3.8/site-packages/airflow/example_dags/example_latest_only.py took 0.110 seconds
[2024-05-30T11:31:22.795+0000] {processor.py:161} INFO - Started process (PID=1812) to work on /home/airflow/.local/lib/python3.8/site-packages/airflow/example_dags/example_latest_only.py
[2024-05-30T11:31:22.797+0000] {processor.py:830} INFO - Processing file /home/airflow/.local/lib/python3.8/site-packages/airflow/example_dags/example_latest_only.py for tasks to queue
[2024-05-30T11:31:22.800+0000] {logging_mixin.py:188} INFO - [2024-05-30T11:31:22.799+0000] {dagbag.py:540} INFO - Filling up the DagBag from /home/airflow/.local/lib/python3.8/site-packages/airflow/example_dags/example_latest_only.py
[2024-05-30T11:31:22.805+0000] {processor.py:840} INFO - DAG(s) 'latest_only' retrieved from /home/airflow/.local/lib/python3.8/site-packages/airflow/example_dags/example_latest_only.py
[2024-05-30T11:31:22.830+0000] {logging_mixin.py:188} INFO - [2024-05-30T11:31:22.829+0000] {dag.py:3047} INFO - Sync 1 DAGs
[2024-05-30T11:31:22.871+0000] {logging_mixin.py:188} INFO - [2024-05-30T11:31:22.870+0000] {dag.py:3834} INFO - Setting next_dagrun for latest_only to 2024-05-30 04:00:00+00:00, run_after=2024-05-30 08:00:00+00:00
[2024-05-30T11:31:22.912+0000] {processor.py:183} INFO - Processing /home/airflow/.local/lib/python3.8/site-packages/airflow/example_dags/example_latest_only.py took 0.119 seconds
[2024-05-30T11:31:53.023+0000] {processor.py:161} INFO - Started process (PID=1869) to work on /home/airflow/.local/lib/python3.8/site-packages/airflow/example_dags/example_latest_only.py
[2024-05-30T11:31:53.024+0000] {processor.py:830} INFO - Processing file /home/airflow/.local/lib/python3.8/site-packages/airflow/example_dags/example_latest_only.py for tasks to queue
[2024-05-30T11:31:53.026+0000] {logging_mixin.py:188} INFO - [2024-05-30T11:31:53.025+0000] {dagbag.py:540} INFO - Filling up the DagBag from /home/airflow/.local/lib/python3.8/site-packages/airflow/example_dags/example_latest_only.py
[2024-05-30T11:31:53.031+0000] {processor.py:840} INFO - DAG(s) 'latest_only' retrieved from /home/airflow/.local/lib/python3.8/site-packages/airflow/example_dags/example_latest_only.py
[2024-05-30T11:31:53.055+0000] {logging_mixin.py:188} INFO - [2024-05-30T11:31:53.055+0000] {dag.py:3047} INFO - Sync 1 DAGs
[2024-05-30T11:31:53.085+0000] {logging_mixin.py:188} INFO - [2024-05-30T11:31:53.085+0000] {dag.py:3834} INFO - Setting next_dagrun for latest_only to 2024-05-30 04:00:00+00:00, run_after=2024-05-30 08:00:00+00:00
[2024-05-30T11:31:53.113+0000] {processor.py:183} INFO - Processing /home/airflow/.local/lib/python3.8/site-packages/airflow/example_dags/example_latest_only.py took 0.093 seconds
