[2024-05-30T11:15:42.858+0000] {processor.py:161} INFO - Started process (PID=70) to work on /home/airflow/.local/lib/python3.8/site-packages/airflow/example_dags/example_sensors.py
[2024-05-30T11:15:42.859+0000] {processor.py:830} INFO - Processing file /home/airflow/.local/lib/python3.8/site-packages/airflow/example_dags/example_sensors.py for tasks to queue
[2024-05-30T11:15:42.862+0000] {logging_mixin.py:188} INFO - [2024-05-30T11:15:42.861+0000] {dagbag.py:540} INFO - Filling up the DagBag from /home/airflow/.local/lib/python3.8/site-packages/airflow/example_dags/example_sensors.py
[2024-05-30T11:15:42.880+0000] {processor.py:840} INFO - DAG(s) 'example_sensors' retrieved from /home/airflow/.local/lib/python3.8/site-packages/airflow/example_dags/example_sensors.py
[2024-05-30T11:15:42.923+0000] {logging_mixin.py:188} INFO - [2024-05-30T11:15:42.922+0000] {dag.py:3047} INFO - Sync 1 DAGs
[2024-05-30T11:15:42.945+0000] {logging_mixin.py:188} INFO - [2024-05-30T11:15:42.945+0000] {dag.py:3834} INFO - Setting next_dagrun for example_sensors to None, run_after=None
[2024-05-30T11:15:42.978+0000] {processor.py:183} INFO - Processing /home/airflow/.local/lib/python3.8/site-packages/airflow/example_dags/example_sensors.py took 0.125 seconds
[2024-05-30T11:16:13.138+0000] {processor.py:161} INFO - Started process (PID=127) to work on /home/airflow/.local/lib/python3.8/site-packages/airflow/example_dags/example_sensors.py
[2024-05-30T11:16:13.139+0000] {processor.py:830} INFO - Processing file /home/airflow/.local/lib/python3.8/site-packages/airflow/example_dags/example_sensors.py for tasks to queue
[2024-05-30T11:16:13.141+0000] {logging_mixin.py:188} INFO - [2024-05-30T11:16:13.140+0000] {dagbag.py:540} INFO - Filling up the DagBag from /home/airflow/.local/lib/python3.8/site-packages/airflow/example_dags/example_sensors.py
[2024-05-30T11:16:13.150+0000] {processor.py:840} INFO - DAG(s) 'example_sensors' retrieved from /home/airflow/.local/lib/python3.8/site-packages/airflow/example_dags/example_sensors.py
[2024-05-30T11:16:13.183+0000] {logging_mixin.py:188} INFO - [2024-05-30T11:16:13.182+0000] {dag.py:3047} INFO - Sync 1 DAGs
[2024-05-30T11:16:13.197+0000] {logging_mixin.py:188} INFO - [2024-05-30T11:16:13.196+0000] {dag.py:3834} INFO - Setting next_dagrun for example_sensors to None, run_after=None
[2024-05-30T11:16:13.225+0000] {processor.py:183} INFO - Processing /home/airflow/.local/lib/python3.8/site-packages/airflow/example_dags/example_sensors.py took 0.090 seconds
[2024-05-30T11:16:43.498+0000] {processor.py:161} INFO - Started process (PID=184) to work on /home/airflow/.local/lib/python3.8/site-packages/airflow/example_dags/example_sensors.py
[2024-05-30T11:16:43.500+0000] {processor.py:830} INFO - Processing file /home/airflow/.local/lib/python3.8/site-packages/airflow/example_dags/example_sensors.py for tasks to queue
[2024-05-30T11:16:43.502+0000] {logging_mixin.py:188} INFO - [2024-05-30T11:16:43.501+0000] {dagbag.py:540} INFO - Filling up the DagBag from /home/airflow/.local/lib/python3.8/site-packages/airflow/example_dags/example_sensors.py
[2024-05-30T11:16:43.514+0000] {processor.py:840} INFO - DAG(s) 'example_sensors' retrieved from /home/airflow/.local/lib/python3.8/site-packages/airflow/example_dags/example_sensors.py
[2024-05-30T11:16:43.542+0000] {logging_mixin.py:188} INFO - [2024-05-30T11:16:43.542+0000] {dag.py:3047} INFO - Sync 1 DAGs
[2024-05-30T11:16:43.559+0000] {logging_mixin.py:188} INFO - [2024-05-30T11:16:43.559+0000] {dag.py:3834} INFO - Setting next_dagrun for example_sensors to None, run_after=None
[2024-05-30T11:16:43.588+0000] {processor.py:183} INFO - Processing /home/airflow/.local/lib/python3.8/site-packages/airflow/example_dags/example_sensors.py took 0.093 seconds
[2024-05-30T11:17:13.725+0000] {processor.py:161} INFO - Started process (PID=240) to work on /home/airflow/.local/lib/python3.8/site-packages/airflow/example_dags/example_sensors.py
[2024-05-30T11:17:13.726+0000] {processor.py:830} INFO - Processing file /home/airflow/.local/lib/python3.8/site-packages/airflow/example_dags/example_sensors.py for tasks to queue
[2024-05-30T11:17:13.728+0000] {logging_mixin.py:188} INFO - [2024-05-30T11:17:13.728+0000] {dagbag.py:540} INFO - Filling up the DagBag from /home/airflow/.local/lib/python3.8/site-packages/airflow/example_dags/example_sensors.py
[2024-05-30T11:17:13.737+0000] {processor.py:840} INFO - DAG(s) 'example_sensors' retrieved from /home/airflow/.local/lib/python3.8/site-packages/airflow/example_dags/example_sensors.py
[2024-05-30T11:17:13.764+0000] {logging_mixin.py:188} INFO - [2024-05-30T11:17:13.763+0000] {dag.py:3047} INFO - Sync 1 DAGs
[2024-05-30T11:17:13.781+0000] {logging_mixin.py:188} INFO - [2024-05-30T11:17:13.781+0000] {dag.py:3834} INFO - Setting next_dagrun for example_sensors to None, run_after=None
[2024-05-30T11:17:13.803+0000] {processor.py:183} INFO - Processing /home/airflow/.local/lib/python3.8/site-packages/airflow/example_dags/example_sensors.py took 0.081 seconds
[2024-05-30T11:17:45.179+0000] {processor.py:161} INFO - Started process (PID=298) to work on /home/airflow/.local/lib/python3.8/site-packages/airflow/example_dags/example_sensors.py
[2024-05-30T11:17:45.180+0000] {processor.py:830} INFO - Processing file /home/airflow/.local/lib/python3.8/site-packages/airflow/example_dags/example_sensors.py for tasks to queue
[2024-05-30T11:17:45.182+0000] {logging_mixin.py:188} INFO - [2024-05-30T11:17:45.182+0000] {dagbag.py:540} INFO - Filling up the DagBag from /home/airflow/.local/lib/python3.8/site-packages/airflow/example_dags/example_sensors.py
[2024-05-30T11:17:45.192+0000] {processor.py:840} INFO - DAG(s) 'example_sensors' retrieved from /home/airflow/.local/lib/python3.8/site-packages/airflow/example_dags/example_sensors.py
[2024-05-30T11:17:45.222+0000] {logging_mixin.py:188} INFO - [2024-05-30T11:17:45.222+0000] {dag.py:3047} INFO - Sync 1 DAGs
[2024-05-30T11:17:45.239+0000] {logging_mixin.py:188} INFO - [2024-05-30T11:17:45.239+0000] {dag.py:3834} INFO - Setting next_dagrun for example_sensors to None, run_after=None
[2024-05-30T11:17:45.268+0000] {processor.py:183} INFO - Processing /home/airflow/.local/lib/python3.8/site-packages/airflow/example_dags/example_sensors.py took 0.091 seconds
[2024-05-30T11:18:15.474+0000] {processor.py:161} INFO - Started process (PID=355) to work on /home/airflow/.local/lib/python3.8/site-packages/airflow/example_dags/example_sensors.py
[2024-05-30T11:18:15.476+0000] {processor.py:830} INFO - Processing file /home/airflow/.local/lib/python3.8/site-packages/airflow/example_dags/example_sensors.py for tasks to queue
[2024-05-30T11:18:15.478+0000] {logging_mixin.py:188} INFO - [2024-05-30T11:18:15.478+0000] {dagbag.py:540} INFO - Filling up the DagBag from /home/airflow/.local/lib/python3.8/site-packages/airflow/example_dags/example_sensors.py
[2024-05-30T11:18:15.496+0000] {processor.py:840} INFO - DAG(s) 'example_sensors' retrieved from /home/airflow/.local/lib/python3.8/site-packages/airflow/example_dags/example_sensors.py
[2024-05-30T11:18:15.565+0000] {logging_mixin.py:188} INFO - [2024-05-30T11:18:15.564+0000] {dag.py:3047} INFO - Sync 1 DAGs
[2024-05-30T11:18:15.603+0000] {logging_mixin.py:188} INFO - [2024-05-30T11:18:15.603+0000] {dag.py:3834} INFO - Setting next_dagrun for example_sensors to None, run_after=None
[2024-05-30T11:18:15.644+0000] {processor.py:183} INFO - Processing /home/airflow/.local/lib/python3.8/site-packages/airflow/example_dags/example_sensors.py took 0.173 seconds
[2024-05-30T11:18:46.005+0000] {processor.py:161} INFO - Started process (PID=418) to work on /home/airflow/.local/lib/python3.8/site-packages/airflow/example_dags/example_sensors.py
[2024-05-30T11:18:46.007+0000] {processor.py:830} INFO - Processing file /home/airflow/.local/lib/python3.8/site-packages/airflow/example_dags/example_sensors.py for tasks to queue
[2024-05-30T11:18:46.011+0000] {logging_mixin.py:188} INFO - [2024-05-30T11:18:46.010+0000] {dagbag.py:540} INFO - Filling up the DagBag from /home/airflow/.local/lib/python3.8/site-packages/airflow/example_dags/example_sensors.py
[2024-05-30T11:18:46.024+0000] {processor.py:840} INFO - DAG(s) 'example_sensors' retrieved from /home/airflow/.local/lib/python3.8/site-packages/airflow/example_dags/example_sensors.py
[2024-05-30T11:18:46.074+0000] {logging_mixin.py:188} INFO - [2024-05-30T11:18:46.073+0000] {dag.py:3047} INFO - Sync 1 DAGs
[2024-05-30T11:18:46.092+0000] {logging_mixin.py:188} INFO - [2024-05-30T11:18:46.091+0000] {dag.py:3834} INFO - Setting next_dagrun for example_sensors to None, run_after=None
[2024-05-30T11:18:46.118+0000] {processor.py:183} INFO - Processing /home/airflow/.local/lib/python3.8/site-packages/airflow/example_dags/example_sensors.py took 0.118 seconds
[2024-05-30T11:19:16.888+0000] {processor.py:161} INFO - Started process (PID=475) to work on /home/airflow/.local/lib/python3.8/site-packages/airflow/example_dags/example_sensors.py
[2024-05-30T11:19:16.889+0000] {processor.py:830} INFO - Processing file /home/airflow/.local/lib/python3.8/site-packages/airflow/example_dags/example_sensors.py for tasks to queue
[2024-05-30T11:19:16.891+0000] {logging_mixin.py:188} INFO - [2024-05-30T11:19:16.891+0000] {dagbag.py:540} INFO - Filling up the DagBag from /home/airflow/.local/lib/python3.8/site-packages/airflow/example_dags/example_sensors.py
[2024-05-30T11:19:16.903+0000] {processor.py:840} INFO - DAG(s) 'example_sensors' retrieved from /home/airflow/.local/lib/python3.8/site-packages/airflow/example_dags/example_sensors.py
[2024-05-30T11:19:16.932+0000] {logging_mixin.py:188} INFO - [2024-05-30T11:19:16.931+0000] {dag.py:3047} INFO - Sync 1 DAGs
[2024-05-30T11:19:16.946+0000] {logging_mixin.py:188} INFO - [2024-05-30T11:19:16.945+0000] {dag.py:3834} INFO - Setting next_dagrun for example_sensors to None, run_after=None
[2024-05-30T11:19:16.968+0000] {processor.py:183} INFO - Processing /home/airflow/.local/lib/python3.8/site-packages/airflow/example_dags/example_sensors.py took 0.084 seconds
[2024-05-30T11:19:47.540+0000] {processor.py:161} INFO - Started process (PID=532) to work on /home/airflow/.local/lib/python3.8/site-packages/airflow/example_dags/example_sensors.py
[2024-05-30T11:19:47.541+0000] {processor.py:830} INFO - Processing file /home/airflow/.local/lib/python3.8/site-packages/airflow/example_dags/example_sensors.py for tasks to queue
[2024-05-30T11:19:47.543+0000] {logging_mixin.py:188} INFO - [2024-05-30T11:19:47.542+0000] {dagbag.py:540} INFO - Filling up the DagBag from /home/airflow/.local/lib/python3.8/site-packages/airflow/example_dags/example_sensors.py
[2024-05-30T11:19:47.553+0000] {processor.py:840} INFO - DAG(s) 'example_sensors' retrieved from /home/airflow/.local/lib/python3.8/site-packages/airflow/example_dags/example_sensors.py
[2024-05-30T11:19:47.581+0000] {logging_mixin.py:188} INFO - [2024-05-30T11:19:47.581+0000] {dag.py:3047} INFO - Sync 1 DAGs
[2024-05-30T11:19:47.595+0000] {logging_mixin.py:188} INFO - [2024-05-30T11:19:47.594+0000] {dag.py:3834} INFO - Setting next_dagrun for example_sensors to None, run_after=None
[2024-05-30T11:19:47.618+0000] {processor.py:183} INFO - Processing /home/airflow/.local/lib/python3.8/site-packages/airflow/example_dags/example_sensors.py took 0.080 seconds
[2024-05-30T11:20:19.141+0000] {processor.py:161} INFO - Started process (PID=589) to work on /home/airflow/.local/lib/python3.8/site-packages/airflow/example_dags/example_sensors.py
[2024-05-30T11:20:19.143+0000] {processor.py:830} INFO - Processing file /home/airflow/.local/lib/python3.8/site-packages/airflow/example_dags/example_sensors.py for tasks to queue
[2024-05-30T11:20:19.145+0000] {logging_mixin.py:188} INFO - [2024-05-30T11:20:19.145+0000] {dagbag.py:540} INFO - Filling up the DagBag from /home/airflow/.local/lib/python3.8/site-packages/airflow/example_dags/example_sensors.py
[2024-05-30T11:20:19.156+0000] {processor.py:840} INFO - DAG(s) 'example_sensors' retrieved from /home/airflow/.local/lib/python3.8/site-packages/airflow/example_dags/example_sensors.py
[2024-05-30T11:20:19.190+0000] {logging_mixin.py:188} INFO - [2024-05-30T11:20:19.189+0000] {dag.py:3047} INFO - Sync 1 DAGs
[2024-05-30T11:20:19.206+0000] {logging_mixin.py:188} INFO - [2024-05-30T11:20:19.206+0000] {dag.py:3834} INFO - Setting next_dagrun for example_sensors to None, run_after=None
[2024-05-30T11:20:19.234+0000] {processor.py:183} INFO - Processing /home/airflow/.local/lib/python3.8/site-packages/airflow/example_dags/example_sensors.py took 0.096 seconds
[2024-05-30T11:20:50.056+0000] {processor.py:161} INFO - Started process (PID=646) to work on /home/airflow/.local/lib/python3.8/site-packages/airflow/example_dags/example_sensors.py
[2024-05-30T11:20:50.058+0000] {processor.py:830} INFO - Processing file /home/airflow/.local/lib/python3.8/site-packages/airflow/example_dags/example_sensors.py for tasks to queue
[2024-05-30T11:20:50.063+0000] {logging_mixin.py:188} INFO - [2024-05-30T11:20:50.062+0000] {dagbag.py:540} INFO - Filling up the DagBag from /home/airflow/.local/lib/python3.8/site-packages/airflow/example_dags/example_sensors.py
[2024-05-30T11:20:50.083+0000] {processor.py:840} INFO - DAG(s) 'example_sensors' retrieved from /home/airflow/.local/lib/python3.8/site-packages/airflow/example_dags/example_sensors.py
[2024-05-30T11:20:50.144+0000] {logging_mixin.py:188} INFO - [2024-05-30T11:20:50.143+0000] {dag.py:3047} INFO - Sync 1 DAGs
[2024-05-30T11:20:50.182+0000] {logging_mixin.py:188} INFO - [2024-05-30T11:20:50.181+0000] {dag.py:3834} INFO - Setting next_dagrun for example_sensors to None, run_after=None
[2024-05-30T11:20:50.232+0000] {processor.py:183} INFO - Processing /home/airflow/.local/lib/python3.8/site-packages/airflow/example_dags/example_sensors.py took 0.180 seconds
[2024-05-30T11:21:20.291+0000] {processor.py:161} INFO - Started process (PID=701) to work on /home/airflow/.local/lib/python3.8/site-packages/airflow/example_dags/example_sensors.py
[2024-05-30T11:21:20.293+0000] {processor.py:830} INFO - Processing file /home/airflow/.local/lib/python3.8/site-packages/airflow/example_dags/example_sensors.py for tasks to queue
[2024-05-30T11:21:20.296+0000] {logging_mixin.py:188} INFO - [2024-05-30T11:21:20.295+0000] {dagbag.py:540} INFO - Filling up the DagBag from /home/airflow/.local/lib/python3.8/site-packages/airflow/example_dags/example_sensors.py
[2024-05-30T11:21:20.316+0000] {processor.py:840} INFO - DAG(s) 'example_sensors' retrieved from /home/airflow/.local/lib/python3.8/site-packages/airflow/example_dags/example_sensors.py
[2024-05-30T11:21:20.359+0000] {logging_mixin.py:188} INFO - [2024-05-30T11:21:20.359+0000] {dag.py:3047} INFO - Sync 1 DAGs
[2024-05-30T11:21:20.375+0000] {logging_mixin.py:188} INFO - [2024-05-30T11:21:20.374+0000] {dag.py:3834} INFO - Setting next_dagrun for example_sensors to None, run_after=None
[2024-05-30T11:21:20.403+0000] {processor.py:183} INFO - Processing /home/airflow/.local/lib/python3.8/site-packages/airflow/example_dags/example_sensors.py took 0.115 seconds
[2024-05-30T11:21:50.979+0000] {processor.py:161} INFO - Started process (PID=758) to work on /home/airflow/.local/lib/python3.8/site-packages/airflow/example_dags/example_sensors.py
[2024-05-30T11:21:50.980+0000] {processor.py:830} INFO - Processing file /home/airflow/.local/lib/python3.8/site-packages/airflow/example_dags/example_sensors.py for tasks to queue
[2024-05-30T11:21:50.982+0000] {logging_mixin.py:188} INFO - [2024-05-30T11:21:50.982+0000] {dagbag.py:540} INFO - Filling up the DagBag from /home/airflow/.local/lib/python3.8/site-packages/airflow/example_dags/example_sensors.py
[2024-05-30T11:21:50.992+0000] {processor.py:840} INFO - DAG(s) 'example_sensors' retrieved from /home/airflow/.local/lib/python3.8/site-packages/airflow/example_dags/example_sensors.py
[2024-05-30T11:21:51.023+0000] {logging_mixin.py:188} INFO - [2024-05-30T11:21:51.023+0000] {dag.py:3047} INFO - Sync 1 DAGs
[2024-05-30T11:21:51.039+0000] {logging_mixin.py:188} INFO - [2024-05-30T11:21:51.039+0000] {dag.py:3834} INFO - Setting next_dagrun for example_sensors to None, run_after=None
[2024-05-30T11:21:51.070+0000] {processor.py:183} INFO - Processing /home/airflow/.local/lib/python3.8/site-packages/airflow/example_dags/example_sensors.py took 0.094 seconds
[2024-05-30T11:22:21.139+0000] {processor.py:161} INFO - Started process (PID=814) to work on /home/airflow/.local/lib/python3.8/site-packages/airflow/example_dags/example_sensors.py
[2024-05-30T11:22:21.140+0000] {processor.py:830} INFO - Processing file /home/airflow/.local/lib/python3.8/site-packages/airflow/example_dags/example_sensors.py for tasks to queue
[2024-05-30T11:22:21.143+0000] {logging_mixin.py:188} INFO - [2024-05-30T11:22:21.142+0000] {dagbag.py:540} INFO - Filling up the DagBag from /home/airflow/.local/lib/python3.8/site-packages/airflow/example_dags/example_sensors.py
[2024-05-30T11:22:21.153+0000] {processor.py:840} INFO - DAG(s) 'example_sensors' retrieved from /home/airflow/.local/lib/python3.8/site-packages/airflow/example_dags/example_sensors.py
[2024-05-30T11:22:21.182+0000] {logging_mixin.py:188} INFO - [2024-05-30T11:22:21.182+0000] {dag.py:3047} INFO - Sync 1 DAGs
[2024-05-30T11:22:21.200+0000] {logging_mixin.py:188} INFO - [2024-05-30T11:22:21.199+0000] {dag.py:3834} INFO - Setting next_dagrun for example_sensors to None, run_after=None
[2024-05-30T11:22:21.230+0000] {processor.py:183} INFO - Processing /home/airflow/.local/lib/python3.8/site-packages/airflow/example_dags/example_sensors.py took 0.094 seconds
[2024-05-30T11:22:51.833+0000] {processor.py:161} INFO - Started process (PID=871) to work on /home/airflow/.local/lib/python3.8/site-packages/airflow/example_dags/example_sensors.py
[2024-05-30T11:22:51.834+0000] {processor.py:830} INFO - Processing file /home/airflow/.local/lib/python3.8/site-packages/airflow/example_dags/example_sensors.py for tasks to queue
[2024-05-30T11:22:51.837+0000] {logging_mixin.py:188} INFO - [2024-05-30T11:22:51.836+0000] {dagbag.py:540} INFO - Filling up the DagBag from /home/airflow/.local/lib/python3.8/site-packages/airflow/example_dags/example_sensors.py
[2024-05-30T11:22:51.850+0000] {processor.py:840} INFO - DAG(s) 'example_sensors' retrieved from /home/airflow/.local/lib/python3.8/site-packages/airflow/example_dags/example_sensors.py
[2024-05-30T11:22:51.887+0000] {logging_mixin.py:188} INFO - [2024-05-30T11:22:51.887+0000] {dag.py:3047} INFO - Sync 1 DAGs
[2024-05-30T11:22:51.905+0000] {logging_mixin.py:188} INFO - [2024-05-30T11:22:51.905+0000] {dag.py:3834} INFO - Setting next_dagrun for example_sensors to None, run_after=None
[2024-05-30T11:22:51.940+0000] {processor.py:183} INFO - Processing /home/airflow/.local/lib/python3.8/site-packages/airflow/example_dags/example_sensors.py took 0.111 seconds
[2024-05-30T11:23:22.764+0000] {processor.py:161} INFO - Started process (PID=929) to work on /home/airflow/.local/lib/python3.8/site-packages/airflow/example_dags/example_sensors.py
[2024-05-30T11:23:22.765+0000] {processor.py:830} INFO - Processing file /home/airflow/.local/lib/python3.8/site-packages/airflow/example_dags/example_sensors.py for tasks to queue
[2024-05-30T11:23:22.768+0000] {logging_mixin.py:188} INFO - [2024-05-30T11:23:22.767+0000] {dagbag.py:540} INFO - Filling up the DagBag from /home/airflow/.local/lib/python3.8/site-packages/airflow/example_dags/example_sensors.py
[2024-05-30T11:23:22.781+0000] {processor.py:840} INFO - DAG(s) 'example_sensors' retrieved from /home/airflow/.local/lib/python3.8/site-packages/airflow/example_dags/example_sensors.py
[2024-05-30T11:23:22.814+0000] {logging_mixin.py:188} INFO - [2024-05-30T11:23:22.813+0000] {dag.py:3047} INFO - Sync 1 DAGs
[2024-05-30T11:23:22.830+0000] {logging_mixin.py:188} INFO - [2024-05-30T11:23:22.830+0000] {dag.py:3834} INFO - Setting next_dagrun for example_sensors to None, run_after=None
[2024-05-30T11:23:22.857+0000] {processor.py:183} INFO - Processing /home/airflow/.local/lib/python3.8/site-packages/airflow/example_dags/example_sensors.py took 0.096 seconds
[2024-05-30T11:23:53.755+0000] {processor.py:161} INFO - Started process (PID=986) to work on /home/airflow/.local/lib/python3.8/site-packages/airflow/example_dags/example_sensors.py
[2024-05-30T11:23:53.757+0000] {processor.py:830} INFO - Processing file /home/airflow/.local/lib/python3.8/site-packages/airflow/example_dags/example_sensors.py for tasks to queue
[2024-05-30T11:23:53.759+0000] {logging_mixin.py:188} INFO - [2024-05-30T11:23:53.759+0000] {dagbag.py:540} INFO - Filling up the DagBag from /home/airflow/.local/lib/python3.8/site-packages/airflow/example_dags/example_sensors.py
[2024-05-30T11:23:53.772+0000] {processor.py:840} INFO - DAG(s) 'example_sensors' retrieved from /home/airflow/.local/lib/python3.8/site-packages/airflow/example_dags/example_sensors.py
[2024-05-30T11:23:53.812+0000] {logging_mixin.py:188} INFO - [2024-05-30T11:23:53.811+0000] {dag.py:3047} INFO - Sync 1 DAGs
[2024-05-30T11:23:53.831+0000] {logging_mixin.py:188} INFO - [2024-05-30T11:23:53.830+0000] {dag.py:3834} INFO - Setting next_dagrun for example_sensors to None, run_after=None
[2024-05-30T11:23:53.860+0000] {processor.py:183} INFO - Processing /home/airflow/.local/lib/python3.8/site-packages/airflow/example_dags/example_sensors.py took 0.108 seconds
[2024-05-30T11:24:24.922+0000] {processor.py:161} INFO - Started process (PID=1043) to work on /home/airflow/.local/lib/python3.8/site-packages/airflow/example_dags/example_sensors.py
[2024-05-30T11:24:24.924+0000] {processor.py:830} INFO - Processing file /home/airflow/.local/lib/python3.8/site-packages/airflow/example_dags/example_sensors.py for tasks to queue
[2024-05-30T11:24:24.927+0000] {logging_mixin.py:188} INFO - [2024-05-30T11:24:24.926+0000] {dagbag.py:540} INFO - Filling up the DagBag from /home/airflow/.local/lib/python3.8/site-packages/airflow/example_dags/example_sensors.py
[2024-05-30T11:24:24.940+0000] {processor.py:840} INFO - DAG(s) 'example_sensors' retrieved from /home/airflow/.local/lib/python3.8/site-packages/airflow/example_dags/example_sensors.py
[2024-05-30T11:24:24.990+0000] {logging_mixin.py:188} INFO - [2024-05-30T11:24:24.989+0000] {dag.py:3047} INFO - Sync 1 DAGs
[2024-05-30T11:24:25.014+0000] {logging_mixin.py:188} INFO - [2024-05-30T11:24:25.013+0000] {dag.py:3834} INFO - Setting next_dagrun for example_sensors to None, run_after=None
[2024-05-30T11:24:25.056+0000] {processor.py:183} INFO - Processing /home/airflow/.local/lib/python3.8/site-packages/airflow/example_dags/example_sensors.py took 0.139 seconds
[2024-05-30T11:24:55.509+0000] {processor.py:161} INFO - Started process (PID=1100) to work on /home/airflow/.local/lib/python3.8/site-packages/airflow/example_dags/example_sensors.py
[2024-05-30T11:24:55.513+0000] {processor.py:830} INFO - Processing file /home/airflow/.local/lib/python3.8/site-packages/airflow/example_dags/example_sensors.py for tasks to queue
[2024-05-30T11:24:55.519+0000] {logging_mixin.py:188} INFO - [2024-05-30T11:24:55.518+0000] {dagbag.py:540} INFO - Filling up the DagBag from /home/airflow/.local/lib/python3.8/site-packages/airflow/example_dags/example_sensors.py
[2024-05-30T11:24:55.545+0000] {processor.py:840} INFO - DAG(s) 'example_sensors' retrieved from /home/airflow/.local/lib/python3.8/site-packages/airflow/example_dags/example_sensors.py
[2024-05-30T11:24:55.611+0000] {logging_mixin.py:188} INFO - [2024-05-30T11:24:55.610+0000] {dag.py:3047} INFO - Sync 1 DAGs
[2024-05-30T11:24:55.647+0000] {logging_mixin.py:188} INFO - [2024-05-30T11:24:55.647+0000] {dag.py:3834} INFO - Setting next_dagrun for example_sensors to None, run_after=None
[2024-05-30T11:24:55.704+0000] {processor.py:183} INFO - Processing /home/airflow/.local/lib/python3.8/site-packages/airflow/example_dags/example_sensors.py took 0.199 seconds
[2024-05-30T11:25:26.553+0000] {processor.py:161} INFO - Started process (PID=1157) to work on /home/airflow/.local/lib/python3.8/site-packages/airflow/example_dags/example_sensors.py
[2024-05-30T11:25:26.554+0000] {processor.py:830} INFO - Processing file /home/airflow/.local/lib/python3.8/site-packages/airflow/example_dags/example_sensors.py for tasks to queue
[2024-05-30T11:25:26.556+0000] {logging_mixin.py:188} INFO - [2024-05-30T11:25:26.556+0000] {dagbag.py:540} INFO - Filling up the DagBag from /home/airflow/.local/lib/python3.8/site-packages/airflow/example_dags/example_sensors.py
[2024-05-30T11:25:26.568+0000] {processor.py:840} INFO - DAG(s) 'example_sensors' retrieved from /home/airflow/.local/lib/python3.8/site-packages/airflow/example_dags/example_sensors.py
[2024-05-30T11:25:26.602+0000] {logging_mixin.py:188} INFO - [2024-05-30T11:25:26.602+0000] {dag.py:3047} INFO - Sync 1 DAGs
[2024-05-30T11:25:26.618+0000] {logging_mixin.py:188} INFO - [2024-05-30T11:25:26.617+0000] {dag.py:3834} INFO - Setting next_dagrun for example_sensors to None, run_after=None
[2024-05-30T11:25:26.644+0000] {processor.py:183} INFO - Processing /home/airflow/.local/lib/python3.8/site-packages/airflow/example_dags/example_sensors.py took 0.094 seconds
[2024-05-30T11:25:57.480+0000] {processor.py:161} INFO - Started process (PID=1214) to work on /home/airflow/.local/lib/python3.8/site-packages/airflow/example_dags/example_sensors.py
[2024-05-30T11:25:57.482+0000] {processor.py:830} INFO - Processing file /home/airflow/.local/lib/python3.8/site-packages/airflow/example_dags/example_sensors.py for tasks to queue
[2024-05-30T11:25:57.484+0000] {logging_mixin.py:188} INFO - [2024-05-30T11:25:57.484+0000] {dagbag.py:540} INFO - Filling up the DagBag from /home/airflow/.local/lib/python3.8/site-packages/airflow/example_dags/example_sensors.py
[2024-05-30T11:25:57.496+0000] {processor.py:840} INFO - DAG(s) 'example_sensors' retrieved from /home/airflow/.local/lib/python3.8/site-packages/airflow/example_dags/example_sensors.py
[2024-05-30T11:25:57.529+0000] {logging_mixin.py:188} INFO - [2024-05-30T11:25:57.529+0000] {dag.py:3047} INFO - Sync 1 DAGs
[2024-05-30T11:25:57.551+0000] {logging_mixin.py:188} INFO - [2024-05-30T11:25:57.551+0000] {dag.py:3834} INFO - Setting next_dagrun for example_sensors to None, run_after=None
[2024-05-30T11:25:57.622+0000] {processor.py:183} INFO - Processing /home/airflow/.local/lib/python3.8/site-packages/airflow/example_dags/example_sensors.py took 0.144 seconds
[2024-05-30T11:26:28.067+0000] {processor.py:161} INFO - Started process (PID=1271) to work on /home/airflow/.local/lib/python3.8/site-packages/airflow/example_dags/example_sensors.py
[2024-05-30T11:26:28.069+0000] {processor.py:830} INFO - Processing file /home/airflow/.local/lib/python3.8/site-packages/airflow/example_dags/example_sensors.py for tasks to queue
[2024-05-30T11:26:28.072+0000] {logging_mixin.py:188} INFO - [2024-05-30T11:26:28.071+0000] {dagbag.py:540} INFO - Filling up the DagBag from /home/airflow/.local/lib/python3.8/site-packages/airflow/example_dags/example_sensors.py
[2024-05-30T11:26:28.086+0000] {processor.py:840} INFO - DAG(s) 'example_sensors' retrieved from /home/airflow/.local/lib/python3.8/site-packages/airflow/example_dags/example_sensors.py
[2024-05-30T11:26:28.125+0000] {logging_mixin.py:188} INFO - [2024-05-30T11:26:28.125+0000] {dag.py:3047} INFO - Sync 1 DAGs
[2024-05-30T11:26:28.150+0000] {logging_mixin.py:188} INFO - [2024-05-30T11:26:28.149+0000] {dag.py:3834} INFO - Setting next_dagrun for example_sensors to None, run_after=None
[2024-05-30T11:26:28.192+0000] {processor.py:183} INFO - Processing /home/airflow/.local/lib/python3.8/site-packages/airflow/example_dags/example_sensors.py took 0.132 seconds
[2024-05-30T11:26:59.094+0000] {processor.py:161} INFO - Started process (PID=1328) to work on /home/airflow/.local/lib/python3.8/site-packages/airflow/example_dags/example_sensors.py
[2024-05-30T11:26:59.095+0000] {processor.py:830} INFO - Processing file /home/airflow/.local/lib/python3.8/site-packages/airflow/example_dags/example_sensors.py for tasks to queue
[2024-05-30T11:26:59.097+0000] {logging_mixin.py:188} INFO - [2024-05-30T11:26:59.097+0000] {dagbag.py:540} INFO - Filling up the DagBag from /home/airflow/.local/lib/python3.8/site-packages/airflow/example_dags/example_sensors.py
[2024-05-30T11:26:59.108+0000] {processor.py:840} INFO - DAG(s) 'example_sensors' retrieved from /home/airflow/.local/lib/python3.8/site-packages/airflow/example_dags/example_sensors.py
[2024-05-30T11:26:59.137+0000] {logging_mixin.py:188} INFO - [2024-05-30T11:26:59.136+0000] {dag.py:3047} INFO - Sync 1 DAGs
[2024-05-30T11:26:59.152+0000] {logging_mixin.py:188} INFO - [2024-05-30T11:26:59.152+0000] {dag.py:3834} INFO - Setting next_dagrun for example_sensors to None, run_after=None
[2024-05-30T11:26:59.182+0000] {processor.py:183} INFO - Processing /home/airflow/.local/lib/python3.8/site-packages/airflow/example_dags/example_sensors.py took 0.091 seconds
[2024-05-30T11:27:29.692+0000] {processor.py:161} INFO - Started process (PID=1384) to work on /home/airflow/.local/lib/python3.8/site-packages/airflow/example_dags/example_sensors.py
[2024-05-30T11:27:29.693+0000] {processor.py:830} INFO - Processing file /home/airflow/.local/lib/python3.8/site-packages/airflow/example_dags/example_sensors.py for tasks to queue
[2024-05-30T11:27:29.696+0000] {logging_mixin.py:188} INFO - [2024-05-30T11:27:29.695+0000] {dagbag.py:540} INFO - Filling up the DagBag from /home/airflow/.local/lib/python3.8/site-packages/airflow/example_dags/example_sensors.py
[2024-05-30T11:27:29.712+0000] {processor.py:840} INFO - DAG(s) 'example_sensors' retrieved from /home/airflow/.local/lib/python3.8/site-packages/airflow/example_dags/example_sensors.py
[2024-05-30T11:27:29.758+0000] {logging_mixin.py:188} INFO - [2024-05-30T11:27:29.758+0000] {dag.py:3047} INFO - Sync 1 DAGs
[2024-05-30T11:27:29.780+0000] {logging_mixin.py:188} INFO - [2024-05-30T11:27:29.779+0000] {dag.py:3834} INFO - Setting next_dagrun for example_sensors to None, run_after=None
[2024-05-30T11:27:29.814+0000] {processor.py:183} INFO - Processing /home/airflow/.local/lib/python3.8/site-packages/airflow/example_dags/example_sensors.py took 0.128 seconds
[2024-05-30T11:28:00.116+0000] {processor.py:161} INFO - Started process (PID=1441) to work on /home/airflow/.local/lib/python3.8/site-packages/airflow/example_dags/example_sensors.py
[2024-05-30T11:28:00.117+0000] {processor.py:830} INFO - Processing file /home/airflow/.local/lib/python3.8/site-packages/airflow/example_dags/example_sensors.py for tasks to queue
[2024-05-30T11:28:00.120+0000] {logging_mixin.py:188} INFO - [2024-05-30T11:28:00.120+0000] {dagbag.py:540} INFO - Filling up the DagBag from /home/airflow/.local/lib/python3.8/site-packages/airflow/example_dags/example_sensors.py
[2024-05-30T11:28:00.134+0000] {processor.py:840} INFO - DAG(s) 'example_sensors' retrieved from /home/airflow/.local/lib/python3.8/site-packages/airflow/example_dags/example_sensors.py
[2024-05-30T11:28:00.175+0000] {logging_mixin.py:188} INFO - [2024-05-30T11:28:00.175+0000] {dag.py:3047} INFO - Sync 1 DAGs
[2024-05-30T11:28:00.197+0000] {logging_mixin.py:188} INFO - [2024-05-30T11:28:00.197+0000] {dag.py:3834} INFO - Setting next_dagrun for example_sensors to None, run_after=None
[2024-05-30T11:28:00.241+0000] {processor.py:183} INFO - Processing /home/airflow/.local/lib/python3.8/site-packages/airflow/example_dags/example_sensors.py took 0.129 seconds
[2024-05-30T11:28:30.284+0000] {processor.py:161} INFO - Started process (PID=1498) to work on /home/airflow/.local/lib/python3.8/site-packages/airflow/example_dags/example_sensors.py
[2024-05-30T11:28:30.285+0000] {processor.py:830} INFO - Processing file /home/airflow/.local/lib/python3.8/site-packages/airflow/example_dags/example_sensors.py for tasks to queue
[2024-05-30T11:28:30.287+0000] {logging_mixin.py:188} INFO - [2024-05-30T11:28:30.287+0000] {dagbag.py:540} INFO - Filling up the DagBag from /home/airflow/.local/lib/python3.8/site-packages/airflow/example_dags/example_sensors.py
[2024-05-30T11:28:30.299+0000] {processor.py:840} INFO - DAG(s) 'example_sensors' retrieved from /home/airflow/.local/lib/python3.8/site-packages/airflow/example_dags/example_sensors.py
[2024-05-30T11:28:30.338+0000] {logging_mixin.py:188} INFO - [2024-05-30T11:28:30.337+0000] {dag.py:3047} INFO - Sync 1 DAGs
[2024-05-30T11:28:30.362+0000] {logging_mixin.py:188} INFO - [2024-05-30T11:28:30.361+0000] {dag.py:3834} INFO - Setting next_dagrun for example_sensors to None, run_after=None
[2024-05-30T11:28:30.403+0000] {processor.py:183} INFO - Processing /home/airflow/.local/lib/python3.8/site-packages/airflow/example_dags/example_sensors.py took 0.122 seconds
[2024-05-30T11:29:00.711+0000] {processor.py:161} INFO - Started process (PID=1555) to work on /home/airflow/.local/lib/python3.8/site-packages/airflow/example_dags/example_sensors.py
[2024-05-30T11:29:00.720+0000] {processor.py:830} INFO - Processing file /home/airflow/.local/lib/python3.8/site-packages/airflow/example_dags/example_sensors.py for tasks to queue
[2024-05-30T11:29:00.728+0000] {logging_mixin.py:188} INFO - [2024-05-30T11:29:00.727+0000] {dagbag.py:540} INFO - Filling up the DagBag from /home/airflow/.local/lib/python3.8/site-packages/airflow/example_dags/example_sensors.py
[2024-05-30T11:29:00.769+0000] {processor.py:840} INFO - DAG(s) 'example_sensors' retrieved from /home/airflow/.local/lib/python3.8/site-packages/airflow/example_dags/example_sensors.py
[2024-05-30T11:29:00.841+0000] {logging_mixin.py:188} INFO - [2024-05-30T11:29:00.841+0000] {dag.py:3047} INFO - Sync 1 DAGs
[2024-05-30T11:29:00.868+0000] {logging_mixin.py:188} INFO - [2024-05-30T11:29:00.867+0000] {dag.py:3834} INFO - Setting next_dagrun for example_sensors to None, run_after=None
[2024-05-30T11:29:00.926+0000] {processor.py:183} INFO - Processing /home/airflow/.local/lib/python3.8/site-packages/airflow/example_dags/example_sensors.py took 0.221 seconds
[2024-05-30T11:29:31.400+0000] {processor.py:161} INFO - Started process (PID=1612) to work on /home/airflow/.local/lib/python3.8/site-packages/airflow/example_dags/example_sensors.py
[2024-05-30T11:29:31.402+0000] {processor.py:830} INFO - Processing file /home/airflow/.local/lib/python3.8/site-packages/airflow/example_dags/example_sensors.py for tasks to queue
[2024-05-30T11:29:31.405+0000] {logging_mixin.py:188} INFO - [2024-05-30T11:29:31.405+0000] {dagbag.py:540} INFO - Filling up the DagBag from /home/airflow/.local/lib/python3.8/site-packages/airflow/example_dags/example_sensors.py
[2024-05-30T11:29:31.423+0000] {processor.py:840} INFO - DAG(s) 'example_sensors' retrieved from /home/airflow/.local/lib/python3.8/site-packages/airflow/example_dags/example_sensors.py
[2024-05-30T11:29:31.470+0000] {logging_mixin.py:188} INFO - [2024-05-30T11:29:31.469+0000] {dag.py:3047} INFO - Sync 1 DAGs
[2024-05-30T11:29:31.494+0000] {logging_mixin.py:188} INFO - [2024-05-30T11:29:31.494+0000] {dag.py:3834} INFO - Setting next_dagrun for example_sensors to None, run_after=None
[2024-05-30T11:29:31.533+0000] {processor.py:183} INFO - Processing /home/airflow/.local/lib/python3.8/site-packages/airflow/example_dags/example_sensors.py took 0.136 seconds
[2024-05-30T11:30:01.805+0000] {processor.py:161} INFO - Started process (PID=1669) to work on /home/airflow/.local/lib/python3.8/site-packages/airflow/example_dags/example_sensors.py
[2024-05-30T11:30:01.807+0000] {processor.py:830} INFO - Processing file /home/airflow/.local/lib/python3.8/site-packages/airflow/example_dags/example_sensors.py for tasks to queue
[2024-05-30T11:30:01.811+0000] {logging_mixin.py:188} INFO - [2024-05-30T11:30:01.810+0000] {dagbag.py:540} INFO - Filling up the DagBag from /home/airflow/.local/lib/python3.8/site-packages/airflow/example_dags/example_sensors.py
[2024-05-30T11:30:01.830+0000] {processor.py:840} INFO - DAG(s) 'example_sensors' retrieved from /home/airflow/.local/lib/python3.8/site-packages/airflow/example_dags/example_sensors.py
[2024-05-30T11:30:01.879+0000] {logging_mixin.py:188} INFO - [2024-05-30T11:30:01.878+0000] {dag.py:3047} INFO - Sync 1 DAGs
[2024-05-30T11:30:01.910+0000] {logging_mixin.py:188} INFO - [2024-05-30T11:30:01.910+0000] {dag.py:3834} INFO - Setting next_dagrun for example_sensors to None, run_after=None
[2024-05-30T11:30:01.947+0000] {processor.py:183} INFO - Processing /home/airflow/.local/lib/python3.8/site-packages/airflow/example_dags/example_sensors.py took 0.146 seconds
[2024-05-30T11:30:32.056+0000] {processor.py:161} INFO - Started process (PID=1726) to work on /home/airflow/.local/lib/python3.8/site-packages/airflow/example_dags/example_sensors.py
[2024-05-30T11:30:32.058+0000] {processor.py:830} INFO - Processing file /home/airflow/.local/lib/python3.8/site-packages/airflow/example_dags/example_sensors.py for tasks to queue
[2024-05-30T11:30:32.060+0000] {logging_mixin.py:188} INFO - [2024-05-30T11:30:32.060+0000] {dagbag.py:540} INFO - Filling up the DagBag from /home/airflow/.local/lib/python3.8/site-packages/airflow/example_dags/example_sensors.py
[2024-05-30T11:30:32.074+0000] {processor.py:840} INFO - DAG(s) 'example_sensors' retrieved from /home/airflow/.local/lib/python3.8/site-packages/airflow/example_dags/example_sensors.py
[2024-05-30T11:30:32.112+0000] {logging_mixin.py:188} INFO - [2024-05-30T11:30:32.111+0000] {dag.py:3047} INFO - Sync 1 DAGs
[2024-05-30T11:30:32.132+0000] {logging_mixin.py:188} INFO - [2024-05-30T11:30:32.132+0000] {dag.py:3834} INFO - Setting next_dagrun for example_sensors to None, run_after=None
[2024-05-30T11:30:32.178+0000] {processor.py:183} INFO - Processing /home/airflow/.local/lib/python3.8/site-packages/airflow/example_dags/example_sensors.py took 0.125 seconds
[2024-05-30T11:31:02.975+0000] {processor.py:161} INFO - Started process (PID=1783) to work on /home/airflow/.local/lib/python3.8/site-packages/airflow/example_dags/example_sensors.py
[2024-05-30T11:31:02.977+0000] {processor.py:830} INFO - Processing file /home/airflow/.local/lib/python3.8/site-packages/airflow/example_dags/example_sensors.py for tasks to queue
[2024-05-30T11:31:02.981+0000] {logging_mixin.py:188} INFO - [2024-05-30T11:31:02.980+0000] {dagbag.py:540} INFO - Filling up the DagBag from /home/airflow/.local/lib/python3.8/site-packages/airflow/example_dags/example_sensors.py
[2024-05-30T11:31:02.998+0000] {processor.py:840} INFO - DAG(s) 'example_sensors' retrieved from /home/airflow/.local/lib/python3.8/site-packages/airflow/example_dags/example_sensors.py
[2024-05-30T11:31:03.054+0000] {logging_mixin.py:188} INFO - [2024-05-30T11:31:03.053+0000] {dag.py:3047} INFO - Sync 1 DAGs
[2024-05-30T11:31:03.078+0000] {logging_mixin.py:188} INFO - [2024-05-30T11:31:03.077+0000] {dag.py:3834} INFO - Setting next_dagrun for example_sensors to None, run_after=None
[2024-05-30T11:31:03.118+0000] {processor.py:183} INFO - Processing /home/airflow/.local/lib/python3.8/site-packages/airflow/example_dags/example_sensors.py took 0.148 seconds
[2024-05-30T11:31:33.658+0000] {processor.py:161} INFO - Started process (PID=1840) to work on /home/airflow/.local/lib/python3.8/site-packages/airflow/example_dags/example_sensors.py
[2024-05-30T11:31:33.660+0000] {processor.py:830} INFO - Processing file /home/airflow/.local/lib/python3.8/site-packages/airflow/example_dags/example_sensors.py for tasks to queue
[2024-05-30T11:31:33.673+0000] {logging_mixin.py:188} INFO - [2024-05-30T11:31:33.663+0000] {dagbag.py:540} INFO - Filling up the DagBag from /home/airflow/.local/lib/python3.8/site-packages/airflow/example_dags/example_sensors.py
[2024-05-30T11:31:33.723+0000] {processor.py:840} INFO - DAG(s) 'example_sensors' retrieved from /home/airflow/.local/lib/python3.8/site-packages/airflow/example_dags/example_sensors.py
[2024-05-30T11:31:33.853+0000] {logging_mixin.py:188} INFO - [2024-05-30T11:31:33.840+0000] {dag.py:3047} INFO - Sync 1 DAGs
[2024-05-30T11:31:33.911+0000] {logging_mixin.py:188} INFO - [2024-05-30T11:31:33.910+0000] {dag.py:3834} INFO - Setting next_dagrun for example_sensors to None, run_after=None
[2024-05-30T11:31:34.000+0000] {processor.py:183} INFO - Processing /home/airflow/.local/lib/python3.8/site-packages/airflow/example_dags/example_sensors.py took 0.358 seconds
