[2024-05-30T11:15:41.693+0000] {processor.py:161} INFO - Started process (PID=62) to work on /home/airflow/.local/lib/python3.8/site-packages/airflow/example_dags/example_branch_operator.py
[2024-05-30T11:15:41.694+0000] {processor.py:830} INFO - Processing file /home/airflow/.local/lib/python3.8/site-packages/airflow/example_dags/example_branch_operator.py for tasks to queue
[2024-05-30T11:15:41.697+0000] {logging_mixin.py:188} INFO - [2024-05-30T11:15:41.696+0000] {dagbag.py:540} INFO - Filling up the DagBag from /home/airflow/.local/lib/python3.8/site-packages/airflow/example_dags/example_branch_operator.py
[2024-05-30T11:15:41.726+0000] {processor.py:840} INFO - DAG(s) 'example_branch_operator' retrieved from /home/airflow/.local/lib/python3.8/site-packages/airflow/example_dags/example_branch_operator.py
[2024-05-30T11:15:41.964+0000] {logging_mixin.py:188} INFO - [2024-05-30T11:15:41.964+0000] {dag.py:3047} INFO - Sync 1 DAGs
[2024-05-30T11:15:41.995+0000] {logging_mixin.py:188} INFO - [2024-05-30T11:15:41.995+0000] {dag.py:3834} INFO - Setting next_dagrun for example_branch_operator to 2024-05-29 00:00:00+00:00, run_after=2024-05-30 00:00:00+00:00
[2024-05-30T11:15:42.036+0000] {processor.py:183} INFO - Processing /home/airflow/.local/lib/python3.8/site-packages/airflow/example_dags/example_branch_operator.py took 0.346 seconds
[2024-05-30T11:16:12.395+0000] {processor.py:161} INFO - Started process (PID=119) to work on /home/airflow/.local/lib/python3.8/site-packages/airflow/example_dags/example_branch_operator.py
[2024-05-30T11:16:12.396+0000] {processor.py:830} INFO - Processing file /home/airflow/.local/lib/python3.8/site-packages/airflow/example_dags/example_branch_operator.py for tasks to queue
[2024-05-30T11:16:12.398+0000] {logging_mixin.py:188} INFO - [2024-05-30T11:16:12.397+0000] {dagbag.py:540} INFO - Filling up the DagBag from /home/airflow/.local/lib/python3.8/site-packages/airflow/example_dags/example_branch_operator.py
[2024-05-30T11:16:12.420+0000] {processor.py:840} INFO - DAG(s) 'example_branch_operator' retrieved from /home/airflow/.local/lib/python3.8/site-packages/airflow/example_dags/example_branch_operator.py
[2024-05-30T11:16:12.454+0000] {logging_mixin.py:188} INFO - [2024-05-30T11:16:12.453+0000] {dag.py:3047} INFO - Sync 1 DAGs
[2024-05-30T11:16:12.484+0000] {logging_mixin.py:188} INFO - [2024-05-30T11:16:12.484+0000] {dag.py:3834} INFO - Setting next_dagrun for example_branch_operator to 2024-05-29 00:00:00+00:00, run_after=2024-05-30 00:00:00+00:00
[2024-05-30T11:16:12.510+0000] {processor.py:183} INFO - Processing /home/airflow/.local/lib/python3.8/site-packages/airflow/example_dags/example_branch_operator.py took 0.118 seconds
[2024-05-30T11:16:42.643+0000] {processor.py:161} INFO - Started process (PID=176) to work on /home/airflow/.local/lib/python3.8/site-packages/airflow/example_dags/example_branch_operator.py
[2024-05-30T11:16:42.645+0000] {processor.py:830} INFO - Processing file /home/airflow/.local/lib/python3.8/site-packages/airflow/example_dags/example_branch_operator.py for tasks to queue
[2024-05-30T11:16:42.647+0000] {logging_mixin.py:188} INFO - [2024-05-30T11:16:42.647+0000] {dagbag.py:540} INFO - Filling up the DagBag from /home/airflow/.local/lib/python3.8/site-packages/airflow/example_dags/example_branch_operator.py
[2024-05-30T11:16:42.669+0000] {processor.py:840} INFO - DAG(s) 'example_branch_operator' retrieved from /home/airflow/.local/lib/python3.8/site-packages/airflow/example_dags/example_branch_operator.py
[2024-05-30T11:16:42.719+0000] {logging_mixin.py:188} INFO - [2024-05-30T11:16:42.718+0000] {dag.py:3047} INFO - Sync 1 DAGs
[2024-05-30T11:16:42.791+0000] {logging_mixin.py:188} INFO - [2024-05-30T11:16:42.789+0000] {dag.py:3834} INFO - Setting next_dagrun for example_branch_operator to 2024-05-29 00:00:00+00:00, run_after=2024-05-30 00:00:00+00:00
[2024-05-30T11:16:42.846+0000] {processor.py:183} INFO - Processing /home/airflow/.local/lib/python3.8/site-packages/airflow/example_dags/example_branch_operator.py took 0.208 seconds
[2024-05-30T11:17:13.023+0000] {processor.py:161} INFO - Started process (PID=233) to work on /home/airflow/.local/lib/python3.8/site-packages/airflow/example_dags/example_branch_operator.py
[2024-05-30T11:17:13.025+0000] {processor.py:830} INFO - Processing file /home/airflow/.local/lib/python3.8/site-packages/airflow/example_dags/example_branch_operator.py for tasks to queue
[2024-05-30T11:17:13.028+0000] {logging_mixin.py:188} INFO - [2024-05-30T11:17:13.027+0000] {dagbag.py:540} INFO - Filling up the DagBag from /home/airflow/.local/lib/python3.8/site-packages/airflow/example_dags/example_branch_operator.py
[2024-05-30T11:17:13.063+0000] {processor.py:840} INFO - DAG(s) 'example_branch_operator' retrieved from /home/airflow/.local/lib/python3.8/site-packages/airflow/example_dags/example_branch_operator.py
[2024-05-30T11:17:13.113+0000] {logging_mixin.py:188} INFO - [2024-05-30T11:17:13.113+0000] {dag.py:3047} INFO - Sync 1 DAGs
[2024-05-30T11:17:13.146+0000] {logging_mixin.py:188} INFO - [2024-05-30T11:17:13.145+0000] {dag.py:3834} INFO - Setting next_dagrun for example_branch_operator to 2024-05-29 00:00:00+00:00, run_after=2024-05-30 00:00:00+00:00
[2024-05-30T11:17:13.180+0000] {processor.py:183} INFO - Processing /home/airflow/.local/lib/python3.8/site-packages/airflow/example_dags/example_branch_operator.py took 0.161 seconds
[2024-05-30T11:17:44.354+0000] {processor.py:161} INFO - Started process (PID=290) to work on /home/airflow/.local/lib/python3.8/site-packages/airflow/example_dags/example_branch_operator.py
[2024-05-30T11:17:44.355+0000] {processor.py:830} INFO - Processing file /home/airflow/.local/lib/python3.8/site-packages/airflow/example_dags/example_branch_operator.py for tasks to queue
[2024-05-30T11:17:44.357+0000] {logging_mixin.py:188} INFO - [2024-05-30T11:17:44.357+0000] {dagbag.py:540} INFO - Filling up the DagBag from /home/airflow/.local/lib/python3.8/site-packages/airflow/example_dags/example_branch_operator.py
[2024-05-30T11:17:44.377+0000] {processor.py:840} INFO - DAG(s) 'example_branch_operator' retrieved from /home/airflow/.local/lib/python3.8/site-packages/airflow/example_dags/example_branch_operator.py
[2024-05-30T11:17:44.424+0000] {logging_mixin.py:188} INFO - [2024-05-30T11:17:44.423+0000] {dag.py:3047} INFO - Sync 1 DAGs
[2024-05-30T11:17:44.455+0000] {logging_mixin.py:188} INFO - [2024-05-30T11:17:44.455+0000] {dag.py:3834} INFO - Setting next_dagrun for example_branch_operator to 2024-05-29 00:00:00+00:00, run_after=2024-05-30 00:00:00+00:00
[2024-05-30T11:17:44.485+0000] {processor.py:183} INFO - Processing /home/airflow/.local/lib/python3.8/site-packages/airflow/example_dags/example_branch_operator.py took 0.134 seconds
[2024-05-30T11:18:14.767+0000] {processor.py:161} INFO - Started process (PID=347) to work on /home/airflow/.local/lib/python3.8/site-packages/airflow/example_dags/example_branch_operator.py
[2024-05-30T11:18:14.768+0000] {processor.py:830} INFO - Processing file /home/airflow/.local/lib/python3.8/site-packages/airflow/example_dags/example_branch_operator.py for tasks to queue
[2024-05-30T11:18:14.770+0000] {logging_mixin.py:188} INFO - [2024-05-30T11:18:14.769+0000] {dagbag.py:540} INFO - Filling up the DagBag from /home/airflow/.local/lib/python3.8/site-packages/airflow/example_dags/example_branch_operator.py
[2024-05-30T11:18:14.788+0000] {processor.py:840} INFO - DAG(s) 'example_branch_operator' retrieved from /home/airflow/.local/lib/python3.8/site-packages/airflow/example_dags/example_branch_operator.py
[2024-05-30T11:18:14.820+0000] {logging_mixin.py:188} INFO - [2024-05-30T11:18:14.820+0000] {dag.py:3047} INFO - Sync 1 DAGs
[2024-05-30T11:18:14.847+0000] {logging_mixin.py:188} INFO - [2024-05-30T11:18:14.847+0000] {dag.py:3834} INFO - Setting next_dagrun for example_branch_operator to 2024-05-29 00:00:00+00:00, run_after=2024-05-30 00:00:00+00:00
[2024-05-30T11:18:14.871+0000] {processor.py:183} INFO - Processing /home/airflow/.local/lib/python3.8/site-packages/airflow/example_dags/example_branch_operator.py took 0.107 seconds
[2024-05-30T11:18:45.186+0000] {processor.py:161} INFO - Started process (PID=404) to work on /home/airflow/.local/lib/python3.8/site-packages/airflow/example_dags/example_branch_operator.py
[2024-05-30T11:18:45.188+0000] {processor.py:830} INFO - Processing file /home/airflow/.local/lib/python3.8/site-packages/airflow/example_dags/example_branch_operator.py for tasks to queue
[2024-05-30T11:18:45.190+0000] {logging_mixin.py:188} INFO - [2024-05-30T11:18:45.190+0000] {dagbag.py:540} INFO - Filling up the DagBag from /home/airflow/.local/lib/python3.8/site-packages/airflow/example_dags/example_branch_operator.py
[2024-05-30T11:18:45.213+0000] {processor.py:840} INFO - DAG(s) 'example_branch_operator' retrieved from /home/airflow/.local/lib/python3.8/site-packages/airflow/example_dags/example_branch_operator.py
[2024-05-30T11:18:45.248+0000] {logging_mixin.py:188} INFO - [2024-05-30T11:18:45.247+0000] {dag.py:3047} INFO - Sync 1 DAGs
[2024-05-30T11:18:45.277+0000] {logging_mixin.py:188} INFO - [2024-05-30T11:18:45.276+0000] {dag.py:3834} INFO - Setting next_dagrun for example_branch_operator to 2024-05-29 00:00:00+00:00, run_after=2024-05-30 00:00:00+00:00
[2024-05-30T11:18:45.303+0000] {processor.py:183} INFO - Processing /home/airflow/.local/lib/python3.8/site-packages/airflow/example_dags/example_branch_operator.py took 0.120 seconds
[2024-05-30T11:19:15.797+0000] {processor.py:161} INFO - Started process (PID=465) to work on /home/airflow/.local/lib/python3.8/site-packages/airflow/example_dags/example_branch_operator.py
[2024-05-30T11:19:15.798+0000] {processor.py:830} INFO - Processing file /home/airflow/.local/lib/python3.8/site-packages/airflow/example_dags/example_branch_operator.py for tasks to queue
[2024-05-30T11:19:15.800+0000] {logging_mixin.py:188} INFO - [2024-05-30T11:19:15.799+0000] {dagbag.py:540} INFO - Filling up the DagBag from /home/airflow/.local/lib/python3.8/site-packages/airflow/example_dags/example_branch_operator.py
[2024-05-30T11:19:15.833+0000] {processor.py:840} INFO - DAG(s) 'example_branch_operator' retrieved from /home/airflow/.local/lib/python3.8/site-packages/airflow/example_dags/example_branch_operator.py
[2024-05-30T11:19:15.902+0000] {logging_mixin.py:188} INFO - [2024-05-30T11:19:15.901+0000] {dag.py:3047} INFO - Sync 1 DAGs
[2024-05-30T11:19:15.944+0000] {logging_mixin.py:188} INFO - [2024-05-30T11:19:15.944+0000] {dag.py:3834} INFO - Setting next_dagrun for example_branch_operator to 2024-05-29 00:00:00+00:00, run_after=2024-05-30 00:00:00+00:00
[2024-05-30T11:19:15.971+0000] {processor.py:183} INFO - Processing /home/airflow/.local/lib/python3.8/site-packages/airflow/example_dags/example_branch_operator.py took 0.177 seconds
[2024-05-30T11:19:46.404+0000] {processor.py:161} INFO - Started process (PID=522) to work on /home/airflow/.local/lib/python3.8/site-packages/airflow/example_dags/example_branch_operator.py
[2024-05-30T11:19:46.405+0000] {processor.py:830} INFO - Processing file /home/airflow/.local/lib/python3.8/site-packages/airflow/example_dags/example_branch_operator.py for tasks to queue
[2024-05-30T11:19:46.407+0000] {logging_mixin.py:188} INFO - [2024-05-30T11:19:46.407+0000] {dagbag.py:540} INFO - Filling up the DagBag from /home/airflow/.local/lib/python3.8/site-packages/airflow/example_dags/example_branch_operator.py
[2024-05-30T11:19:46.424+0000] {processor.py:840} INFO - DAG(s) 'example_branch_operator' retrieved from /home/airflow/.local/lib/python3.8/site-packages/airflow/example_dags/example_branch_operator.py
[2024-05-30T11:19:46.458+0000] {logging_mixin.py:188} INFO - [2024-05-30T11:19:46.458+0000] {dag.py:3047} INFO - Sync 1 DAGs
[2024-05-30T11:19:46.486+0000] {logging_mixin.py:188} INFO - [2024-05-30T11:19:46.486+0000] {dag.py:3834} INFO - Setting next_dagrun for example_branch_operator to 2024-05-29 00:00:00+00:00, run_after=2024-05-30 00:00:00+00:00
[2024-05-30T11:19:46.509+0000] {processor.py:183} INFO - Processing /home/airflow/.local/lib/python3.8/site-packages/airflow/example_dags/example_branch_operator.py took 0.108 seconds
[2024-05-30T11:20:17.415+0000] {processor.py:161} INFO - Started process (PID=579) to work on /home/airflow/.local/lib/python3.8/site-packages/airflow/example_dags/example_branch_operator.py
[2024-05-30T11:20:17.417+0000] {processor.py:830} INFO - Processing file /home/airflow/.local/lib/python3.8/site-packages/airflow/example_dags/example_branch_operator.py for tasks to queue
[2024-05-30T11:20:17.420+0000] {logging_mixin.py:188} INFO - [2024-05-30T11:20:17.420+0000] {dagbag.py:540} INFO - Filling up the DagBag from /home/airflow/.local/lib/python3.8/site-packages/airflow/example_dags/example_branch_operator.py
[2024-05-30T11:20:17.458+0000] {processor.py:840} INFO - DAG(s) 'example_branch_operator' retrieved from /home/airflow/.local/lib/python3.8/site-packages/airflow/example_dags/example_branch_operator.py
[2024-05-30T11:20:17.509+0000] {logging_mixin.py:188} INFO - [2024-05-30T11:20:17.508+0000] {dag.py:3047} INFO - Sync 1 DAGs
[2024-05-30T11:20:17.554+0000] {logging_mixin.py:188} INFO - [2024-05-30T11:20:17.554+0000] {dag.py:3834} INFO - Setting next_dagrun for example_branch_operator to 2024-05-29 00:00:00+00:00, run_after=2024-05-30 00:00:00+00:00
[2024-05-30T11:20:17.602+0000] {processor.py:183} INFO - Processing /home/airflow/.local/lib/python3.8/site-packages/airflow/example_dags/example_branch_operator.py took 0.192 seconds
[2024-05-30T11:20:48.573+0000] {processor.py:161} INFO - Started process (PID=636) to work on /home/airflow/.local/lib/python3.8/site-packages/airflow/example_dags/example_branch_operator.py
[2024-05-30T11:20:48.575+0000] {processor.py:830} INFO - Processing file /home/airflow/.local/lib/python3.8/site-packages/airflow/example_dags/example_branch_operator.py for tasks to queue
[2024-05-30T11:20:48.579+0000] {logging_mixin.py:188} INFO - [2024-05-30T11:20:48.578+0000] {dagbag.py:540} INFO - Filling up the DagBag from /home/airflow/.local/lib/python3.8/site-packages/airflow/example_dags/example_branch_operator.py
[2024-05-30T11:20:48.630+0000] {processor.py:840} INFO - DAG(s) 'example_branch_operator' retrieved from /home/airflow/.local/lib/python3.8/site-packages/airflow/example_dags/example_branch_operator.py
[2024-05-30T11:20:48.703+0000] {logging_mixin.py:188} INFO - [2024-05-30T11:20:48.703+0000] {dag.py:3047} INFO - Sync 1 DAGs
[2024-05-30T11:20:48.766+0000] {logging_mixin.py:188} INFO - [2024-05-30T11:20:48.766+0000] {dag.py:3834} INFO - Setting next_dagrun for example_branch_operator to 2024-05-29 00:00:00+00:00, run_after=2024-05-30 00:00:00+00:00
[2024-05-30T11:20:48.807+0000] {processor.py:183} INFO - Processing /home/airflow/.local/lib/python3.8/site-packages/airflow/example_dags/example_branch_operator.py took 0.239 seconds
[2024-05-30T11:21:19.604+0000] {processor.py:161} INFO - Started process (PID=693) to work on /home/airflow/.local/lib/python3.8/site-packages/airflow/example_dags/example_branch_operator.py
[2024-05-30T11:21:19.606+0000] {processor.py:830} INFO - Processing file /home/airflow/.local/lib/python3.8/site-packages/airflow/example_dags/example_branch_operator.py for tasks to queue
[2024-05-30T11:21:19.608+0000] {logging_mixin.py:188} INFO - [2024-05-30T11:21:19.607+0000] {dagbag.py:540} INFO - Filling up the DagBag from /home/airflow/.local/lib/python3.8/site-packages/airflow/example_dags/example_branch_operator.py
[2024-05-30T11:21:19.626+0000] {processor.py:840} INFO - DAG(s) 'example_branch_operator' retrieved from /home/airflow/.local/lib/python3.8/site-packages/airflow/example_dags/example_branch_operator.py
[2024-05-30T11:21:19.662+0000] {logging_mixin.py:188} INFO - [2024-05-30T11:21:19.662+0000] {dag.py:3047} INFO - Sync 1 DAGs
[2024-05-30T11:21:19.693+0000] {logging_mixin.py:188} INFO - [2024-05-30T11:21:19.692+0000] {dag.py:3834} INFO - Setting next_dagrun for example_branch_operator to 2024-05-29 00:00:00+00:00, run_after=2024-05-30 00:00:00+00:00
[2024-05-30T11:21:19.716+0000] {processor.py:183} INFO - Processing /home/airflow/.local/lib/python3.8/site-packages/airflow/example_dags/example_branch_operator.py took 0.114 seconds
[2024-05-30T11:21:50.280+0000] {processor.py:161} INFO - Started process (PID=750) to work on /home/airflow/.local/lib/python3.8/site-packages/airflow/example_dags/example_branch_operator.py
[2024-05-30T11:21:50.282+0000] {processor.py:830} INFO - Processing file /home/airflow/.local/lib/python3.8/site-packages/airflow/example_dags/example_branch_operator.py for tasks to queue
[2024-05-30T11:21:50.285+0000] {logging_mixin.py:188} INFO - [2024-05-30T11:21:50.284+0000] {dagbag.py:540} INFO - Filling up the DagBag from /home/airflow/.local/lib/python3.8/site-packages/airflow/example_dags/example_branch_operator.py
[2024-05-30T11:21:50.319+0000] {processor.py:840} INFO - DAG(s) 'example_branch_operator' retrieved from /home/airflow/.local/lib/python3.8/site-packages/airflow/example_dags/example_branch_operator.py
[2024-05-30T11:21:50.378+0000] {logging_mixin.py:188} INFO - [2024-05-30T11:21:50.378+0000] {dag.py:3047} INFO - Sync 1 DAGs
[2024-05-30T11:21:50.417+0000] {logging_mixin.py:188} INFO - [2024-05-30T11:21:50.416+0000] {dag.py:3834} INFO - Setting next_dagrun for example_branch_operator to 2024-05-29 00:00:00+00:00, run_after=2024-05-30 00:00:00+00:00
[2024-05-30T11:21:50.449+0000] {processor.py:183} INFO - Processing /home/airflow/.local/lib/python3.8/site-packages/airflow/example_dags/example_branch_operator.py took 0.171 seconds
[2024-05-30T11:22:20.559+0000] {processor.py:161} INFO - Started process (PID=807) to work on /home/airflow/.local/lib/python3.8/site-packages/airflow/example_dags/example_branch_operator.py
[2024-05-30T11:22:20.561+0000] {processor.py:830} INFO - Processing file /home/airflow/.local/lib/python3.8/site-packages/airflow/example_dags/example_branch_operator.py for tasks to queue
[2024-05-30T11:22:20.563+0000] {logging_mixin.py:188} INFO - [2024-05-30T11:22:20.563+0000] {dagbag.py:540} INFO - Filling up the DagBag from /home/airflow/.local/lib/python3.8/site-packages/airflow/example_dags/example_branch_operator.py
[2024-05-30T11:22:20.587+0000] {processor.py:840} INFO - DAG(s) 'example_branch_operator' retrieved from /home/airflow/.local/lib/python3.8/site-packages/airflow/example_dags/example_branch_operator.py
[2024-05-30T11:22:20.630+0000] {logging_mixin.py:188} INFO - [2024-05-30T11:22:20.629+0000] {dag.py:3047} INFO - Sync 1 DAGs
[2024-05-30T11:22:20.661+0000] {logging_mixin.py:188} INFO - [2024-05-30T11:22:20.661+0000] {dag.py:3834} INFO - Setting next_dagrun for example_branch_operator to 2024-05-29 00:00:00+00:00, run_after=2024-05-30 00:00:00+00:00
[2024-05-30T11:22:20.690+0000] {processor.py:183} INFO - Processing /home/airflow/.local/lib/python3.8/site-packages/airflow/example_dags/example_branch_operator.py took 0.135 seconds
[2024-05-30T11:22:51.297+0000] {processor.py:161} INFO - Started process (PID=864) to work on /home/airflow/.local/lib/python3.8/site-packages/airflow/example_dags/example_branch_operator.py
[2024-05-30T11:22:51.298+0000] {processor.py:830} INFO - Processing file /home/airflow/.local/lib/python3.8/site-packages/airflow/example_dags/example_branch_operator.py for tasks to queue
[2024-05-30T11:22:51.301+0000] {logging_mixin.py:188} INFO - [2024-05-30T11:22:51.301+0000] {dagbag.py:540} INFO - Filling up the DagBag from /home/airflow/.local/lib/python3.8/site-packages/airflow/example_dags/example_branch_operator.py
[2024-05-30T11:22:51.321+0000] {processor.py:840} INFO - DAG(s) 'example_branch_operator' retrieved from /home/airflow/.local/lib/python3.8/site-packages/airflow/example_dags/example_branch_operator.py
[2024-05-30T11:22:51.363+0000] {logging_mixin.py:188} INFO - [2024-05-30T11:22:51.362+0000] {dag.py:3047} INFO - Sync 1 DAGs
[2024-05-30T11:22:51.408+0000] {logging_mixin.py:188} INFO - [2024-05-30T11:22:51.407+0000] {dag.py:3834} INFO - Setting next_dagrun for example_branch_operator to 2024-05-29 00:00:00+00:00, run_after=2024-05-30 00:00:00+00:00
[2024-05-30T11:22:51.433+0000] {processor.py:183} INFO - Processing /home/airflow/.local/lib/python3.8/site-packages/airflow/example_dags/example_branch_operator.py took 0.139 seconds
[2024-05-30T11:23:21.745+0000] {processor.py:161} INFO - Started process (PID=921) to work on /home/airflow/.local/lib/python3.8/site-packages/airflow/example_dags/example_branch_operator.py
[2024-05-30T11:23:21.747+0000] {processor.py:830} INFO - Processing file /home/airflow/.local/lib/python3.8/site-packages/airflow/example_dags/example_branch_operator.py for tasks to queue
[2024-05-30T11:23:21.752+0000] {logging_mixin.py:188} INFO - [2024-05-30T11:23:21.751+0000] {dagbag.py:540} INFO - Filling up the DagBag from /home/airflow/.local/lib/python3.8/site-packages/airflow/example_dags/example_branch_operator.py
[2024-05-30T11:23:21.810+0000] {processor.py:840} INFO - DAG(s) 'example_branch_operator' retrieved from /home/airflow/.local/lib/python3.8/site-packages/airflow/example_dags/example_branch_operator.py
[2024-05-30T11:23:21.881+0000] {logging_mixin.py:188} INFO - [2024-05-30T11:23:21.881+0000] {dag.py:3047} INFO - Sync 1 DAGs
[2024-05-30T11:23:21.929+0000] {logging_mixin.py:188} INFO - [2024-05-30T11:23:21.928+0000] {dag.py:3834} INFO - Setting next_dagrun for example_branch_operator to 2024-05-29 00:00:00+00:00, run_after=2024-05-30 00:00:00+00:00
[2024-05-30T11:23:21.962+0000] {processor.py:183} INFO - Processing /home/airflow/.local/lib/python3.8/site-packages/airflow/example_dags/example_branch_operator.py took 0.223 seconds
[2024-05-30T11:23:52.819+0000] {processor.py:161} INFO - Started process (PID=978) to work on /home/airflow/.local/lib/python3.8/site-packages/airflow/example_dags/example_branch_operator.py
[2024-05-30T11:23:52.820+0000] {processor.py:830} INFO - Processing file /home/airflow/.local/lib/python3.8/site-packages/airflow/example_dags/example_branch_operator.py for tasks to queue
[2024-05-30T11:23:52.822+0000] {logging_mixin.py:188} INFO - [2024-05-30T11:23:52.822+0000] {dagbag.py:540} INFO - Filling up the DagBag from /home/airflow/.local/lib/python3.8/site-packages/airflow/example_dags/example_branch_operator.py
[2024-05-30T11:23:52.845+0000] {processor.py:840} INFO - DAG(s) 'example_branch_operator' retrieved from /home/airflow/.local/lib/python3.8/site-packages/airflow/example_dags/example_branch_operator.py
[2024-05-30T11:23:52.885+0000] {logging_mixin.py:188} INFO - [2024-05-30T11:23:52.884+0000] {dag.py:3047} INFO - Sync 1 DAGs
[2024-05-30T11:23:52.915+0000] {logging_mixin.py:188} INFO - [2024-05-30T11:23:52.914+0000] {dag.py:3834} INFO - Setting next_dagrun for example_branch_operator to 2024-05-29 00:00:00+00:00, run_after=2024-05-30 00:00:00+00:00
[2024-05-30T11:23:52.947+0000] {processor.py:183} INFO - Processing /home/airflow/.local/lib/python3.8/site-packages/airflow/example_dags/example_branch_operator.py took 0.132 seconds
[2024-05-30T11:24:23.460+0000] {processor.py:161} INFO - Started process (PID=1035) to work on /home/airflow/.local/lib/python3.8/site-packages/airflow/example_dags/example_branch_operator.py
[2024-05-30T11:24:23.463+0000] {processor.py:830} INFO - Processing file /home/airflow/.local/lib/python3.8/site-packages/airflow/example_dags/example_branch_operator.py for tasks to queue
[2024-05-30T11:24:23.466+0000] {logging_mixin.py:188} INFO - [2024-05-30T11:24:23.465+0000] {dagbag.py:540} INFO - Filling up the DagBag from /home/airflow/.local/lib/python3.8/site-packages/airflow/example_dags/example_branch_operator.py
[2024-05-30T11:24:23.506+0000] {processor.py:840} INFO - DAG(s) 'example_branch_operator' retrieved from /home/airflow/.local/lib/python3.8/site-packages/airflow/example_dags/example_branch_operator.py
[2024-05-30T11:24:23.590+0000] {logging_mixin.py:188} INFO - [2024-05-30T11:24:23.589+0000] {dag.py:3047} INFO - Sync 1 DAGs
[2024-05-30T11:24:23.693+0000] {logging_mixin.py:188} INFO - [2024-05-30T11:24:23.692+0000] {dag.py:3834} INFO - Setting next_dagrun for example_branch_operator to 2024-05-29 00:00:00+00:00, run_after=2024-05-30 00:00:00+00:00
[2024-05-30T11:24:23.799+0000] {processor.py:183} INFO - Processing /home/airflow/.local/lib/python3.8/site-packages/airflow/example_dags/example_branch_operator.py took 0.343 seconds
[2024-05-30T11:24:54.518+0000] {processor.py:161} INFO - Started process (PID=1092) to work on /home/airflow/.local/lib/python3.8/site-packages/airflow/example_dags/example_branch_operator.py
[2024-05-30T11:24:54.520+0000] {processor.py:830} INFO - Processing file /home/airflow/.local/lib/python3.8/site-packages/airflow/example_dags/example_branch_operator.py for tasks to queue
[2024-05-30T11:24:54.522+0000] {logging_mixin.py:188} INFO - [2024-05-30T11:24:54.522+0000] {dagbag.py:540} INFO - Filling up the DagBag from /home/airflow/.local/lib/python3.8/site-packages/airflow/example_dags/example_branch_operator.py
[2024-05-30T11:24:54.553+0000] {processor.py:840} INFO - DAG(s) 'example_branch_operator' retrieved from /home/airflow/.local/lib/python3.8/site-packages/airflow/example_dags/example_branch_operator.py
[2024-05-30T11:24:54.595+0000] {logging_mixin.py:188} INFO - [2024-05-30T11:24:54.595+0000] {dag.py:3047} INFO - Sync 1 DAGs
[2024-05-30T11:24:54.649+0000] {logging_mixin.py:188} INFO - [2024-05-30T11:24:54.649+0000] {dag.py:3834} INFO - Setting next_dagrun for example_branch_operator to 2024-05-29 00:00:00+00:00, run_after=2024-05-30 00:00:00+00:00
[2024-05-30T11:24:54.681+0000] {processor.py:183} INFO - Processing /home/airflow/.local/lib/python3.8/site-packages/airflow/example_dags/example_branch_operator.py took 0.167 seconds
[2024-05-30T11:25:24.808+0000] {processor.py:161} INFO - Started process (PID=1149) to work on /home/airflow/.local/lib/python3.8/site-packages/airflow/example_dags/example_branch_operator.py
[2024-05-30T11:25:24.810+0000] {processor.py:830} INFO - Processing file /home/airflow/.local/lib/python3.8/site-packages/airflow/example_dags/example_branch_operator.py for tasks to queue
[2024-05-30T11:25:24.813+0000] {logging_mixin.py:188} INFO - [2024-05-30T11:25:24.813+0000] {dagbag.py:540} INFO - Filling up the DagBag from /home/airflow/.local/lib/python3.8/site-packages/airflow/example_dags/example_branch_operator.py
[2024-05-30T11:25:24.846+0000] {processor.py:840} INFO - DAG(s) 'example_branch_operator' retrieved from /home/airflow/.local/lib/python3.8/site-packages/airflow/example_dags/example_branch_operator.py
[2024-05-30T11:25:24.890+0000] {logging_mixin.py:188} INFO - [2024-05-30T11:25:24.890+0000] {dag.py:3047} INFO - Sync 1 DAGs
[2024-05-30T11:25:24.927+0000] {logging_mixin.py:188} INFO - [2024-05-30T11:25:24.926+0000] {dag.py:3834} INFO - Setting next_dagrun for example_branch_operator to 2024-05-29 00:00:00+00:00, run_after=2024-05-30 00:00:00+00:00
[2024-05-30T11:25:24.958+0000] {processor.py:183} INFO - Processing /home/airflow/.local/lib/python3.8/site-packages/airflow/example_dags/example_branch_operator.py took 0.154 seconds
[2024-05-30T11:25:55.940+0000] {processor.py:161} INFO - Started process (PID=1206) to work on /home/airflow/.local/lib/python3.8/site-packages/airflow/example_dags/example_branch_operator.py
[2024-05-30T11:25:55.941+0000] {processor.py:830} INFO - Processing file /home/airflow/.local/lib/python3.8/site-packages/airflow/example_dags/example_branch_operator.py for tasks to queue
[2024-05-30T11:25:55.945+0000] {logging_mixin.py:188} INFO - [2024-05-30T11:25:55.944+0000] {dagbag.py:540} INFO - Filling up the DagBag from /home/airflow/.local/lib/python3.8/site-packages/airflow/example_dags/example_branch_operator.py
[2024-05-30T11:25:56.024+0000] {processor.py:840} INFO - DAG(s) 'example_branch_operator' retrieved from /home/airflow/.local/lib/python3.8/site-packages/airflow/example_dags/example_branch_operator.py
[2024-05-30T11:25:56.127+0000] {logging_mixin.py:188} INFO - [2024-05-30T11:25:56.126+0000] {dag.py:3047} INFO - Sync 1 DAGs
[2024-05-30T11:25:56.190+0000] {logging_mixin.py:188} INFO - [2024-05-30T11:25:56.190+0000] {dag.py:3834} INFO - Setting next_dagrun for example_branch_operator to 2024-05-29 00:00:00+00:00, run_after=2024-05-30 00:00:00+00:00
[2024-05-30T11:25:56.247+0000] {processor.py:183} INFO - Processing /home/airflow/.local/lib/python3.8/site-packages/airflow/example_dags/example_branch_operator.py took 0.311 seconds
[2024-05-30T11:26:26.979+0000] {processor.py:161} INFO - Started process (PID=1263) to work on /home/airflow/.local/lib/python3.8/site-packages/airflow/example_dags/example_branch_operator.py
[2024-05-30T11:26:26.981+0000] {processor.py:830} INFO - Processing file /home/airflow/.local/lib/python3.8/site-packages/airflow/example_dags/example_branch_operator.py for tasks to queue
[2024-05-30T11:26:26.983+0000] {logging_mixin.py:188} INFO - [2024-05-30T11:26:26.983+0000] {dagbag.py:540} INFO - Filling up the DagBag from /home/airflow/.local/lib/python3.8/site-packages/airflow/example_dags/example_branch_operator.py
[2024-05-30T11:26:27.017+0000] {processor.py:840} INFO - DAG(s) 'example_branch_operator' retrieved from /home/airflow/.local/lib/python3.8/site-packages/airflow/example_dags/example_branch_operator.py
[2024-05-30T11:26:27.074+0000] {logging_mixin.py:188} INFO - [2024-05-30T11:26:27.073+0000] {dag.py:3047} INFO - Sync 1 DAGs
[2024-05-30T11:26:27.122+0000] {logging_mixin.py:188} INFO - [2024-05-30T11:26:27.121+0000] {dag.py:3834} INFO - Setting next_dagrun for example_branch_operator to 2024-05-29 00:00:00+00:00, run_after=2024-05-30 00:00:00+00:00
[2024-05-30T11:26:27.166+0000] {processor.py:183} INFO - Processing /home/airflow/.local/lib/python3.8/site-packages/airflow/example_dags/example_branch_operator.py took 0.192 seconds
[2024-05-30T11:26:58.038+0000] {processor.py:161} INFO - Started process (PID=1320) to work on /home/airflow/.local/lib/python3.8/site-packages/airflow/example_dags/example_branch_operator.py
[2024-05-30T11:26:58.040+0000] {processor.py:830} INFO - Processing file /home/airflow/.local/lib/python3.8/site-packages/airflow/example_dags/example_branch_operator.py for tasks to queue
[2024-05-30T11:26:58.044+0000] {logging_mixin.py:188} INFO - [2024-05-30T11:26:58.043+0000] {dagbag.py:540} INFO - Filling up the DagBag from /home/airflow/.local/lib/python3.8/site-packages/airflow/example_dags/example_branch_operator.py
[2024-05-30T11:26:58.081+0000] {processor.py:840} INFO - DAG(s) 'example_branch_operator' retrieved from /home/airflow/.local/lib/python3.8/site-packages/airflow/example_dags/example_branch_operator.py
[2024-05-30T11:26:58.143+0000] {logging_mixin.py:188} INFO - [2024-05-30T11:26:58.142+0000] {dag.py:3047} INFO - Sync 1 DAGs
[2024-05-30T11:26:58.225+0000] {logging_mixin.py:188} INFO - [2024-05-30T11:26:58.223+0000] {dag.py:3834} INFO - Setting next_dagrun for example_branch_operator to 2024-05-29 00:00:00+00:00, run_after=2024-05-30 00:00:00+00:00
[2024-05-30T11:26:58.269+0000] {processor.py:183} INFO - Processing /home/airflow/.local/lib/python3.8/site-packages/airflow/example_dags/example_branch_operator.py took 0.237 seconds
[2024-05-30T11:27:28.799+0000] {processor.py:161} INFO - Started process (PID=1377) to work on /home/airflow/.local/lib/python3.8/site-packages/airflow/example_dags/example_branch_operator.py
[2024-05-30T11:27:28.801+0000] {processor.py:830} INFO - Processing file /home/airflow/.local/lib/python3.8/site-packages/airflow/example_dags/example_branch_operator.py for tasks to queue
[2024-05-30T11:27:28.805+0000] {logging_mixin.py:188} INFO - [2024-05-30T11:27:28.804+0000] {dagbag.py:540} INFO - Filling up the DagBag from /home/airflow/.local/lib/python3.8/site-packages/airflow/example_dags/example_branch_operator.py
[2024-05-30T11:27:28.857+0000] {processor.py:840} INFO - DAG(s) 'example_branch_operator' retrieved from /home/airflow/.local/lib/python3.8/site-packages/airflow/example_dags/example_branch_operator.py
[2024-05-30T11:27:28.931+0000] {logging_mixin.py:188} INFO - [2024-05-30T11:27:28.930+0000] {dag.py:3047} INFO - Sync 1 DAGs
[2024-05-30T11:27:28.981+0000] {logging_mixin.py:188} INFO - [2024-05-30T11:27:28.980+0000] {dag.py:3834} INFO - Setting next_dagrun for example_branch_operator to 2024-05-29 00:00:00+00:00, run_after=2024-05-30 00:00:00+00:00
[2024-05-30T11:27:29.022+0000] {processor.py:183} INFO - Processing /home/airflow/.local/lib/python3.8/site-packages/airflow/example_dags/example_branch_operator.py took 0.228 seconds
[2024-05-30T11:27:59.082+0000] {processor.py:161} INFO - Started process (PID=1433) to work on /home/airflow/.local/lib/python3.8/site-packages/airflow/example_dags/example_branch_operator.py
[2024-05-30T11:27:59.084+0000] {processor.py:830} INFO - Processing file /home/airflow/.local/lib/python3.8/site-packages/airflow/example_dags/example_branch_operator.py for tasks to queue
[2024-05-30T11:27:59.086+0000] {logging_mixin.py:188} INFO - [2024-05-30T11:27:59.086+0000] {dagbag.py:540} INFO - Filling up the DagBag from /home/airflow/.local/lib/python3.8/site-packages/airflow/example_dags/example_branch_operator.py
[2024-05-30T11:27:59.108+0000] {processor.py:840} INFO - DAG(s) 'example_branch_operator' retrieved from /home/airflow/.local/lib/python3.8/site-packages/airflow/example_dags/example_branch_operator.py
[2024-05-30T11:27:59.146+0000] {logging_mixin.py:188} INFO - [2024-05-30T11:27:59.146+0000] {dag.py:3047} INFO - Sync 1 DAGs
[2024-05-30T11:27:59.177+0000] {logging_mixin.py:188} INFO - [2024-05-30T11:27:59.177+0000] {dag.py:3834} INFO - Setting next_dagrun for example_branch_operator to 2024-05-29 00:00:00+00:00, run_after=2024-05-30 00:00:00+00:00
[2024-05-30T11:27:59.210+0000] {processor.py:183} INFO - Processing /home/airflow/.local/lib/python3.8/site-packages/airflow/example_dags/example_branch_operator.py took 0.132 seconds
[2024-05-30T11:28:29.342+0000] {processor.py:161} INFO - Started process (PID=1490) to work on /home/airflow/.local/lib/python3.8/site-packages/airflow/example_dags/example_branch_operator.py
[2024-05-30T11:28:29.344+0000] {processor.py:830} INFO - Processing file /home/airflow/.local/lib/python3.8/site-packages/airflow/example_dags/example_branch_operator.py for tasks to queue
[2024-05-30T11:28:29.347+0000] {logging_mixin.py:188} INFO - [2024-05-30T11:28:29.346+0000] {dagbag.py:540} INFO - Filling up the DagBag from /home/airflow/.local/lib/python3.8/site-packages/airflow/example_dags/example_branch_operator.py
[2024-05-30T11:28:29.368+0000] {processor.py:840} INFO - DAG(s) 'example_branch_operator' retrieved from /home/airflow/.local/lib/python3.8/site-packages/airflow/example_dags/example_branch_operator.py
[2024-05-30T11:28:29.414+0000] {logging_mixin.py:188} INFO - [2024-05-30T11:28:29.413+0000] {dag.py:3047} INFO - Sync 1 DAGs
[2024-05-30T11:28:29.461+0000] {logging_mixin.py:188} INFO - [2024-05-30T11:28:29.460+0000] {dag.py:3834} INFO - Setting next_dagrun for example_branch_operator to 2024-05-29 00:00:00+00:00, run_after=2024-05-30 00:00:00+00:00
[2024-05-30T11:28:29.490+0000] {processor.py:183} INFO - Processing /home/airflow/.local/lib/python3.8/site-packages/airflow/example_dags/example_branch_operator.py took 0.154 seconds
[2024-05-30T11:28:59.854+0000] {processor.py:161} INFO - Started process (PID=1548) to work on /home/airflow/.local/lib/python3.8/site-packages/airflow/example_dags/example_branch_operator.py
[2024-05-30T11:28:59.855+0000] {processor.py:830} INFO - Processing file /home/airflow/.local/lib/python3.8/site-packages/airflow/example_dags/example_branch_operator.py for tasks to queue
[2024-05-30T11:28:59.859+0000] {logging_mixin.py:188} INFO - [2024-05-30T11:28:59.858+0000] {dagbag.py:540} INFO - Filling up the DagBag from /home/airflow/.local/lib/python3.8/site-packages/airflow/example_dags/example_branch_operator.py
[2024-05-30T11:28:59.887+0000] {processor.py:840} INFO - DAG(s) 'example_branch_operator' retrieved from /home/airflow/.local/lib/python3.8/site-packages/airflow/example_dags/example_branch_operator.py
[2024-05-30T11:28:59.932+0000] {logging_mixin.py:188} INFO - [2024-05-30T11:28:59.932+0000] {dag.py:3047} INFO - Sync 1 DAGs
[2024-05-30T11:28:59.974+0000] {logging_mixin.py:188} INFO - [2024-05-30T11:28:59.974+0000] {dag.py:3834} INFO - Setting next_dagrun for example_branch_operator to 2024-05-29 00:00:00+00:00, run_after=2024-05-30 00:00:00+00:00
[2024-05-30T11:29:00.005+0000] {processor.py:183} INFO - Processing /home/airflow/.local/lib/python3.8/site-packages/airflow/example_dags/example_branch_operator.py took 0.155 seconds
[2024-05-30T11:29:30.736+0000] {processor.py:161} INFO - Started process (PID=1605) to work on /home/airflow/.local/lib/python3.8/site-packages/airflow/example_dags/example_branch_operator.py
[2024-05-30T11:29:30.737+0000] {processor.py:830} INFO - Processing file /home/airflow/.local/lib/python3.8/site-packages/airflow/example_dags/example_branch_operator.py for tasks to queue
[2024-05-30T11:29:30.739+0000] {logging_mixin.py:188} INFO - [2024-05-30T11:29:30.739+0000] {dagbag.py:540} INFO - Filling up the DagBag from /home/airflow/.local/lib/python3.8/site-packages/airflow/example_dags/example_branch_operator.py
[2024-05-30T11:29:30.760+0000] {processor.py:840} INFO - DAG(s) 'example_branch_operator' retrieved from /home/airflow/.local/lib/python3.8/site-packages/airflow/example_dags/example_branch_operator.py
[2024-05-30T11:29:30.798+0000] {logging_mixin.py:188} INFO - [2024-05-30T11:29:30.798+0000] {dag.py:3047} INFO - Sync 1 DAGs
[2024-05-30T11:29:30.831+0000] {logging_mixin.py:188} INFO - [2024-05-30T11:29:30.830+0000] {dag.py:3834} INFO - Setting next_dagrun for example_branch_operator to 2024-05-29 00:00:00+00:00, run_after=2024-05-30 00:00:00+00:00
[2024-05-30T11:29:30.854+0000] {processor.py:183} INFO - Processing /home/airflow/.local/lib/python3.8/site-packages/airflow/example_dags/example_branch_operator.py took 0.121 seconds
[2024-05-30T11:30:01.150+0000] {processor.py:161} INFO - Started process (PID=1662) to work on /home/airflow/.local/lib/python3.8/site-packages/airflow/example_dags/example_branch_operator.py
[2024-05-30T11:30:01.152+0000] {processor.py:830} INFO - Processing file /home/airflow/.local/lib/python3.8/site-packages/airflow/example_dags/example_branch_operator.py for tasks to queue
[2024-05-30T11:30:01.153+0000] {logging_mixin.py:188} INFO - [2024-05-30T11:30:01.153+0000] {dagbag.py:540} INFO - Filling up the DagBag from /home/airflow/.local/lib/python3.8/site-packages/airflow/example_dags/example_branch_operator.py
[2024-05-30T11:30:01.174+0000] {processor.py:840} INFO - DAG(s) 'example_branch_operator' retrieved from /home/airflow/.local/lib/python3.8/site-packages/airflow/example_dags/example_branch_operator.py
[2024-05-30T11:30:01.210+0000] {logging_mixin.py:188} INFO - [2024-05-30T11:30:01.210+0000] {dag.py:3047} INFO - Sync 1 DAGs
[2024-05-30T11:30:01.237+0000] {logging_mixin.py:188} INFO - [2024-05-30T11:30:01.236+0000] {dag.py:3834} INFO - Setting next_dagrun for example_branch_operator to 2024-05-29 00:00:00+00:00, run_after=2024-05-30 00:00:00+00:00
[2024-05-30T11:30:01.265+0000] {processor.py:183} INFO - Processing /home/airflow/.local/lib/python3.8/site-packages/airflow/example_dags/example_branch_operator.py took 0.118 seconds
[2024-05-30T11:30:31.461+0000] {processor.py:161} INFO - Started process (PID=1719) to work on /home/airflow/.local/lib/python3.8/site-packages/airflow/example_dags/example_branch_operator.py
[2024-05-30T11:30:31.462+0000] {processor.py:830} INFO - Processing file /home/airflow/.local/lib/python3.8/site-packages/airflow/example_dags/example_branch_operator.py for tasks to queue
[2024-05-30T11:30:31.464+0000] {logging_mixin.py:188} INFO - [2024-05-30T11:30:31.464+0000] {dagbag.py:540} INFO - Filling up the DagBag from /home/airflow/.local/lib/python3.8/site-packages/airflow/example_dags/example_branch_operator.py
[2024-05-30T11:30:31.483+0000] {processor.py:840} INFO - DAG(s) 'example_branch_operator' retrieved from /home/airflow/.local/lib/python3.8/site-packages/airflow/example_dags/example_branch_operator.py
[2024-05-30T11:30:31.516+0000] {logging_mixin.py:188} INFO - [2024-05-30T11:30:31.515+0000] {dag.py:3047} INFO - Sync 1 DAGs
[2024-05-30T11:30:31.542+0000] {logging_mixin.py:188} INFO - [2024-05-30T11:30:31.541+0000] {dag.py:3834} INFO - Setting next_dagrun for example_branch_operator to 2024-05-29 00:00:00+00:00, run_after=2024-05-30 00:00:00+00:00
[2024-05-30T11:30:31.564+0000] {processor.py:183} INFO - Processing /home/airflow/.local/lib/python3.8/site-packages/airflow/example_dags/example_branch_operator.py took 0.105 seconds
[2024-05-30T11:31:02.130+0000] {processor.py:161} INFO - Started process (PID=1776) to work on /home/airflow/.local/lib/python3.8/site-packages/airflow/example_dags/example_branch_operator.py
[2024-05-30T11:31:02.131+0000] {processor.py:830} INFO - Processing file /home/airflow/.local/lib/python3.8/site-packages/airflow/example_dags/example_branch_operator.py for tasks to queue
[2024-05-30T11:31:02.134+0000] {logging_mixin.py:188} INFO - [2024-05-30T11:31:02.134+0000] {dagbag.py:540} INFO - Filling up the DagBag from /home/airflow/.local/lib/python3.8/site-packages/airflow/example_dags/example_branch_operator.py
[2024-05-30T11:31:02.170+0000] {processor.py:840} INFO - DAG(s) 'example_branch_operator' retrieved from /home/airflow/.local/lib/python3.8/site-packages/airflow/example_dags/example_branch_operator.py
[2024-05-30T11:31:02.231+0000] {logging_mixin.py:188} INFO - [2024-05-30T11:31:02.230+0000] {dag.py:3047} INFO - Sync 1 DAGs
[2024-05-30T11:31:02.281+0000] {logging_mixin.py:188} INFO - [2024-05-30T11:31:02.280+0000] {dag.py:3834} INFO - Setting next_dagrun for example_branch_operator to 2024-05-29 00:00:00+00:00, run_after=2024-05-30 00:00:00+00:00
[2024-05-30T11:31:02.316+0000] {processor.py:183} INFO - Processing /home/airflow/.local/lib/python3.8/site-packages/airflow/example_dags/example_branch_operator.py took 0.190 seconds
[2024-05-30T11:31:32.536+0000] {processor.py:161} INFO - Started process (PID=1833) to work on /home/airflow/.local/lib/python3.8/site-packages/airflow/example_dags/example_branch_operator.py
[2024-05-30T11:31:32.538+0000] {processor.py:830} INFO - Processing file /home/airflow/.local/lib/python3.8/site-packages/airflow/example_dags/example_branch_operator.py for tasks to queue
[2024-05-30T11:31:32.547+0000] {logging_mixin.py:188} INFO - [2024-05-30T11:31:32.547+0000] {dagbag.py:540} INFO - Filling up the DagBag from /home/airflow/.local/lib/python3.8/site-packages/airflow/example_dags/example_branch_operator.py
[2024-05-30T11:31:32.616+0000] {processor.py:840} INFO - DAG(s) 'example_branch_operator' retrieved from /home/airflow/.local/lib/python3.8/site-packages/airflow/example_dags/example_branch_operator.py
[2024-05-30T11:31:32.764+0000] {logging_mixin.py:188} INFO - [2024-05-30T11:31:32.763+0000] {dag.py:3047} INFO - Sync 1 DAGs
[2024-05-30T11:31:32.860+0000] {logging_mixin.py:188} INFO - [2024-05-30T11:31:32.859+0000] {dag.py:3834} INFO - Setting next_dagrun for example_branch_operator to 2024-05-29 00:00:00+00:00, run_after=2024-05-30 00:00:00+00:00
[2024-05-30T11:31:32.909+0000] {processor.py:183} INFO - Processing /home/airflow/.local/lib/python3.8/site-packages/airflow/example_dags/example_branch_operator.py took 0.378 seconds
