[2024-05-30T11:15:42.474+0000] {processor.py:161} INFO - Started process (PID=68) to work on /home/airflow/.local/lib/python3.8/site-packages/airflow/example_dags/example_branch_labels.py
[2024-05-30T11:15:42.475+0000] {processor.py:830} INFO - Processing file /home/airflow/.local/lib/python3.8/site-packages/airflow/example_dags/example_branch_labels.py for tasks to queue
[2024-05-30T11:15:42.479+0000] {logging_mixin.py:188} INFO - [2024-05-30T11:15:42.479+0000] {dagbag.py:540} INFO - Filling up the DagBag from /home/airflow/.local/lib/python3.8/site-packages/airflow/example_dags/example_branch_labels.py
[2024-05-30T11:15:42.503+0000] {processor.py:840} INFO - DAG(s) 'example_branch_labels' retrieved from /home/airflow/.local/lib/python3.8/site-packages/airflow/example_dags/example_branch_labels.py
[2024-05-30T11:15:42.545+0000] {logging_mixin.py:188} INFO - [2024-05-30T11:15:42.545+0000] {dag.py:3047} INFO - Sync 1 DAGs
[2024-05-30T11:15:42.583+0000] {logging_mixin.py:188} INFO - [2024-05-30T11:15:42.582+0000] {dag.py:3834} INFO - Setting next_dagrun for example_branch_labels to 2024-05-29 00:00:00+00:00, run_after=2024-05-30 00:00:00+00:00
[2024-05-30T11:15:42.616+0000] {processor.py:183} INFO - Processing /home/airflow/.local/lib/python3.8/site-packages/airflow/example_dags/example_branch_labels.py took 0.147 seconds
[2024-05-30T11:16:12.813+0000] {processor.py:161} INFO - Started process (PID=124) to work on /home/airflow/.local/lib/python3.8/site-packages/airflow/example_dags/example_branch_labels.py
[2024-05-30T11:16:12.816+0000] {processor.py:830} INFO - Processing file /home/airflow/.local/lib/python3.8/site-packages/airflow/example_dags/example_branch_labels.py for tasks to queue
[2024-05-30T11:16:12.819+0000] {logging_mixin.py:188} INFO - [2024-05-30T11:16:12.818+0000] {dagbag.py:540} INFO - Filling up the DagBag from /home/airflow/.local/lib/python3.8/site-packages/airflow/example_dags/example_branch_labels.py
[2024-05-30T11:16:12.833+0000] {processor.py:840} INFO - DAG(s) 'example_branch_labels' retrieved from /home/airflow/.local/lib/python3.8/site-packages/airflow/example_dags/example_branch_labels.py
[2024-05-30T11:16:12.871+0000] {logging_mixin.py:188} INFO - [2024-05-30T11:16:12.870+0000] {dag.py:3047} INFO - Sync 1 DAGs
[2024-05-30T11:16:12.917+0000] {logging_mixin.py:188} INFO - [2024-05-30T11:16:12.916+0000] {dag.py:3834} INFO - Setting next_dagrun for example_branch_labels to 2024-05-29 00:00:00+00:00, run_after=2024-05-30 00:00:00+00:00
[2024-05-30T11:16:12.966+0000] {processor.py:183} INFO - Processing /home/airflow/.local/lib/python3.8/site-packages/airflow/example_dags/example_branch_labels.py took 0.157 seconds
[2024-05-30T11:16:43.221+0000] {processor.py:161} INFO - Started process (PID=181) to work on /home/airflow/.local/lib/python3.8/site-packages/airflow/example_dags/example_branch_labels.py
[2024-05-30T11:16:43.223+0000] {processor.py:830} INFO - Processing file /home/airflow/.local/lib/python3.8/site-packages/airflow/example_dags/example_branch_labels.py for tasks to queue
[2024-05-30T11:16:43.226+0000] {logging_mixin.py:188} INFO - [2024-05-30T11:16:43.225+0000] {dagbag.py:540} INFO - Filling up the DagBag from /home/airflow/.local/lib/python3.8/site-packages/airflow/example_dags/example_branch_labels.py
[2024-05-30T11:16:43.238+0000] {processor.py:840} INFO - DAG(s) 'example_branch_labels' retrieved from /home/airflow/.local/lib/python3.8/site-packages/airflow/example_dags/example_branch_labels.py
[2024-05-30T11:16:43.268+0000] {logging_mixin.py:188} INFO - [2024-05-30T11:16:43.268+0000] {dag.py:3047} INFO - Sync 1 DAGs
[2024-05-30T11:16:43.316+0000] {logging_mixin.py:188} INFO - [2024-05-30T11:16:43.315+0000] {dag.py:3834} INFO - Setting next_dagrun for example_branch_labels to 2024-05-29 00:00:00+00:00, run_after=2024-05-30 00:00:00+00:00
[2024-05-30T11:16:43.349+0000] {processor.py:183} INFO - Processing /home/airflow/.local/lib/python3.8/site-packages/airflow/example_dags/example_branch_labels.py took 0.133 seconds
[2024-05-30T11:17:13.485+0000] {processor.py:161} INFO - Started process (PID=238) to work on /home/airflow/.local/lib/python3.8/site-packages/airflow/example_dags/example_branch_labels.py
[2024-05-30T11:17:13.486+0000] {processor.py:830} INFO - Processing file /home/airflow/.local/lib/python3.8/site-packages/airflow/example_dags/example_branch_labels.py for tasks to queue
[2024-05-30T11:17:13.489+0000] {logging_mixin.py:188} INFO - [2024-05-30T11:17:13.488+0000] {dagbag.py:540} INFO - Filling up the DagBag from /home/airflow/.local/lib/python3.8/site-packages/airflow/example_dags/example_branch_labels.py
[2024-05-30T11:17:13.497+0000] {processor.py:840} INFO - DAG(s) 'example_branch_labels' retrieved from /home/airflow/.local/lib/python3.8/site-packages/airflow/example_dags/example_branch_labels.py
[2024-05-30T11:17:13.519+0000] {logging_mixin.py:188} INFO - [2024-05-30T11:17:13.518+0000] {dag.py:3047} INFO - Sync 1 DAGs
[2024-05-30T11:17:13.545+0000] {logging_mixin.py:188} INFO - [2024-05-30T11:17:13.544+0000] {dag.py:3834} INFO - Setting next_dagrun for example_branch_labels to 2024-05-29 00:00:00+00:00, run_after=2024-05-30 00:00:00+00:00
[2024-05-30T11:17:13.569+0000] {processor.py:183} INFO - Processing /home/airflow/.local/lib/python3.8/site-packages/airflow/example_dags/example_branch_labels.py took 0.088 seconds
[2024-05-30T11:17:44.942+0000] {processor.py:161} INFO - Started process (PID=296) to work on /home/airflow/.local/lib/python3.8/site-packages/airflow/example_dags/example_branch_labels.py
[2024-05-30T11:17:44.943+0000] {processor.py:830} INFO - Processing file /home/airflow/.local/lib/python3.8/site-packages/airflow/example_dags/example_branch_labels.py for tasks to queue
[2024-05-30T11:17:44.945+0000] {logging_mixin.py:188} INFO - [2024-05-30T11:17:44.945+0000] {dagbag.py:540} INFO - Filling up the DagBag from /home/airflow/.local/lib/python3.8/site-packages/airflow/example_dags/example_branch_labels.py
[2024-05-30T11:17:44.953+0000] {processor.py:840} INFO - DAG(s) 'example_branch_labels' retrieved from /home/airflow/.local/lib/python3.8/site-packages/airflow/example_dags/example_branch_labels.py
[2024-05-30T11:17:44.975+0000] {logging_mixin.py:188} INFO - [2024-05-30T11:17:44.975+0000] {dag.py:3047} INFO - Sync 1 DAGs
[2024-05-30T11:17:45.004+0000] {logging_mixin.py:188} INFO - [2024-05-30T11:17:45.003+0000] {dag.py:3834} INFO - Setting next_dagrun for example_branch_labels to 2024-05-29 00:00:00+00:00, run_after=2024-05-30 00:00:00+00:00
[2024-05-30T11:17:45.029+0000] {processor.py:183} INFO - Processing /home/airflow/.local/lib/python3.8/site-packages/airflow/example_dags/example_branch_labels.py took 0.089 seconds
[2024-05-30T11:18:15.286+0000] {processor.py:161} INFO - Started process (PID=353) to work on /home/airflow/.local/lib/python3.8/site-packages/airflow/example_dags/example_branch_labels.py
[2024-05-30T11:18:15.288+0000] {processor.py:830} INFO - Processing file /home/airflow/.local/lib/python3.8/site-packages/airflow/example_dags/example_branch_labels.py for tasks to queue
[2024-05-30T11:18:15.290+0000] {logging_mixin.py:188} INFO - [2024-05-30T11:18:15.289+0000] {dagbag.py:540} INFO - Filling up the DagBag from /home/airflow/.local/lib/python3.8/site-packages/airflow/example_dags/example_branch_labels.py
[2024-05-30T11:18:15.301+0000] {processor.py:840} INFO - DAG(s) 'example_branch_labels' retrieved from /home/airflow/.local/lib/python3.8/site-packages/airflow/example_dags/example_branch_labels.py
[2024-05-30T11:18:15.334+0000] {logging_mixin.py:188} INFO - [2024-05-30T11:18:15.333+0000] {dag.py:3047} INFO - Sync 1 DAGs
[2024-05-30T11:18:15.370+0000] {logging_mixin.py:188} INFO - [2024-05-30T11:18:15.370+0000] {dag.py:3834} INFO - Setting next_dagrun for example_branch_labels to 2024-05-29 00:00:00+00:00, run_after=2024-05-30 00:00:00+00:00
[2024-05-30T11:18:15.405+0000] {processor.py:183} INFO - Processing /home/airflow/.local/lib/python3.8/site-packages/airflow/example_dags/example_branch_labels.py took 0.122 seconds
[2024-05-30T11:18:45.732+0000] {processor.py:161} INFO - Started process (PID=416) to work on /home/airflow/.local/lib/python3.8/site-packages/airflow/example_dags/example_branch_labels.py
[2024-05-30T11:18:45.734+0000] {processor.py:830} INFO - Processing file /home/airflow/.local/lib/python3.8/site-packages/airflow/example_dags/example_branch_labels.py for tasks to queue
[2024-05-30T11:18:45.736+0000] {logging_mixin.py:188} INFO - [2024-05-30T11:18:45.735+0000] {dagbag.py:540} INFO - Filling up the DagBag from /home/airflow/.local/lib/python3.8/site-packages/airflow/example_dags/example_branch_labels.py
[2024-05-30T11:18:45.744+0000] {processor.py:840} INFO - DAG(s) 'example_branch_labels' retrieved from /home/airflow/.local/lib/python3.8/site-packages/airflow/example_dags/example_branch_labels.py
[2024-05-30T11:18:45.766+0000] {logging_mixin.py:188} INFO - [2024-05-30T11:18:45.765+0000] {dag.py:3047} INFO - Sync 1 DAGs
[2024-05-30T11:18:45.798+0000] {logging_mixin.py:188} INFO - [2024-05-30T11:18:45.797+0000] {dag.py:3834} INFO - Setting next_dagrun for example_branch_labels to 2024-05-29 00:00:00+00:00, run_after=2024-05-30 00:00:00+00:00
[2024-05-30T11:18:45.827+0000] {processor.py:183} INFO - Processing /home/airflow/.local/lib/python3.8/site-packages/airflow/example_dags/example_branch_labels.py took 0.097 seconds
[2024-05-30T11:19:16.527+0000] {processor.py:161} INFO - Started process (PID=472) to work on /home/airflow/.local/lib/python3.8/site-packages/airflow/example_dags/example_branch_labels.py
[2024-05-30T11:19:16.528+0000] {processor.py:830} INFO - Processing file /home/airflow/.local/lib/python3.8/site-packages/airflow/example_dags/example_branch_labels.py for tasks to queue
[2024-05-30T11:19:16.530+0000] {logging_mixin.py:188} INFO - [2024-05-30T11:19:16.530+0000] {dagbag.py:540} INFO - Filling up the DagBag from /home/airflow/.local/lib/python3.8/site-packages/airflow/example_dags/example_branch_labels.py
[2024-05-30T11:19:16.543+0000] {processor.py:840} INFO - DAG(s) 'example_branch_labels' retrieved from /home/airflow/.local/lib/python3.8/site-packages/airflow/example_dags/example_branch_labels.py
[2024-05-30T11:19:16.577+0000] {logging_mixin.py:188} INFO - [2024-05-30T11:19:16.576+0000] {dag.py:3047} INFO - Sync 1 DAGs
[2024-05-30T11:19:16.613+0000] {logging_mixin.py:188} INFO - [2024-05-30T11:19:16.612+0000] {dag.py:3834} INFO - Setting next_dagrun for example_branch_labels to 2024-05-29 00:00:00+00:00, run_after=2024-05-30 00:00:00+00:00
[2024-05-30T11:19:16.648+0000] {processor.py:183} INFO - Processing /home/airflow/.local/lib/python3.8/site-packages/airflow/example_dags/example_branch_labels.py took 0.125 seconds
[2024-05-30T11:19:46.691+0000] {processor.py:161} INFO - Started process (PID=527) to work on /home/airflow/.local/lib/python3.8/site-packages/airflow/example_dags/example_branch_labels.py
[2024-05-30T11:19:46.693+0000] {processor.py:830} INFO - Processing file /home/airflow/.local/lib/python3.8/site-packages/airflow/example_dags/example_branch_labels.py for tasks to queue
[2024-05-30T11:19:46.695+0000] {logging_mixin.py:188} INFO - [2024-05-30T11:19:46.694+0000] {dagbag.py:540} INFO - Filling up the DagBag from /home/airflow/.local/lib/python3.8/site-packages/airflow/example_dags/example_branch_labels.py
[2024-05-30T11:19:46.703+0000] {processor.py:840} INFO - DAG(s) 'example_branch_labels' retrieved from /home/airflow/.local/lib/python3.8/site-packages/airflow/example_dags/example_branch_labels.py
[2024-05-30T11:19:46.725+0000] {logging_mixin.py:188} INFO - [2024-05-30T11:19:46.725+0000] {dag.py:3047} INFO - Sync 1 DAGs
[2024-05-30T11:19:46.751+0000] {logging_mixin.py:188} INFO - [2024-05-30T11:19:46.750+0000] {dag.py:3834} INFO - Setting next_dagrun for example_branch_labels to 2024-05-29 00:00:00+00:00, run_after=2024-05-30 00:00:00+00:00
[2024-05-30T11:19:46.778+0000] {processor.py:183} INFO - Processing /home/airflow/.local/lib/python3.8/site-packages/airflow/example_dags/example_branch_labels.py took 0.089 seconds
[2024-05-30T11:20:18.964+0000] {processor.py:161} INFO - Started process (PID=587) to work on /home/airflow/.local/lib/python3.8/site-packages/airflow/example_dags/example_branch_labels.py
[2024-05-30T11:20:18.966+0000] {processor.py:830} INFO - Processing file /home/airflow/.local/lib/python3.8/site-packages/airflow/example_dags/example_branch_labels.py for tasks to queue
[2024-05-30T11:20:18.969+0000] {logging_mixin.py:188} INFO - [2024-05-30T11:20:18.969+0000] {dagbag.py:540} INFO - Filling up the DagBag from /home/airflow/.local/lib/python3.8/site-packages/airflow/example_dags/example_branch_labels.py
[2024-05-30T11:20:18.982+0000] {processor.py:840} INFO - DAG(s) 'example_branch_labels' retrieved from /home/airflow/.local/lib/python3.8/site-packages/airflow/example_dags/example_branch_labels.py
[2024-05-30T11:20:19.023+0000] {logging_mixin.py:188} INFO - [2024-05-30T11:20:19.022+0000] {dag.py:3047} INFO - Sync 1 DAGs
[2024-05-30T11:20:19.069+0000] {logging_mixin.py:188} INFO - [2024-05-30T11:20:19.069+0000] {dag.py:3834} INFO - Setting next_dagrun for example_branch_labels to 2024-05-29 00:00:00+00:00, run_after=2024-05-30 00:00:00+00:00
[2024-05-30T11:20:19.101+0000] {processor.py:183} INFO - Processing /home/airflow/.local/lib/python3.8/site-packages/airflow/example_dags/example_branch_labels.py took 0.143 seconds
[2024-05-30T11:20:49.654+0000] {processor.py:161} INFO - Started process (PID=644) to work on /home/airflow/.local/lib/python3.8/site-packages/airflow/example_dags/example_branch_labels.py
[2024-05-30T11:20:49.656+0000] {processor.py:830} INFO - Processing file /home/airflow/.local/lib/python3.8/site-packages/airflow/example_dags/example_branch_labels.py for tasks to queue
[2024-05-30T11:20:49.660+0000] {logging_mixin.py:188} INFO - [2024-05-30T11:20:49.659+0000] {dagbag.py:540} INFO - Filling up the DagBag from /home/airflow/.local/lib/python3.8/site-packages/airflow/example_dags/example_branch_labels.py
[2024-05-30T11:20:49.673+0000] {processor.py:840} INFO - DAG(s) 'example_branch_labels' retrieved from /home/airflow/.local/lib/python3.8/site-packages/airflow/example_dags/example_branch_labels.py
[2024-05-30T11:20:49.717+0000] {logging_mixin.py:188} INFO - [2024-05-30T11:20:49.717+0000] {dag.py:3047} INFO - Sync 1 DAGs
[2024-05-30T11:20:49.774+0000] {logging_mixin.py:188} INFO - [2024-05-30T11:20:49.773+0000] {dag.py:3834} INFO - Setting next_dagrun for example_branch_labels to 2024-05-29 00:00:00+00:00, run_after=2024-05-30 00:00:00+00:00
[2024-05-30T11:20:49.817+0000] {processor.py:183} INFO - Processing /home/airflow/.local/lib/python3.8/site-packages/airflow/example_dags/example_branch_labels.py took 0.167 seconds
[2024-05-30T11:21:19.989+0000] {processor.py:161} INFO - Started process (PID=699) to work on /home/airflow/.local/lib/python3.8/site-packages/airflow/example_dags/example_branch_labels.py
[2024-05-30T11:21:19.990+0000] {processor.py:830} INFO - Processing file /home/airflow/.local/lib/python3.8/site-packages/airflow/example_dags/example_branch_labels.py for tasks to queue
[2024-05-30T11:21:19.992+0000] {logging_mixin.py:188} INFO - [2024-05-30T11:21:19.992+0000] {dagbag.py:540} INFO - Filling up the DagBag from /home/airflow/.local/lib/python3.8/site-packages/airflow/example_dags/example_branch_labels.py
[2024-05-30T11:21:20.000+0000] {processor.py:840} INFO - DAG(s) 'example_branch_labels' retrieved from /home/airflow/.local/lib/python3.8/site-packages/airflow/example_dags/example_branch_labels.py
[2024-05-30T11:21:20.023+0000] {logging_mixin.py:188} INFO - [2024-05-30T11:21:20.023+0000] {dag.py:3047} INFO - Sync 1 DAGs
[2024-05-30T11:21:20.050+0000] {logging_mixin.py:188} INFO - [2024-05-30T11:21:20.050+0000] {dag.py:3834} INFO - Setting next_dagrun for example_branch_labels to 2024-05-29 00:00:00+00:00, run_after=2024-05-30 00:00:00+00:00
[2024-05-30T11:21:20.076+0000] {processor.py:183} INFO - Processing /home/airflow/.local/lib/python3.8/site-packages/airflow/example_dags/example_branch_labels.py took 0.089 seconds
[2024-05-30T11:21:50.713+0000] {processor.py:161} INFO - Started process (PID=755) to work on /home/airflow/.local/lib/python3.8/site-packages/airflow/example_dags/example_branch_labels.py
[2024-05-30T11:21:50.714+0000] {processor.py:830} INFO - Processing file /home/airflow/.local/lib/python3.8/site-packages/airflow/example_dags/example_branch_labels.py for tasks to queue
[2024-05-30T11:21:50.716+0000] {logging_mixin.py:188} INFO - [2024-05-30T11:21:50.715+0000] {dagbag.py:540} INFO - Filling up the DagBag from /home/airflow/.local/lib/python3.8/site-packages/airflow/example_dags/example_branch_labels.py
[2024-05-30T11:21:50.724+0000] {processor.py:840} INFO - DAG(s) 'example_branch_labels' retrieved from /home/airflow/.local/lib/python3.8/site-packages/airflow/example_dags/example_branch_labels.py
[2024-05-30T11:21:50.748+0000] {logging_mixin.py:188} INFO - [2024-05-30T11:21:50.748+0000] {dag.py:3047} INFO - Sync 1 DAGs
[2024-05-30T11:21:50.783+0000] {logging_mixin.py:188} INFO - [2024-05-30T11:21:50.783+0000] {dag.py:3834} INFO - Setting next_dagrun for example_branch_labels to 2024-05-29 00:00:00+00:00, run_after=2024-05-30 00:00:00+00:00
[2024-05-30T11:21:50.811+0000] {processor.py:183} INFO - Processing /home/airflow/.local/lib/python3.8/site-packages/airflow/example_dags/example_branch_labels.py took 0.101 seconds
[2024-05-30T11:22:20.944+0000] {processor.py:161} INFO - Started process (PID=812) to work on /home/airflow/.local/lib/python3.8/site-packages/airflow/example_dags/example_branch_labels.py
[2024-05-30T11:22:20.946+0000] {processor.py:830} INFO - Processing file /home/airflow/.local/lib/python3.8/site-packages/airflow/example_dags/example_branch_labels.py for tasks to queue
[2024-05-30T11:22:20.947+0000] {logging_mixin.py:188} INFO - [2024-05-30T11:22:20.947+0000] {dagbag.py:540} INFO - Filling up the DagBag from /home/airflow/.local/lib/python3.8/site-packages/airflow/example_dags/example_branch_labels.py
[2024-05-30T11:22:20.955+0000] {processor.py:840} INFO - DAG(s) 'example_branch_labels' retrieved from /home/airflow/.local/lib/python3.8/site-packages/airflow/example_dags/example_branch_labels.py
[2024-05-30T11:22:20.981+0000] {logging_mixin.py:188} INFO - [2024-05-30T11:22:20.980+0000] {dag.py:3047} INFO - Sync 1 DAGs
[2024-05-30T11:22:21.011+0000] {logging_mixin.py:188} INFO - [2024-05-30T11:22:21.011+0000] {dag.py:3834} INFO - Setting next_dagrun for example_branch_labels to 2024-05-29 00:00:00+00:00, run_after=2024-05-30 00:00:00+00:00
[2024-05-30T11:22:21.034+0000] {processor.py:183} INFO - Processing /home/airflow/.local/lib/python3.8/site-packages/airflow/example_dags/example_branch_labels.py took 0.092 seconds
[2024-05-30T11:22:51.688+0000] {processor.py:161} INFO - Started process (PID=869) to work on /home/airflow/.local/lib/python3.8/site-packages/airflow/example_dags/example_branch_labels.py
[2024-05-30T11:22:51.689+0000] {processor.py:830} INFO - Processing file /home/airflow/.local/lib/python3.8/site-packages/airflow/example_dags/example_branch_labels.py for tasks to queue
[2024-05-30T11:22:51.691+0000] {logging_mixin.py:188} INFO - [2024-05-30T11:22:51.691+0000] {dagbag.py:540} INFO - Filling up the DagBag from /home/airflow/.local/lib/python3.8/site-packages/airflow/example_dags/example_branch_labels.py
[2024-05-30T11:22:51.701+0000] {processor.py:840} INFO - DAG(s) 'example_branch_labels' retrieved from /home/airflow/.local/lib/python3.8/site-packages/airflow/example_dags/example_branch_labels.py
[2024-05-30T11:22:51.728+0000] {logging_mixin.py:188} INFO - [2024-05-30T11:22:51.727+0000] {dag.py:3047} INFO - Sync 1 DAGs
[2024-05-30T11:22:51.765+0000] {logging_mixin.py:188} INFO - [2024-05-30T11:22:51.765+0000] {dag.py:3834} INFO - Setting next_dagrun for example_branch_labels to 2024-05-29 00:00:00+00:00, run_after=2024-05-30 00:00:00+00:00
[2024-05-30T11:22:51.796+0000] {processor.py:183} INFO - Processing /home/airflow/.local/lib/python3.8/site-packages/airflow/example_dags/example_branch_labels.py took 0.111 seconds
[2024-05-30T11:23:22.521+0000] {processor.py:161} INFO - Started process (PID=927) to work on /home/airflow/.local/lib/python3.8/site-packages/airflow/example_dags/example_branch_labels.py
[2024-05-30T11:23:22.522+0000] {processor.py:830} INFO - Processing file /home/airflow/.local/lib/python3.8/site-packages/airflow/example_dags/example_branch_labels.py for tasks to queue
[2024-05-30T11:23:22.524+0000] {logging_mixin.py:188} INFO - [2024-05-30T11:23:22.524+0000] {dagbag.py:540} INFO - Filling up the DagBag from /home/airflow/.local/lib/python3.8/site-packages/airflow/example_dags/example_branch_labels.py
[2024-05-30T11:23:22.533+0000] {processor.py:840} INFO - DAG(s) 'example_branch_labels' retrieved from /home/airflow/.local/lib/python3.8/site-packages/airflow/example_dags/example_branch_labels.py
[2024-05-30T11:23:22.559+0000] {logging_mixin.py:188} INFO - [2024-05-30T11:23:22.559+0000] {dag.py:3047} INFO - Sync 1 DAGs
[2024-05-30T11:23:22.589+0000] {logging_mixin.py:188} INFO - [2024-05-30T11:23:22.589+0000] {dag.py:3834} INFO - Setting next_dagrun for example_branch_labels to 2024-05-29 00:00:00+00:00, run_after=2024-05-30 00:00:00+00:00
[2024-05-30T11:23:22.636+0000] {processor.py:183} INFO - Processing /home/airflow/.local/lib/python3.8/site-packages/airflow/example_dags/example_branch_labels.py took 0.119 seconds
[2024-05-30T11:23:53.553+0000] {processor.py:161} INFO - Started process (PID=984) to work on /home/airflow/.local/lib/python3.8/site-packages/airflow/example_dags/example_branch_labels.py
[2024-05-30T11:23:53.555+0000] {processor.py:830} INFO - Processing file /home/airflow/.local/lib/python3.8/site-packages/airflow/example_dags/example_branch_labels.py for tasks to queue
[2024-05-30T11:23:53.559+0000] {logging_mixin.py:188} INFO - [2024-05-30T11:23:53.558+0000] {dagbag.py:540} INFO - Filling up the DagBag from /home/airflow/.local/lib/python3.8/site-packages/airflow/example_dags/example_branch_labels.py
[2024-05-30T11:23:53.574+0000] {processor.py:840} INFO - DAG(s) 'example_branch_labels' retrieved from /home/airflow/.local/lib/python3.8/site-packages/airflow/example_dags/example_branch_labels.py
[2024-05-30T11:23:53.606+0000] {logging_mixin.py:188} INFO - [2024-05-30T11:23:53.605+0000] {dag.py:3047} INFO - Sync 1 DAGs
[2024-05-30T11:23:53.641+0000] {logging_mixin.py:188} INFO - [2024-05-30T11:23:53.640+0000] {dag.py:3834} INFO - Setting next_dagrun for example_branch_labels to 2024-05-29 00:00:00+00:00, run_after=2024-05-30 00:00:00+00:00
[2024-05-30T11:23:53.673+0000] {processor.py:183} INFO - Processing /home/airflow/.local/lib/python3.8/site-packages/airflow/example_dags/example_branch_labels.py took 0.124 seconds
[2024-05-30T11:24:24.645+0000] {processor.py:161} INFO - Started process (PID=1041) to work on /home/airflow/.local/lib/python3.8/site-packages/airflow/example_dags/example_branch_labels.py
[2024-05-30T11:24:24.647+0000] {processor.py:830} INFO - Processing file /home/airflow/.local/lib/python3.8/site-packages/airflow/example_dags/example_branch_labels.py for tasks to queue
[2024-05-30T11:24:24.652+0000] {logging_mixin.py:188} INFO - [2024-05-30T11:24:24.651+0000] {dagbag.py:540} INFO - Filling up the DagBag from /home/airflow/.local/lib/python3.8/site-packages/airflow/example_dags/example_branch_labels.py
[2024-05-30T11:24:24.670+0000] {processor.py:840} INFO - DAG(s) 'example_branch_labels' retrieved from /home/airflow/.local/lib/python3.8/site-packages/airflow/example_dags/example_branch_labels.py
[2024-05-30T11:24:24.707+0000] {logging_mixin.py:188} INFO - [2024-05-30T11:24:24.707+0000] {dag.py:3047} INFO - Sync 1 DAGs
[2024-05-30T11:24:24.757+0000] {logging_mixin.py:188} INFO - [2024-05-30T11:24:24.757+0000] {dag.py:3834} INFO - Setting next_dagrun for example_branch_labels to 2024-05-29 00:00:00+00:00, run_after=2024-05-30 00:00:00+00:00
[2024-05-30T11:24:24.800+0000] {processor.py:183} INFO - Processing /home/airflow/.local/lib/python3.8/site-packages/airflow/example_dags/example_branch_labels.py took 0.161 seconds
[2024-05-30T11:24:55.277+0000] {processor.py:161} INFO - Started process (PID=1098) to work on /home/airflow/.local/lib/python3.8/site-packages/airflow/example_dags/example_branch_labels.py
[2024-05-30T11:24:55.278+0000] {processor.py:830} INFO - Processing file /home/airflow/.local/lib/python3.8/site-packages/airflow/example_dags/example_branch_labels.py for tasks to queue
[2024-05-30T11:24:55.281+0000] {logging_mixin.py:188} INFO - [2024-05-30T11:24:55.280+0000] {dagbag.py:540} INFO - Filling up the DagBag from /home/airflow/.local/lib/python3.8/site-packages/airflow/example_dags/example_branch_labels.py
[2024-05-30T11:24:55.295+0000] {processor.py:840} INFO - DAG(s) 'example_branch_labels' retrieved from /home/airflow/.local/lib/python3.8/site-packages/airflow/example_dags/example_branch_labels.py
[2024-05-30T11:24:55.329+0000] {logging_mixin.py:188} INFO - [2024-05-30T11:24:55.329+0000] {dag.py:3047} INFO - Sync 1 DAGs
[2024-05-30T11:24:55.374+0000] {logging_mixin.py:188} INFO - [2024-05-30T11:24:55.374+0000] {dag.py:3834} INFO - Setting next_dagrun for example_branch_labels to 2024-05-29 00:00:00+00:00, run_after=2024-05-30 00:00:00+00:00
[2024-05-30T11:24:55.411+0000] {processor.py:183} INFO - Processing /home/airflow/.local/lib/python3.8/site-packages/airflow/example_dags/example_branch_labels.py took 0.139 seconds
[2024-05-30T11:25:26.336+0000] {processor.py:161} INFO - Started process (PID=1155) to work on /home/airflow/.local/lib/python3.8/site-packages/airflow/example_dags/example_branch_labels.py
[2024-05-30T11:25:26.337+0000] {processor.py:830} INFO - Processing file /home/airflow/.local/lib/python3.8/site-packages/airflow/example_dags/example_branch_labels.py for tasks to queue
[2024-05-30T11:25:26.340+0000] {logging_mixin.py:188} INFO - [2024-05-30T11:25:26.339+0000] {dagbag.py:540} INFO - Filling up the DagBag from /home/airflow/.local/lib/python3.8/site-packages/airflow/example_dags/example_branch_labels.py
[2024-05-30T11:25:26.352+0000] {processor.py:840} INFO - DAG(s) 'example_branch_labels' retrieved from /home/airflow/.local/lib/python3.8/site-packages/airflow/example_dags/example_branch_labels.py
[2024-05-30T11:25:26.378+0000] {logging_mixin.py:188} INFO - [2024-05-30T11:25:26.377+0000] {dag.py:3047} INFO - Sync 1 DAGs
[2024-05-30T11:25:26.409+0000] {logging_mixin.py:188} INFO - [2024-05-30T11:25:26.409+0000] {dag.py:3834} INFO - Setting next_dagrun for example_branch_labels to 2024-05-29 00:00:00+00:00, run_after=2024-05-30 00:00:00+00:00
[2024-05-30T11:25:26.437+0000] {processor.py:183} INFO - Processing /home/airflow/.local/lib/python3.8/site-packages/airflow/example_dags/example_branch_labels.py took 0.104 seconds
[2024-05-30T11:25:57.081+0000] {processor.py:161} INFO - Started process (PID=1212) to work on /home/airflow/.local/lib/python3.8/site-packages/airflow/example_dags/example_branch_labels.py
[2024-05-30T11:25:57.083+0000] {processor.py:830} INFO - Processing file /home/airflow/.local/lib/python3.8/site-packages/airflow/example_dags/example_branch_labels.py for tasks to queue
[2024-05-30T11:25:57.093+0000] {logging_mixin.py:188} INFO - [2024-05-30T11:25:57.089+0000] {dagbag.py:540} INFO - Filling up the DagBag from /home/airflow/.local/lib/python3.8/site-packages/airflow/example_dags/example_branch_labels.py
[2024-05-30T11:25:57.118+0000] {processor.py:840} INFO - DAG(s) 'example_branch_labels' retrieved from /home/airflow/.local/lib/python3.8/site-packages/airflow/example_dags/example_branch_labels.py
[2024-05-30T11:25:57.186+0000] {logging_mixin.py:188} INFO - [2024-05-30T11:25:57.185+0000] {dag.py:3047} INFO - Sync 1 DAGs
[2024-05-30T11:25:57.254+0000] {logging_mixin.py:188} INFO - [2024-05-30T11:25:57.253+0000] {dag.py:3834} INFO - Setting next_dagrun for example_branch_labels to 2024-05-29 00:00:00+00:00, run_after=2024-05-30 00:00:00+00:00
[2024-05-30T11:25:57.296+0000] {processor.py:183} INFO - Processing /home/airflow/.local/lib/python3.8/site-packages/airflow/example_dags/example_branch_labels.py took 0.221 seconds
[2024-05-30T11:26:27.609+0000] {processor.py:161} INFO - Started process (PID=1268) to work on /home/airflow/.local/lib/python3.8/site-packages/airflow/example_dags/example_branch_labels.py
[2024-05-30T11:26:27.612+0000] {processor.py:830} INFO - Processing file /home/airflow/.local/lib/python3.8/site-packages/airflow/example_dags/example_branch_labels.py for tasks to queue
[2024-05-30T11:26:27.617+0000] {logging_mixin.py:188} INFO - [2024-05-30T11:26:27.616+0000] {dagbag.py:540} INFO - Filling up the DagBag from /home/airflow/.local/lib/python3.8/site-packages/airflow/example_dags/example_branch_labels.py
[2024-05-30T11:26:27.639+0000] {processor.py:840} INFO - DAG(s) 'example_branch_labels' retrieved from /home/airflow/.local/lib/python3.8/site-packages/airflow/example_dags/example_branch_labels.py
[2024-05-30T11:26:27.699+0000] {logging_mixin.py:188} INFO - [2024-05-30T11:26:27.699+0000] {dag.py:3047} INFO - Sync 1 DAGs
[2024-05-30T11:26:27.766+0000] {logging_mixin.py:188} INFO - [2024-05-30T11:26:27.766+0000] {dag.py:3834} INFO - Setting next_dagrun for example_branch_labels to 2024-05-29 00:00:00+00:00, run_after=2024-05-30 00:00:00+00:00
[2024-05-30T11:26:27.814+0000] {processor.py:183} INFO - Processing /home/airflow/.local/lib/python3.8/site-packages/airflow/example_dags/example_branch_labels.py took 0.210 seconds
[2024-05-30T11:26:58.786+0000] {processor.py:161} INFO - Started process (PID=1325) to work on /home/airflow/.local/lib/python3.8/site-packages/airflow/example_dags/example_branch_labels.py
[2024-05-30T11:26:58.788+0000] {processor.py:830} INFO - Processing file /home/airflow/.local/lib/python3.8/site-packages/airflow/example_dags/example_branch_labels.py for tasks to queue
[2024-05-30T11:26:58.790+0000] {logging_mixin.py:188} INFO - [2024-05-30T11:26:58.790+0000] {dagbag.py:540} INFO - Filling up the DagBag from /home/airflow/.local/lib/python3.8/site-packages/airflow/example_dags/example_branch_labels.py
[2024-05-30T11:26:58.800+0000] {processor.py:840} INFO - DAG(s) 'example_branch_labels' retrieved from /home/airflow/.local/lib/python3.8/site-packages/airflow/example_dags/example_branch_labels.py
[2024-05-30T11:26:58.830+0000] {logging_mixin.py:188} INFO - [2024-05-30T11:26:58.829+0000] {dag.py:3047} INFO - Sync 1 DAGs
[2024-05-30T11:26:58.877+0000] {logging_mixin.py:188} INFO - [2024-05-30T11:26:58.877+0000] {dag.py:3834} INFO - Setting next_dagrun for example_branch_labels to 2024-05-29 00:00:00+00:00, run_after=2024-05-30 00:00:00+00:00
[2024-05-30T11:26:58.917+0000] {processor.py:183} INFO - Processing /home/airflow/.local/lib/python3.8/site-packages/airflow/example_dags/example_branch_labels.py took 0.136 seconds
[2024-05-30T11:27:29.473+0000] {processor.py:161} INFO - Started process (PID=1382) to work on /home/airflow/.local/lib/python3.8/site-packages/airflow/example_dags/example_branch_labels.py
[2024-05-30T11:27:29.475+0000] {processor.py:830} INFO - Processing file /home/airflow/.local/lib/python3.8/site-packages/airflow/example_dags/example_branch_labels.py for tasks to queue
[2024-05-30T11:27:29.479+0000] {logging_mixin.py:188} INFO - [2024-05-30T11:27:29.478+0000] {dagbag.py:540} INFO - Filling up the DagBag from /home/airflow/.local/lib/python3.8/site-packages/airflow/example_dags/example_branch_labels.py
[2024-05-30T11:27:29.494+0000] {processor.py:840} INFO - DAG(s) 'example_branch_labels' retrieved from /home/airflow/.local/lib/python3.8/site-packages/airflow/example_dags/example_branch_labels.py
[2024-05-30T11:27:29.535+0000] {logging_mixin.py:188} INFO - [2024-05-30T11:27:29.534+0000] {dag.py:3047} INFO - Sync 1 DAGs
[2024-05-30T11:27:29.594+0000] {logging_mixin.py:188} INFO - [2024-05-30T11:27:29.593+0000] {dag.py:3834} INFO - Setting next_dagrun for example_branch_labels to 2024-05-29 00:00:00+00:00, run_after=2024-05-30 00:00:00+00:00
[2024-05-30T11:27:29.631+0000] {processor.py:183} INFO - Processing /home/airflow/.local/lib/python3.8/site-packages/airflow/example_dags/example_branch_labels.py took 0.162 seconds
[2024-05-30T11:27:59.786+0000] {processor.py:161} INFO - Started process (PID=1439) to work on /home/airflow/.local/lib/python3.8/site-packages/airflow/example_dags/example_branch_labels.py
[2024-05-30T11:27:59.787+0000] {processor.py:830} INFO - Processing file /home/airflow/.local/lib/python3.8/site-packages/airflow/example_dags/example_branch_labels.py for tasks to queue
[2024-05-30T11:27:59.790+0000] {logging_mixin.py:188} INFO - [2024-05-30T11:27:59.789+0000] {dagbag.py:540} INFO - Filling up the DagBag from /home/airflow/.local/lib/python3.8/site-packages/airflow/example_dags/example_branch_labels.py
[2024-05-30T11:27:59.800+0000] {processor.py:840} INFO - DAG(s) 'example_branch_labels' retrieved from /home/airflow/.local/lib/python3.8/site-packages/airflow/example_dags/example_branch_labels.py
[2024-05-30T11:27:59.827+0000] {logging_mixin.py:188} INFO - [2024-05-30T11:27:59.826+0000] {dag.py:3047} INFO - Sync 1 DAGs
[2024-05-30T11:27:59.862+0000] {logging_mixin.py:188} INFO - [2024-05-30T11:27:59.862+0000] {dag.py:3834} INFO - Setting next_dagrun for example_branch_labels to 2024-05-29 00:00:00+00:00, run_after=2024-05-30 00:00:00+00:00
[2024-05-30T11:27:59.894+0000] {processor.py:183} INFO - Processing /home/airflow/.local/lib/python3.8/site-packages/airflow/example_dags/example_branch_labels.py took 0.113 seconds
[2024-05-30T11:28:29.974+0000] {processor.py:161} INFO - Started process (PID=1496) to work on /home/airflow/.local/lib/python3.8/site-packages/airflow/example_dags/example_branch_labels.py
[2024-05-30T11:28:29.975+0000] {processor.py:830} INFO - Processing file /home/airflow/.local/lib/python3.8/site-packages/airflow/example_dags/example_branch_labels.py for tasks to queue
[2024-05-30T11:28:29.978+0000] {logging_mixin.py:188} INFO - [2024-05-30T11:28:29.978+0000] {dagbag.py:540} INFO - Filling up the DagBag from /home/airflow/.local/lib/python3.8/site-packages/airflow/example_dags/example_branch_labels.py
[2024-05-30T11:28:29.988+0000] {processor.py:840} INFO - DAG(s) 'example_branch_labels' retrieved from /home/airflow/.local/lib/python3.8/site-packages/airflow/example_dags/example_branch_labels.py
[2024-05-30T11:28:30.017+0000] {logging_mixin.py:188} INFO - [2024-05-30T11:28:30.017+0000] {dag.py:3047} INFO - Sync 1 DAGs
[2024-05-30T11:28:30.049+0000] {logging_mixin.py:188} INFO - [2024-05-30T11:28:30.049+0000] {dag.py:3834} INFO - Setting next_dagrun for example_branch_labels to 2024-05-29 00:00:00+00:00, run_after=2024-05-30 00:00:00+00:00
[2024-05-30T11:28:30.079+0000] {processor.py:183} INFO - Processing /home/airflow/.local/lib/python3.8/site-packages/airflow/example_dags/example_branch_labels.py took 0.108 seconds
[2024-05-30T11:29:00.400+0000] {processor.py:161} INFO - Started process (PID=1553) to work on /home/airflow/.local/lib/python3.8/site-packages/airflow/example_dags/example_branch_labels.py
[2024-05-30T11:29:00.408+0000] {processor.py:830} INFO - Processing file /home/airflow/.local/lib/python3.8/site-packages/airflow/example_dags/example_branch_labels.py for tasks to queue
[2024-05-30T11:29:00.412+0000] {logging_mixin.py:188} INFO - [2024-05-30T11:29:00.411+0000] {dagbag.py:540} INFO - Filling up the DagBag from /home/airflow/.local/lib/python3.8/site-packages/airflow/example_dags/example_branch_labels.py
[2024-05-30T11:29:00.432+0000] {processor.py:840} INFO - DAG(s) 'example_branch_labels' retrieved from /home/airflow/.local/lib/python3.8/site-packages/airflow/example_dags/example_branch_labels.py
[2024-05-30T11:29:00.483+0000] {logging_mixin.py:188} INFO - [2024-05-30T11:29:00.482+0000] {dag.py:3047} INFO - Sync 1 DAGs
[2024-05-30T11:29:00.545+0000] {logging_mixin.py:188} INFO - [2024-05-30T11:29:00.544+0000] {dag.py:3834} INFO - Setting next_dagrun for example_branch_labels to 2024-05-29 00:00:00+00:00, run_after=2024-05-30 00:00:00+00:00
[2024-05-30T11:29:00.601+0000] {processor.py:183} INFO - Processing /home/airflow/.local/lib/python3.8/site-packages/airflow/example_dags/example_branch_labels.py took 0.206 seconds
[2024-05-30T11:29:31.172+0000] {processor.py:161} INFO - Started process (PID=1610) to work on /home/airflow/.local/lib/python3.8/site-packages/airflow/example_dags/example_branch_labels.py
[2024-05-30T11:29:31.175+0000] {processor.py:830} INFO - Processing file /home/airflow/.local/lib/python3.8/site-packages/airflow/example_dags/example_branch_labels.py for tasks to queue
[2024-05-30T11:29:31.178+0000] {logging_mixin.py:188} INFO - [2024-05-30T11:29:31.178+0000] {dagbag.py:540} INFO - Filling up the DagBag from /home/airflow/.local/lib/python3.8/site-packages/airflow/example_dags/example_branch_labels.py
[2024-05-30T11:29:31.198+0000] {processor.py:840} INFO - DAG(s) 'example_branch_labels' retrieved from /home/airflow/.local/lib/python3.8/site-packages/airflow/example_dags/example_branch_labels.py
[2024-05-30T11:29:31.248+0000] {logging_mixin.py:188} INFO - [2024-05-30T11:29:31.247+0000] {dag.py:3047} INFO - Sync 1 DAGs
[2024-05-30T11:29:31.304+0000] {logging_mixin.py:188} INFO - [2024-05-30T11:29:31.303+0000] {dag.py:3834} INFO - Setting next_dagrun for example_branch_labels to 2024-05-29 00:00:00+00:00, run_after=2024-05-30 00:00:00+00:00
[2024-05-30T11:29:31.350+0000] {processor.py:183} INFO - Processing /home/airflow/.local/lib/python3.8/site-packages/airflow/example_dags/example_branch_labels.py took 0.182 seconds
[2024-05-30T11:30:01.574+0000] {processor.py:161} INFO - Started process (PID=1667) to work on /home/airflow/.local/lib/python3.8/site-packages/airflow/example_dags/example_branch_labels.py
[2024-05-30T11:30:01.576+0000] {processor.py:830} INFO - Processing file /home/airflow/.local/lib/python3.8/site-packages/airflow/example_dags/example_branch_labels.py for tasks to queue
[2024-05-30T11:30:01.581+0000] {logging_mixin.py:188} INFO - [2024-05-30T11:30:01.579+0000] {dagbag.py:540} INFO - Filling up the DagBag from /home/airflow/.local/lib/python3.8/site-packages/airflow/example_dags/example_branch_labels.py
[2024-05-30T11:30:01.598+0000] {processor.py:840} INFO - DAG(s) 'example_branch_labels' retrieved from /home/airflow/.local/lib/python3.8/site-packages/airflow/example_dags/example_branch_labels.py
[2024-05-30T11:30:01.642+0000] {logging_mixin.py:188} INFO - [2024-05-30T11:30:01.642+0000] {dag.py:3047} INFO - Sync 1 DAGs
[2024-05-30T11:30:01.711+0000] {logging_mixin.py:188} INFO - [2024-05-30T11:30:01.711+0000] {dag.py:3834} INFO - Setting next_dagrun for example_branch_labels to 2024-05-29 00:00:00+00:00, run_after=2024-05-30 00:00:00+00:00
[2024-05-30T11:30:01.752+0000] {processor.py:183} INFO - Processing /home/airflow/.local/lib/python3.8/site-packages/airflow/example_dags/example_branch_labels.py took 0.183 seconds
[2024-05-30T11:30:31.808+0000] {processor.py:161} INFO - Started process (PID=1724) to work on /home/airflow/.local/lib/python3.8/site-packages/airflow/example_dags/example_branch_labels.py
[2024-05-30T11:30:31.809+0000] {processor.py:830} INFO - Processing file /home/airflow/.local/lib/python3.8/site-packages/airflow/example_dags/example_branch_labels.py for tasks to queue
[2024-05-30T11:30:31.811+0000] {logging_mixin.py:188} INFO - [2024-05-30T11:30:31.811+0000] {dagbag.py:540} INFO - Filling up the DagBag from /home/airflow/.local/lib/python3.8/site-packages/airflow/example_dags/example_branch_labels.py
[2024-05-30T11:30:31.819+0000] {processor.py:840} INFO - DAG(s) 'example_branch_labels' retrieved from /home/airflow/.local/lib/python3.8/site-packages/airflow/example_dags/example_branch_labels.py
[2024-05-30T11:30:31.844+0000] {logging_mixin.py:188} INFO - [2024-05-30T11:30:31.843+0000] {dag.py:3047} INFO - Sync 1 DAGs
[2024-05-30T11:30:31.870+0000] {logging_mixin.py:188} INFO - [2024-05-30T11:30:31.870+0000] {dag.py:3834} INFO - Setting next_dagrun for example_branch_labels to 2024-05-29 00:00:00+00:00, run_after=2024-05-30 00:00:00+00:00
[2024-05-30T11:30:31.895+0000] {processor.py:183} INFO - Processing /home/airflow/.local/lib/python3.8/site-packages/airflow/example_dags/example_branch_labels.py took 0.090 seconds
[2024-05-30T11:31:02.720+0000] {processor.py:161} INFO - Started process (PID=1781) to work on /home/airflow/.local/lib/python3.8/site-packages/airflow/example_dags/example_branch_labels.py
[2024-05-30T11:31:02.722+0000] {processor.py:830} INFO - Processing file /home/airflow/.local/lib/python3.8/site-packages/airflow/example_dags/example_branch_labels.py for tasks to queue
[2024-05-30T11:31:02.727+0000] {logging_mixin.py:188} INFO - [2024-05-30T11:31:02.726+0000] {dagbag.py:540} INFO - Filling up the DagBag from /home/airflow/.local/lib/python3.8/site-packages/airflow/example_dags/example_branch_labels.py
[2024-05-30T11:31:02.740+0000] {processor.py:840} INFO - DAG(s) 'example_branch_labels' retrieved from /home/airflow/.local/lib/python3.8/site-packages/airflow/example_dags/example_branch_labels.py
[2024-05-30T11:31:02.812+0000] {logging_mixin.py:188} INFO - [2024-05-30T11:31:02.812+0000] {dag.py:3047} INFO - Sync 1 DAGs
[2024-05-30T11:31:02.872+0000] {logging_mixin.py:188} INFO - [2024-05-30T11:31:02.872+0000] {dag.py:3834} INFO - Setting next_dagrun for example_branch_labels to 2024-05-29 00:00:00+00:00, run_after=2024-05-30 00:00:00+00:00
[2024-05-30T11:31:02.913+0000] {processor.py:183} INFO - Processing /home/airflow/.local/lib/python3.8/site-packages/airflow/example_dags/example_branch_labels.py took 0.197 seconds
[2024-05-30T11:31:33.309+0000] {processor.py:161} INFO - Started process (PID=1838) to work on /home/airflow/.local/lib/python3.8/site-packages/airflow/example_dags/example_branch_labels.py
[2024-05-30T11:31:33.311+0000] {processor.py:830} INFO - Processing file /home/airflow/.local/lib/python3.8/site-packages/airflow/example_dags/example_branch_labels.py for tasks to queue
[2024-05-30T11:31:33.314+0000] {logging_mixin.py:188} INFO - [2024-05-30T11:31:33.313+0000] {dagbag.py:540} INFO - Filling up the DagBag from /home/airflow/.local/lib/python3.8/site-packages/airflow/example_dags/example_branch_labels.py
[2024-05-30T11:31:33.328+0000] {processor.py:840} INFO - DAG(s) 'example_branch_labels' retrieved from /home/airflow/.local/lib/python3.8/site-packages/airflow/example_dags/example_branch_labels.py
[2024-05-30T11:31:33.384+0000] {logging_mixin.py:188} INFO - [2024-05-30T11:31:33.383+0000] {dag.py:3047} INFO - Sync 1 DAGs
[2024-05-30T11:31:33.449+0000] {logging_mixin.py:188} INFO - [2024-05-30T11:31:33.448+0000] {dag.py:3834} INFO - Setting next_dagrun for example_branch_labels to 2024-05-29 00:00:00+00:00, run_after=2024-05-30 00:00:00+00:00
[2024-05-30T11:31:33.530+0000] {processor.py:183} INFO - Processing /home/airflow/.local/lib/python3.8/site-packages/airflow/example_dags/example_branch_labels.py took 0.225 seconds
