[2024-05-30T11:15:37.780+0000] {processor.py:161} INFO - Started process (PID=38) to work on /home/airflow/.local/lib/python3.8/site-packages/airflow/example_dags/example_branch_day_of_week_operator.py
[2024-05-30T11:15:37.782+0000] {processor.py:830} INFO - Processing file /home/airflow/.local/lib/python3.8/site-packages/airflow/example_dags/example_branch_day_of_week_operator.py for tasks to queue
[2024-05-30T11:15:37.784+0000] {logging_mixin.py:188} INFO - [2024-05-30T11:15:37.783+0000] {dagbag.py:540} INFO - Filling up the DagBag from /home/airflow/.local/lib/python3.8/site-packages/airflow/example_dags/example_branch_day_of_week_operator.py
[2024-05-30T11:15:37.798+0000] {processor.py:840} INFO - DAG(s) 'example_weekday_branch_operator' retrieved from /home/airflow/.local/lib/python3.8/site-packages/airflow/example_dags/example_branch_day_of_week_operator.py
[2024-05-30T11:15:37.832+0000] {logging_mixin.py:188} INFO - [2024-05-30T11:15:37.831+0000] {dag.py:3047} INFO - Sync 1 DAGs
[2024-05-30T11:15:37.865+0000] {logging_mixin.py:188} INFO - [2024-05-30T11:15:37.864+0000] {dag.py:3834} INFO - Setting next_dagrun for example_weekday_branch_operator to 2024-05-29 00:00:00+00:00, run_after=2024-05-30 00:00:00+00:00
[2024-05-30T11:15:37.899+0000] {processor.py:183} INFO - Processing /home/airflow/.local/lib/python3.8/site-packages/airflow/example_dags/example_branch_day_of_week_operator.py took 0.122 seconds
[2024-05-30T11:16:07.986+0000] {processor.py:161} INFO - Started process (PID=93) to work on /home/airflow/.local/lib/python3.8/site-packages/airflow/example_dags/example_branch_day_of_week_operator.py
[2024-05-30T11:16:07.987+0000] {processor.py:830} INFO - Processing file /home/airflow/.local/lib/python3.8/site-packages/airflow/example_dags/example_branch_day_of_week_operator.py for tasks to queue
[2024-05-30T11:16:07.990+0000] {logging_mixin.py:188} INFO - [2024-05-30T11:16:07.990+0000] {dagbag.py:540} INFO - Filling up the DagBag from /home/airflow/.local/lib/python3.8/site-packages/airflow/example_dags/example_branch_day_of_week_operator.py
[2024-05-30T11:16:08.002+0000] {processor.py:840} INFO - DAG(s) 'example_weekday_branch_operator' retrieved from /home/airflow/.local/lib/python3.8/site-packages/airflow/example_dags/example_branch_day_of_week_operator.py
[2024-05-30T11:16:08.035+0000] {logging_mixin.py:188} INFO - [2024-05-30T11:16:08.035+0000] {dag.py:3047} INFO - Sync 1 DAGs
[2024-05-30T11:16:08.067+0000] {logging_mixin.py:188} INFO - [2024-05-30T11:16:08.066+0000] {dag.py:3834} INFO - Setting next_dagrun for example_weekday_branch_operator to 2024-05-29 00:00:00+00:00, run_after=2024-05-30 00:00:00+00:00
[2024-05-30T11:16:08.109+0000] {processor.py:183} INFO - Processing /home/airflow/.local/lib/python3.8/site-packages/airflow/example_dags/example_branch_day_of_week_operator.py took 0.128 seconds
[2024-05-30T11:16:38.475+0000] {processor.py:161} INFO - Started process (PID=150) to work on /home/airflow/.local/lib/python3.8/site-packages/airflow/example_dags/example_branch_day_of_week_operator.py
[2024-05-30T11:16:38.476+0000] {processor.py:830} INFO - Processing file /home/airflow/.local/lib/python3.8/site-packages/airflow/example_dags/example_branch_day_of_week_operator.py for tasks to queue
[2024-05-30T11:16:38.478+0000] {logging_mixin.py:188} INFO - [2024-05-30T11:16:38.478+0000] {dagbag.py:540} INFO - Filling up the DagBag from /home/airflow/.local/lib/python3.8/site-packages/airflow/example_dags/example_branch_day_of_week_operator.py
[2024-05-30T11:16:38.490+0000] {processor.py:840} INFO - DAG(s) 'example_weekday_branch_operator' retrieved from /home/airflow/.local/lib/python3.8/site-packages/airflow/example_dags/example_branch_day_of_week_operator.py
[2024-05-30T11:16:38.518+0000] {logging_mixin.py:188} INFO - [2024-05-30T11:16:38.517+0000] {dag.py:3047} INFO - Sync 1 DAGs
[2024-05-30T11:16:38.549+0000] {logging_mixin.py:188} INFO - [2024-05-30T11:16:38.548+0000] {dag.py:3834} INFO - Setting next_dagrun for example_weekday_branch_operator to 2024-05-29 00:00:00+00:00, run_after=2024-05-30 00:00:00+00:00
[2024-05-30T11:16:38.575+0000] {processor.py:183} INFO - Processing /home/airflow/.local/lib/python3.8/site-packages/airflow/example_dags/example_branch_day_of_week_operator.py took 0.103 seconds
[2024-05-30T11:17:08.720+0000] {processor.py:161} INFO - Started process (PID=207) to work on /home/airflow/.local/lib/python3.8/site-packages/airflow/example_dags/example_branch_day_of_week_operator.py
[2024-05-30T11:17:08.721+0000] {processor.py:830} INFO - Processing file /home/airflow/.local/lib/python3.8/site-packages/airflow/example_dags/example_branch_day_of_week_operator.py for tasks to queue
[2024-05-30T11:17:08.723+0000] {logging_mixin.py:188} INFO - [2024-05-30T11:17:08.723+0000] {dagbag.py:540} INFO - Filling up the DagBag from /home/airflow/.local/lib/python3.8/site-packages/airflow/example_dags/example_branch_day_of_week_operator.py
[2024-05-30T11:17:08.731+0000] {processor.py:840} INFO - DAG(s) 'example_weekday_branch_operator' retrieved from /home/airflow/.local/lib/python3.8/site-packages/airflow/example_dags/example_branch_day_of_week_operator.py
[2024-05-30T11:17:08.753+0000] {logging_mixin.py:188} INFO - [2024-05-30T11:17:08.752+0000] {dag.py:3047} INFO - Sync 1 DAGs
[2024-05-30T11:17:08.778+0000] {logging_mixin.py:188} INFO - [2024-05-30T11:17:08.778+0000] {dag.py:3834} INFO - Setting next_dagrun for example_weekday_branch_operator to 2024-05-29 00:00:00+00:00, run_after=2024-05-30 00:00:00+00:00
[2024-05-30T11:17:08.800+0000] {processor.py:183} INFO - Processing /home/airflow/.local/lib/python3.8/site-packages/airflow/example_dags/example_branch_day_of_week_operator.py took 0.083 seconds
[2024-05-30T11:17:38.996+0000] {processor.py:161} INFO - Started process (PID=264) to work on /home/airflow/.local/lib/python3.8/site-packages/airflow/example_dags/example_branch_day_of_week_operator.py
[2024-05-30T11:17:38.998+0000] {processor.py:830} INFO - Processing file /home/airflow/.local/lib/python3.8/site-packages/airflow/example_dags/example_branch_day_of_week_operator.py for tasks to queue
[2024-05-30T11:17:39.000+0000] {logging_mixin.py:188} INFO - [2024-05-30T11:17:38.999+0000] {dagbag.py:540} INFO - Filling up the DagBag from /home/airflow/.local/lib/python3.8/site-packages/airflow/example_dags/example_branch_day_of_week_operator.py
[2024-05-30T11:17:39.010+0000] {processor.py:840} INFO - DAG(s) 'example_weekday_branch_operator' retrieved from /home/airflow/.local/lib/python3.8/site-packages/airflow/example_dags/example_branch_day_of_week_operator.py
[2024-05-30T11:17:39.040+0000] {logging_mixin.py:188} INFO - [2024-05-30T11:17:39.039+0000] {dag.py:3047} INFO - Sync 1 DAGs
[2024-05-30T11:17:39.074+0000] {logging_mixin.py:188} INFO - [2024-05-30T11:17:39.074+0000] {dag.py:3834} INFO - Setting next_dagrun for example_weekday_branch_operator to 2024-05-29 00:00:00+00:00, run_after=2024-05-30 00:00:00+00:00
[2024-05-30T11:17:39.101+0000] {processor.py:183} INFO - Processing /home/airflow/.local/lib/python3.8/site-packages/airflow/example_dags/example_branch_day_of_week_operator.py took 0.111 seconds
[2024-05-30T11:18:09.540+0000] {processor.py:161} INFO - Started process (PID=321) to work on /home/airflow/.local/lib/python3.8/site-packages/airflow/example_dags/example_branch_day_of_week_operator.py
[2024-05-30T11:18:09.541+0000] {processor.py:830} INFO - Processing file /home/airflow/.local/lib/python3.8/site-packages/airflow/example_dags/example_branch_day_of_week_operator.py for tasks to queue
[2024-05-30T11:18:09.544+0000] {logging_mixin.py:188} INFO - [2024-05-30T11:18:09.543+0000] {dagbag.py:540} INFO - Filling up the DagBag from /home/airflow/.local/lib/python3.8/site-packages/airflow/example_dags/example_branch_day_of_week_operator.py
[2024-05-30T11:18:09.552+0000] {processor.py:840} INFO - DAG(s) 'example_weekday_branch_operator' retrieved from /home/airflow/.local/lib/python3.8/site-packages/airflow/example_dags/example_branch_day_of_week_operator.py
[2024-05-30T11:18:09.585+0000] {logging_mixin.py:188} INFO - [2024-05-30T11:18:09.585+0000] {dag.py:3047} INFO - Sync 1 DAGs
[2024-05-30T11:18:09.618+0000] {logging_mixin.py:188} INFO - [2024-05-30T11:18:09.618+0000] {dag.py:3834} INFO - Setting next_dagrun for example_weekday_branch_operator to 2024-05-29 00:00:00+00:00, run_after=2024-05-30 00:00:00+00:00
[2024-05-30T11:18:09.644+0000] {processor.py:183} INFO - Processing /home/airflow/.local/lib/python3.8/site-packages/airflow/example_dags/example_branch_day_of_week_operator.py took 0.107 seconds
[2024-05-30T11:18:39.779+0000] {processor.py:161} INFO - Started process (PID=378) to work on /home/airflow/.local/lib/python3.8/site-packages/airflow/example_dags/example_branch_day_of_week_operator.py
[2024-05-30T11:18:39.780+0000] {processor.py:830} INFO - Processing file /home/airflow/.local/lib/python3.8/site-packages/airflow/example_dags/example_branch_day_of_week_operator.py for tasks to queue
[2024-05-30T11:18:39.784+0000] {logging_mixin.py:188} INFO - [2024-05-30T11:18:39.783+0000] {dagbag.py:540} INFO - Filling up the DagBag from /home/airflow/.local/lib/python3.8/site-packages/airflow/example_dags/example_branch_day_of_week_operator.py
[2024-05-30T11:18:39.797+0000] {processor.py:840} INFO - DAG(s) 'example_weekday_branch_operator' retrieved from /home/airflow/.local/lib/python3.8/site-packages/airflow/example_dags/example_branch_day_of_week_operator.py
[2024-05-30T11:18:39.825+0000] {logging_mixin.py:188} INFO - [2024-05-30T11:18:39.824+0000] {dag.py:3047} INFO - Sync 1 DAGs
[2024-05-30T11:18:39.862+0000] {logging_mixin.py:188} INFO - [2024-05-30T11:18:39.862+0000] {dag.py:3834} INFO - Setting next_dagrun for example_weekday_branch_operator to 2024-05-29 00:00:00+00:00, run_after=2024-05-30 00:00:00+00:00
[2024-05-30T11:18:39.894+0000] {processor.py:183} INFO - Processing /home/airflow/.local/lib/python3.8/site-packages/airflow/example_dags/example_branch_day_of_week_operator.py took 0.120 seconds
[2024-05-30T11:19:10.272+0000] {processor.py:161} INFO - Started process (PID=435) to work on /home/airflow/.local/lib/python3.8/site-packages/airflow/example_dags/example_branch_day_of_week_operator.py
[2024-05-30T11:19:10.274+0000] {processor.py:830} INFO - Processing file /home/airflow/.local/lib/python3.8/site-packages/airflow/example_dags/example_branch_day_of_week_operator.py for tasks to queue
[2024-05-30T11:19:10.276+0000] {logging_mixin.py:188} INFO - [2024-05-30T11:19:10.275+0000] {dagbag.py:540} INFO - Filling up the DagBag from /home/airflow/.local/lib/python3.8/site-packages/airflow/example_dags/example_branch_day_of_week_operator.py
[2024-05-30T11:19:10.286+0000] {processor.py:840} INFO - DAG(s) 'example_weekday_branch_operator' retrieved from /home/airflow/.local/lib/python3.8/site-packages/airflow/example_dags/example_branch_day_of_week_operator.py
[2024-05-30T11:19:10.316+0000] {logging_mixin.py:188} INFO - [2024-05-30T11:19:10.315+0000] {dag.py:3047} INFO - Sync 1 DAGs
[2024-05-30T11:19:10.348+0000] {logging_mixin.py:188} INFO - [2024-05-30T11:19:10.347+0000] {dag.py:3834} INFO - Setting next_dagrun for example_weekday_branch_operator to 2024-05-29 00:00:00+00:00, run_after=2024-05-30 00:00:00+00:00
[2024-05-30T11:19:10.371+0000] {processor.py:183} INFO - Processing /home/airflow/.local/lib/python3.8/site-packages/airflow/example_dags/example_branch_day_of_week_operator.py took 0.102 seconds
[2024-05-30T11:19:40.911+0000] {processor.py:161} INFO - Started process (PID=492) to work on /home/airflow/.local/lib/python3.8/site-packages/airflow/example_dags/example_branch_day_of_week_operator.py
[2024-05-30T11:19:40.913+0000] {processor.py:830} INFO - Processing file /home/airflow/.local/lib/python3.8/site-packages/airflow/example_dags/example_branch_day_of_week_operator.py for tasks to queue
[2024-05-30T11:19:40.916+0000] {logging_mixin.py:188} INFO - [2024-05-30T11:19:40.915+0000] {dagbag.py:540} INFO - Filling up the DagBag from /home/airflow/.local/lib/python3.8/site-packages/airflow/example_dags/example_branch_day_of_week_operator.py
[2024-05-30T11:19:40.929+0000] {processor.py:840} INFO - DAG(s) 'example_weekday_branch_operator' retrieved from /home/airflow/.local/lib/python3.8/site-packages/airflow/example_dags/example_branch_day_of_week_operator.py
[2024-05-30T11:19:40.957+0000] {logging_mixin.py:188} INFO - [2024-05-30T11:19:40.957+0000] {dag.py:3047} INFO - Sync 1 DAGs
[2024-05-30T11:19:41.001+0000] {logging_mixin.py:188} INFO - [2024-05-30T11:19:41.000+0000] {dag.py:3834} INFO - Setting next_dagrun for example_weekday_branch_operator to 2024-05-29 00:00:00+00:00, run_after=2024-05-30 00:00:00+00:00
[2024-05-30T11:19:41.025+0000] {processor.py:183} INFO - Processing /home/airflow/.local/lib/python3.8/site-packages/airflow/example_dags/example_branch_day_of_week_operator.py took 0.117 seconds
[2024-05-30T11:20:11.107+0000] {processor.py:161} INFO - Started process (PID=549) to work on /home/airflow/.local/lib/python3.8/site-packages/airflow/example_dags/example_branch_day_of_week_operator.py
[2024-05-30T11:20:11.109+0000] {processor.py:830} INFO - Processing file /home/airflow/.local/lib/python3.8/site-packages/airflow/example_dags/example_branch_day_of_week_operator.py for tasks to queue
[2024-05-30T11:20:11.111+0000] {logging_mixin.py:188} INFO - [2024-05-30T11:20:11.110+0000] {dagbag.py:540} INFO - Filling up the DagBag from /home/airflow/.local/lib/python3.8/site-packages/airflow/example_dags/example_branch_day_of_week_operator.py
[2024-05-30T11:20:11.120+0000] {processor.py:840} INFO - DAG(s) 'example_weekday_branch_operator' retrieved from /home/airflow/.local/lib/python3.8/site-packages/airflow/example_dags/example_branch_day_of_week_operator.py
[2024-05-30T11:20:11.140+0000] {logging_mixin.py:188} INFO - [2024-05-30T11:20:11.140+0000] {dag.py:3047} INFO - Sync 1 DAGs
[2024-05-30T11:20:11.168+0000] {logging_mixin.py:188} INFO - [2024-05-30T11:20:11.168+0000] {dag.py:3834} INFO - Setting next_dagrun for example_weekday_branch_operator to 2024-05-29 00:00:00+00:00, run_after=2024-05-30 00:00:00+00:00
[2024-05-30T11:20:11.192+0000] {processor.py:183} INFO - Processing /home/airflow/.local/lib/python3.8/site-packages/airflow/example_dags/example_branch_day_of_week_operator.py took 0.087 seconds
[2024-05-30T11:20:41.566+0000] {processor.py:161} INFO - Started process (PID=606) to work on /home/airflow/.local/lib/python3.8/site-packages/airflow/example_dags/example_branch_day_of_week_operator.py
[2024-05-30T11:20:41.567+0000] {processor.py:830} INFO - Processing file /home/airflow/.local/lib/python3.8/site-packages/airflow/example_dags/example_branch_day_of_week_operator.py for tasks to queue
[2024-05-30T11:20:41.569+0000] {logging_mixin.py:188} INFO - [2024-05-30T11:20:41.569+0000] {dagbag.py:540} INFO - Filling up the DagBag from /home/airflow/.local/lib/python3.8/site-packages/airflow/example_dags/example_branch_day_of_week_operator.py
[2024-05-30T11:20:41.581+0000] {processor.py:840} INFO - DAG(s) 'example_weekday_branch_operator' retrieved from /home/airflow/.local/lib/python3.8/site-packages/airflow/example_dags/example_branch_day_of_week_operator.py
[2024-05-30T11:20:41.602+0000] {logging_mixin.py:188} INFO - [2024-05-30T11:20:41.602+0000] {dag.py:3047} INFO - Sync 1 DAGs
[2024-05-30T11:20:41.627+0000] {logging_mixin.py:188} INFO - [2024-05-30T11:20:41.627+0000] {dag.py:3834} INFO - Setting next_dagrun for example_weekday_branch_operator to 2024-05-29 00:00:00+00:00, run_after=2024-05-30 00:00:00+00:00
[2024-05-30T11:20:41.649+0000] {processor.py:183} INFO - Processing /home/airflow/.local/lib/python3.8/site-packages/airflow/example_dags/example_branch_day_of_week_operator.py took 0.087 seconds
[2024-05-30T11:21:12.100+0000] {processor.py:161} INFO - Started process (PID=663) to work on /home/airflow/.local/lib/python3.8/site-packages/airflow/example_dags/example_branch_day_of_week_operator.py
[2024-05-30T11:21:12.101+0000] {processor.py:830} INFO - Processing file /home/airflow/.local/lib/python3.8/site-packages/airflow/example_dags/example_branch_day_of_week_operator.py for tasks to queue
[2024-05-30T11:21:12.103+0000] {logging_mixin.py:188} INFO - [2024-05-30T11:21:12.103+0000] {dagbag.py:540} INFO - Filling up the DagBag from /home/airflow/.local/lib/python3.8/site-packages/airflow/example_dags/example_branch_day_of_week_operator.py
[2024-05-30T11:21:12.111+0000] {processor.py:840} INFO - DAG(s) 'example_weekday_branch_operator' retrieved from /home/airflow/.local/lib/python3.8/site-packages/airflow/example_dags/example_branch_day_of_week_operator.py
[2024-05-30T11:21:12.134+0000] {logging_mixin.py:188} INFO - [2024-05-30T11:21:12.134+0000] {dag.py:3047} INFO - Sync 1 DAGs
[2024-05-30T11:21:12.160+0000] {logging_mixin.py:188} INFO - [2024-05-30T11:21:12.160+0000] {dag.py:3834} INFO - Setting next_dagrun for example_weekday_branch_operator to 2024-05-29 00:00:00+00:00, run_after=2024-05-30 00:00:00+00:00
[2024-05-30T11:21:12.185+0000] {processor.py:183} INFO - Processing /home/airflow/.local/lib/python3.8/site-packages/airflow/example_dags/example_branch_day_of_week_operator.py took 0.089 seconds
[2024-05-30T11:21:42.549+0000] {processor.py:161} INFO - Started process (PID=720) to work on /home/airflow/.local/lib/python3.8/site-packages/airflow/example_dags/example_branch_day_of_week_operator.py
[2024-05-30T11:21:42.551+0000] {processor.py:830} INFO - Processing file /home/airflow/.local/lib/python3.8/site-packages/airflow/example_dags/example_branch_day_of_week_operator.py for tasks to queue
[2024-05-30T11:21:42.553+0000] {logging_mixin.py:188} INFO - [2024-05-30T11:21:42.552+0000] {dagbag.py:540} INFO - Filling up the DagBag from /home/airflow/.local/lib/python3.8/site-packages/airflow/example_dags/example_branch_day_of_week_operator.py
[2024-05-30T11:21:42.562+0000] {processor.py:840} INFO - DAG(s) 'example_weekday_branch_operator' retrieved from /home/airflow/.local/lib/python3.8/site-packages/airflow/example_dags/example_branch_day_of_week_operator.py
[2024-05-30T11:21:42.585+0000] {logging_mixin.py:188} INFO - [2024-05-30T11:21:42.584+0000] {dag.py:3047} INFO - Sync 1 DAGs
[2024-05-30T11:21:42.610+0000] {logging_mixin.py:188} INFO - [2024-05-30T11:21:42.609+0000] {dag.py:3834} INFO - Setting next_dagrun for example_weekday_branch_operator to 2024-05-29 00:00:00+00:00, run_after=2024-05-30 00:00:00+00:00
[2024-05-30T11:21:42.632+0000] {processor.py:183} INFO - Processing /home/airflow/.local/lib/python3.8/site-packages/airflow/example_dags/example_branch_day_of_week_operator.py took 0.086 seconds
[2024-05-30T11:22:12.873+0000] {processor.py:161} INFO - Started process (PID=777) to work on /home/airflow/.local/lib/python3.8/site-packages/airflow/example_dags/example_branch_day_of_week_operator.py
[2024-05-30T11:22:12.875+0000] {processor.py:830} INFO - Processing file /home/airflow/.local/lib/python3.8/site-packages/airflow/example_dags/example_branch_day_of_week_operator.py for tasks to queue
[2024-05-30T11:22:12.878+0000] {logging_mixin.py:188} INFO - [2024-05-30T11:22:12.877+0000] {dagbag.py:540} INFO - Filling up the DagBag from /home/airflow/.local/lib/python3.8/site-packages/airflow/example_dags/example_branch_day_of_week_operator.py
[2024-05-30T11:22:12.885+0000] {processor.py:840} INFO - DAG(s) 'example_weekday_branch_operator' retrieved from /home/airflow/.local/lib/python3.8/site-packages/airflow/example_dags/example_branch_day_of_week_operator.py
[2024-05-30T11:22:12.915+0000] {logging_mixin.py:188} INFO - [2024-05-30T11:22:12.915+0000] {dag.py:3047} INFO - Sync 1 DAGs
[2024-05-30T11:22:12.953+0000] {logging_mixin.py:188} INFO - [2024-05-30T11:22:12.953+0000] {dag.py:3834} INFO - Setting next_dagrun for example_weekday_branch_operator to 2024-05-29 00:00:00+00:00, run_after=2024-05-30 00:00:00+00:00
[2024-05-30T11:22:12.985+0000] {processor.py:183} INFO - Processing /home/airflow/.local/lib/python3.8/site-packages/airflow/example_dags/example_branch_day_of_week_operator.py took 0.115 seconds
[2024-05-30T11:22:43.508+0000] {processor.py:161} INFO - Started process (PID=834) to work on /home/airflow/.local/lib/python3.8/site-packages/airflow/example_dags/example_branch_day_of_week_operator.py
[2024-05-30T11:22:43.510+0000] {processor.py:830} INFO - Processing file /home/airflow/.local/lib/python3.8/site-packages/airflow/example_dags/example_branch_day_of_week_operator.py for tasks to queue
[2024-05-30T11:22:43.514+0000] {logging_mixin.py:188} INFO - [2024-05-30T11:22:43.513+0000] {dagbag.py:540} INFO - Filling up the DagBag from /home/airflow/.local/lib/python3.8/site-packages/airflow/example_dags/example_branch_day_of_week_operator.py
[2024-05-30T11:22:43.538+0000] {processor.py:840} INFO - DAG(s) 'example_weekday_branch_operator' retrieved from /home/airflow/.local/lib/python3.8/site-packages/airflow/example_dags/example_branch_day_of_week_operator.py
[2024-05-30T11:22:43.600+0000] {logging_mixin.py:188} INFO - [2024-05-30T11:22:43.600+0000] {dag.py:3047} INFO - Sync 1 DAGs
[2024-05-30T11:22:43.653+0000] {logging_mixin.py:188} INFO - [2024-05-30T11:22:43.653+0000] {dag.py:3834} INFO - Setting next_dagrun for example_weekday_branch_operator to 2024-05-29 00:00:00+00:00, run_after=2024-05-30 00:00:00+00:00
[2024-05-30T11:22:43.689+0000] {processor.py:183} INFO - Processing /home/airflow/.local/lib/python3.8/site-packages/airflow/example_dags/example_branch_day_of_week_operator.py took 0.187 seconds
[2024-05-30T11:23:13.773+0000] {processor.py:161} INFO - Started process (PID=891) to work on /home/airflow/.local/lib/python3.8/site-packages/airflow/example_dags/example_branch_day_of_week_operator.py
[2024-05-30T11:23:13.774+0000] {processor.py:830} INFO - Processing file /home/airflow/.local/lib/python3.8/site-packages/airflow/example_dags/example_branch_day_of_week_operator.py for tasks to queue
[2024-05-30T11:23:13.776+0000] {logging_mixin.py:188} INFO - [2024-05-30T11:23:13.776+0000] {dagbag.py:540} INFO - Filling up the DagBag from /home/airflow/.local/lib/python3.8/site-packages/airflow/example_dags/example_branch_day_of_week_operator.py
[2024-05-30T11:23:13.788+0000] {processor.py:840} INFO - DAG(s) 'example_weekday_branch_operator' retrieved from /home/airflow/.local/lib/python3.8/site-packages/airflow/example_dags/example_branch_day_of_week_operator.py
[2024-05-30T11:23:13.813+0000] {logging_mixin.py:188} INFO - [2024-05-30T11:23:13.812+0000] {dag.py:3047} INFO - Sync 1 DAGs
[2024-05-30T11:23:13.846+0000] {logging_mixin.py:188} INFO - [2024-05-30T11:23:13.846+0000] {dag.py:3834} INFO - Setting next_dagrun for example_weekday_branch_operator to 2024-05-29 00:00:00+00:00, run_after=2024-05-30 00:00:00+00:00
[2024-05-30T11:23:13.874+0000] {processor.py:183} INFO - Processing /home/airflow/.local/lib/python3.8/site-packages/airflow/example_dags/example_branch_day_of_week_operator.py took 0.106 seconds
[2024-05-30T11:23:44.413+0000] {processor.py:161} INFO - Started process (PID=948) to work on /home/airflow/.local/lib/python3.8/site-packages/airflow/example_dags/example_branch_day_of_week_operator.py
[2024-05-30T11:23:44.415+0000] {processor.py:830} INFO - Processing file /home/airflow/.local/lib/python3.8/site-packages/airflow/example_dags/example_branch_day_of_week_operator.py for tasks to queue
[2024-05-30T11:23:44.418+0000] {logging_mixin.py:188} INFO - [2024-05-30T11:23:44.418+0000] {dagbag.py:540} INFO - Filling up the DagBag from /home/airflow/.local/lib/python3.8/site-packages/airflow/example_dags/example_branch_day_of_week_operator.py
[2024-05-30T11:23:44.435+0000] {processor.py:840} INFO - DAG(s) 'example_weekday_branch_operator' retrieved from /home/airflow/.local/lib/python3.8/site-packages/airflow/example_dags/example_branch_day_of_week_operator.py
[2024-05-30T11:23:44.488+0000] {logging_mixin.py:188} INFO - [2024-05-30T11:23:44.487+0000] {dag.py:3047} INFO - Sync 1 DAGs
[2024-05-30T11:23:44.540+0000] {logging_mixin.py:188} INFO - [2024-05-30T11:23:44.540+0000] {dag.py:3834} INFO - Setting next_dagrun for example_weekday_branch_operator to 2024-05-29 00:00:00+00:00, run_after=2024-05-30 00:00:00+00:00
[2024-05-30T11:23:44.581+0000] {processor.py:183} INFO - Processing /home/airflow/.local/lib/python3.8/site-packages/airflow/example_dags/example_branch_day_of_week_operator.py took 0.172 seconds
[2024-05-30T11:24:15.162+0000] {processor.py:161} INFO - Started process (PID=1005) to work on /home/airflow/.local/lib/python3.8/site-packages/airflow/example_dags/example_branch_day_of_week_operator.py
[2024-05-30T11:24:15.164+0000] {processor.py:830} INFO - Processing file /home/airflow/.local/lib/python3.8/site-packages/airflow/example_dags/example_branch_day_of_week_operator.py for tasks to queue
[2024-05-30T11:24:15.167+0000] {logging_mixin.py:188} INFO - [2024-05-30T11:24:15.166+0000] {dagbag.py:540} INFO - Filling up the DagBag from /home/airflow/.local/lib/python3.8/site-packages/airflow/example_dags/example_branch_day_of_week_operator.py
[2024-05-30T11:24:15.184+0000] {processor.py:840} INFO - DAG(s) 'example_weekday_branch_operator' retrieved from /home/airflow/.local/lib/python3.8/site-packages/airflow/example_dags/example_branch_day_of_week_operator.py
[2024-05-30T11:24:15.223+0000] {logging_mixin.py:188} INFO - [2024-05-30T11:24:15.222+0000] {dag.py:3047} INFO - Sync 1 DAGs
[2024-05-30T11:24:15.277+0000] {logging_mixin.py:188} INFO - [2024-05-30T11:24:15.277+0000] {dag.py:3834} INFO - Setting next_dagrun for example_weekday_branch_operator to 2024-05-29 00:00:00+00:00, run_after=2024-05-30 00:00:00+00:00
[2024-05-30T11:24:15.315+0000] {processor.py:183} INFO - Processing /home/airflow/.local/lib/python3.8/site-packages/airflow/example_dags/example_branch_day_of_week_operator.py took 0.159 seconds
[2024-05-30T11:24:46.100+0000] {processor.py:161} INFO - Started process (PID=1062) to work on /home/airflow/.local/lib/python3.8/site-packages/airflow/example_dags/example_branch_day_of_week_operator.py
[2024-05-30T11:24:46.102+0000] {processor.py:830} INFO - Processing file /home/airflow/.local/lib/python3.8/site-packages/airflow/example_dags/example_branch_day_of_week_operator.py for tasks to queue
[2024-05-30T11:24:46.106+0000] {logging_mixin.py:188} INFO - [2024-05-30T11:24:46.105+0000] {dagbag.py:540} INFO - Filling up the DagBag from /home/airflow/.local/lib/python3.8/site-packages/airflow/example_dags/example_branch_day_of_week_operator.py
[2024-05-30T11:24:46.122+0000] {processor.py:840} INFO - DAG(s) 'example_weekday_branch_operator' retrieved from /home/airflow/.local/lib/python3.8/site-packages/airflow/example_dags/example_branch_day_of_week_operator.py
[2024-05-30T11:24:46.189+0000] {logging_mixin.py:188} INFO - [2024-05-30T11:24:46.188+0000] {dag.py:3047} INFO - Sync 1 DAGs
[2024-05-30T11:24:46.242+0000] {logging_mixin.py:188} INFO - [2024-05-30T11:24:46.242+0000] {dag.py:3834} INFO - Setting next_dagrun for example_weekday_branch_operator to 2024-05-29 00:00:00+00:00, run_after=2024-05-30 00:00:00+00:00
[2024-05-30T11:24:46.274+0000] {processor.py:183} INFO - Processing /home/airflow/.local/lib/python3.8/site-packages/airflow/example_dags/example_branch_day_of_week_operator.py took 0.180 seconds
[2024-05-30T11:25:16.661+0000] {processor.py:161} INFO - Started process (PID=1125) to work on /home/airflow/.local/lib/python3.8/site-packages/airflow/example_dags/example_branch_day_of_week_operator.py
[2024-05-30T11:25:16.662+0000] {processor.py:830} INFO - Processing file /home/airflow/.local/lib/python3.8/site-packages/airflow/example_dags/example_branch_day_of_week_operator.py for tasks to queue
[2024-05-30T11:25:16.665+0000] {logging_mixin.py:188} INFO - [2024-05-30T11:25:16.664+0000] {dagbag.py:540} INFO - Filling up the DagBag from /home/airflow/.local/lib/python3.8/site-packages/airflow/example_dags/example_branch_day_of_week_operator.py
[2024-05-30T11:25:16.675+0000] {processor.py:840} INFO - DAG(s) 'example_weekday_branch_operator' retrieved from /home/airflow/.local/lib/python3.8/site-packages/airflow/example_dags/example_branch_day_of_week_operator.py
[2024-05-30T11:25:16.703+0000] {logging_mixin.py:188} INFO - [2024-05-30T11:25:16.702+0000] {dag.py:3047} INFO - Sync 1 DAGs
[2024-05-30T11:25:16.735+0000] {logging_mixin.py:188} INFO - [2024-05-30T11:25:16.734+0000] {dag.py:3834} INFO - Setting next_dagrun for example_weekday_branch_operator to 2024-05-29 00:00:00+00:00, run_after=2024-05-30 00:00:00+00:00
[2024-05-30T11:25:16.759+0000] {processor.py:183} INFO - Processing /home/airflow/.local/lib/python3.8/site-packages/airflow/example_dags/example_branch_day_of_week_operator.py took 0.101 seconds
[2024-05-30T11:25:46.949+0000] {processor.py:161} INFO - Started process (PID=1182) to work on /home/airflow/.local/lib/python3.8/site-packages/airflow/example_dags/example_branch_day_of_week_operator.py
[2024-05-30T11:25:46.951+0000] {processor.py:830} INFO - Processing file /home/airflow/.local/lib/python3.8/site-packages/airflow/example_dags/example_branch_day_of_week_operator.py for tasks to queue
[2024-05-30T11:25:46.955+0000] {logging_mixin.py:188} INFO - [2024-05-30T11:25:46.954+0000] {dagbag.py:540} INFO - Filling up the DagBag from /home/airflow/.local/lib/python3.8/site-packages/airflow/example_dags/example_branch_day_of_week_operator.py
[2024-05-30T11:25:46.968+0000] {processor.py:840} INFO - DAG(s) 'example_weekday_branch_operator' retrieved from /home/airflow/.local/lib/python3.8/site-packages/airflow/example_dags/example_branch_day_of_week_operator.py
[2024-05-30T11:25:47.015+0000] {logging_mixin.py:188} INFO - [2024-05-30T11:25:47.015+0000] {dag.py:3047} INFO - Sync 1 DAGs
[2024-05-30T11:25:47.087+0000] {logging_mixin.py:188} INFO - [2024-05-30T11:25:47.087+0000] {dag.py:3834} INFO - Setting next_dagrun for example_weekday_branch_operator to 2024-05-29 00:00:00+00:00, run_after=2024-05-30 00:00:00+00:00
[2024-05-30T11:25:47.123+0000] {processor.py:183} INFO - Processing /home/airflow/.local/lib/python3.8/site-packages/airflow/example_dags/example_branch_day_of_week_operator.py took 0.179 seconds
[2024-05-30T11:26:17.619+0000] {processor.py:161} INFO - Started process (PID=1239) to work on /home/airflow/.local/lib/python3.8/site-packages/airflow/example_dags/example_branch_day_of_week_operator.py
[2024-05-30T11:26:17.620+0000] {processor.py:830} INFO - Processing file /home/airflow/.local/lib/python3.8/site-packages/airflow/example_dags/example_branch_day_of_week_operator.py for tasks to queue
[2024-05-30T11:26:17.623+0000] {logging_mixin.py:188} INFO - [2024-05-30T11:26:17.623+0000] {dagbag.py:540} INFO - Filling up the DagBag from /home/airflow/.local/lib/python3.8/site-packages/airflow/example_dags/example_branch_day_of_week_operator.py
[2024-05-30T11:26:17.643+0000] {processor.py:840} INFO - DAG(s) 'example_weekday_branch_operator' retrieved from /home/airflow/.local/lib/python3.8/site-packages/airflow/example_dags/example_branch_day_of_week_operator.py
[2024-05-30T11:26:17.683+0000] {logging_mixin.py:188} INFO - [2024-05-30T11:26:17.682+0000] {dag.py:3047} INFO - Sync 1 DAGs
[2024-05-30T11:26:17.739+0000] {logging_mixin.py:188} INFO - [2024-05-30T11:26:17.738+0000] {dag.py:3834} INFO - Setting next_dagrun for example_weekday_branch_operator to 2024-05-29 00:00:00+00:00, run_after=2024-05-30 00:00:00+00:00
[2024-05-30T11:26:17.784+0000] {processor.py:183} INFO - Processing /home/airflow/.local/lib/python3.8/site-packages/airflow/example_dags/example_branch_day_of_week_operator.py took 0.169 seconds
[2024-05-30T11:26:48.247+0000] {processor.py:161} INFO - Started process (PID=1296) to work on /home/airflow/.local/lib/python3.8/site-packages/airflow/example_dags/example_branch_day_of_week_operator.py
[2024-05-30T11:26:48.248+0000] {processor.py:830} INFO - Processing file /home/airflow/.local/lib/python3.8/site-packages/airflow/example_dags/example_branch_day_of_week_operator.py for tasks to queue
[2024-05-30T11:26:48.250+0000] {logging_mixin.py:188} INFO - [2024-05-30T11:26:48.250+0000] {dagbag.py:540} INFO - Filling up the DagBag from /home/airflow/.local/lib/python3.8/site-packages/airflow/example_dags/example_branch_day_of_week_operator.py
[2024-05-30T11:26:48.261+0000] {processor.py:840} INFO - DAG(s) 'example_weekday_branch_operator' retrieved from /home/airflow/.local/lib/python3.8/site-packages/airflow/example_dags/example_branch_day_of_week_operator.py
[2024-05-30T11:26:48.290+0000] {logging_mixin.py:188} INFO - [2024-05-30T11:26:48.289+0000] {dag.py:3047} INFO - Sync 1 DAGs
[2024-05-30T11:26:48.327+0000] {logging_mixin.py:188} INFO - [2024-05-30T11:26:48.327+0000] {dag.py:3834} INFO - Setting next_dagrun for example_weekday_branch_operator to 2024-05-29 00:00:00+00:00, run_after=2024-05-30 00:00:00+00:00
[2024-05-30T11:26:48.354+0000] {processor.py:183} INFO - Processing /home/airflow/.local/lib/python3.8/site-packages/airflow/example_dags/example_branch_day_of_week_operator.py took 0.112 seconds
[2024-05-30T11:27:19.320+0000] {processor.py:161} INFO - Started process (PID=1353) to work on /home/airflow/.local/lib/python3.8/site-packages/airflow/example_dags/example_branch_day_of_week_operator.py
[2024-05-30T11:27:19.323+0000] {processor.py:830} INFO - Processing file /home/airflow/.local/lib/python3.8/site-packages/airflow/example_dags/example_branch_day_of_week_operator.py for tasks to queue
[2024-05-30T11:27:19.333+0000] {logging_mixin.py:188} INFO - [2024-05-30T11:27:19.332+0000] {dagbag.py:540} INFO - Filling up the DagBag from /home/airflow/.local/lib/python3.8/site-packages/airflow/example_dags/example_branch_day_of_week_operator.py
[2024-05-30T11:27:19.357+0000] {processor.py:840} INFO - DAG(s) 'example_weekday_branch_operator' retrieved from /home/airflow/.local/lib/python3.8/site-packages/airflow/example_dags/example_branch_day_of_week_operator.py
[2024-05-30T11:27:19.419+0000] {logging_mixin.py:188} INFO - [2024-05-30T11:27:19.419+0000] {dag.py:3047} INFO - Sync 1 DAGs
[2024-05-30T11:27:19.485+0000] {logging_mixin.py:188} INFO - [2024-05-30T11:27:19.484+0000] {dag.py:3834} INFO - Setting next_dagrun for example_weekday_branch_operator to 2024-05-29 00:00:00+00:00, run_after=2024-05-30 00:00:00+00:00
[2024-05-30T11:27:19.527+0000] {processor.py:183} INFO - Processing /home/airflow/.local/lib/python3.8/site-packages/airflow/example_dags/example_branch_day_of_week_operator.py took 0.213 seconds
[2024-05-30T11:27:49.716+0000] {processor.py:161} INFO - Started process (PID=1410) to work on /home/airflow/.local/lib/python3.8/site-packages/airflow/example_dags/example_branch_day_of_week_operator.py
[2024-05-30T11:27:49.717+0000] {processor.py:830} INFO - Processing file /home/airflow/.local/lib/python3.8/site-packages/airflow/example_dags/example_branch_day_of_week_operator.py for tasks to queue
[2024-05-30T11:27:49.719+0000] {logging_mixin.py:188} INFO - [2024-05-30T11:27:49.719+0000] {dagbag.py:540} INFO - Filling up the DagBag from /home/airflow/.local/lib/python3.8/site-packages/airflow/example_dags/example_branch_day_of_week_operator.py
[2024-05-30T11:27:49.727+0000] {processor.py:840} INFO - DAG(s) 'example_weekday_branch_operator' retrieved from /home/airflow/.local/lib/python3.8/site-packages/airflow/example_dags/example_branch_day_of_week_operator.py
[2024-05-30T11:27:49.752+0000] {logging_mixin.py:188} INFO - [2024-05-30T11:27:49.751+0000] {dag.py:3047} INFO - Sync 1 DAGs
[2024-05-30T11:27:49.780+0000] {logging_mixin.py:188} INFO - [2024-05-30T11:27:49.780+0000] {dag.py:3834} INFO - Setting next_dagrun for example_weekday_branch_operator to 2024-05-29 00:00:00+00:00, run_after=2024-05-30 00:00:00+00:00
[2024-05-30T11:27:49.807+0000] {processor.py:183} INFO - Processing /home/airflow/.local/lib/python3.8/site-packages/airflow/example_dags/example_branch_day_of_week_operator.py took 0.094 seconds
[2024-05-30T11:28:20.078+0000] {processor.py:161} INFO - Started process (PID=1467) to work on /home/airflow/.local/lib/python3.8/site-packages/airflow/example_dags/example_branch_day_of_week_operator.py
[2024-05-30T11:28:20.079+0000] {processor.py:830} INFO - Processing file /home/airflow/.local/lib/python3.8/site-packages/airflow/example_dags/example_branch_day_of_week_operator.py for tasks to queue
[2024-05-30T11:28:20.082+0000] {logging_mixin.py:188} INFO - [2024-05-30T11:28:20.081+0000] {dagbag.py:540} INFO - Filling up the DagBag from /home/airflow/.local/lib/python3.8/site-packages/airflow/example_dags/example_branch_day_of_week_operator.py
[2024-05-30T11:28:20.091+0000] {processor.py:840} INFO - DAG(s) 'example_weekday_branch_operator' retrieved from /home/airflow/.local/lib/python3.8/site-packages/airflow/example_dags/example_branch_day_of_week_operator.py
[2024-05-30T11:28:20.122+0000] {logging_mixin.py:188} INFO - [2024-05-30T11:28:20.122+0000] {dag.py:3047} INFO - Sync 1 DAGs
[2024-05-30T11:28:20.158+0000] {logging_mixin.py:188} INFO - [2024-05-30T11:28:20.158+0000] {dag.py:3834} INFO - Setting next_dagrun for example_weekday_branch_operator to 2024-05-29 00:00:00+00:00, run_after=2024-05-30 00:00:00+00:00
[2024-05-30T11:28:20.188+0000] {processor.py:183} INFO - Processing /home/airflow/.local/lib/python3.8/site-packages/airflow/example_dags/example_branch_day_of_week_operator.py took 0.115 seconds
[2024-05-30T11:28:50.260+0000] {processor.py:161} INFO - Started process (PID=1524) to work on /home/airflow/.local/lib/python3.8/site-packages/airflow/example_dags/example_branch_day_of_week_operator.py
[2024-05-30T11:28:50.262+0000] {processor.py:830} INFO - Processing file /home/airflow/.local/lib/python3.8/site-packages/airflow/example_dags/example_branch_day_of_week_operator.py for tasks to queue
[2024-05-30T11:28:50.264+0000] {logging_mixin.py:188} INFO - [2024-05-30T11:28:50.263+0000] {dagbag.py:540} INFO - Filling up the DagBag from /home/airflow/.local/lib/python3.8/site-packages/airflow/example_dags/example_branch_day_of_week_operator.py
[2024-05-30T11:28:50.273+0000] {processor.py:840} INFO - DAG(s) 'example_weekday_branch_operator' retrieved from /home/airflow/.local/lib/python3.8/site-packages/airflow/example_dags/example_branch_day_of_week_operator.py
[2024-05-30T11:28:50.301+0000] {logging_mixin.py:188} INFO - [2024-05-30T11:28:50.301+0000] {dag.py:3047} INFO - Sync 1 DAGs
[2024-05-30T11:28:50.360+0000] {logging_mixin.py:188} INFO - [2024-05-30T11:28:50.359+0000] {dag.py:3834} INFO - Setting next_dagrun for example_weekday_branch_operator to 2024-05-29 00:00:00+00:00, run_after=2024-05-30 00:00:00+00:00
[2024-05-30T11:28:50.424+0000] {processor.py:183} INFO - Processing /home/airflow/.local/lib/python3.8/site-packages/airflow/example_dags/example_branch_day_of_week_operator.py took 0.167 seconds
[2024-05-30T11:29:20.833+0000] {processor.py:161} INFO - Started process (PID=1581) to work on /home/airflow/.local/lib/python3.8/site-packages/airflow/example_dags/example_branch_day_of_week_operator.py
[2024-05-30T11:29:20.835+0000] {processor.py:830} INFO - Processing file /home/airflow/.local/lib/python3.8/site-packages/airflow/example_dags/example_branch_day_of_week_operator.py for tasks to queue
[2024-05-30T11:29:20.837+0000] {logging_mixin.py:188} INFO - [2024-05-30T11:29:20.837+0000] {dagbag.py:540} INFO - Filling up the DagBag from /home/airflow/.local/lib/python3.8/site-packages/airflow/example_dags/example_branch_day_of_week_operator.py
[2024-05-30T11:29:20.848+0000] {processor.py:840} INFO - DAG(s) 'example_weekday_branch_operator' retrieved from /home/airflow/.local/lib/python3.8/site-packages/airflow/example_dags/example_branch_day_of_week_operator.py
[2024-05-30T11:29:20.884+0000] {logging_mixin.py:188} INFO - [2024-05-30T11:29:20.884+0000] {dag.py:3047} INFO - Sync 1 DAGs
[2024-05-30T11:29:20.922+0000] {logging_mixin.py:188} INFO - [2024-05-30T11:29:20.922+0000] {dag.py:3834} INFO - Setting next_dagrun for example_weekday_branch_operator to 2024-05-29 00:00:00+00:00, run_after=2024-05-30 00:00:00+00:00
[2024-05-30T11:29:20.953+0000] {processor.py:183} INFO - Processing /home/airflow/.local/lib/python3.8/site-packages/airflow/example_dags/example_branch_day_of_week_operator.py took 0.125 seconds
[2024-05-30T11:29:51.136+0000] {processor.py:161} INFO - Started process (PID=1638) to work on /home/airflow/.local/lib/python3.8/site-packages/airflow/example_dags/example_branch_day_of_week_operator.py
[2024-05-30T11:29:51.138+0000] {processor.py:830} INFO - Processing file /home/airflow/.local/lib/python3.8/site-packages/airflow/example_dags/example_branch_day_of_week_operator.py for tasks to queue
[2024-05-30T11:29:51.140+0000] {logging_mixin.py:188} INFO - [2024-05-30T11:29:51.139+0000] {dagbag.py:540} INFO - Filling up the DagBag from /home/airflow/.local/lib/python3.8/site-packages/airflow/example_dags/example_branch_day_of_week_operator.py
[2024-05-30T11:29:51.148+0000] {processor.py:840} INFO - DAG(s) 'example_weekday_branch_operator' retrieved from /home/airflow/.local/lib/python3.8/site-packages/airflow/example_dags/example_branch_day_of_week_operator.py
[2024-05-30T11:29:51.175+0000] {logging_mixin.py:188} INFO - [2024-05-30T11:29:51.174+0000] {dag.py:3047} INFO - Sync 1 DAGs
[2024-05-30T11:29:51.216+0000] {logging_mixin.py:188} INFO - [2024-05-30T11:29:51.215+0000] {dag.py:3834} INFO - Setting next_dagrun for example_weekday_branch_operator to 2024-05-29 00:00:00+00:00, run_after=2024-05-30 00:00:00+00:00
[2024-05-30T11:29:51.244+0000] {processor.py:183} INFO - Processing /home/airflow/.local/lib/python3.8/site-packages/airflow/example_dags/example_branch_day_of_week_operator.py took 0.110 seconds
[2024-05-30T11:30:21.563+0000] {processor.py:161} INFO - Started process (PID=1695) to work on /home/airflow/.local/lib/python3.8/site-packages/airflow/example_dags/example_branch_day_of_week_operator.py
[2024-05-30T11:30:21.564+0000] {processor.py:830} INFO - Processing file /home/airflow/.local/lib/python3.8/site-packages/airflow/example_dags/example_branch_day_of_week_operator.py for tasks to queue
[2024-05-30T11:30:21.566+0000] {logging_mixin.py:188} INFO - [2024-05-30T11:30:21.566+0000] {dagbag.py:540} INFO - Filling up the DagBag from /home/airflow/.local/lib/python3.8/site-packages/airflow/example_dags/example_branch_day_of_week_operator.py
[2024-05-30T11:30:21.574+0000] {processor.py:840} INFO - DAG(s) 'example_weekday_branch_operator' retrieved from /home/airflow/.local/lib/python3.8/site-packages/airflow/example_dags/example_branch_day_of_week_operator.py
[2024-05-30T11:30:21.599+0000] {logging_mixin.py:188} INFO - [2024-05-30T11:30:21.598+0000] {dag.py:3047} INFO - Sync 1 DAGs
[2024-05-30T11:30:21.629+0000] {logging_mixin.py:188} INFO - [2024-05-30T11:30:21.628+0000] {dag.py:3834} INFO - Setting next_dagrun for example_weekday_branch_operator to 2024-05-29 00:00:00+00:00, run_after=2024-05-30 00:00:00+00:00
[2024-05-30T11:30:21.653+0000] {processor.py:183} INFO - Processing /home/airflow/.local/lib/python3.8/site-packages/airflow/example_dags/example_branch_day_of_week_operator.py took 0.093 seconds
[2024-05-30T11:30:51.815+0000] {processor.py:161} INFO - Started process (PID=1752) to work on /home/airflow/.local/lib/python3.8/site-packages/airflow/example_dags/example_branch_day_of_week_operator.py
[2024-05-30T11:30:51.816+0000] {processor.py:830} INFO - Processing file /home/airflow/.local/lib/python3.8/site-packages/airflow/example_dags/example_branch_day_of_week_operator.py for tasks to queue
[2024-05-30T11:30:51.819+0000] {logging_mixin.py:188} INFO - [2024-05-30T11:30:51.818+0000] {dagbag.py:540} INFO - Filling up the DagBag from /home/airflow/.local/lib/python3.8/site-packages/airflow/example_dags/example_branch_day_of_week_operator.py
[2024-05-30T11:30:51.833+0000] {processor.py:840} INFO - DAG(s) 'example_weekday_branch_operator' retrieved from /home/airflow/.local/lib/python3.8/site-packages/airflow/example_dags/example_branch_day_of_week_operator.py
[2024-05-30T11:30:51.872+0000] {logging_mixin.py:188} INFO - [2024-05-30T11:30:51.872+0000] {dag.py:3047} INFO - Sync 1 DAGs
[2024-05-30T11:30:51.908+0000] {logging_mixin.py:188} INFO - [2024-05-30T11:30:51.908+0000] {dag.py:3834} INFO - Setting next_dagrun for example_weekday_branch_operator to 2024-05-29 00:00:00+00:00, run_after=2024-05-30 00:00:00+00:00
[2024-05-30T11:30:51.939+0000] {processor.py:183} INFO - Processing /home/airflow/.local/lib/python3.8/site-packages/airflow/example_dags/example_branch_day_of_week_operator.py took 0.128 seconds
[2024-05-30T11:31:22.540+0000] {processor.py:161} INFO - Started process (PID=1809) to work on /home/airflow/.local/lib/python3.8/site-packages/airflow/example_dags/example_branch_day_of_week_operator.py
[2024-05-30T11:31:22.542+0000] {processor.py:830} INFO - Processing file /home/airflow/.local/lib/python3.8/site-packages/airflow/example_dags/example_branch_day_of_week_operator.py for tasks to queue
[2024-05-30T11:31:22.545+0000] {logging_mixin.py:188} INFO - [2024-05-30T11:31:22.544+0000] {dagbag.py:540} INFO - Filling up the DagBag from /home/airflow/.local/lib/python3.8/site-packages/airflow/example_dags/example_branch_day_of_week_operator.py
[2024-05-30T11:31:22.560+0000] {processor.py:840} INFO - DAG(s) 'example_weekday_branch_operator' retrieved from /home/airflow/.local/lib/python3.8/site-packages/airflow/example_dags/example_branch_day_of_week_operator.py
[2024-05-30T11:31:22.596+0000] {logging_mixin.py:188} INFO - [2024-05-30T11:31:22.596+0000] {dag.py:3047} INFO - Sync 1 DAGs
[2024-05-30T11:31:22.645+0000] {logging_mixin.py:188} INFO - [2024-05-30T11:31:22.645+0000] {dag.py:3834} INFO - Setting next_dagrun for example_weekday_branch_operator to 2024-05-29 00:00:00+00:00, run_after=2024-05-30 00:00:00+00:00
[2024-05-30T11:31:22.688+0000] {processor.py:183} INFO - Processing /home/airflow/.local/lib/python3.8/site-packages/airflow/example_dags/example_branch_day_of_week_operator.py took 0.153 seconds
[2024-05-30T11:31:52.871+0000] {processor.py:161} INFO - Started process (PID=1866) to work on /home/airflow/.local/lib/python3.8/site-packages/airflow/example_dags/example_branch_day_of_week_operator.py
[2024-05-30T11:31:52.873+0000] {processor.py:830} INFO - Processing file /home/airflow/.local/lib/python3.8/site-packages/airflow/example_dags/example_branch_day_of_week_operator.py for tasks to queue
[2024-05-30T11:31:52.875+0000] {logging_mixin.py:188} INFO - [2024-05-30T11:31:52.874+0000] {dagbag.py:540} INFO - Filling up the DagBag from /home/airflow/.local/lib/python3.8/site-packages/airflow/example_dags/example_branch_day_of_week_operator.py
[2024-05-30T11:31:52.882+0000] {processor.py:840} INFO - DAG(s) 'example_weekday_branch_operator' retrieved from /home/airflow/.local/lib/python3.8/site-packages/airflow/example_dags/example_branch_day_of_week_operator.py
[2024-05-30T11:31:52.911+0000] {logging_mixin.py:188} INFO - [2024-05-30T11:31:52.911+0000] {dag.py:3047} INFO - Sync 1 DAGs
[2024-05-30T11:31:52.945+0000] {logging_mixin.py:188} INFO - [2024-05-30T11:31:52.944+0000] {dag.py:3834} INFO - Setting next_dagrun for example_weekday_branch_operator to 2024-05-29 00:00:00+00:00, run_after=2024-05-30 00:00:00+00:00
[2024-05-30T11:31:52.972+0000] {processor.py:183} INFO - Processing /home/airflow/.local/lib/python3.8/site-packages/airflow/example_dags/example_branch_day_of_week_operator.py took 0.103 seconds
