[2024-05-30T11:15:43.310+0000] {processor.py:161} INFO - Started process (PID=73) to work on /home/airflow/.local/lib/python3.8/site-packages/airflow/example_dags/example_external_task_marker_dag.py
[2024-05-30T11:15:43.313+0000] {processor.py:830} INFO - Processing file /home/airflow/.local/lib/python3.8/site-packages/airflow/example_dags/example_external_task_marker_dag.py for tasks to queue
[2024-05-30T11:15:43.319+0000] {logging_mixin.py:188} INFO - [2024-05-30T11:15:43.318+0000] {dagbag.py:540} INFO - Filling up the DagBag from /home/airflow/.local/lib/python3.8/site-packages/airflow/example_dags/example_external_task_marker_dag.py
[2024-05-30T11:15:43.330+0000] {processor.py:840} INFO - DAG(s) 'example_external_task_marker_parent', 'example_external_task_marker_child' retrieved from /home/airflow/.local/lib/python3.8/site-packages/airflow/example_dags/example_external_task_marker_dag.py
[2024-05-30T11:15:43.371+0000] {logging_mixin.py:188} INFO - [2024-05-30T11:15:43.371+0000] {dag.py:3047} INFO - Sync 2 DAGs
[2024-05-30T11:15:43.395+0000] {logging_mixin.py:188} INFO - [2024-05-30T11:15:43.394+0000] {dag.py:3834} INFO - Setting next_dagrun for example_external_task_marker_child to None, run_after=None
[2024-05-30T11:15:43.402+0000] {logging_mixin.py:188} INFO - [2024-05-30T11:15:43.401+0000] {dag.py:3834} INFO - Setting next_dagrun for example_external_task_marker_parent to None, run_after=None
[2024-05-30T11:15:43.440+0000] {processor.py:183} INFO - Processing /home/airflow/.local/lib/python3.8/site-packages/airflow/example_dags/example_external_task_marker_dag.py took 0.135 seconds
[2024-05-30T11:16:14.423+0000] {processor.py:161} INFO - Started process (PID=130) to work on /home/airflow/.local/lib/python3.8/site-packages/airflow/example_dags/example_external_task_marker_dag.py
[2024-05-30T11:16:14.425+0000] {processor.py:830} INFO - Processing file /home/airflow/.local/lib/python3.8/site-packages/airflow/example_dags/example_external_task_marker_dag.py for tasks to queue
[2024-05-30T11:16:14.428+0000] {logging_mixin.py:188} INFO - [2024-05-30T11:16:14.427+0000] {dagbag.py:540} INFO - Filling up the DagBag from /home/airflow/.local/lib/python3.8/site-packages/airflow/example_dags/example_external_task_marker_dag.py
[2024-05-30T11:16:14.437+0000] {processor.py:840} INFO - DAG(s) 'example_external_task_marker_parent', 'example_external_task_marker_child' retrieved from /home/airflow/.local/lib/python3.8/site-packages/airflow/example_dags/example_external_task_marker_dag.py
[2024-05-30T11:16:14.475+0000] {logging_mixin.py:188} INFO - [2024-05-30T11:16:14.475+0000] {dag.py:3047} INFO - Sync 2 DAGs
[2024-05-30T11:16:14.493+0000] {logging_mixin.py:188} INFO - [2024-05-30T11:16:14.493+0000] {dag.py:3834} INFO - Setting next_dagrun for example_external_task_marker_child to None, run_after=None
[2024-05-30T11:16:14.499+0000] {logging_mixin.py:188} INFO - [2024-05-30T11:16:14.498+0000] {dag.py:3834} INFO - Setting next_dagrun for example_external_task_marker_parent to None, run_after=None
[2024-05-30T11:16:14.526+0000] {processor.py:183} INFO - Processing /home/airflow/.local/lib/python3.8/site-packages/airflow/example_dags/example_external_task_marker_dag.py took 0.107 seconds
[2024-05-30T11:16:44.787+0000] {processor.py:161} INFO - Started process (PID=187) to work on /home/airflow/.local/lib/python3.8/site-packages/airflow/example_dags/example_external_task_marker_dag.py
[2024-05-30T11:16:44.788+0000] {processor.py:830} INFO - Processing file /home/airflow/.local/lib/python3.8/site-packages/airflow/example_dags/example_external_task_marker_dag.py for tasks to queue
[2024-05-30T11:16:44.791+0000] {logging_mixin.py:188} INFO - [2024-05-30T11:16:44.790+0000] {dagbag.py:540} INFO - Filling up the DagBag from /home/airflow/.local/lib/python3.8/site-packages/airflow/example_dags/example_external_task_marker_dag.py
[2024-05-30T11:16:44.800+0000] {processor.py:840} INFO - DAG(s) 'example_external_task_marker_parent', 'example_external_task_marker_child' retrieved from /home/airflow/.local/lib/python3.8/site-packages/airflow/example_dags/example_external_task_marker_dag.py
[2024-05-30T11:16:44.839+0000] {logging_mixin.py:188} INFO - [2024-05-30T11:16:44.839+0000] {dag.py:3047} INFO - Sync 2 DAGs
[2024-05-30T11:16:44.859+0000] {logging_mixin.py:188} INFO - [2024-05-30T11:16:44.859+0000] {dag.py:3834} INFO - Setting next_dagrun for example_external_task_marker_child to None, run_after=None
[2024-05-30T11:16:44.865+0000] {logging_mixin.py:188} INFO - [2024-05-30T11:16:44.865+0000] {dag.py:3834} INFO - Setting next_dagrun for example_external_task_marker_parent to None, run_after=None
[2024-05-30T11:16:44.891+0000] {processor.py:183} INFO - Processing /home/airflow/.local/lib/python3.8/site-packages/airflow/example_dags/example_external_task_marker_dag.py took 0.107 seconds
[2024-05-30T11:17:15.077+0000] {processor.py:161} INFO - Started process (PID=244) to work on /home/airflow/.local/lib/python3.8/site-packages/airflow/example_dags/example_external_task_marker_dag.py
[2024-05-30T11:17:15.079+0000] {processor.py:830} INFO - Processing file /home/airflow/.local/lib/python3.8/site-packages/airflow/example_dags/example_external_task_marker_dag.py for tasks to queue
[2024-05-30T11:17:15.080+0000] {logging_mixin.py:188} INFO - [2024-05-30T11:17:15.080+0000] {dagbag.py:540} INFO - Filling up the DagBag from /home/airflow/.local/lib/python3.8/site-packages/airflow/example_dags/example_external_task_marker_dag.py
[2024-05-30T11:17:15.087+0000] {processor.py:840} INFO - DAG(s) 'example_external_task_marker_parent', 'example_external_task_marker_child' retrieved from /home/airflow/.local/lib/python3.8/site-packages/airflow/example_dags/example_external_task_marker_dag.py
[2024-05-30T11:17:15.114+0000] {logging_mixin.py:188} INFO - [2024-05-30T11:17:15.114+0000] {dag.py:3047} INFO - Sync 2 DAGs
[2024-05-30T11:17:15.129+0000] {logging_mixin.py:188} INFO - [2024-05-30T11:17:15.129+0000] {dag.py:3834} INFO - Setting next_dagrun for example_external_task_marker_child to None, run_after=None
[2024-05-30T11:17:15.134+0000] {logging_mixin.py:188} INFO - [2024-05-30T11:17:15.134+0000] {dag.py:3834} INFO - Setting next_dagrun for example_external_task_marker_parent to None, run_after=None
[2024-05-30T11:17:15.157+0000] {processor.py:183} INFO - Processing /home/airflow/.local/lib/python3.8/site-packages/airflow/example_dags/example_external_task_marker_dag.py took 0.082 seconds
[2024-05-30T11:17:45.426+0000] {processor.py:161} INFO - Started process (PID=301) to work on /home/airflow/.local/lib/python3.8/site-packages/airflow/example_dags/example_external_task_marker_dag.py
[2024-05-30T11:17:45.427+0000] {processor.py:830} INFO - Processing file /home/airflow/.local/lib/python3.8/site-packages/airflow/example_dags/example_external_task_marker_dag.py for tasks to queue
[2024-05-30T11:17:45.429+0000] {logging_mixin.py:188} INFO - [2024-05-30T11:17:45.428+0000] {dagbag.py:540} INFO - Filling up the DagBag from /home/airflow/.local/lib/python3.8/site-packages/airflow/example_dags/example_external_task_marker_dag.py
[2024-05-30T11:17:45.434+0000] {processor.py:840} INFO - DAG(s) 'example_external_task_marker_parent', 'example_external_task_marker_child' retrieved from /home/airflow/.local/lib/python3.8/site-packages/airflow/example_dags/example_external_task_marker_dag.py
[2024-05-30T11:17:45.472+0000] {logging_mixin.py:188} INFO - [2024-05-30T11:17:45.472+0000] {dag.py:3047} INFO - Sync 2 DAGs
[2024-05-30T11:17:45.499+0000] {logging_mixin.py:188} INFO - [2024-05-30T11:17:45.499+0000] {dag.py:3834} INFO - Setting next_dagrun for example_external_task_marker_child to None, run_after=None
[2024-05-30T11:17:45.510+0000] {logging_mixin.py:188} INFO - [2024-05-30T11:17:45.510+0000] {dag.py:3834} INFO - Setting next_dagrun for example_external_task_marker_parent to None, run_after=None
[2024-05-30T11:17:45.538+0000] {processor.py:183} INFO - Processing /home/airflow/.local/lib/python3.8/site-packages/airflow/example_dags/example_external_task_marker_dag.py took 0.115 seconds
[2024-05-30T11:18:15.841+0000] {processor.py:161} INFO - Started process (PID=364) to work on /home/airflow/.local/lib/python3.8/site-packages/airflow/example_dags/example_external_task_marker_dag.py
[2024-05-30T11:18:15.843+0000] {processor.py:830} INFO - Processing file /home/airflow/.local/lib/python3.8/site-packages/airflow/example_dags/example_external_task_marker_dag.py for tasks to queue
[2024-05-30T11:18:15.845+0000] {logging_mixin.py:188} INFO - [2024-05-30T11:18:15.844+0000] {dagbag.py:540} INFO - Filling up the DagBag from /home/airflow/.local/lib/python3.8/site-packages/airflow/example_dags/example_external_task_marker_dag.py
[2024-05-30T11:18:15.853+0000] {processor.py:840} INFO - DAG(s) 'example_external_task_marker_parent', 'example_external_task_marker_child' retrieved from /home/airflow/.local/lib/python3.8/site-packages/airflow/example_dags/example_external_task_marker_dag.py
[2024-05-30T11:18:15.883+0000] {logging_mixin.py:188} INFO - [2024-05-30T11:18:15.882+0000] {dag.py:3047} INFO - Sync 2 DAGs
[2024-05-30T11:18:15.898+0000] {logging_mixin.py:188} INFO - [2024-05-30T11:18:15.897+0000] {dag.py:3834} INFO - Setting next_dagrun for example_external_task_marker_child to None, run_after=None
[2024-05-30T11:18:15.903+0000] {logging_mixin.py:188} INFO - [2024-05-30T11:18:15.903+0000] {dag.py:3834} INFO - Setting next_dagrun for example_external_task_marker_parent to None, run_after=None
[2024-05-30T11:18:15.927+0000] {processor.py:183} INFO - Processing /home/airflow/.local/lib/python3.8/site-packages/airflow/example_dags/example_external_task_marker_dag.py took 0.089 seconds
[2024-05-30T11:18:46.227+0000] {processor.py:161} INFO - Started process (PID=421) to work on /home/airflow/.local/lib/python3.8/site-packages/airflow/example_dags/example_external_task_marker_dag.py
[2024-05-30T11:18:46.229+0000] {processor.py:830} INFO - Processing file /home/airflow/.local/lib/python3.8/site-packages/airflow/example_dags/example_external_task_marker_dag.py for tasks to queue
[2024-05-30T11:18:46.231+0000] {logging_mixin.py:188} INFO - [2024-05-30T11:18:46.230+0000] {dagbag.py:540} INFO - Filling up the DagBag from /home/airflow/.local/lib/python3.8/site-packages/airflow/example_dags/example_external_task_marker_dag.py
[2024-05-30T11:18:46.237+0000] {processor.py:840} INFO - DAG(s) 'example_external_task_marker_child', 'example_external_task_marker_parent' retrieved from /home/airflow/.local/lib/python3.8/site-packages/airflow/example_dags/example_external_task_marker_dag.py
[2024-05-30T11:18:46.267+0000] {logging_mixin.py:188} INFO - [2024-05-30T11:18:46.267+0000] {dag.py:3047} INFO - Sync 2 DAGs
[2024-05-30T11:18:46.282+0000] {logging_mixin.py:188} INFO - [2024-05-30T11:18:46.281+0000] {dag.py:3834} INFO - Setting next_dagrun for example_external_task_marker_child to None, run_after=None
[2024-05-30T11:18:46.287+0000] {logging_mixin.py:188} INFO - [2024-05-30T11:18:46.286+0000] {dag.py:3834} INFO - Setting next_dagrun for example_external_task_marker_parent to None, run_after=None
[2024-05-30T11:18:46.311+0000] {processor.py:183} INFO - Processing /home/airflow/.local/lib/python3.8/site-packages/airflow/example_dags/example_external_task_marker_dag.py took 0.086 seconds
[2024-05-30T11:19:17.123+0000] {processor.py:161} INFO - Started process (PID=478) to work on /home/airflow/.local/lib/python3.8/site-packages/airflow/example_dags/example_external_task_marker_dag.py
[2024-05-30T11:19:17.124+0000] {processor.py:830} INFO - Processing file /home/airflow/.local/lib/python3.8/site-packages/airflow/example_dags/example_external_task_marker_dag.py for tasks to queue
[2024-05-30T11:19:17.126+0000] {logging_mixin.py:188} INFO - [2024-05-30T11:19:17.125+0000] {dagbag.py:540} INFO - Filling up the DagBag from /home/airflow/.local/lib/python3.8/site-packages/airflow/example_dags/example_external_task_marker_dag.py
[2024-05-30T11:19:17.131+0000] {processor.py:840} INFO - DAG(s) 'example_external_task_marker_child', 'example_external_task_marker_parent' retrieved from /home/airflow/.local/lib/python3.8/site-packages/airflow/example_dags/example_external_task_marker_dag.py
[2024-05-30T11:19:17.186+0000] {logging_mixin.py:188} INFO - [2024-05-30T11:19:17.186+0000] {dag.py:3047} INFO - Sync 2 DAGs
[2024-05-30T11:19:17.255+0000] {logging_mixin.py:188} INFO - [2024-05-30T11:19:17.254+0000] {dag.py:3834} INFO - Setting next_dagrun for example_external_task_marker_child to None, run_after=None
[2024-05-30T11:19:17.274+0000] {logging_mixin.py:188} INFO - [2024-05-30T11:19:17.268+0000] {dag.py:3834} INFO - Setting next_dagrun for example_external_task_marker_parent to None, run_after=None
[2024-05-30T11:19:17.322+0000] {processor.py:183} INFO - Processing /home/airflow/.local/lib/python3.8/site-packages/airflow/example_dags/example_external_task_marker_dag.py took 0.202 seconds
[2024-05-30T11:19:47.762+0000] {processor.py:161} INFO - Started process (PID=535) to work on /home/airflow/.local/lib/python3.8/site-packages/airflow/example_dags/example_external_task_marker_dag.py
[2024-05-30T11:19:47.764+0000] {processor.py:830} INFO - Processing file /home/airflow/.local/lib/python3.8/site-packages/airflow/example_dags/example_external_task_marker_dag.py for tasks to queue
[2024-05-30T11:19:47.766+0000] {logging_mixin.py:188} INFO - [2024-05-30T11:19:47.765+0000] {dagbag.py:540} INFO - Filling up the DagBag from /home/airflow/.local/lib/python3.8/site-packages/airflow/example_dags/example_external_task_marker_dag.py
[2024-05-30T11:19:47.772+0000] {processor.py:840} INFO - DAG(s) 'example_external_task_marker_child', 'example_external_task_marker_parent' retrieved from /home/airflow/.local/lib/python3.8/site-packages/airflow/example_dags/example_external_task_marker_dag.py
[2024-05-30T11:19:47.798+0000] {logging_mixin.py:188} INFO - [2024-05-30T11:19:47.797+0000] {dag.py:3047} INFO - Sync 2 DAGs
[2024-05-30T11:19:47.815+0000] {logging_mixin.py:188} INFO - [2024-05-30T11:19:47.815+0000] {dag.py:3834} INFO - Setting next_dagrun for example_external_task_marker_child to None, run_after=None
[2024-05-30T11:19:47.821+0000] {logging_mixin.py:188} INFO - [2024-05-30T11:19:47.821+0000] {dag.py:3834} INFO - Setting next_dagrun for example_external_task_marker_parent to None, run_after=None
[2024-05-30T11:19:47.847+0000] {processor.py:183} INFO - Processing /home/airflow/.local/lib/python3.8/site-packages/airflow/example_dags/example_external_task_marker_dag.py took 0.087 seconds
[2024-05-30T11:20:19.408+0000] {processor.py:161} INFO - Started process (PID=592) to work on /home/airflow/.local/lib/python3.8/site-packages/airflow/example_dags/example_external_task_marker_dag.py
[2024-05-30T11:20:19.410+0000] {processor.py:830} INFO - Processing file /home/airflow/.local/lib/python3.8/site-packages/airflow/example_dags/example_external_task_marker_dag.py for tasks to queue
[2024-05-30T11:20:19.412+0000] {logging_mixin.py:188} INFO - [2024-05-30T11:20:19.411+0000] {dagbag.py:540} INFO - Filling up the DagBag from /home/airflow/.local/lib/python3.8/site-packages/airflow/example_dags/example_external_task_marker_dag.py
[2024-05-30T11:20:19.422+0000] {processor.py:840} INFO - DAG(s) 'example_external_task_marker_parent', 'example_external_task_marker_child' retrieved from /home/airflow/.local/lib/python3.8/site-packages/airflow/example_dags/example_external_task_marker_dag.py
[2024-05-30T11:20:19.460+0000] {logging_mixin.py:188} INFO - [2024-05-30T11:20:19.460+0000] {dag.py:3047} INFO - Sync 2 DAGs
[2024-05-30T11:20:19.482+0000] {logging_mixin.py:188} INFO - [2024-05-30T11:20:19.482+0000] {dag.py:3834} INFO - Setting next_dagrun for example_external_task_marker_child to None, run_after=None
[2024-05-30T11:20:19.488+0000] {logging_mixin.py:188} INFO - [2024-05-30T11:20:19.487+0000] {dag.py:3834} INFO - Setting next_dagrun for example_external_task_marker_parent to None, run_after=None
[2024-05-30T11:20:19.514+0000] {processor.py:183} INFO - Processing /home/airflow/.local/lib/python3.8/site-packages/airflow/example_dags/example_external_task_marker_dag.py took 0.109 seconds
[2024-05-30T11:20:50.553+0000] {processor.py:161} INFO - Started process (PID=649) to work on /home/airflow/.local/lib/python3.8/site-packages/airflow/example_dags/example_external_task_marker_dag.py
[2024-05-30T11:20:50.555+0000] {processor.py:830} INFO - Processing file /home/airflow/.local/lib/python3.8/site-packages/airflow/example_dags/example_external_task_marker_dag.py for tasks to queue
[2024-05-30T11:20:50.557+0000] {logging_mixin.py:188} INFO - [2024-05-30T11:20:50.557+0000] {dagbag.py:540} INFO - Filling up the DagBag from /home/airflow/.local/lib/python3.8/site-packages/airflow/example_dags/example_external_task_marker_dag.py
[2024-05-30T11:20:50.565+0000] {processor.py:840} INFO - DAG(s) 'example_external_task_marker_child', 'example_external_task_marker_parent' retrieved from /home/airflow/.local/lib/python3.8/site-packages/airflow/example_dags/example_external_task_marker_dag.py
[2024-05-30T11:20:50.604+0000] {logging_mixin.py:188} INFO - [2024-05-30T11:20:50.603+0000] {dag.py:3047} INFO - Sync 2 DAGs
[2024-05-30T11:20:50.632+0000] {logging_mixin.py:188} INFO - [2024-05-30T11:20:50.631+0000] {dag.py:3834} INFO - Setting next_dagrun for example_external_task_marker_child to None, run_after=None
[2024-05-30T11:20:50.647+0000] {logging_mixin.py:188} INFO - [2024-05-30T11:20:50.646+0000] {dag.py:3834} INFO - Setting next_dagrun for example_external_task_marker_parent to None, run_after=None
[2024-05-30T11:20:50.693+0000] {processor.py:183} INFO - Processing /home/airflow/.local/lib/python3.8/site-packages/airflow/example_dags/example_external_task_marker_dag.py took 0.142 seconds
[2024-05-30T11:21:21.653+0000] {processor.py:161} INFO - Started process (PID=706) to work on /home/airflow/.local/lib/python3.8/site-packages/airflow/example_dags/example_external_task_marker_dag.py
[2024-05-30T11:21:21.654+0000] {processor.py:830} INFO - Processing file /home/airflow/.local/lib/python3.8/site-packages/airflow/example_dags/example_external_task_marker_dag.py for tasks to queue
[2024-05-30T11:21:21.657+0000] {logging_mixin.py:188} INFO - [2024-05-30T11:21:21.656+0000] {dagbag.py:540} INFO - Filling up the DagBag from /home/airflow/.local/lib/python3.8/site-packages/airflow/example_dags/example_external_task_marker_dag.py
[2024-05-30T11:21:21.663+0000] {processor.py:840} INFO - DAG(s) 'example_external_task_marker_parent', 'example_external_task_marker_child' retrieved from /home/airflow/.local/lib/python3.8/site-packages/airflow/example_dags/example_external_task_marker_dag.py
[2024-05-30T11:21:21.693+0000] {logging_mixin.py:188} INFO - [2024-05-30T11:21:21.693+0000] {dag.py:3047} INFO - Sync 2 DAGs
[2024-05-30T11:21:21.710+0000] {logging_mixin.py:188} INFO - [2024-05-30T11:21:21.709+0000] {dag.py:3834} INFO - Setting next_dagrun for example_external_task_marker_child to None, run_after=None
[2024-05-30T11:21:21.716+0000] {logging_mixin.py:188} INFO - [2024-05-30T11:21:21.715+0000] {dag.py:3834} INFO - Setting next_dagrun for example_external_task_marker_parent to None, run_after=None
[2024-05-30T11:21:21.743+0000] {processor.py:183} INFO - Processing /home/airflow/.local/lib/python3.8/site-packages/airflow/example_dags/example_external_task_marker_dag.py took 0.093 seconds
[2024-05-30T11:21:52.261+0000] {processor.py:161} INFO - Started process (PID=761) to work on /home/airflow/.local/lib/python3.8/site-packages/airflow/example_dags/example_external_task_marker_dag.py
[2024-05-30T11:21:52.262+0000] {processor.py:830} INFO - Processing file /home/airflow/.local/lib/python3.8/site-packages/airflow/example_dags/example_external_task_marker_dag.py for tasks to queue
[2024-05-30T11:21:52.264+0000] {logging_mixin.py:188} INFO - [2024-05-30T11:21:52.264+0000] {dagbag.py:540} INFO - Filling up the DagBag from /home/airflow/.local/lib/python3.8/site-packages/airflow/example_dags/example_external_task_marker_dag.py
[2024-05-30T11:21:52.270+0000] {processor.py:840} INFO - DAG(s) 'example_external_task_marker_parent', 'example_external_task_marker_child' retrieved from /home/airflow/.local/lib/python3.8/site-packages/airflow/example_dags/example_external_task_marker_dag.py
[2024-05-30T11:21:52.298+0000] {logging_mixin.py:188} INFO - [2024-05-30T11:21:52.298+0000] {dag.py:3047} INFO - Sync 2 DAGs
[2024-05-30T11:21:52.313+0000] {logging_mixin.py:188} INFO - [2024-05-30T11:21:52.312+0000] {dag.py:3834} INFO - Setting next_dagrun for example_external_task_marker_child to None, run_after=None
[2024-05-30T11:21:52.320+0000] {logging_mixin.py:188} INFO - [2024-05-30T11:21:52.319+0000] {dag.py:3834} INFO - Setting next_dagrun for example_external_task_marker_parent to None, run_after=None
[2024-05-30T11:21:52.343+0000] {processor.py:183} INFO - Processing /home/airflow/.local/lib/python3.8/site-packages/airflow/example_dags/example_external_task_marker_dag.py took 0.084 seconds
[2024-05-30T11:22:22.470+0000] {processor.py:161} INFO - Started process (PID=818) to work on /home/airflow/.local/lib/python3.8/site-packages/airflow/example_dags/example_external_task_marker_dag.py
[2024-05-30T11:22:22.471+0000] {processor.py:830} INFO - Processing file /home/airflow/.local/lib/python3.8/site-packages/airflow/example_dags/example_external_task_marker_dag.py for tasks to queue
[2024-05-30T11:22:22.474+0000] {logging_mixin.py:188} INFO - [2024-05-30T11:22:22.474+0000] {dagbag.py:540} INFO - Filling up the DagBag from /home/airflow/.local/lib/python3.8/site-packages/airflow/example_dags/example_external_task_marker_dag.py
[2024-05-30T11:22:22.481+0000] {processor.py:840} INFO - DAG(s) 'example_external_task_marker_child', 'example_external_task_marker_parent' retrieved from /home/airflow/.local/lib/python3.8/site-packages/airflow/example_dags/example_external_task_marker_dag.py
[2024-05-30T11:22:22.510+0000] {logging_mixin.py:188} INFO - [2024-05-30T11:22:22.510+0000] {dag.py:3047} INFO - Sync 2 DAGs
[2024-05-30T11:22:22.527+0000] {logging_mixin.py:188} INFO - [2024-05-30T11:22:22.527+0000] {dag.py:3834} INFO - Setting next_dagrun for example_external_task_marker_child to None, run_after=None
[2024-05-30T11:22:22.533+0000] {logging_mixin.py:188} INFO - [2024-05-30T11:22:22.532+0000] {dag.py:3834} INFO - Setting next_dagrun for example_external_task_marker_parent to None, run_after=None
[2024-05-30T11:22:22.557+0000] {processor.py:183} INFO - Processing /home/airflow/.local/lib/python3.8/site-packages/airflow/example_dags/example_external_task_marker_dag.py took 0.091 seconds
[2024-05-30T11:22:53.203+0000] {processor.py:161} INFO - Started process (PID=875) to work on /home/airflow/.local/lib/python3.8/site-packages/airflow/example_dags/example_external_task_marker_dag.py
[2024-05-30T11:22:53.205+0000] {processor.py:830} INFO - Processing file /home/airflow/.local/lib/python3.8/site-packages/airflow/example_dags/example_external_task_marker_dag.py for tasks to queue
[2024-05-30T11:22:53.208+0000] {logging_mixin.py:188} INFO - [2024-05-30T11:22:53.207+0000] {dagbag.py:540} INFO - Filling up the DagBag from /home/airflow/.local/lib/python3.8/site-packages/airflow/example_dags/example_external_task_marker_dag.py
[2024-05-30T11:22:53.219+0000] {processor.py:840} INFO - DAG(s) 'example_external_task_marker_child', 'example_external_task_marker_parent' retrieved from /home/airflow/.local/lib/python3.8/site-packages/airflow/example_dags/example_external_task_marker_dag.py
[2024-05-30T11:22:53.256+0000] {logging_mixin.py:188} INFO - [2024-05-30T11:22:53.256+0000] {dag.py:3047} INFO - Sync 2 DAGs
[2024-05-30T11:22:53.275+0000] {logging_mixin.py:188} INFO - [2024-05-30T11:22:53.274+0000] {dag.py:3834} INFO - Setting next_dagrun for example_external_task_marker_child to None, run_after=None
[2024-05-30T11:22:53.281+0000] {logging_mixin.py:188} INFO - [2024-05-30T11:22:53.280+0000] {dag.py:3834} INFO - Setting next_dagrun for example_external_task_marker_parent to None, run_after=None
[2024-05-30T11:22:53.309+0000] {processor.py:183} INFO - Processing /home/airflow/.local/lib/python3.8/site-packages/airflow/example_dags/example_external_task_marker_dag.py took 0.110 seconds
[2024-05-30T11:23:24.061+0000] {processor.py:161} INFO - Started process (PID=932) to work on /home/airflow/.local/lib/python3.8/site-packages/airflow/example_dags/example_external_task_marker_dag.py
[2024-05-30T11:23:24.065+0000] {processor.py:830} INFO - Processing file /home/airflow/.local/lib/python3.8/site-packages/airflow/example_dags/example_external_task_marker_dag.py for tasks to queue
[2024-05-30T11:23:24.069+0000] {logging_mixin.py:188} INFO - [2024-05-30T11:23:24.068+0000] {dagbag.py:540} INFO - Filling up the DagBag from /home/airflow/.local/lib/python3.8/site-packages/airflow/example_dags/example_external_task_marker_dag.py
[2024-05-30T11:23:24.083+0000] {processor.py:840} INFO - DAG(s) 'example_external_task_marker_child', 'example_external_task_marker_parent' retrieved from /home/airflow/.local/lib/python3.8/site-packages/airflow/example_dags/example_external_task_marker_dag.py
[2024-05-30T11:23:24.129+0000] {logging_mixin.py:188} INFO - [2024-05-30T11:23:24.129+0000] {dag.py:3047} INFO - Sync 2 DAGs
[2024-05-30T11:23:24.155+0000] {logging_mixin.py:188} INFO - [2024-05-30T11:23:24.155+0000] {dag.py:3834} INFO - Setting next_dagrun for example_external_task_marker_child to None, run_after=None
[2024-05-30T11:23:24.164+0000] {logging_mixin.py:188} INFO - [2024-05-30T11:23:24.164+0000] {dag.py:3834} INFO - Setting next_dagrun for example_external_task_marker_parent to None, run_after=None
[2024-05-30T11:23:24.198+0000] {processor.py:183} INFO - Processing /home/airflow/.local/lib/python3.8/site-packages/airflow/example_dags/example_external_task_marker_dag.py took 0.142 seconds
[2024-05-30T11:23:55.004+0000] {processor.py:161} INFO - Started process (PID=989) to work on /home/airflow/.local/lib/python3.8/site-packages/airflow/example_dags/example_external_task_marker_dag.py
[2024-05-30T11:23:55.005+0000] {processor.py:830} INFO - Processing file /home/airflow/.local/lib/python3.8/site-packages/airflow/example_dags/example_external_task_marker_dag.py for tasks to queue
[2024-05-30T11:23:55.008+0000] {logging_mixin.py:188} INFO - [2024-05-30T11:23:55.007+0000] {dagbag.py:540} INFO - Filling up the DagBag from /home/airflow/.local/lib/python3.8/site-packages/airflow/example_dags/example_external_task_marker_dag.py
[2024-05-30T11:23:55.015+0000] {processor.py:840} INFO - DAG(s) 'example_external_task_marker_child', 'example_external_task_marker_parent' retrieved from /home/airflow/.local/lib/python3.8/site-packages/airflow/example_dags/example_external_task_marker_dag.py
[2024-05-30T11:23:55.045+0000] {logging_mixin.py:188} INFO - [2024-05-30T11:23:55.045+0000] {dag.py:3047} INFO - Sync 2 DAGs
[2024-05-30T11:23:55.067+0000] {logging_mixin.py:188} INFO - [2024-05-30T11:23:55.067+0000] {dag.py:3834} INFO - Setting next_dagrun for example_external_task_marker_child to None, run_after=None
[2024-05-30T11:23:55.075+0000] {logging_mixin.py:188} INFO - [2024-05-30T11:23:55.075+0000] {dag.py:3834} INFO - Setting next_dagrun for example_external_task_marker_parent to None, run_after=None
[2024-05-30T11:23:55.102+0000] {processor.py:183} INFO - Processing /home/airflow/.local/lib/python3.8/site-packages/airflow/example_dags/example_external_task_marker_dag.py took 0.103 seconds
[2024-05-30T11:24:25.232+0000] {processor.py:161} INFO - Started process (PID=1046) to work on /home/airflow/.local/lib/python3.8/site-packages/airflow/example_dags/example_external_task_marker_dag.py
[2024-05-30T11:24:25.234+0000] {processor.py:830} INFO - Processing file /home/airflow/.local/lib/python3.8/site-packages/airflow/example_dags/example_external_task_marker_dag.py for tasks to queue
[2024-05-30T11:24:25.238+0000] {logging_mixin.py:188} INFO - [2024-05-30T11:24:25.238+0000] {dagbag.py:540} INFO - Filling up the DagBag from /home/airflow/.local/lib/python3.8/site-packages/airflow/example_dags/example_external_task_marker_dag.py
[2024-05-30T11:24:25.250+0000] {processor.py:840} INFO - DAG(s) 'example_external_task_marker_child', 'example_external_task_marker_parent' retrieved from /home/airflow/.local/lib/python3.8/site-packages/airflow/example_dags/example_external_task_marker_dag.py
[2024-05-30T11:24:25.304+0000] {logging_mixin.py:188} INFO - [2024-05-30T11:24:25.303+0000] {dag.py:3047} INFO - Sync 2 DAGs
[2024-05-30T11:24:25.334+0000] {logging_mixin.py:188} INFO - [2024-05-30T11:24:25.334+0000] {dag.py:3834} INFO - Setting next_dagrun for example_external_task_marker_child to None, run_after=None
[2024-05-30T11:24:25.344+0000] {logging_mixin.py:188} INFO - [2024-05-30T11:24:25.343+0000] {dag.py:3834} INFO - Setting next_dagrun for example_external_task_marker_parent to None, run_after=None
[2024-05-30T11:24:25.391+0000] {processor.py:183} INFO - Processing /home/airflow/.local/lib/python3.8/site-packages/airflow/example_dags/example_external_task_marker_dag.py took 0.164 seconds
[2024-05-30T11:24:55.946+0000] {processor.py:161} INFO - Started process (PID=1103) to work on /home/airflow/.local/lib/python3.8/site-packages/airflow/example_dags/example_external_task_marker_dag.py
[2024-05-30T11:24:55.947+0000] {processor.py:830} INFO - Processing file /home/airflow/.local/lib/python3.8/site-packages/airflow/example_dags/example_external_task_marker_dag.py for tasks to queue
[2024-05-30T11:24:55.950+0000] {logging_mixin.py:188} INFO - [2024-05-30T11:24:55.950+0000] {dagbag.py:540} INFO - Filling up the DagBag from /home/airflow/.local/lib/python3.8/site-packages/airflow/example_dags/example_external_task_marker_dag.py
[2024-05-30T11:24:55.962+0000] {processor.py:840} INFO - DAG(s) 'example_external_task_marker_child', 'example_external_task_marker_parent' retrieved from /home/airflow/.local/lib/python3.8/site-packages/airflow/example_dags/example_external_task_marker_dag.py
[2024-05-30T11:24:56.003+0000] {logging_mixin.py:188} INFO - [2024-05-30T11:24:56.002+0000] {dag.py:3047} INFO - Sync 2 DAGs
[2024-05-30T11:24:56.027+0000] {logging_mixin.py:188} INFO - [2024-05-30T11:24:56.027+0000] {dag.py:3834} INFO - Setting next_dagrun for example_external_task_marker_child to None, run_after=None
[2024-05-30T11:24:56.033+0000] {logging_mixin.py:188} INFO - [2024-05-30T11:24:56.033+0000] {dag.py:3834} INFO - Setting next_dagrun for example_external_task_marker_parent to None, run_after=None
[2024-05-30T11:24:56.063+0000] {processor.py:183} INFO - Processing /home/airflow/.local/lib/python3.8/site-packages/airflow/example_dags/example_external_task_marker_dag.py took 0.122 seconds
[2024-05-30T11:25:26.755+0000] {processor.py:161} INFO - Started process (PID=1160) to work on /home/airflow/.local/lib/python3.8/site-packages/airflow/example_dags/example_external_task_marker_dag.py
[2024-05-30T11:25:26.756+0000] {processor.py:830} INFO - Processing file /home/airflow/.local/lib/python3.8/site-packages/airflow/example_dags/example_external_task_marker_dag.py for tasks to queue
[2024-05-30T11:25:26.758+0000] {logging_mixin.py:188} INFO - [2024-05-30T11:25:26.758+0000] {dagbag.py:540} INFO - Filling up the DagBag from /home/airflow/.local/lib/python3.8/site-packages/airflow/example_dags/example_external_task_marker_dag.py
[2024-05-30T11:25:26.767+0000] {processor.py:840} INFO - DAG(s) 'example_external_task_marker_parent', 'example_external_task_marker_child' retrieved from /home/airflow/.local/lib/python3.8/site-packages/airflow/example_dags/example_external_task_marker_dag.py
[2024-05-30T11:25:26.805+0000] {logging_mixin.py:188} INFO - [2024-05-30T11:25:26.804+0000] {dag.py:3047} INFO - Sync 2 DAGs
[2024-05-30T11:25:26.831+0000] {logging_mixin.py:188} INFO - [2024-05-30T11:25:26.830+0000] {dag.py:3834} INFO - Setting next_dagrun for example_external_task_marker_child to None, run_after=None
[2024-05-30T11:25:26.838+0000] {logging_mixin.py:188} INFO - [2024-05-30T11:25:26.837+0000] {dag.py:3834} INFO - Setting next_dagrun for example_external_task_marker_parent to None, run_after=None
[2024-05-30T11:25:26.866+0000] {processor.py:183} INFO - Processing /home/airflow/.local/lib/python3.8/site-packages/airflow/example_dags/example_external_task_marker_dag.py took 0.116 seconds
[2024-05-30T11:25:57.756+0000] {processor.py:161} INFO - Started process (PID=1217) to work on /home/airflow/.local/lib/python3.8/site-packages/airflow/example_dags/example_external_task_marker_dag.py
[2024-05-30T11:25:57.758+0000] {processor.py:830} INFO - Processing file /home/airflow/.local/lib/python3.8/site-packages/airflow/example_dags/example_external_task_marker_dag.py for tasks to queue
[2024-05-30T11:25:57.761+0000] {logging_mixin.py:188} INFO - [2024-05-30T11:25:57.761+0000] {dagbag.py:540} INFO - Filling up the DagBag from /home/airflow/.local/lib/python3.8/site-packages/airflow/example_dags/example_external_task_marker_dag.py
[2024-05-30T11:25:57.772+0000] {processor.py:840} INFO - DAG(s) 'example_external_task_marker_parent', 'example_external_task_marker_child' retrieved from /home/airflow/.local/lib/python3.8/site-packages/airflow/example_dags/example_external_task_marker_dag.py
[2024-05-30T11:25:57.810+0000] {logging_mixin.py:188} INFO - [2024-05-30T11:25:57.809+0000] {dag.py:3047} INFO - Sync 2 DAGs
[2024-05-30T11:25:57.833+0000] {logging_mixin.py:188} INFO - [2024-05-30T11:25:57.833+0000] {dag.py:3834} INFO - Setting next_dagrun for example_external_task_marker_child to None, run_after=None
[2024-05-30T11:25:57.842+0000] {logging_mixin.py:188} INFO - [2024-05-30T11:25:57.841+0000] {dag.py:3834} INFO - Setting next_dagrun for example_external_task_marker_parent to None, run_after=None
[2024-05-30T11:25:57.874+0000] {processor.py:183} INFO - Processing /home/airflow/.local/lib/python3.8/site-packages/airflow/example_dags/example_external_task_marker_dag.py took 0.124 seconds
[2024-05-30T11:26:28.488+0000] {processor.py:161} INFO - Started process (PID=1274) to work on /home/airflow/.local/lib/python3.8/site-packages/airflow/example_dags/example_external_task_marker_dag.py
[2024-05-30T11:26:28.490+0000] {processor.py:830} INFO - Processing file /home/airflow/.local/lib/python3.8/site-packages/airflow/example_dags/example_external_task_marker_dag.py for tasks to queue
[2024-05-30T11:26:28.493+0000] {logging_mixin.py:188} INFO - [2024-05-30T11:26:28.493+0000] {dagbag.py:540} INFO - Filling up the DagBag from /home/airflow/.local/lib/python3.8/site-packages/airflow/example_dags/example_external_task_marker_dag.py
[2024-05-30T11:26:28.508+0000] {processor.py:840} INFO - DAG(s) 'example_external_task_marker_child', 'example_external_task_marker_parent' retrieved from /home/airflow/.local/lib/python3.8/site-packages/airflow/example_dags/example_external_task_marker_dag.py
[2024-05-30T11:26:28.554+0000] {logging_mixin.py:188} INFO - [2024-05-30T11:26:28.554+0000] {dag.py:3047} INFO - Sync 2 DAGs
[2024-05-30T11:26:28.579+0000] {logging_mixin.py:188} INFO - [2024-05-30T11:26:28.578+0000] {dag.py:3834} INFO - Setting next_dagrun for example_external_task_marker_child to None, run_after=None
[2024-05-30T11:26:28.588+0000] {logging_mixin.py:188} INFO - [2024-05-30T11:26:28.587+0000] {dag.py:3834} INFO - Setting next_dagrun for example_external_task_marker_parent to None, run_after=None
[2024-05-30T11:26:28.624+0000] {processor.py:183} INFO - Processing /home/airflow/.local/lib/python3.8/site-packages/airflow/example_dags/example_external_task_marker_dag.py took 0.142 seconds
[2024-05-30T11:26:59.399+0000] {processor.py:161} INFO - Started process (PID=1331) to work on /home/airflow/.local/lib/python3.8/site-packages/airflow/example_dags/example_external_task_marker_dag.py
[2024-05-30T11:26:59.401+0000] {processor.py:830} INFO - Processing file /home/airflow/.local/lib/python3.8/site-packages/airflow/example_dags/example_external_task_marker_dag.py for tasks to queue
[2024-05-30T11:26:59.403+0000] {logging_mixin.py:188} INFO - [2024-05-30T11:26:59.403+0000] {dagbag.py:540} INFO - Filling up the DagBag from /home/airflow/.local/lib/python3.8/site-packages/airflow/example_dags/example_external_task_marker_dag.py
[2024-05-30T11:26:59.412+0000] {processor.py:840} INFO - DAG(s) 'example_external_task_marker_child', 'example_external_task_marker_parent' retrieved from /home/airflow/.local/lib/python3.8/site-packages/airflow/example_dags/example_external_task_marker_dag.py
[2024-05-30T11:26:59.446+0000] {logging_mixin.py:188} INFO - [2024-05-30T11:26:59.446+0000] {dag.py:3047} INFO - Sync 2 DAGs
[2024-05-30T11:26:59.465+0000] {logging_mixin.py:188} INFO - [2024-05-30T11:26:59.464+0000] {dag.py:3834} INFO - Setting next_dagrun for example_external_task_marker_child to None, run_after=None
[2024-05-30T11:26:59.471+0000] {logging_mixin.py:188} INFO - [2024-05-30T11:26:59.471+0000] {dag.py:3834} INFO - Setting next_dagrun for example_external_task_marker_parent to None, run_after=None
[2024-05-30T11:26:59.506+0000] {processor.py:183} INFO - Processing /home/airflow/.local/lib/python3.8/site-packages/airflow/example_dags/example_external_task_marker_dag.py took 0.112 seconds
[2024-05-30T11:27:30.254+0000] {processor.py:161} INFO - Started process (PID=1388) to work on /home/airflow/.local/lib/python3.8/site-packages/airflow/example_dags/example_external_task_marker_dag.py
[2024-05-30T11:27:30.256+0000] {processor.py:830} INFO - Processing file /home/airflow/.local/lib/python3.8/site-packages/airflow/example_dags/example_external_task_marker_dag.py for tasks to queue
[2024-05-30T11:27:30.258+0000] {logging_mixin.py:188} INFO - [2024-05-30T11:27:30.258+0000] {dagbag.py:540} INFO - Filling up the DagBag from /home/airflow/.local/lib/python3.8/site-packages/airflow/example_dags/example_external_task_marker_dag.py
[2024-05-30T11:27:30.265+0000] {processor.py:840} INFO - DAG(s) 'example_external_task_marker_child', 'example_external_task_marker_parent' retrieved from /home/airflow/.local/lib/python3.8/site-packages/airflow/example_dags/example_external_task_marker_dag.py
[2024-05-30T11:27:30.319+0000] {logging_mixin.py:188} INFO - [2024-05-30T11:27:30.318+0000] {dag.py:3047} INFO - Sync 2 DAGs
[2024-05-30T11:27:30.357+0000] {logging_mixin.py:188} INFO - [2024-05-30T11:27:30.357+0000] {dag.py:3834} INFO - Setting next_dagrun for example_external_task_marker_child to None, run_after=None
[2024-05-30T11:27:30.367+0000] {logging_mixin.py:188} INFO - [2024-05-30T11:27:30.367+0000] {dag.py:3834} INFO - Setting next_dagrun for example_external_task_marker_parent to None, run_after=None
[2024-05-30T11:27:30.427+0000] {processor.py:183} INFO - Processing /home/airflow/.local/lib/python3.8/site-packages/airflow/example_dags/example_external_task_marker_dag.py took 0.177 seconds
[2024-05-30T11:28:00.524+0000] {processor.py:161} INFO - Started process (PID=1445) to work on /home/airflow/.local/lib/python3.8/site-packages/airflow/example_dags/example_external_task_marker_dag.py
[2024-05-30T11:28:00.526+0000] {processor.py:830} INFO - Processing file /home/airflow/.local/lib/python3.8/site-packages/airflow/example_dags/example_external_task_marker_dag.py for tasks to queue
[2024-05-30T11:28:00.530+0000] {logging_mixin.py:188} INFO - [2024-05-30T11:28:00.529+0000] {dagbag.py:540} INFO - Filling up the DagBag from /home/airflow/.local/lib/python3.8/site-packages/airflow/example_dags/example_external_task_marker_dag.py
[2024-05-30T11:28:00.555+0000] {processor.py:840} INFO - DAG(s) 'example_external_task_marker_parent', 'example_external_task_marker_child' retrieved from /home/airflow/.local/lib/python3.8/site-packages/airflow/example_dags/example_external_task_marker_dag.py
[2024-05-30T11:28:00.620+0000] {logging_mixin.py:188} INFO - [2024-05-30T11:28:00.619+0000] {dag.py:3047} INFO - Sync 2 DAGs
[2024-05-30T11:28:00.667+0000] {logging_mixin.py:188} INFO - [2024-05-30T11:28:00.666+0000] {dag.py:3834} INFO - Setting next_dagrun for example_external_task_marker_child to None, run_after=None
[2024-05-30T11:28:00.675+0000] {logging_mixin.py:188} INFO - [2024-05-30T11:28:00.675+0000] {dag.py:3834} INFO - Setting next_dagrun for example_external_task_marker_parent to None, run_after=None
[2024-05-30T11:28:00.725+0000] {processor.py:183} INFO - Processing /home/airflow/.local/lib/python3.8/site-packages/airflow/example_dags/example_external_task_marker_dag.py took 0.206 seconds
[2024-05-30T11:28:30.925+0000] {processor.py:161} INFO - Started process (PID=1501) to work on /home/airflow/.local/lib/python3.8/site-packages/airflow/example_dags/example_external_task_marker_dag.py
[2024-05-30T11:28:30.927+0000] {processor.py:830} INFO - Processing file /home/airflow/.local/lib/python3.8/site-packages/airflow/example_dags/example_external_task_marker_dag.py for tasks to queue
[2024-05-30T11:28:30.931+0000] {logging_mixin.py:188} INFO - [2024-05-30T11:28:30.930+0000] {dagbag.py:540} INFO - Filling up the DagBag from /home/airflow/.local/lib/python3.8/site-packages/airflow/example_dags/example_external_task_marker_dag.py
[2024-05-30T11:28:30.941+0000] {processor.py:840} INFO - DAG(s) 'example_external_task_marker_parent', 'example_external_task_marker_child' retrieved from /home/airflow/.local/lib/python3.8/site-packages/airflow/example_dags/example_external_task_marker_dag.py
[2024-05-30T11:28:30.978+0000] {logging_mixin.py:188} INFO - [2024-05-30T11:28:30.978+0000] {dag.py:3047} INFO - Sync 2 DAGs
[2024-05-30T11:28:30.994+0000] {logging_mixin.py:188} INFO - [2024-05-30T11:28:30.993+0000] {dag.py:3834} INFO - Setting next_dagrun for example_external_task_marker_child to None, run_after=None
[2024-05-30T11:28:31.000+0000] {logging_mixin.py:188} INFO - [2024-05-30T11:28:30.999+0000] {dag.py:3834} INFO - Setting next_dagrun for example_external_task_marker_parent to None, run_after=None
[2024-05-30T11:28:31.033+0000] {processor.py:183} INFO - Processing /home/airflow/.local/lib/python3.8/site-packages/airflow/example_dags/example_external_task_marker_dag.py took 0.111 seconds
[2024-05-30T11:29:01.412+0000] {processor.py:161} INFO - Started process (PID=1558) to work on /home/airflow/.local/lib/python3.8/site-packages/airflow/example_dags/example_external_task_marker_dag.py
[2024-05-30T11:29:01.413+0000] {processor.py:830} INFO - Processing file /home/airflow/.local/lib/python3.8/site-packages/airflow/example_dags/example_external_task_marker_dag.py for tasks to queue
[2024-05-30T11:29:01.415+0000] {logging_mixin.py:188} INFO - [2024-05-30T11:29:01.415+0000] {dagbag.py:540} INFO - Filling up the DagBag from /home/airflow/.local/lib/python3.8/site-packages/airflow/example_dags/example_external_task_marker_dag.py
[2024-05-30T11:29:01.427+0000] {processor.py:840} INFO - DAG(s) 'example_external_task_marker_parent', 'example_external_task_marker_child' retrieved from /home/airflow/.local/lib/python3.8/site-packages/airflow/example_dags/example_external_task_marker_dag.py
[2024-05-30T11:29:01.462+0000] {logging_mixin.py:188} INFO - [2024-05-30T11:29:01.462+0000] {dag.py:3047} INFO - Sync 2 DAGs
[2024-05-30T11:29:01.482+0000] {logging_mixin.py:188} INFO - [2024-05-30T11:29:01.482+0000] {dag.py:3834} INFO - Setting next_dagrun for example_external_task_marker_child to None, run_after=None
[2024-05-30T11:29:01.487+0000] {logging_mixin.py:188} INFO - [2024-05-30T11:29:01.487+0000] {dag.py:3834} INFO - Setting next_dagrun for example_external_task_marker_parent to None, run_after=None
[2024-05-30T11:29:01.513+0000] {processor.py:183} INFO - Processing /home/airflow/.local/lib/python3.8/site-packages/airflow/example_dags/example_external_task_marker_dag.py took 0.105 seconds
[2024-05-30T11:29:31.640+0000] {processor.py:161} INFO - Started process (PID=1615) to work on /home/airflow/.local/lib/python3.8/site-packages/airflow/example_dags/example_external_task_marker_dag.py
[2024-05-30T11:29:31.642+0000] {processor.py:830} INFO - Processing file /home/airflow/.local/lib/python3.8/site-packages/airflow/example_dags/example_external_task_marker_dag.py for tasks to queue
[2024-05-30T11:29:31.644+0000] {logging_mixin.py:188} INFO - [2024-05-30T11:29:31.644+0000] {dagbag.py:540} INFO - Filling up the DagBag from /home/airflow/.local/lib/python3.8/site-packages/airflow/example_dags/example_external_task_marker_dag.py
[2024-05-30T11:29:31.652+0000] {processor.py:840} INFO - DAG(s) 'example_external_task_marker_parent', 'example_external_task_marker_child' retrieved from /home/airflow/.local/lib/python3.8/site-packages/airflow/example_dags/example_external_task_marker_dag.py
[2024-05-30T11:29:31.680+0000] {logging_mixin.py:188} INFO - [2024-05-30T11:29:31.680+0000] {dag.py:3047} INFO - Sync 2 DAGs
[2024-05-30T11:29:31.700+0000] {logging_mixin.py:188} INFO - [2024-05-30T11:29:31.699+0000] {dag.py:3834} INFO - Setting next_dagrun for example_external_task_marker_child to None, run_after=None
[2024-05-30T11:29:31.707+0000] {logging_mixin.py:188} INFO - [2024-05-30T11:29:31.706+0000] {dag.py:3834} INFO - Setting next_dagrun for example_external_task_marker_parent to None, run_after=None
[2024-05-30T11:29:31.731+0000] {processor.py:183} INFO - Processing /home/airflow/.local/lib/python3.8/site-packages/airflow/example_dags/example_external_task_marker_dag.py took 0.094 seconds
[2024-05-30T11:30:02.055+0000] {processor.py:161} INFO - Started process (PID=1672) to work on /home/airflow/.local/lib/python3.8/site-packages/airflow/example_dags/example_external_task_marker_dag.py
[2024-05-30T11:30:02.057+0000] {processor.py:830} INFO - Processing file /home/airflow/.local/lib/python3.8/site-packages/airflow/example_dags/example_external_task_marker_dag.py for tasks to queue
[2024-05-30T11:30:02.061+0000] {logging_mixin.py:188} INFO - [2024-05-30T11:30:02.060+0000] {dagbag.py:540} INFO - Filling up the DagBag from /home/airflow/.local/lib/python3.8/site-packages/airflow/example_dags/example_external_task_marker_dag.py
[2024-05-30T11:30:02.073+0000] {processor.py:840} INFO - DAG(s) 'example_external_task_marker_child', 'example_external_task_marker_parent' retrieved from /home/airflow/.local/lib/python3.8/site-packages/airflow/example_dags/example_external_task_marker_dag.py
[2024-05-30T11:30:02.107+0000] {logging_mixin.py:188} INFO - [2024-05-30T11:30:02.106+0000] {dag.py:3047} INFO - Sync 2 DAGs
[2024-05-30T11:30:02.126+0000] {logging_mixin.py:188} INFO - [2024-05-30T11:30:02.125+0000] {dag.py:3834} INFO - Setting next_dagrun for example_external_task_marker_child to None, run_after=None
[2024-05-30T11:30:02.131+0000] {logging_mixin.py:188} INFO - [2024-05-30T11:30:02.131+0000] {dag.py:3834} INFO - Setting next_dagrun for example_external_task_marker_parent to None, run_after=None
[2024-05-30T11:30:02.156+0000] {processor.py:183} INFO - Processing /home/airflow/.local/lib/python3.8/site-packages/airflow/example_dags/example_external_task_marker_dag.py took 0.105 seconds
[2024-05-30T11:30:32.349+0000] {processor.py:161} INFO - Started process (PID=1729) to work on /home/airflow/.local/lib/python3.8/site-packages/airflow/example_dags/example_external_task_marker_dag.py
[2024-05-30T11:30:32.350+0000] {processor.py:830} INFO - Processing file /home/airflow/.local/lib/python3.8/site-packages/airflow/example_dags/example_external_task_marker_dag.py for tasks to queue
[2024-05-30T11:30:32.352+0000] {logging_mixin.py:188} INFO - [2024-05-30T11:30:32.352+0000] {dagbag.py:540} INFO - Filling up the DagBag from /home/airflow/.local/lib/python3.8/site-packages/airflow/example_dags/example_external_task_marker_dag.py
[2024-05-30T11:30:32.360+0000] {processor.py:840} INFO - DAG(s) 'example_external_task_marker_child', 'example_external_task_marker_parent' retrieved from /home/airflow/.local/lib/python3.8/site-packages/airflow/example_dags/example_external_task_marker_dag.py
[2024-05-30T11:30:32.390+0000] {logging_mixin.py:188} INFO - [2024-05-30T11:30:32.389+0000] {dag.py:3047} INFO - Sync 2 DAGs
[2024-05-30T11:30:32.416+0000] {logging_mixin.py:188} INFO - [2024-05-30T11:30:32.416+0000] {dag.py:3834} INFO - Setting next_dagrun for example_external_task_marker_child to None, run_after=None
[2024-05-30T11:30:32.423+0000] {logging_mixin.py:188} INFO - [2024-05-30T11:30:32.423+0000] {dag.py:3834} INFO - Setting next_dagrun for example_external_task_marker_parent to None, run_after=None
[2024-05-30T11:30:32.456+0000] {processor.py:183} INFO - Processing /home/airflow/.local/lib/python3.8/site-packages/airflow/example_dags/example_external_task_marker_dag.py took 0.110 seconds
[2024-05-30T11:31:03.280+0000] {processor.py:161} INFO - Started process (PID=1786) to work on /home/airflow/.local/lib/python3.8/site-packages/airflow/example_dags/example_external_task_marker_dag.py
[2024-05-30T11:31:03.281+0000] {processor.py:830} INFO - Processing file /home/airflow/.local/lib/python3.8/site-packages/airflow/example_dags/example_external_task_marker_dag.py for tasks to queue
[2024-05-30T11:31:03.284+0000] {logging_mixin.py:188} INFO - [2024-05-30T11:31:03.284+0000] {dagbag.py:540} INFO - Filling up the DagBag from /home/airflow/.local/lib/python3.8/site-packages/airflow/example_dags/example_external_task_marker_dag.py
[2024-05-30T11:31:03.296+0000] {processor.py:840} INFO - DAG(s) 'example_external_task_marker_parent', 'example_external_task_marker_child' retrieved from /home/airflow/.local/lib/python3.8/site-packages/airflow/example_dags/example_external_task_marker_dag.py
[2024-05-30T11:31:03.348+0000] {logging_mixin.py:188} INFO - [2024-05-30T11:31:03.348+0000] {dag.py:3047} INFO - Sync 2 DAGs
[2024-05-30T11:31:03.380+0000] {logging_mixin.py:188} INFO - [2024-05-30T11:31:03.380+0000] {dag.py:3834} INFO - Setting next_dagrun for example_external_task_marker_child to None, run_after=None
[2024-05-30T11:31:03.391+0000] {logging_mixin.py:188} INFO - [2024-05-30T11:31:03.389+0000] {dag.py:3834} INFO - Setting next_dagrun for example_external_task_marker_parent to None, run_after=None
[2024-05-30T11:31:03.434+0000] {processor.py:183} INFO - Processing /home/airflow/.local/lib/python3.8/site-packages/airflow/example_dags/example_external_task_marker_dag.py took 0.158 seconds
[2024-05-30T11:31:34.190+0000] {processor.py:161} INFO - Started process (PID=1843) to work on /home/airflow/.local/lib/python3.8/site-packages/airflow/example_dags/example_external_task_marker_dag.py
[2024-05-30T11:31:34.192+0000] {processor.py:830} INFO - Processing file /home/airflow/.local/lib/python3.8/site-packages/airflow/example_dags/example_external_task_marker_dag.py for tasks to queue
[2024-05-30T11:31:34.195+0000] {logging_mixin.py:188} INFO - [2024-05-30T11:31:34.195+0000] {dagbag.py:540} INFO - Filling up the DagBag from /home/airflow/.local/lib/python3.8/site-packages/airflow/example_dags/example_external_task_marker_dag.py
[2024-05-30T11:31:34.210+0000] {processor.py:840} INFO - DAG(s) 'example_external_task_marker_child', 'example_external_task_marker_parent' retrieved from /home/airflow/.local/lib/python3.8/site-packages/airflow/example_dags/example_external_task_marker_dag.py
[2024-05-30T11:31:34.269+0000] {logging_mixin.py:188} INFO - [2024-05-30T11:31:34.268+0000] {dag.py:3047} INFO - Sync 2 DAGs
[2024-05-30T11:31:34.304+0000] {logging_mixin.py:188} INFO - [2024-05-30T11:31:34.304+0000] {dag.py:3834} INFO - Setting next_dagrun for example_external_task_marker_child to None, run_after=None
[2024-05-30T11:31:34.315+0000] {logging_mixin.py:188} INFO - [2024-05-30T11:31:34.314+0000] {dag.py:3834} INFO - Setting next_dagrun for example_external_task_marker_parent to None, run_after=None
[2024-05-30T11:31:34.383+0000] {processor.py:183} INFO - Processing /home/airflow/.local/lib/python3.8/site-packages/airflow/example_dags/example_external_task_marker_dag.py took 0.201 seconds
