[2024-05-30T11:15:40.807+0000] {processor.py:161} INFO - Started process (PID=57) to work on /home/airflow/.local/lib/python3.8/site-packages/airflow/example_dags/example_branch_python_dop_operator_3.py
[2024-05-30T11:15:40.808+0000] {processor.py:830} INFO - Processing file /home/airflow/.local/lib/python3.8/site-packages/airflow/example_dags/example_branch_python_dop_operator_3.py for tasks to queue
[2024-05-30T11:15:40.811+0000] {logging_mixin.py:188} INFO - [2024-05-30T11:15:40.811+0000] {dagbag.py:540} INFO - Filling up the DagBag from /home/airflow/.local/lib/python3.8/site-packages/airflow/example_dags/example_branch_python_dop_operator_3.py
[2024-05-30T11:15:40.826+0000] {processor.py:840} INFO - DAG(s) 'example_branch_dop_operator_v3' retrieved from /home/airflow/.local/lib/python3.8/site-packages/airflow/example_dags/example_branch_python_dop_operator_3.py
[2024-05-30T11:15:40.867+0000] {logging_mixin.py:188} INFO - [2024-05-30T11:15:40.866+0000] {dag.py:3047} INFO - Sync 1 DAGs
[2024-05-30T11:15:40.925+0000] {logging_mixin.py:188} INFO - [2024-05-30T11:15:40.925+0000] {dag.py:3834} INFO - Setting next_dagrun for example_branch_dop_operator_v3 to 2024-05-30 11:14:00+00:00, run_after=2024-05-30 11:15:00+00:00
[2024-05-30T11:15:40.957+0000] {processor.py:183} INFO - Processing /home/airflow/.local/lib/python3.8/site-packages/airflow/example_dags/example_branch_python_dop_operator_3.py took 0.154 seconds
[2024-05-30T11:16:11.861+0000] {processor.py:161} INFO - Started process (PID=114) to work on /home/airflow/.local/lib/python3.8/site-packages/airflow/example_dags/example_branch_python_dop_operator_3.py
[2024-05-30T11:16:11.863+0000] {processor.py:830} INFO - Processing file /home/airflow/.local/lib/python3.8/site-packages/airflow/example_dags/example_branch_python_dop_operator_3.py for tasks to queue
[2024-05-30T11:16:11.869+0000] {logging_mixin.py:188} INFO - [2024-05-30T11:16:11.868+0000] {dagbag.py:540} INFO - Filling up the DagBag from /home/airflow/.local/lib/python3.8/site-packages/airflow/example_dags/example_branch_python_dop_operator_3.py
[2024-05-30T11:16:11.885+0000] {processor.py:840} INFO - DAG(s) 'example_branch_dop_operator_v3' retrieved from /home/airflow/.local/lib/python3.8/site-packages/airflow/example_dags/example_branch_python_dop_operator_3.py
[2024-05-30T11:16:11.917+0000] {logging_mixin.py:188} INFO - [2024-05-30T11:16:11.916+0000] {dag.py:3047} INFO - Sync 1 DAGs
[2024-05-30T11:16:11.962+0000] {logging_mixin.py:188} INFO - [2024-05-30T11:16:11.962+0000] {dag.py:3834} INFO - Setting next_dagrun for example_branch_dop_operator_v3 to 2024-05-30 11:15:00+00:00, run_after=2024-05-30 11:16:00+00:00
[2024-05-30T11:16:11.990+0000] {processor.py:183} INFO - Processing /home/airflow/.local/lib/python3.8/site-packages/airflow/example_dags/example_branch_python_dop_operator_3.py took 0.135 seconds
[2024-05-30T11:16:42.227+0000] {processor.py:161} INFO - Started process (PID=171) to work on /home/airflow/.local/lib/python3.8/site-packages/airflow/example_dags/example_branch_python_dop_operator_3.py
[2024-05-30T11:16:42.228+0000] {processor.py:830} INFO - Processing file /home/airflow/.local/lib/python3.8/site-packages/airflow/example_dags/example_branch_python_dop_operator_3.py for tasks to queue
[2024-05-30T11:16:42.231+0000] {logging_mixin.py:188} INFO - [2024-05-30T11:16:42.230+0000] {dagbag.py:540} INFO - Filling up the DagBag from /home/airflow/.local/lib/python3.8/site-packages/airflow/example_dags/example_branch_python_dop_operator_3.py
[2024-05-30T11:16:42.259+0000] {processor.py:840} INFO - DAG(s) 'example_branch_dop_operator_v3' retrieved from /home/airflow/.local/lib/python3.8/site-packages/airflow/example_dags/example_branch_python_dop_operator_3.py
[2024-05-30T11:16:42.289+0000] {logging_mixin.py:188} INFO - [2024-05-30T11:16:42.289+0000] {dag.py:3047} INFO - Sync 1 DAGs
[2024-05-30T11:16:42.327+0000] {logging_mixin.py:188} INFO - [2024-05-30T11:16:42.326+0000] {dag.py:3834} INFO - Setting next_dagrun for example_branch_dop_operator_v3 to 2024-05-30 11:15:00+00:00, run_after=2024-05-30 11:16:00+00:00
[2024-05-30T11:16:42.350+0000] {processor.py:183} INFO - Processing /home/airflow/.local/lib/python3.8/site-packages/airflow/example_dags/example_branch_python_dop_operator_3.py took 0.126 seconds
[2024-05-30T11:17:12.599+0000] {processor.py:161} INFO - Started process (PID=228) to work on /home/airflow/.local/lib/python3.8/site-packages/airflow/example_dags/example_branch_python_dop_operator_3.py
[2024-05-30T11:17:12.600+0000] {processor.py:830} INFO - Processing file /home/airflow/.local/lib/python3.8/site-packages/airflow/example_dags/example_branch_python_dop_operator_3.py for tasks to queue
[2024-05-30T11:17:12.602+0000] {logging_mixin.py:188} INFO - [2024-05-30T11:17:12.601+0000] {dagbag.py:540} INFO - Filling up the DagBag from /home/airflow/.local/lib/python3.8/site-packages/airflow/example_dags/example_branch_python_dop_operator_3.py
[2024-05-30T11:17:12.610+0000] {processor.py:840} INFO - DAG(s) 'example_branch_dop_operator_v3' retrieved from /home/airflow/.local/lib/python3.8/site-packages/airflow/example_dags/example_branch_python_dop_operator_3.py
[2024-05-30T11:17:12.631+0000] {logging_mixin.py:188} INFO - [2024-05-30T11:17:12.631+0000] {dag.py:3047} INFO - Sync 1 DAGs
[2024-05-30T11:17:12.664+0000] {logging_mixin.py:188} INFO - [2024-05-30T11:17:12.664+0000] {dag.py:3834} INFO - Setting next_dagrun for example_branch_dop_operator_v3 to 2024-05-30 11:16:00+00:00, run_after=2024-05-30 11:17:00+00:00
[2024-05-30T11:17:12.690+0000] {processor.py:183} INFO - Processing /home/airflow/.local/lib/python3.8/site-packages/airflow/example_dags/example_branch_python_dop_operator_3.py took 0.094 seconds
[2024-05-30T11:17:43.978+0000] {processor.py:161} INFO - Started process (PID=285) to work on /home/airflow/.local/lib/python3.8/site-packages/airflow/example_dags/example_branch_python_dop_operator_3.py
[2024-05-30T11:17:43.980+0000] {processor.py:830} INFO - Processing file /home/airflow/.local/lib/python3.8/site-packages/airflow/example_dags/example_branch_python_dop_operator_3.py for tasks to queue
[2024-05-30T11:17:43.982+0000] {logging_mixin.py:188} INFO - [2024-05-30T11:17:43.981+0000] {dagbag.py:540} INFO - Filling up the DagBag from /home/airflow/.local/lib/python3.8/site-packages/airflow/example_dags/example_branch_python_dop_operator_3.py
[2024-05-30T11:17:43.993+0000] {processor.py:840} INFO - DAG(s) 'example_branch_dop_operator_v3' retrieved from /home/airflow/.local/lib/python3.8/site-packages/airflow/example_dags/example_branch_python_dop_operator_3.py
[2024-05-30T11:17:44.014+0000] {logging_mixin.py:188} INFO - [2024-05-30T11:17:44.013+0000] {dag.py:3047} INFO - Sync 1 DAGs
[2024-05-30T11:17:44.045+0000] {logging_mixin.py:188} INFO - [2024-05-30T11:17:44.044+0000] {dag.py:3834} INFO - Setting next_dagrun for example_branch_dop_operator_v3 to 2024-05-30 11:16:00+00:00, run_after=2024-05-30 11:17:00+00:00
[2024-05-30T11:17:44.073+0000] {processor.py:183} INFO - Processing /home/airflow/.local/lib/python3.8/site-packages/airflow/example_dags/example_branch_python_dop_operator_3.py took 0.097 seconds
[2024-05-30T11:18:14.206+0000] {processor.py:161} INFO - Started process (PID=342) to work on /home/airflow/.local/lib/python3.8/site-packages/airflow/example_dags/example_branch_python_dop_operator_3.py
[2024-05-30T11:18:14.207+0000] {processor.py:830} INFO - Processing file /home/airflow/.local/lib/python3.8/site-packages/airflow/example_dags/example_branch_python_dop_operator_3.py for tasks to queue
[2024-05-30T11:18:14.209+0000] {logging_mixin.py:188} INFO - [2024-05-30T11:18:14.208+0000] {dagbag.py:540} INFO - Filling up the DagBag from /home/airflow/.local/lib/python3.8/site-packages/airflow/example_dags/example_branch_python_dop_operator_3.py
[2024-05-30T11:18:14.219+0000] {processor.py:840} INFO - DAG(s) 'example_branch_dop_operator_v3' retrieved from /home/airflow/.local/lib/python3.8/site-packages/airflow/example_dags/example_branch_python_dop_operator_3.py
[2024-05-30T11:18:14.239+0000] {logging_mixin.py:188} INFO - [2024-05-30T11:18:14.238+0000] {dag.py:3047} INFO - Sync 1 DAGs
[2024-05-30T11:18:14.271+0000] {logging_mixin.py:188} INFO - [2024-05-30T11:18:14.271+0000] {dag.py:3834} INFO - Setting next_dagrun for example_branch_dop_operator_v3 to 2024-05-30 11:17:00+00:00, run_after=2024-05-30 11:18:00+00:00
[2024-05-30T11:18:14.295+0000] {processor.py:183} INFO - Processing /home/airflow/.local/lib/python3.8/site-packages/airflow/example_dags/example_branch_python_dop_operator_3.py took 0.092 seconds
[2024-05-30T11:18:44.371+0000] {processor.py:161} INFO - Started process (PID=397) to work on /home/airflow/.local/lib/python3.8/site-packages/airflow/example_dags/example_branch_python_dop_operator_3.py
[2024-05-30T11:18:44.373+0000] {processor.py:830} INFO - Processing file /home/airflow/.local/lib/python3.8/site-packages/airflow/example_dags/example_branch_python_dop_operator_3.py for tasks to queue
[2024-05-30T11:18:44.376+0000] {logging_mixin.py:188} INFO - [2024-05-30T11:18:44.375+0000] {dagbag.py:540} INFO - Filling up the DagBag from /home/airflow/.local/lib/python3.8/site-packages/airflow/example_dags/example_branch_python_dop_operator_3.py
[2024-05-30T11:18:44.390+0000] {processor.py:840} INFO - DAG(s) 'example_branch_dop_operator_v3' retrieved from /home/airflow/.local/lib/python3.8/site-packages/airflow/example_dags/example_branch_python_dop_operator_3.py
[2024-05-30T11:18:44.443+0000] {logging_mixin.py:188} INFO - [2024-05-30T11:18:44.443+0000] {dag.py:3047} INFO - Sync 1 DAGs
[2024-05-30T11:18:44.507+0000] {logging_mixin.py:188} INFO - [2024-05-30T11:18:44.506+0000] {dag.py:3834} INFO - Setting next_dagrun for example_branch_dop_operator_v3 to 2024-05-30 11:17:00+00:00, run_after=2024-05-30 11:18:00+00:00
[2024-05-30T11:18:44.538+0000] {processor.py:183} INFO - Processing /home/airflow/.local/lib/python3.8/site-packages/airflow/example_dags/example_branch_python_dop_operator_3.py took 0.171 seconds
[2024-05-30T11:19:15.405+0000] {processor.py:161} INFO - Started process (PID=454) to work on /home/airflow/.local/lib/python3.8/site-packages/airflow/example_dags/example_branch_python_dop_operator_3.py
[2024-05-30T11:19:15.406+0000] {processor.py:830} INFO - Processing file /home/airflow/.local/lib/python3.8/site-packages/airflow/example_dags/example_branch_python_dop_operator_3.py for tasks to queue
[2024-05-30T11:19:15.408+0000] {logging_mixin.py:188} INFO - [2024-05-30T11:19:15.407+0000] {dagbag.py:540} INFO - Filling up the DagBag from /home/airflow/.local/lib/python3.8/site-packages/airflow/example_dags/example_branch_python_dop_operator_3.py
[2024-05-30T11:19:15.416+0000] {processor.py:840} INFO - DAG(s) 'example_branch_dop_operator_v3' retrieved from /home/airflow/.local/lib/python3.8/site-packages/airflow/example_dags/example_branch_python_dop_operator_3.py
[2024-05-30T11:19:15.438+0000] {logging_mixin.py:188} INFO - [2024-05-30T11:19:15.437+0000] {dag.py:3047} INFO - Sync 1 DAGs
[2024-05-30T11:19:15.468+0000] {logging_mixin.py:188} INFO - [2024-05-30T11:19:15.467+0000] {dag.py:3834} INFO - Setting next_dagrun for example_branch_dop_operator_v3 to 2024-05-30 11:18:00+00:00, run_after=2024-05-30 11:19:00+00:00
[2024-05-30T11:19:15.493+0000] {processor.py:183} INFO - Processing /home/airflow/.local/lib/python3.8/site-packages/airflow/example_dags/example_branch_python_dop_operator_3.py took 0.091 seconds
[2024-05-30T11:19:46.047+0000] {processor.py:161} INFO - Started process (PID=517) to work on /home/airflow/.local/lib/python3.8/site-packages/airflow/example_dags/example_branch_python_dop_operator_3.py
[2024-05-30T11:19:46.049+0000] {processor.py:830} INFO - Processing file /home/airflow/.local/lib/python3.8/site-packages/airflow/example_dags/example_branch_python_dop_operator_3.py for tasks to queue
[2024-05-30T11:19:46.051+0000] {logging_mixin.py:188} INFO - [2024-05-30T11:19:46.050+0000] {dagbag.py:540} INFO - Filling up the DagBag from /home/airflow/.local/lib/python3.8/site-packages/airflow/example_dags/example_branch_python_dop_operator_3.py
[2024-05-30T11:19:46.059+0000] {processor.py:840} INFO - DAG(s) 'example_branch_dop_operator_v3' retrieved from /home/airflow/.local/lib/python3.8/site-packages/airflow/example_dags/example_branch_python_dop_operator_3.py
[2024-05-30T11:19:46.081+0000] {logging_mixin.py:188} INFO - [2024-05-30T11:19:46.081+0000] {dag.py:3047} INFO - Sync 1 DAGs
[2024-05-30T11:19:46.111+0000] {logging_mixin.py:188} INFO - [2024-05-30T11:19:46.111+0000] {dag.py:3834} INFO - Setting next_dagrun for example_branch_dop_operator_v3 to 2024-05-30 11:18:00+00:00, run_after=2024-05-30 11:19:00+00:00
[2024-05-30T11:19:46.135+0000] {processor.py:183} INFO - Processing /home/airflow/.local/lib/python3.8/site-packages/airflow/example_dags/example_branch_python_dop_operator_3.py took 0.090 seconds
[2024-05-30T11:20:16.690+0000] {processor.py:161} INFO - Started process (PID=574) to work on /home/airflow/.local/lib/python3.8/site-packages/airflow/example_dags/example_branch_python_dop_operator_3.py
[2024-05-30T11:20:16.694+0000] {processor.py:830} INFO - Processing file /home/airflow/.local/lib/python3.8/site-packages/airflow/example_dags/example_branch_python_dop_operator_3.py for tasks to queue
[2024-05-30T11:20:16.697+0000] {logging_mixin.py:188} INFO - [2024-05-30T11:20:16.696+0000] {dagbag.py:540} INFO - Filling up the DagBag from /home/airflow/.local/lib/python3.8/site-packages/airflow/example_dags/example_branch_python_dop_operator_3.py
[2024-05-30T11:20:16.707+0000] {processor.py:840} INFO - DAG(s) 'example_branch_dop_operator_v3' retrieved from /home/airflow/.local/lib/python3.8/site-packages/airflow/example_dags/example_branch_python_dop_operator_3.py
[2024-05-30T11:20:16.737+0000] {logging_mixin.py:188} INFO - [2024-05-30T11:20:16.737+0000] {dag.py:3047} INFO - Sync 1 DAGs
[2024-05-30T11:20:16.780+0000] {logging_mixin.py:188} INFO - [2024-05-30T11:20:16.779+0000] {dag.py:3834} INFO - Setting next_dagrun for example_branch_dop_operator_v3 to 2024-05-30 11:19:00+00:00, run_after=2024-05-30 11:20:00+00:00
[2024-05-30T11:20:16.808+0000] {processor.py:183} INFO - Processing /home/airflow/.local/lib/python3.8/site-packages/airflow/example_dags/example_branch_python_dop_operator_3.py took 0.121 seconds
[2024-05-30T11:20:46.882+0000] {processor.py:161} INFO - Started process (PID=631) to work on /home/airflow/.local/lib/python3.8/site-packages/airflow/example_dags/example_branch_python_dop_operator_3.py
[2024-05-30T11:20:46.884+0000] {processor.py:830} INFO - Processing file /home/airflow/.local/lib/python3.8/site-packages/airflow/example_dags/example_branch_python_dop_operator_3.py for tasks to queue
[2024-05-30T11:20:46.886+0000] {logging_mixin.py:188} INFO - [2024-05-30T11:20:46.886+0000] {dagbag.py:540} INFO - Filling up the DagBag from /home/airflow/.local/lib/python3.8/site-packages/airflow/example_dags/example_branch_python_dop_operator_3.py
[2024-05-30T11:20:46.901+0000] {processor.py:840} INFO - DAG(s) 'example_branch_dop_operator_v3' retrieved from /home/airflow/.local/lib/python3.8/site-packages/airflow/example_dags/example_branch_python_dop_operator_3.py
[2024-05-30T11:20:46.933+0000] {logging_mixin.py:188} INFO - [2024-05-30T11:20:46.933+0000] {dag.py:3047} INFO - Sync 1 DAGs
[2024-05-30T11:20:46.975+0000] {logging_mixin.py:188} INFO - [2024-05-30T11:20:46.975+0000] {dag.py:3834} INFO - Setting next_dagrun for example_branch_dop_operator_v3 to 2024-05-30 11:19:00+00:00, run_after=2024-05-30 11:20:00+00:00
[2024-05-30T11:20:47.004+0000] {processor.py:183} INFO - Processing /home/airflow/.local/lib/python3.8/site-packages/airflow/example_dags/example_branch_python_dop_operator_3.py took 0.127 seconds
[2024-05-30T11:21:17.135+0000] {processor.py:161} INFO - Started process (PID=688) to work on /home/airflow/.local/lib/python3.8/site-packages/airflow/example_dags/example_branch_python_dop_operator_3.py
[2024-05-30T11:21:17.136+0000] {processor.py:830} INFO - Processing file /home/airflow/.local/lib/python3.8/site-packages/airflow/example_dags/example_branch_python_dop_operator_3.py for tasks to queue
[2024-05-30T11:21:17.139+0000] {logging_mixin.py:188} INFO - [2024-05-30T11:21:17.138+0000] {dagbag.py:540} INFO - Filling up the DagBag from /home/airflow/.local/lib/python3.8/site-packages/airflow/example_dags/example_branch_python_dop_operator_3.py
[2024-05-30T11:21:17.156+0000] {processor.py:840} INFO - DAG(s) 'example_branch_dop_operator_v3' retrieved from /home/airflow/.local/lib/python3.8/site-packages/airflow/example_dags/example_branch_python_dop_operator_3.py
[2024-05-30T11:21:17.190+0000] {logging_mixin.py:188} INFO - [2024-05-30T11:21:17.190+0000] {dag.py:3047} INFO - Sync 1 DAGs
[2024-05-30T11:21:17.234+0000] {logging_mixin.py:188} INFO - [2024-05-30T11:21:17.234+0000] {dag.py:3834} INFO - Setting next_dagrun for example_branch_dop_operator_v3 to 2024-05-30 11:20:00+00:00, run_after=2024-05-30 11:21:00+00:00
[2024-05-30T11:21:17.266+0000] {processor.py:183} INFO - Processing /home/airflow/.local/lib/python3.8/site-packages/airflow/example_dags/example_branch_python_dop_operator_3.py took 0.134 seconds
[2024-05-30T11:21:47.911+0000] {processor.py:161} INFO - Started process (PID=745) to work on /home/airflow/.local/lib/python3.8/site-packages/airflow/example_dags/example_branch_python_dop_operator_3.py
[2024-05-30T11:21:47.912+0000] {processor.py:830} INFO - Processing file /home/airflow/.local/lib/python3.8/site-packages/airflow/example_dags/example_branch_python_dop_operator_3.py for tasks to queue
[2024-05-30T11:21:47.914+0000] {logging_mixin.py:188} INFO - [2024-05-30T11:21:47.914+0000] {dagbag.py:540} INFO - Filling up the DagBag from /home/airflow/.local/lib/python3.8/site-packages/airflow/example_dags/example_branch_python_dop_operator_3.py
[2024-05-30T11:21:47.923+0000] {processor.py:840} INFO - DAG(s) 'example_branch_dop_operator_v3' retrieved from /home/airflow/.local/lib/python3.8/site-packages/airflow/example_dags/example_branch_python_dop_operator_3.py
[2024-05-30T11:21:47.944+0000] {logging_mixin.py:188} INFO - [2024-05-30T11:21:47.944+0000] {dag.py:3047} INFO - Sync 1 DAGs
[2024-05-30T11:21:47.976+0000] {logging_mixin.py:188} INFO - [2024-05-30T11:21:47.975+0000] {dag.py:3834} INFO - Setting next_dagrun for example_branch_dop_operator_v3 to 2024-05-30 11:20:00+00:00, run_after=2024-05-30 11:21:00+00:00
[2024-05-30T11:21:47.999+0000] {processor.py:183} INFO - Processing /home/airflow/.local/lib/python3.8/site-packages/airflow/example_dags/example_branch_python_dop_operator_3.py took 0.091 seconds
[2024-05-30T11:22:18.066+0000] {processor.py:161} INFO - Started process (PID=802) to work on /home/airflow/.local/lib/python3.8/site-packages/airflow/example_dags/example_branch_python_dop_operator_3.py
[2024-05-30T11:22:18.067+0000] {processor.py:830} INFO - Processing file /home/airflow/.local/lib/python3.8/site-packages/airflow/example_dags/example_branch_python_dop_operator_3.py for tasks to queue
[2024-05-30T11:22:18.070+0000] {logging_mixin.py:188} INFO - [2024-05-30T11:22:18.069+0000] {dagbag.py:540} INFO - Filling up the DagBag from /home/airflow/.local/lib/python3.8/site-packages/airflow/example_dags/example_branch_python_dop_operator_3.py
[2024-05-30T11:22:18.082+0000] {processor.py:840} INFO - DAG(s) 'example_branch_dop_operator_v3' retrieved from /home/airflow/.local/lib/python3.8/site-packages/airflow/example_dags/example_branch_python_dop_operator_3.py
[2024-05-30T11:22:18.115+0000] {logging_mixin.py:188} INFO - [2024-05-30T11:22:18.114+0000] {dag.py:3047} INFO - Sync 1 DAGs
[2024-05-30T11:22:18.160+0000] {logging_mixin.py:188} INFO - [2024-05-30T11:22:18.159+0000] {dag.py:3834} INFO - Setting next_dagrun for example_branch_dop_operator_v3 to 2024-05-30 11:21:00+00:00, run_after=2024-05-30 11:22:00+00:00
[2024-05-30T11:22:18.187+0000] {processor.py:183} INFO - Processing /home/airflow/.local/lib/python3.8/site-packages/airflow/example_dags/example_branch_python_dop_operator_3.py took 0.126 seconds
[2024-05-30T11:22:48.867+0000] {processor.py:161} INFO - Started process (PID=859) to work on /home/airflow/.local/lib/python3.8/site-packages/airflow/example_dags/example_branch_python_dop_operator_3.py
[2024-05-30T11:22:48.869+0000] {processor.py:830} INFO - Processing file /home/airflow/.local/lib/python3.8/site-packages/airflow/example_dags/example_branch_python_dop_operator_3.py for tasks to queue
[2024-05-30T11:22:48.871+0000] {logging_mixin.py:188} INFO - [2024-05-30T11:22:48.871+0000] {dagbag.py:540} INFO - Filling up the DagBag from /home/airflow/.local/lib/python3.8/site-packages/airflow/example_dags/example_branch_python_dop_operator_3.py
[2024-05-30T11:22:48.882+0000] {processor.py:840} INFO - DAG(s) 'example_branch_dop_operator_v3' retrieved from /home/airflow/.local/lib/python3.8/site-packages/airflow/example_dags/example_branch_python_dop_operator_3.py
[2024-05-30T11:22:48.907+0000] {logging_mixin.py:188} INFO - [2024-05-30T11:22:48.907+0000] {dag.py:3047} INFO - Sync 1 DAGs
[2024-05-30T11:22:48.941+0000] {logging_mixin.py:188} INFO - [2024-05-30T11:22:48.941+0000] {dag.py:3834} INFO - Setting next_dagrun for example_branch_dop_operator_v3 to 2024-05-30 11:21:00+00:00, run_after=2024-05-30 11:22:00+00:00
[2024-05-30T11:22:48.967+0000] {processor.py:183} INFO - Processing /home/airflow/.local/lib/python3.8/site-packages/airflow/example_dags/example_branch_python_dop_operator_3.py took 0.102 seconds
[2024-05-30T11:23:19.108+0000] {processor.py:161} INFO - Started process (PID=916) to work on /home/airflow/.local/lib/python3.8/site-packages/airflow/example_dags/example_branch_python_dop_operator_3.py
[2024-05-30T11:23:19.109+0000] {processor.py:830} INFO - Processing file /home/airflow/.local/lib/python3.8/site-packages/airflow/example_dags/example_branch_python_dop_operator_3.py for tasks to queue
[2024-05-30T11:23:19.111+0000] {logging_mixin.py:188} INFO - [2024-05-30T11:23:19.111+0000] {dagbag.py:540} INFO - Filling up the DagBag from /home/airflow/.local/lib/python3.8/site-packages/airflow/example_dags/example_branch_python_dop_operator_3.py
[2024-05-30T11:23:19.120+0000] {processor.py:840} INFO - DAG(s) 'example_branch_dop_operator_v3' retrieved from /home/airflow/.local/lib/python3.8/site-packages/airflow/example_dags/example_branch_python_dop_operator_3.py
[2024-05-30T11:23:19.144+0000] {logging_mixin.py:188} INFO - [2024-05-30T11:23:19.144+0000] {dag.py:3047} INFO - Sync 1 DAGs
[2024-05-30T11:23:19.177+0000] {logging_mixin.py:188} INFO - [2024-05-30T11:23:19.177+0000] {dag.py:3834} INFO - Setting next_dagrun for example_branch_dop_operator_v3 to 2024-05-30 11:22:00+00:00, run_after=2024-05-30 11:23:00+00:00
[2024-05-30T11:23:19.206+0000] {processor.py:183} INFO - Processing /home/airflow/.local/lib/python3.8/site-packages/airflow/example_dags/example_branch_python_dop_operator_3.py took 0.102 seconds
[2024-05-30T11:23:49.371+0000] {processor.py:161} INFO - Started process (PID=973) to work on /home/airflow/.local/lib/python3.8/site-packages/airflow/example_dags/example_branch_python_dop_operator_3.py
[2024-05-30T11:23:49.372+0000] {processor.py:830} INFO - Processing file /home/airflow/.local/lib/python3.8/site-packages/airflow/example_dags/example_branch_python_dop_operator_3.py for tasks to queue
[2024-05-30T11:23:49.375+0000] {logging_mixin.py:188} INFO - [2024-05-30T11:23:49.375+0000] {dagbag.py:540} INFO - Filling up the DagBag from /home/airflow/.local/lib/python3.8/site-packages/airflow/example_dags/example_branch_python_dop_operator_3.py
[2024-05-30T11:23:49.390+0000] {processor.py:840} INFO - DAG(s) 'example_branch_dop_operator_v3' retrieved from /home/airflow/.local/lib/python3.8/site-packages/airflow/example_dags/example_branch_python_dop_operator_3.py
[2024-05-30T11:23:49.430+0000] {logging_mixin.py:188} INFO - [2024-05-30T11:23:49.429+0000] {dag.py:3047} INFO - Sync 1 DAGs
[2024-05-30T11:23:49.520+0000] {logging_mixin.py:188} INFO - [2024-05-30T11:23:49.519+0000] {dag.py:3834} INFO - Setting next_dagrun for example_branch_dop_operator_v3 to 2024-05-30 11:22:00+00:00, run_after=2024-05-30 11:23:00+00:00
[2024-05-30T11:23:49.563+0000] {processor.py:183} INFO - Processing /home/airflow/.local/lib/python3.8/site-packages/airflow/example_dags/example_branch_python_dop_operator_3.py took 0.199 seconds
[2024-05-30T11:24:20.085+0000] {processor.py:161} INFO - Started process (PID=1030) to work on /home/airflow/.local/lib/python3.8/site-packages/airflow/example_dags/example_branch_python_dop_operator_3.py
[2024-05-30T11:24:20.087+0000] {processor.py:830} INFO - Processing file /home/airflow/.local/lib/python3.8/site-packages/airflow/example_dags/example_branch_python_dop_operator_3.py for tasks to queue
[2024-05-30T11:24:20.099+0000] {logging_mixin.py:188} INFO - [2024-05-30T11:24:20.098+0000] {dagbag.py:540} INFO - Filling up the DagBag from /home/airflow/.local/lib/python3.8/site-packages/airflow/example_dags/example_branch_python_dop_operator_3.py
[2024-05-30T11:24:20.134+0000] {processor.py:840} INFO - DAG(s) 'example_branch_dop_operator_v3' retrieved from /home/airflow/.local/lib/python3.8/site-packages/airflow/example_dags/example_branch_python_dop_operator_3.py
[2024-05-30T11:24:20.193+0000] {logging_mixin.py:188} INFO - [2024-05-30T11:24:20.192+0000] {dag.py:3047} INFO - Sync 1 DAGs
[2024-05-30T11:24:20.342+0000] {logging_mixin.py:188} INFO - [2024-05-30T11:24:20.341+0000] {dag.py:3834} INFO - Setting next_dagrun for example_branch_dop_operator_v3 to 2024-05-30 11:23:00+00:00, run_after=2024-05-30 11:24:00+00:00
[2024-05-30T11:24:20.449+0000] {processor.py:183} INFO - Processing /home/airflow/.local/lib/python3.8/site-packages/airflow/example_dags/example_branch_python_dop_operator_3.py took 0.369 seconds
[2024-05-30T11:24:50.939+0000] {processor.py:161} INFO - Started process (PID=1087) to work on /home/airflow/.local/lib/python3.8/site-packages/airflow/example_dags/example_branch_python_dop_operator_3.py
[2024-05-30T11:24:50.941+0000] {processor.py:830} INFO - Processing file /home/airflow/.local/lib/python3.8/site-packages/airflow/example_dags/example_branch_python_dop_operator_3.py for tasks to queue
[2024-05-30T11:24:50.944+0000] {logging_mixin.py:188} INFO - [2024-05-30T11:24:50.943+0000] {dagbag.py:540} INFO - Filling up the DagBag from /home/airflow/.local/lib/python3.8/site-packages/airflow/example_dags/example_branch_python_dop_operator_3.py
[2024-05-30T11:24:50.955+0000] {processor.py:840} INFO - DAG(s) 'example_branch_dop_operator_v3' retrieved from /home/airflow/.local/lib/python3.8/site-packages/airflow/example_dags/example_branch_python_dop_operator_3.py
[2024-05-30T11:24:50.989+0000] {logging_mixin.py:188} INFO - [2024-05-30T11:24:50.989+0000] {dag.py:3047} INFO - Sync 1 DAGs
[2024-05-30T11:24:51.024+0000] {logging_mixin.py:188} INFO - [2024-05-30T11:24:51.023+0000] {dag.py:3834} INFO - Setting next_dagrun for example_branch_dop_operator_v3 to 2024-05-30 11:23:00+00:00, run_after=2024-05-30 11:24:00+00:00
[2024-05-30T11:24:51.051+0000] {processor.py:183} INFO - Processing /home/airflow/.local/lib/python3.8/site-packages/airflow/example_dags/example_branch_python_dop_operator_3.py took 0.116 seconds
[2024-05-30T11:25:21.253+0000] {processor.py:161} INFO - Started process (PID=1144) to work on /home/airflow/.local/lib/python3.8/site-packages/airflow/example_dags/example_branch_python_dop_operator_3.py
[2024-05-30T11:25:21.255+0000] {processor.py:830} INFO - Processing file /home/airflow/.local/lib/python3.8/site-packages/airflow/example_dags/example_branch_python_dop_operator_3.py for tasks to queue
[2024-05-30T11:25:21.259+0000] {logging_mixin.py:188} INFO - [2024-05-30T11:25:21.259+0000] {dagbag.py:540} INFO - Filling up the DagBag from /home/airflow/.local/lib/python3.8/site-packages/airflow/example_dags/example_branch_python_dop_operator_3.py
[2024-05-30T11:25:21.276+0000] {processor.py:840} INFO - DAG(s) 'example_branch_dop_operator_v3' retrieved from /home/airflow/.local/lib/python3.8/site-packages/airflow/example_dags/example_branch_python_dop_operator_3.py
[2024-05-30T11:25:21.311+0000] {logging_mixin.py:188} INFO - [2024-05-30T11:25:21.310+0000] {dag.py:3047} INFO - Sync 1 DAGs
[2024-05-30T11:25:21.370+0000] {logging_mixin.py:188} INFO - [2024-05-30T11:25:21.369+0000] {dag.py:3834} INFO - Setting next_dagrun for example_branch_dop_operator_v3 to 2024-05-30 11:24:00+00:00, run_after=2024-05-30 11:25:00+00:00
[2024-05-30T11:25:21.404+0000] {processor.py:183} INFO - Processing /home/airflow/.local/lib/python3.8/site-packages/airflow/example_dags/example_branch_python_dop_operator_3.py took 0.157 seconds
[2024-05-30T11:25:51.456+0000] {processor.py:161} INFO - Started process (PID=1201) to work on /home/airflow/.local/lib/python3.8/site-packages/airflow/example_dags/example_branch_python_dop_operator_3.py
[2024-05-30T11:25:51.457+0000] {processor.py:830} INFO - Processing file /home/airflow/.local/lib/python3.8/site-packages/airflow/example_dags/example_branch_python_dop_operator_3.py for tasks to queue
[2024-05-30T11:25:51.460+0000] {logging_mixin.py:188} INFO - [2024-05-30T11:25:51.459+0000] {dagbag.py:540} INFO - Filling up the DagBag from /home/airflow/.local/lib/python3.8/site-packages/airflow/example_dags/example_branch_python_dop_operator_3.py
[2024-05-30T11:25:51.475+0000] {processor.py:840} INFO - DAG(s) 'example_branch_dop_operator_v3' retrieved from /home/airflow/.local/lib/python3.8/site-packages/airflow/example_dags/example_branch_python_dop_operator_3.py
[2024-05-30T11:25:51.515+0000] {logging_mixin.py:188} INFO - [2024-05-30T11:25:51.514+0000] {dag.py:3047} INFO - Sync 1 DAGs
[2024-05-30T11:25:51.577+0000] {logging_mixin.py:188} INFO - [2024-05-30T11:25:51.577+0000] {dag.py:3834} INFO - Setting next_dagrun for example_branch_dop_operator_v3 to 2024-05-30 11:24:00+00:00, run_after=2024-05-30 11:25:00+00:00
[2024-05-30T11:25:51.610+0000] {processor.py:183} INFO - Processing /home/airflow/.local/lib/python3.8/site-packages/airflow/example_dags/example_branch_python_dop_operator_3.py took 0.157 seconds
[2024-05-30T11:26:22.367+0000] {processor.py:161} INFO - Started process (PID=1258) to work on /home/airflow/.local/lib/python3.8/site-packages/airflow/example_dags/example_branch_python_dop_operator_3.py
[2024-05-30T11:26:22.369+0000] {processor.py:830} INFO - Processing file /home/airflow/.local/lib/python3.8/site-packages/airflow/example_dags/example_branch_python_dop_operator_3.py for tasks to queue
[2024-05-30T11:26:22.372+0000] {logging_mixin.py:188} INFO - [2024-05-30T11:26:22.372+0000] {dagbag.py:540} INFO - Filling up the DagBag from /home/airflow/.local/lib/python3.8/site-packages/airflow/example_dags/example_branch_python_dop_operator_3.py
[2024-05-30T11:26:22.389+0000] {processor.py:840} INFO - DAG(s) 'example_branch_dop_operator_v3' retrieved from /home/airflow/.local/lib/python3.8/site-packages/airflow/example_dags/example_branch_python_dop_operator_3.py
[2024-05-30T11:26:22.486+0000] {logging_mixin.py:188} INFO - [2024-05-30T11:26:22.486+0000] {dag.py:3047} INFO - Sync 1 DAGs
[2024-05-30T11:26:22.523+0000] {logging_mixin.py:188} INFO - [2024-05-30T11:26:22.522+0000] {dag.py:3834} INFO - Setting next_dagrun for example_branch_dop_operator_v3 to 2024-05-30 11:25:00+00:00, run_after=2024-05-30 11:26:00+00:00
[2024-05-30T11:26:22.551+0000] {processor.py:183} INFO - Processing /home/airflow/.local/lib/python3.8/site-packages/airflow/example_dags/example_branch_python_dop_operator_3.py took 0.190 seconds
[2024-05-30T11:26:52.684+0000] {processor.py:161} INFO - Started process (PID=1315) to work on /home/airflow/.local/lib/python3.8/site-packages/airflow/example_dags/example_branch_python_dop_operator_3.py
[2024-05-30T11:26:52.686+0000] {processor.py:830} INFO - Processing file /home/airflow/.local/lib/python3.8/site-packages/airflow/example_dags/example_branch_python_dop_operator_3.py for tasks to queue
[2024-05-30T11:26:52.689+0000] {logging_mixin.py:188} INFO - [2024-05-30T11:26:52.688+0000] {dagbag.py:540} INFO - Filling up the DagBag from /home/airflow/.local/lib/python3.8/site-packages/airflow/example_dags/example_branch_python_dop_operator_3.py
[2024-05-30T11:26:52.701+0000] {processor.py:840} INFO - DAG(s) 'example_branch_dop_operator_v3' retrieved from /home/airflow/.local/lib/python3.8/site-packages/airflow/example_dags/example_branch_python_dop_operator_3.py
[2024-05-30T11:26:52.731+0000] {logging_mixin.py:188} INFO - [2024-05-30T11:26:52.731+0000] {dag.py:3047} INFO - Sync 1 DAGs
[2024-05-30T11:26:52.767+0000] {logging_mixin.py:188} INFO - [2024-05-30T11:26:52.767+0000] {dag.py:3834} INFO - Setting next_dagrun for example_branch_dop_operator_v3 to 2024-05-30 11:25:00+00:00, run_after=2024-05-30 11:26:00+00:00
[2024-05-30T11:26:52.792+0000] {processor.py:183} INFO - Processing /home/airflow/.local/lib/python3.8/site-packages/airflow/example_dags/example_branch_python_dop_operator_3.py took 0.111 seconds
[2024-05-30T11:27:23.336+0000] {processor.py:161} INFO - Started process (PID=1372) to work on /home/airflow/.local/lib/python3.8/site-packages/airflow/example_dags/example_branch_python_dop_operator_3.py
[2024-05-30T11:27:23.337+0000] {processor.py:830} INFO - Processing file /home/airflow/.local/lib/python3.8/site-packages/airflow/example_dags/example_branch_python_dop_operator_3.py for tasks to queue
[2024-05-30T11:27:23.340+0000] {logging_mixin.py:188} INFO - [2024-05-30T11:27:23.339+0000] {dagbag.py:540} INFO - Filling up the DagBag from /home/airflow/.local/lib/python3.8/site-packages/airflow/example_dags/example_branch_python_dop_operator_3.py
[2024-05-30T11:27:23.352+0000] {processor.py:840} INFO - DAG(s) 'example_branch_dop_operator_v3' retrieved from /home/airflow/.local/lib/python3.8/site-packages/airflow/example_dags/example_branch_python_dop_operator_3.py
[2024-05-30T11:27:23.380+0000] {logging_mixin.py:188} INFO - [2024-05-30T11:27:23.379+0000] {dag.py:3047} INFO - Sync 1 DAGs
[2024-05-30T11:27:23.422+0000] {logging_mixin.py:188} INFO - [2024-05-30T11:27:23.421+0000] {dag.py:3834} INFO - Setting next_dagrun for example_branch_dop_operator_v3 to 2024-05-30 11:26:00+00:00, run_after=2024-05-30 11:27:00+00:00
[2024-05-30T11:27:23.474+0000] {processor.py:183} INFO - Processing /home/airflow/.local/lib/python3.8/site-packages/airflow/example_dags/example_branch_python_dop_operator_3.py took 0.143 seconds
[2024-05-30T11:27:53.662+0000] {processor.py:161} INFO - Started process (PID=1429) to work on /home/airflow/.local/lib/python3.8/site-packages/airflow/example_dags/example_branch_python_dop_operator_3.py
[2024-05-30T11:27:53.664+0000] {processor.py:830} INFO - Processing file /home/airflow/.local/lib/python3.8/site-packages/airflow/example_dags/example_branch_python_dop_operator_3.py for tasks to queue
[2024-05-30T11:27:53.666+0000] {logging_mixin.py:188} INFO - [2024-05-30T11:27:53.666+0000] {dagbag.py:540} INFO - Filling up the DagBag from /home/airflow/.local/lib/python3.8/site-packages/airflow/example_dags/example_branch_python_dop_operator_3.py
[2024-05-30T11:27:53.678+0000] {processor.py:840} INFO - DAG(s) 'example_branch_dop_operator_v3' retrieved from /home/airflow/.local/lib/python3.8/site-packages/airflow/example_dags/example_branch_python_dop_operator_3.py
[2024-05-30T11:27:53.702+0000] {logging_mixin.py:188} INFO - [2024-05-30T11:27:53.702+0000] {dag.py:3047} INFO - Sync 1 DAGs
[2024-05-30T11:27:53.739+0000] {logging_mixin.py:188} INFO - [2024-05-30T11:27:53.739+0000] {dag.py:3834} INFO - Setting next_dagrun for example_branch_dop_operator_v3 to 2024-05-30 11:26:00+00:00, run_after=2024-05-30 11:27:00+00:00
[2024-05-30T11:27:53.767+0000] {processor.py:183} INFO - Processing /home/airflow/.local/lib/python3.8/site-packages/airflow/example_dags/example_branch_python_dop_operator_3.py took 0.108 seconds
[2024-05-30T11:28:23.862+0000] {processor.py:161} INFO - Started process (PID=1486) to work on /home/airflow/.local/lib/python3.8/site-packages/airflow/example_dags/example_branch_python_dop_operator_3.py
[2024-05-30T11:28:23.864+0000] {processor.py:830} INFO - Processing file /home/airflow/.local/lib/python3.8/site-packages/airflow/example_dags/example_branch_python_dop_operator_3.py for tasks to queue
[2024-05-30T11:28:23.866+0000] {logging_mixin.py:188} INFO - [2024-05-30T11:28:23.865+0000] {dagbag.py:540} INFO - Filling up the DagBag from /home/airflow/.local/lib/python3.8/site-packages/airflow/example_dags/example_branch_python_dop_operator_3.py
[2024-05-30T11:28:23.877+0000] {processor.py:840} INFO - DAG(s) 'example_branch_dop_operator_v3' retrieved from /home/airflow/.local/lib/python3.8/site-packages/airflow/example_dags/example_branch_python_dop_operator_3.py
[2024-05-30T11:28:23.902+0000] {logging_mixin.py:188} INFO - [2024-05-30T11:28:23.902+0000] {dag.py:3047} INFO - Sync 1 DAGs
[2024-05-30T11:28:23.945+0000] {logging_mixin.py:188} INFO - [2024-05-30T11:28:23.945+0000] {dag.py:3834} INFO - Setting next_dagrun for example_branch_dop_operator_v3 to 2024-05-30 11:27:00+00:00, run_after=2024-05-30 11:28:00+00:00
[2024-05-30T11:28:23.973+0000] {processor.py:183} INFO - Processing /home/airflow/.local/lib/python3.8/site-packages/airflow/example_dags/example_branch_python_dop_operator_3.py took 0.114 seconds
[2024-05-30T11:28:54.423+0000] {processor.py:161} INFO - Started process (PID=1543) to work on /home/airflow/.local/lib/python3.8/site-packages/airflow/example_dags/example_branch_python_dop_operator_3.py
[2024-05-30T11:28:54.424+0000] {processor.py:830} INFO - Processing file /home/airflow/.local/lib/python3.8/site-packages/airflow/example_dags/example_branch_python_dop_operator_3.py for tasks to queue
[2024-05-30T11:28:54.427+0000] {logging_mixin.py:188} INFO - [2024-05-30T11:28:54.426+0000] {dagbag.py:540} INFO - Filling up the DagBag from /home/airflow/.local/lib/python3.8/site-packages/airflow/example_dags/example_branch_python_dop_operator_3.py
[2024-05-30T11:28:54.441+0000] {processor.py:840} INFO - DAG(s) 'example_branch_dop_operator_v3' retrieved from /home/airflow/.local/lib/python3.8/site-packages/airflow/example_dags/example_branch_python_dop_operator_3.py
[2024-05-30T11:28:54.472+0000] {logging_mixin.py:188} INFO - [2024-05-30T11:28:54.472+0000] {dag.py:3047} INFO - Sync 1 DAGs
[2024-05-30T11:28:54.506+0000] {logging_mixin.py:188} INFO - [2024-05-30T11:28:54.506+0000] {dag.py:3834} INFO - Setting next_dagrun for example_branch_dop_operator_v3 to 2024-05-30 11:27:00+00:00, run_after=2024-05-30 11:28:00+00:00
[2024-05-30T11:28:54.533+0000] {processor.py:183} INFO - Processing /home/airflow/.local/lib/python3.8/site-packages/airflow/example_dags/example_branch_python_dop_operator_3.py took 0.115 seconds
[2024-05-30T11:29:25.298+0000] {processor.py:161} INFO - Started process (PID=1600) to work on /home/airflow/.local/lib/python3.8/site-packages/airflow/example_dags/example_branch_python_dop_operator_3.py
[2024-05-30T11:29:25.299+0000] {processor.py:830} INFO - Processing file /home/airflow/.local/lib/python3.8/site-packages/airflow/example_dags/example_branch_python_dop_operator_3.py for tasks to queue
[2024-05-30T11:29:25.302+0000] {logging_mixin.py:188} INFO - [2024-05-30T11:29:25.301+0000] {dagbag.py:540} INFO - Filling up the DagBag from /home/airflow/.local/lib/python3.8/site-packages/airflow/example_dags/example_branch_python_dop_operator_3.py
[2024-05-30T11:29:25.312+0000] {processor.py:840} INFO - DAG(s) 'example_branch_dop_operator_v3' retrieved from /home/airflow/.local/lib/python3.8/site-packages/airflow/example_dags/example_branch_python_dop_operator_3.py
[2024-05-30T11:29:25.341+0000] {logging_mixin.py:188} INFO - [2024-05-30T11:29:25.341+0000] {dag.py:3047} INFO - Sync 1 DAGs
[2024-05-30T11:29:25.379+0000] {logging_mixin.py:188} INFO - [2024-05-30T11:29:25.379+0000] {dag.py:3834} INFO - Setting next_dagrun for example_branch_dop_operator_v3 to 2024-05-30 11:28:00+00:00, run_after=2024-05-30 11:29:00+00:00
[2024-05-30T11:29:25.410+0000] {processor.py:183} INFO - Processing /home/airflow/.local/lib/python3.8/site-packages/airflow/example_dags/example_branch_python_dop_operator_3.py took 0.115 seconds
[2024-05-30T11:29:55.717+0000] {processor.py:161} INFO - Started process (PID=1657) to work on /home/airflow/.local/lib/python3.8/site-packages/airflow/example_dags/example_branch_python_dop_operator_3.py
[2024-05-30T11:29:55.719+0000] {processor.py:830} INFO - Processing file /home/airflow/.local/lib/python3.8/site-packages/airflow/example_dags/example_branch_python_dop_operator_3.py for tasks to queue
[2024-05-30T11:29:55.721+0000] {logging_mixin.py:188} INFO - [2024-05-30T11:29:55.720+0000] {dagbag.py:540} INFO - Filling up the DagBag from /home/airflow/.local/lib/python3.8/site-packages/airflow/example_dags/example_branch_python_dop_operator_3.py
[2024-05-30T11:29:55.730+0000] {processor.py:840} INFO - DAG(s) 'example_branch_dop_operator_v3' retrieved from /home/airflow/.local/lib/python3.8/site-packages/airflow/example_dags/example_branch_python_dop_operator_3.py
[2024-05-30T11:29:55.750+0000] {logging_mixin.py:188} INFO - [2024-05-30T11:29:55.750+0000] {dag.py:3047} INFO - Sync 1 DAGs
[2024-05-30T11:29:55.781+0000] {logging_mixin.py:188} INFO - [2024-05-30T11:29:55.780+0000] {dag.py:3834} INFO - Setting next_dagrun for example_branch_dop_operator_v3 to 2024-05-30 11:28:00+00:00, run_after=2024-05-30 11:29:00+00:00
[2024-05-30T11:29:55.807+0000] {processor.py:183} INFO - Processing /home/airflow/.local/lib/python3.8/site-packages/airflow/example_dags/example_branch_python_dop_operator_3.py took 0.094 seconds
[2024-05-30T11:30:25.903+0000] {processor.py:161} INFO - Started process (PID=1714) to work on /home/airflow/.local/lib/python3.8/site-packages/airflow/example_dags/example_branch_python_dop_operator_3.py
[2024-05-30T11:30:25.904+0000] {processor.py:830} INFO - Processing file /home/airflow/.local/lib/python3.8/site-packages/airflow/example_dags/example_branch_python_dop_operator_3.py for tasks to queue
[2024-05-30T11:30:25.907+0000] {logging_mixin.py:188} INFO - [2024-05-30T11:30:25.906+0000] {dagbag.py:540} INFO - Filling up the DagBag from /home/airflow/.local/lib/python3.8/site-packages/airflow/example_dags/example_branch_python_dop_operator_3.py
[2024-05-30T11:30:25.919+0000] {processor.py:840} INFO - DAG(s) 'example_branch_dop_operator_v3' retrieved from /home/airflow/.local/lib/python3.8/site-packages/airflow/example_dags/example_branch_python_dop_operator_3.py
[2024-05-30T11:30:25.943+0000] {logging_mixin.py:188} INFO - [2024-05-30T11:30:25.942+0000] {dag.py:3047} INFO - Sync 1 DAGs
[2024-05-30T11:30:25.982+0000] {logging_mixin.py:188} INFO - [2024-05-30T11:30:25.981+0000] {dag.py:3834} INFO - Setting next_dagrun for example_branch_dop_operator_v3 to 2024-05-30 11:29:00+00:00, run_after=2024-05-30 11:30:00+00:00
[2024-05-30T11:30:26.008+0000] {processor.py:183} INFO - Processing /home/airflow/.local/lib/python3.8/site-packages/airflow/example_dags/example_branch_python_dop_operator_3.py took 0.108 seconds
[2024-05-30T11:30:56.668+0000] {processor.py:161} INFO - Started process (PID=1771) to work on /home/airflow/.local/lib/python3.8/site-packages/airflow/example_dags/example_branch_python_dop_operator_3.py
[2024-05-30T11:30:56.669+0000] {processor.py:830} INFO - Processing file /home/airflow/.local/lib/python3.8/site-packages/airflow/example_dags/example_branch_python_dop_operator_3.py for tasks to queue
[2024-05-30T11:30:56.671+0000] {logging_mixin.py:188} INFO - [2024-05-30T11:30:56.671+0000] {dagbag.py:540} INFO - Filling up the DagBag from /home/airflow/.local/lib/python3.8/site-packages/airflow/example_dags/example_branch_python_dop_operator_3.py
[2024-05-30T11:30:56.683+0000] {processor.py:840} INFO - DAG(s) 'example_branch_dop_operator_v3' retrieved from /home/airflow/.local/lib/python3.8/site-packages/airflow/example_dags/example_branch_python_dop_operator_3.py
[2024-05-30T11:30:56.710+0000] {logging_mixin.py:188} INFO - [2024-05-30T11:30:56.709+0000] {dag.py:3047} INFO - Sync 1 DAGs
[2024-05-30T11:30:56.743+0000] {logging_mixin.py:188} INFO - [2024-05-30T11:30:56.743+0000] {dag.py:3834} INFO - Setting next_dagrun for example_branch_dop_operator_v3 to 2024-05-30 11:29:00+00:00, run_after=2024-05-30 11:30:00+00:00
[2024-05-30T11:30:56.771+0000] {processor.py:183} INFO - Processing /home/airflow/.local/lib/python3.8/site-packages/airflow/example_dags/example_branch_python_dop_operator_3.py took 0.107 seconds
[2024-05-30T11:31:27.095+0000] {processor.py:161} INFO - Started process (PID=1828) to work on /home/airflow/.local/lib/python3.8/site-packages/airflow/example_dags/example_branch_python_dop_operator_3.py
[2024-05-30T11:31:27.096+0000] {processor.py:830} INFO - Processing file /home/airflow/.local/lib/python3.8/site-packages/airflow/example_dags/example_branch_python_dop_operator_3.py for tasks to queue
[2024-05-30T11:31:27.098+0000] {logging_mixin.py:188} INFO - [2024-05-30T11:31:27.098+0000] {dagbag.py:540} INFO - Filling up the DagBag from /home/airflow/.local/lib/python3.8/site-packages/airflow/example_dags/example_branch_python_dop_operator_3.py
[2024-05-30T11:31:27.111+0000] {processor.py:840} INFO - DAG(s) 'example_branch_dop_operator_v3' retrieved from /home/airflow/.local/lib/python3.8/site-packages/airflow/example_dags/example_branch_python_dop_operator_3.py
[2024-05-30T11:31:27.131+0000] {logging_mixin.py:188} INFO - [2024-05-30T11:31:27.131+0000] {dag.py:3047} INFO - Sync 1 DAGs
[2024-05-30T11:31:27.164+0000] {logging_mixin.py:188} INFO - [2024-05-30T11:31:27.163+0000] {dag.py:3834} INFO - Setting next_dagrun for example_branch_dop_operator_v3 to 2024-05-30 11:30:00+00:00, run_after=2024-05-30 11:31:00+00:00
[2024-05-30T11:31:27.190+0000] {processor.py:183} INFO - Processing /home/airflow/.local/lib/python3.8/site-packages/airflow/example_dags/example_branch_python_dop_operator_3.py took 0.098 seconds
[2024-05-30T11:31:57.305+0000] {processor.py:161} INFO - Started process (PID=1885) to work on /home/airflow/.local/lib/python3.8/site-packages/airflow/example_dags/example_branch_python_dop_operator_3.py
[2024-05-30T11:31:57.306+0000] {processor.py:830} INFO - Processing file /home/airflow/.local/lib/python3.8/site-packages/airflow/example_dags/example_branch_python_dop_operator_3.py for tasks to queue
[2024-05-30T11:31:57.308+0000] {logging_mixin.py:188} INFO - [2024-05-30T11:31:57.308+0000] {dagbag.py:540} INFO - Filling up the DagBag from /home/airflow/.local/lib/python3.8/site-packages/airflow/example_dags/example_branch_python_dop_operator_3.py
[2024-05-30T11:31:57.317+0000] {processor.py:840} INFO - DAG(s) 'example_branch_dop_operator_v3' retrieved from /home/airflow/.local/lib/python3.8/site-packages/airflow/example_dags/example_branch_python_dop_operator_3.py
[2024-05-30T11:31:57.338+0000] {logging_mixin.py:188} INFO - [2024-05-30T11:31:57.337+0000] {dag.py:3047} INFO - Sync 1 DAGs
[2024-05-30T11:31:57.370+0000] {logging_mixin.py:188} INFO - [2024-05-30T11:31:57.370+0000] {dag.py:3834} INFO - Setting next_dagrun for example_branch_dop_operator_v3 to 2024-05-30 11:30:00+00:00, run_after=2024-05-30 11:31:00+00:00
[2024-05-30T11:31:57.398+0000] {processor.py:183} INFO - Processing /home/airflow/.local/lib/python3.8/site-packages/airflow/example_dags/example_branch_python_dop_operator_3.py took 0.096 seconds
