[2024-05-30T11:15:43.495+0000] {processor.py:161} INFO - Started process (PID=74) to work on /home/airflow/.local/lib/python3.8/site-packages/airflow/example_dags/example_bash_operator.py
[2024-05-30T11:15:43.497+0000] {processor.py:830} INFO - Processing file /home/airflow/.local/lib/python3.8/site-packages/airflow/example_dags/example_bash_operator.py for tasks to queue
[2024-05-30T11:15:43.500+0000] {logging_mixin.py:188} INFO - [2024-05-30T11:15:43.499+0000] {dagbag.py:540} INFO - Filling up the DagBag from /home/airflow/.local/lib/python3.8/site-packages/airflow/example_dags/example_bash_operator.py
[2024-05-30T11:15:43.527+0000] {processor.py:840} INFO - DAG(s) 'example_bash_operator' retrieved from /home/airflow/.local/lib/python3.8/site-packages/airflow/example_dags/example_bash_operator.py
[2024-05-30T11:15:43.584+0000] {logging_mixin.py:188} INFO - [2024-05-30T11:15:43.583+0000] {dag.py:3047} INFO - Sync 1 DAGs
[2024-05-30T11:15:43.617+0000] {logging_mixin.py:188} INFO - [2024-05-30T11:15:43.616+0000] {dag.py:3834} INFO - Setting next_dagrun for example_bash_operator to 2024-05-29 00:00:00+00:00, run_after=2024-05-30 00:00:00+00:00
[2024-05-30T11:15:43.649+0000] {processor.py:183} INFO - Processing /home/airflow/.local/lib/python3.8/site-packages/airflow/example_dags/example_bash_operator.py took 0.158 seconds
[2024-05-30T11:16:14.424+0000] {processor.py:161} INFO - Started process (PID=131) to work on /home/airflow/.local/lib/python3.8/site-packages/airflow/example_dags/example_bash_operator.py
[2024-05-30T11:16:14.425+0000] {processor.py:830} INFO - Processing file /home/airflow/.local/lib/python3.8/site-packages/airflow/example_dags/example_bash_operator.py for tasks to queue
[2024-05-30T11:16:14.428+0000] {logging_mixin.py:188} INFO - [2024-05-30T11:16:14.427+0000] {dagbag.py:540} INFO - Filling up the DagBag from /home/airflow/.local/lib/python3.8/site-packages/airflow/example_dags/example_bash_operator.py
[2024-05-30T11:16:14.448+0000] {processor.py:840} INFO - DAG(s) 'example_bash_operator' retrieved from /home/airflow/.local/lib/python3.8/site-packages/airflow/example_dags/example_bash_operator.py
[2024-05-30T11:16:14.490+0000] {logging_mixin.py:188} INFO - [2024-05-30T11:16:14.489+0000] {dag.py:3047} INFO - Sync 1 DAGs
[2024-05-30T11:16:14.520+0000] {logging_mixin.py:188} INFO - [2024-05-30T11:16:14.520+0000] {dag.py:3834} INFO - Setting next_dagrun for example_bash_operator to 2024-05-29 00:00:00+00:00, run_after=2024-05-30 00:00:00+00:00
[2024-05-30T11:16:14.548+0000] {processor.py:183} INFO - Processing /home/airflow/.local/lib/python3.8/site-packages/airflow/example_dags/example_bash_operator.py took 0.129 seconds
[2024-05-30T11:16:44.787+0000] {processor.py:161} INFO - Started process (PID=188) to work on /home/airflow/.local/lib/python3.8/site-packages/airflow/example_dags/example_bash_operator.py
[2024-05-30T11:16:44.788+0000] {processor.py:830} INFO - Processing file /home/airflow/.local/lib/python3.8/site-packages/airflow/example_dags/example_bash_operator.py for tasks to queue
[2024-05-30T11:16:44.791+0000] {logging_mixin.py:188} INFO - [2024-05-30T11:16:44.790+0000] {dagbag.py:540} INFO - Filling up the DagBag from /home/airflow/.local/lib/python3.8/site-packages/airflow/example_dags/example_bash_operator.py
[2024-05-30T11:16:44.811+0000] {processor.py:840} INFO - DAG(s) 'example_bash_operator' retrieved from /home/airflow/.local/lib/python3.8/site-packages/airflow/example_dags/example_bash_operator.py
[2024-05-30T11:16:44.859+0000] {logging_mixin.py:188} INFO - [2024-05-30T11:16:44.858+0000] {dag.py:3047} INFO - Sync 1 DAGs
[2024-05-30T11:16:44.889+0000] {logging_mixin.py:188} INFO - [2024-05-30T11:16:44.888+0000] {dag.py:3834} INFO - Setting next_dagrun for example_bash_operator to 2024-05-29 00:00:00+00:00, run_after=2024-05-30 00:00:00+00:00
[2024-05-30T11:16:44.918+0000] {processor.py:183} INFO - Processing /home/airflow/.local/lib/python3.8/site-packages/airflow/example_dags/example_bash_operator.py took 0.134 seconds
[2024-05-30T11:17:15.077+0000] {processor.py:161} INFO - Started process (PID=245) to work on /home/airflow/.local/lib/python3.8/site-packages/airflow/example_dags/example_bash_operator.py
[2024-05-30T11:17:15.079+0000] {processor.py:830} INFO - Processing file /home/airflow/.local/lib/python3.8/site-packages/airflow/example_dags/example_bash_operator.py for tasks to queue
[2024-05-30T11:17:15.080+0000] {logging_mixin.py:188} INFO - [2024-05-30T11:17:15.080+0000] {dagbag.py:540} INFO - Filling up the DagBag from /home/airflow/.local/lib/python3.8/site-packages/airflow/example_dags/example_bash_operator.py
[2024-05-30T11:17:15.093+0000] {processor.py:840} INFO - DAG(s) 'example_bash_operator' retrieved from /home/airflow/.local/lib/python3.8/site-packages/airflow/example_dags/example_bash_operator.py
[2024-05-30T11:17:15.129+0000] {logging_mixin.py:188} INFO - [2024-05-30T11:17:15.129+0000] {dag.py:3047} INFO - Sync 1 DAGs
[2024-05-30T11:17:15.157+0000] {logging_mixin.py:188} INFO - [2024-05-30T11:17:15.156+0000] {dag.py:3834} INFO - Setting next_dagrun for example_bash_operator to 2024-05-29 00:00:00+00:00, run_after=2024-05-30 00:00:00+00:00
[2024-05-30T11:17:15.184+0000] {processor.py:183} INFO - Processing /home/airflow/.local/lib/python3.8/site-packages/airflow/example_dags/example_bash_operator.py took 0.110 seconds
[2024-05-30T11:17:45.426+0000] {processor.py:161} INFO - Started process (PID=302) to work on /home/airflow/.local/lib/python3.8/site-packages/airflow/example_dags/example_bash_operator.py
[2024-05-30T11:17:45.427+0000] {processor.py:830} INFO - Processing file /home/airflow/.local/lib/python3.8/site-packages/airflow/example_dags/example_bash_operator.py for tasks to queue
[2024-05-30T11:17:45.429+0000] {logging_mixin.py:188} INFO - [2024-05-30T11:17:45.428+0000] {dagbag.py:540} INFO - Filling up the DagBag from /home/airflow/.local/lib/python3.8/site-packages/airflow/example_dags/example_bash_operator.py
[2024-05-30T11:17:45.443+0000] {processor.py:840} INFO - DAG(s) 'example_bash_operator' retrieved from /home/airflow/.local/lib/python3.8/site-packages/airflow/example_dags/example_bash_operator.py
[2024-05-30T11:17:45.505+0000] {logging_mixin.py:188} INFO - [2024-05-30T11:17:45.505+0000] {dag.py:3047} INFO - Sync 1 DAGs
[2024-05-30T11:17:45.542+0000] {logging_mixin.py:188} INFO - [2024-05-30T11:17:45.542+0000] {dag.py:3834} INFO - Setting next_dagrun for example_bash_operator to 2024-05-29 00:00:00+00:00, run_after=2024-05-30 00:00:00+00:00
[2024-05-30T11:17:45.568+0000] {processor.py:183} INFO - Processing /home/airflow/.local/lib/python3.8/site-packages/airflow/example_dags/example_bash_operator.py took 0.145 seconds
[2024-05-30T11:18:15.964+0000] {processor.py:161} INFO - Started process (PID=365) to work on /home/airflow/.local/lib/python3.8/site-packages/airflow/example_dags/example_bash_operator.py
[2024-05-30T11:18:15.965+0000] {processor.py:830} INFO - Processing file /home/airflow/.local/lib/python3.8/site-packages/airflow/example_dags/example_bash_operator.py for tasks to queue
[2024-05-30T11:18:15.968+0000] {logging_mixin.py:188} INFO - [2024-05-30T11:18:15.967+0000] {dagbag.py:540} INFO - Filling up the DagBag from /home/airflow/.local/lib/python3.8/site-packages/airflow/example_dags/example_bash_operator.py
[2024-05-30T11:18:15.979+0000] {processor.py:840} INFO - DAG(s) 'example_bash_operator' retrieved from /home/airflow/.local/lib/python3.8/site-packages/airflow/example_dags/example_bash_operator.py
[2024-05-30T11:18:16.015+0000] {logging_mixin.py:188} INFO - [2024-05-30T11:18:16.015+0000] {dag.py:3047} INFO - Sync 1 DAGs
[2024-05-30T11:18:16.042+0000] {logging_mixin.py:188} INFO - [2024-05-30T11:18:16.042+0000] {dag.py:3834} INFO - Setting next_dagrun for example_bash_operator to 2024-05-29 00:00:00+00:00, run_after=2024-05-30 00:00:00+00:00
[2024-05-30T11:18:16.069+0000] {processor.py:183} INFO - Processing /home/airflow/.local/lib/python3.8/site-packages/airflow/example_dags/example_bash_operator.py took 0.108 seconds
[2024-05-30T11:18:46.343+0000] {processor.py:161} INFO - Started process (PID=423) to work on /home/airflow/.local/lib/python3.8/site-packages/airflow/example_dags/example_bash_operator.py
[2024-05-30T11:18:46.344+0000] {processor.py:830} INFO - Processing file /home/airflow/.local/lib/python3.8/site-packages/airflow/example_dags/example_bash_operator.py for tasks to queue
[2024-05-30T11:18:46.346+0000] {logging_mixin.py:188} INFO - [2024-05-30T11:18:46.346+0000] {dagbag.py:540} INFO - Filling up the DagBag from /home/airflow/.local/lib/python3.8/site-packages/airflow/example_dags/example_bash_operator.py
[2024-05-30T11:18:46.360+0000] {processor.py:840} INFO - DAG(s) 'example_bash_operator' retrieved from /home/airflow/.local/lib/python3.8/site-packages/airflow/example_dags/example_bash_operator.py
[2024-05-30T11:18:46.403+0000] {logging_mixin.py:188} INFO - [2024-05-30T11:18:46.403+0000] {dag.py:3047} INFO - Sync 1 DAGs
[2024-05-30T11:18:46.431+0000] {logging_mixin.py:188} INFO - [2024-05-30T11:18:46.430+0000] {dag.py:3834} INFO - Setting next_dagrun for example_bash_operator to 2024-05-29 00:00:00+00:00, run_after=2024-05-30 00:00:00+00:00
[2024-05-30T11:18:46.454+0000] {processor.py:183} INFO - Processing /home/airflow/.local/lib/python3.8/site-packages/airflow/example_dags/example_bash_operator.py took 0.115 seconds
[2024-05-30T11:19:17.265+0000] {processor.py:161} INFO - Started process (PID=479) to work on /home/airflow/.local/lib/python3.8/site-packages/airflow/example_dags/example_bash_operator.py
[2024-05-30T11:19:17.267+0000] {processor.py:830} INFO - Processing file /home/airflow/.local/lib/python3.8/site-packages/airflow/example_dags/example_bash_operator.py for tasks to queue
[2024-05-30T11:19:17.271+0000] {logging_mixin.py:188} INFO - [2024-05-30T11:19:17.270+0000] {dagbag.py:540} INFO - Filling up the DagBag from /home/airflow/.local/lib/python3.8/site-packages/airflow/example_dags/example_bash_operator.py
[2024-05-30T11:19:17.311+0000] {processor.py:840} INFO - DAG(s) 'example_bash_operator' retrieved from /home/airflow/.local/lib/python3.8/site-packages/airflow/example_dags/example_bash_operator.py
[2024-05-30T11:19:17.363+0000] {logging_mixin.py:188} INFO - [2024-05-30T11:19:17.362+0000] {dag.py:3047} INFO - Sync 1 DAGs
[2024-05-30T11:19:17.395+0000] {logging_mixin.py:188} INFO - [2024-05-30T11:19:17.395+0000] {dag.py:3834} INFO - Setting next_dagrun for example_bash_operator to 2024-05-29 00:00:00+00:00, run_after=2024-05-30 00:00:00+00:00
[2024-05-30T11:19:17.421+0000] {processor.py:183} INFO - Processing /home/airflow/.local/lib/python3.8/site-packages/airflow/example_dags/example_bash_operator.py took 0.160 seconds
[2024-05-30T11:19:47.860+0000] {processor.py:161} INFO - Started process (PID=536) to work on /home/airflow/.local/lib/python3.8/site-packages/airflow/example_dags/example_bash_operator.py
[2024-05-30T11:19:47.861+0000] {processor.py:830} INFO - Processing file /home/airflow/.local/lib/python3.8/site-packages/airflow/example_dags/example_bash_operator.py for tasks to queue
[2024-05-30T11:19:47.864+0000] {logging_mixin.py:188} INFO - [2024-05-30T11:19:47.863+0000] {dagbag.py:540} INFO - Filling up the DagBag from /home/airflow/.local/lib/python3.8/site-packages/airflow/example_dags/example_bash_operator.py
[2024-05-30T11:19:47.880+0000] {processor.py:840} INFO - DAG(s) 'example_bash_operator' retrieved from /home/airflow/.local/lib/python3.8/site-packages/airflow/example_dags/example_bash_operator.py
[2024-05-30T11:19:47.913+0000] {logging_mixin.py:188} INFO - [2024-05-30T11:19:47.913+0000] {dag.py:3047} INFO - Sync 1 DAGs
[2024-05-30T11:19:47.938+0000] {logging_mixin.py:188} INFO - [2024-05-30T11:19:47.938+0000] {dag.py:3834} INFO - Setting next_dagrun for example_bash_operator to 2024-05-29 00:00:00+00:00, run_after=2024-05-30 00:00:00+00:00
[2024-05-30T11:19:47.963+0000] {processor.py:183} INFO - Processing /home/airflow/.local/lib/python3.8/site-packages/airflow/example_dags/example_bash_operator.py took 0.105 seconds
[2024-05-30T11:20:19.553+0000] {processor.py:161} INFO - Started process (PID=593) to work on /home/airflow/.local/lib/python3.8/site-packages/airflow/example_dags/example_bash_operator.py
[2024-05-30T11:20:19.554+0000] {processor.py:830} INFO - Processing file /home/airflow/.local/lib/python3.8/site-packages/airflow/example_dags/example_bash_operator.py for tasks to queue
[2024-05-30T11:20:19.556+0000] {logging_mixin.py:188} INFO - [2024-05-30T11:20:19.556+0000] {dagbag.py:540} INFO - Filling up the DagBag from /home/airflow/.local/lib/python3.8/site-packages/airflow/example_dags/example_bash_operator.py
[2024-05-30T11:20:19.575+0000] {processor.py:840} INFO - DAG(s) 'example_bash_operator' retrieved from /home/airflow/.local/lib/python3.8/site-packages/airflow/example_dags/example_bash_operator.py
[2024-05-30T11:20:19.622+0000] {logging_mixin.py:188} INFO - [2024-05-30T11:20:19.621+0000] {dag.py:3047} INFO - Sync 1 DAGs
[2024-05-30T11:20:19.661+0000] {logging_mixin.py:188} INFO - [2024-05-30T11:20:19.660+0000] {dag.py:3834} INFO - Setting next_dagrun for example_bash_operator to 2024-05-29 00:00:00+00:00, run_after=2024-05-30 00:00:00+00:00
[2024-05-30T11:20:19.705+0000] {processor.py:183} INFO - Processing /home/airflow/.local/lib/python3.8/site-packages/airflow/example_dags/example_bash_operator.py took 0.155 seconds
[2024-05-30T11:20:50.667+0000] {processor.py:161} INFO - Started process (PID=650) to work on /home/airflow/.local/lib/python3.8/site-packages/airflow/example_dags/example_bash_operator.py
[2024-05-30T11:20:50.669+0000] {processor.py:830} INFO - Processing file /home/airflow/.local/lib/python3.8/site-packages/airflow/example_dags/example_bash_operator.py for tasks to queue
[2024-05-30T11:20:50.673+0000] {logging_mixin.py:188} INFO - [2024-05-30T11:20:50.672+0000] {dagbag.py:540} INFO - Filling up the DagBag from /home/airflow/.local/lib/python3.8/site-packages/airflow/example_dags/example_bash_operator.py
[2024-05-30T11:20:50.702+0000] {processor.py:840} INFO - DAG(s) 'example_bash_operator' retrieved from /home/airflow/.local/lib/python3.8/site-packages/airflow/example_dags/example_bash_operator.py
[2024-05-30T11:20:50.796+0000] {logging_mixin.py:188} INFO - [2024-05-30T11:20:50.796+0000] {dag.py:3047} INFO - Sync 1 DAGs
[2024-05-30T11:20:50.874+0000] {logging_mixin.py:188} INFO - [2024-05-30T11:20:50.873+0000] {dag.py:3834} INFO - Setting next_dagrun for example_bash_operator to 2024-05-29 00:00:00+00:00, run_after=2024-05-30 00:00:00+00:00
[2024-05-30T11:20:50.959+0000] {processor.py:183} INFO - Processing /home/airflow/.local/lib/python3.8/site-packages/airflow/example_dags/example_bash_operator.py took 0.296 seconds
[2024-05-30T11:21:21.782+0000] {processor.py:161} INFO - Started process (PID=707) to work on /home/airflow/.local/lib/python3.8/site-packages/airflow/example_dags/example_bash_operator.py
[2024-05-30T11:21:21.784+0000] {processor.py:830} INFO - Processing file /home/airflow/.local/lib/python3.8/site-packages/airflow/example_dags/example_bash_operator.py for tasks to queue
[2024-05-30T11:21:21.786+0000] {logging_mixin.py:188} INFO - [2024-05-30T11:21:21.786+0000] {dagbag.py:540} INFO - Filling up the DagBag from /home/airflow/.local/lib/python3.8/site-packages/airflow/example_dags/example_bash_operator.py
[2024-05-30T11:21:21.812+0000] {processor.py:840} INFO - DAG(s) 'example_bash_operator' retrieved from /home/airflow/.local/lib/python3.8/site-packages/airflow/example_dags/example_bash_operator.py
[2024-05-30T11:21:21.853+0000] {logging_mixin.py:188} INFO - [2024-05-30T11:21:21.853+0000] {dag.py:3047} INFO - Sync 1 DAGs
[2024-05-30T11:21:21.883+0000] {logging_mixin.py:188} INFO - [2024-05-30T11:21:21.883+0000] {dag.py:3834} INFO - Setting next_dagrun for example_bash_operator to 2024-05-29 00:00:00+00:00, run_after=2024-05-30 00:00:00+00:00
[2024-05-30T11:21:21.911+0000] {processor.py:183} INFO - Processing /home/airflow/.local/lib/python3.8/site-packages/airflow/example_dags/example_bash_operator.py took 0.132 seconds
[2024-05-30T11:21:52.267+0000] {processor.py:161} INFO - Started process (PID=762) to work on /home/airflow/.local/lib/python3.8/site-packages/airflow/example_dags/example_bash_operator.py
[2024-05-30T11:21:52.268+0000] {processor.py:830} INFO - Processing file /home/airflow/.local/lib/python3.8/site-packages/airflow/example_dags/example_bash_operator.py for tasks to queue
[2024-05-30T11:21:52.270+0000] {logging_mixin.py:188} INFO - [2024-05-30T11:21:52.270+0000] {dagbag.py:540} INFO - Filling up the DagBag from /home/airflow/.local/lib/python3.8/site-packages/airflow/example_dags/example_bash_operator.py
[2024-05-30T11:21:52.283+0000] {processor.py:840} INFO - DAG(s) 'example_bash_operator' retrieved from /home/airflow/.local/lib/python3.8/site-packages/airflow/example_dags/example_bash_operator.py
[2024-05-30T11:21:52.322+0000] {logging_mixin.py:188} INFO - [2024-05-30T11:21:52.322+0000] {dag.py:3047} INFO - Sync 1 DAGs
[2024-05-30T11:21:52.350+0000] {logging_mixin.py:188} INFO - [2024-05-30T11:21:52.350+0000] {dag.py:3834} INFO - Setting next_dagrun for example_bash_operator to 2024-05-29 00:00:00+00:00, run_after=2024-05-30 00:00:00+00:00
[2024-05-30T11:21:52.385+0000] {processor.py:183} INFO - Processing /home/airflow/.local/lib/python3.8/site-packages/airflow/example_dags/example_bash_operator.py took 0.121 seconds
[2024-05-30T11:22:22.486+0000] {processor.py:161} INFO - Started process (PID=819) to work on /home/airflow/.local/lib/python3.8/site-packages/airflow/example_dags/example_bash_operator.py
[2024-05-30T11:22:22.487+0000] {processor.py:830} INFO - Processing file /home/airflow/.local/lib/python3.8/site-packages/airflow/example_dags/example_bash_operator.py for tasks to queue
[2024-05-30T11:22:22.489+0000] {logging_mixin.py:188} INFO - [2024-05-30T11:22:22.489+0000] {dagbag.py:540} INFO - Filling up the DagBag from /home/airflow/.local/lib/python3.8/site-packages/airflow/example_dags/example_bash_operator.py
[2024-05-30T11:22:22.507+0000] {processor.py:840} INFO - DAG(s) 'example_bash_operator' retrieved from /home/airflow/.local/lib/python3.8/site-packages/airflow/example_dags/example_bash_operator.py
[2024-05-30T11:22:22.544+0000] {logging_mixin.py:188} INFO - [2024-05-30T11:22:22.544+0000] {dag.py:3047} INFO - Sync 1 DAGs
[2024-05-30T11:22:22.579+0000] {logging_mixin.py:188} INFO - [2024-05-30T11:22:22.579+0000] {dag.py:3834} INFO - Setting next_dagrun for example_bash_operator to 2024-05-29 00:00:00+00:00, run_after=2024-05-30 00:00:00+00:00
[2024-05-30T11:22:22.605+0000] {processor.py:183} INFO - Processing /home/airflow/.local/lib/python3.8/site-packages/airflow/example_dags/example_bash_operator.py took 0.122 seconds
[2024-05-30T11:22:53.352+0000] {processor.py:161} INFO - Started process (PID=876) to work on /home/airflow/.local/lib/python3.8/site-packages/airflow/example_dags/example_bash_operator.py
[2024-05-30T11:22:53.353+0000] {processor.py:830} INFO - Processing file /home/airflow/.local/lib/python3.8/site-packages/airflow/example_dags/example_bash_operator.py for tasks to queue
[2024-05-30T11:22:53.356+0000] {logging_mixin.py:188} INFO - [2024-05-30T11:22:53.356+0000] {dagbag.py:540} INFO - Filling up the DagBag from /home/airflow/.local/lib/python3.8/site-packages/airflow/example_dags/example_bash_operator.py
[2024-05-30T11:22:53.378+0000] {processor.py:840} INFO - DAG(s) 'example_bash_operator' retrieved from /home/airflow/.local/lib/python3.8/site-packages/airflow/example_dags/example_bash_operator.py
[2024-05-30T11:22:53.426+0000] {logging_mixin.py:188} INFO - [2024-05-30T11:22:53.425+0000] {dag.py:3047} INFO - Sync 1 DAGs
[2024-05-30T11:22:53.465+0000] {logging_mixin.py:188} INFO - [2024-05-30T11:22:53.465+0000] {dag.py:3834} INFO - Setting next_dagrun for example_bash_operator to 2024-05-29 00:00:00+00:00, run_after=2024-05-30 00:00:00+00:00
[2024-05-30T11:22:53.494+0000] {processor.py:183} INFO - Processing /home/airflow/.local/lib/python3.8/site-packages/airflow/example_dags/example_bash_operator.py took 0.146 seconds
[2024-05-30T11:23:24.089+0000] {processor.py:161} INFO - Started process (PID=933) to work on /home/airflow/.local/lib/python3.8/site-packages/airflow/example_dags/example_bash_operator.py
[2024-05-30T11:23:24.091+0000] {processor.py:830} INFO - Processing file /home/airflow/.local/lib/python3.8/site-packages/airflow/example_dags/example_bash_operator.py for tasks to queue
[2024-05-30T11:23:24.094+0000] {logging_mixin.py:188} INFO - [2024-05-30T11:23:24.093+0000] {dagbag.py:540} INFO - Filling up the DagBag from /home/airflow/.local/lib/python3.8/site-packages/airflow/example_dags/example_bash_operator.py
[2024-05-30T11:23:24.117+0000] {processor.py:840} INFO - DAG(s) 'example_bash_operator' retrieved from /home/airflow/.local/lib/python3.8/site-packages/airflow/example_dags/example_bash_operator.py
[2024-05-30T11:23:24.173+0000] {logging_mixin.py:188} INFO - [2024-05-30T11:23:24.173+0000] {dag.py:3047} INFO - Sync 1 DAGs
[2024-05-30T11:23:24.219+0000] {logging_mixin.py:188} INFO - [2024-05-30T11:23:24.219+0000] {dag.py:3834} INFO - Setting next_dagrun for example_bash_operator to 2024-05-29 00:00:00+00:00, run_after=2024-05-30 00:00:00+00:00
[2024-05-30T11:23:24.255+0000] {processor.py:183} INFO - Processing /home/airflow/.local/lib/python3.8/site-packages/airflow/example_dags/example_bash_operator.py took 0.170 seconds
[2024-05-30T11:23:55.017+0000] {processor.py:161} INFO - Started process (PID=990) to work on /home/airflow/.local/lib/python3.8/site-packages/airflow/example_dags/example_bash_operator.py
[2024-05-30T11:23:55.019+0000] {processor.py:830} INFO - Processing file /home/airflow/.local/lib/python3.8/site-packages/airflow/example_dags/example_bash_operator.py for tasks to queue
[2024-05-30T11:23:55.021+0000] {logging_mixin.py:188} INFO - [2024-05-30T11:23:55.020+0000] {dagbag.py:540} INFO - Filling up the DagBag from /home/airflow/.local/lib/python3.8/site-packages/airflow/example_dags/example_bash_operator.py
[2024-05-30T11:23:55.035+0000] {processor.py:840} INFO - DAG(s) 'example_bash_operator' retrieved from /home/airflow/.local/lib/python3.8/site-packages/airflow/example_dags/example_bash_operator.py
[2024-05-30T11:23:55.081+0000] {logging_mixin.py:188} INFO - [2024-05-30T11:23:55.081+0000] {dag.py:3047} INFO - Sync 1 DAGs
[2024-05-30T11:23:55.124+0000] {logging_mixin.py:188} INFO - [2024-05-30T11:23:55.123+0000] {dag.py:3834} INFO - Setting next_dagrun for example_bash_operator to 2024-05-29 00:00:00+00:00, run_after=2024-05-30 00:00:00+00:00
[2024-05-30T11:23:55.161+0000] {processor.py:183} INFO - Processing /home/airflow/.local/lib/python3.8/site-packages/airflow/example_dags/example_bash_operator.py took 0.147 seconds
[2024-05-30T11:24:25.293+0000] {processor.py:161} INFO - Started process (PID=1047) to work on /home/airflow/.local/lib/python3.8/site-packages/airflow/example_dags/example_bash_operator.py
[2024-05-30T11:24:25.295+0000] {processor.py:830} INFO - Processing file /home/airflow/.local/lib/python3.8/site-packages/airflow/example_dags/example_bash_operator.py for tasks to queue
[2024-05-30T11:24:25.298+0000] {logging_mixin.py:188} INFO - [2024-05-30T11:24:25.297+0000] {dagbag.py:540} INFO - Filling up the DagBag from /home/airflow/.local/lib/python3.8/site-packages/airflow/example_dags/example_bash_operator.py
[2024-05-30T11:24:25.323+0000] {processor.py:840} INFO - DAG(s) 'example_bash_operator' retrieved from /home/airflow/.local/lib/python3.8/site-packages/airflow/example_dags/example_bash_operator.py
[2024-05-30T11:24:25.391+0000] {logging_mixin.py:188} INFO - [2024-05-30T11:24:25.390+0000] {dag.py:3047} INFO - Sync 1 DAGs
[2024-05-30T11:24:25.446+0000] {logging_mixin.py:188} INFO - [2024-05-30T11:24:25.445+0000] {dag.py:3834} INFO - Setting next_dagrun for example_bash_operator to 2024-05-29 00:00:00+00:00, run_after=2024-05-30 00:00:00+00:00
[2024-05-30T11:24:25.486+0000] {processor.py:183} INFO - Processing /home/airflow/.local/lib/python3.8/site-packages/airflow/example_dags/example_bash_operator.py took 0.197 seconds
[2024-05-30T11:24:55.979+0000] {processor.py:161} INFO - Started process (PID=1104) to work on /home/airflow/.local/lib/python3.8/site-packages/airflow/example_dags/example_bash_operator.py
[2024-05-30T11:24:55.980+0000] {processor.py:830} INFO - Processing file /home/airflow/.local/lib/python3.8/site-packages/airflow/example_dags/example_bash_operator.py for tasks to queue
[2024-05-30T11:24:55.983+0000] {logging_mixin.py:188} INFO - [2024-05-30T11:24:55.983+0000] {dagbag.py:540} INFO - Filling up the DagBag from /home/airflow/.local/lib/python3.8/site-packages/airflow/example_dags/example_bash_operator.py
[2024-05-30T11:24:56.002+0000] {processor.py:840} INFO - DAG(s) 'example_bash_operator' retrieved from /home/airflow/.local/lib/python3.8/site-packages/airflow/example_dags/example_bash_operator.py
[2024-05-30T11:24:56.060+0000] {logging_mixin.py:188} INFO - [2024-05-30T11:24:56.059+0000] {dag.py:3047} INFO - Sync 1 DAGs
[2024-05-30T11:24:56.106+0000] {logging_mixin.py:188} INFO - [2024-05-30T11:24:56.106+0000] {dag.py:3834} INFO - Setting next_dagrun for example_bash_operator to 2024-05-29 00:00:00+00:00, run_after=2024-05-30 00:00:00+00:00
[2024-05-30T11:24:56.143+0000] {processor.py:183} INFO - Processing /home/airflow/.local/lib/python3.8/site-packages/airflow/example_dags/example_bash_operator.py took 0.170 seconds
[2024-05-30T11:25:26.840+0000] {processor.py:161} INFO - Started process (PID=1161) to work on /home/airflow/.local/lib/python3.8/site-packages/airflow/example_dags/example_bash_operator.py
[2024-05-30T11:25:26.841+0000] {processor.py:830} INFO - Processing file /home/airflow/.local/lib/python3.8/site-packages/airflow/example_dags/example_bash_operator.py for tasks to queue
[2024-05-30T11:25:26.844+0000] {logging_mixin.py:188} INFO - [2024-05-30T11:25:26.844+0000] {dagbag.py:540} INFO - Filling up the DagBag from /home/airflow/.local/lib/python3.8/site-packages/airflow/example_dags/example_bash_operator.py
[2024-05-30T11:25:26.865+0000] {processor.py:840} INFO - DAG(s) 'example_bash_operator' retrieved from /home/airflow/.local/lib/python3.8/site-packages/airflow/example_dags/example_bash_operator.py
[2024-05-30T11:25:26.926+0000] {logging_mixin.py:188} INFO - [2024-05-30T11:25:26.925+0000] {dag.py:3047} INFO - Sync 1 DAGs
[2024-05-30T11:25:26.965+0000] {logging_mixin.py:188} INFO - [2024-05-30T11:25:26.965+0000] {dag.py:3834} INFO - Setting next_dagrun for example_bash_operator to 2024-05-29 00:00:00+00:00, run_after=2024-05-30 00:00:00+00:00
[2024-05-30T11:25:27.000+0000] {processor.py:183} INFO - Processing /home/airflow/.local/lib/python3.8/site-packages/airflow/example_dags/example_bash_operator.py took 0.164 seconds
[2024-05-30T11:25:57.857+0000] {processor.py:161} INFO - Started process (PID=1218) to work on /home/airflow/.local/lib/python3.8/site-packages/airflow/example_dags/example_bash_operator.py
[2024-05-30T11:25:57.859+0000] {processor.py:830} INFO - Processing file /home/airflow/.local/lib/python3.8/site-packages/airflow/example_dags/example_bash_operator.py for tasks to queue
[2024-05-30T11:25:57.861+0000] {logging_mixin.py:188} INFO - [2024-05-30T11:25:57.860+0000] {dagbag.py:540} INFO - Filling up the DagBag from /home/airflow/.local/lib/python3.8/site-packages/airflow/example_dags/example_bash_operator.py
[2024-05-30T11:25:57.884+0000] {processor.py:840} INFO - DAG(s) 'example_bash_operator' retrieved from /home/airflow/.local/lib/python3.8/site-packages/airflow/example_dags/example_bash_operator.py
[2024-05-30T11:25:57.940+0000] {logging_mixin.py:188} INFO - [2024-05-30T11:25:57.940+0000] {dag.py:3047} INFO - Sync 1 DAGs
[2024-05-30T11:25:57.979+0000] {logging_mixin.py:188} INFO - [2024-05-30T11:25:57.978+0000] {dag.py:3834} INFO - Setting next_dagrun for example_bash_operator to 2024-05-29 00:00:00+00:00, run_after=2024-05-30 00:00:00+00:00
[2024-05-30T11:25:58.030+0000] {processor.py:183} INFO - Processing /home/airflow/.local/lib/python3.8/site-packages/airflow/example_dags/example_bash_operator.py took 0.177 seconds
[2024-05-30T11:26:28.558+0000] {processor.py:161} INFO - Started process (PID=1275) to work on /home/airflow/.local/lib/python3.8/site-packages/airflow/example_dags/example_bash_operator.py
[2024-05-30T11:26:28.560+0000] {processor.py:830} INFO - Processing file /home/airflow/.local/lib/python3.8/site-packages/airflow/example_dags/example_bash_operator.py for tasks to queue
[2024-05-30T11:26:28.564+0000] {logging_mixin.py:188} INFO - [2024-05-30T11:26:28.563+0000] {dagbag.py:540} INFO - Filling up the DagBag from /home/airflow/.local/lib/python3.8/site-packages/airflow/example_dags/example_bash_operator.py
[2024-05-30T11:26:28.590+0000] {processor.py:840} INFO - DAG(s) 'example_bash_operator' retrieved from /home/airflow/.local/lib/python3.8/site-packages/airflow/example_dags/example_bash_operator.py
[2024-05-30T11:26:28.651+0000] {logging_mixin.py:188} INFO - [2024-05-30T11:26:28.651+0000] {dag.py:3047} INFO - Sync 1 DAGs
[2024-05-30T11:26:28.697+0000] {logging_mixin.py:188} INFO - [2024-05-30T11:26:28.697+0000] {dag.py:3834} INFO - Setting next_dagrun for example_bash_operator to 2024-05-29 00:00:00+00:00, run_after=2024-05-30 00:00:00+00:00
[2024-05-30T11:26:28.731+0000] {processor.py:183} INFO - Processing /home/airflow/.local/lib/python3.8/site-packages/airflow/example_dags/example_bash_operator.py took 0.176 seconds
[2024-05-30T11:26:59.514+0000] {processor.py:161} INFO - Started process (PID=1332) to work on /home/airflow/.local/lib/python3.8/site-packages/airflow/example_dags/example_bash_operator.py
[2024-05-30T11:26:59.525+0000] {processor.py:830} INFO - Processing file /home/airflow/.local/lib/python3.8/site-packages/airflow/example_dags/example_bash_operator.py for tasks to queue
[2024-05-30T11:26:59.528+0000] {logging_mixin.py:188} INFO - [2024-05-30T11:26:59.528+0000] {dagbag.py:540} INFO - Filling up the DagBag from /home/airflow/.local/lib/python3.8/site-packages/airflow/example_dags/example_bash_operator.py
[2024-05-30T11:26:59.567+0000] {processor.py:840} INFO - DAG(s) 'example_bash_operator' retrieved from /home/airflow/.local/lib/python3.8/site-packages/airflow/example_dags/example_bash_operator.py
[2024-05-30T11:26:59.629+0000] {logging_mixin.py:188} INFO - [2024-05-30T11:26:59.629+0000] {dag.py:3047} INFO - Sync 1 DAGs
[2024-05-30T11:26:59.669+0000] {logging_mixin.py:188} INFO - [2024-05-30T11:26:59.668+0000] {dag.py:3834} INFO - Setting next_dagrun for example_bash_operator to 2024-05-29 00:00:00+00:00, run_after=2024-05-30 00:00:00+00:00
[2024-05-30T11:26:59.703+0000] {processor.py:183} INFO - Processing /home/airflow/.local/lib/python3.8/site-packages/airflow/example_dags/example_bash_operator.py took 0.195 seconds
[2024-05-30T11:27:30.492+0000] {processor.py:161} INFO - Started process (PID=1389) to work on /home/airflow/.local/lib/python3.8/site-packages/airflow/example_dags/example_bash_operator.py
[2024-05-30T11:27:30.494+0000] {processor.py:830} INFO - Processing file /home/airflow/.local/lib/python3.8/site-packages/airflow/example_dags/example_bash_operator.py for tasks to queue
[2024-05-30T11:27:30.506+0000] {logging_mixin.py:188} INFO - [2024-05-30T11:27:30.505+0000] {dagbag.py:540} INFO - Filling up the DagBag from /home/airflow/.local/lib/python3.8/site-packages/airflow/example_dags/example_bash_operator.py
[2024-05-30T11:27:30.541+0000] {processor.py:840} INFO - DAG(s) 'example_bash_operator' retrieved from /home/airflow/.local/lib/python3.8/site-packages/airflow/example_dags/example_bash_operator.py
[2024-05-30T11:27:30.634+0000] {logging_mixin.py:188} INFO - [2024-05-30T11:27:30.634+0000] {dag.py:3047} INFO - Sync 1 DAGs
[2024-05-30T11:27:30.730+0000] {logging_mixin.py:188} INFO - [2024-05-30T11:27:30.729+0000] {dag.py:3834} INFO - Setting next_dagrun for example_bash_operator to 2024-05-29 00:00:00+00:00, run_after=2024-05-30 00:00:00+00:00
[2024-05-30T11:27:30.792+0000] {processor.py:183} INFO - Processing /home/airflow/.local/lib/python3.8/site-packages/airflow/example_dags/example_bash_operator.py took 0.305 seconds
[2024-05-30T11:28:01.153+0000] {processor.py:161} INFO - Started process (PID=1446) to work on /home/airflow/.local/lib/python3.8/site-packages/airflow/example_dags/example_bash_operator.py
[2024-05-30T11:28:01.155+0000] {processor.py:830} INFO - Processing file /home/airflow/.local/lib/python3.8/site-packages/airflow/example_dags/example_bash_operator.py for tasks to queue
[2024-05-30T11:28:01.157+0000] {logging_mixin.py:188} INFO - [2024-05-30T11:28:01.157+0000] {dagbag.py:540} INFO - Filling up the DagBag from /home/airflow/.local/lib/python3.8/site-packages/airflow/example_dags/example_bash_operator.py
[2024-05-30T11:28:01.182+0000] {processor.py:840} INFO - DAG(s) 'example_bash_operator' retrieved from /home/airflow/.local/lib/python3.8/site-packages/airflow/example_dags/example_bash_operator.py
[2024-05-30T11:28:01.240+0000] {logging_mixin.py:188} INFO - [2024-05-30T11:28:01.239+0000] {dag.py:3047} INFO - Sync 1 DAGs
[2024-05-30T11:28:01.298+0000] {logging_mixin.py:188} INFO - [2024-05-30T11:28:01.298+0000] {dag.py:3834} INFO - Setting next_dagrun for example_bash_operator to 2024-05-29 00:00:00+00:00, run_after=2024-05-30 00:00:00+00:00
[2024-05-30T11:28:01.335+0000] {processor.py:183} INFO - Processing /home/airflow/.local/lib/python3.8/site-packages/airflow/example_dags/example_bash_operator.py took 0.186 seconds
[2024-05-30T11:28:31.958+0000] {processor.py:161} INFO - Started process (PID=1503) to work on /home/airflow/.local/lib/python3.8/site-packages/airflow/example_dags/example_bash_operator.py
[2024-05-30T11:28:31.960+0000] {processor.py:830} INFO - Processing file /home/airflow/.local/lib/python3.8/site-packages/airflow/example_dags/example_bash_operator.py for tasks to queue
[2024-05-30T11:28:31.964+0000] {logging_mixin.py:188} INFO - [2024-05-30T11:28:31.963+0000] {dagbag.py:540} INFO - Filling up the DagBag from /home/airflow/.local/lib/python3.8/site-packages/airflow/example_dags/example_bash_operator.py
[2024-05-30T11:28:31.981+0000] {processor.py:840} INFO - DAG(s) 'example_bash_operator' retrieved from /home/airflow/.local/lib/python3.8/site-packages/airflow/example_dags/example_bash_operator.py
[2024-05-30T11:28:32.036+0000] {logging_mixin.py:188} INFO - [2024-05-30T11:28:32.036+0000] {dag.py:3047} INFO - Sync 1 DAGs
[2024-05-30T11:28:32.071+0000] {logging_mixin.py:188} INFO - [2024-05-30T11:28:32.071+0000] {dag.py:3834} INFO - Setting next_dagrun for example_bash_operator to 2024-05-29 00:00:00+00:00, run_after=2024-05-30 00:00:00+00:00
[2024-05-30T11:28:32.103+0000] {processor.py:183} INFO - Processing /home/airflow/.local/lib/python3.8/site-packages/airflow/example_dags/example_bash_operator.py took 0.149 seconds
[2024-05-30T11:29:02.424+0000] {processor.py:161} INFO - Started process (PID=1560) to work on /home/airflow/.local/lib/python3.8/site-packages/airflow/example_dags/example_bash_operator.py
[2024-05-30T11:29:02.425+0000] {processor.py:830} INFO - Processing file /home/airflow/.local/lib/python3.8/site-packages/airflow/example_dags/example_bash_operator.py for tasks to queue
[2024-05-30T11:29:02.427+0000] {logging_mixin.py:188} INFO - [2024-05-30T11:29:02.427+0000] {dagbag.py:540} INFO - Filling up the DagBag from /home/airflow/.local/lib/python3.8/site-packages/airflow/example_dags/example_bash_operator.py
[2024-05-30T11:29:02.441+0000] {processor.py:840} INFO - DAG(s) 'example_bash_operator' retrieved from /home/airflow/.local/lib/python3.8/site-packages/airflow/example_dags/example_bash_operator.py
[2024-05-30T11:29:02.489+0000] {logging_mixin.py:188} INFO - [2024-05-30T11:29:02.489+0000] {dag.py:3047} INFO - Sync 1 DAGs
[2024-05-30T11:29:02.522+0000] {logging_mixin.py:188} INFO - [2024-05-30T11:29:02.521+0000] {dag.py:3834} INFO - Setting next_dagrun for example_bash_operator to 2024-05-29 00:00:00+00:00, run_after=2024-05-30 00:00:00+00:00
[2024-05-30T11:29:02.554+0000] {processor.py:183} INFO - Processing /home/airflow/.local/lib/python3.8/site-packages/airflow/example_dags/example_bash_operator.py took 0.133 seconds
[2024-05-30T11:29:32.741+0000] {processor.py:161} INFO - Started process (PID=1617) to work on /home/airflow/.local/lib/python3.8/site-packages/airflow/example_dags/example_bash_operator.py
[2024-05-30T11:29:32.742+0000] {processor.py:830} INFO - Processing file /home/airflow/.local/lib/python3.8/site-packages/airflow/example_dags/example_bash_operator.py for tasks to queue
[2024-05-30T11:29:32.744+0000] {logging_mixin.py:188} INFO - [2024-05-30T11:29:32.744+0000] {dagbag.py:540} INFO - Filling up the DagBag from /home/airflow/.local/lib/python3.8/site-packages/airflow/example_dags/example_bash_operator.py
[2024-05-30T11:29:32.761+0000] {processor.py:840} INFO - DAG(s) 'example_bash_operator' retrieved from /home/airflow/.local/lib/python3.8/site-packages/airflow/example_dags/example_bash_operator.py
[2024-05-30T11:29:32.803+0000] {logging_mixin.py:188} INFO - [2024-05-30T11:29:32.803+0000] {dag.py:3047} INFO - Sync 1 DAGs
[2024-05-30T11:29:32.836+0000] {logging_mixin.py:188} INFO - [2024-05-30T11:29:32.835+0000] {dag.py:3834} INFO - Setting next_dagrun for example_bash_operator to 2024-05-29 00:00:00+00:00, run_after=2024-05-30 00:00:00+00:00
[2024-05-30T11:29:32.860+0000] {processor.py:183} INFO - Processing /home/airflow/.local/lib/python3.8/site-packages/airflow/example_dags/example_bash_operator.py took 0.122 seconds
[2024-05-30T11:30:03.151+0000] {processor.py:161} INFO - Started process (PID=1674) to work on /home/airflow/.local/lib/python3.8/site-packages/airflow/example_dags/example_bash_operator.py
[2024-05-30T11:30:03.153+0000] {processor.py:830} INFO - Processing file /home/airflow/.local/lib/python3.8/site-packages/airflow/example_dags/example_bash_operator.py for tasks to queue
[2024-05-30T11:30:03.156+0000] {logging_mixin.py:188} INFO - [2024-05-30T11:30:03.155+0000] {dagbag.py:540} INFO - Filling up the DagBag from /home/airflow/.local/lib/python3.8/site-packages/airflow/example_dags/example_bash_operator.py
[2024-05-30T11:30:03.168+0000] {processor.py:840} INFO - DAG(s) 'example_bash_operator' retrieved from /home/airflow/.local/lib/python3.8/site-packages/airflow/example_dags/example_bash_operator.py
[2024-05-30T11:30:03.211+0000] {logging_mixin.py:188} INFO - [2024-05-30T11:30:03.211+0000] {dag.py:3047} INFO - Sync 1 DAGs
[2024-05-30T11:30:03.244+0000] {logging_mixin.py:188} INFO - [2024-05-30T11:30:03.244+0000] {dag.py:3834} INFO - Setting next_dagrun for example_bash_operator to 2024-05-29 00:00:00+00:00, run_after=2024-05-30 00:00:00+00:00
[2024-05-30T11:30:03.274+0000] {processor.py:183} INFO - Processing /home/airflow/.local/lib/python3.8/site-packages/airflow/example_dags/example_bash_operator.py took 0.127 seconds
[2024-05-30T11:30:33.367+0000] {processor.py:161} INFO - Started process (PID=1730) to work on /home/airflow/.local/lib/python3.8/site-packages/airflow/example_dags/example_bash_operator.py
[2024-05-30T11:30:33.368+0000] {processor.py:830} INFO - Processing file /home/airflow/.local/lib/python3.8/site-packages/airflow/example_dags/example_bash_operator.py for tasks to queue
[2024-05-30T11:30:33.372+0000] {logging_mixin.py:188} INFO - [2024-05-30T11:30:33.371+0000] {dagbag.py:540} INFO - Filling up the DagBag from /home/airflow/.local/lib/python3.8/site-packages/airflow/example_dags/example_bash_operator.py
[2024-05-30T11:30:33.394+0000] {processor.py:840} INFO - DAG(s) 'example_bash_operator' retrieved from /home/airflow/.local/lib/python3.8/site-packages/airflow/example_dags/example_bash_operator.py
[2024-05-30T11:30:33.470+0000] {logging_mixin.py:188} INFO - [2024-05-30T11:30:33.470+0000] {dag.py:3047} INFO - Sync 1 DAGs
[2024-05-30T11:30:33.517+0000] {logging_mixin.py:188} INFO - [2024-05-30T11:30:33.517+0000] {dag.py:3834} INFO - Setting next_dagrun for example_bash_operator to 2024-05-29 00:00:00+00:00, run_after=2024-05-30 00:00:00+00:00
[2024-05-30T11:30:33.555+0000] {processor.py:183} INFO - Processing /home/airflow/.local/lib/python3.8/site-packages/airflow/example_dags/example_bash_operator.py took 0.192 seconds
[2024-05-30T11:31:04.409+0000] {processor.py:161} INFO - Started process (PID=1788) to work on /home/airflow/.local/lib/python3.8/site-packages/airflow/example_dags/example_bash_operator.py
[2024-05-30T11:31:04.411+0000] {processor.py:830} INFO - Processing file /home/airflow/.local/lib/python3.8/site-packages/airflow/example_dags/example_bash_operator.py for tasks to queue
[2024-05-30T11:31:04.414+0000] {logging_mixin.py:188} INFO - [2024-05-30T11:31:04.413+0000] {dagbag.py:540} INFO - Filling up the DagBag from /home/airflow/.local/lib/python3.8/site-packages/airflow/example_dags/example_bash_operator.py
[2024-05-30T11:31:04.431+0000] {processor.py:840} INFO - DAG(s) 'example_bash_operator' retrieved from /home/airflow/.local/lib/python3.8/site-packages/airflow/example_dags/example_bash_operator.py
[2024-05-30T11:31:04.480+0000] {logging_mixin.py:188} INFO - [2024-05-30T11:31:04.480+0000] {dag.py:3047} INFO - Sync 1 DAGs
[2024-05-30T11:31:04.516+0000] {logging_mixin.py:188} INFO - [2024-05-30T11:31:04.515+0000] {dag.py:3834} INFO - Setting next_dagrun for example_bash_operator to 2024-05-29 00:00:00+00:00, run_after=2024-05-30 00:00:00+00:00
[2024-05-30T11:31:04.546+0000] {processor.py:183} INFO - Processing /home/airflow/.local/lib/python3.8/site-packages/airflow/example_dags/example_bash_operator.py took 0.140 seconds
[2024-05-30T11:31:35.374+0000] {processor.py:161} INFO - Started process (PID=1845) to work on /home/airflow/.local/lib/python3.8/site-packages/airflow/example_dags/example_bash_operator.py
[2024-05-30T11:31:35.376+0000] {processor.py:830} INFO - Processing file /home/airflow/.local/lib/python3.8/site-packages/airflow/example_dags/example_bash_operator.py for tasks to queue
[2024-05-30T11:31:35.379+0000] {logging_mixin.py:188} INFO - [2024-05-30T11:31:35.379+0000] {dagbag.py:540} INFO - Filling up the DagBag from /home/airflow/.local/lib/python3.8/site-packages/airflow/example_dags/example_bash_operator.py
[2024-05-30T11:31:35.408+0000] {processor.py:840} INFO - DAG(s) 'example_bash_operator' retrieved from /home/airflow/.local/lib/python3.8/site-packages/airflow/example_dags/example_bash_operator.py
[2024-05-30T11:31:35.460+0000] {logging_mixin.py:188} INFO - [2024-05-30T11:31:35.459+0000] {dag.py:3047} INFO - Sync 1 DAGs
[2024-05-30T11:31:35.500+0000] {logging_mixin.py:188} INFO - [2024-05-30T11:31:35.499+0000] {dag.py:3834} INFO - Setting next_dagrun for example_bash_operator to 2024-05-29 00:00:00+00:00, run_after=2024-05-30 00:00:00+00:00
[2024-05-30T11:31:35.548+0000] {processor.py:183} INFO - Processing /home/airflow/.local/lib/python3.8/site-packages/airflow/example_dags/example_bash_operator.py took 0.184 seconds
