[2024-05-30T11:15:37.581+0000] {processor.py:161} INFO - Started process (PID=36) to work on /home/airflow/.local/lib/python3.8/site-packages/airflow/example_dags/example_branch_datetime_operator.py
[2024-05-30T11:15:37.582+0000] {processor.py:830} INFO - Processing file /home/airflow/.local/lib/python3.8/site-packages/airflow/example_dags/example_branch_datetime_operator.py for tasks to queue
[2024-05-30T11:15:37.584+0000] {logging_mixin.py:188} INFO - [2024-05-30T11:15:37.584+0000] {dagbag.py:540} INFO - Filling up the DagBag from /home/airflow/.local/lib/python3.8/site-packages/airflow/example_dags/example_branch_datetime_operator.py
[2024-05-30T11:15:37.602+0000] {processor.py:840} INFO - DAG(s) 'example_branch_datetime_operator_3', 'example_branch_datetime_operator', 'example_branch_datetime_operator_2' retrieved from /home/airflow/.local/lib/python3.8/site-packages/airflow/example_dags/example_branch_datetime_operator.py
[2024-05-30T11:15:37.646+0000] {logging_mixin.py:188} INFO - [2024-05-30T11:15:37.646+0000] {dag.py:3047} INFO - Sync 3 DAGs
[2024-05-30T11:15:37.688+0000] {logging_mixin.py:188} INFO - [2024-05-30T11:15:37.687+0000] {dag.py:3834} INFO - Setting next_dagrun for example_branch_datetime_operator to 2024-05-29 00:00:00+00:00, run_after=2024-05-30 00:00:00+00:00
[2024-05-30T11:15:37.695+0000] {logging_mixin.py:188} INFO - [2024-05-30T11:15:37.695+0000] {dag.py:3834} INFO - Setting next_dagrun for example_branch_datetime_operator_2 to 2024-05-29 00:00:00+00:00, run_after=2024-05-30 00:00:00+00:00
[2024-05-30T11:15:37.701+0000] {logging_mixin.py:188} INFO - [2024-05-30T11:15:37.700+0000] {dag.py:3834} INFO - Setting next_dagrun for example_branch_datetime_operator_3 to 2024-05-29 00:00:00+00:00, run_after=2024-05-30 00:00:00+00:00
[2024-05-30T11:15:37.730+0000] {processor.py:183} INFO - Processing /home/airflow/.local/lib/python3.8/site-packages/airflow/example_dags/example_branch_datetime_operator.py took 0.152 seconds
[2024-05-30T11:16:07.812+0000] {processor.py:161} INFO - Started process (PID=92) to work on /home/airflow/.local/lib/python3.8/site-packages/airflow/example_dags/example_branch_datetime_operator.py
[2024-05-30T11:16:07.813+0000] {processor.py:830} INFO - Processing file /home/airflow/.local/lib/python3.8/site-packages/airflow/example_dags/example_branch_datetime_operator.py for tasks to queue
[2024-05-30T11:16:07.817+0000] {logging_mixin.py:188} INFO - [2024-05-30T11:16:07.816+0000] {dagbag.py:540} INFO - Filling up the DagBag from /home/airflow/.local/lib/python3.8/site-packages/airflow/example_dags/example_branch_datetime_operator.py
[2024-05-30T11:16:07.835+0000] {processor.py:840} INFO - DAG(s) 'example_branch_datetime_operator', 'example_branch_datetime_operator_3', 'example_branch_datetime_operator_2' retrieved from /home/airflow/.local/lib/python3.8/site-packages/airflow/example_dags/example_branch_datetime_operator.py
[2024-05-30T11:16:07.874+0000] {logging_mixin.py:188} INFO - [2024-05-30T11:16:07.874+0000] {dag.py:3047} INFO - Sync 3 DAGs
[2024-05-30T11:16:07.921+0000] {logging_mixin.py:188} INFO - [2024-05-30T11:16:07.921+0000] {dag.py:3834} INFO - Setting next_dagrun for example_branch_datetime_operator to 2024-05-29 00:00:00+00:00, run_after=2024-05-30 00:00:00+00:00
[2024-05-30T11:16:07.930+0000] {logging_mixin.py:188} INFO - [2024-05-30T11:16:07.930+0000] {dag.py:3834} INFO - Setting next_dagrun for example_branch_datetime_operator_2 to 2024-05-29 00:00:00+00:00, run_after=2024-05-30 00:00:00+00:00
[2024-05-30T11:16:07.936+0000] {logging_mixin.py:188} INFO - [2024-05-30T11:16:07.935+0000] {dag.py:3834} INFO - Setting next_dagrun for example_branch_datetime_operator_3 to 2024-05-29 00:00:00+00:00, run_after=2024-05-30 00:00:00+00:00
[2024-05-30T11:16:07.980+0000] {processor.py:183} INFO - Processing /home/airflow/.local/lib/python3.8/site-packages/airflow/example_dags/example_branch_datetime_operator.py took 0.171 seconds
[2024-05-30T11:16:38.308+0000] {processor.py:161} INFO - Started process (PID=149) to work on /home/airflow/.local/lib/python3.8/site-packages/airflow/example_dags/example_branch_datetime_operator.py
[2024-05-30T11:16:38.310+0000] {processor.py:830} INFO - Processing file /home/airflow/.local/lib/python3.8/site-packages/airflow/example_dags/example_branch_datetime_operator.py for tasks to queue
[2024-05-30T11:16:38.313+0000] {logging_mixin.py:188} INFO - [2024-05-30T11:16:38.313+0000] {dagbag.py:540} INFO - Filling up the DagBag from /home/airflow/.local/lib/python3.8/site-packages/airflow/example_dags/example_branch_datetime_operator.py
[2024-05-30T11:16:38.335+0000] {processor.py:840} INFO - DAG(s) 'example_branch_datetime_operator_3', 'example_branch_datetime_operator_2', 'example_branch_datetime_operator' retrieved from /home/airflow/.local/lib/python3.8/site-packages/airflow/example_dags/example_branch_datetime_operator.py
[2024-05-30T11:16:38.379+0000] {logging_mixin.py:188} INFO - [2024-05-30T11:16:38.379+0000] {dag.py:3047} INFO - Sync 3 DAGs
[2024-05-30T11:16:38.425+0000] {logging_mixin.py:188} INFO - [2024-05-30T11:16:38.425+0000] {dag.py:3834} INFO - Setting next_dagrun for example_branch_datetime_operator to 2024-05-29 00:00:00+00:00, run_after=2024-05-30 00:00:00+00:00
[2024-05-30T11:16:38.435+0000] {logging_mixin.py:188} INFO - [2024-05-30T11:16:38.435+0000] {dag.py:3834} INFO - Setting next_dagrun for example_branch_datetime_operator_2 to 2024-05-29 00:00:00+00:00, run_after=2024-05-30 00:00:00+00:00
[2024-05-30T11:16:38.442+0000] {logging_mixin.py:188} INFO - [2024-05-30T11:16:38.442+0000] {dag.py:3834} INFO - Setting next_dagrun for example_branch_datetime_operator_3 to 2024-05-29 00:00:00+00:00, run_after=2024-05-30 00:00:00+00:00
[2024-05-30T11:16:38.477+0000] {processor.py:183} INFO - Processing /home/airflow/.local/lib/python3.8/site-packages/airflow/example_dags/example_branch_datetime_operator.py took 0.173 seconds
[2024-05-30T11:17:08.613+0000] {processor.py:161} INFO - Started process (PID=206) to work on /home/airflow/.local/lib/python3.8/site-packages/airflow/example_dags/example_branch_datetime_operator.py
[2024-05-30T11:17:08.614+0000] {processor.py:830} INFO - Processing file /home/airflow/.local/lib/python3.8/site-packages/airflow/example_dags/example_branch_datetime_operator.py for tasks to queue
[2024-05-30T11:17:08.616+0000] {logging_mixin.py:188} INFO - [2024-05-30T11:17:08.615+0000] {dagbag.py:540} INFO - Filling up the DagBag from /home/airflow/.local/lib/python3.8/site-packages/airflow/example_dags/example_branch_datetime_operator.py
[2024-05-30T11:17:08.627+0000] {processor.py:840} INFO - DAG(s) 'example_branch_datetime_operator', 'example_branch_datetime_operator_3', 'example_branch_datetime_operator_2' retrieved from /home/airflow/.local/lib/python3.8/site-packages/airflow/example_dags/example_branch_datetime_operator.py
[2024-05-30T11:17:08.660+0000] {logging_mixin.py:188} INFO - [2024-05-30T11:17:08.660+0000] {dag.py:3047} INFO - Sync 3 DAGs
[2024-05-30T11:17:08.689+0000] {logging_mixin.py:188} INFO - [2024-05-30T11:17:08.688+0000] {dag.py:3834} INFO - Setting next_dagrun for example_branch_datetime_operator to 2024-05-29 00:00:00+00:00, run_after=2024-05-30 00:00:00+00:00
[2024-05-30T11:17:08.695+0000] {logging_mixin.py:188} INFO - [2024-05-30T11:17:08.695+0000] {dag.py:3834} INFO - Setting next_dagrun for example_branch_datetime_operator_2 to 2024-05-29 00:00:00+00:00, run_after=2024-05-30 00:00:00+00:00
[2024-05-30T11:17:08.699+0000] {logging_mixin.py:188} INFO - [2024-05-30T11:17:08.699+0000] {dag.py:3834} INFO - Setting next_dagrun for example_branch_datetime_operator_3 to 2024-05-29 00:00:00+00:00, run_after=2024-05-30 00:00:00+00:00
[2024-05-30T11:17:08.722+0000] {processor.py:183} INFO - Processing /home/airflow/.local/lib/python3.8/site-packages/airflow/example_dags/example_branch_datetime_operator.py took 0.112 seconds
[2024-05-30T11:17:38.888+0000] {processor.py:161} INFO - Started process (PID=263) to work on /home/airflow/.local/lib/python3.8/site-packages/airflow/example_dags/example_branch_datetime_operator.py
[2024-05-30T11:17:38.889+0000] {processor.py:830} INFO - Processing file /home/airflow/.local/lib/python3.8/site-packages/airflow/example_dags/example_branch_datetime_operator.py for tasks to queue
[2024-05-30T11:17:38.891+0000] {logging_mixin.py:188} INFO - [2024-05-30T11:17:38.891+0000] {dagbag.py:540} INFO - Filling up the DagBag from /home/airflow/.local/lib/python3.8/site-packages/airflow/example_dags/example_branch_datetime_operator.py
[2024-05-30T11:17:38.903+0000] {processor.py:840} INFO - DAG(s) 'example_branch_datetime_operator_3', 'example_branch_datetime_operator_2', 'example_branch_datetime_operator' retrieved from /home/airflow/.local/lib/python3.8/site-packages/airflow/example_dags/example_branch_datetime_operator.py
[2024-05-30T11:17:38.935+0000] {logging_mixin.py:188} INFO - [2024-05-30T11:17:38.935+0000] {dag.py:3047} INFO - Sync 3 DAGs
[2024-05-30T11:17:38.961+0000] {logging_mixin.py:188} INFO - [2024-05-30T11:17:38.961+0000] {dag.py:3834} INFO - Setting next_dagrun for example_branch_datetime_operator to 2024-05-29 00:00:00+00:00, run_after=2024-05-30 00:00:00+00:00
[2024-05-30T11:17:38.968+0000] {logging_mixin.py:188} INFO - [2024-05-30T11:17:38.968+0000] {dag.py:3834} INFO - Setting next_dagrun for example_branch_datetime_operator_2 to 2024-05-29 00:00:00+00:00, run_after=2024-05-30 00:00:00+00:00
[2024-05-30T11:17:38.972+0000] {logging_mixin.py:188} INFO - [2024-05-30T11:17:38.971+0000] {dag.py:3834} INFO - Setting next_dagrun for example_branch_datetime_operator_3 to 2024-05-29 00:00:00+00:00, run_after=2024-05-30 00:00:00+00:00
[2024-05-30T11:17:38.996+0000] {processor.py:183} INFO - Processing /home/airflow/.local/lib/python3.8/site-packages/airflow/example_dags/example_branch_datetime_operator.py took 0.111 seconds
[2024-05-30T11:18:09.395+0000] {processor.py:161} INFO - Started process (PID=320) to work on /home/airflow/.local/lib/python3.8/site-packages/airflow/example_dags/example_branch_datetime_operator.py
[2024-05-30T11:18:09.397+0000] {processor.py:830} INFO - Processing file /home/airflow/.local/lib/python3.8/site-packages/airflow/example_dags/example_branch_datetime_operator.py for tasks to queue
[2024-05-30T11:18:09.400+0000] {logging_mixin.py:188} INFO - [2024-05-30T11:18:09.399+0000] {dagbag.py:540} INFO - Filling up the DagBag from /home/airflow/.local/lib/python3.8/site-packages/airflow/example_dags/example_branch_datetime_operator.py
[2024-05-30T11:18:09.422+0000] {processor.py:840} INFO - DAG(s) 'example_branch_datetime_operator', 'example_branch_datetime_operator_3', 'example_branch_datetime_operator_2' retrieved from /home/airflow/.local/lib/python3.8/site-packages/airflow/example_dags/example_branch_datetime_operator.py
[2024-05-30T11:18:09.464+0000] {logging_mixin.py:188} INFO - [2024-05-30T11:18:09.464+0000] {dag.py:3047} INFO - Sync 3 DAGs
[2024-05-30T11:18:09.498+0000] {logging_mixin.py:188} INFO - [2024-05-30T11:18:09.498+0000] {dag.py:3834} INFO - Setting next_dagrun for example_branch_datetime_operator to 2024-05-29 00:00:00+00:00, run_after=2024-05-30 00:00:00+00:00
[2024-05-30T11:18:09.506+0000] {logging_mixin.py:188} INFO - [2024-05-30T11:18:09.505+0000] {dag.py:3834} INFO - Setting next_dagrun for example_branch_datetime_operator_2 to 2024-05-29 00:00:00+00:00, run_after=2024-05-30 00:00:00+00:00
[2024-05-30T11:18:09.513+0000] {logging_mixin.py:188} INFO - [2024-05-30T11:18:09.512+0000] {dag.py:3834} INFO - Setting next_dagrun for example_branch_datetime_operator_3 to 2024-05-29 00:00:00+00:00, run_after=2024-05-30 00:00:00+00:00
[2024-05-30T11:18:09.548+0000] {processor.py:183} INFO - Processing /home/airflow/.local/lib/python3.8/site-packages/airflow/example_dags/example_branch_datetime_operator.py took 0.157 seconds
[2024-05-30T11:18:39.649+0000] {processor.py:161} INFO - Started process (PID=377) to work on /home/airflow/.local/lib/python3.8/site-packages/airflow/example_dags/example_branch_datetime_operator.py
[2024-05-30T11:18:39.651+0000] {processor.py:830} INFO - Processing file /home/airflow/.local/lib/python3.8/site-packages/airflow/example_dags/example_branch_datetime_operator.py for tasks to queue
[2024-05-30T11:18:39.653+0000] {logging_mixin.py:188} INFO - [2024-05-30T11:18:39.652+0000] {dagbag.py:540} INFO - Filling up the DagBag from /home/airflow/.local/lib/python3.8/site-packages/airflow/example_dags/example_branch_datetime_operator.py
[2024-05-30T11:18:39.664+0000] {processor.py:840} INFO - DAG(s) 'example_branch_datetime_operator', 'example_branch_datetime_operator_2', 'example_branch_datetime_operator_3' retrieved from /home/airflow/.local/lib/python3.8/site-packages/airflow/example_dags/example_branch_datetime_operator.py
[2024-05-30T11:18:39.695+0000] {logging_mixin.py:188} INFO - [2024-05-30T11:18:39.694+0000] {dag.py:3047} INFO - Sync 3 DAGs
[2024-05-30T11:18:39.729+0000] {logging_mixin.py:188} INFO - [2024-05-30T11:18:39.728+0000] {dag.py:3834} INFO - Setting next_dagrun for example_branch_datetime_operator to 2024-05-29 00:00:00+00:00, run_after=2024-05-30 00:00:00+00:00
[2024-05-30T11:18:39.738+0000] {logging_mixin.py:188} INFO - [2024-05-30T11:18:39.737+0000] {dag.py:3834} INFO - Setting next_dagrun for example_branch_datetime_operator_2 to 2024-05-29 00:00:00+00:00, run_after=2024-05-30 00:00:00+00:00
[2024-05-30T11:18:39.745+0000] {logging_mixin.py:188} INFO - [2024-05-30T11:18:39.744+0000] {dag.py:3834} INFO - Setting next_dagrun for example_branch_datetime_operator_3 to 2024-05-29 00:00:00+00:00, run_after=2024-05-30 00:00:00+00:00
[2024-05-30T11:18:39.778+0000] {processor.py:183} INFO - Processing /home/airflow/.local/lib/python3.8/site-packages/airflow/example_dags/example_branch_datetime_operator.py took 0.131 seconds
[2024-05-30T11:19:10.095+0000] {processor.py:161} INFO - Started process (PID=434) to work on /home/airflow/.local/lib/python3.8/site-packages/airflow/example_dags/example_branch_datetime_operator.py
[2024-05-30T11:19:10.097+0000] {processor.py:830} INFO - Processing file /home/airflow/.local/lib/python3.8/site-packages/airflow/example_dags/example_branch_datetime_operator.py for tasks to queue
[2024-05-30T11:19:10.100+0000] {logging_mixin.py:188} INFO - [2024-05-30T11:19:10.099+0000] {dagbag.py:540} INFO - Filling up the DagBag from /home/airflow/.local/lib/python3.8/site-packages/airflow/example_dags/example_branch_datetime_operator.py
[2024-05-30T11:19:10.116+0000] {processor.py:840} INFO - DAG(s) 'example_branch_datetime_operator', 'example_branch_datetime_operator_3', 'example_branch_datetime_operator_2' retrieved from /home/airflow/.local/lib/python3.8/site-packages/airflow/example_dags/example_branch_datetime_operator.py
[2024-05-30T11:19:10.167+0000] {logging_mixin.py:188} INFO - [2024-05-30T11:19:10.166+0000] {dag.py:3047} INFO - Sync 3 DAGs
[2024-05-30T11:19:10.219+0000] {logging_mixin.py:188} INFO - [2024-05-30T11:19:10.219+0000] {dag.py:3834} INFO - Setting next_dagrun for example_branch_datetime_operator to 2024-05-29 00:00:00+00:00, run_after=2024-05-30 00:00:00+00:00
[2024-05-30T11:19:10.228+0000] {logging_mixin.py:188} INFO - [2024-05-30T11:19:10.227+0000] {dag.py:3834} INFO - Setting next_dagrun for example_branch_datetime_operator_2 to 2024-05-29 00:00:00+00:00, run_after=2024-05-30 00:00:00+00:00
[2024-05-30T11:19:10.233+0000] {logging_mixin.py:188} INFO - [2024-05-30T11:19:10.233+0000] {dag.py:3834} INFO - Setting next_dagrun for example_branch_datetime_operator_3 to 2024-05-29 00:00:00+00:00, run_after=2024-05-30 00:00:00+00:00
[2024-05-30T11:19:10.274+0000] {processor.py:183} INFO - Processing /home/airflow/.local/lib/python3.8/site-packages/airflow/example_dags/example_branch_datetime_operator.py took 0.182 seconds
[2024-05-30T11:19:40.711+0000] {processor.py:161} INFO - Started process (PID=491) to work on /home/airflow/.local/lib/python3.8/site-packages/airflow/example_dags/example_branch_datetime_operator.py
[2024-05-30T11:19:40.714+0000] {processor.py:830} INFO - Processing file /home/airflow/.local/lib/python3.8/site-packages/airflow/example_dags/example_branch_datetime_operator.py for tasks to queue
[2024-05-30T11:19:40.717+0000] {logging_mixin.py:188} INFO - [2024-05-30T11:19:40.717+0000] {dagbag.py:540} INFO - Filling up the DagBag from /home/airflow/.local/lib/python3.8/site-packages/airflow/example_dags/example_branch_datetime_operator.py
[2024-05-30T11:19:40.743+0000] {processor.py:840} INFO - DAG(s) 'example_branch_datetime_operator', 'example_branch_datetime_operator_3', 'example_branch_datetime_operator_2' retrieved from /home/airflow/.local/lib/python3.8/site-packages/airflow/example_dags/example_branch_datetime_operator.py
[2024-05-30T11:19:40.807+0000] {logging_mixin.py:188} INFO - [2024-05-30T11:19:40.806+0000] {dag.py:3047} INFO - Sync 3 DAGs
[2024-05-30T11:19:40.858+0000] {logging_mixin.py:188} INFO - [2024-05-30T11:19:40.857+0000] {dag.py:3834} INFO - Setting next_dagrun for example_branch_datetime_operator to 2024-05-29 00:00:00+00:00, run_after=2024-05-30 00:00:00+00:00
[2024-05-30T11:19:40.870+0000] {logging_mixin.py:188} INFO - [2024-05-30T11:19:40.869+0000] {dag.py:3834} INFO - Setting next_dagrun for example_branch_datetime_operator_2 to 2024-05-29 00:00:00+00:00, run_after=2024-05-30 00:00:00+00:00
[2024-05-30T11:19:40.883+0000] {logging_mixin.py:188} INFO - [2024-05-30T11:19:40.882+0000] {dag.py:3834} INFO - Setting next_dagrun for example_branch_datetime_operator_3 to 2024-05-29 00:00:00+00:00, run_after=2024-05-30 00:00:00+00:00
[2024-05-30T11:19:40.922+0000] {processor.py:183} INFO - Processing /home/airflow/.local/lib/python3.8/site-packages/airflow/example_dags/example_branch_datetime_operator.py took 0.218 seconds
[2024-05-30T11:20:11.001+0000] {processor.py:161} INFO - Started process (PID=548) to work on /home/airflow/.local/lib/python3.8/site-packages/airflow/example_dags/example_branch_datetime_operator.py
[2024-05-30T11:20:11.002+0000] {processor.py:830} INFO - Processing file /home/airflow/.local/lib/python3.8/site-packages/airflow/example_dags/example_branch_datetime_operator.py for tasks to queue
[2024-05-30T11:20:11.004+0000] {logging_mixin.py:188} INFO - [2024-05-30T11:20:11.003+0000] {dagbag.py:540} INFO - Filling up the DagBag from /home/airflow/.local/lib/python3.8/site-packages/airflow/example_dags/example_branch_datetime_operator.py
[2024-05-30T11:20:11.015+0000] {processor.py:840} INFO - DAG(s) 'example_branch_datetime_operator_3', 'example_branch_datetime_operator', 'example_branch_datetime_operator_2' retrieved from /home/airflow/.local/lib/python3.8/site-packages/airflow/example_dags/example_branch_datetime_operator.py
[2024-05-30T11:20:11.045+0000] {logging_mixin.py:188} INFO - [2024-05-30T11:20:11.045+0000] {dag.py:3047} INFO - Sync 3 DAGs
[2024-05-30T11:20:11.073+0000] {logging_mixin.py:188} INFO - [2024-05-30T11:20:11.072+0000] {dag.py:3834} INFO - Setting next_dagrun for example_branch_datetime_operator to 2024-05-29 00:00:00+00:00, run_after=2024-05-30 00:00:00+00:00
[2024-05-30T11:20:11.079+0000] {logging_mixin.py:188} INFO - [2024-05-30T11:20:11.078+0000] {dag.py:3834} INFO - Setting next_dagrun for example_branch_datetime_operator_2 to 2024-05-29 00:00:00+00:00, run_after=2024-05-30 00:00:00+00:00
[2024-05-30T11:20:11.083+0000] {logging_mixin.py:188} INFO - [2024-05-30T11:20:11.083+0000] {dag.py:3834} INFO - Setting next_dagrun for example_branch_datetime_operator_3 to 2024-05-29 00:00:00+00:00, run_after=2024-05-30 00:00:00+00:00
[2024-05-30T11:20:11.106+0000] {processor.py:183} INFO - Processing /home/airflow/.local/lib/python3.8/site-packages/airflow/example_dags/example_branch_datetime_operator.py took 0.108 seconds
[2024-05-30T11:20:41.458+0000] {processor.py:161} INFO - Started process (PID=605) to work on /home/airflow/.local/lib/python3.8/site-packages/airflow/example_dags/example_branch_datetime_operator.py
[2024-05-30T11:20:41.459+0000] {processor.py:830} INFO - Processing file /home/airflow/.local/lib/python3.8/site-packages/airflow/example_dags/example_branch_datetime_operator.py for tasks to queue
[2024-05-30T11:20:41.461+0000] {logging_mixin.py:188} INFO - [2024-05-30T11:20:41.461+0000] {dagbag.py:540} INFO - Filling up the DagBag from /home/airflow/.local/lib/python3.8/site-packages/airflow/example_dags/example_branch_datetime_operator.py
[2024-05-30T11:20:41.473+0000] {processor.py:840} INFO - DAG(s) 'example_branch_datetime_operator_2', 'example_branch_datetime_operator_3', 'example_branch_datetime_operator' retrieved from /home/airflow/.local/lib/python3.8/site-packages/airflow/example_dags/example_branch_datetime_operator.py
[2024-05-30T11:20:41.503+0000] {logging_mixin.py:188} INFO - [2024-05-30T11:20:41.502+0000] {dag.py:3047} INFO - Sync 3 DAGs
[2024-05-30T11:20:41.530+0000] {logging_mixin.py:188} INFO - [2024-05-30T11:20:41.530+0000] {dag.py:3834} INFO - Setting next_dagrun for example_branch_datetime_operator to 2024-05-29 00:00:00+00:00, run_after=2024-05-30 00:00:00+00:00
[2024-05-30T11:20:41.537+0000] {logging_mixin.py:188} INFO - [2024-05-30T11:20:41.536+0000] {dag.py:3834} INFO - Setting next_dagrun for example_branch_datetime_operator_2 to 2024-05-29 00:00:00+00:00, run_after=2024-05-30 00:00:00+00:00
[2024-05-30T11:20:41.541+0000] {logging_mixin.py:188} INFO - [2024-05-30T11:20:41.541+0000] {dag.py:3834} INFO - Setting next_dagrun for example_branch_datetime_operator_3 to 2024-05-29 00:00:00+00:00, run_after=2024-05-30 00:00:00+00:00
[2024-05-30T11:20:41.565+0000] {processor.py:183} INFO - Processing /home/airflow/.local/lib/python3.8/site-packages/airflow/example_dags/example_branch_datetime_operator.py took 0.111 seconds
[2024-05-30T11:21:11.994+0000] {processor.py:161} INFO - Started process (PID=662) to work on /home/airflow/.local/lib/python3.8/site-packages/airflow/example_dags/example_branch_datetime_operator.py
[2024-05-30T11:21:11.995+0000] {processor.py:830} INFO - Processing file /home/airflow/.local/lib/python3.8/site-packages/airflow/example_dags/example_branch_datetime_operator.py for tasks to queue
[2024-05-30T11:21:11.997+0000] {logging_mixin.py:188} INFO - [2024-05-30T11:21:11.996+0000] {dagbag.py:540} INFO - Filling up the DagBag from /home/airflow/.local/lib/python3.8/site-packages/airflow/example_dags/example_branch_datetime_operator.py
[2024-05-30T11:21:12.007+0000] {processor.py:840} INFO - DAG(s) 'example_branch_datetime_operator_2', 'example_branch_datetime_operator_3', 'example_branch_datetime_operator' retrieved from /home/airflow/.local/lib/python3.8/site-packages/airflow/example_dags/example_branch_datetime_operator.py
[2024-05-30T11:21:12.039+0000] {logging_mixin.py:188} INFO - [2024-05-30T11:21:12.039+0000] {dag.py:3047} INFO - Sync 3 DAGs
[2024-05-30T11:21:12.066+0000] {logging_mixin.py:188} INFO - [2024-05-30T11:21:12.065+0000] {dag.py:3834} INFO - Setting next_dagrun for example_branch_datetime_operator to 2024-05-29 00:00:00+00:00, run_after=2024-05-30 00:00:00+00:00
[2024-05-30T11:21:12.073+0000] {logging_mixin.py:188} INFO - [2024-05-30T11:21:12.073+0000] {dag.py:3834} INFO - Setting next_dagrun for example_branch_datetime_operator_2 to 2024-05-29 00:00:00+00:00, run_after=2024-05-30 00:00:00+00:00
[2024-05-30T11:21:12.077+0000] {logging_mixin.py:188} INFO - [2024-05-30T11:21:12.077+0000] {dag.py:3834} INFO - Setting next_dagrun for example_branch_datetime_operator_3 to 2024-05-29 00:00:00+00:00, run_after=2024-05-30 00:00:00+00:00
[2024-05-30T11:21:12.102+0000] {processor.py:183} INFO - Processing /home/airflow/.local/lib/python3.8/site-packages/airflow/example_dags/example_branch_datetime_operator.py took 0.111 seconds
[2024-05-30T11:21:42.424+0000] {processor.py:161} INFO - Started process (PID=719) to work on /home/airflow/.local/lib/python3.8/site-packages/airflow/example_dags/example_branch_datetime_operator.py
[2024-05-30T11:21:42.425+0000] {processor.py:830} INFO - Processing file /home/airflow/.local/lib/python3.8/site-packages/airflow/example_dags/example_branch_datetime_operator.py for tasks to queue
[2024-05-30T11:21:42.427+0000] {logging_mixin.py:188} INFO - [2024-05-30T11:21:42.427+0000] {dagbag.py:540} INFO - Filling up the DagBag from /home/airflow/.local/lib/python3.8/site-packages/airflow/example_dags/example_branch_datetime_operator.py
[2024-05-30T11:21:42.440+0000] {processor.py:840} INFO - DAG(s) 'example_branch_datetime_operator', 'example_branch_datetime_operator_2', 'example_branch_datetime_operator_3' retrieved from /home/airflow/.local/lib/python3.8/site-packages/airflow/example_dags/example_branch_datetime_operator.py
[2024-05-30T11:21:42.475+0000] {logging_mixin.py:188} INFO - [2024-05-30T11:21:42.475+0000] {dag.py:3047} INFO - Sync 3 DAGs
[2024-05-30T11:21:42.505+0000] {logging_mixin.py:188} INFO - [2024-05-30T11:21:42.504+0000] {dag.py:3834} INFO - Setting next_dagrun for example_branch_datetime_operator to 2024-05-29 00:00:00+00:00, run_after=2024-05-30 00:00:00+00:00
[2024-05-30T11:21:42.512+0000] {logging_mixin.py:188} INFO - [2024-05-30T11:21:42.511+0000] {dag.py:3834} INFO - Setting next_dagrun for example_branch_datetime_operator_2 to 2024-05-29 00:00:00+00:00, run_after=2024-05-30 00:00:00+00:00
[2024-05-30T11:21:42.515+0000] {logging_mixin.py:188} INFO - [2024-05-30T11:21:42.515+0000] {dag.py:3834} INFO - Setting next_dagrun for example_branch_datetime_operator_3 to 2024-05-29 00:00:00+00:00, run_after=2024-05-30 00:00:00+00:00
[2024-05-30T11:21:42.540+0000] {processor.py:183} INFO - Processing /home/airflow/.local/lib/python3.8/site-packages/airflow/example_dags/example_branch_datetime_operator.py took 0.120 seconds
[2024-05-30T11:22:12.725+0000] {processor.py:161} INFO - Started process (PID=776) to work on /home/airflow/.local/lib/python3.8/site-packages/airflow/example_dags/example_branch_datetime_operator.py
[2024-05-30T11:22:12.728+0000] {processor.py:830} INFO - Processing file /home/airflow/.local/lib/python3.8/site-packages/airflow/example_dags/example_branch_datetime_operator.py for tasks to queue
[2024-05-30T11:22:12.731+0000] {logging_mixin.py:188} INFO - [2024-05-30T11:22:12.730+0000] {dagbag.py:540} INFO - Filling up the DagBag from /home/airflow/.local/lib/python3.8/site-packages/airflow/example_dags/example_branch_datetime_operator.py
[2024-05-30T11:22:12.750+0000] {processor.py:840} INFO - DAG(s) 'example_branch_datetime_operator', 'example_branch_datetime_operator_3', 'example_branch_datetime_operator_2' retrieved from /home/airflow/.local/lib/python3.8/site-packages/airflow/example_dags/example_branch_datetime_operator.py
[2024-05-30T11:22:12.795+0000] {logging_mixin.py:188} INFO - [2024-05-30T11:22:12.794+0000] {dag.py:3047} INFO - Sync 3 DAGs
[2024-05-30T11:22:12.828+0000] {logging_mixin.py:188} INFO - [2024-05-30T11:22:12.828+0000] {dag.py:3834} INFO - Setting next_dagrun for example_branch_datetime_operator to 2024-05-29 00:00:00+00:00, run_after=2024-05-30 00:00:00+00:00
[2024-05-30T11:22:12.836+0000] {logging_mixin.py:188} INFO - [2024-05-30T11:22:12.836+0000] {dag.py:3834} INFO - Setting next_dagrun for example_branch_datetime_operator_2 to 2024-05-29 00:00:00+00:00, run_after=2024-05-30 00:00:00+00:00
[2024-05-30T11:22:12.840+0000] {logging_mixin.py:188} INFO - [2024-05-30T11:22:12.840+0000] {dag.py:3834} INFO - Setting next_dagrun for example_branch_datetime_operator_3 to 2024-05-29 00:00:00+00:00, run_after=2024-05-30 00:00:00+00:00
[2024-05-30T11:22:12.868+0000] {processor.py:183} INFO - Processing /home/airflow/.local/lib/python3.8/site-packages/airflow/example_dags/example_branch_datetime_operator.py took 0.148 seconds
[2024-05-30T11:22:43.258+0000] {processor.py:161} INFO - Started process (PID=833) to work on /home/airflow/.local/lib/python3.8/site-packages/airflow/example_dags/example_branch_datetime_operator.py
[2024-05-30T11:22:43.259+0000] {processor.py:830} INFO - Processing file /home/airflow/.local/lib/python3.8/site-packages/airflow/example_dags/example_branch_datetime_operator.py for tasks to queue
[2024-05-30T11:22:43.262+0000] {logging_mixin.py:188} INFO - [2024-05-30T11:22:43.261+0000] {dagbag.py:540} INFO - Filling up the DagBag from /home/airflow/.local/lib/python3.8/site-packages/airflow/example_dags/example_branch_datetime_operator.py
[2024-05-30T11:22:43.283+0000] {processor.py:840} INFO - DAG(s) 'example_branch_datetime_operator_2', 'example_branch_datetime_operator_3', 'example_branch_datetime_operator' retrieved from /home/airflow/.local/lib/python3.8/site-packages/airflow/example_dags/example_branch_datetime_operator.py
[2024-05-30T11:22:43.342+0000] {logging_mixin.py:188} INFO - [2024-05-30T11:22:43.342+0000] {dag.py:3047} INFO - Sync 3 DAGs
[2024-05-30T11:22:43.416+0000] {logging_mixin.py:188} INFO - [2024-05-30T11:22:43.415+0000] {dag.py:3834} INFO - Setting next_dagrun for example_branch_datetime_operator to 2024-05-29 00:00:00+00:00, run_after=2024-05-30 00:00:00+00:00
[2024-05-30T11:22:43.430+0000] {logging_mixin.py:188} INFO - [2024-05-30T11:22:43.429+0000] {dag.py:3834} INFO - Setting next_dagrun for example_branch_datetime_operator_2 to 2024-05-29 00:00:00+00:00, run_after=2024-05-30 00:00:00+00:00
[2024-05-30T11:22:43.443+0000] {logging_mixin.py:188} INFO - [2024-05-30T11:22:43.442+0000] {dag.py:3834} INFO - Setting next_dagrun for example_branch_datetime_operator_3 to 2024-05-29 00:00:00+00:00, run_after=2024-05-30 00:00:00+00:00
[2024-05-30T11:22:43.512+0000] {processor.py:183} INFO - Processing /home/airflow/.local/lib/python3.8/site-packages/airflow/example_dags/example_branch_datetime_operator.py took 0.257 seconds
[2024-05-30T11:23:13.608+0000] {processor.py:161} INFO - Started process (PID=890) to work on /home/airflow/.local/lib/python3.8/site-packages/airflow/example_dags/example_branch_datetime_operator.py
[2024-05-30T11:23:13.609+0000] {processor.py:830} INFO - Processing file /home/airflow/.local/lib/python3.8/site-packages/airflow/example_dags/example_branch_datetime_operator.py for tasks to queue
[2024-05-30T11:23:13.612+0000] {logging_mixin.py:188} INFO - [2024-05-30T11:23:13.611+0000] {dagbag.py:540} INFO - Filling up the DagBag from /home/airflow/.local/lib/python3.8/site-packages/airflow/example_dags/example_branch_datetime_operator.py
[2024-05-30T11:23:13.632+0000] {processor.py:840} INFO - DAG(s) 'example_branch_datetime_operator_3', 'example_branch_datetime_operator', 'example_branch_datetime_operator_2' retrieved from /home/airflow/.local/lib/python3.8/site-packages/airflow/example_dags/example_branch_datetime_operator.py
[2024-05-30T11:23:13.690+0000] {logging_mixin.py:188} INFO - [2024-05-30T11:23:13.690+0000] {dag.py:3047} INFO - Sync 3 DAGs
[2024-05-30T11:23:13.725+0000] {logging_mixin.py:188} INFO - [2024-05-30T11:23:13.725+0000] {dag.py:3834} INFO - Setting next_dagrun for example_branch_datetime_operator to 2024-05-29 00:00:00+00:00, run_after=2024-05-30 00:00:00+00:00
[2024-05-30T11:23:13.733+0000] {logging_mixin.py:188} INFO - [2024-05-30T11:23:13.733+0000] {dag.py:3834} INFO - Setting next_dagrun for example_branch_datetime_operator_2 to 2024-05-29 00:00:00+00:00, run_after=2024-05-30 00:00:00+00:00
[2024-05-30T11:23:13.739+0000] {logging_mixin.py:188} INFO - [2024-05-30T11:23:13.739+0000] {dag.py:3834} INFO - Setting next_dagrun for example_branch_datetime_operator_3 to 2024-05-29 00:00:00+00:00, run_after=2024-05-30 00:00:00+00:00
[2024-05-30T11:23:13.769+0000] {processor.py:183} INFO - Processing /home/airflow/.local/lib/python3.8/site-packages/airflow/example_dags/example_branch_datetime_operator.py took 0.165 seconds
[2024-05-30T11:23:44.163+0000] {processor.py:161} INFO - Started process (PID=947) to work on /home/airflow/.local/lib/python3.8/site-packages/airflow/example_dags/example_branch_datetime_operator.py
[2024-05-30T11:23:44.166+0000] {processor.py:830} INFO - Processing file /home/airflow/.local/lib/python3.8/site-packages/airflow/example_dags/example_branch_datetime_operator.py for tasks to queue
[2024-05-30T11:23:44.170+0000] {logging_mixin.py:188} INFO - [2024-05-30T11:23:44.169+0000] {dagbag.py:540} INFO - Filling up the DagBag from /home/airflow/.local/lib/python3.8/site-packages/airflow/example_dags/example_branch_datetime_operator.py
[2024-05-30T11:23:44.193+0000] {processor.py:840} INFO - DAG(s) 'example_branch_datetime_operator_2', 'example_branch_datetime_operator_3', 'example_branch_datetime_operator' retrieved from /home/airflow/.local/lib/python3.8/site-packages/airflow/example_dags/example_branch_datetime_operator.py
[2024-05-30T11:23:44.263+0000] {logging_mixin.py:188} INFO - [2024-05-30T11:23:44.261+0000] {dag.py:3047} INFO - Sync 3 DAGs
[2024-05-30T11:23:44.337+0000] {logging_mixin.py:188} INFO - [2024-05-30T11:23:44.337+0000] {dag.py:3834} INFO - Setting next_dagrun for example_branch_datetime_operator to 2024-05-29 00:00:00+00:00, run_after=2024-05-30 00:00:00+00:00
[2024-05-30T11:23:44.357+0000] {logging_mixin.py:188} INFO - [2024-05-30T11:23:44.356+0000] {dag.py:3834} INFO - Setting next_dagrun for example_branch_datetime_operator_2 to 2024-05-29 00:00:00+00:00, run_after=2024-05-30 00:00:00+00:00
[2024-05-30T11:23:44.372+0000] {logging_mixin.py:188} INFO - [2024-05-30T11:23:44.371+0000] {dag.py:3834} INFO - Setting next_dagrun for example_branch_datetime_operator_3 to 2024-05-29 00:00:00+00:00, run_after=2024-05-30 00:00:00+00:00
[2024-05-30T11:23:44.425+0000] {processor.py:183} INFO - Processing /home/airflow/.local/lib/python3.8/site-packages/airflow/example_dags/example_branch_datetime_operator.py took 0.269 seconds
[2024-05-30T11:24:14.988+0000] {processor.py:161} INFO - Started process (PID=1004) to work on /home/airflow/.local/lib/python3.8/site-packages/airflow/example_dags/example_branch_datetime_operator.py
[2024-05-30T11:24:14.990+0000] {processor.py:830} INFO - Processing file /home/airflow/.local/lib/python3.8/site-packages/airflow/example_dags/example_branch_datetime_operator.py for tasks to queue
[2024-05-30T11:24:14.994+0000] {logging_mixin.py:188} INFO - [2024-05-30T11:24:14.993+0000] {dagbag.py:540} INFO - Filling up the DagBag from /home/airflow/.local/lib/python3.8/site-packages/airflow/example_dags/example_branch_datetime_operator.py
[2024-05-30T11:24:15.017+0000] {processor.py:840} INFO - DAG(s) 'example_branch_datetime_operator', 'example_branch_datetime_operator_3', 'example_branch_datetime_operator_2' retrieved from /home/airflow/.local/lib/python3.8/site-packages/airflow/example_dags/example_branch_datetime_operator.py
[2024-05-30T11:24:15.065+0000] {logging_mixin.py:188} INFO - [2024-05-30T11:24:15.065+0000] {dag.py:3047} INFO - Sync 3 DAGs
[2024-05-30T11:24:15.120+0000] {logging_mixin.py:188} INFO - [2024-05-30T11:24:15.119+0000] {dag.py:3834} INFO - Setting next_dagrun for example_branch_datetime_operator to 2024-05-29 00:00:00+00:00, run_after=2024-05-30 00:00:00+00:00
[2024-05-30T11:24:15.133+0000] {logging_mixin.py:188} INFO - [2024-05-30T11:24:15.133+0000] {dag.py:3834} INFO - Setting next_dagrun for example_branch_datetime_operator_2 to 2024-05-29 00:00:00+00:00, run_after=2024-05-30 00:00:00+00:00
[2024-05-30T11:24:15.145+0000] {logging_mixin.py:188} INFO - [2024-05-30T11:24:15.145+0000] {dag.py:3834} INFO - Setting next_dagrun for example_branch_datetime_operator_3 to 2024-05-29 00:00:00+00:00, run_after=2024-05-30 00:00:00+00:00
[2024-05-30T11:24:15.185+0000] {processor.py:183} INFO - Processing /home/airflow/.local/lib/python3.8/site-packages/airflow/example_dags/example_branch_datetime_operator.py took 0.202 seconds
[2024-05-30T11:24:45.882+0000] {processor.py:161} INFO - Started process (PID=1061) to work on /home/airflow/.local/lib/python3.8/site-packages/airflow/example_dags/example_branch_datetime_operator.py
[2024-05-30T11:24:45.884+0000] {processor.py:830} INFO - Processing file /home/airflow/.local/lib/python3.8/site-packages/airflow/example_dags/example_branch_datetime_operator.py for tasks to queue
[2024-05-30T11:24:45.887+0000] {logging_mixin.py:188} INFO - [2024-05-30T11:24:45.886+0000] {dagbag.py:540} INFO - Filling up the DagBag from /home/airflow/.local/lib/python3.8/site-packages/airflow/example_dags/example_branch_datetime_operator.py
[2024-05-30T11:24:45.911+0000] {processor.py:840} INFO - DAG(s) 'example_branch_datetime_operator_3', 'example_branch_datetime_operator', 'example_branch_datetime_operator_2' retrieved from /home/airflow/.local/lib/python3.8/site-packages/airflow/example_dags/example_branch_datetime_operator.py
[2024-05-30T11:24:45.980+0000] {logging_mixin.py:188} INFO - [2024-05-30T11:24:45.980+0000] {dag.py:3047} INFO - Sync 3 DAGs
[2024-05-30T11:24:46.047+0000] {logging_mixin.py:188} INFO - [2024-05-30T11:24:46.047+0000] {dag.py:3834} INFO - Setting next_dagrun for example_branch_datetime_operator to 2024-05-29 00:00:00+00:00, run_after=2024-05-30 00:00:00+00:00
[2024-05-30T11:24:46.060+0000] {logging_mixin.py:188} INFO - [2024-05-30T11:24:46.060+0000] {dag.py:3834} INFO - Setting next_dagrun for example_branch_datetime_operator_2 to 2024-05-29 00:00:00+00:00, run_after=2024-05-30 00:00:00+00:00
[2024-05-30T11:24:46.068+0000] {logging_mixin.py:188} INFO - [2024-05-30T11:24:46.068+0000] {dag.py:3834} INFO - Setting next_dagrun for example_branch_datetime_operator_3 to 2024-05-29 00:00:00+00:00, run_after=2024-05-30 00:00:00+00:00
[2024-05-30T11:24:46.109+0000] {processor.py:183} INFO - Processing /home/airflow/.local/lib/python3.8/site-packages/airflow/example_dags/example_branch_datetime_operator.py took 0.231 seconds
[2024-05-30T11:25:16.509+0000] {processor.py:161} INFO - Started process (PID=1124) to work on /home/airflow/.local/lib/python3.8/site-packages/airflow/example_dags/example_branch_datetime_operator.py
[2024-05-30T11:25:16.511+0000] {processor.py:830} INFO - Processing file /home/airflow/.local/lib/python3.8/site-packages/airflow/example_dags/example_branch_datetime_operator.py for tasks to queue
[2024-05-30T11:25:16.513+0000] {logging_mixin.py:188} INFO - [2024-05-30T11:25:16.512+0000] {dagbag.py:540} INFO - Filling up the DagBag from /home/airflow/.local/lib/python3.8/site-packages/airflow/example_dags/example_branch_datetime_operator.py
[2024-05-30T11:25:16.527+0000] {processor.py:840} INFO - DAG(s) 'example_branch_datetime_operator_2', 'example_branch_datetime_operator', 'example_branch_datetime_operator_3' retrieved from /home/airflow/.local/lib/python3.8/site-packages/airflow/example_dags/example_branch_datetime_operator.py
[2024-05-30T11:25:16.570+0000] {logging_mixin.py:188} INFO - [2024-05-30T11:25:16.570+0000] {dag.py:3047} INFO - Sync 3 DAGs
[2024-05-30T11:25:16.619+0000] {logging_mixin.py:188} INFO - [2024-05-30T11:25:16.618+0000] {dag.py:3834} INFO - Setting next_dagrun for example_branch_datetime_operator to 2024-05-29 00:00:00+00:00, run_after=2024-05-30 00:00:00+00:00
[2024-05-30T11:25:16.630+0000] {logging_mixin.py:188} INFO - [2024-05-30T11:25:16.630+0000] {dag.py:3834} INFO - Setting next_dagrun for example_branch_datetime_operator_2 to 2024-05-29 00:00:00+00:00, run_after=2024-05-30 00:00:00+00:00
[2024-05-30T11:25:16.638+0000] {logging_mixin.py:188} INFO - [2024-05-30T11:25:16.637+0000] {dag.py:3834} INFO - Setting next_dagrun for example_branch_datetime_operator_3 to 2024-05-29 00:00:00+00:00, run_after=2024-05-30 00:00:00+00:00
[2024-05-30T11:25:16.665+0000] {processor.py:183} INFO - Processing /home/airflow/.local/lib/python3.8/site-packages/airflow/example_dags/example_branch_datetime_operator.py took 0.159 seconds
[2024-05-30T11:25:46.756+0000] {processor.py:161} INFO - Started process (PID=1181) to work on /home/airflow/.local/lib/python3.8/site-packages/airflow/example_dags/example_branch_datetime_operator.py
[2024-05-30T11:25:46.759+0000] {processor.py:830} INFO - Processing file /home/airflow/.local/lib/python3.8/site-packages/airflow/example_dags/example_branch_datetime_operator.py for tasks to queue
[2024-05-30T11:25:46.765+0000] {logging_mixin.py:188} INFO - [2024-05-30T11:25:46.764+0000] {dagbag.py:540} INFO - Filling up the DagBag from /home/airflow/.local/lib/python3.8/site-packages/airflow/example_dags/example_branch_datetime_operator.py
[2024-05-30T11:25:46.788+0000] {processor.py:840} INFO - DAG(s) 'example_branch_datetime_operator', 'example_branch_datetime_operator_2', 'example_branch_datetime_operator_3' retrieved from /home/airflow/.local/lib/python3.8/site-packages/airflow/example_dags/example_branch_datetime_operator.py
[2024-05-30T11:25:46.846+0000] {logging_mixin.py:188} INFO - [2024-05-30T11:25:46.845+0000] {dag.py:3047} INFO - Sync 3 DAGs
[2024-05-30T11:25:46.894+0000] {logging_mixin.py:188} INFO - [2024-05-30T11:25:46.893+0000] {dag.py:3834} INFO - Setting next_dagrun for example_branch_datetime_operator to 2024-05-29 00:00:00+00:00, run_after=2024-05-30 00:00:00+00:00
[2024-05-30T11:25:46.907+0000] {logging_mixin.py:188} INFO - [2024-05-30T11:25:46.907+0000] {dag.py:3834} INFO - Setting next_dagrun for example_branch_datetime_operator_2 to 2024-05-29 00:00:00+00:00, run_after=2024-05-30 00:00:00+00:00
[2024-05-30T11:25:46.921+0000] {logging_mixin.py:188} INFO - [2024-05-30T11:25:46.920+0000] {dag.py:3834} INFO - Setting next_dagrun for example_branch_datetime_operator_3 to 2024-05-29 00:00:00+00:00, run_after=2024-05-30 00:00:00+00:00
[2024-05-30T11:25:46.969+0000] {processor.py:183} INFO - Processing /home/airflow/.local/lib/python3.8/site-packages/airflow/example_dags/example_branch_datetime_operator.py took 0.224 seconds
[2024-05-30T11:26:17.407+0000] {processor.py:161} INFO - Started process (PID=1238) to work on /home/airflow/.local/lib/python3.8/site-packages/airflow/example_dags/example_branch_datetime_operator.py
[2024-05-30T11:26:17.411+0000] {processor.py:830} INFO - Processing file /home/airflow/.local/lib/python3.8/site-packages/airflow/example_dags/example_branch_datetime_operator.py for tasks to queue
[2024-05-30T11:26:17.415+0000] {logging_mixin.py:188} INFO - [2024-05-30T11:26:17.414+0000] {dagbag.py:540} INFO - Filling up the DagBag from /home/airflow/.local/lib/python3.8/site-packages/airflow/example_dags/example_branch_datetime_operator.py
[2024-05-30T11:26:17.449+0000] {processor.py:840} INFO - DAG(s) 'example_branch_datetime_operator_2', 'example_branch_datetime_operator_3', 'example_branch_datetime_operator' retrieved from /home/airflow/.local/lib/python3.8/site-packages/airflow/example_dags/example_branch_datetime_operator.py
[2024-05-30T11:26:17.513+0000] {logging_mixin.py:188} INFO - [2024-05-30T11:26:17.513+0000] {dag.py:3047} INFO - Sync 3 DAGs
[2024-05-30T11:26:17.560+0000] {logging_mixin.py:188} INFO - [2024-05-30T11:26:17.560+0000] {dag.py:3834} INFO - Setting next_dagrun for example_branch_datetime_operator to 2024-05-29 00:00:00+00:00, run_after=2024-05-30 00:00:00+00:00
[2024-05-30T11:26:17.570+0000] {logging_mixin.py:188} INFO - [2024-05-30T11:26:17.569+0000] {dag.py:3834} INFO - Setting next_dagrun for example_branch_datetime_operator_2 to 2024-05-29 00:00:00+00:00, run_after=2024-05-30 00:00:00+00:00
[2024-05-30T11:26:17.578+0000] {logging_mixin.py:188} INFO - [2024-05-30T11:26:17.578+0000] {dag.py:3834} INFO - Setting next_dagrun for example_branch_datetime_operator_3 to 2024-05-29 00:00:00+00:00, run_after=2024-05-30 00:00:00+00:00
[2024-05-30T11:26:17.623+0000] {processor.py:183} INFO - Processing /home/airflow/.local/lib/python3.8/site-packages/airflow/example_dags/example_branch_datetime_operator.py took 0.222 seconds
[2024-05-30T11:26:48.078+0000] {processor.py:161} INFO - Started process (PID=1295) to work on /home/airflow/.local/lib/python3.8/site-packages/airflow/example_dags/example_branch_datetime_operator.py
[2024-05-30T11:26:48.079+0000] {processor.py:830} INFO - Processing file /home/airflow/.local/lib/python3.8/site-packages/airflow/example_dags/example_branch_datetime_operator.py for tasks to queue
[2024-05-30T11:26:48.082+0000] {logging_mixin.py:188} INFO - [2024-05-30T11:26:48.081+0000] {dagbag.py:540} INFO - Filling up the DagBag from /home/airflow/.local/lib/python3.8/site-packages/airflow/example_dags/example_branch_datetime_operator.py
[2024-05-30T11:26:48.100+0000] {processor.py:840} INFO - DAG(s) 'example_branch_datetime_operator_3', 'example_branch_datetime_operator_2', 'example_branch_datetime_operator' retrieved from /home/airflow/.local/lib/python3.8/site-packages/airflow/example_dags/example_branch_datetime_operator.py
[2024-05-30T11:26:48.148+0000] {logging_mixin.py:188} INFO - [2024-05-30T11:26:48.148+0000] {dag.py:3047} INFO - Sync 3 DAGs
[2024-05-30T11:26:48.195+0000] {logging_mixin.py:188} INFO - [2024-05-30T11:26:48.194+0000] {dag.py:3834} INFO - Setting next_dagrun for example_branch_datetime_operator to 2024-05-29 00:00:00+00:00, run_after=2024-05-30 00:00:00+00:00
[2024-05-30T11:26:48.205+0000] {logging_mixin.py:188} INFO - [2024-05-30T11:26:48.204+0000] {dag.py:3834} INFO - Setting next_dagrun for example_branch_datetime_operator_2 to 2024-05-29 00:00:00+00:00, run_after=2024-05-30 00:00:00+00:00
[2024-05-30T11:26:48.211+0000] {logging_mixin.py:188} INFO - [2024-05-30T11:26:48.210+0000] {dag.py:3834} INFO - Setting next_dagrun for example_branch_datetime_operator_3 to 2024-05-29 00:00:00+00:00, run_after=2024-05-30 00:00:00+00:00
[2024-05-30T11:26:48.244+0000] {processor.py:183} INFO - Processing /home/airflow/.local/lib/python3.8/site-packages/airflow/example_dags/example_branch_datetime_operator.py took 0.171 seconds
[2024-05-30T11:27:19.133+0000] {processor.py:161} INFO - Started process (PID=1352) to work on /home/airflow/.local/lib/python3.8/site-packages/airflow/example_dags/example_branch_datetime_operator.py
[2024-05-30T11:27:19.135+0000] {processor.py:830} INFO - Processing file /home/airflow/.local/lib/python3.8/site-packages/airflow/example_dags/example_branch_datetime_operator.py for tasks to queue
[2024-05-30T11:27:19.137+0000] {logging_mixin.py:188} INFO - [2024-05-30T11:27:19.137+0000] {dagbag.py:540} INFO - Filling up the DagBag from /home/airflow/.local/lib/python3.8/site-packages/airflow/example_dags/example_branch_datetime_operator.py
[2024-05-30T11:27:19.157+0000] {processor.py:840} INFO - DAG(s) 'example_branch_datetime_operator', 'example_branch_datetime_operator_2', 'example_branch_datetime_operator_3' retrieved from /home/airflow/.local/lib/python3.8/site-packages/airflow/example_dags/example_branch_datetime_operator.py
[2024-05-30T11:27:19.207+0000] {logging_mixin.py:188} INFO - [2024-05-30T11:27:19.206+0000] {dag.py:3047} INFO - Sync 3 DAGs
[2024-05-30T11:27:19.276+0000] {logging_mixin.py:188} INFO - [2024-05-30T11:27:19.276+0000] {dag.py:3834} INFO - Setting next_dagrun for example_branch_datetime_operator to 2024-05-29 00:00:00+00:00, run_after=2024-05-30 00:00:00+00:00
[2024-05-30T11:27:19.301+0000] {logging_mixin.py:188} INFO - [2024-05-30T11:27:19.300+0000] {dag.py:3834} INFO - Setting next_dagrun for example_branch_datetime_operator_2 to 2024-05-29 00:00:00+00:00, run_after=2024-05-30 00:00:00+00:00
[2024-05-30T11:27:19.310+0000] {logging_mixin.py:188} INFO - [2024-05-30T11:27:19.309+0000] {dag.py:3834} INFO - Setting next_dagrun for example_branch_datetime_operator_3 to 2024-05-29 00:00:00+00:00, run_after=2024-05-30 00:00:00+00:00
[2024-05-30T11:27:19.373+0000] {processor.py:183} INFO - Processing /home/airflow/.local/lib/python3.8/site-packages/airflow/example_dags/example_branch_datetime_operator.py took 0.244 seconds
[2024-05-30T11:27:49.531+0000] {processor.py:161} INFO - Started process (PID=1409) to work on /home/airflow/.local/lib/python3.8/site-packages/airflow/example_dags/example_branch_datetime_operator.py
[2024-05-30T11:27:49.532+0000] {processor.py:830} INFO - Processing file /home/airflow/.local/lib/python3.8/site-packages/airflow/example_dags/example_branch_datetime_operator.py for tasks to queue
[2024-05-30T11:27:49.535+0000] {logging_mixin.py:188} INFO - [2024-05-30T11:27:49.534+0000] {dagbag.py:540} INFO - Filling up the DagBag from /home/airflow/.local/lib/python3.8/site-packages/airflow/example_dags/example_branch_datetime_operator.py
[2024-05-30T11:27:49.551+0000] {processor.py:840} INFO - DAG(s) 'example_branch_datetime_operator_3', 'example_branch_datetime_operator_2', 'example_branch_datetime_operator' retrieved from /home/airflow/.local/lib/python3.8/site-packages/airflow/example_dags/example_branch_datetime_operator.py
[2024-05-30T11:27:49.596+0000] {logging_mixin.py:188} INFO - [2024-05-30T11:27:49.596+0000] {dag.py:3047} INFO - Sync 3 DAGs
[2024-05-30T11:27:49.635+0000] {logging_mixin.py:188} INFO - [2024-05-30T11:27:49.635+0000] {dag.py:3834} INFO - Setting next_dagrun for example_branch_datetime_operator to 2024-05-29 00:00:00+00:00, run_after=2024-05-30 00:00:00+00:00
[2024-05-30T11:27:49.645+0000] {logging_mixin.py:188} INFO - [2024-05-30T11:27:49.644+0000] {dag.py:3834} INFO - Setting next_dagrun for example_branch_datetime_operator_2 to 2024-05-29 00:00:00+00:00, run_after=2024-05-30 00:00:00+00:00
[2024-05-30T11:27:49.649+0000] {logging_mixin.py:188} INFO - [2024-05-30T11:27:49.648+0000] {dag.py:3834} INFO - Setting next_dagrun for example_branch_datetime_operator_3 to 2024-05-29 00:00:00+00:00, run_after=2024-05-30 00:00:00+00:00
[2024-05-30T11:27:49.674+0000] {processor.py:183} INFO - Processing /home/airflow/.local/lib/python3.8/site-packages/airflow/example_dags/example_branch_datetime_operator.py took 0.147 seconds
[2024-05-30T11:28:19.929+0000] {processor.py:161} INFO - Started process (PID=1466) to work on /home/airflow/.local/lib/python3.8/site-packages/airflow/example_dags/example_branch_datetime_operator.py
[2024-05-30T11:28:19.931+0000] {processor.py:830} INFO - Processing file /home/airflow/.local/lib/python3.8/site-packages/airflow/example_dags/example_branch_datetime_operator.py for tasks to queue
[2024-05-30T11:28:19.934+0000] {logging_mixin.py:188} INFO - [2024-05-30T11:28:19.933+0000] {dagbag.py:540} INFO - Filling up the DagBag from /home/airflow/.local/lib/python3.8/site-packages/airflow/example_dags/example_branch_datetime_operator.py
[2024-05-30T11:28:19.948+0000] {processor.py:840} INFO - DAG(s) 'example_branch_datetime_operator_2', 'example_branch_datetime_operator', 'example_branch_datetime_operator_3' retrieved from /home/airflow/.local/lib/python3.8/site-packages/airflow/example_dags/example_branch_datetime_operator.py
[2024-05-30T11:28:19.994+0000] {logging_mixin.py:188} INFO - [2024-05-30T11:28:19.994+0000] {dag.py:3047} INFO - Sync 3 DAGs
[2024-05-30T11:28:20.029+0000] {logging_mixin.py:188} INFO - [2024-05-30T11:28:20.028+0000] {dag.py:3834} INFO - Setting next_dagrun for example_branch_datetime_operator to 2024-05-29 00:00:00+00:00, run_after=2024-05-30 00:00:00+00:00
[2024-05-30T11:28:20.038+0000] {logging_mixin.py:188} INFO - [2024-05-30T11:28:20.038+0000] {dag.py:3834} INFO - Setting next_dagrun for example_branch_datetime_operator_2 to 2024-05-29 00:00:00+00:00, run_after=2024-05-30 00:00:00+00:00
[2024-05-30T11:28:20.044+0000] {logging_mixin.py:188} INFO - [2024-05-30T11:28:20.043+0000] {dag.py:3834} INFO - Setting next_dagrun for example_branch_datetime_operator_3 to 2024-05-29 00:00:00+00:00, run_after=2024-05-30 00:00:00+00:00
[2024-05-30T11:28:20.077+0000] {processor.py:183} INFO - Processing /home/airflow/.local/lib/python3.8/site-packages/airflow/example_dags/example_branch_datetime_operator.py took 0.154 seconds
[2024-05-30T11:28:50.260+0000] {processor.py:161} INFO - Started process (PID=1523) to work on /home/airflow/.local/lib/python3.8/site-packages/airflow/example_dags/example_branch_datetime_operator.py
[2024-05-30T11:28:50.262+0000] {processor.py:830} INFO - Processing file /home/airflow/.local/lib/python3.8/site-packages/airflow/example_dags/example_branch_datetime_operator.py for tasks to queue
[2024-05-30T11:28:50.264+0000] {logging_mixin.py:188} INFO - [2024-05-30T11:28:50.263+0000] {dagbag.py:540} INFO - Filling up the DagBag from /home/airflow/.local/lib/python3.8/site-packages/airflow/example_dags/example_branch_datetime_operator.py
[2024-05-30T11:28:50.278+0000] {processor.py:840} INFO - DAG(s) 'example_branch_datetime_operator_2', 'example_branch_datetime_operator', 'example_branch_datetime_operator_3' retrieved from /home/airflow/.local/lib/python3.8/site-packages/airflow/example_dags/example_branch_datetime_operator.py
[2024-05-30T11:28:50.316+0000] {logging_mixin.py:188} INFO - [2024-05-30T11:28:50.316+0000] {dag.py:3047} INFO - Sync 3 DAGs
[2024-05-30T11:28:50.384+0000] {logging_mixin.py:188} INFO - [2024-05-30T11:28:50.383+0000] {dag.py:3834} INFO - Setting next_dagrun for example_branch_datetime_operator to 2024-05-29 00:00:00+00:00, run_after=2024-05-30 00:00:00+00:00
[2024-05-30T11:28:50.406+0000] {logging_mixin.py:188} INFO - [2024-05-30T11:28:50.405+0000] {dag.py:3834} INFO - Setting next_dagrun for example_branch_datetime_operator_2 to 2024-05-29 00:00:00+00:00, run_after=2024-05-30 00:00:00+00:00
[2024-05-30T11:28:50.414+0000] {logging_mixin.py:188} INFO - [2024-05-30T11:28:50.414+0000] {dag.py:3834} INFO - Setting next_dagrun for example_branch_datetime_operator_3 to 2024-05-29 00:00:00+00:00, run_after=2024-05-30 00:00:00+00:00
[2024-05-30T11:28:50.475+0000] {processor.py:183} INFO - Processing /home/airflow/.local/lib/python3.8/site-packages/airflow/example_dags/example_branch_datetime_operator.py took 0.217 seconds
[2024-05-30T11:29:20.607+0000] {processor.py:161} INFO - Started process (PID=1580) to work on /home/airflow/.local/lib/python3.8/site-packages/airflow/example_dags/example_branch_datetime_operator.py
[2024-05-30T11:29:20.609+0000] {processor.py:830} INFO - Processing file /home/airflow/.local/lib/python3.8/site-packages/airflow/example_dags/example_branch_datetime_operator.py for tasks to queue
[2024-05-30T11:29:20.613+0000] {logging_mixin.py:188} INFO - [2024-05-30T11:29:20.612+0000] {dagbag.py:540} INFO - Filling up the DagBag from /home/airflow/.local/lib/python3.8/site-packages/airflow/example_dags/example_branch_datetime_operator.py
[2024-05-30T11:29:20.643+0000] {processor.py:840} INFO - DAG(s) 'example_branch_datetime_operator_3', 'example_branch_datetime_operator', 'example_branch_datetime_operator_2' retrieved from /home/airflow/.local/lib/python3.8/site-packages/airflow/example_dags/example_branch_datetime_operator.py
[2024-05-30T11:29:20.735+0000] {logging_mixin.py:188} INFO - [2024-05-30T11:29:20.735+0000] {dag.py:3047} INFO - Sync 3 DAGs
[2024-05-30T11:29:20.787+0000] {logging_mixin.py:188} INFO - [2024-05-30T11:29:20.787+0000] {dag.py:3834} INFO - Setting next_dagrun for example_branch_datetime_operator to 2024-05-29 00:00:00+00:00, run_after=2024-05-30 00:00:00+00:00
[2024-05-30T11:29:20.800+0000] {logging_mixin.py:188} INFO - [2024-05-30T11:29:20.799+0000] {dag.py:3834} INFO - Setting next_dagrun for example_branch_datetime_operator_2 to 2024-05-29 00:00:00+00:00, run_after=2024-05-30 00:00:00+00:00
[2024-05-30T11:29:20.806+0000] {logging_mixin.py:188} INFO - [2024-05-30T11:29:20.806+0000] {dag.py:3834} INFO - Setting next_dagrun for example_branch_datetime_operator_3 to 2024-05-29 00:00:00+00:00, run_after=2024-05-30 00:00:00+00:00
[2024-05-30T11:29:20.849+0000] {processor.py:183} INFO - Processing /home/airflow/.local/lib/python3.8/site-packages/airflow/example_dags/example_branch_datetime_operator.py took 0.247 seconds
[2024-05-30T11:29:50.986+0000] {processor.py:161} INFO - Started process (PID=1637) to work on /home/airflow/.local/lib/python3.8/site-packages/airflow/example_dags/example_branch_datetime_operator.py
[2024-05-30T11:29:50.987+0000] {processor.py:830} INFO - Processing file /home/airflow/.local/lib/python3.8/site-packages/airflow/example_dags/example_branch_datetime_operator.py for tasks to queue
[2024-05-30T11:29:50.989+0000] {logging_mixin.py:188} INFO - [2024-05-30T11:29:50.989+0000] {dagbag.py:540} INFO - Filling up the DagBag from /home/airflow/.local/lib/python3.8/site-packages/airflow/example_dags/example_branch_datetime_operator.py
[2024-05-30T11:29:51.000+0000] {processor.py:840} INFO - DAG(s) 'example_branch_datetime_operator_3', 'example_branch_datetime_operator', 'example_branch_datetime_operator_2' retrieved from /home/airflow/.local/lib/python3.8/site-packages/airflow/example_dags/example_branch_datetime_operator.py
[2024-05-30T11:29:51.033+0000] {logging_mixin.py:188} INFO - [2024-05-30T11:29:51.032+0000] {dag.py:3047} INFO - Sync 3 DAGs
[2024-05-30T11:29:51.060+0000] {logging_mixin.py:188} INFO - [2024-05-30T11:29:51.060+0000] {dag.py:3834} INFO - Setting next_dagrun for example_branch_datetime_operator to 2024-05-29 00:00:00+00:00, run_after=2024-05-30 00:00:00+00:00
[2024-05-30T11:29:51.067+0000] {logging_mixin.py:188} INFO - [2024-05-30T11:29:51.066+0000] {dag.py:3834} INFO - Setting next_dagrun for example_branch_datetime_operator_2 to 2024-05-29 00:00:00+00:00, run_after=2024-05-30 00:00:00+00:00
[2024-05-30T11:29:51.073+0000] {logging_mixin.py:188} INFO - [2024-05-30T11:29:51.072+0000] {dag.py:3834} INFO - Setting next_dagrun for example_branch_datetime_operator_3 to 2024-05-29 00:00:00+00:00, run_after=2024-05-30 00:00:00+00:00
[2024-05-30T11:29:51.100+0000] {processor.py:183} INFO - Processing /home/airflow/.local/lib/python3.8/site-packages/airflow/example_dags/example_branch_datetime_operator.py took 0.117 seconds
[2024-05-30T11:30:21.444+0000] {processor.py:161} INFO - Started process (PID=1694) to work on /home/airflow/.local/lib/python3.8/site-packages/airflow/example_dags/example_branch_datetime_operator.py
[2024-05-30T11:30:21.445+0000] {processor.py:830} INFO - Processing file /home/airflow/.local/lib/python3.8/site-packages/airflow/example_dags/example_branch_datetime_operator.py for tasks to queue
[2024-05-30T11:30:21.447+0000] {logging_mixin.py:188} INFO - [2024-05-30T11:30:21.447+0000] {dagbag.py:540} INFO - Filling up the DagBag from /home/airflow/.local/lib/python3.8/site-packages/airflow/example_dags/example_branch_datetime_operator.py
[2024-05-30T11:30:21.459+0000] {processor.py:840} INFO - DAG(s) 'example_branch_datetime_operator_2', 'example_branch_datetime_operator_3', 'example_branch_datetime_operator' retrieved from /home/airflow/.local/lib/python3.8/site-packages/airflow/example_dags/example_branch_datetime_operator.py
[2024-05-30T11:30:21.490+0000] {logging_mixin.py:188} INFO - [2024-05-30T11:30:21.490+0000] {dag.py:3047} INFO - Sync 3 DAGs
[2024-05-30T11:30:21.518+0000] {logging_mixin.py:188} INFO - [2024-05-30T11:30:21.518+0000] {dag.py:3834} INFO - Setting next_dagrun for example_branch_datetime_operator to 2024-05-29 00:00:00+00:00, run_after=2024-05-30 00:00:00+00:00
[2024-05-30T11:30:21.527+0000] {logging_mixin.py:188} INFO - [2024-05-30T11:30:21.527+0000] {dag.py:3834} INFO - Setting next_dagrun for example_branch_datetime_operator_2 to 2024-05-29 00:00:00+00:00, run_after=2024-05-30 00:00:00+00:00
[2024-05-30T11:30:21.531+0000] {logging_mixin.py:188} INFO - [2024-05-30T11:30:21.531+0000] {dag.py:3834} INFO - Setting next_dagrun for example_branch_datetime_operator_3 to 2024-05-29 00:00:00+00:00, run_after=2024-05-30 00:00:00+00:00
[2024-05-30T11:30:21.559+0000] {processor.py:183} INFO - Processing /home/airflow/.local/lib/python3.8/site-packages/airflow/example_dags/example_branch_datetime_operator.py took 0.118 seconds
[2024-05-30T11:30:51.730+0000] {processor.py:161} INFO - Started process (PID=1751) to work on /home/airflow/.local/lib/python3.8/site-packages/airflow/example_dags/example_branch_datetime_operator.py
[2024-05-30T11:30:51.731+0000] {processor.py:830} INFO - Processing file /home/airflow/.local/lib/python3.8/site-packages/airflow/example_dags/example_branch_datetime_operator.py for tasks to queue
[2024-05-30T11:30:51.734+0000] {logging_mixin.py:188} INFO - [2024-05-30T11:30:51.734+0000] {dagbag.py:540} INFO - Filling up the DagBag from /home/airflow/.local/lib/python3.8/site-packages/airflow/example_dags/example_branch_datetime_operator.py
[2024-05-30T11:30:51.755+0000] {processor.py:840} INFO - DAG(s) 'example_branch_datetime_operator', 'example_branch_datetime_operator_3', 'example_branch_datetime_operator_2' retrieved from /home/airflow/.local/lib/python3.8/site-packages/airflow/example_dags/example_branch_datetime_operator.py
[2024-05-30T11:30:51.825+0000] {logging_mixin.py:188} INFO - [2024-05-30T11:30:51.825+0000] {dag.py:3047} INFO - Sync 3 DAGs
[2024-05-30T11:30:51.871+0000] {logging_mixin.py:188} INFO - [2024-05-30T11:30:51.871+0000] {dag.py:3834} INFO - Setting next_dagrun for example_branch_datetime_operator to 2024-05-29 00:00:00+00:00, run_after=2024-05-30 00:00:00+00:00
[2024-05-30T11:30:51.881+0000] {logging_mixin.py:188} INFO - [2024-05-30T11:30:51.881+0000] {dag.py:3834} INFO - Setting next_dagrun for example_branch_datetime_operator_2 to 2024-05-29 00:00:00+00:00, run_after=2024-05-30 00:00:00+00:00
[2024-05-30T11:30:51.886+0000] {logging_mixin.py:188} INFO - [2024-05-30T11:30:51.886+0000] {dag.py:3834} INFO - Setting next_dagrun for example_branch_datetime_operator_3 to 2024-05-29 00:00:00+00:00, run_after=2024-05-30 00:00:00+00:00
[2024-05-30T11:30:51.915+0000] {processor.py:183} INFO - Processing /home/airflow/.local/lib/python3.8/site-packages/airflow/example_dags/example_branch_datetime_operator.py took 0.188 seconds
[2024-05-30T11:31:22.404+0000] {processor.py:161} INFO - Started process (PID=1808) to work on /home/airflow/.local/lib/python3.8/site-packages/airflow/example_dags/example_branch_datetime_operator.py
[2024-05-30T11:31:22.405+0000] {processor.py:830} INFO - Processing file /home/airflow/.local/lib/python3.8/site-packages/airflow/example_dags/example_branch_datetime_operator.py for tasks to queue
[2024-05-30T11:31:22.407+0000] {logging_mixin.py:188} INFO - [2024-05-30T11:31:22.407+0000] {dagbag.py:540} INFO - Filling up the DagBag from /home/airflow/.local/lib/python3.8/site-packages/airflow/example_dags/example_branch_datetime_operator.py
[2024-05-30T11:31:22.422+0000] {processor.py:840} INFO - DAG(s) 'example_branch_datetime_operator_3', 'example_branch_datetime_operator', 'example_branch_datetime_operator_2' retrieved from /home/airflow/.local/lib/python3.8/site-packages/airflow/example_dags/example_branch_datetime_operator.py
[2024-05-30T11:31:22.458+0000] {logging_mixin.py:188} INFO - [2024-05-30T11:31:22.458+0000] {dag.py:3047} INFO - Sync 3 DAGs
[2024-05-30T11:31:22.493+0000] {logging_mixin.py:188} INFO - [2024-05-30T11:31:22.492+0000] {dag.py:3834} INFO - Setting next_dagrun for example_branch_datetime_operator to 2024-05-29 00:00:00+00:00, run_after=2024-05-30 00:00:00+00:00
[2024-05-30T11:31:22.503+0000] {logging_mixin.py:188} INFO - [2024-05-30T11:31:22.502+0000] {dag.py:3834} INFO - Setting next_dagrun for example_branch_datetime_operator_2 to 2024-05-29 00:00:00+00:00, run_after=2024-05-30 00:00:00+00:00
[2024-05-30T11:31:22.510+0000] {logging_mixin.py:188} INFO - [2024-05-30T11:31:22.510+0000] {dag.py:3834} INFO - Setting next_dagrun for example_branch_datetime_operator_3 to 2024-05-29 00:00:00+00:00, run_after=2024-05-30 00:00:00+00:00
[2024-05-30T11:31:22.552+0000] {processor.py:183} INFO - Processing /home/airflow/.local/lib/python3.8/site-packages/airflow/example_dags/example_branch_datetime_operator.py took 0.151 seconds
[2024-05-30T11:31:52.683+0000] {processor.py:161} INFO - Started process (PID=1865) to work on /home/airflow/.local/lib/python3.8/site-packages/airflow/example_dags/example_branch_datetime_operator.py
[2024-05-30T11:31:52.695+0000] {processor.py:830} INFO - Processing file /home/airflow/.local/lib/python3.8/site-packages/airflow/example_dags/example_branch_datetime_operator.py for tasks to queue
[2024-05-30T11:31:52.708+0000] {logging_mixin.py:188} INFO - [2024-05-30T11:31:52.707+0000] {dagbag.py:540} INFO - Filling up the DagBag from /home/airflow/.local/lib/python3.8/site-packages/airflow/example_dags/example_branch_datetime_operator.py
[2024-05-30T11:31:52.730+0000] {processor.py:840} INFO - DAG(s) 'example_branch_datetime_operator_2', 'example_branch_datetime_operator_3', 'example_branch_datetime_operator' retrieved from /home/airflow/.local/lib/python3.8/site-packages/airflow/example_dags/example_branch_datetime_operator.py
[2024-05-30T11:31:52.766+0000] {logging_mixin.py:188} INFO - [2024-05-30T11:31:52.765+0000] {dag.py:3047} INFO - Sync 3 DAGs
[2024-05-30T11:31:52.798+0000] {logging_mixin.py:188} INFO - [2024-05-30T11:31:52.797+0000] {dag.py:3834} INFO - Setting next_dagrun for example_branch_datetime_operator to 2024-05-29 00:00:00+00:00, run_after=2024-05-30 00:00:00+00:00
[2024-05-30T11:31:52.807+0000] {logging_mixin.py:188} INFO - [2024-05-30T11:31:52.806+0000] {dag.py:3834} INFO - Setting next_dagrun for example_branch_datetime_operator_2 to 2024-05-29 00:00:00+00:00, run_after=2024-05-30 00:00:00+00:00
[2024-05-30T11:31:52.813+0000] {logging_mixin.py:188} INFO - [2024-05-30T11:31:52.812+0000] {dag.py:3834} INFO - Setting next_dagrun for example_branch_datetime_operator_3 to 2024-05-29 00:00:00+00:00, run_after=2024-05-30 00:00:00+00:00
[2024-05-30T11:31:52.836+0000] {processor.py:183} INFO - Processing /home/airflow/.local/lib/python3.8/site-packages/airflow/example_dags/example_branch_datetime_operator.py took 0.158 seconds
