[2024-05-30T11:15:43.068+0000] {processor.py:161} INFO - Started process (PID=72) to work on /home/airflow/.local/lib/python3.8/site-packages/airflow/example_dags/example_xcomargs.py
[2024-05-30T11:15:43.070+0000] {processor.py:830} INFO - Processing file /home/airflow/.local/lib/python3.8/site-packages/airflow/example_dags/example_xcomargs.py for tasks to queue
[2024-05-30T11:15:43.074+0000] {logging_mixin.py:188} INFO - [2024-05-30T11:15:43.073+0000] {dagbag.py:540} INFO - Filling up the DagBag from /home/airflow/.local/lib/python3.8/site-packages/airflow/example_dags/example_xcomargs.py
[2024-05-30T11:15:43.089+0000] {processor.py:840} INFO - DAG(s) 'example_xcom_args_with_operators', 'example_xcom_args' retrieved from /home/airflow/.local/lib/python3.8/site-packages/airflow/example_dags/example_xcomargs.py
[2024-05-30T11:15:43.134+0000] {logging_mixin.py:188} INFO - [2024-05-30T11:15:43.133+0000] {dag.py:3047} INFO - Sync 2 DAGs
[2024-05-30T11:15:43.162+0000] {logging_mixin.py:188} INFO - [2024-05-30T11:15:43.161+0000] {dag.py:3834} INFO - Setting next_dagrun for example_xcom_args to None, run_after=None
[2024-05-30T11:15:43.174+0000] {logging_mixin.py:188} INFO - [2024-05-30T11:15:43.173+0000] {dag.py:3834} INFO - Setting next_dagrun for example_xcom_args_with_operators to None, run_after=None
[2024-05-30T11:15:43.227+0000] {processor.py:183} INFO - Processing /home/airflow/.local/lib/python3.8/site-packages/airflow/example_dags/example_xcomargs.py took 0.164 seconds
[2024-05-30T11:16:13.256+0000] {processor.py:161} INFO - Started process (PID=128) to work on /home/airflow/.local/lib/python3.8/site-packages/airflow/example_dags/example_xcomargs.py
[2024-05-30T11:16:13.257+0000] {processor.py:830} INFO - Processing file /home/airflow/.local/lib/python3.8/site-packages/airflow/example_dags/example_xcomargs.py for tasks to queue
[2024-05-30T11:16:13.259+0000] {logging_mixin.py:188} INFO - [2024-05-30T11:16:13.259+0000] {dagbag.py:540} INFO - Filling up the DagBag from /home/airflow/.local/lib/python3.8/site-packages/airflow/example_dags/example_xcomargs.py
[2024-05-30T11:16:13.269+0000] {processor.py:840} INFO - DAG(s) 'example_xcom_args', 'example_xcom_args_with_operators' retrieved from /home/airflow/.local/lib/python3.8/site-packages/airflow/example_dags/example_xcomargs.py
[2024-05-30T11:16:13.302+0000] {logging_mixin.py:188} INFO - [2024-05-30T11:16:13.302+0000] {dag.py:3047} INFO - Sync 2 DAGs
[2024-05-30T11:16:13.319+0000] {logging_mixin.py:188} INFO - [2024-05-30T11:16:13.319+0000] {dag.py:3834} INFO - Setting next_dagrun for example_xcom_args to None, run_after=None
[2024-05-30T11:16:13.324+0000] {logging_mixin.py:188} INFO - [2024-05-30T11:16:13.324+0000] {dag.py:3834} INFO - Setting next_dagrun for example_xcom_args_with_operators to None, run_after=None
[2024-05-30T11:16:13.349+0000] {processor.py:183} INFO - Processing /home/airflow/.local/lib/python3.8/site-packages/airflow/example_dags/example_xcomargs.py took 0.096 seconds
[2024-05-30T11:16:43.616+0000] {processor.py:161} INFO - Started process (PID=185) to work on /home/airflow/.local/lib/python3.8/site-packages/airflow/example_dags/example_xcomargs.py
[2024-05-30T11:16:43.617+0000] {processor.py:830} INFO - Processing file /home/airflow/.local/lib/python3.8/site-packages/airflow/example_dags/example_xcomargs.py for tasks to queue
[2024-05-30T11:16:43.619+0000] {logging_mixin.py:188} INFO - [2024-05-30T11:16:43.619+0000] {dagbag.py:540} INFO - Filling up the DagBag from /home/airflow/.local/lib/python3.8/site-packages/airflow/example_dags/example_xcomargs.py
[2024-05-30T11:16:43.627+0000] {processor.py:840} INFO - DAG(s) 'example_xcom_args', 'example_xcom_args_with_operators' retrieved from /home/airflow/.local/lib/python3.8/site-packages/airflow/example_dags/example_xcomargs.py
[2024-05-30T11:16:43.655+0000] {logging_mixin.py:188} INFO - [2024-05-30T11:16:43.655+0000] {dag.py:3047} INFO - Sync 2 DAGs
[2024-05-30T11:16:43.671+0000] {logging_mixin.py:188} INFO - [2024-05-30T11:16:43.671+0000] {dag.py:3834} INFO - Setting next_dagrun for example_xcom_args to None, run_after=None
[2024-05-30T11:16:43.677+0000] {logging_mixin.py:188} INFO - [2024-05-30T11:16:43.677+0000] {dag.py:3834} INFO - Setting next_dagrun for example_xcom_args_with_operators to None, run_after=None
[2024-05-30T11:16:43.698+0000] {processor.py:183} INFO - Processing /home/airflow/.local/lib/python3.8/site-packages/airflow/example_dags/example_xcomargs.py took 0.085 seconds
[2024-05-30T11:17:13.838+0000] {processor.py:161} INFO - Started process (PID=242) to work on /home/airflow/.local/lib/python3.8/site-packages/airflow/example_dags/example_xcomargs.py
[2024-05-30T11:17:13.839+0000] {processor.py:830} INFO - Processing file /home/airflow/.local/lib/python3.8/site-packages/airflow/example_dags/example_xcomargs.py for tasks to queue
[2024-05-30T11:17:13.841+0000] {logging_mixin.py:188} INFO - [2024-05-30T11:17:13.841+0000] {dagbag.py:540} INFO - Filling up the DagBag from /home/airflow/.local/lib/python3.8/site-packages/airflow/example_dags/example_xcomargs.py
[2024-05-30T11:17:13.849+0000] {processor.py:840} INFO - DAG(s) 'example_xcom_args', 'example_xcom_args_with_operators' retrieved from /home/airflow/.local/lib/python3.8/site-packages/airflow/example_dags/example_xcomargs.py
[2024-05-30T11:17:13.875+0000] {logging_mixin.py:188} INFO - [2024-05-30T11:17:13.875+0000] {dag.py:3047} INFO - Sync 2 DAGs
[2024-05-30T11:17:13.889+0000] {logging_mixin.py:188} INFO - [2024-05-30T11:17:13.889+0000] {dag.py:3834} INFO - Setting next_dagrun for example_xcom_args to None, run_after=None
[2024-05-30T11:17:13.896+0000] {logging_mixin.py:188} INFO - [2024-05-30T11:17:13.895+0000] {dag.py:3834} INFO - Setting next_dagrun for example_xcom_args_with_operators to None, run_after=None
[2024-05-30T11:17:13.916+0000] {processor.py:183} INFO - Processing /home/airflow/.local/lib/python3.8/site-packages/airflow/example_dags/example_xcomargs.py took 0.081 seconds
[2024-05-30T11:17:45.308+0000] {processor.py:161} INFO - Started process (PID=300) to work on /home/airflow/.local/lib/python3.8/site-packages/airflow/example_dags/example_xcomargs.py
[2024-05-30T11:17:45.310+0000] {processor.py:830} INFO - Processing file /home/airflow/.local/lib/python3.8/site-packages/airflow/example_dags/example_xcomargs.py for tasks to queue
[2024-05-30T11:17:45.312+0000] {logging_mixin.py:188} INFO - [2024-05-30T11:17:45.311+0000] {dagbag.py:540} INFO - Filling up the DagBag from /home/airflow/.local/lib/python3.8/site-packages/airflow/example_dags/example_xcomargs.py
[2024-05-30T11:17:45.322+0000] {processor.py:840} INFO - DAG(s) 'example_xcom_args', 'example_xcom_args_with_operators' retrieved from /home/airflow/.local/lib/python3.8/site-packages/airflow/example_dags/example_xcomargs.py
[2024-05-30T11:17:45.347+0000] {logging_mixin.py:188} INFO - [2024-05-30T11:17:45.347+0000] {dag.py:3047} INFO - Sync 2 DAGs
[2024-05-30T11:17:45.361+0000] {logging_mixin.py:188} INFO - [2024-05-30T11:17:45.361+0000] {dag.py:3834} INFO - Setting next_dagrun for example_xcom_args to None, run_after=None
[2024-05-30T11:17:45.366+0000] {logging_mixin.py:188} INFO - [2024-05-30T11:17:45.365+0000] {dag.py:3834} INFO - Setting next_dagrun for example_xcom_args_with_operators to None, run_after=None
[2024-05-30T11:17:45.385+0000] {processor.py:183} INFO - Processing /home/airflow/.local/lib/python3.8/site-packages/airflow/example_dags/example_xcomargs.py took 0.079 seconds
[2024-05-30T11:18:15.680+0000] {processor.py:161} INFO - Started process (PID=363) to work on /home/airflow/.local/lib/python3.8/site-packages/airflow/example_dags/example_xcomargs.py
[2024-05-30T11:18:15.681+0000] {processor.py:830} INFO - Processing file /home/airflow/.local/lib/python3.8/site-packages/airflow/example_dags/example_xcomargs.py for tasks to queue
[2024-05-30T11:18:15.684+0000] {logging_mixin.py:188} INFO - [2024-05-30T11:18:15.683+0000] {dagbag.py:540} INFO - Filling up the DagBag from /home/airflow/.local/lib/python3.8/site-packages/airflow/example_dags/example_xcomargs.py
[2024-05-30T11:18:15.693+0000] {processor.py:840} INFO - DAG(s) 'example_xcom_args', 'example_xcom_args_with_operators' retrieved from /home/airflow/.local/lib/python3.8/site-packages/airflow/example_dags/example_xcomargs.py
[2024-05-30T11:18:15.732+0000] {logging_mixin.py:188} INFO - [2024-05-30T11:18:15.731+0000] {dag.py:3047} INFO - Sync 2 DAGs
[2024-05-30T11:18:15.756+0000] {logging_mixin.py:188} INFO - [2024-05-30T11:18:15.756+0000] {dag.py:3834} INFO - Setting next_dagrun for example_xcom_args to None, run_after=None
[2024-05-30T11:18:15.763+0000] {logging_mixin.py:188} INFO - [2024-05-30T11:18:15.763+0000] {dag.py:3834} INFO - Setting next_dagrun for example_xcom_args_with_operators to None, run_after=None
[2024-05-30T11:18:15.798+0000] {processor.py:183} INFO - Processing /home/airflow/.local/lib/python3.8/site-packages/airflow/example_dags/example_xcomargs.py took 0.122 seconds
[2024-05-30T11:18:46.150+0000] {processor.py:161} INFO - Started process (PID=420) to work on /home/airflow/.local/lib/python3.8/site-packages/airflow/example_dags/example_xcomargs.py
[2024-05-30T11:18:46.151+0000] {processor.py:830} INFO - Processing file /home/airflow/.local/lib/python3.8/site-packages/airflow/example_dags/example_xcomargs.py for tasks to queue
[2024-05-30T11:18:46.153+0000] {logging_mixin.py:188} INFO - [2024-05-30T11:18:46.153+0000] {dagbag.py:540} INFO - Filling up the DagBag from /home/airflow/.local/lib/python3.8/site-packages/airflow/example_dags/example_xcomargs.py
[2024-05-30T11:18:46.163+0000] {processor.py:840} INFO - DAG(s) 'example_xcom_args', 'example_xcom_args_with_operators' retrieved from /home/airflow/.local/lib/python3.8/site-packages/airflow/example_dags/example_xcomargs.py
[2024-05-30T11:18:46.194+0000] {logging_mixin.py:188} INFO - [2024-05-30T11:18:46.193+0000] {dag.py:3047} INFO - Sync 2 DAGs
[2024-05-30T11:18:46.211+0000] {logging_mixin.py:188} INFO - [2024-05-30T11:18:46.210+0000] {dag.py:3834} INFO - Setting next_dagrun for example_xcom_args to None, run_after=None
[2024-05-30T11:18:46.217+0000] {logging_mixin.py:188} INFO - [2024-05-30T11:18:46.216+0000] {dag.py:3834} INFO - Setting next_dagrun for example_xcom_args_with_operators to None, run_after=None
[2024-05-30T11:18:46.242+0000] {processor.py:183} INFO - Processing /home/airflow/.local/lib/python3.8/site-packages/airflow/example_dags/example_xcomargs.py took 0.095 seconds
[2024-05-30T11:19:17.059+0000] {processor.py:161} INFO - Started process (PID=477) to work on /home/airflow/.local/lib/python3.8/site-packages/airflow/example_dags/example_xcomargs.py
[2024-05-30T11:19:17.060+0000] {processor.py:830} INFO - Processing file /home/airflow/.local/lib/python3.8/site-packages/airflow/example_dags/example_xcomargs.py for tasks to queue
[2024-05-30T11:19:17.062+0000] {logging_mixin.py:188} INFO - [2024-05-30T11:19:17.062+0000] {dagbag.py:540} INFO - Filling up the DagBag from /home/airflow/.local/lib/python3.8/site-packages/airflow/example_dags/example_xcomargs.py
[2024-05-30T11:19:17.073+0000] {processor.py:840} INFO - DAG(s) 'example_xcom_args', 'example_xcom_args_with_operators' retrieved from /home/airflow/.local/lib/python3.8/site-packages/airflow/example_dags/example_xcomargs.py
[2024-05-30T11:19:17.100+0000] {logging_mixin.py:188} INFO - [2024-05-30T11:19:17.100+0000] {dag.py:3047} INFO - Sync 2 DAGs
[2024-05-30T11:19:17.116+0000] {logging_mixin.py:188} INFO - [2024-05-30T11:19:17.116+0000] {dag.py:3834} INFO - Setting next_dagrun for example_xcom_args to None, run_after=None
[2024-05-30T11:19:17.121+0000] {logging_mixin.py:188} INFO - [2024-05-30T11:19:17.121+0000] {dag.py:3834} INFO - Setting next_dagrun for example_xcom_args_with_operators to None, run_after=None
[2024-05-30T11:19:17.145+0000] {processor.py:183} INFO - Processing /home/airflow/.local/lib/python3.8/site-packages/airflow/example_dags/example_xcomargs.py took 0.089 seconds
[2024-05-30T11:19:47.744+0000] {processor.py:161} INFO - Started process (PID=534) to work on /home/airflow/.local/lib/python3.8/site-packages/airflow/example_dags/example_xcomargs.py
[2024-05-30T11:19:47.746+0000] {processor.py:830} INFO - Processing file /home/airflow/.local/lib/python3.8/site-packages/airflow/example_dags/example_xcomargs.py for tasks to queue
[2024-05-30T11:19:47.748+0000] {logging_mixin.py:188} INFO - [2024-05-30T11:19:47.747+0000] {dagbag.py:540} INFO - Filling up the DagBag from /home/airflow/.local/lib/python3.8/site-packages/airflow/example_dags/example_xcomargs.py
[2024-05-30T11:19:47.757+0000] {processor.py:840} INFO - DAG(s) 'example_xcom_args', 'example_xcom_args_with_operators' retrieved from /home/airflow/.local/lib/python3.8/site-packages/airflow/example_dags/example_xcomargs.py
[2024-05-30T11:19:47.784+0000] {logging_mixin.py:188} INFO - [2024-05-30T11:19:47.783+0000] {dag.py:3047} INFO - Sync 2 DAGs
[2024-05-30T11:19:47.797+0000] {logging_mixin.py:188} INFO - [2024-05-30T11:19:47.797+0000] {dag.py:3834} INFO - Setting next_dagrun for example_xcom_args to None, run_after=None
[2024-05-30T11:19:47.803+0000] {logging_mixin.py:188} INFO - [2024-05-30T11:19:47.803+0000] {dag.py:3834} INFO - Setting next_dagrun for example_xcom_args_with_operators to None, run_after=None
[2024-05-30T11:19:47.829+0000] {processor.py:183} INFO - Processing /home/airflow/.local/lib/python3.8/site-packages/airflow/example_dags/example_xcomargs.py took 0.087 seconds
[2024-05-30T11:20:19.407+0000] {processor.py:161} INFO - Started process (PID=591) to work on /home/airflow/.local/lib/python3.8/site-packages/airflow/example_dags/example_xcomargs.py
[2024-05-30T11:20:19.409+0000] {processor.py:830} INFO - Processing file /home/airflow/.local/lib/python3.8/site-packages/airflow/example_dags/example_xcomargs.py for tasks to queue
[2024-05-30T11:20:19.411+0000] {logging_mixin.py:188} INFO - [2024-05-30T11:20:19.410+0000] {dagbag.py:540} INFO - Filling up the DagBag from /home/airflow/.local/lib/python3.8/site-packages/airflow/example_dags/example_xcomargs.py
[2024-05-30T11:20:19.422+0000] {processor.py:840} INFO - DAG(s) 'example_xcom_args', 'example_xcom_args_with_operators' retrieved from /home/airflow/.local/lib/python3.8/site-packages/airflow/example_dags/example_xcomargs.py
[2024-05-30T11:20:19.463+0000] {logging_mixin.py:188} INFO - [2024-05-30T11:20:19.463+0000] {dag.py:3047} INFO - Sync 2 DAGs
[2024-05-30T11:20:19.484+0000] {logging_mixin.py:188} INFO - [2024-05-30T11:20:19.483+0000] {dag.py:3834} INFO - Setting next_dagrun for example_xcom_args to None, run_after=None
[2024-05-30T11:20:19.489+0000] {logging_mixin.py:188} INFO - [2024-05-30T11:20:19.489+0000] {dag.py:3834} INFO - Setting next_dagrun for example_xcom_args_with_operators to None, run_after=None
[2024-05-30T11:20:19.514+0000] {processor.py:183} INFO - Processing /home/airflow/.local/lib/python3.8/site-packages/airflow/example_dags/example_xcomargs.py took 0.109 seconds
[2024-05-30T11:20:50.502+0000] {processor.py:161} INFO - Started process (PID=648) to work on /home/airflow/.local/lib/python3.8/site-packages/airflow/example_dags/example_xcomargs.py
[2024-05-30T11:20:50.503+0000] {processor.py:830} INFO - Processing file /home/airflow/.local/lib/python3.8/site-packages/airflow/example_dags/example_xcomargs.py for tasks to queue
[2024-05-30T11:20:50.506+0000] {logging_mixin.py:188} INFO - [2024-05-30T11:20:50.506+0000] {dagbag.py:540} INFO - Filling up the DagBag from /home/airflow/.local/lib/python3.8/site-packages/airflow/example_dags/example_xcomargs.py
[2024-05-30T11:20:50.519+0000] {processor.py:840} INFO - DAG(s) 'example_xcom_args_with_operators', 'example_xcom_args' retrieved from /home/airflow/.local/lib/python3.8/site-packages/airflow/example_dags/example_xcomargs.py
[2024-05-30T11:20:50.556+0000] {logging_mixin.py:188} INFO - [2024-05-30T11:20:50.555+0000] {dag.py:3047} INFO - Sync 2 DAGs
[2024-05-30T11:20:50.574+0000] {logging_mixin.py:188} INFO - [2024-05-30T11:20:50.574+0000] {dag.py:3834} INFO - Setting next_dagrun for example_xcom_args to None, run_after=None
[2024-05-30T11:20:50.582+0000] {logging_mixin.py:188} INFO - [2024-05-30T11:20:50.581+0000] {dag.py:3834} INFO - Setting next_dagrun for example_xcom_args_with_operators to None, run_after=None
[2024-05-30T11:20:50.616+0000] {processor.py:183} INFO - Processing /home/airflow/.local/lib/python3.8/site-packages/airflow/example_dags/example_xcomargs.py took 0.119 seconds
[2024-05-30T11:21:21.515+0000] {processor.py:161} INFO - Started process (PID=705) to work on /home/airflow/.local/lib/python3.8/site-packages/airflow/example_dags/example_xcomargs.py
[2024-05-30T11:21:21.516+0000] {processor.py:830} INFO - Processing file /home/airflow/.local/lib/python3.8/site-packages/airflow/example_dags/example_xcomargs.py for tasks to queue
[2024-05-30T11:21:21.518+0000] {logging_mixin.py:188} INFO - [2024-05-30T11:21:21.518+0000] {dagbag.py:540} INFO - Filling up the DagBag from /home/airflow/.local/lib/python3.8/site-packages/airflow/example_dags/example_xcomargs.py
[2024-05-30T11:21:21.526+0000] {processor.py:840} INFO - DAG(s) 'example_xcom_args', 'example_xcom_args_with_operators' retrieved from /home/airflow/.local/lib/python3.8/site-packages/airflow/example_dags/example_xcomargs.py
[2024-05-30T11:21:21.553+0000] {logging_mixin.py:188} INFO - [2024-05-30T11:21:21.553+0000] {dag.py:3047} INFO - Sync 2 DAGs
[2024-05-30T11:21:21.571+0000] {logging_mixin.py:188} INFO - [2024-05-30T11:21:21.571+0000] {dag.py:3834} INFO - Setting next_dagrun for example_xcom_args to None, run_after=None
[2024-05-30T11:21:21.584+0000] {logging_mixin.py:188} INFO - [2024-05-30T11:21:21.584+0000] {dag.py:3834} INFO - Setting next_dagrun for example_xcom_args_with_operators to None, run_after=None
[2024-05-30T11:21:21.615+0000] {processor.py:183} INFO - Processing /home/airflow/.local/lib/python3.8/site-packages/airflow/example_dags/example_xcomargs.py took 0.102 seconds
[2024-05-30T11:21:52.134+0000] {processor.py:161} INFO - Started process (PID=760) to work on /home/airflow/.local/lib/python3.8/site-packages/airflow/example_dags/example_xcomargs.py
[2024-05-30T11:21:52.136+0000] {processor.py:830} INFO - Processing file /home/airflow/.local/lib/python3.8/site-packages/airflow/example_dags/example_xcomargs.py for tasks to queue
[2024-05-30T11:21:52.139+0000] {logging_mixin.py:188} INFO - [2024-05-30T11:21:52.139+0000] {dagbag.py:540} INFO - Filling up the DagBag from /home/airflow/.local/lib/python3.8/site-packages/airflow/example_dags/example_xcomargs.py
[2024-05-30T11:21:52.152+0000] {processor.py:840} INFO - DAG(s) 'example_xcom_args_with_operators', 'example_xcom_args' retrieved from /home/airflow/.local/lib/python3.8/site-packages/airflow/example_dags/example_xcomargs.py
[2024-05-30T11:21:52.184+0000] {logging_mixin.py:188} INFO - [2024-05-30T11:21:52.184+0000] {dag.py:3047} INFO - Sync 2 DAGs
[2024-05-30T11:21:52.201+0000] {logging_mixin.py:188} INFO - [2024-05-30T11:21:52.201+0000] {dag.py:3834} INFO - Setting next_dagrun for example_xcom_args to None, run_after=None
[2024-05-30T11:21:52.206+0000] {logging_mixin.py:188} INFO - [2024-05-30T11:21:52.205+0000] {dag.py:3834} INFO - Setting next_dagrun for example_xcom_args_with_operators to None, run_after=None
[2024-05-30T11:21:52.227+0000] {processor.py:183} INFO - Processing /home/airflow/.local/lib/python3.8/site-packages/airflow/example_dags/example_xcomargs.py took 0.099 seconds
[2024-05-30T11:22:22.307+0000] {processor.py:161} INFO - Started process (PID=817) to work on /home/airflow/.local/lib/python3.8/site-packages/airflow/example_dags/example_xcomargs.py
[2024-05-30T11:22:22.308+0000] {processor.py:830} INFO - Processing file /home/airflow/.local/lib/python3.8/site-packages/airflow/example_dags/example_xcomargs.py for tasks to queue
[2024-05-30T11:22:22.311+0000] {logging_mixin.py:188} INFO - [2024-05-30T11:22:22.311+0000] {dagbag.py:540} INFO - Filling up the DagBag from /home/airflow/.local/lib/python3.8/site-packages/airflow/example_dags/example_xcomargs.py
[2024-05-30T11:22:22.329+0000] {processor.py:840} INFO - DAG(s) 'example_xcom_args_with_operators', 'example_xcom_args' retrieved from /home/airflow/.local/lib/python3.8/site-packages/airflow/example_dags/example_xcomargs.py
[2024-05-30T11:22:22.377+0000] {logging_mixin.py:188} INFO - [2024-05-30T11:22:22.376+0000] {dag.py:3047} INFO - Sync 2 DAGs
[2024-05-30T11:22:22.401+0000] {logging_mixin.py:188} INFO - [2024-05-30T11:22:22.400+0000] {dag.py:3834} INFO - Setting next_dagrun for example_xcom_args to None, run_after=None
[2024-05-30T11:22:22.408+0000] {logging_mixin.py:188} INFO - [2024-05-30T11:22:22.408+0000] {dag.py:3834} INFO - Setting next_dagrun for example_xcom_args_with_operators to None, run_after=None
[2024-05-30T11:22:22.434+0000] {processor.py:183} INFO - Processing /home/airflow/.local/lib/python3.8/site-packages/airflow/example_dags/example_xcomargs.py took 0.132 seconds
[2024-05-30T11:22:53.011+0000] {processor.py:161} INFO - Started process (PID=874) to work on /home/airflow/.local/lib/python3.8/site-packages/airflow/example_dags/example_xcomargs.py
[2024-05-30T11:22:53.014+0000] {processor.py:830} INFO - Processing file /home/airflow/.local/lib/python3.8/site-packages/airflow/example_dags/example_xcomargs.py for tasks to queue
[2024-05-30T11:22:53.018+0000] {logging_mixin.py:188} INFO - [2024-05-30T11:22:53.018+0000] {dagbag.py:540} INFO - Filling up the DagBag from /home/airflow/.local/lib/python3.8/site-packages/airflow/example_dags/example_xcomargs.py
[2024-05-30T11:22:53.035+0000] {processor.py:840} INFO - DAG(s) 'example_xcom_args_with_operators', 'example_xcom_args' retrieved from /home/airflow/.local/lib/python3.8/site-packages/airflow/example_dags/example_xcomargs.py
[2024-05-30T11:22:53.087+0000] {logging_mixin.py:188} INFO - [2024-05-30T11:22:53.087+0000] {dag.py:3047} INFO - Sync 2 DAGs
[2024-05-30T11:22:53.106+0000] {logging_mixin.py:188} INFO - [2024-05-30T11:22:53.106+0000] {dag.py:3834} INFO - Setting next_dagrun for example_xcom_args to None, run_after=None
[2024-05-30T11:22:53.113+0000] {logging_mixin.py:188} INFO - [2024-05-30T11:22:53.113+0000] {dag.py:3834} INFO - Setting next_dagrun for example_xcom_args_with_operators to None, run_after=None
[2024-05-30T11:22:53.141+0000] {processor.py:183} INFO - Processing /home/airflow/.local/lib/python3.8/site-packages/airflow/example_dags/example_xcomargs.py took 0.136 seconds
[2024-05-30T11:23:23.894+0000] {processor.py:161} INFO - Started process (PID=931) to work on /home/airflow/.local/lib/python3.8/site-packages/airflow/example_dags/example_xcomargs.py
[2024-05-30T11:23:23.895+0000] {processor.py:830} INFO - Processing file /home/airflow/.local/lib/python3.8/site-packages/airflow/example_dags/example_xcomargs.py for tasks to queue
[2024-05-30T11:23:23.897+0000] {logging_mixin.py:188} INFO - [2024-05-30T11:23:23.897+0000] {dagbag.py:540} INFO - Filling up the DagBag from /home/airflow/.local/lib/python3.8/site-packages/airflow/example_dags/example_xcomargs.py
[2024-05-30T11:23:23.909+0000] {processor.py:840} INFO - DAG(s) 'example_xcom_args', 'example_xcom_args_with_operators' retrieved from /home/airflow/.local/lib/python3.8/site-packages/airflow/example_dags/example_xcomargs.py
[2024-05-30T11:23:23.949+0000] {logging_mixin.py:188} INFO - [2024-05-30T11:23:23.948+0000] {dag.py:3047} INFO - Sync 2 DAGs
[2024-05-30T11:23:23.974+0000] {logging_mixin.py:188} INFO - [2024-05-30T11:23:23.974+0000] {dag.py:3834} INFO - Setting next_dagrun for example_xcom_args to None, run_after=None
[2024-05-30T11:23:23.982+0000] {logging_mixin.py:188} INFO - [2024-05-30T11:23:23.981+0000] {dag.py:3834} INFO - Setting next_dagrun for example_xcom_args_with_operators to None, run_after=None
[2024-05-30T11:23:24.017+0000] {processor.py:183} INFO - Processing /home/airflow/.local/lib/python3.8/site-packages/airflow/example_dags/example_xcomargs.py took 0.127 seconds
[2024-05-30T11:23:54.876+0000] {processor.py:161} INFO - Started process (PID=988) to work on /home/airflow/.local/lib/python3.8/site-packages/airflow/example_dags/example_xcomargs.py
[2024-05-30T11:23:54.878+0000] {processor.py:830} INFO - Processing file /home/airflow/.local/lib/python3.8/site-packages/airflow/example_dags/example_xcomargs.py for tasks to queue
[2024-05-30T11:23:54.881+0000] {logging_mixin.py:188} INFO - [2024-05-30T11:23:54.880+0000] {dagbag.py:540} INFO - Filling up the DagBag from /home/airflow/.local/lib/python3.8/site-packages/airflow/example_dags/example_xcomargs.py
[2024-05-30T11:23:54.889+0000] {processor.py:840} INFO - DAG(s) 'example_xcom_args_with_operators', 'example_xcom_args' retrieved from /home/airflow/.local/lib/python3.8/site-packages/airflow/example_dags/example_xcomargs.py
[2024-05-30T11:23:54.920+0000] {logging_mixin.py:188} INFO - [2024-05-30T11:23:54.919+0000] {dag.py:3047} INFO - Sync 2 DAGs
[2024-05-30T11:23:54.938+0000] {logging_mixin.py:188} INFO - [2024-05-30T11:23:54.938+0000] {dag.py:3834} INFO - Setting next_dagrun for example_xcom_args to None, run_after=None
[2024-05-30T11:23:54.944+0000] {logging_mixin.py:188} INFO - [2024-05-30T11:23:54.943+0000] {dag.py:3834} INFO - Setting next_dagrun for example_xcom_args_with_operators to None, run_after=None
[2024-05-30T11:23:54.969+0000] {processor.py:183} INFO - Processing /home/airflow/.local/lib/python3.8/site-packages/airflow/example_dags/example_xcomargs.py took 0.096 seconds
[2024-05-30T11:24:25.098+0000] {processor.py:161} INFO - Started process (PID=1045) to work on /home/airflow/.local/lib/python3.8/site-packages/airflow/example_dags/example_xcomargs.py
[2024-05-30T11:24:25.099+0000] {processor.py:830} INFO - Processing file /home/airflow/.local/lib/python3.8/site-packages/airflow/example_dags/example_xcomargs.py for tasks to queue
[2024-05-30T11:24:25.102+0000] {logging_mixin.py:188} INFO - [2024-05-30T11:24:25.101+0000] {dagbag.py:540} INFO - Filling up the DagBag from /home/airflow/.local/lib/python3.8/site-packages/airflow/example_dags/example_xcomargs.py
[2024-05-30T11:24:25.116+0000] {processor.py:840} INFO - DAG(s) 'example_xcom_args_with_operators', 'example_xcom_args' retrieved from /home/airflow/.local/lib/python3.8/site-packages/airflow/example_dags/example_xcomargs.py
[2024-05-30T11:24:25.159+0000] {logging_mixin.py:188} INFO - [2024-05-30T11:24:25.159+0000] {dag.py:3047} INFO - Sync 2 DAGs
[2024-05-30T11:24:25.187+0000] {logging_mixin.py:188} INFO - [2024-05-30T11:24:25.187+0000] {dag.py:3834} INFO - Setting next_dagrun for example_xcom_args to None, run_after=None
[2024-05-30T11:24:25.195+0000] {logging_mixin.py:188} INFO - [2024-05-30T11:24:25.195+0000] {dag.py:3834} INFO - Setting next_dagrun for example_xcom_args_with_operators to None, run_after=None
[2024-05-30T11:24:25.245+0000] {processor.py:183} INFO - Processing /home/airflow/.local/lib/python3.8/site-packages/airflow/example_dags/example_xcomargs.py took 0.152 seconds
[2024-05-30T11:24:55.757+0000] {processor.py:161} INFO - Started process (PID=1102) to work on /home/airflow/.local/lib/python3.8/site-packages/airflow/example_dags/example_xcomargs.py
[2024-05-30T11:24:55.762+0000] {processor.py:830} INFO - Processing file /home/airflow/.local/lib/python3.8/site-packages/airflow/example_dags/example_xcomargs.py for tasks to queue
[2024-05-30T11:24:55.766+0000] {logging_mixin.py:188} INFO - [2024-05-30T11:24:55.765+0000] {dagbag.py:540} INFO - Filling up the DagBag from /home/airflow/.local/lib/python3.8/site-packages/airflow/example_dags/example_xcomargs.py
[2024-05-30T11:24:55.783+0000] {processor.py:840} INFO - DAG(s) 'example_xcom_args', 'example_xcom_args_with_operators' retrieved from /home/airflow/.local/lib/python3.8/site-packages/airflow/example_dags/example_xcomargs.py
[2024-05-30T11:24:55.832+0000] {logging_mixin.py:188} INFO - [2024-05-30T11:24:55.831+0000] {dag.py:3047} INFO - Sync 2 DAGs
[2024-05-30T11:24:55.866+0000] {logging_mixin.py:188} INFO - [2024-05-30T11:24:55.866+0000] {dag.py:3834} INFO - Setting next_dagrun for example_xcom_args to None, run_after=None
[2024-05-30T11:24:55.881+0000] {logging_mixin.py:188} INFO - [2024-05-30T11:24:55.877+0000] {dag.py:3834} INFO - Setting next_dagrun for example_xcom_args_with_operators to None, run_after=None
[2024-05-30T11:24:55.932+0000] {processor.py:183} INFO - Processing /home/airflow/.local/lib/python3.8/site-packages/airflow/example_dags/example_xcomargs.py took 0.180 seconds
[2024-05-30T11:25:26.675+0000] {processor.py:161} INFO - Started process (PID=1159) to work on /home/airflow/.local/lib/python3.8/site-packages/airflow/example_dags/example_xcomargs.py
[2024-05-30T11:25:26.677+0000] {processor.py:830} INFO - Processing file /home/airflow/.local/lib/python3.8/site-packages/airflow/example_dags/example_xcomargs.py for tasks to queue
[2024-05-30T11:25:26.679+0000] {logging_mixin.py:188} INFO - [2024-05-30T11:25:26.678+0000] {dagbag.py:540} INFO - Filling up the DagBag from /home/airflow/.local/lib/python3.8/site-packages/airflow/example_dags/example_xcomargs.py
[2024-05-30T11:25:26.696+0000] {processor.py:840} INFO - DAG(s) 'example_xcom_args', 'example_xcom_args_with_operators' retrieved from /home/airflow/.local/lib/python3.8/site-packages/airflow/example_dags/example_xcomargs.py
[2024-05-30T11:25:26.738+0000] {logging_mixin.py:188} INFO - [2024-05-30T11:25:26.738+0000] {dag.py:3047} INFO - Sync 2 DAGs
[2024-05-30T11:25:26.760+0000] {logging_mixin.py:188} INFO - [2024-05-30T11:25:26.760+0000] {dag.py:3834} INFO - Setting next_dagrun for example_xcom_args to None, run_after=None
[2024-05-30T11:25:26.767+0000] {logging_mixin.py:188} INFO - [2024-05-30T11:25:26.766+0000] {dag.py:3834} INFO - Setting next_dagrun for example_xcom_args_with_operators to None, run_after=None
[2024-05-30T11:25:26.798+0000] {processor.py:183} INFO - Processing /home/airflow/.local/lib/python3.8/site-packages/airflow/example_dags/example_xcomargs.py took 0.125 seconds
[2024-05-30T11:25:57.678+0000] {processor.py:161} INFO - Started process (PID=1216) to work on /home/airflow/.local/lib/python3.8/site-packages/airflow/example_dags/example_xcomargs.py
[2024-05-30T11:25:57.680+0000] {processor.py:830} INFO - Processing file /home/airflow/.local/lib/python3.8/site-packages/airflow/example_dags/example_xcomargs.py for tasks to queue
[2024-05-30T11:25:57.683+0000] {logging_mixin.py:188} INFO - [2024-05-30T11:25:57.683+0000] {dagbag.py:540} INFO - Filling up the DagBag from /home/airflow/.local/lib/python3.8/site-packages/airflow/example_dags/example_xcomargs.py
[2024-05-30T11:25:57.700+0000] {processor.py:840} INFO - DAG(s) 'example_xcom_args', 'example_xcom_args_with_operators' retrieved from /home/airflow/.local/lib/python3.8/site-packages/airflow/example_dags/example_xcomargs.py
[2024-05-30T11:25:57.750+0000] {logging_mixin.py:188} INFO - [2024-05-30T11:25:57.750+0000] {dag.py:3047} INFO - Sync 2 DAGs
[2024-05-30T11:25:57.780+0000] {logging_mixin.py:188} INFO - [2024-05-30T11:25:57.780+0000] {dag.py:3834} INFO - Setting next_dagrun for example_xcom_args to None, run_after=None
[2024-05-30T11:25:57.787+0000] {logging_mixin.py:188} INFO - [2024-05-30T11:25:57.787+0000] {dag.py:3834} INFO - Setting next_dagrun for example_xcom_args_with_operators to None, run_after=None
[2024-05-30T11:25:57.822+0000] {processor.py:183} INFO - Processing /home/airflow/.local/lib/python3.8/site-packages/airflow/example_dags/example_xcomargs.py took 0.149 seconds
[2024-05-30T11:26:28.330+0000] {processor.py:161} INFO - Started process (PID=1273) to work on /home/airflow/.local/lib/python3.8/site-packages/airflow/example_dags/example_xcomargs.py
[2024-05-30T11:26:28.334+0000] {processor.py:830} INFO - Processing file /home/airflow/.local/lib/python3.8/site-packages/airflow/example_dags/example_xcomargs.py for tasks to queue
[2024-05-30T11:26:28.338+0000] {logging_mixin.py:188} INFO - [2024-05-30T11:26:28.338+0000] {dagbag.py:540} INFO - Filling up the DagBag from /home/airflow/.local/lib/python3.8/site-packages/airflow/example_dags/example_xcomargs.py
[2024-05-30T11:26:28.359+0000] {processor.py:840} INFO - DAG(s) 'example_xcom_args_with_operators', 'example_xcom_args' retrieved from /home/airflow/.local/lib/python3.8/site-packages/airflow/example_dags/example_xcomargs.py
[2024-05-30T11:26:28.406+0000] {logging_mixin.py:188} INFO - [2024-05-30T11:26:28.405+0000] {dag.py:3047} INFO - Sync 2 DAGs
[2024-05-30T11:26:28.430+0000] {logging_mixin.py:188} INFO - [2024-05-30T11:26:28.430+0000] {dag.py:3834} INFO - Setting next_dagrun for example_xcom_args to None, run_after=None
[2024-05-30T11:26:28.448+0000] {logging_mixin.py:188} INFO - [2024-05-30T11:26:28.447+0000] {dag.py:3834} INFO - Setting next_dagrun for example_xcom_args_with_operators to None, run_after=None
[2024-05-30T11:26:28.510+0000] {processor.py:183} INFO - Processing /home/airflow/.local/lib/python3.8/site-packages/airflow/example_dags/example_xcomargs.py took 0.186 seconds
[2024-05-30T11:26:59.347+0000] {processor.py:161} INFO - Started process (PID=1330) to work on /home/airflow/.local/lib/python3.8/site-packages/airflow/example_dags/example_xcomargs.py
[2024-05-30T11:26:59.348+0000] {processor.py:830} INFO - Processing file /home/airflow/.local/lib/python3.8/site-packages/airflow/example_dags/example_xcomargs.py for tasks to queue
[2024-05-30T11:26:59.351+0000] {logging_mixin.py:188} INFO - [2024-05-30T11:26:59.350+0000] {dagbag.py:540} INFO - Filling up the DagBag from /home/airflow/.local/lib/python3.8/site-packages/airflow/example_dags/example_xcomargs.py
[2024-05-30T11:26:59.368+0000] {processor.py:840} INFO - DAG(s) 'example_xcom_args', 'example_xcom_args_with_operators' retrieved from /home/airflow/.local/lib/python3.8/site-packages/airflow/example_dags/example_xcomargs.py
[2024-05-30T11:26:59.415+0000] {logging_mixin.py:188} INFO - [2024-05-30T11:26:59.414+0000] {dag.py:3047} INFO - Sync 2 DAGs
[2024-05-30T11:26:59.436+0000] {logging_mixin.py:188} INFO - [2024-05-30T11:26:59.436+0000] {dag.py:3834} INFO - Setting next_dagrun for example_xcom_args to None, run_after=None
[2024-05-30T11:26:59.442+0000] {logging_mixin.py:188} INFO - [2024-05-30T11:26:59.442+0000] {dag.py:3834} INFO - Setting next_dagrun for example_xcom_args_with_operators to None, run_after=None
[2024-05-30T11:26:59.471+0000] {processor.py:183} INFO - Processing /home/airflow/.local/lib/python3.8/site-packages/airflow/example_dags/example_xcomargs.py took 0.127 seconds
[2024-05-30T11:27:30.087+0000] {processor.py:161} INFO - Started process (PID=1387) to work on /home/airflow/.local/lib/python3.8/site-packages/airflow/example_dags/example_xcomargs.py
[2024-05-30T11:27:30.089+0000] {processor.py:830} INFO - Processing file /home/airflow/.local/lib/python3.8/site-packages/airflow/example_dags/example_xcomargs.py for tasks to queue
[2024-05-30T11:27:30.092+0000] {logging_mixin.py:188} INFO - [2024-05-30T11:27:30.091+0000] {dagbag.py:540} INFO - Filling up the DagBag from /home/airflow/.local/lib/python3.8/site-packages/airflow/example_dags/example_xcomargs.py
[2024-05-30T11:27:30.104+0000] {processor.py:840} INFO - DAG(s) 'example_xcom_args', 'example_xcom_args_with_operators' retrieved from /home/airflow/.local/lib/python3.8/site-packages/airflow/example_dags/example_xcomargs.py
[2024-05-30T11:27:30.147+0000] {logging_mixin.py:188} INFO - [2024-05-30T11:27:30.146+0000] {dag.py:3047} INFO - Sync 2 DAGs
[2024-05-30T11:27:30.176+0000] {logging_mixin.py:188} INFO - [2024-05-30T11:27:30.175+0000] {dag.py:3834} INFO - Setting next_dagrun for example_xcom_args to None, run_after=None
[2024-05-30T11:27:30.182+0000] {logging_mixin.py:188} INFO - [2024-05-30T11:27:30.182+0000] {dag.py:3834} INFO - Setting next_dagrun for example_xcom_args_with_operators to None, run_after=None
[2024-05-30T11:27:30.214+0000] {processor.py:183} INFO - Processing /home/airflow/.local/lib/python3.8/site-packages/airflow/example_dags/example_xcomargs.py took 0.131 seconds
[2024-05-30T11:28:00.302+0000] {processor.py:161} INFO - Started process (PID=1443) to work on /home/airflow/.local/lib/python3.8/site-packages/airflow/example_dags/example_xcomargs.py
[2024-05-30T11:28:00.305+0000] {processor.py:830} INFO - Processing file /home/airflow/.local/lib/python3.8/site-packages/airflow/example_dags/example_xcomargs.py for tasks to queue
[2024-05-30T11:28:00.308+0000] {logging_mixin.py:188} INFO - [2024-05-30T11:28:00.308+0000] {dagbag.py:540} INFO - Filling up the DagBag from /home/airflow/.local/lib/python3.8/site-packages/airflow/example_dags/example_xcomargs.py
[2024-05-30T11:28:00.327+0000] {processor.py:840} INFO - DAG(s) 'example_xcom_args', 'example_xcom_args_with_operators' retrieved from /home/airflow/.local/lib/python3.8/site-packages/airflow/example_dags/example_xcomargs.py
[2024-05-30T11:28:00.378+0000] {logging_mixin.py:188} INFO - [2024-05-30T11:28:00.378+0000] {dag.py:3047} INFO - Sync 2 DAGs
[2024-05-30T11:28:00.407+0000] {logging_mixin.py:188} INFO - [2024-05-30T11:28:00.406+0000] {dag.py:3834} INFO - Setting next_dagrun for example_xcom_args to None, run_after=None
[2024-05-30T11:28:00.417+0000] {logging_mixin.py:188} INFO - [2024-05-30T11:28:00.415+0000] {dag.py:3834} INFO - Setting next_dagrun for example_xcom_args_with_operators to None, run_after=None
[2024-05-30T11:28:00.453+0000] {processor.py:183} INFO - Processing /home/airflow/.local/lib/python3.8/site-packages/airflow/example_dags/example_xcomargs.py took 0.157 seconds
[2024-05-30T11:28:30.774+0000] {processor.py:161} INFO - Started process (PID=1500) to work on /home/airflow/.local/lib/python3.8/site-packages/airflow/example_dags/example_xcomargs.py
[2024-05-30T11:28:30.775+0000] {processor.py:830} INFO - Processing file /home/airflow/.local/lib/python3.8/site-packages/airflow/example_dags/example_xcomargs.py for tasks to queue
[2024-05-30T11:28:30.778+0000] {logging_mixin.py:188} INFO - [2024-05-30T11:28:30.777+0000] {dagbag.py:540} INFO - Filling up the DagBag from /home/airflow/.local/lib/python3.8/site-packages/airflow/example_dags/example_xcomargs.py
[2024-05-30T11:28:30.787+0000] {processor.py:840} INFO - DAG(s) 'example_xcom_args_with_operators', 'example_xcom_args' retrieved from /home/airflow/.local/lib/python3.8/site-packages/airflow/example_dags/example_xcomargs.py
[2024-05-30T11:28:30.820+0000] {logging_mixin.py:188} INFO - [2024-05-30T11:28:30.820+0000] {dag.py:3047} INFO - Sync 2 DAGs
[2024-05-30T11:28:30.839+0000] {logging_mixin.py:188} INFO - [2024-05-30T11:28:30.838+0000] {dag.py:3834} INFO - Setting next_dagrun for example_xcom_args to None, run_after=None
[2024-05-30T11:28:30.844+0000] {logging_mixin.py:188} INFO - [2024-05-30T11:28:30.844+0000] {dag.py:3834} INFO - Setting next_dagrun for example_xcom_args_with_operators to None, run_after=None
[2024-05-30T11:28:30.870+0000] {processor.py:183} INFO - Processing /home/airflow/.local/lib/python3.8/site-packages/airflow/example_dags/example_xcomargs.py took 0.100 seconds
[2024-05-30T11:29:01.250+0000] {processor.py:161} INFO - Started process (PID=1557) to work on /home/airflow/.local/lib/python3.8/site-packages/airflow/example_dags/example_xcomargs.py
[2024-05-30T11:29:01.251+0000] {processor.py:830} INFO - Processing file /home/airflow/.local/lib/python3.8/site-packages/airflow/example_dags/example_xcomargs.py for tasks to queue
[2024-05-30T11:29:01.254+0000] {logging_mixin.py:188} INFO - [2024-05-30T11:29:01.254+0000] {dagbag.py:540} INFO - Filling up the DagBag from /home/airflow/.local/lib/python3.8/site-packages/airflow/example_dags/example_xcomargs.py
[2024-05-30T11:29:01.268+0000] {processor.py:840} INFO - DAG(s) 'example_xcom_args', 'example_xcom_args_with_operators' retrieved from /home/airflow/.local/lib/python3.8/site-packages/airflow/example_dags/example_xcomargs.py
[2024-05-30T11:29:01.304+0000] {logging_mixin.py:188} INFO - [2024-05-30T11:29:01.304+0000] {dag.py:3047} INFO - Sync 2 DAGs
[2024-05-30T11:29:01.327+0000] {logging_mixin.py:188} INFO - [2024-05-30T11:29:01.326+0000] {dag.py:3834} INFO - Setting next_dagrun for example_xcom_args to None, run_after=None
[2024-05-30T11:29:01.333+0000] {logging_mixin.py:188} INFO - [2024-05-30T11:29:01.332+0000] {dag.py:3834} INFO - Setting next_dagrun for example_xcom_args_with_operators to None, run_after=None
[2024-05-30T11:29:01.363+0000] {processor.py:183} INFO - Processing /home/airflow/.local/lib/python3.8/site-packages/airflow/example_dags/example_xcomargs.py took 0.118 seconds
[2024-05-30T11:29:31.575+0000] {processor.py:161} INFO - Started process (PID=1614) to work on /home/airflow/.local/lib/python3.8/site-packages/airflow/example_dags/example_xcomargs.py
[2024-05-30T11:29:31.577+0000] {processor.py:830} INFO - Processing file /home/airflow/.local/lib/python3.8/site-packages/airflow/example_dags/example_xcomargs.py for tasks to queue
[2024-05-30T11:29:31.580+0000] {logging_mixin.py:188} INFO - [2024-05-30T11:29:31.579+0000] {dagbag.py:540} INFO - Filling up the DagBag from /home/airflow/.local/lib/python3.8/site-packages/airflow/example_dags/example_xcomargs.py
[2024-05-30T11:29:31.592+0000] {processor.py:840} INFO - DAG(s) 'example_xcom_args', 'example_xcom_args_with_operators' retrieved from /home/airflow/.local/lib/python3.8/site-packages/airflow/example_dags/example_xcomargs.py
[2024-05-30T11:29:31.644+0000] {logging_mixin.py:188} INFO - [2024-05-30T11:29:31.644+0000] {dag.py:3047} INFO - Sync 2 DAGs
[2024-05-30T11:29:31.663+0000] {logging_mixin.py:188} INFO - [2024-05-30T11:29:31.662+0000] {dag.py:3834} INFO - Setting next_dagrun for example_xcom_args to None, run_after=None
[2024-05-30T11:29:31.668+0000] {logging_mixin.py:188} INFO - [2024-05-30T11:29:31.668+0000] {dag.py:3834} INFO - Setting next_dagrun for example_xcom_args_with_operators to None, run_after=None
[2024-05-30T11:29:31.693+0000] {processor.py:183} INFO - Processing /home/airflow/.local/lib/python3.8/site-packages/airflow/example_dags/example_xcomargs.py took 0.121 seconds
[2024-05-30T11:30:01.983+0000] {processor.py:161} INFO - Started process (PID=1671) to work on /home/airflow/.local/lib/python3.8/site-packages/airflow/example_dags/example_xcomargs.py
[2024-05-30T11:30:01.984+0000] {processor.py:830} INFO - Processing file /home/airflow/.local/lib/python3.8/site-packages/airflow/example_dags/example_xcomargs.py for tasks to queue
[2024-05-30T11:30:01.988+0000] {logging_mixin.py:188} INFO - [2024-05-30T11:30:01.987+0000] {dagbag.py:540} INFO - Filling up the DagBag from /home/airflow/.local/lib/python3.8/site-packages/airflow/example_dags/example_xcomargs.py
[2024-05-30T11:30:01.998+0000] {processor.py:840} INFO - DAG(s) 'example_xcom_args', 'example_xcom_args_with_operators' retrieved from /home/airflow/.local/lib/python3.8/site-packages/airflow/example_dags/example_xcomargs.py
[2024-05-30T11:30:02.030+0000] {logging_mixin.py:188} INFO - [2024-05-30T11:30:02.030+0000] {dag.py:3047} INFO - Sync 2 DAGs
[2024-05-30T11:30:02.052+0000] {logging_mixin.py:188} INFO - [2024-05-30T11:30:02.051+0000] {dag.py:3834} INFO - Setting next_dagrun for example_xcom_args to None, run_after=None
[2024-05-30T11:30:02.062+0000] {logging_mixin.py:188} INFO - [2024-05-30T11:30:02.061+0000] {dag.py:3834} INFO - Setting next_dagrun for example_xcom_args_with_operators to None, run_after=None
[2024-05-30T11:30:02.095+0000] {processor.py:183} INFO - Processing /home/airflow/.local/lib/python3.8/site-packages/airflow/example_dags/example_xcomargs.py took 0.115 seconds
[2024-05-30T11:30:32.221+0000] {processor.py:161} INFO - Started process (PID=1728) to work on /home/airflow/.local/lib/python3.8/site-packages/airflow/example_dags/example_xcomargs.py
[2024-05-30T11:30:32.222+0000] {processor.py:830} INFO - Processing file /home/airflow/.local/lib/python3.8/site-packages/airflow/example_dags/example_xcomargs.py for tasks to queue
[2024-05-30T11:30:32.224+0000] {logging_mixin.py:188} INFO - [2024-05-30T11:30:32.224+0000] {dagbag.py:540} INFO - Filling up the DagBag from /home/airflow/.local/lib/python3.8/site-packages/airflow/example_dags/example_xcomargs.py
[2024-05-30T11:30:32.233+0000] {processor.py:840} INFO - DAG(s) 'example_xcom_args_with_operators', 'example_xcom_args' retrieved from /home/airflow/.local/lib/python3.8/site-packages/airflow/example_dags/example_xcomargs.py
[2024-05-30T11:30:32.262+0000] {logging_mixin.py:188} INFO - [2024-05-30T11:30:32.262+0000] {dag.py:3047} INFO - Sync 2 DAGs
[2024-05-30T11:30:32.278+0000] {logging_mixin.py:188} INFO - [2024-05-30T11:30:32.277+0000] {dag.py:3834} INFO - Setting next_dagrun for example_xcom_args to None, run_after=None
[2024-05-30T11:30:32.283+0000] {logging_mixin.py:188} INFO - [2024-05-30T11:30:32.282+0000] {dag.py:3834} INFO - Setting next_dagrun for example_xcom_args_with_operators to None, run_after=None
[2024-05-30T11:30:32.305+0000] {processor.py:183} INFO - Processing /home/airflow/.local/lib/python3.8/site-packages/airflow/example_dags/example_xcomargs.py took 0.086 seconds
[2024-05-30T11:31:03.176+0000] {processor.py:161} INFO - Started process (PID=1785) to work on /home/airflow/.local/lib/python3.8/site-packages/airflow/example_dags/example_xcomargs.py
[2024-05-30T11:31:03.180+0000] {processor.py:830} INFO - Processing file /home/airflow/.local/lib/python3.8/site-packages/airflow/example_dags/example_xcomargs.py for tasks to queue
[2024-05-30T11:31:03.183+0000] {logging_mixin.py:188} INFO - [2024-05-30T11:31:03.182+0000] {dagbag.py:540} INFO - Filling up the DagBag from /home/airflow/.local/lib/python3.8/site-packages/airflow/example_dags/example_xcomargs.py
[2024-05-30T11:31:03.205+0000] {processor.py:840} INFO - DAG(s) 'example_xcom_args_with_operators', 'example_xcom_args' retrieved from /home/airflow/.local/lib/python3.8/site-packages/airflow/example_dags/example_xcomargs.py
[2024-05-30T11:31:03.266+0000] {logging_mixin.py:188} INFO - [2024-05-30T11:31:03.266+0000] {dag.py:3047} INFO - Sync 2 DAGs
[2024-05-30T11:31:03.288+0000] {logging_mixin.py:188} INFO - [2024-05-30T11:31:03.288+0000] {dag.py:3834} INFO - Setting next_dagrun for example_xcom_args to None, run_after=None
[2024-05-30T11:31:03.304+0000] {logging_mixin.py:188} INFO - [2024-05-30T11:31:03.304+0000] {dag.py:3834} INFO - Setting next_dagrun for example_xcom_args_with_operators to None, run_after=None
[2024-05-30T11:31:03.348+0000] {processor.py:183} INFO - Processing /home/airflow/.local/lib/python3.8/site-packages/airflow/example_dags/example_xcomargs.py took 0.178 seconds
[2024-05-30T11:31:34.077+0000] {processor.py:161} INFO - Started process (PID=1842) to work on /home/airflow/.local/lib/python3.8/site-packages/airflow/example_dags/example_xcomargs.py
[2024-05-30T11:31:34.079+0000] {processor.py:830} INFO - Processing file /home/airflow/.local/lib/python3.8/site-packages/airflow/example_dags/example_xcomargs.py for tasks to queue
[2024-05-30T11:31:34.083+0000] {logging_mixin.py:188} INFO - [2024-05-30T11:31:34.082+0000] {dagbag.py:540} INFO - Filling up the DagBag from /home/airflow/.local/lib/python3.8/site-packages/airflow/example_dags/example_xcomargs.py
[2024-05-30T11:31:34.111+0000] {processor.py:840} INFO - DAG(s) 'example_xcom_args', 'example_xcom_args_with_operators' retrieved from /home/airflow/.local/lib/python3.8/site-packages/airflow/example_dags/example_xcomargs.py
[2024-05-30T11:31:34.187+0000] {logging_mixin.py:188} INFO - [2024-05-30T11:31:34.187+0000] {dag.py:3047} INFO - Sync 2 DAGs
[2024-05-30T11:31:34.226+0000] {logging_mixin.py:188} INFO - [2024-05-30T11:31:34.226+0000] {dag.py:3834} INFO - Setting next_dagrun for example_xcom_args to None, run_after=None
[2024-05-30T11:31:34.240+0000] {logging_mixin.py:188} INFO - [2024-05-30T11:31:34.239+0000] {dag.py:3834} INFO - Setting next_dagrun for example_xcom_args_with_operators to None, run_after=None
[2024-05-30T11:31:34.291+0000] {processor.py:183} INFO - Processing /home/airflow/.local/lib/python3.8/site-packages/airflow/example_dags/example_xcomargs.py took 0.227 seconds
