[2024-05-30T11:15:39.212+0000] {processor.py:161} INFO - Started process (PID=47) to work on /home/airflow/.local/lib/python3.8/site-packages/airflow/example_dags/example_sensor_decorator.py
[2024-05-30T11:15:39.213+0000] {processor.py:830} INFO - Processing file /home/airflow/.local/lib/python3.8/site-packages/airflow/example_dags/example_sensor_decorator.py for tasks to queue
[2024-05-30T11:15:39.217+0000] {logging_mixin.py:188} INFO - [2024-05-30T11:15:39.216+0000] {dagbag.py:540} INFO - Filling up the DagBag from /home/airflow/.local/lib/python3.8/site-packages/airflow/example_dags/example_sensor_decorator.py
[2024-05-30T11:15:39.227+0000] {processor.py:840} INFO - DAG(s) 'example_sensor_decorator' retrieved from /home/airflow/.local/lib/python3.8/site-packages/airflow/example_dags/example_sensor_decorator.py
[2024-05-30T11:15:39.275+0000] {logging_mixin.py:188} INFO - [2024-05-30T11:15:39.274+0000] {dag.py:3047} INFO - Sync 1 DAGs
[2024-05-30T11:15:39.305+0000] {logging_mixin.py:188} INFO - [2024-05-30T11:15:39.304+0000] {dag.py:3834} INFO - Setting next_dagrun for example_sensor_decorator to None, run_after=None
[2024-05-30T11:15:39.358+0000] {processor.py:183} INFO - Processing /home/airflow/.local/lib/python3.8/site-packages/airflow/example_dags/example_sensor_decorator.py took 0.150 seconds
[2024-05-30T11:16:09.993+0000] {processor.py:161} INFO - Started process (PID=104) to work on /home/airflow/.local/lib/python3.8/site-packages/airflow/example_dags/example_sensor_decorator.py
[2024-05-30T11:16:09.995+0000] {processor.py:830} INFO - Processing file /home/airflow/.local/lib/python3.8/site-packages/airflow/example_dags/example_sensor_decorator.py for tasks to queue
[2024-05-30T11:16:09.998+0000] {logging_mixin.py:188} INFO - [2024-05-30T11:16:09.997+0000] {dagbag.py:540} INFO - Filling up the DagBag from /home/airflow/.local/lib/python3.8/site-packages/airflow/example_dags/example_sensor_decorator.py
[2024-05-30T11:16:10.008+0000] {processor.py:840} INFO - DAG(s) 'example_sensor_decorator' retrieved from /home/airflow/.local/lib/python3.8/site-packages/airflow/example_dags/example_sensor_decorator.py
[2024-05-30T11:16:10.053+0000] {logging_mixin.py:188} INFO - [2024-05-30T11:16:10.048+0000] {dag.py:3047} INFO - Sync 1 DAGs
[2024-05-30T11:16:10.090+0000] {logging_mixin.py:188} INFO - [2024-05-30T11:16:10.089+0000] {dag.py:3834} INFO - Setting next_dagrun for example_sensor_decorator to None, run_after=None
[2024-05-30T11:16:10.137+0000] {processor.py:183} INFO - Processing /home/airflow/.local/lib/python3.8/site-packages/airflow/example_dags/example_sensor_decorator.py took 0.147 seconds
[2024-05-30T11:16:40.852+0000] {processor.py:161} INFO - Started process (PID=161) to work on /home/airflow/.local/lib/python3.8/site-packages/airflow/example_dags/example_sensor_decorator.py
[2024-05-30T11:16:40.853+0000] {processor.py:830} INFO - Processing file /home/airflow/.local/lib/python3.8/site-packages/airflow/example_dags/example_sensor_decorator.py for tasks to queue
[2024-05-30T11:16:40.857+0000] {logging_mixin.py:188} INFO - [2024-05-30T11:16:40.856+0000] {dagbag.py:540} INFO - Filling up the DagBag from /home/airflow/.local/lib/python3.8/site-packages/airflow/example_dags/example_sensor_decorator.py
[2024-05-30T11:16:40.873+0000] {processor.py:840} INFO - DAG(s) 'example_sensor_decorator' retrieved from /home/airflow/.local/lib/python3.8/site-packages/airflow/example_dags/example_sensor_decorator.py
[2024-05-30T11:16:40.936+0000] {logging_mixin.py:188} INFO - [2024-05-30T11:16:40.936+0000] {dag.py:3047} INFO - Sync 1 DAGs
[2024-05-30T11:16:40.970+0000] {logging_mixin.py:188} INFO - [2024-05-30T11:16:40.969+0000] {dag.py:3834} INFO - Setting next_dagrun for example_sensor_decorator to None, run_after=None
[2024-05-30T11:16:41.010+0000] {processor.py:183} INFO - Processing /home/airflow/.local/lib/python3.8/site-packages/airflow/example_dags/example_sensor_decorator.py took 0.167 seconds
[2024-05-30T11:17:11.404+0000] {processor.py:161} INFO - Started process (PID=216) to work on /home/airflow/.local/lib/python3.8/site-packages/airflow/example_dags/example_sensor_decorator.py
[2024-05-30T11:17:11.405+0000] {processor.py:830} INFO - Processing file /home/airflow/.local/lib/python3.8/site-packages/airflow/example_dags/example_sensor_decorator.py for tasks to queue
[2024-05-30T11:17:11.408+0000] {logging_mixin.py:188} INFO - [2024-05-30T11:17:11.408+0000] {dagbag.py:540} INFO - Filling up the DagBag from /home/airflow/.local/lib/python3.8/site-packages/airflow/example_dags/example_sensor_decorator.py
[2024-05-30T11:17:11.419+0000] {processor.py:840} INFO - DAG(s) 'example_sensor_decorator' retrieved from /home/airflow/.local/lib/python3.8/site-packages/airflow/example_dags/example_sensor_decorator.py
[2024-05-30T11:17:11.449+0000] {logging_mixin.py:188} INFO - [2024-05-30T11:17:11.449+0000] {dag.py:3047} INFO - Sync 1 DAGs
[2024-05-30T11:17:11.472+0000] {logging_mixin.py:188} INFO - [2024-05-30T11:17:11.472+0000] {dag.py:3834} INFO - Setting next_dagrun for example_sensor_decorator to None, run_after=None
[2024-05-30T11:17:11.507+0000] {processor.py:183} INFO - Processing /home/airflow/.local/lib/python3.8/site-packages/airflow/example_dags/example_sensor_decorator.py took 0.107 seconds
[2024-05-30T11:17:41.584+0000] {processor.py:161} INFO - Started process (PID=273) to work on /home/airflow/.local/lib/python3.8/site-packages/airflow/example_dags/example_sensor_decorator.py
[2024-05-30T11:17:41.586+0000] {processor.py:830} INFO - Processing file /home/airflow/.local/lib/python3.8/site-packages/airflow/example_dags/example_sensor_decorator.py for tasks to queue
[2024-05-30T11:17:41.588+0000] {logging_mixin.py:188} INFO - [2024-05-30T11:17:41.588+0000] {dagbag.py:540} INFO - Filling up the DagBag from /home/airflow/.local/lib/python3.8/site-packages/airflow/example_dags/example_sensor_decorator.py
[2024-05-30T11:17:41.594+0000] {processor.py:840} INFO - DAG(s) 'example_sensor_decorator' retrieved from /home/airflow/.local/lib/python3.8/site-packages/airflow/example_dags/example_sensor_decorator.py
[2024-05-30T11:17:41.616+0000] {logging_mixin.py:188} INFO - [2024-05-30T11:17:41.615+0000] {dag.py:3047} INFO - Sync 1 DAGs
[2024-05-30T11:17:41.633+0000] {logging_mixin.py:188} INFO - [2024-05-30T11:17:41.632+0000] {dag.py:3834} INFO - Setting next_dagrun for example_sensor_decorator to None, run_after=None
[2024-05-30T11:17:41.659+0000] {processor.py:183} INFO - Processing /home/airflow/.local/lib/python3.8/site-packages/airflow/example_dags/example_sensor_decorator.py took 0.079 seconds
[2024-05-30T11:18:12.058+0000] {processor.py:161} INFO - Started process (PID=330) to work on /home/airflow/.local/lib/python3.8/site-packages/airflow/example_dags/example_sensor_decorator.py
[2024-05-30T11:18:12.059+0000] {processor.py:830} INFO - Processing file /home/airflow/.local/lib/python3.8/site-packages/airflow/example_dags/example_sensor_decorator.py for tasks to queue
[2024-05-30T11:18:12.061+0000] {logging_mixin.py:188} INFO - [2024-05-30T11:18:12.061+0000] {dagbag.py:540} INFO - Filling up the DagBag from /home/airflow/.local/lib/python3.8/site-packages/airflow/example_dags/example_sensor_decorator.py
[2024-05-30T11:18:12.067+0000] {processor.py:840} INFO - DAG(s) 'example_sensor_decorator' retrieved from /home/airflow/.local/lib/python3.8/site-packages/airflow/example_dags/example_sensor_decorator.py
[2024-05-30T11:18:12.089+0000] {logging_mixin.py:188} INFO - [2024-05-30T11:18:12.089+0000] {dag.py:3047} INFO - Sync 1 DAGs
[2024-05-30T11:18:12.104+0000] {logging_mixin.py:188} INFO - [2024-05-30T11:18:12.104+0000] {dag.py:3834} INFO - Setting next_dagrun for example_sensor_decorator to None, run_after=None
[2024-05-30T11:18:12.129+0000] {processor.py:183} INFO - Processing /home/airflow/.local/lib/python3.8/site-packages/airflow/example_dags/example_sensor_decorator.py took 0.073 seconds
[2024-05-30T11:18:42.369+0000] {processor.py:161} INFO - Started process (PID=387) to work on /home/airflow/.local/lib/python3.8/site-packages/airflow/example_dags/example_sensor_decorator.py
[2024-05-30T11:18:42.370+0000] {processor.py:830} INFO - Processing file /home/airflow/.local/lib/python3.8/site-packages/airflow/example_dags/example_sensor_decorator.py for tasks to queue
[2024-05-30T11:18:42.372+0000] {logging_mixin.py:188} INFO - [2024-05-30T11:18:42.371+0000] {dagbag.py:540} INFO - Filling up the DagBag from /home/airflow/.local/lib/python3.8/site-packages/airflow/example_dags/example_sensor_decorator.py
[2024-05-30T11:18:42.378+0000] {processor.py:840} INFO - DAG(s) 'example_sensor_decorator' retrieved from /home/airflow/.local/lib/python3.8/site-packages/airflow/example_dags/example_sensor_decorator.py
[2024-05-30T11:18:42.404+0000] {logging_mixin.py:188} INFO - [2024-05-30T11:18:42.403+0000] {dag.py:3047} INFO - Sync 1 DAGs
[2024-05-30T11:18:42.434+0000] {logging_mixin.py:188} INFO - [2024-05-30T11:18:42.434+0000] {dag.py:3834} INFO - Setting next_dagrun for example_sensor_decorator to None, run_after=None
[2024-05-30T11:18:42.470+0000] {processor.py:183} INFO - Processing /home/airflow/.local/lib/python3.8/site-packages/airflow/example_dags/example_sensor_decorator.py took 0.104 seconds
[2024-05-30T11:19:12.844+0000] {processor.py:161} INFO - Started process (PID=444) to work on /home/airflow/.local/lib/python3.8/site-packages/airflow/example_dags/example_sensor_decorator.py
[2024-05-30T11:19:12.845+0000] {processor.py:830} INFO - Processing file /home/airflow/.local/lib/python3.8/site-packages/airflow/example_dags/example_sensor_decorator.py for tasks to queue
[2024-05-30T11:19:12.847+0000] {logging_mixin.py:188} INFO - [2024-05-30T11:19:12.847+0000] {dagbag.py:540} INFO - Filling up the DagBag from /home/airflow/.local/lib/python3.8/site-packages/airflow/example_dags/example_sensor_decorator.py
[2024-05-30T11:19:12.854+0000] {processor.py:840} INFO - DAG(s) 'example_sensor_decorator' retrieved from /home/airflow/.local/lib/python3.8/site-packages/airflow/example_dags/example_sensor_decorator.py
[2024-05-30T11:19:12.878+0000] {logging_mixin.py:188} INFO - [2024-05-30T11:19:12.878+0000] {dag.py:3047} INFO - Sync 1 DAGs
[2024-05-30T11:19:12.898+0000] {logging_mixin.py:188} INFO - [2024-05-30T11:19:12.898+0000] {dag.py:3834} INFO - Setting next_dagrun for example_sensor_decorator to None, run_after=None
[2024-05-30T11:19:12.942+0000] {processor.py:183} INFO - Processing /home/airflow/.local/lib/python3.8/site-packages/airflow/example_dags/example_sensor_decorator.py took 0.101 seconds
[2024-05-30T11:19:43.400+0000] {processor.py:161} INFO - Started process (PID=501) to work on /home/airflow/.local/lib/python3.8/site-packages/airflow/example_dags/example_sensor_decorator.py
[2024-05-30T11:19:43.402+0000] {processor.py:830} INFO - Processing file /home/airflow/.local/lib/python3.8/site-packages/airflow/example_dags/example_sensor_decorator.py for tasks to queue
[2024-05-30T11:19:43.404+0000] {logging_mixin.py:188} INFO - [2024-05-30T11:19:43.403+0000] {dagbag.py:540} INFO - Filling up the DagBag from /home/airflow/.local/lib/python3.8/site-packages/airflow/example_dags/example_sensor_decorator.py
[2024-05-30T11:19:43.409+0000] {processor.py:840} INFO - DAG(s) 'example_sensor_decorator' retrieved from /home/airflow/.local/lib/python3.8/site-packages/airflow/example_dags/example_sensor_decorator.py
[2024-05-30T11:19:43.430+0000] {logging_mixin.py:188} INFO - [2024-05-30T11:19:43.429+0000] {dag.py:3047} INFO - Sync 1 DAGs
[2024-05-30T11:19:43.444+0000] {logging_mixin.py:188} INFO - [2024-05-30T11:19:43.444+0000] {dag.py:3834} INFO - Setting next_dagrun for example_sensor_decorator to None, run_after=None
[2024-05-30T11:19:43.472+0000] {processor.py:183} INFO - Processing /home/airflow/.local/lib/python3.8/site-packages/airflow/example_dags/example_sensor_decorator.py took 0.074 seconds
[2024-05-30T11:20:14.025+0000] {processor.py:161} INFO - Started process (PID=558) to work on /home/airflow/.local/lib/python3.8/site-packages/airflow/example_dags/example_sensor_decorator.py
[2024-05-30T11:20:14.026+0000] {processor.py:830} INFO - Processing file /home/airflow/.local/lib/python3.8/site-packages/airflow/example_dags/example_sensor_decorator.py for tasks to queue
[2024-05-30T11:20:14.035+0000] {logging_mixin.py:188} INFO - [2024-05-30T11:20:14.034+0000] {dagbag.py:540} INFO - Filling up the DagBag from /home/airflow/.local/lib/python3.8/site-packages/airflow/example_dags/example_sensor_decorator.py
[2024-05-30T11:20:14.045+0000] {processor.py:840} INFO - DAG(s) 'example_sensor_decorator' retrieved from /home/airflow/.local/lib/python3.8/site-packages/airflow/example_dags/example_sensor_decorator.py
[2024-05-30T11:20:14.089+0000] {logging_mixin.py:188} INFO - [2024-05-30T11:20:14.089+0000] {dag.py:3047} INFO - Sync 1 DAGs
[2024-05-30T11:20:14.115+0000] {logging_mixin.py:188} INFO - [2024-05-30T11:20:14.115+0000] {dag.py:3834} INFO - Setting next_dagrun for example_sensor_decorator to None, run_after=None
[2024-05-30T11:20:14.151+0000] {processor.py:183} INFO - Processing /home/airflow/.local/lib/python3.8/site-packages/airflow/example_dags/example_sensor_decorator.py took 0.130 seconds
[2024-05-30T11:20:44.250+0000] {processor.py:161} INFO - Started process (PID=615) to work on /home/airflow/.local/lib/python3.8/site-packages/airflow/example_dags/example_sensor_decorator.py
[2024-05-30T11:20:44.251+0000] {processor.py:830} INFO - Processing file /home/airflow/.local/lib/python3.8/site-packages/airflow/example_dags/example_sensor_decorator.py for tasks to queue
[2024-05-30T11:20:44.253+0000] {logging_mixin.py:188} INFO - [2024-05-30T11:20:44.253+0000] {dagbag.py:540} INFO - Filling up the DagBag from /home/airflow/.local/lib/python3.8/site-packages/airflow/example_dags/example_sensor_decorator.py
[2024-05-30T11:20:44.259+0000] {processor.py:840} INFO - DAG(s) 'example_sensor_decorator' retrieved from /home/airflow/.local/lib/python3.8/site-packages/airflow/example_dags/example_sensor_decorator.py
[2024-05-30T11:20:44.283+0000] {logging_mixin.py:188} INFO - [2024-05-30T11:20:44.283+0000] {dag.py:3047} INFO - Sync 1 DAGs
[2024-05-30T11:20:44.298+0000] {logging_mixin.py:188} INFO - [2024-05-30T11:20:44.298+0000] {dag.py:3834} INFO - Setting next_dagrun for example_sensor_decorator to None, run_after=None
[2024-05-30T11:20:44.323+0000] {processor.py:183} INFO - Processing /home/airflow/.local/lib/python3.8/site-packages/airflow/example_dags/example_sensor_decorator.py took 0.076 seconds
[2024-05-30T11:21:14.583+0000] {processor.py:161} INFO - Started process (PID=672) to work on /home/airflow/.local/lib/python3.8/site-packages/airflow/example_dags/example_sensor_decorator.py
[2024-05-30T11:21:14.585+0000] {processor.py:830} INFO - Processing file /home/airflow/.local/lib/python3.8/site-packages/airflow/example_dags/example_sensor_decorator.py for tasks to queue
[2024-05-30T11:21:14.588+0000] {logging_mixin.py:188} INFO - [2024-05-30T11:21:14.587+0000] {dagbag.py:540} INFO - Filling up the DagBag from /home/airflow/.local/lib/python3.8/site-packages/airflow/example_dags/example_sensor_decorator.py
[2024-05-30T11:21:14.595+0000] {processor.py:840} INFO - DAG(s) 'example_sensor_decorator' retrieved from /home/airflow/.local/lib/python3.8/site-packages/airflow/example_dags/example_sensor_decorator.py
[2024-05-30T11:21:14.619+0000] {logging_mixin.py:188} INFO - [2024-05-30T11:21:14.619+0000] {dag.py:3047} INFO - Sync 1 DAGs
[2024-05-30T11:21:14.639+0000] {logging_mixin.py:188} INFO - [2024-05-30T11:21:14.638+0000] {dag.py:3834} INFO - Setting next_dagrun for example_sensor_decorator to None, run_after=None
[2024-05-30T11:21:14.672+0000] {processor.py:183} INFO - Processing /home/airflow/.local/lib/python3.8/site-packages/airflow/example_dags/example_sensor_decorator.py took 0.092 seconds
[2024-05-30T11:21:45.175+0000] {processor.py:161} INFO - Started process (PID=729) to work on /home/airflow/.local/lib/python3.8/site-packages/airflow/example_dags/example_sensor_decorator.py
[2024-05-30T11:21:45.177+0000] {processor.py:830} INFO - Processing file /home/airflow/.local/lib/python3.8/site-packages/airflow/example_dags/example_sensor_decorator.py for tasks to queue
[2024-05-30T11:21:45.181+0000] {logging_mixin.py:188} INFO - [2024-05-30T11:21:45.179+0000] {dagbag.py:540} INFO - Filling up the DagBag from /home/airflow/.local/lib/python3.8/site-packages/airflow/example_dags/example_sensor_decorator.py
[2024-05-30T11:21:45.189+0000] {processor.py:840} INFO - DAG(s) 'example_sensor_decorator' retrieved from /home/airflow/.local/lib/python3.8/site-packages/airflow/example_dags/example_sensor_decorator.py
[2024-05-30T11:21:45.223+0000] {logging_mixin.py:188} INFO - [2024-05-30T11:21:45.223+0000] {dag.py:3047} INFO - Sync 1 DAGs
[2024-05-30T11:21:45.252+0000] {logging_mixin.py:188} INFO - [2024-05-30T11:21:45.252+0000] {dag.py:3834} INFO - Setting next_dagrun for example_sensor_decorator to None, run_after=None
[2024-05-30T11:21:45.288+0000] {processor.py:183} INFO - Processing /home/airflow/.local/lib/python3.8/site-packages/airflow/example_dags/example_sensor_decorator.py took 0.117 seconds
[2024-05-30T11:22:15.406+0000] {processor.py:161} INFO - Started process (PID=786) to work on /home/airflow/.local/lib/python3.8/site-packages/airflow/example_dags/example_sensor_decorator.py
[2024-05-30T11:22:15.407+0000] {processor.py:830} INFO - Processing file /home/airflow/.local/lib/python3.8/site-packages/airflow/example_dags/example_sensor_decorator.py for tasks to queue
[2024-05-30T11:22:15.409+0000] {logging_mixin.py:188} INFO - [2024-05-30T11:22:15.409+0000] {dagbag.py:540} INFO - Filling up the DagBag from /home/airflow/.local/lib/python3.8/site-packages/airflow/example_dags/example_sensor_decorator.py
[2024-05-30T11:22:15.417+0000] {processor.py:840} INFO - DAG(s) 'example_sensor_decorator' retrieved from /home/airflow/.local/lib/python3.8/site-packages/airflow/example_dags/example_sensor_decorator.py
[2024-05-30T11:22:15.442+0000] {logging_mixin.py:188} INFO - [2024-05-30T11:22:15.442+0000] {dag.py:3047} INFO - Sync 1 DAGs
[2024-05-30T11:22:15.466+0000] {logging_mixin.py:188} INFO - [2024-05-30T11:22:15.466+0000] {dag.py:3834} INFO - Setting next_dagrun for example_sensor_decorator to None, run_after=None
[2024-05-30T11:22:15.506+0000] {processor.py:183} INFO - Processing /home/airflow/.local/lib/python3.8/site-packages/airflow/example_dags/example_sensor_decorator.py took 0.103 seconds
[2024-05-30T11:22:46.186+0000] {processor.py:161} INFO - Started process (PID=849) to work on /home/airflow/.local/lib/python3.8/site-packages/airflow/example_dags/example_sensor_decorator.py
[2024-05-30T11:22:46.187+0000] {processor.py:830} INFO - Processing file /home/airflow/.local/lib/python3.8/site-packages/airflow/example_dags/example_sensor_decorator.py for tasks to queue
[2024-05-30T11:22:46.191+0000] {logging_mixin.py:188} INFO - [2024-05-30T11:22:46.190+0000] {dagbag.py:540} INFO - Filling up the DagBag from /home/airflow/.local/lib/python3.8/site-packages/airflow/example_dags/example_sensor_decorator.py
[2024-05-30T11:22:46.198+0000] {processor.py:840} INFO - DAG(s) 'example_sensor_decorator' retrieved from /home/airflow/.local/lib/python3.8/site-packages/airflow/example_dags/example_sensor_decorator.py
[2024-05-30T11:22:46.219+0000] {logging_mixin.py:188} INFO - [2024-05-30T11:22:46.219+0000] {dag.py:3047} INFO - Sync 1 DAGs
[2024-05-30T11:22:46.251+0000] {logging_mixin.py:188} INFO - [2024-05-30T11:22:46.251+0000] {dag.py:3834} INFO - Setting next_dagrun for example_sensor_decorator to None, run_after=None
[2024-05-30T11:22:46.290+0000] {processor.py:183} INFO - Processing /home/airflow/.local/lib/python3.8/site-packages/airflow/example_dags/example_sensor_decorator.py took 0.106 seconds
[2024-05-30T11:23:16.438+0000] {processor.py:161} INFO - Started process (PID=906) to work on /home/airflow/.local/lib/python3.8/site-packages/airflow/example_dags/example_sensor_decorator.py
[2024-05-30T11:23:16.439+0000] {processor.py:830} INFO - Processing file /home/airflow/.local/lib/python3.8/site-packages/airflow/example_dags/example_sensor_decorator.py for tasks to queue
[2024-05-30T11:23:16.441+0000] {logging_mixin.py:188} INFO - [2024-05-30T11:23:16.441+0000] {dagbag.py:540} INFO - Filling up the DagBag from /home/airflow/.local/lib/python3.8/site-packages/airflow/example_dags/example_sensor_decorator.py
[2024-05-30T11:23:16.447+0000] {processor.py:840} INFO - DAG(s) 'example_sensor_decorator' retrieved from /home/airflow/.local/lib/python3.8/site-packages/airflow/example_dags/example_sensor_decorator.py
[2024-05-30T11:23:16.470+0000] {logging_mixin.py:188} INFO - [2024-05-30T11:23:16.470+0000] {dag.py:3047} INFO - Sync 1 DAGs
[2024-05-30T11:23:16.491+0000] {logging_mixin.py:188} INFO - [2024-05-30T11:23:16.490+0000] {dag.py:3834} INFO - Setting next_dagrun for example_sensor_decorator to None, run_after=None
[2024-05-30T11:23:16.520+0000] {processor.py:183} INFO - Processing /home/airflow/.local/lib/python3.8/site-packages/airflow/example_dags/example_sensor_decorator.py took 0.085 seconds
[2024-05-30T11:23:47.080+0000] {processor.py:161} INFO - Started process (PID=963) to work on /home/airflow/.local/lib/python3.8/site-packages/airflow/example_dags/example_sensor_decorator.py
[2024-05-30T11:23:47.082+0000] {processor.py:830} INFO - Processing file /home/airflow/.local/lib/python3.8/site-packages/airflow/example_dags/example_sensor_decorator.py for tasks to queue
[2024-05-30T11:23:47.086+0000] {logging_mixin.py:188} INFO - [2024-05-30T11:23:47.086+0000] {dagbag.py:540} INFO - Filling up the DagBag from /home/airflow/.local/lib/python3.8/site-packages/airflow/example_dags/example_sensor_decorator.py
[2024-05-30T11:23:47.096+0000] {processor.py:840} INFO - DAG(s) 'example_sensor_decorator' retrieved from /home/airflow/.local/lib/python3.8/site-packages/airflow/example_dags/example_sensor_decorator.py
[2024-05-30T11:23:47.147+0000] {logging_mixin.py:188} INFO - [2024-05-30T11:23:47.147+0000] {dag.py:3047} INFO - Sync 1 DAGs
[2024-05-30T11:23:47.209+0000] {logging_mixin.py:188} INFO - [2024-05-30T11:23:47.208+0000] {dag.py:3834} INFO - Setting next_dagrun for example_sensor_decorator to None, run_after=None
[2024-05-30T11:23:47.286+0000] {processor.py:183} INFO - Processing /home/airflow/.local/lib/python3.8/site-packages/airflow/example_dags/example_sensor_decorator.py took 0.210 seconds
[2024-05-30T11:24:17.448+0000] {processor.py:161} INFO - Started process (PID=1020) to work on /home/airflow/.local/lib/python3.8/site-packages/airflow/example_dags/example_sensor_decorator.py
[2024-05-30T11:24:17.450+0000] {processor.py:830} INFO - Processing file /home/airflow/.local/lib/python3.8/site-packages/airflow/example_dags/example_sensor_decorator.py for tasks to queue
[2024-05-30T11:24:17.453+0000] {logging_mixin.py:188} INFO - [2024-05-30T11:24:17.452+0000] {dagbag.py:540} INFO - Filling up the DagBag from /home/airflow/.local/lib/python3.8/site-packages/airflow/example_dags/example_sensor_decorator.py
[2024-05-30T11:24:17.468+0000] {processor.py:840} INFO - DAG(s) 'example_sensor_decorator' retrieved from /home/airflow/.local/lib/python3.8/site-packages/airflow/example_dags/example_sensor_decorator.py
[2024-05-30T11:24:17.528+0000] {logging_mixin.py:188} INFO - [2024-05-30T11:24:17.525+0000] {dag.py:3047} INFO - Sync 1 DAGs
[2024-05-30T11:24:17.580+0000] {logging_mixin.py:188} INFO - [2024-05-30T11:24:17.580+0000] {dag.py:3834} INFO - Setting next_dagrun for example_sensor_decorator to None, run_after=None
[2024-05-30T11:24:17.663+0000] {processor.py:183} INFO - Processing /home/airflow/.local/lib/python3.8/site-packages/airflow/example_dags/example_sensor_decorator.py took 0.219 seconds
[2024-05-30T11:24:47.849+0000] {processor.py:161} INFO - Started process (PID=1077) to work on /home/airflow/.local/lib/python3.8/site-packages/airflow/example_dags/example_sensor_decorator.py
[2024-05-30T11:24:47.851+0000] {processor.py:830} INFO - Processing file /home/airflow/.local/lib/python3.8/site-packages/airflow/example_dags/example_sensor_decorator.py for tasks to queue
[2024-05-30T11:24:47.854+0000] {logging_mixin.py:188} INFO - [2024-05-30T11:24:47.853+0000] {dagbag.py:540} INFO - Filling up the DagBag from /home/airflow/.local/lib/python3.8/site-packages/airflow/example_dags/example_sensor_decorator.py
[2024-05-30T11:24:47.872+0000] {processor.py:840} INFO - DAG(s) 'example_sensor_decorator' retrieved from /home/airflow/.local/lib/python3.8/site-packages/airflow/example_dags/example_sensor_decorator.py
[2024-05-30T11:24:47.925+0000] {logging_mixin.py:188} INFO - [2024-05-30T11:24:47.924+0000] {dag.py:3047} INFO - Sync 1 DAGs
[2024-05-30T11:24:47.959+0000] {logging_mixin.py:188} INFO - [2024-05-30T11:24:47.958+0000] {dag.py:3834} INFO - Setting next_dagrun for example_sensor_decorator to None, run_after=None
[2024-05-30T11:24:48.017+0000] {processor.py:183} INFO - Processing /home/airflow/.local/lib/python3.8/site-packages/airflow/example_dags/example_sensor_decorator.py took 0.172 seconds
[2024-05-30T11:25:18.258+0000] {processor.py:161} INFO - Started process (PID=1134) to work on /home/airflow/.local/lib/python3.8/site-packages/airflow/example_dags/example_sensor_decorator.py
[2024-05-30T11:25:18.260+0000] {processor.py:830} INFO - Processing file /home/airflow/.local/lib/python3.8/site-packages/airflow/example_dags/example_sensor_decorator.py for tasks to queue
[2024-05-30T11:25:18.262+0000] {logging_mixin.py:188} INFO - [2024-05-30T11:25:18.261+0000] {dagbag.py:540} INFO - Filling up the DagBag from /home/airflow/.local/lib/python3.8/site-packages/airflow/example_dags/example_sensor_decorator.py
[2024-05-30T11:25:18.268+0000] {processor.py:840} INFO - DAG(s) 'example_sensor_decorator' retrieved from /home/airflow/.local/lib/python3.8/site-packages/airflow/example_dags/example_sensor_decorator.py
[2024-05-30T11:25:18.291+0000] {logging_mixin.py:188} INFO - [2024-05-30T11:25:18.290+0000] {dag.py:3047} INFO - Sync 1 DAGs
[2024-05-30T11:25:18.307+0000] {logging_mixin.py:188} INFO - [2024-05-30T11:25:18.307+0000] {dag.py:3834} INFO - Setting next_dagrun for example_sensor_decorator to None, run_after=None
[2024-05-30T11:25:18.340+0000] {processor.py:183} INFO - Processing /home/airflow/.local/lib/python3.8/site-packages/airflow/example_dags/example_sensor_decorator.py took 0.085 seconds
[2024-05-30T11:25:48.659+0000] {processor.py:161} INFO - Started process (PID=1191) to work on /home/airflow/.local/lib/python3.8/site-packages/airflow/example_dags/example_sensor_decorator.py
[2024-05-30T11:25:48.660+0000] {processor.py:830} INFO - Processing file /home/airflow/.local/lib/python3.8/site-packages/airflow/example_dags/example_sensor_decorator.py for tasks to queue
[2024-05-30T11:25:48.663+0000] {logging_mixin.py:188} INFO - [2024-05-30T11:25:48.663+0000] {dagbag.py:540} INFO - Filling up the DagBag from /home/airflow/.local/lib/python3.8/site-packages/airflow/example_dags/example_sensor_decorator.py
[2024-05-30T11:25:48.672+0000] {processor.py:840} INFO - DAG(s) 'example_sensor_decorator' retrieved from /home/airflow/.local/lib/python3.8/site-packages/airflow/example_dags/example_sensor_decorator.py
[2024-05-30T11:25:48.697+0000] {logging_mixin.py:188} INFO - [2024-05-30T11:25:48.697+0000] {dag.py:3047} INFO - Sync 1 DAGs
[2024-05-30T11:25:48.715+0000] {logging_mixin.py:188} INFO - [2024-05-30T11:25:48.714+0000] {dag.py:3834} INFO - Setting next_dagrun for example_sensor_decorator to None, run_after=None
[2024-05-30T11:25:48.751+0000] {processor.py:183} INFO - Processing /home/airflow/.local/lib/python3.8/site-packages/airflow/example_dags/example_sensor_decorator.py took 0.096 seconds
[2024-05-30T11:26:19.331+0000] {processor.py:161} INFO - Started process (PID=1248) to work on /home/airflow/.local/lib/python3.8/site-packages/airflow/example_dags/example_sensor_decorator.py
[2024-05-30T11:26:19.332+0000] {processor.py:830} INFO - Processing file /home/airflow/.local/lib/python3.8/site-packages/airflow/example_dags/example_sensor_decorator.py for tasks to queue
[2024-05-30T11:26:19.335+0000] {logging_mixin.py:188} INFO - [2024-05-30T11:26:19.334+0000] {dagbag.py:540} INFO - Filling up the DagBag from /home/airflow/.local/lib/python3.8/site-packages/airflow/example_dags/example_sensor_decorator.py
[2024-05-30T11:26:19.344+0000] {processor.py:840} INFO - DAG(s) 'example_sensor_decorator' retrieved from /home/airflow/.local/lib/python3.8/site-packages/airflow/example_dags/example_sensor_decorator.py
[2024-05-30T11:26:19.382+0000] {logging_mixin.py:188} INFO - [2024-05-30T11:26:19.381+0000] {dag.py:3047} INFO - Sync 1 DAGs
[2024-05-30T11:26:19.453+0000] {logging_mixin.py:188} INFO - [2024-05-30T11:26:19.452+0000] {dag.py:3834} INFO - Setting next_dagrun for example_sensor_decorator to None, run_after=None
[2024-05-30T11:26:19.542+0000] {processor.py:183} INFO - Processing /home/airflow/.local/lib/python3.8/site-packages/airflow/example_dags/example_sensor_decorator.py took 0.216 seconds
[2024-05-30T11:26:49.937+0000] {processor.py:161} INFO - Started process (PID=1305) to work on /home/airflow/.local/lib/python3.8/site-packages/airflow/example_dags/example_sensor_decorator.py
[2024-05-30T11:26:49.938+0000] {processor.py:830} INFO - Processing file /home/airflow/.local/lib/python3.8/site-packages/airflow/example_dags/example_sensor_decorator.py for tasks to queue
[2024-05-30T11:26:49.941+0000] {logging_mixin.py:188} INFO - [2024-05-30T11:26:49.941+0000] {dagbag.py:540} INFO - Filling up the DagBag from /home/airflow/.local/lib/python3.8/site-packages/airflow/example_dags/example_sensor_decorator.py
[2024-05-30T11:26:49.947+0000] {processor.py:840} INFO - DAG(s) 'example_sensor_decorator' retrieved from /home/airflow/.local/lib/python3.8/site-packages/airflow/example_dags/example_sensor_decorator.py
[2024-05-30T11:26:49.973+0000] {logging_mixin.py:188} INFO - [2024-05-30T11:26:49.973+0000] {dag.py:3047} INFO - Sync 1 DAGs
[2024-05-30T11:26:49.989+0000] {logging_mixin.py:188} INFO - [2024-05-30T11:26:49.989+0000] {dag.py:3834} INFO - Setting next_dagrun for example_sensor_decorator to None, run_after=None
[2024-05-30T11:26:50.023+0000] {processor.py:183} INFO - Processing /home/airflow/.local/lib/python3.8/site-packages/airflow/example_dags/example_sensor_decorator.py took 0.090 seconds
[2024-05-30T11:27:20.254+0000] {processor.py:161} INFO - Started process (PID=1362) to work on /home/airflow/.local/lib/python3.8/site-packages/airflow/example_dags/example_sensor_decorator.py
[2024-05-30T11:27:20.256+0000] {processor.py:830} INFO - Processing file /home/airflow/.local/lib/python3.8/site-packages/airflow/example_dags/example_sensor_decorator.py for tasks to queue
[2024-05-30T11:27:20.260+0000] {logging_mixin.py:188} INFO - [2024-05-30T11:27:20.259+0000] {dagbag.py:540} INFO - Filling up the DagBag from /home/airflow/.local/lib/python3.8/site-packages/airflow/example_dags/example_sensor_decorator.py
[2024-05-30T11:27:20.276+0000] {processor.py:840} INFO - DAG(s) 'example_sensor_decorator' retrieved from /home/airflow/.local/lib/python3.8/site-packages/airflow/example_dags/example_sensor_decorator.py
[2024-05-30T11:27:20.334+0000] {logging_mixin.py:188} INFO - [2024-05-30T11:27:20.327+0000] {dag.py:3047} INFO - Sync 1 DAGs
[2024-05-30T11:27:20.390+0000] {logging_mixin.py:188} INFO - [2024-05-30T11:27:20.390+0000] {dag.py:3834} INFO - Setting next_dagrun for example_sensor_decorator to None, run_after=None
[2024-05-30T11:27:20.462+0000] {processor.py:183} INFO - Processing /home/airflow/.local/lib/python3.8/site-packages/airflow/example_dags/example_sensor_decorator.py took 0.214 seconds
[2024-05-30T11:27:50.674+0000] {processor.py:161} INFO - Started process (PID=1419) to work on /home/airflow/.local/lib/python3.8/site-packages/airflow/example_dags/example_sensor_decorator.py
[2024-05-30T11:27:50.675+0000] {processor.py:830} INFO - Processing file /home/airflow/.local/lib/python3.8/site-packages/airflow/example_dags/example_sensor_decorator.py for tasks to queue
[2024-05-30T11:27:50.677+0000] {logging_mixin.py:188} INFO - [2024-05-30T11:27:50.677+0000] {dagbag.py:540} INFO - Filling up the DagBag from /home/airflow/.local/lib/python3.8/site-packages/airflow/example_dags/example_sensor_decorator.py
[2024-05-30T11:27:50.686+0000] {processor.py:840} INFO - DAG(s) 'example_sensor_decorator' retrieved from /home/airflow/.local/lib/python3.8/site-packages/airflow/example_dags/example_sensor_decorator.py
[2024-05-30T11:27:50.711+0000] {logging_mixin.py:188} INFO - [2024-05-30T11:27:50.711+0000] {dag.py:3047} INFO - Sync 1 DAGs
[2024-05-30T11:27:50.726+0000] {logging_mixin.py:188} INFO - [2024-05-30T11:27:50.726+0000] {dag.py:3834} INFO - Setting next_dagrun for example_sensor_decorator to None, run_after=None
[2024-05-30T11:27:50.748+0000] {processor.py:183} INFO - Processing /home/airflow/.local/lib/python3.8/site-packages/airflow/example_dags/example_sensor_decorator.py took 0.078 seconds
[2024-05-30T11:28:21.001+0000] {processor.py:161} INFO - Started process (PID=1476) to work on /home/airflow/.local/lib/python3.8/site-packages/airflow/example_dags/example_sensor_decorator.py
[2024-05-30T11:28:21.004+0000] {processor.py:830} INFO - Processing file /home/airflow/.local/lib/python3.8/site-packages/airflow/example_dags/example_sensor_decorator.py for tasks to queue
[2024-05-30T11:28:21.008+0000] {logging_mixin.py:188} INFO - [2024-05-30T11:28:21.006+0000] {dagbag.py:540} INFO - Filling up the DagBag from /home/airflow/.local/lib/python3.8/site-packages/airflow/example_dags/example_sensor_decorator.py
[2024-05-30T11:28:21.021+0000] {processor.py:840} INFO - DAG(s) 'example_sensor_decorator' retrieved from /home/airflow/.local/lib/python3.8/site-packages/airflow/example_dags/example_sensor_decorator.py
[2024-05-30T11:28:21.060+0000] {logging_mixin.py:188} INFO - [2024-05-30T11:28:21.060+0000] {dag.py:3047} INFO - Sync 1 DAGs
[2024-05-30T11:28:21.088+0000] {logging_mixin.py:188} INFO - [2024-05-30T11:28:21.088+0000] {dag.py:3834} INFO - Setting next_dagrun for example_sensor_decorator to None, run_after=None
[2024-05-30T11:28:21.129+0000] {processor.py:183} INFO - Processing /home/airflow/.local/lib/python3.8/site-packages/airflow/example_dags/example_sensor_decorator.py took 0.132 seconds
[2024-05-30T11:28:51.302+0000] {processor.py:161} INFO - Started process (PID=1533) to work on /home/airflow/.local/lib/python3.8/site-packages/airflow/example_dags/example_sensor_decorator.py
[2024-05-30T11:28:51.303+0000] {processor.py:830} INFO - Processing file /home/airflow/.local/lib/python3.8/site-packages/airflow/example_dags/example_sensor_decorator.py for tasks to queue
[2024-05-30T11:28:51.306+0000] {logging_mixin.py:188} INFO - [2024-05-30T11:28:51.305+0000] {dagbag.py:540} INFO - Filling up the DagBag from /home/airflow/.local/lib/python3.8/site-packages/airflow/example_dags/example_sensor_decorator.py
[2024-05-30T11:28:51.318+0000] {processor.py:840} INFO - DAG(s) 'example_sensor_decorator' retrieved from /home/airflow/.local/lib/python3.8/site-packages/airflow/example_dags/example_sensor_decorator.py
[2024-05-30T11:28:51.356+0000] {logging_mixin.py:188} INFO - [2024-05-30T11:28:51.355+0000] {dag.py:3047} INFO - Sync 1 DAGs
[2024-05-30T11:28:51.389+0000] {logging_mixin.py:188} INFO - [2024-05-30T11:28:51.388+0000] {dag.py:3834} INFO - Setting next_dagrun for example_sensor_decorator to None, run_after=None
[2024-05-30T11:28:51.422+0000] {processor.py:183} INFO - Processing /home/airflow/.local/lib/python3.8/site-packages/airflow/example_dags/example_sensor_decorator.py took 0.126 seconds
[2024-05-30T11:29:21.709+0000] {processor.py:161} INFO - Started process (PID=1590) to work on /home/airflow/.local/lib/python3.8/site-packages/airflow/example_dags/example_sensor_decorator.py
[2024-05-30T11:29:21.711+0000] {processor.py:830} INFO - Processing file /home/airflow/.local/lib/python3.8/site-packages/airflow/example_dags/example_sensor_decorator.py for tasks to queue
[2024-05-30T11:29:21.714+0000] {logging_mixin.py:188} INFO - [2024-05-30T11:29:21.713+0000] {dagbag.py:540} INFO - Filling up the DagBag from /home/airflow/.local/lib/python3.8/site-packages/airflow/example_dags/example_sensor_decorator.py
[2024-05-30T11:29:21.730+0000] {processor.py:840} INFO - DAG(s) 'example_sensor_decorator' retrieved from /home/airflow/.local/lib/python3.8/site-packages/airflow/example_dags/example_sensor_decorator.py
[2024-05-30T11:29:21.780+0000] {logging_mixin.py:188} INFO - [2024-05-30T11:29:21.780+0000] {dag.py:3047} INFO - Sync 1 DAGs
[2024-05-30T11:29:21.802+0000] {logging_mixin.py:188} INFO - [2024-05-30T11:29:21.801+0000] {dag.py:3834} INFO - Setting next_dagrun for example_sensor_decorator to None, run_after=None
[2024-05-30T11:29:21.839+0000] {processor.py:183} INFO - Processing /home/airflow/.local/lib/python3.8/site-packages/airflow/example_dags/example_sensor_decorator.py took 0.134 seconds
[2024-05-30T11:29:51.974+0000] {processor.py:161} INFO - Started process (PID=1647) to work on /home/airflow/.local/lib/python3.8/site-packages/airflow/example_dags/example_sensor_decorator.py
[2024-05-30T11:29:51.976+0000] {processor.py:830} INFO - Processing file /home/airflow/.local/lib/python3.8/site-packages/airflow/example_dags/example_sensor_decorator.py for tasks to queue
[2024-05-30T11:29:51.979+0000] {logging_mixin.py:188} INFO - [2024-05-30T11:29:51.979+0000] {dagbag.py:540} INFO - Filling up the DagBag from /home/airflow/.local/lib/python3.8/site-packages/airflow/example_dags/example_sensor_decorator.py
[2024-05-30T11:29:51.986+0000] {processor.py:840} INFO - DAG(s) 'example_sensor_decorator' retrieved from /home/airflow/.local/lib/python3.8/site-packages/airflow/example_dags/example_sensor_decorator.py
[2024-05-30T11:29:52.019+0000] {logging_mixin.py:188} INFO - [2024-05-30T11:29:52.018+0000] {dag.py:3047} INFO - Sync 1 DAGs
[2024-05-30T11:29:52.038+0000] {logging_mixin.py:188} INFO - [2024-05-30T11:29:52.037+0000] {dag.py:3834} INFO - Setting next_dagrun for example_sensor_decorator to None, run_after=None
[2024-05-30T11:29:52.065+0000] {processor.py:183} INFO - Processing /home/airflow/.local/lib/python3.8/site-packages/airflow/example_dags/example_sensor_decorator.py took 0.095 seconds
[2024-05-30T11:30:22.105+0000] {processor.py:161} INFO - Started process (PID=1704) to work on /home/airflow/.local/lib/python3.8/site-packages/airflow/example_dags/example_sensor_decorator.py
[2024-05-30T11:30:22.107+0000] {processor.py:830} INFO - Processing file /home/airflow/.local/lib/python3.8/site-packages/airflow/example_dags/example_sensor_decorator.py for tasks to queue
[2024-05-30T11:30:22.109+0000] {logging_mixin.py:188} INFO - [2024-05-30T11:30:22.109+0000] {dagbag.py:540} INFO - Filling up the DagBag from /home/airflow/.local/lib/python3.8/site-packages/airflow/example_dags/example_sensor_decorator.py
[2024-05-30T11:30:22.116+0000] {processor.py:840} INFO - DAG(s) 'example_sensor_decorator' retrieved from /home/airflow/.local/lib/python3.8/site-packages/airflow/example_dags/example_sensor_decorator.py
[2024-05-30T11:30:22.142+0000] {logging_mixin.py:188} INFO - [2024-05-30T11:30:22.142+0000] {dag.py:3047} INFO - Sync 1 DAGs
[2024-05-30T11:30:22.158+0000] {logging_mixin.py:188} INFO - [2024-05-30T11:30:22.158+0000] {dag.py:3834} INFO - Setting next_dagrun for example_sensor_decorator to None, run_after=None
[2024-05-30T11:30:22.193+0000] {processor.py:183} INFO - Processing /home/airflow/.local/lib/python3.8/site-packages/airflow/example_dags/example_sensor_decorator.py took 0.091 seconds
[2024-05-30T11:30:52.921+0000] {processor.py:161} INFO - Started process (PID=1761) to work on /home/airflow/.local/lib/python3.8/site-packages/airflow/example_dags/example_sensor_decorator.py
[2024-05-30T11:30:52.924+0000] {processor.py:830} INFO - Processing file /home/airflow/.local/lib/python3.8/site-packages/airflow/example_dags/example_sensor_decorator.py for tasks to queue
[2024-05-30T11:30:52.929+0000] {logging_mixin.py:188} INFO - [2024-05-30T11:30:52.929+0000] {dagbag.py:540} INFO - Filling up the DagBag from /home/airflow/.local/lib/python3.8/site-packages/airflow/example_dags/example_sensor_decorator.py
[2024-05-30T11:30:52.938+0000] {processor.py:840} INFO - DAG(s) 'example_sensor_decorator' retrieved from /home/airflow/.local/lib/python3.8/site-packages/airflow/example_dags/example_sensor_decorator.py
[2024-05-30T11:30:52.967+0000] {logging_mixin.py:188} INFO - [2024-05-30T11:30:52.967+0000] {dag.py:3047} INFO - Sync 1 DAGs
[2024-05-30T11:30:52.986+0000] {logging_mixin.py:188} INFO - [2024-05-30T11:30:52.985+0000] {dag.py:3834} INFO - Setting next_dagrun for example_sensor_decorator to None, run_after=None
[2024-05-30T11:30:53.034+0000] {processor.py:183} INFO - Processing /home/airflow/.local/lib/python3.8/site-packages/airflow/example_dags/example_sensor_decorator.py took 0.118 seconds
[2024-05-30T11:31:23.274+0000] {processor.py:161} INFO - Started process (PID=1818) to work on /home/airflow/.local/lib/python3.8/site-packages/airflow/example_dags/example_sensor_decorator.py
[2024-05-30T11:31:23.275+0000] {processor.py:830} INFO - Processing file /home/airflow/.local/lib/python3.8/site-packages/airflow/example_dags/example_sensor_decorator.py for tasks to queue
[2024-05-30T11:31:23.279+0000] {logging_mixin.py:188} INFO - [2024-05-30T11:31:23.278+0000] {dagbag.py:540} INFO - Filling up the DagBag from /home/airflow/.local/lib/python3.8/site-packages/airflow/example_dags/example_sensor_decorator.py
[2024-05-30T11:31:23.299+0000] {processor.py:840} INFO - DAG(s) 'example_sensor_decorator' retrieved from /home/airflow/.local/lib/python3.8/site-packages/airflow/example_dags/example_sensor_decorator.py
[2024-05-30T11:31:23.345+0000] {logging_mixin.py:188} INFO - [2024-05-30T11:31:23.345+0000] {dag.py:3047} INFO - Sync 1 DAGs
[2024-05-30T11:31:23.387+0000] {logging_mixin.py:188} INFO - [2024-05-30T11:31:23.385+0000] {dag.py:3834} INFO - Setting next_dagrun for example_sensor_decorator to None, run_after=None
[2024-05-30T11:31:23.437+0000] {processor.py:183} INFO - Processing /home/airflow/.local/lib/python3.8/site-packages/airflow/example_dags/example_sensor_decorator.py took 0.167 seconds
[2024-05-30T11:31:53.656+0000] {processor.py:161} INFO - Started process (PID=1875) to work on /home/airflow/.local/lib/python3.8/site-packages/airflow/example_dags/example_sensor_decorator.py
[2024-05-30T11:31:53.658+0000] {processor.py:830} INFO - Processing file /home/airflow/.local/lib/python3.8/site-packages/airflow/example_dags/example_sensor_decorator.py for tasks to queue
[2024-05-30T11:31:53.661+0000] {logging_mixin.py:188} INFO - [2024-05-30T11:31:53.660+0000] {dagbag.py:540} INFO - Filling up the DagBag from /home/airflow/.local/lib/python3.8/site-packages/airflow/example_dags/example_sensor_decorator.py
[2024-05-30T11:31:53.668+0000] {processor.py:840} INFO - DAG(s) 'example_sensor_decorator' retrieved from /home/airflow/.local/lib/python3.8/site-packages/airflow/example_dags/example_sensor_decorator.py
[2024-05-30T11:31:53.705+0000] {logging_mixin.py:188} INFO - [2024-05-30T11:31:53.704+0000] {dag.py:3047} INFO - Sync 1 DAGs
[2024-05-30T11:31:53.729+0000] {logging_mixin.py:188} INFO - [2024-05-30T11:31:53.729+0000] {dag.py:3834} INFO - Setting next_dagrun for example_sensor_decorator to None, run_after=None
[2024-05-30T11:31:53.767+0000] {processor.py:183} INFO - Processing /home/airflow/.local/lib/python3.8/site-packages/airflow/example_dags/example_sensor_decorator.py took 0.114 seconds
