[2024-05-30T11:15:42.158+0000] {processor.py:161} INFO - Started process (PID=65) to work on /home/airflow/.local/lib/python3.8/site-packages/airflow/example_dags/tutorial_objectstorage.py
[2024-05-30T11:15:42.159+0000] {processor.py:830} INFO - Processing file /home/airflow/.local/lib/python3.8/site-packages/airflow/example_dags/tutorial_objectstorage.py for tasks to queue
[2024-05-30T11:15:42.162+0000] {logging_mixin.py:188} INFO - [2024-05-30T11:15:42.162+0000] {dagbag.py:540} INFO - Filling up the DagBag from /home/airflow/.local/lib/python3.8/site-packages/airflow/example_dags/tutorial_objectstorage.py
[2024-05-30T11:15:42.169+0000] {processor.py:840} INFO - DAG(s) 'tutorial_objectstorage' retrieved from /home/airflow/.local/lib/python3.8/site-packages/airflow/example_dags/tutorial_objectstorage.py
[2024-05-30T11:15:42.197+0000] {logging_mixin.py:188} INFO - [2024-05-30T11:15:42.197+0000] {dag.py:3047} INFO - Sync 1 DAGs
[2024-05-30T11:15:42.214+0000] {logging_mixin.py:188} INFO - [2024-05-30T11:15:42.214+0000] {dag.py:3834} INFO - Setting next_dagrun for tutorial_objectstorage to None, run_after=None
[2024-05-30T11:15:42.241+0000] {processor.py:183} INFO - Processing /home/airflow/.local/lib/python3.8/site-packages/airflow/example_dags/tutorial_objectstorage.py took 0.086 seconds
[2024-05-30T11:16:12.641+0000] {processor.py:161} INFO - Started process (PID=122) to work on /home/airflow/.local/lib/python3.8/site-packages/airflow/example_dags/tutorial_objectstorage.py
[2024-05-30T11:16:12.643+0000] {processor.py:830} INFO - Processing file /home/airflow/.local/lib/python3.8/site-packages/airflow/example_dags/tutorial_objectstorage.py for tasks to queue
[2024-05-30T11:16:12.645+0000] {logging_mixin.py:188} INFO - [2024-05-30T11:16:12.645+0000] {dagbag.py:540} INFO - Filling up the DagBag from /home/airflow/.local/lib/python3.8/site-packages/airflow/example_dags/tutorial_objectstorage.py
[2024-05-30T11:16:12.658+0000] {processor.py:840} INFO - DAG(s) 'tutorial_objectstorage' retrieved from /home/airflow/.local/lib/python3.8/site-packages/airflow/example_dags/tutorial_objectstorage.py
[2024-05-30T11:16:12.690+0000] {logging_mixin.py:188} INFO - [2024-05-30T11:16:12.689+0000] {dag.py:3047} INFO - Sync 1 DAGs
[2024-05-30T11:16:12.720+0000] {logging_mixin.py:188} INFO - [2024-05-30T11:16:12.720+0000] {dag.py:3834} INFO - Setting next_dagrun for tutorial_objectstorage to None, run_after=None
[2024-05-30T11:16:12.762+0000] {processor.py:183} INFO - Processing /home/airflow/.local/lib/python3.8/site-packages/airflow/example_dags/tutorial_objectstorage.py took 0.125 seconds
[2024-05-30T11:16:42.969+0000] {processor.py:161} INFO - Started process (PID=179) to work on /home/airflow/.local/lib/python3.8/site-packages/airflow/example_dags/tutorial_objectstorage.py
[2024-05-30T11:16:42.970+0000] {processor.py:830} INFO - Processing file /home/airflow/.local/lib/python3.8/site-packages/airflow/example_dags/tutorial_objectstorage.py for tasks to queue
[2024-05-30T11:16:42.973+0000] {logging_mixin.py:188} INFO - [2024-05-30T11:16:42.973+0000] {dagbag.py:540} INFO - Filling up the DagBag from /home/airflow/.local/lib/python3.8/site-packages/airflow/example_dags/tutorial_objectstorage.py
[2024-05-30T11:16:42.984+0000] {processor.py:840} INFO - DAG(s) 'tutorial_objectstorage' retrieved from /home/airflow/.local/lib/python3.8/site-packages/airflow/example_dags/tutorial_objectstorage.py
[2024-05-30T11:16:43.033+0000] {logging_mixin.py:188} INFO - [2024-05-30T11:16:43.033+0000] {dag.py:3047} INFO - Sync 1 DAGs
[2024-05-30T11:16:43.082+0000] {logging_mixin.py:188} INFO - [2024-05-30T11:16:43.081+0000] {dag.py:3834} INFO - Setting next_dagrun for tutorial_objectstorage to None, run_after=None
[2024-05-30T11:16:43.149+0000] {processor.py:183} INFO - Processing /home/airflow/.local/lib/python3.8/site-packages/airflow/example_dags/tutorial_objectstorage.py took 0.184 seconds
[2024-05-30T11:17:13.258+0000] {processor.py:161} INFO - Started process (PID=236) to work on /home/airflow/.local/lib/python3.8/site-packages/airflow/example_dags/tutorial_objectstorage.py
[2024-05-30T11:17:13.259+0000] {processor.py:830} INFO - Processing file /home/airflow/.local/lib/python3.8/site-packages/airflow/example_dags/tutorial_objectstorage.py for tasks to queue
[2024-05-30T11:17:13.262+0000] {logging_mixin.py:188} INFO - [2024-05-30T11:17:13.261+0000] {dagbag.py:540} INFO - Filling up the DagBag from /home/airflow/.local/lib/python3.8/site-packages/airflow/example_dags/tutorial_objectstorage.py
[2024-05-30T11:17:13.271+0000] {processor.py:840} INFO - DAG(s) 'tutorial_objectstorage' retrieved from /home/airflow/.local/lib/python3.8/site-packages/airflow/example_dags/tutorial_objectstorage.py
[2024-05-30T11:17:13.298+0000] {logging_mixin.py:188} INFO - [2024-05-30T11:17:13.298+0000] {dag.py:3047} INFO - Sync 1 DAGs
[2024-05-30T11:17:13.313+0000] {logging_mixin.py:188} INFO - [2024-05-30T11:17:13.312+0000] {dag.py:3834} INFO - Setting next_dagrun for tutorial_objectstorage to None, run_after=None
[2024-05-30T11:17:13.337+0000] {processor.py:183} INFO - Processing /home/airflow/.local/lib/python3.8/site-packages/airflow/example_dags/tutorial_objectstorage.py took 0.084 seconds
[2024-05-30T11:17:44.533+0000] {processor.py:161} INFO - Started process (PID=293) to work on /home/airflow/.local/lib/python3.8/site-packages/airflow/example_dags/tutorial_objectstorage.py
[2024-05-30T11:17:44.534+0000] {processor.py:830} INFO - Processing file /home/airflow/.local/lib/python3.8/site-packages/airflow/example_dags/tutorial_objectstorage.py for tasks to queue
[2024-05-30T11:17:44.536+0000] {logging_mixin.py:188} INFO - [2024-05-30T11:17:44.536+0000] {dagbag.py:540} INFO - Filling up the DagBag from /home/airflow/.local/lib/python3.8/site-packages/airflow/example_dags/tutorial_objectstorage.py
[2024-05-30T11:17:44.542+0000] {processor.py:840} INFO - DAG(s) 'tutorial_objectstorage' retrieved from /home/airflow/.local/lib/python3.8/site-packages/airflow/example_dags/tutorial_objectstorage.py
[2024-05-30T11:17:44.561+0000] {logging_mixin.py:188} INFO - [2024-05-30T11:17:44.561+0000] {dag.py:3047} INFO - Sync 1 DAGs
[2024-05-30T11:17:44.575+0000] {logging_mixin.py:188} INFO - [2024-05-30T11:17:44.575+0000] {dag.py:3834} INFO - Setting next_dagrun for tutorial_objectstorage to None, run_after=None
[2024-05-30T11:17:44.598+0000] {processor.py:183} INFO - Processing /home/airflow/.local/lib/python3.8/site-packages/airflow/example_dags/tutorial_objectstorage.py took 0.069 seconds
[2024-05-30T11:18:15.040+0000] {processor.py:161} INFO - Started process (PID=350) to work on /home/airflow/.local/lib/python3.8/site-packages/airflow/example_dags/tutorial_objectstorage.py
[2024-05-30T11:18:15.041+0000] {processor.py:830} INFO - Processing file /home/airflow/.local/lib/python3.8/site-packages/airflow/example_dags/tutorial_objectstorage.py for tasks to queue
[2024-05-30T11:18:15.044+0000] {logging_mixin.py:188} INFO - [2024-05-30T11:18:15.044+0000] {dagbag.py:540} INFO - Filling up the DagBag from /home/airflow/.local/lib/python3.8/site-packages/airflow/example_dags/tutorial_objectstorage.py
[2024-05-30T11:18:15.053+0000] {processor.py:840} INFO - DAG(s) 'tutorial_objectstorage' retrieved from /home/airflow/.local/lib/python3.8/site-packages/airflow/example_dags/tutorial_objectstorage.py
[2024-05-30T11:18:15.079+0000] {logging_mixin.py:188} INFO - [2024-05-30T11:18:15.078+0000] {dag.py:3047} INFO - Sync 1 DAGs
[2024-05-30T11:18:15.096+0000] {logging_mixin.py:188} INFO - [2024-05-30T11:18:15.096+0000] {dag.py:3834} INFO - Setting next_dagrun for tutorial_objectstorage to None, run_after=None
[2024-05-30T11:18:15.125+0000] {processor.py:183} INFO - Processing /home/airflow/.local/lib/python3.8/site-packages/airflow/example_dags/tutorial_objectstorage.py took 0.090 seconds
[2024-05-30T11:18:45.562+0000] {processor.py:161} INFO - Started process (PID=407) to work on /home/airflow/.local/lib/python3.8/site-packages/airflow/example_dags/tutorial_objectstorage.py
[2024-05-30T11:18:45.564+0000] {processor.py:830} INFO - Processing file /home/airflow/.local/lib/python3.8/site-packages/airflow/example_dags/tutorial_objectstorage.py for tasks to queue
[2024-05-30T11:18:45.566+0000] {logging_mixin.py:188} INFO - [2024-05-30T11:18:45.566+0000] {dagbag.py:540} INFO - Filling up the DagBag from /home/airflow/.local/lib/python3.8/site-packages/airflow/example_dags/tutorial_objectstorage.py
[2024-05-30T11:18:45.580+0000] {processor.py:840} INFO - DAG(s) 'tutorial_objectstorage' retrieved from /home/airflow/.local/lib/python3.8/site-packages/airflow/example_dags/tutorial_objectstorage.py
[2024-05-30T11:18:45.613+0000] {logging_mixin.py:188} INFO - [2024-05-30T11:18:45.612+0000] {dag.py:3047} INFO - Sync 1 DAGs
[2024-05-30T11:18:45.636+0000] {logging_mixin.py:188} INFO - [2024-05-30T11:18:45.636+0000] {dag.py:3834} INFO - Setting next_dagrun for tutorial_objectstorage to None, run_after=None
[2024-05-30T11:18:45.663+0000] {processor.py:183} INFO - Processing /home/airflow/.local/lib/python3.8/site-packages/airflow/example_dags/tutorial_objectstorage.py took 0.105 seconds
[2024-05-30T11:19:16.242+0000] {processor.py:161} INFO - Started process (PID=470) to work on /home/airflow/.local/lib/python3.8/site-packages/airflow/example_dags/tutorial_objectstorage.py
[2024-05-30T11:19:16.243+0000] {processor.py:830} INFO - Processing file /home/airflow/.local/lib/python3.8/site-packages/airflow/example_dags/tutorial_objectstorage.py for tasks to queue
[2024-05-30T11:19:16.245+0000] {logging_mixin.py:188} INFO - [2024-05-30T11:19:16.244+0000] {dagbag.py:540} INFO - Filling up the DagBag from /home/airflow/.local/lib/python3.8/site-packages/airflow/example_dags/tutorial_objectstorage.py
[2024-05-30T11:19:16.250+0000] {processor.py:840} INFO - DAG(s) 'tutorial_objectstorage' retrieved from /home/airflow/.local/lib/python3.8/site-packages/airflow/example_dags/tutorial_objectstorage.py
[2024-05-30T11:19:16.271+0000] {logging_mixin.py:188} INFO - [2024-05-30T11:19:16.271+0000] {dag.py:3047} INFO - Sync 1 DAGs
[2024-05-30T11:19:16.284+0000] {logging_mixin.py:188} INFO - [2024-05-30T11:19:16.284+0000] {dag.py:3834} INFO - Setting next_dagrun for tutorial_objectstorage to None, run_after=None
[2024-05-30T11:19:16.308+0000] {processor.py:183} INFO - Processing /home/airflow/.local/lib/python3.8/site-packages/airflow/example_dags/tutorial_objectstorage.py took 0.069 seconds
[2024-05-30T11:19:46.585+0000] {processor.py:161} INFO - Started process (PID=525) to work on /home/airflow/.local/lib/python3.8/site-packages/airflow/example_dags/tutorial_objectstorage.py
[2024-05-30T11:19:46.586+0000] {processor.py:830} INFO - Processing file /home/airflow/.local/lib/python3.8/site-packages/airflow/example_dags/tutorial_objectstorage.py for tasks to queue
[2024-05-30T11:19:46.588+0000] {logging_mixin.py:188} INFO - [2024-05-30T11:19:46.588+0000] {dagbag.py:540} INFO - Filling up the DagBag from /home/airflow/.local/lib/python3.8/site-packages/airflow/example_dags/tutorial_objectstorage.py
[2024-05-30T11:19:46.595+0000] {processor.py:840} INFO - DAG(s) 'tutorial_objectstorage' retrieved from /home/airflow/.local/lib/python3.8/site-packages/airflow/example_dags/tutorial_objectstorage.py
[2024-05-30T11:19:46.618+0000] {logging_mixin.py:188} INFO - [2024-05-30T11:19:46.618+0000] {dag.py:3047} INFO - Sync 1 DAGs
[2024-05-30T11:19:46.633+0000] {logging_mixin.py:188} INFO - [2024-05-30T11:19:46.632+0000] {dag.py:3834} INFO - Setting next_dagrun for tutorial_objectstorage to None, run_after=None
[2024-05-30T11:19:46.659+0000] {processor.py:183} INFO - Processing /home/airflow/.local/lib/python3.8/site-packages/airflow/example_dags/tutorial_objectstorage.py took 0.077 seconds
[2024-05-30T11:20:17.932+0000] {processor.py:161} INFO - Started process (PID=583) to work on /home/airflow/.local/lib/python3.8/site-packages/airflow/example_dags/tutorial_objectstorage.py
[2024-05-30T11:20:17.934+0000] {processor.py:830} INFO - Processing file /home/airflow/.local/lib/python3.8/site-packages/airflow/example_dags/tutorial_objectstorage.py for tasks to queue
[2024-05-30T11:20:17.938+0000] {logging_mixin.py:188} INFO - [2024-05-30T11:20:17.937+0000] {dagbag.py:540} INFO - Filling up the DagBag from /home/airflow/.local/lib/python3.8/site-packages/airflow/example_dags/tutorial_objectstorage.py
[2024-05-30T11:20:17.954+0000] {processor.py:840} INFO - DAG(s) 'tutorial_objectstorage' retrieved from /home/airflow/.local/lib/python3.8/site-packages/airflow/example_dags/tutorial_objectstorage.py
[2024-05-30T11:20:17.998+0000] {logging_mixin.py:188} INFO - [2024-05-30T11:20:17.997+0000] {dag.py:3047} INFO - Sync 1 DAGs
[2024-05-30T11:20:18.035+0000] {logging_mixin.py:188} INFO - [2024-05-30T11:20:18.035+0000] {dag.py:3834} INFO - Setting next_dagrun for tutorial_objectstorage to None, run_after=None
[2024-05-30T11:20:18.134+0000] {processor.py:183} INFO - Processing /home/airflow/.local/lib/python3.8/site-packages/airflow/example_dags/tutorial_objectstorage.py took 0.208 seconds
[2024-05-30T11:20:48.957+0000] {processor.py:161} INFO - Started process (PID=639) to work on /home/airflow/.local/lib/python3.8/site-packages/airflow/example_dags/tutorial_objectstorage.py
[2024-05-30T11:20:48.959+0000] {processor.py:830} INFO - Processing file /home/airflow/.local/lib/python3.8/site-packages/airflow/example_dags/tutorial_objectstorage.py for tasks to queue
[2024-05-30T11:20:48.963+0000] {logging_mixin.py:188} INFO - [2024-05-30T11:20:48.962+0000] {dagbag.py:540} INFO - Filling up the DagBag from /home/airflow/.local/lib/python3.8/site-packages/airflow/example_dags/tutorial_objectstorage.py
[2024-05-30T11:20:48.982+0000] {processor.py:840} INFO - DAG(s) 'tutorial_objectstorage' retrieved from /home/airflow/.local/lib/python3.8/site-packages/airflow/example_dags/tutorial_objectstorage.py
[2024-05-30T11:20:49.013+0000] {logging_mixin.py:188} INFO - [2024-05-30T11:20:49.013+0000] {dag.py:3047} INFO - Sync 1 DAGs
[2024-05-30T11:20:49.036+0000] {logging_mixin.py:188} INFO - [2024-05-30T11:20:49.036+0000] {dag.py:3834} INFO - Setting next_dagrun for tutorial_objectstorage to None, run_after=None
[2024-05-30T11:20:49.078+0000] {processor.py:183} INFO - Processing /home/airflow/.local/lib/python3.8/site-packages/airflow/example_dags/tutorial_objectstorage.py took 0.125 seconds
[2024-05-30T11:21:19.847+0000] {processor.py:161} INFO - Started process (PID=696) to work on /home/airflow/.local/lib/python3.8/site-packages/airflow/example_dags/tutorial_objectstorage.py
[2024-05-30T11:21:19.848+0000] {processor.py:830} INFO - Processing file /home/airflow/.local/lib/python3.8/site-packages/airflow/example_dags/tutorial_objectstorage.py for tasks to queue
[2024-05-30T11:21:19.850+0000] {logging_mixin.py:188} INFO - [2024-05-30T11:21:19.850+0000] {dagbag.py:540} INFO - Filling up the DagBag from /home/airflow/.local/lib/python3.8/site-packages/airflow/example_dags/tutorial_objectstorage.py
[2024-05-30T11:21:19.857+0000] {processor.py:840} INFO - DAG(s) 'tutorial_objectstorage' retrieved from /home/airflow/.local/lib/python3.8/site-packages/airflow/example_dags/tutorial_objectstorage.py
[2024-05-30T11:21:19.881+0000] {logging_mixin.py:188} INFO - [2024-05-30T11:21:19.880+0000] {dag.py:3047} INFO - Sync 1 DAGs
[2024-05-30T11:21:19.895+0000] {logging_mixin.py:188} INFO - [2024-05-30T11:21:19.895+0000] {dag.py:3834} INFO - Setting next_dagrun for tutorial_objectstorage to None, run_after=None
[2024-05-30T11:21:19.918+0000] {processor.py:183} INFO - Processing /home/airflow/.local/lib/python3.8/site-packages/airflow/example_dags/tutorial_objectstorage.py took 0.074 seconds
[2024-05-30T11:21:50.614+0000] {processor.py:161} INFO - Started process (PID=753) to work on /home/airflow/.local/lib/python3.8/site-packages/airflow/example_dags/tutorial_objectstorage.py
[2024-05-30T11:21:50.615+0000] {processor.py:830} INFO - Processing file /home/airflow/.local/lib/python3.8/site-packages/airflow/example_dags/tutorial_objectstorage.py for tasks to queue
[2024-05-30T11:21:50.617+0000] {logging_mixin.py:188} INFO - [2024-05-30T11:21:50.617+0000] {dagbag.py:540} INFO - Filling up the DagBag from /home/airflow/.local/lib/python3.8/site-packages/airflow/example_dags/tutorial_objectstorage.py
[2024-05-30T11:21:50.624+0000] {processor.py:840} INFO - DAG(s) 'tutorial_objectstorage' retrieved from /home/airflow/.local/lib/python3.8/site-packages/airflow/example_dags/tutorial_objectstorage.py
[2024-05-30T11:21:50.649+0000] {logging_mixin.py:188} INFO - [2024-05-30T11:21:50.648+0000] {dag.py:3047} INFO - Sync 1 DAGs
[2024-05-30T11:21:50.662+0000] {logging_mixin.py:188} INFO - [2024-05-30T11:21:50.662+0000] {dag.py:3834} INFO - Setting next_dagrun for tutorial_objectstorage to None, run_after=None
[2024-05-30T11:21:50.685+0000] {processor.py:183} INFO - Processing /home/airflow/.local/lib/python3.8/site-packages/airflow/example_dags/tutorial_objectstorage.py took 0.075 seconds
[2024-05-30T11:22:20.841+0000] {processor.py:161} INFO - Started process (PID=810) to work on /home/airflow/.local/lib/python3.8/site-packages/airflow/example_dags/tutorial_objectstorage.py
[2024-05-30T11:22:20.842+0000] {processor.py:830} INFO - Processing file /home/airflow/.local/lib/python3.8/site-packages/airflow/example_dags/tutorial_objectstorage.py for tasks to queue
[2024-05-30T11:22:20.844+0000] {logging_mixin.py:188} INFO - [2024-05-30T11:22:20.844+0000] {dagbag.py:540} INFO - Filling up the DagBag from /home/airflow/.local/lib/python3.8/site-packages/airflow/example_dags/tutorial_objectstorage.py
[2024-05-30T11:22:20.851+0000] {processor.py:840} INFO - DAG(s) 'tutorial_objectstorage' retrieved from /home/airflow/.local/lib/python3.8/site-packages/airflow/example_dags/tutorial_objectstorage.py
[2024-05-30T11:22:20.877+0000] {logging_mixin.py:188} INFO - [2024-05-30T11:22:20.877+0000] {dag.py:3047} INFO - Sync 1 DAGs
[2024-05-30T11:22:20.894+0000] {logging_mixin.py:188} INFO - [2024-05-30T11:22:20.894+0000] {dag.py:3834} INFO - Setting next_dagrun for tutorial_objectstorage to None, run_after=None
[2024-05-30T11:22:20.916+0000] {processor.py:183} INFO - Processing /home/airflow/.local/lib/python3.8/site-packages/airflow/example_dags/tutorial_objectstorage.py took 0.078 seconds
[2024-05-30T11:22:51.579+0000] {processor.py:161} INFO - Started process (PID=867) to work on /home/airflow/.local/lib/python3.8/site-packages/airflow/example_dags/tutorial_objectstorage.py
[2024-05-30T11:22:51.580+0000] {processor.py:830} INFO - Processing file /home/airflow/.local/lib/python3.8/site-packages/airflow/example_dags/tutorial_objectstorage.py for tasks to queue
[2024-05-30T11:22:51.583+0000] {logging_mixin.py:188} INFO - [2024-05-30T11:22:51.582+0000] {dagbag.py:540} INFO - Filling up the DagBag from /home/airflow/.local/lib/python3.8/site-packages/airflow/example_dags/tutorial_objectstorage.py
[2024-05-30T11:22:51.588+0000] {processor.py:840} INFO - DAG(s) 'tutorial_objectstorage' retrieved from /home/airflow/.local/lib/python3.8/site-packages/airflow/example_dags/tutorial_objectstorage.py
[2024-05-30T11:22:51.613+0000] {logging_mixin.py:188} INFO - [2024-05-30T11:22:51.613+0000] {dag.py:3047} INFO - Sync 1 DAGs
[2024-05-30T11:22:51.630+0000] {logging_mixin.py:188} INFO - [2024-05-30T11:22:51.629+0000] {dag.py:3834} INFO - Setting next_dagrun for tutorial_objectstorage to None, run_after=None
[2024-05-30T11:22:51.658+0000] {processor.py:183} INFO - Processing /home/airflow/.local/lib/python3.8/site-packages/airflow/example_dags/tutorial_objectstorage.py took 0.082 seconds
[2024-05-30T11:23:22.252+0000] {processor.py:161} INFO - Started process (PID=924) to work on /home/airflow/.local/lib/python3.8/site-packages/airflow/example_dags/tutorial_objectstorage.py
[2024-05-30T11:23:22.254+0000] {processor.py:830} INFO - Processing file /home/airflow/.local/lib/python3.8/site-packages/airflow/example_dags/tutorial_objectstorage.py for tasks to queue
[2024-05-30T11:23:22.257+0000] {logging_mixin.py:188} INFO - [2024-05-30T11:23:22.256+0000] {dagbag.py:540} INFO - Filling up the DagBag from /home/airflow/.local/lib/python3.8/site-packages/airflow/example_dags/tutorial_objectstorage.py
[2024-05-30T11:23:22.264+0000] {processor.py:840} INFO - DAG(s) 'tutorial_objectstorage' retrieved from /home/airflow/.local/lib/python3.8/site-packages/airflow/example_dags/tutorial_objectstorage.py
[2024-05-30T11:23:22.294+0000] {logging_mixin.py:188} INFO - [2024-05-30T11:23:22.293+0000] {dag.py:3047} INFO - Sync 1 DAGs
[2024-05-30T11:23:22.311+0000] {logging_mixin.py:188} INFO - [2024-05-30T11:23:22.311+0000] {dag.py:3834} INFO - Setting next_dagrun for tutorial_objectstorage to None, run_after=None
[2024-05-30T11:23:22.344+0000] {processor.py:183} INFO - Processing /home/airflow/.local/lib/python3.8/site-packages/airflow/example_dags/tutorial_objectstorage.py took 0.094 seconds
[2024-05-30T11:23:53.183+0000] {processor.py:161} INFO - Started process (PID=981) to work on /home/airflow/.local/lib/python3.8/site-packages/airflow/example_dags/tutorial_objectstorage.py
[2024-05-30T11:23:53.185+0000] {processor.py:830} INFO - Processing file /home/airflow/.local/lib/python3.8/site-packages/airflow/example_dags/tutorial_objectstorage.py for tasks to queue
[2024-05-30T11:23:53.190+0000] {logging_mixin.py:188} INFO - [2024-05-30T11:23:53.189+0000] {dagbag.py:540} INFO - Filling up the DagBag from /home/airflow/.local/lib/python3.8/site-packages/airflow/example_dags/tutorial_objectstorage.py
[2024-05-30T11:23:53.209+0000] {processor.py:840} INFO - DAG(s) 'tutorial_objectstorage' retrieved from /home/airflow/.local/lib/python3.8/site-packages/airflow/example_dags/tutorial_objectstorage.py
[2024-05-30T11:23:53.247+0000] {logging_mixin.py:188} INFO - [2024-05-30T11:23:53.246+0000] {dag.py:3047} INFO - Sync 1 DAGs
[2024-05-30T11:23:53.268+0000] {logging_mixin.py:188} INFO - [2024-05-30T11:23:53.268+0000] {dag.py:3834} INFO - Setting next_dagrun for tutorial_objectstorage to None, run_after=None
[2024-05-30T11:23:53.304+0000] {processor.py:183} INFO - Processing /home/airflow/.local/lib/python3.8/site-packages/airflow/example_dags/tutorial_objectstorage.py took 0.126 seconds
[2024-05-30T11:24:24.190+0000] {processor.py:161} INFO - Started process (PID=1038) to work on /home/airflow/.local/lib/python3.8/site-packages/airflow/example_dags/tutorial_objectstorage.py
[2024-05-30T11:24:24.192+0000] {processor.py:830} INFO - Processing file /home/airflow/.local/lib/python3.8/site-packages/airflow/example_dags/tutorial_objectstorage.py for tasks to queue
[2024-05-30T11:24:24.195+0000] {logging_mixin.py:188} INFO - [2024-05-30T11:24:24.194+0000] {dagbag.py:540} INFO - Filling up the DagBag from /home/airflow/.local/lib/python3.8/site-packages/airflow/example_dags/tutorial_objectstorage.py
[2024-05-30T11:24:24.214+0000] {processor.py:840} INFO - DAG(s) 'tutorial_objectstorage' retrieved from /home/airflow/.local/lib/python3.8/site-packages/airflow/example_dags/tutorial_objectstorage.py
[2024-05-30T11:24:24.271+0000] {logging_mixin.py:188} INFO - [2024-05-30T11:24:24.271+0000] {dag.py:3047} INFO - Sync 1 DAGs
[2024-05-30T11:24:24.303+0000] {logging_mixin.py:188} INFO - [2024-05-30T11:24:24.302+0000] {dag.py:3834} INFO - Setting next_dagrun for tutorial_objectstorage to None, run_after=None
[2024-05-30T11:24:24.351+0000] {processor.py:183} INFO - Processing /home/airflow/.local/lib/python3.8/site-packages/airflow/example_dags/tutorial_objectstorage.py took 0.165 seconds
[2024-05-30T11:24:54.927+0000] {processor.py:161} INFO - Started process (PID=1095) to work on /home/airflow/.local/lib/python3.8/site-packages/airflow/example_dags/tutorial_objectstorage.py
[2024-05-30T11:24:54.929+0000] {processor.py:830} INFO - Processing file /home/airflow/.local/lib/python3.8/site-packages/airflow/example_dags/tutorial_objectstorage.py for tasks to queue
[2024-05-30T11:24:54.935+0000] {logging_mixin.py:188} INFO - [2024-05-30T11:24:54.934+0000] {dagbag.py:540} INFO - Filling up the DagBag from /home/airflow/.local/lib/python3.8/site-packages/airflow/example_dags/tutorial_objectstorage.py
[2024-05-30T11:24:54.946+0000] {processor.py:840} INFO - DAG(s) 'tutorial_objectstorage' retrieved from /home/airflow/.local/lib/python3.8/site-packages/airflow/example_dags/tutorial_objectstorage.py
[2024-05-30T11:24:54.996+0000] {logging_mixin.py:188} INFO - [2024-05-30T11:24:54.995+0000] {dag.py:3047} INFO - Sync 1 DAGs
[2024-05-30T11:24:55.026+0000] {logging_mixin.py:188} INFO - [2024-05-30T11:24:55.026+0000] {dag.py:3834} INFO - Setting next_dagrun for tutorial_objectstorage to None, run_after=None
[2024-05-30T11:24:55.070+0000] {processor.py:183} INFO - Processing /home/airflow/.local/lib/python3.8/site-packages/airflow/example_dags/tutorial_objectstorage.py took 0.149 seconds
[2024-05-30T11:25:25.143+0000] {processor.py:161} INFO - Started process (PID=1152) to work on /home/airflow/.local/lib/python3.8/site-packages/airflow/example_dags/tutorial_objectstorage.py
[2024-05-30T11:25:25.145+0000] {processor.py:830} INFO - Processing file /home/airflow/.local/lib/python3.8/site-packages/airflow/example_dags/tutorial_objectstorage.py for tasks to queue
[2024-05-30T11:25:25.147+0000] {logging_mixin.py:188} INFO - [2024-05-30T11:25:25.147+0000] {dagbag.py:540} INFO - Filling up the DagBag from /home/airflow/.local/lib/python3.8/site-packages/airflow/example_dags/tutorial_objectstorage.py
[2024-05-30T11:25:25.155+0000] {processor.py:840} INFO - DAG(s) 'tutorial_objectstorage' retrieved from /home/airflow/.local/lib/python3.8/site-packages/airflow/example_dags/tutorial_objectstorage.py
[2024-05-30T11:25:25.182+0000] {logging_mixin.py:188} INFO - [2024-05-30T11:25:25.181+0000] {dag.py:3047} INFO - Sync 1 DAGs
[2024-05-30T11:25:25.199+0000] {logging_mixin.py:188} INFO - [2024-05-30T11:25:25.199+0000] {dag.py:3834} INFO - Setting next_dagrun for tutorial_objectstorage to None, run_after=None
[2024-05-30T11:25:25.228+0000] {processor.py:183} INFO - Processing /home/airflow/.local/lib/python3.8/site-packages/airflow/example_dags/tutorial_objectstorage.py took 0.089 seconds
[2024-05-30T11:25:56.618+0000] {processor.py:161} INFO - Started process (PID=1209) to work on /home/airflow/.local/lib/python3.8/site-packages/airflow/example_dags/tutorial_objectstorage.py
[2024-05-30T11:25:56.620+0000] {processor.py:830} INFO - Processing file /home/airflow/.local/lib/python3.8/site-packages/airflow/example_dags/tutorial_objectstorage.py for tasks to queue
[2024-05-30T11:25:56.624+0000] {logging_mixin.py:188} INFO - [2024-05-30T11:25:56.624+0000] {dagbag.py:540} INFO - Filling up the DagBag from /home/airflow/.local/lib/python3.8/site-packages/airflow/example_dags/tutorial_objectstorage.py
[2024-05-30T11:25:56.636+0000] {processor.py:840} INFO - DAG(s) 'tutorial_objectstorage' retrieved from /home/airflow/.local/lib/python3.8/site-packages/airflow/example_dags/tutorial_objectstorage.py
[2024-05-30T11:25:56.685+0000] {logging_mixin.py:188} INFO - [2024-05-30T11:25:56.684+0000] {dag.py:3047} INFO - Sync 1 DAGs
[2024-05-30T11:25:56.728+0000] {logging_mixin.py:188} INFO - [2024-05-30T11:25:56.728+0000] {dag.py:3834} INFO - Setting next_dagrun for tutorial_objectstorage to None, run_after=None
[2024-05-30T11:25:56.798+0000] {processor.py:183} INFO - Processing /home/airflow/.local/lib/python3.8/site-packages/airflow/example_dags/tutorial_objectstorage.py took 0.185 seconds
[2024-05-30T11:26:27.403+0000] {processor.py:161} INFO - Started process (PID=1266) to work on /home/airflow/.local/lib/python3.8/site-packages/airflow/example_dags/tutorial_objectstorage.py
[2024-05-30T11:26:27.404+0000] {processor.py:830} INFO - Processing file /home/airflow/.local/lib/python3.8/site-packages/airflow/example_dags/tutorial_objectstorage.py for tasks to queue
[2024-05-30T11:26:27.407+0000] {logging_mixin.py:188} INFO - [2024-05-30T11:26:27.407+0000] {dagbag.py:540} INFO - Filling up the DagBag from /home/airflow/.local/lib/python3.8/site-packages/airflow/example_dags/tutorial_objectstorage.py
[2024-05-30T11:26:27.419+0000] {processor.py:840} INFO - DAG(s) 'tutorial_objectstorage' retrieved from /home/airflow/.local/lib/python3.8/site-packages/airflow/example_dags/tutorial_objectstorage.py
[2024-05-30T11:26:27.454+0000] {logging_mixin.py:188} INFO - [2024-05-30T11:26:27.454+0000] {dag.py:3047} INFO - Sync 1 DAGs
[2024-05-30T11:26:27.487+0000] {logging_mixin.py:188} INFO - [2024-05-30T11:26:27.486+0000] {dag.py:3834} INFO - Setting next_dagrun for tutorial_objectstorage to None, run_after=None
[2024-05-30T11:26:27.555+0000] {processor.py:183} INFO - Processing /home/airflow/.local/lib/python3.8/site-packages/airflow/example_dags/tutorial_objectstorage.py took 0.158 seconds
[2024-05-30T11:26:58.554+0000] {processor.py:161} INFO - Started process (PID=1323) to work on /home/airflow/.local/lib/python3.8/site-packages/airflow/example_dags/tutorial_objectstorage.py
[2024-05-30T11:26:58.556+0000] {processor.py:830} INFO - Processing file /home/airflow/.local/lib/python3.8/site-packages/airflow/example_dags/tutorial_objectstorage.py for tasks to queue
[2024-05-30T11:26:58.560+0000] {logging_mixin.py:188} INFO - [2024-05-30T11:26:58.559+0000] {dagbag.py:540} INFO - Filling up the DagBag from /home/airflow/.local/lib/python3.8/site-packages/airflow/example_dags/tutorial_objectstorage.py
[2024-05-30T11:26:58.569+0000] {processor.py:840} INFO - DAG(s) 'tutorial_objectstorage' retrieved from /home/airflow/.local/lib/python3.8/site-packages/airflow/example_dags/tutorial_objectstorage.py
[2024-05-30T11:26:58.606+0000] {logging_mixin.py:188} INFO - [2024-05-30T11:26:58.605+0000] {dag.py:3047} INFO - Sync 1 DAGs
[2024-05-30T11:26:58.634+0000] {logging_mixin.py:188} INFO - [2024-05-30T11:26:58.634+0000] {dag.py:3834} INFO - Setting next_dagrun for tutorial_objectstorage to None, run_after=None
[2024-05-30T11:26:58.682+0000] {processor.py:183} INFO - Processing /home/airflow/.local/lib/python3.8/site-packages/airflow/example_dags/tutorial_objectstorage.py took 0.133 seconds
[2024-05-30T11:27:29.108+0000] {processor.py:161} INFO - Started process (PID=1379) to work on /home/airflow/.local/lib/python3.8/site-packages/airflow/example_dags/tutorial_objectstorage.py
[2024-05-30T11:27:29.109+0000] {processor.py:830} INFO - Processing file /home/airflow/.local/lib/python3.8/site-packages/airflow/example_dags/tutorial_objectstorage.py for tasks to queue
[2024-05-30T11:27:29.112+0000] {logging_mixin.py:188} INFO - [2024-05-30T11:27:29.111+0000] {dagbag.py:540} INFO - Filling up the DagBag from /home/airflow/.local/lib/python3.8/site-packages/airflow/example_dags/tutorial_objectstorage.py
[2024-05-30T11:27:29.122+0000] {processor.py:840} INFO - DAG(s) 'tutorial_objectstorage' retrieved from /home/airflow/.local/lib/python3.8/site-packages/airflow/example_dags/tutorial_objectstorage.py
[2024-05-30T11:27:29.165+0000] {logging_mixin.py:188} INFO - [2024-05-30T11:27:29.164+0000] {dag.py:3047} INFO - Sync 1 DAGs
[2024-05-30T11:27:29.193+0000] {logging_mixin.py:188} INFO - [2024-05-30T11:27:29.192+0000] {dag.py:3834} INFO - Setting next_dagrun for tutorial_objectstorage to None, run_after=None
[2024-05-30T11:27:29.231+0000] {processor.py:183} INFO - Processing /home/airflow/.local/lib/python3.8/site-packages/airflow/example_dags/tutorial_objectstorage.py took 0.127 seconds
[2024-05-30T11:27:59.459+0000] {processor.py:161} INFO - Started process (PID=1436) to work on /home/airflow/.local/lib/python3.8/site-packages/airflow/example_dags/tutorial_objectstorage.py
[2024-05-30T11:27:59.461+0000] {processor.py:830} INFO - Processing file /home/airflow/.local/lib/python3.8/site-packages/airflow/example_dags/tutorial_objectstorage.py for tasks to queue
[2024-05-30T11:27:59.465+0000] {logging_mixin.py:188} INFO - [2024-05-30T11:27:59.464+0000] {dagbag.py:540} INFO - Filling up the DagBag from /home/airflow/.local/lib/python3.8/site-packages/airflow/example_dags/tutorial_objectstorage.py
[2024-05-30T11:27:59.476+0000] {processor.py:840} INFO - DAG(s) 'tutorial_objectstorage' retrieved from /home/airflow/.local/lib/python3.8/site-packages/airflow/example_dags/tutorial_objectstorage.py
[2024-05-30T11:27:59.507+0000] {logging_mixin.py:188} INFO - [2024-05-30T11:27:59.507+0000] {dag.py:3047} INFO - Sync 1 DAGs
[2024-05-30T11:27:59.537+0000] {logging_mixin.py:188} INFO - [2024-05-30T11:27:59.537+0000] {dag.py:3834} INFO - Setting next_dagrun for tutorial_objectstorage to None, run_after=None
[2024-05-30T11:27:59.572+0000] {processor.py:183} INFO - Processing /home/airflow/.local/lib/python3.8/site-packages/airflow/example_dags/tutorial_objectstorage.py took 0.117 seconds
[2024-05-30T11:28:29.712+0000] {processor.py:161} INFO - Started process (PID=1493) to work on /home/airflow/.local/lib/python3.8/site-packages/airflow/example_dags/tutorial_objectstorage.py
[2024-05-30T11:28:29.713+0000] {processor.py:830} INFO - Processing file /home/airflow/.local/lib/python3.8/site-packages/airflow/example_dags/tutorial_objectstorage.py for tasks to queue
[2024-05-30T11:28:29.715+0000] {logging_mixin.py:188} INFO - [2024-05-30T11:28:29.715+0000] {dagbag.py:540} INFO - Filling up the DagBag from /home/airflow/.local/lib/python3.8/site-packages/airflow/example_dags/tutorial_objectstorage.py
[2024-05-30T11:28:29.723+0000] {processor.py:840} INFO - DAG(s) 'tutorial_objectstorage' retrieved from /home/airflow/.local/lib/python3.8/site-packages/airflow/example_dags/tutorial_objectstorage.py
[2024-05-30T11:28:29.744+0000] {logging_mixin.py:188} INFO - [2024-05-30T11:28:29.744+0000] {dag.py:3047} INFO - Sync 1 DAGs
[2024-05-30T11:28:29.759+0000] {logging_mixin.py:188} INFO - [2024-05-30T11:28:29.758+0000] {dag.py:3834} INFO - Setting next_dagrun for tutorial_objectstorage to None, run_after=None
[2024-05-30T11:28:29.784+0000] {processor.py:183} INFO - Processing /home/airflow/.local/lib/python3.8/site-packages/airflow/example_dags/tutorial_objectstorage.py took 0.075 seconds
[2024-05-30T11:29:00.080+0000] {processor.py:161} INFO - Started process (PID=1550) to work on /home/airflow/.local/lib/python3.8/site-packages/airflow/example_dags/tutorial_objectstorage.py
[2024-05-30T11:29:00.082+0000] {processor.py:830} INFO - Processing file /home/airflow/.local/lib/python3.8/site-packages/airflow/example_dags/tutorial_objectstorage.py for tasks to queue
[2024-05-30T11:29:00.084+0000] {logging_mixin.py:188} INFO - [2024-05-30T11:29:00.083+0000] {dagbag.py:540} INFO - Filling up the DagBag from /home/airflow/.local/lib/python3.8/site-packages/airflow/example_dags/tutorial_objectstorage.py
[2024-05-30T11:29:00.092+0000] {processor.py:840} INFO - DAG(s) 'tutorial_objectstorage' retrieved from /home/airflow/.local/lib/python3.8/site-packages/airflow/example_dags/tutorial_objectstorage.py
[2024-05-30T11:29:00.123+0000] {logging_mixin.py:188} INFO - [2024-05-30T11:29:00.122+0000] {dag.py:3047} INFO - Sync 1 DAGs
[2024-05-30T11:29:00.151+0000] {logging_mixin.py:188} INFO - [2024-05-30T11:29:00.151+0000] {dag.py:3834} INFO - Setting next_dagrun for tutorial_objectstorage to None, run_after=None
[2024-05-30T11:29:00.192+0000] {processor.py:183} INFO - Processing /home/airflow/.local/lib/python3.8/site-packages/airflow/example_dags/tutorial_objectstorage.py took 0.115 seconds
[2024-05-30T11:29:31.030+0000] {processor.py:161} INFO - Started process (PID=1608) to work on /home/airflow/.local/lib/python3.8/site-packages/airflow/example_dags/tutorial_objectstorage.py
[2024-05-30T11:29:31.031+0000] {processor.py:830} INFO - Processing file /home/airflow/.local/lib/python3.8/site-packages/airflow/example_dags/tutorial_objectstorage.py for tasks to queue
[2024-05-30T11:29:31.034+0000] {logging_mixin.py:188} INFO - [2024-05-30T11:29:31.033+0000] {dagbag.py:540} INFO - Filling up the DagBag from /home/airflow/.local/lib/python3.8/site-packages/airflow/example_dags/tutorial_objectstorage.py
[2024-05-30T11:29:31.044+0000] {processor.py:840} INFO - DAG(s) 'tutorial_objectstorage' retrieved from /home/airflow/.local/lib/python3.8/site-packages/airflow/example_dags/tutorial_objectstorage.py
[2024-05-30T11:29:31.071+0000] {logging_mixin.py:188} INFO - [2024-05-30T11:29:31.070+0000] {dag.py:3047} INFO - Sync 1 DAGs
[2024-05-30T11:29:31.092+0000] {logging_mixin.py:188} INFO - [2024-05-30T11:29:31.092+0000] {dag.py:3834} INFO - Setting next_dagrun for tutorial_objectstorage to None, run_after=None
[2024-05-30T11:29:31.125+0000] {processor.py:183} INFO - Processing /home/airflow/.local/lib/python3.8/site-packages/airflow/example_dags/tutorial_objectstorage.py took 0.099 seconds
[2024-05-30T11:30:01.442+0000] {processor.py:161} INFO - Started process (PID=1665) to work on /home/airflow/.local/lib/python3.8/site-packages/airflow/example_dags/tutorial_objectstorage.py
[2024-05-30T11:30:01.444+0000] {processor.py:830} INFO - Processing file /home/airflow/.local/lib/python3.8/site-packages/airflow/example_dags/tutorial_objectstorage.py for tasks to queue
[2024-05-30T11:30:01.446+0000] {logging_mixin.py:188} INFO - [2024-05-30T11:30:01.446+0000] {dagbag.py:540} INFO - Filling up the DagBag from /home/airflow/.local/lib/python3.8/site-packages/airflow/example_dags/tutorial_objectstorage.py
[2024-05-30T11:30:01.453+0000] {processor.py:840} INFO - DAG(s) 'tutorial_objectstorage' retrieved from /home/airflow/.local/lib/python3.8/site-packages/airflow/example_dags/tutorial_objectstorage.py
[2024-05-30T11:30:01.479+0000] {logging_mixin.py:188} INFO - [2024-05-30T11:30:01.479+0000] {dag.py:3047} INFO - Sync 1 DAGs
[2024-05-30T11:30:01.496+0000] {logging_mixin.py:188} INFO - [2024-05-30T11:30:01.496+0000] {dag.py:3834} INFO - Setting next_dagrun for tutorial_objectstorage to None, run_after=None
[2024-05-30T11:30:01.524+0000] {processor.py:183} INFO - Processing /home/airflow/.local/lib/python3.8/site-packages/airflow/example_dags/tutorial_objectstorage.py took 0.085 seconds
[2024-05-30T11:30:31.706+0000] {processor.py:161} INFO - Started process (PID=1722) to work on /home/airflow/.local/lib/python3.8/site-packages/airflow/example_dags/tutorial_objectstorage.py
[2024-05-30T11:30:31.707+0000] {processor.py:830} INFO - Processing file /home/airflow/.local/lib/python3.8/site-packages/airflow/example_dags/tutorial_objectstorage.py for tasks to queue
[2024-05-30T11:30:31.709+0000] {logging_mixin.py:188} INFO - [2024-05-30T11:30:31.708+0000] {dagbag.py:540} INFO - Filling up the DagBag from /home/airflow/.local/lib/python3.8/site-packages/airflow/example_dags/tutorial_objectstorage.py
[2024-05-30T11:30:31.716+0000] {processor.py:840} INFO - DAG(s) 'tutorial_objectstorage' retrieved from /home/airflow/.local/lib/python3.8/site-packages/airflow/example_dags/tutorial_objectstorage.py
[2024-05-30T11:30:31.740+0000] {logging_mixin.py:188} INFO - [2024-05-30T11:30:31.739+0000] {dag.py:3047} INFO - Sync 1 DAGs
[2024-05-30T11:30:31.754+0000] {logging_mixin.py:188} INFO - [2024-05-30T11:30:31.754+0000] {dag.py:3834} INFO - Setting next_dagrun for tutorial_objectstorage to None, run_after=None
[2024-05-30T11:30:31.779+0000] {processor.py:183} INFO - Processing /home/airflow/.local/lib/python3.8/site-packages/airflow/example_dags/tutorial_objectstorage.py took 0.076 seconds
[2024-05-30T11:31:02.568+0000] {processor.py:161} INFO - Started process (PID=1779) to work on /home/airflow/.local/lib/python3.8/site-packages/airflow/example_dags/tutorial_objectstorage.py
[2024-05-30T11:31:02.569+0000] {processor.py:830} INFO - Processing file /home/airflow/.local/lib/python3.8/site-packages/airflow/example_dags/tutorial_objectstorage.py for tasks to queue
[2024-05-30T11:31:02.573+0000] {logging_mixin.py:188} INFO - [2024-05-30T11:31:02.572+0000] {dagbag.py:540} INFO - Filling up the DagBag from /home/airflow/.local/lib/python3.8/site-packages/airflow/example_dags/tutorial_objectstorage.py
[2024-05-30T11:31:02.583+0000] {processor.py:840} INFO - DAG(s) 'tutorial_objectstorage' retrieved from /home/airflow/.local/lib/python3.8/site-packages/airflow/example_dags/tutorial_objectstorage.py
[2024-05-30T11:31:02.619+0000] {logging_mixin.py:188} INFO - [2024-05-30T11:31:02.618+0000] {dag.py:3047} INFO - Sync 1 DAGs
[2024-05-30T11:31:02.643+0000] {logging_mixin.py:188} INFO - [2024-05-30T11:31:02.642+0000] {dag.py:3834} INFO - Setting next_dagrun for tutorial_objectstorage to None, run_after=None
[2024-05-30T11:31:02.680+0000] {processor.py:183} INFO - Processing /home/airflow/.local/lib/python3.8/site-packages/airflow/example_dags/tutorial_objectstorage.py took 0.115 seconds
[2024-05-30T11:31:33.114+0000] {processor.py:161} INFO - Started process (PID=1836) to work on /home/airflow/.local/lib/python3.8/site-packages/airflow/example_dags/tutorial_objectstorage.py
[2024-05-30T11:31:33.116+0000] {processor.py:830} INFO - Processing file /home/airflow/.local/lib/python3.8/site-packages/airflow/example_dags/tutorial_objectstorage.py for tasks to queue
[2024-05-30T11:31:33.119+0000] {logging_mixin.py:188} INFO - [2024-05-30T11:31:33.118+0000] {dagbag.py:540} INFO - Filling up the DagBag from /home/airflow/.local/lib/python3.8/site-packages/airflow/example_dags/tutorial_objectstorage.py
[2024-05-30T11:31:33.128+0000] {processor.py:840} INFO - DAG(s) 'tutorial_objectstorage' retrieved from /home/airflow/.local/lib/python3.8/site-packages/airflow/example_dags/tutorial_objectstorage.py
[2024-05-30T11:31:33.168+0000] {logging_mixin.py:188} INFO - [2024-05-30T11:31:33.168+0000] {dag.py:3047} INFO - Sync 1 DAGs
[2024-05-30T11:31:33.193+0000] {logging_mixin.py:188} INFO - [2024-05-30T11:31:33.192+0000] {dag.py:3834} INFO - Setting next_dagrun for tutorial_objectstorage to None, run_after=None
[2024-05-30T11:31:33.252+0000] {processor.py:183} INFO - Processing /home/airflow/.local/lib/python3.8/site-packages/airflow/example_dags/tutorial_objectstorage.py took 0.141 seconds
