[2024-05-30T11:15:41.726+0000] {processor.py:161} INFO - Started process (PID=63) to work on /home/airflow/.local/lib/python3.8/site-packages/airflow/example_dags/tutorial.py
[2024-05-30T11:15:41.727+0000] {processor.py:830} INFO - Processing file /home/airflow/.local/lib/python3.8/site-packages/airflow/example_dags/tutorial.py for tasks to queue
[2024-05-30T11:15:41.729+0000] {logging_mixin.py:188} INFO - [2024-05-30T11:15:41.729+0000] {dagbag.py:540} INFO - Filling up the DagBag from /home/airflow/.local/lib/python3.8/site-packages/airflow/example_dags/tutorial.py
[2024-05-30T11:15:41.737+0000] {processor.py:840} INFO - DAG(s) 'tutorial' retrieved from /home/airflow/.local/lib/python3.8/site-packages/airflow/example_dags/tutorial.py
[2024-05-30T11:15:41.766+0000] {logging_mixin.py:188} INFO - [2024-05-30T11:15:41.766+0000] {dag.py:3047} INFO - Sync 1 DAGs
[2024-05-30T11:15:41.798+0000] {logging_mixin.py:188} INFO - [2024-05-30T11:15:41.798+0000] {dag.py:3834} INFO - Setting next_dagrun for tutorial to 2024-05-29 00:00:00+00:00, run_after=2024-05-30 00:00:00+00:00
[2024-05-30T11:15:41.841+0000] {processor.py:183} INFO - Processing /home/airflow/.local/lib/python3.8/site-packages/airflow/example_dags/tutorial.py took 0.118 seconds
[2024-05-30T11:16:12.514+0000] {processor.py:161} INFO - Started process (PID=120) to work on /home/airflow/.local/lib/python3.8/site-packages/airflow/example_dags/tutorial.py
[2024-05-30T11:16:12.516+0000] {processor.py:830} INFO - Processing file /home/airflow/.local/lib/python3.8/site-packages/airflow/example_dags/tutorial.py for tasks to queue
[2024-05-30T11:16:12.518+0000] {logging_mixin.py:188} INFO - [2024-05-30T11:16:12.517+0000] {dagbag.py:540} INFO - Filling up the DagBag from /home/airflow/.local/lib/python3.8/site-packages/airflow/example_dags/tutorial.py
[2024-05-30T11:16:12.524+0000] {processor.py:840} INFO - DAG(s) 'tutorial' retrieved from /home/airflow/.local/lib/python3.8/site-packages/airflow/example_dags/tutorial.py
[2024-05-30T11:16:12.547+0000] {logging_mixin.py:188} INFO - [2024-05-30T11:16:12.546+0000] {dag.py:3047} INFO - Sync 1 DAGs
[2024-05-30T11:16:12.573+0000] {logging_mixin.py:188} INFO - [2024-05-30T11:16:12.573+0000] {dag.py:3834} INFO - Setting next_dagrun for tutorial to 2024-05-29 00:00:00+00:00, run_after=2024-05-30 00:00:00+00:00
[2024-05-30T11:16:12.599+0000] {processor.py:183} INFO - Processing /home/airflow/.local/lib/python3.8/site-packages/airflow/example_dags/tutorial.py took 0.088 seconds
[2024-05-30T11:16:42.778+0000] {processor.py:161} INFO - Started process (PID=177) to work on /home/airflow/.local/lib/python3.8/site-packages/airflow/example_dags/tutorial.py
[2024-05-30T11:16:42.781+0000] {processor.py:830} INFO - Processing file /home/airflow/.local/lib/python3.8/site-packages/airflow/example_dags/tutorial.py for tasks to queue
[2024-05-30T11:16:42.791+0000] {logging_mixin.py:188} INFO - [2024-05-30T11:16:42.790+0000] {dagbag.py:540} INFO - Filling up the DagBag from /home/airflow/.local/lib/python3.8/site-packages/airflow/example_dags/tutorial.py
[2024-05-30T11:16:42.805+0000] {processor.py:840} INFO - DAG(s) 'tutorial' retrieved from /home/airflow/.local/lib/python3.8/site-packages/airflow/example_dags/tutorial.py
[2024-05-30T11:16:42.842+0000] {logging_mixin.py:188} INFO - [2024-05-30T11:16:42.842+0000] {dag.py:3047} INFO - Sync 1 DAGs
[2024-05-30T11:16:42.889+0000] {logging_mixin.py:188} INFO - [2024-05-30T11:16:42.888+0000] {dag.py:3834} INFO - Setting next_dagrun for tutorial to 2024-05-29 00:00:00+00:00, run_after=2024-05-30 00:00:00+00:00
[2024-05-30T11:16:42.926+0000] {processor.py:183} INFO - Processing /home/airflow/.local/lib/python3.8/site-packages/airflow/example_dags/tutorial.py took 0.153 seconds
[2024-05-30T11:17:13.111+0000] {processor.py:161} INFO - Started process (PID=234) to work on /home/airflow/.local/lib/python3.8/site-packages/airflow/example_dags/tutorial.py
[2024-05-30T11:17:13.113+0000] {processor.py:830} INFO - Processing file /home/airflow/.local/lib/python3.8/site-packages/airflow/example_dags/tutorial.py for tasks to queue
[2024-05-30T11:17:13.115+0000] {logging_mixin.py:188} INFO - [2024-05-30T11:17:13.114+0000] {dagbag.py:540} INFO - Filling up the DagBag from /home/airflow/.local/lib/python3.8/site-packages/airflow/example_dags/tutorial.py
[2024-05-30T11:17:13.122+0000] {processor.py:840} INFO - DAG(s) 'tutorial' retrieved from /home/airflow/.local/lib/python3.8/site-packages/airflow/example_dags/tutorial.py
[2024-05-30T11:17:13.146+0000] {logging_mixin.py:188} INFO - [2024-05-30T11:17:13.146+0000] {dag.py:3047} INFO - Sync 1 DAGs
[2024-05-30T11:17:13.182+0000] {logging_mixin.py:188} INFO - [2024-05-30T11:17:13.181+0000] {dag.py:3834} INFO - Setting next_dagrun for tutorial to 2024-05-29 00:00:00+00:00, run_after=2024-05-30 00:00:00+00:00
[2024-05-30T11:17:13.217+0000] {processor.py:183} INFO - Processing /home/airflow/.local/lib/python3.8/site-packages/airflow/example_dags/tutorial.py took 0.109 seconds
[2024-05-30T11:17:44.415+0000] {processor.py:161} INFO - Started process (PID=291) to work on /home/airflow/.local/lib/python3.8/site-packages/airflow/example_dags/tutorial.py
[2024-05-30T11:17:44.416+0000] {processor.py:830} INFO - Processing file /home/airflow/.local/lib/python3.8/site-packages/airflow/example_dags/tutorial.py for tasks to queue
[2024-05-30T11:17:44.419+0000] {logging_mixin.py:188} INFO - [2024-05-30T11:17:44.418+0000] {dagbag.py:540} INFO - Filling up the DagBag from /home/airflow/.local/lib/python3.8/site-packages/airflow/example_dags/tutorial.py
[2024-05-30T11:17:44.426+0000] {processor.py:840} INFO - DAG(s) 'tutorial' retrieved from /home/airflow/.local/lib/python3.8/site-packages/airflow/example_dags/tutorial.py
[2024-05-30T11:17:44.449+0000] {logging_mixin.py:188} INFO - [2024-05-30T11:17:44.449+0000] {dag.py:3047} INFO - Sync 1 DAGs
[2024-05-30T11:17:44.477+0000] {logging_mixin.py:188} INFO - [2024-05-30T11:17:44.477+0000] {dag.py:3834} INFO - Setting next_dagrun for tutorial to 2024-05-29 00:00:00+00:00, run_after=2024-05-30 00:00:00+00:00
[2024-05-30T11:17:44.502+0000] {processor.py:183} INFO - Processing /home/airflow/.local/lib/python3.8/site-packages/airflow/example_dags/tutorial.py took 0.090 seconds
[2024-05-30T11:18:14.908+0000] {processor.py:161} INFO - Started process (PID=348) to work on /home/airflow/.local/lib/python3.8/site-packages/airflow/example_dags/tutorial.py
[2024-05-30T11:18:14.909+0000] {processor.py:830} INFO - Processing file /home/airflow/.local/lib/python3.8/site-packages/airflow/example_dags/tutorial.py for tasks to queue
[2024-05-30T11:18:14.911+0000] {logging_mixin.py:188} INFO - [2024-05-30T11:18:14.911+0000] {dagbag.py:540} INFO - Filling up the DagBag from /home/airflow/.local/lib/python3.8/site-packages/airflow/example_dags/tutorial.py
[2024-05-30T11:18:14.917+0000] {processor.py:840} INFO - DAG(s) 'tutorial' retrieved from /home/airflow/.local/lib/python3.8/site-packages/airflow/example_dags/tutorial.py
[2024-05-30T11:18:14.944+0000] {logging_mixin.py:188} INFO - [2024-05-30T11:18:14.944+0000] {dag.py:3047} INFO - Sync 1 DAGs
[2024-05-30T11:18:14.974+0000] {logging_mixin.py:188} INFO - [2024-05-30T11:18:14.974+0000] {dag.py:3834} INFO - Setting next_dagrun for tutorial to 2024-05-29 00:00:00+00:00, run_after=2024-05-30 00:00:00+00:00
[2024-05-30T11:18:15.003+0000] {processor.py:183} INFO - Processing /home/airflow/.local/lib/python3.8/site-packages/airflow/example_dags/tutorial.py took 0.097 seconds
[2024-05-30T11:18:45.338+0000] {processor.py:161} INFO - Started process (PID=405) to work on /home/airflow/.local/lib/python3.8/site-packages/airflow/example_dags/tutorial.py
[2024-05-30T11:18:45.339+0000] {processor.py:830} INFO - Processing file /home/airflow/.local/lib/python3.8/site-packages/airflow/example_dags/tutorial.py for tasks to queue
[2024-05-30T11:18:45.341+0000] {logging_mixin.py:188} INFO - [2024-05-30T11:18:45.341+0000] {dagbag.py:540} INFO - Filling up the DagBag from /home/airflow/.local/lib/python3.8/site-packages/airflow/example_dags/tutorial.py
[2024-05-30T11:18:45.346+0000] {processor.py:840} INFO - DAG(s) 'tutorial' retrieved from /home/airflow/.local/lib/python3.8/site-packages/airflow/example_dags/tutorial.py
[2024-05-30T11:18:45.368+0000] {logging_mixin.py:188} INFO - [2024-05-30T11:18:45.368+0000] {dag.py:3047} INFO - Sync 1 DAGs
[2024-05-30T11:18:45.395+0000] {logging_mixin.py:188} INFO - [2024-05-30T11:18:45.395+0000] {dag.py:3834} INFO - Setting next_dagrun for tutorial to 2024-05-29 00:00:00+00:00, run_after=2024-05-30 00:00:00+00:00
[2024-05-30T11:18:45.418+0000] {processor.py:183} INFO - Processing /home/airflow/.local/lib/python3.8/site-packages/airflow/example_dags/tutorial.py took 0.083 seconds
[2024-05-30T11:19:16.007+0000] {processor.py:161} INFO - Started process (PID=467) to work on /home/airflow/.local/lib/python3.8/site-packages/airflow/example_dags/tutorial.py
[2024-05-30T11:19:16.008+0000] {processor.py:830} INFO - Processing file /home/airflow/.local/lib/python3.8/site-packages/airflow/example_dags/tutorial.py for tasks to queue
[2024-05-30T11:19:16.011+0000] {logging_mixin.py:188} INFO - [2024-05-30T11:19:16.010+0000] {dagbag.py:540} INFO - Filling up the DagBag from /home/airflow/.local/lib/python3.8/site-packages/airflow/example_dags/tutorial.py
[2024-05-30T11:19:16.017+0000] {processor.py:840} INFO - DAG(s) 'tutorial' retrieved from /home/airflow/.local/lib/python3.8/site-packages/airflow/example_dags/tutorial.py
[2024-05-30T11:19:16.042+0000] {logging_mixin.py:188} INFO - [2024-05-30T11:19:16.041+0000] {dag.py:3047} INFO - Sync 1 DAGs
[2024-05-30T11:19:16.071+0000] {logging_mixin.py:188} INFO - [2024-05-30T11:19:16.071+0000] {dag.py:3834} INFO - Setting next_dagrun for tutorial to 2024-05-29 00:00:00+00:00, run_after=2024-05-30 00:00:00+00:00
[2024-05-30T11:19:16.093+0000] {processor.py:183} INFO - Processing /home/airflow/.local/lib/python3.8/site-packages/airflow/example_dags/tutorial.py took 0.089 seconds
[2024-05-30T11:19:46.478+0000] {processor.py:161} INFO - Started process (PID=523) to work on /home/airflow/.local/lib/python3.8/site-packages/airflow/example_dags/tutorial.py
[2024-05-30T11:19:46.480+0000] {processor.py:830} INFO - Processing file /home/airflow/.local/lib/python3.8/site-packages/airflow/example_dags/tutorial.py for tasks to queue
[2024-05-30T11:19:46.481+0000] {logging_mixin.py:188} INFO - [2024-05-30T11:19:46.481+0000] {dagbag.py:540} INFO - Filling up the DagBag from /home/airflow/.local/lib/python3.8/site-packages/airflow/example_dags/tutorial.py
[2024-05-30T11:19:46.487+0000] {processor.py:840} INFO - DAG(s) 'tutorial' retrieved from /home/airflow/.local/lib/python3.8/site-packages/airflow/example_dags/tutorial.py
[2024-05-30T11:19:46.507+0000] {logging_mixin.py:188} INFO - [2024-05-30T11:19:46.507+0000] {dag.py:3047} INFO - Sync 1 DAGs
[2024-05-30T11:19:46.534+0000] {logging_mixin.py:188} INFO - [2024-05-30T11:19:46.534+0000] {dag.py:3834} INFO - Setting next_dagrun for tutorial to 2024-05-29 00:00:00+00:00, run_after=2024-05-30 00:00:00+00:00
[2024-05-30T11:19:46.557+0000] {processor.py:183} INFO - Processing /home/airflow/.local/lib/python3.8/site-packages/airflow/example_dags/tutorial.py took 0.081 seconds
[2024-05-30T11:20:17.599+0000] {processor.py:161} INFO - Started process (PID=580) to work on /home/airflow/.local/lib/python3.8/site-packages/airflow/example_dags/tutorial.py
[2024-05-30T11:20:17.600+0000] {processor.py:830} INFO - Processing file /home/airflow/.local/lib/python3.8/site-packages/airflow/example_dags/tutorial.py for tasks to queue
[2024-05-30T11:20:17.603+0000] {logging_mixin.py:188} INFO - [2024-05-30T11:20:17.603+0000] {dagbag.py:540} INFO - Filling up the DagBag from /home/airflow/.local/lib/python3.8/site-packages/airflow/example_dags/tutorial.py
[2024-05-30T11:20:17.611+0000] {processor.py:840} INFO - DAG(s) 'tutorial' retrieved from /home/airflow/.local/lib/python3.8/site-packages/airflow/example_dags/tutorial.py
[2024-05-30T11:20:17.664+0000] {logging_mixin.py:188} INFO - [2024-05-30T11:20:17.663+0000] {dag.py:3047} INFO - Sync 1 DAGs
[2024-05-30T11:20:17.733+0000] {logging_mixin.py:188} INFO - [2024-05-30T11:20:17.733+0000] {dag.py:3834} INFO - Setting next_dagrun for tutorial to 2024-05-29 00:00:00+00:00, run_after=2024-05-30 00:00:00+00:00
[2024-05-30T11:20:17.791+0000] {processor.py:183} INFO - Processing /home/airflow/.local/lib/python3.8/site-packages/airflow/example_dags/tutorial.py took 0.196 seconds
[2024-05-30T11:20:48.756+0000] {processor.py:161} INFO - Started process (PID=637) to work on /home/airflow/.local/lib/python3.8/site-packages/airflow/example_dags/tutorial.py
[2024-05-30T11:20:48.758+0000] {processor.py:830} INFO - Processing file /home/airflow/.local/lib/python3.8/site-packages/airflow/example_dags/tutorial.py for tasks to queue
[2024-05-30T11:20:48.761+0000] {logging_mixin.py:188} INFO - [2024-05-30T11:20:48.760+0000] {dagbag.py:540} INFO - Filling up the DagBag from /home/airflow/.local/lib/python3.8/site-packages/airflow/example_dags/tutorial.py
[2024-05-30T11:20:48.770+0000] {processor.py:840} INFO - DAG(s) 'tutorial' retrieved from /home/airflow/.local/lib/python3.8/site-packages/airflow/example_dags/tutorial.py
[2024-05-30T11:20:48.808+0000] {logging_mixin.py:188} INFO - [2024-05-30T11:20:48.808+0000] {dag.py:3047} INFO - Sync 1 DAGs
[2024-05-30T11:20:48.861+0000] {logging_mixin.py:188} INFO - [2024-05-30T11:20:48.860+0000] {dag.py:3834} INFO - Setting next_dagrun for tutorial to 2024-05-29 00:00:00+00:00, run_after=2024-05-30 00:00:00+00:00
[2024-05-30T11:20:48.904+0000] {processor.py:183} INFO - Processing /home/airflow/.local/lib/python3.8/site-packages/airflow/example_dags/tutorial.py took 0.152 seconds
[2024-05-30T11:21:19.744+0000] {processor.py:161} INFO - Started process (PID=694) to work on /home/airflow/.local/lib/python3.8/site-packages/airflow/example_dags/tutorial.py
[2024-05-30T11:21:19.745+0000] {processor.py:830} INFO - Processing file /home/airflow/.local/lib/python3.8/site-packages/airflow/example_dags/tutorial.py for tasks to queue
[2024-05-30T11:21:19.747+0000] {logging_mixin.py:188} INFO - [2024-05-30T11:21:19.747+0000] {dagbag.py:540} INFO - Filling up the DagBag from /home/airflow/.local/lib/python3.8/site-packages/airflow/example_dags/tutorial.py
[2024-05-30T11:21:19.752+0000] {processor.py:840} INFO - DAG(s) 'tutorial' retrieved from /home/airflow/.local/lib/python3.8/site-packages/airflow/example_dags/tutorial.py
[2024-05-30T11:21:19.774+0000] {logging_mixin.py:188} INFO - [2024-05-30T11:21:19.773+0000] {dag.py:3047} INFO - Sync 1 DAGs
[2024-05-30T11:21:19.797+0000] {logging_mixin.py:188} INFO - [2024-05-30T11:21:19.797+0000] {dag.py:3834} INFO - Setting next_dagrun for tutorial to 2024-05-29 00:00:00+00:00, run_after=2024-05-30 00:00:00+00:00
[2024-05-30T11:21:19.819+0000] {processor.py:183} INFO - Processing /home/airflow/.local/lib/python3.8/site-packages/airflow/example_dags/tutorial.py took 0.078 seconds
[2024-05-30T11:21:50.483+0000] {processor.py:161} INFO - Started process (PID=751) to work on /home/airflow/.local/lib/python3.8/site-packages/airflow/example_dags/tutorial.py
[2024-05-30T11:21:50.484+0000] {processor.py:830} INFO - Processing file /home/airflow/.local/lib/python3.8/site-packages/airflow/example_dags/tutorial.py for tasks to queue
[2024-05-30T11:21:50.487+0000] {logging_mixin.py:188} INFO - [2024-05-30T11:21:50.487+0000] {dagbag.py:540} INFO - Filling up the DagBag from /home/airflow/.local/lib/python3.8/site-packages/airflow/example_dags/tutorial.py
[2024-05-30T11:21:50.495+0000] {processor.py:840} INFO - DAG(s) 'tutorial' retrieved from /home/airflow/.local/lib/python3.8/site-packages/airflow/example_dags/tutorial.py
[2024-05-30T11:21:50.519+0000] {logging_mixin.py:188} INFO - [2024-05-30T11:21:50.518+0000] {dag.py:3047} INFO - Sync 1 DAGs
[2024-05-30T11:21:50.551+0000] {logging_mixin.py:188} INFO - [2024-05-30T11:21:50.551+0000] {dag.py:3834} INFO - Setting next_dagrun for tutorial to 2024-05-29 00:00:00+00:00, run_after=2024-05-30 00:00:00+00:00
[2024-05-30T11:21:50.577+0000] {processor.py:183} INFO - Processing /home/airflow/.local/lib/python3.8/site-packages/airflow/example_dags/tutorial.py took 0.099 seconds
[2024-05-30T11:22:20.727+0000] {processor.py:161} INFO - Started process (PID=808) to work on /home/airflow/.local/lib/python3.8/site-packages/airflow/example_dags/tutorial.py
[2024-05-30T11:22:20.729+0000] {processor.py:830} INFO - Processing file /home/airflow/.local/lib/python3.8/site-packages/airflow/example_dags/tutorial.py for tasks to queue
[2024-05-30T11:22:20.731+0000] {logging_mixin.py:188} INFO - [2024-05-30T11:22:20.731+0000] {dagbag.py:540} INFO - Filling up the DagBag from /home/airflow/.local/lib/python3.8/site-packages/airflow/example_dags/tutorial.py
[2024-05-30T11:22:20.737+0000] {processor.py:840} INFO - DAG(s) 'tutorial' retrieved from /home/airflow/.local/lib/python3.8/site-packages/airflow/example_dags/tutorial.py
[2024-05-30T11:22:20.761+0000] {logging_mixin.py:188} INFO - [2024-05-30T11:22:20.761+0000] {dag.py:3047} INFO - Sync 1 DAGs
[2024-05-30T11:22:20.788+0000] {logging_mixin.py:188} INFO - [2024-05-30T11:22:20.788+0000] {dag.py:3834} INFO - Setting next_dagrun for tutorial to 2024-05-29 00:00:00+00:00, run_after=2024-05-30 00:00:00+00:00
[2024-05-30T11:22:20.811+0000] {processor.py:183} INFO - Processing /home/airflow/.local/lib/python3.8/site-packages/airflow/example_dags/tutorial.py took 0.089 seconds
[2024-05-30T11:22:51.460+0000] {processor.py:161} INFO - Started process (PID=865) to work on /home/airflow/.local/lib/python3.8/site-packages/airflow/example_dags/tutorial.py
[2024-05-30T11:22:51.461+0000] {processor.py:830} INFO - Processing file /home/airflow/.local/lib/python3.8/site-packages/airflow/example_dags/tutorial.py for tasks to queue
[2024-05-30T11:22:51.463+0000] {logging_mixin.py:188} INFO - [2024-05-30T11:22:51.462+0000] {dagbag.py:540} INFO - Filling up the DagBag from /home/airflow/.local/lib/python3.8/site-packages/airflow/example_dags/tutorial.py
[2024-05-30T11:22:51.469+0000] {processor.py:840} INFO - DAG(s) 'tutorial' retrieved from /home/airflow/.local/lib/python3.8/site-packages/airflow/example_dags/tutorial.py
[2024-05-30T11:22:51.494+0000] {logging_mixin.py:188} INFO - [2024-05-30T11:22:51.493+0000] {dag.py:3047} INFO - Sync 1 DAGs
[2024-05-30T11:22:51.523+0000] {logging_mixin.py:188} INFO - [2024-05-30T11:22:51.523+0000] {dag.py:3834} INFO - Setting next_dagrun for tutorial to 2024-05-29 00:00:00+00:00, run_after=2024-05-30 00:00:00+00:00
[2024-05-30T11:22:51.549+0000] {processor.py:183} INFO - Processing /home/airflow/.local/lib/python3.8/site-packages/airflow/example_dags/tutorial.py took 0.092 seconds
[2024-05-30T11:23:22.003+0000] {processor.py:161} INFO - Started process (PID=922) to work on /home/airflow/.local/lib/python3.8/site-packages/airflow/example_dags/tutorial.py
[2024-05-30T11:23:22.005+0000] {processor.py:830} INFO - Processing file /home/airflow/.local/lib/python3.8/site-packages/airflow/example_dags/tutorial.py for tasks to queue
[2024-05-30T11:23:22.008+0000] {logging_mixin.py:188} INFO - [2024-05-30T11:23:22.007+0000] {dagbag.py:540} INFO - Filling up the DagBag from /home/airflow/.local/lib/python3.8/site-packages/airflow/example_dags/tutorial.py
[2024-05-30T11:23:22.019+0000] {processor.py:840} INFO - DAG(s) 'tutorial' retrieved from /home/airflow/.local/lib/python3.8/site-packages/airflow/example_dags/tutorial.py
[2024-05-30T11:23:22.066+0000] {logging_mixin.py:188} INFO - [2024-05-30T11:23:22.065+0000] {dag.py:3047} INFO - Sync 1 DAGs
[2024-05-30T11:23:22.105+0000] {logging_mixin.py:188} INFO - [2024-05-30T11:23:22.105+0000] {dag.py:3834} INFO - Setting next_dagrun for tutorial to 2024-05-29 00:00:00+00:00, run_after=2024-05-30 00:00:00+00:00
[2024-05-30T11:23:22.214+0000] {processor.py:183} INFO - Processing /home/airflow/.local/lib/python3.8/site-packages/airflow/example_dags/tutorial.py took 0.214 seconds
[2024-05-30T11:23:52.986+0000] {processor.py:161} INFO - Started process (PID=979) to work on /home/airflow/.local/lib/python3.8/site-packages/airflow/example_dags/tutorial.py
[2024-05-30T11:23:52.988+0000] {processor.py:830} INFO - Processing file /home/airflow/.local/lib/python3.8/site-packages/airflow/example_dags/tutorial.py for tasks to queue
[2024-05-30T11:23:52.990+0000] {logging_mixin.py:188} INFO - [2024-05-30T11:23:52.990+0000] {dagbag.py:540} INFO - Filling up the DagBag from /home/airflow/.local/lib/python3.8/site-packages/airflow/example_dags/tutorial.py
[2024-05-30T11:23:53.000+0000] {processor.py:840} INFO - DAG(s) 'tutorial' retrieved from /home/airflow/.local/lib/python3.8/site-packages/airflow/example_dags/tutorial.py
[2024-05-30T11:23:53.035+0000] {logging_mixin.py:188} INFO - [2024-05-30T11:23:53.035+0000] {dag.py:3047} INFO - Sync 1 DAGs
[2024-05-30T11:23:53.091+0000] {logging_mixin.py:188} INFO - [2024-05-30T11:23:53.090+0000] {dag.py:3834} INFO - Setting next_dagrun for tutorial to 2024-05-29 00:00:00+00:00, run_after=2024-05-30 00:00:00+00:00
[2024-05-30T11:23:53.131+0000] {processor.py:183} INFO - Processing /home/airflow/.local/lib/python3.8/site-packages/airflow/example_dags/tutorial.py took 0.149 seconds
[2024-05-30T11:24:23.882+0000] {processor.py:161} INFO - Started process (PID=1036) to work on /home/airflow/.local/lib/python3.8/site-packages/airflow/example_dags/tutorial.py
[2024-05-30T11:24:23.885+0000] {processor.py:830} INFO - Processing file /home/airflow/.local/lib/python3.8/site-packages/airflow/example_dags/tutorial.py for tasks to queue
[2024-05-30T11:24:23.896+0000] {logging_mixin.py:188} INFO - [2024-05-30T11:24:23.888+0000] {dagbag.py:540} INFO - Filling up the DagBag from /home/airflow/.local/lib/python3.8/site-packages/airflow/example_dags/tutorial.py
[2024-05-30T11:24:23.917+0000] {processor.py:840} INFO - DAG(s) 'tutorial' retrieved from /home/airflow/.local/lib/python3.8/site-packages/airflow/example_dags/tutorial.py
[2024-05-30T11:24:23.986+0000] {logging_mixin.py:188} INFO - [2024-05-30T11:24:23.985+0000] {dag.py:3047} INFO - Sync 1 DAGs
[2024-05-30T11:24:24.076+0000] {logging_mixin.py:188} INFO - [2024-05-30T11:24:24.075+0000] {dag.py:3834} INFO - Setting next_dagrun for tutorial to 2024-05-29 00:00:00+00:00, run_after=2024-05-30 00:00:00+00:00
[2024-05-30T11:24:24.133+0000] {processor.py:183} INFO - Processing /home/airflow/.local/lib/python3.8/site-packages/airflow/example_dags/tutorial.py took 0.257 seconds
[2024-05-30T11:24:54.719+0000] {processor.py:161} INFO - Started process (PID=1093) to work on /home/airflow/.local/lib/python3.8/site-packages/airflow/example_dags/tutorial.py
[2024-05-30T11:24:54.720+0000] {processor.py:830} INFO - Processing file /home/airflow/.local/lib/python3.8/site-packages/airflow/example_dags/tutorial.py for tasks to queue
[2024-05-30T11:24:54.725+0000] {logging_mixin.py:188} INFO - [2024-05-30T11:24:54.723+0000] {dagbag.py:540} INFO - Filling up the DagBag from /home/airflow/.local/lib/python3.8/site-packages/airflow/example_dags/tutorial.py
[2024-05-30T11:24:54.734+0000] {processor.py:840} INFO - DAG(s) 'tutorial' retrieved from /home/airflow/.local/lib/python3.8/site-packages/airflow/example_dags/tutorial.py
[2024-05-30T11:24:54.768+0000] {logging_mixin.py:188} INFO - [2024-05-30T11:24:54.767+0000] {dag.py:3047} INFO - Sync 1 DAGs
[2024-05-30T11:24:54.821+0000] {logging_mixin.py:188} INFO - [2024-05-30T11:24:54.821+0000] {dag.py:3834} INFO - Setting next_dagrun for tutorial to 2024-05-29 00:00:00+00:00, run_after=2024-05-30 00:00:00+00:00
[2024-05-30T11:24:54.869+0000] {processor.py:183} INFO - Processing /home/airflow/.local/lib/python3.8/site-packages/airflow/example_dags/tutorial.py took 0.154 seconds
[2024-05-30T11:25:24.995+0000] {processor.py:161} INFO - Started process (PID=1150) to work on /home/airflow/.local/lib/python3.8/site-packages/airflow/example_dags/tutorial.py
[2024-05-30T11:25:24.996+0000] {processor.py:830} INFO - Processing file /home/airflow/.local/lib/python3.8/site-packages/airflow/example_dags/tutorial.py for tasks to queue
[2024-05-30T11:25:25.000+0000] {logging_mixin.py:188} INFO - [2024-05-30T11:25:24.999+0000] {dagbag.py:540} INFO - Filling up the DagBag from /home/airflow/.local/lib/python3.8/site-packages/airflow/example_dags/tutorial.py
[2024-05-30T11:25:25.007+0000] {processor.py:840} INFO - DAG(s) 'tutorial' retrieved from /home/airflow/.local/lib/python3.8/site-packages/airflow/example_dags/tutorial.py
[2024-05-30T11:25:25.032+0000] {logging_mixin.py:188} INFO - [2024-05-30T11:25:25.032+0000] {dag.py:3047} INFO - Sync 1 DAGs
[2024-05-30T11:25:25.070+0000] {logging_mixin.py:188} INFO - [2024-05-30T11:25:25.069+0000] {dag.py:3834} INFO - Setting next_dagrun for tutorial to 2024-05-29 00:00:00+00:00, run_after=2024-05-30 00:00:00+00:00
[2024-05-30T11:25:25.098+0000] {processor.py:183} INFO - Processing /home/airflow/.local/lib/python3.8/site-packages/airflow/example_dags/tutorial.py took 0.106 seconds
[2024-05-30T11:25:56.303+0000] {processor.py:161} INFO - Started process (PID=1207) to work on /home/airflow/.local/lib/python3.8/site-packages/airflow/example_dags/tutorial.py
[2024-05-30T11:25:56.308+0000] {processor.py:830} INFO - Processing file /home/airflow/.local/lib/python3.8/site-packages/airflow/example_dags/tutorial.py for tasks to queue
[2024-05-30T11:25:56.315+0000] {logging_mixin.py:188} INFO - [2024-05-30T11:25:56.313+0000] {dagbag.py:540} INFO - Filling up the DagBag from /home/airflow/.local/lib/python3.8/site-packages/airflow/example_dags/tutorial.py
[2024-05-30T11:25:56.326+0000] {processor.py:840} INFO - DAG(s) 'tutorial' retrieved from /home/airflow/.local/lib/python3.8/site-packages/airflow/example_dags/tutorial.py
[2024-05-30T11:25:56.422+0000] {logging_mixin.py:188} INFO - [2024-05-30T11:25:56.421+0000] {dag.py:3047} INFO - Sync 1 DAGs
[2024-05-30T11:25:56.482+0000] {logging_mixin.py:188} INFO - [2024-05-30T11:25:56.481+0000] {dag.py:3834} INFO - Setting next_dagrun for tutorial to 2024-05-29 00:00:00+00:00, run_after=2024-05-30 00:00:00+00:00
[2024-05-30T11:25:56.545+0000] {processor.py:183} INFO - Processing /home/airflow/.local/lib/python3.8/site-packages/airflow/example_dags/tutorial.py took 0.248 seconds
[2024-05-30T11:26:27.215+0000] {processor.py:161} INFO - Started process (PID=1264) to work on /home/airflow/.local/lib/python3.8/site-packages/airflow/example_dags/tutorial.py
[2024-05-30T11:26:27.218+0000] {processor.py:830} INFO - Processing file /home/airflow/.local/lib/python3.8/site-packages/airflow/example_dags/tutorial.py for tasks to queue
[2024-05-30T11:26:27.221+0000] {logging_mixin.py:188} INFO - [2024-05-30T11:26:27.221+0000] {dagbag.py:540} INFO - Filling up the DagBag from /home/airflow/.local/lib/python3.8/site-packages/airflow/example_dags/tutorial.py
[2024-05-30T11:26:27.232+0000] {processor.py:840} INFO - DAG(s) 'tutorial' retrieved from /home/airflow/.local/lib/python3.8/site-packages/airflow/example_dags/tutorial.py
[2024-05-30T11:26:27.270+0000] {logging_mixin.py:188} INFO - [2024-05-30T11:26:27.269+0000] {dag.py:3047} INFO - Sync 1 DAGs
[2024-05-30T11:26:27.318+0000] {logging_mixin.py:188} INFO - [2024-05-30T11:26:27.317+0000] {dag.py:3834} INFO - Setting next_dagrun for tutorial to 2024-05-29 00:00:00+00:00, run_after=2024-05-30 00:00:00+00:00
[2024-05-30T11:26:27.360+0000] {processor.py:183} INFO - Processing /home/airflow/.local/lib/python3.8/site-packages/airflow/example_dags/tutorial.py took 0.151 seconds
[2024-05-30T11:26:58.352+0000] {processor.py:161} INFO - Started process (PID=1321) to work on /home/airflow/.local/lib/python3.8/site-packages/airflow/example_dags/tutorial.py
[2024-05-30T11:26:58.354+0000] {processor.py:830} INFO - Processing file /home/airflow/.local/lib/python3.8/site-packages/airflow/example_dags/tutorial.py for tasks to queue
[2024-05-30T11:26:58.357+0000] {logging_mixin.py:188} INFO - [2024-05-30T11:26:58.356+0000] {dagbag.py:540} INFO - Filling up the DagBag from /home/airflow/.local/lib/python3.8/site-packages/airflow/example_dags/tutorial.py
[2024-05-30T11:26:58.370+0000] {processor.py:840} INFO - DAG(s) 'tutorial' retrieved from /home/airflow/.local/lib/python3.8/site-packages/airflow/example_dags/tutorial.py
[2024-05-30T11:26:58.409+0000] {logging_mixin.py:188} INFO - [2024-05-30T11:26:58.408+0000] {dag.py:3047} INFO - Sync 1 DAGs
[2024-05-30T11:26:58.460+0000] {logging_mixin.py:188} INFO - [2024-05-30T11:26:58.459+0000] {dag.py:3834} INFO - Setting next_dagrun for tutorial to 2024-05-29 00:00:00+00:00, run_after=2024-05-30 00:00:00+00:00
[2024-05-30T11:26:58.499+0000] {processor.py:183} INFO - Processing /home/airflow/.local/lib/python3.8/site-packages/airflow/example_dags/tutorial.py took 0.153 seconds
[2024-05-30T11:27:29.066+0000] {processor.py:161} INFO - Started process (PID=1378) to work on /home/airflow/.local/lib/python3.8/site-packages/airflow/example_dags/tutorial.py
[2024-05-30T11:27:29.068+0000] {processor.py:830} INFO - Processing file /home/airflow/.local/lib/python3.8/site-packages/airflow/example_dags/tutorial.py for tasks to queue
[2024-05-30T11:27:29.074+0000] {logging_mixin.py:188} INFO - [2024-05-30T11:27:29.073+0000] {dagbag.py:540} INFO - Filling up the DagBag from /home/airflow/.local/lib/python3.8/site-packages/airflow/example_dags/tutorial.py
[2024-05-30T11:27:29.085+0000] {processor.py:840} INFO - DAG(s) 'tutorial' retrieved from /home/airflow/.local/lib/python3.8/site-packages/airflow/example_dags/tutorial.py
[2024-05-30T11:27:29.121+0000] {logging_mixin.py:188} INFO - [2024-05-30T11:27:29.120+0000] {dag.py:3047} INFO - Sync 1 DAGs
[2024-05-30T11:27:29.175+0000] {logging_mixin.py:188} INFO - [2024-05-30T11:27:29.175+0000] {dag.py:3834} INFO - Setting next_dagrun for tutorial to 2024-05-29 00:00:00+00:00, run_after=2024-05-30 00:00:00+00:00
[2024-05-30T11:27:29.215+0000] {processor.py:183} INFO - Processing /home/airflow/.local/lib/python3.8/site-packages/airflow/example_dags/tutorial.py took 0.153 seconds
[2024-05-30T11:27:59.460+0000] {processor.py:161} INFO - Started process (PID=1435) to work on /home/airflow/.local/lib/python3.8/site-packages/airflow/example_dags/tutorial.py
[2024-05-30T11:27:59.462+0000] {processor.py:830} INFO - Processing file /home/airflow/.local/lib/python3.8/site-packages/airflow/example_dags/tutorial.py for tasks to queue
[2024-05-30T11:27:59.467+0000] {logging_mixin.py:188} INFO - [2024-05-30T11:27:59.465+0000] {dagbag.py:540} INFO - Filling up the DagBag from /home/airflow/.local/lib/python3.8/site-packages/airflow/example_dags/tutorial.py
[2024-05-30T11:27:59.478+0000] {processor.py:840} INFO - DAG(s) 'tutorial' retrieved from /home/airflow/.local/lib/python3.8/site-packages/airflow/example_dags/tutorial.py
[2024-05-30T11:27:59.509+0000] {logging_mixin.py:188} INFO - [2024-05-30T11:27:59.508+0000] {dag.py:3047} INFO - Sync 1 DAGs
[2024-05-30T11:27:59.559+0000] {logging_mixin.py:188} INFO - [2024-05-30T11:27:59.558+0000] {dag.py:3834} INFO - Setting next_dagrun for tutorial to 2024-05-29 00:00:00+00:00, run_after=2024-05-30 00:00:00+00:00
[2024-05-30T11:27:59.591+0000] {processor.py:183} INFO - Processing /home/airflow/.local/lib/python3.8/site-packages/airflow/example_dags/tutorial.py took 0.136 seconds
[2024-05-30T11:28:29.712+0000] {processor.py:161} INFO - Started process (PID=1492) to work on /home/airflow/.local/lib/python3.8/site-packages/airflow/example_dags/tutorial.py
[2024-05-30T11:28:29.713+0000] {processor.py:830} INFO - Processing file /home/airflow/.local/lib/python3.8/site-packages/airflow/example_dags/tutorial.py for tasks to queue
[2024-05-30T11:28:29.715+0000] {logging_mixin.py:188} INFO - [2024-05-30T11:28:29.715+0000] {dagbag.py:540} INFO - Filling up the DagBag from /home/airflow/.local/lib/python3.8/site-packages/airflow/example_dags/tutorial.py
[2024-05-30T11:28:29.722+0000] {processor.py:840} INFO - DAG(s) 'tutorial' retrieved from /home/airflow/.local/lib/python3.8/site-packages/airflow/example_dags/tutorial.py
[2024-05-30T11:28:29.744+0000] {logging_mixin.py:188} INFO - [2024-05-30T11:28:29.744+0000] {dag.py:3047} INFO - Sync 1 DAGs
[2024-05-30T11:28:29.771+0000] {logging_mixin.py:188} INFO - [2024-05-30T11:28:29.771+0000] {dag.py:3834} INFO - Setting next_dagrun for tutorial to 2024-05-29 00:00:00+00:00, run_after=2024-05-30 00:00:00+00:00
[2024-05-30T11:28:29.798+0000] {processor.py:183} INFO - Processing /home/airflow/.local/lib/python3.8/site-packages/airflow/example_dags/tutorial.py took 0.089 seconds
[2024-05-30T11:29:00.044+0000] {processor.py:161} INFO - Started process (PID=1549) to work on /home/airflow/.local/lib/python3.8/site-packages/airflow/example_dags/tutorial.py
[2024-05-30T11:29:00.045+0000] {processor.py:830} INFO - Processing file /home/airflow/.local/lib/python3.8/site-packages/airflow/example_dags/tutorial.py for tasks to queue
[2024-05-30T11:29:00.048+0000] {logging_mixin.py:188} INFO - [2024-05-30T11:29:00.048+0000] {dagbag.py:540} INFO - Filling up the DagBag from /home/airflow/.local/lib/python3.8/site-packages/airflow/example_dags/tutorial.py
[2024-05-30T11:29:00.056+0000] {processor.py:840} INFO - DAG(s) 'tutorial' retrieved from /home/airflow/.local/lib/python3.8/site-packages/airflow/example_dags/tutorial.py
[2024-05-30T11:29:00.088+0000] {logging_mixin.py:188} INFO - [2024-05-30T11:29:00.088+0000] {dag.py:3047} INFO - Sync 1 DAGs
[2024-05-30T11:29:00.131+0000] {logging_mixin.py:188} INFO - [2024-05-30T11:29:00.131+0000] {dag.py:3834} INFO - Setting next_dagrun for tutorial to 2024-05-29 00:00:00+00:00, run_after=2024-05-30 00:00:00+00:00
[2024-05-30T11:29:00.164+0000] {processor.py:183} INFO - Processing /home/airflow/.local/lib/python3.8/site-packages/airflow/example_dags/tutorial.py took 0.123 seconds
[2024-05-30T11:29:30.886+0000] {processor.py:161} INFO - Started process (PID=1606) to work on /home/airflow/.local/lib/python3.8/site-packages/airflow/example_dags/tutorial.py
[2024-05-30T11:29:30.888+0000] {processor.py:830} INFO - Processing file /home/airflow/.local/lib/python3.8/site-packages/airflow/example_dags/tutorial.py for tasks to queue
[2024-05-30T11:29:30.890+0000] {logging_mixin.py:188} INFO - [2024-05-30T11:29:30.890+0000] {dagbag.py:540} INFO - Filling up the DagBag from /home/airflow/.local/lib/python3.8/site-packages/airflow/example_dags/tutorial.py
[2024-05-30T11:29:30.897+0000] {processor.py:840} INFO - DAG(s) 'tutorial' retrieved from /home/airflow/.local/lib/python3.8/site-packages/airflow/example_dags/tutorial.py
[2024-05-30T11:29:30.923+0000] {logging_mixin.py:188} INFO - [2024-05-30T11:29:30.923+0000] {dag.py:3047} INFO - Sync 1 DAGs
[2024-05-30T11:29:30.957+0000] {logging_mixin.py:188} INFO - [2024-05-30T11:29:30.956+0000] {dag.py:3834} INFO - Setting next_dagrun for tutorial to 2024-05-29 00:00:00+00:00, run_after=2024-05-30 00:00:00+00:00
[2024-05-30T11:29:30.992+0000] {processor.py:183} INFO - Processing /home/airflow/.local/lib/python3.8/site-packages/airflow/example_dags/tutorial.py took 0.108 seconds
[2024-05-30T11:30:01.303+0000] {processor.py:161} INFO - Started process (PID=1663) to work on /home/airflow/.local/lib/python3.8/site-packages/airflow/example_dags/tutorial.py
[2024-05-30T11:30:01.304+0000] {processor.py:830} INFO - Processing file /home/airflow/.local/lib/python3.8/site-packages/airflow/example_dags/tutorial.py for tasks to queue
[2024-05-30T11:30:01.307+0000] {logging_mixin.py:188} INFO - [2024-05-30T11:30:01.306+0000] {dagbag.py:540} INFO - Filling up the DagBag from /home/airflow/.local/lib/python3.8/site-packages/airflow/example_dags/tutorial.py
[2024-05-30T11:30:01.313+0000] {processor.py:840} INFO - DAG(s) 'tutorial' retrieved from /home/airflow/.local/lib/python3.8/site-packages/airflow/example_dags/tutorial.py
[2024-05-30T11:30:01.344+0000] {logging_mixin.py:188} INFO - [2024-05-30T11:30:01.344+0000] {dag.py:3047} INFO - Sync 1 DAGs
[2024-05-30T11:30:01.378+0000] {logging_mixin.py:188} INFO - [2024-05-30T11:30:01.377+0000] {dag.py:3834} INFO - Setting next_dagrun for tutorial to 2024-05-29 00:00:00+00:00, run_after=2024-05-30 00:00:00+00:00
[2024-05-30T11:30:01.409+0000] {processor.py:183} INFO - Processing /home/airflow/.local/lib/python3.8/site-packages/airflow/example_dags/tutorial.py took 0.110 seconds
[2024-05-30T11:30:31.591+0000] {processor.py:161} INFO - Started process (PID=1720) to work on /home/airflow/.local/lib/python3.8/site-packages/airflow/example_dags/tutorial.py
[2024-05-30T11:30:31.592+0000] {processor.py:830} INFO - Processing file /home/airflow/.local/lib/python3.8/site-packages/airflow/example_dags/tutorial.py for tasks to queue
[2024-05-30T11:30:31.594+0000] {logging_mixin.py:188} INFO - [2024-05-30T11:30:31.594+0000] {dagbag.py:540} INFO - Filling up the DagBag from /home/airflow/.local/lib/python3.8/site-packages/airflow/example_dags/tutorial.py
[2024-05-30T11:30:31.600+0000] {processor.py:840} INFO - DAG(s) 'tutorial' retrieved from /home/airflow/.local/lib/python3.8/site-packages/airflow/example_dags/tutorial.py
[2024-05-30T11:30:31.622+0000] {logging_mixin.py:188} INFO - [2024-05-30T11:30:31.621+0000] {dag.py:3047} INFO - Sync 1 DAGs
[2024-05-30T11:30:31.648+0000] {logging_mixin.py:188} INFO - [2024-05-30T11:30:31.648+0000] {dag.py:3834} INFO - Setting next_dagrun for tutorial to 2024-05-29 00:00:00+00:00, run_after=2024-05-30 00:00:00+00:00
[2024-05-30T11:30:31.675+0000] {processor.py:183} INFO - Processing /home/airflow/.local/lib/python3.8/site-packages/airflow/example_dags/tutorial.py took 0.087 seconds
[2024-05-30T11:31:02.374+0000] {processor.py:161} INFO - Started process (PID=1777) to work on /home/airflow/.local/lib/python3.8/site-packages/airflow/example_dags/tutorial.py
[2024-05-30T11:31:02.376+0000] {processor.py:830} INFO - Processing file /home/airflow/.local/lib/python3.8/site-packages/airflow/example_dags/tutorial.py for tasks to queue
[2024-05-30T11:31:02.380+0000] {logging_mixin.py:188} INFO - [2024-05-30T11:31:02.379+0000] {dagbag.py:540} INFO - Filling up the DagBag from /home/airflow/.local/lib/python3.8/site-packages/airflow/example_dags/tutorial.py
[2024-05-30T11:31:02.398+0000] {processor.py:840} INFO - DAG(s) 'tutorial' retrieved from /home/airflow/.local/lib/python3.8/site-packages/airflow/example_dags/tutorial.py
[2024-05-30T11:31:02.441+0000] {logging_mixin.py:188} INFO - [2024-05-30T11:31:02.440+0000] {dag.py:3047} INFO - Sync 1 DAGs
[2024-05-30T11:31:02.486+0000] {logging_mixin.py:188} INFO - [2024-05-30T11:31:02.485+0000] {dag.py:3834} INFO - Setting next_dagrun for tutorial to 2024-05-29 00:00:00+00:00, run_after=2024-05-30 00:00:00+00:00
[2024-05-30T11:31:02.527+0000] {processor.py:183} INFO - Processing /home/airflow/.local/lib/python3.8/site-packages/airflow/example_dags/tutorial.py took 0.168 seconds
[2024-05-30T11:31:32.947+0000] {processor.py:161} INFO - Started process (PID=1834) to work on /home/airflow/.local/lib/python3.8/site-packages/airflow/example_dags/tutorial.py
[2024-05-30T11:31:32.948+0000] {processor.py:830} INFO - Processing file /home/airflow/.local/lib/python3.8/site-packages/airflow/example_dags/tutorial.py for tasks to queue
[2024-05-30T11:31:32.951+0000] {logging_mixin.py:188} INFO - [2024-05-30T11:31:32.950+0000] {dagbag.py:540} INFO - Filling up the DagBag from /home/airflow/.local/lib/python3.8/site-packages/airflow/example_dags/tutorial.py
[2024-05-30T11:31:32.958+0000] {processor.py:840} INFO - DAG(s) 'tutorial' retrieved from /home/airflow/.local/lib/python3.8/site-packages/airflow/example_dags/tutorial.py
[2024-05-30T11:31:32.992+0000] {logging_mixin.py:188} INFO - [2024-05-30T11:31:32.991+0000] {dag.py:3047} INFO - Sync 1 DAGs
[2024-05-30T11:31:33.042+0000] {logging_mixin.py:188} INFO - [2024-05-30T11:31:33.041+0000] {dag.py:3834} INFO - Setting next_dagrun for tutorial to 2024-05-29 00:00:00+00:00, run_after=2024-05-30 00:00:00+00:00
[2024-05-30T11:31:33.077+0000] {processor.py:183} INFO - Processing /home/airflow/.local/lib/python3.8/site-packages/airflow/example_dags/tutorial.py took 0.134 seconds
