[2024-05-29T07:12:11.133+0000] {taskinstance.py:1979} INFO - Dependencies all met for dep_context=non-requeueable deps ti=<TaskInstance: crawl_stock_data.crawl_stock_price_task scheduled__2024-05-28T00:00:00+00:00 [queued]>
[2024-05-29T07:12:11.155+0000] {taskinstance.py:1979} INFO - Dependencies all met for dep_context=requeueable deps ti=<TaskInstance: crawl_stock_data.crawl_stock_price_task scheduled__2024-05-28T00:00:00+00:00 [queued]>
[2024-05-29T07:12:11.156+0000] {taskinstance.py:2193} INFO - Starting attempt 1 of 2
[2024-05-29T07:12:11.219+0000] {taskinstance.py:2214} INFO - Executing <Task(PythonOperator): crawl_stock_price_task> on 2024-05-28 00:00:00+00:00
[2024-05-29T07:12:11.228+0000] {standard_task_runner.py:60} INFO - Started process 66 to run task
[2024-05-29T07:12:11.231+0000] {standard_task_runner.py:87} INFO - Running: ['***', 'tasks', 'run', 'crawl_stock_data', 'crawl_stock_price_task', 'scheduled__2024-05-28T00:00:00+00:00', '--job-id', '26', '--raw', '--subdir', 'DAGS_FOLDER/price_stock.py', '--cfg-path', '/tmp/tmpcdy7r0mw']
[2024-05-29T07:12:11.237+0000] {standard_task_runner.py:88} INFO - Job 26: Subtask crawl_stock_price_task
[2024-05-29T07:12:11.377+0000] {task_command.py:423} INFO - Running <TaskInstance: crawl_stock_data.crawl_stock_price_task scheduled__2024-05-28T00:00:00+00:00 [running]> on host 07e174e0804e
[2024-05-29T07:12:11.589+0000] {taskinstance.py:2510} INFO - Exporting env vars: AIRFLOW_CTX_DAG_OWNER='***' AIRFLOW_CTX_DAG_ID='crawl_stock_data' AIRFLOW_CTX_TASK_ID='crawl_stock_price_task' AIRFLOW_CTX_EXECUTION_DATE='2024-05-28T00:00:00+00:00' AIRFLOW_CTX_TRY_NUMBER='1' AIRFLOW_CTX_DAG_RUN_ID='scheduled__2024-05-28T00:00:00+00:00'
[2024-05-29T07:12:11.594+0000] {logging_mixin.py:188} INFO - https://finfo-api.vndirect.com.vn/v4/stock_prices?sort=date&q=code:VNM,VCB,VIC,BID,SSI,PNJ,HPG,GAS,MWG,VJC~date:gte:2020-01-01~date:lte:2024-12-31&size=9990&page=1
[2024-05-29T07:12:16.374+0000] {python.py:202} INFO - Done. Returned value was:      code        date      time floor  ...    ptValue  change  adChange  pctChange
0     BID  2024-05-29  14:10:46  HOSE  ...     5.3028   -0.40   -0.4000    -0.8147
1     SSI  2024-05-29  14:10:54  HOSE  ...     2.3140   -0.15   -0.1500    -0.4213
2     GAS  2024-05-29  14:10:54  HOSE  ...  4903.5348    0.70    0.7000     0.8547
3     VIC  2024-05-29  14:10:47  HOSE  ...   904.0000   -0.70   -0.7000    -1.5538
4     VCB  2024-05-29  14:10:53  HOSE  ...     9.7049   -0.80   -0.8000    -0.8820
...   ...         ...       ...   ...  ...        ...     ...       ...        ...
9985  BID  2020-06-01  15:06:04  HOSE  ...     0.0000    1.35    0.9324     3.3666
9986  GAS  2020-06-01  15:06:04  HOSE  ...     0.0000    0.90    0.6512     1.2097
9987  VNM  2020-06-01  15:06:04  HOSE  ...     0.0000    1.10    0.7595     0.9565
9988  PNJ  2020-06-01  15:06:04  HOSE  ...     0.0000    0.80    0.5576     1.2678
9989  HPG  2020-06-01  15:06:04  HOSE  ...     0.0000    0.25    0.1035     0.9124

[9990 rows x 25 columns]
[2024-05-29T07:12:16.764+0000] {taskinstance.py:1149} INFO - Marking task as SUCCESS. dag_id=crawl_stock_data, task_id=crawl_stock_price_task, execution_date=20240528T000000, start_date=20240529T071211, end_date=20240529T071216
[2024-05-29T07:12:16.804+0000] {local_task_job_runner.py:234} INFO - Task exited with return code 0
[2024-05-29T07:12:16.827+0000] {taskinstance.py:3309} INFO - 1 downstream tasks scheduled from follow-on schedule check
